[2023-11-06 06:56:38,370][root][INFO] - Saving current code to C:\Users\GeorgeS\Documents\facultate\master\projects\Pytorch-Template\outputs\2023-11-06\06-56-38\runs\CIFAR-10/PreResNet/CyclicBS\2525
[2023-11-06 06:56:38,566][root][INFO] - Loading train_dataset!
[2023-11-06 06:57:05,544][root][INFO] - Loading val_dataset!
[2023-11-06 06:57:11,734][root][INFO] - ===> epoch: 1/300
[2023-11-06 06:57:11,734][root][INFO] - train:
[2023-11-06 06:57:57,497][root][INFO] - val:
[2023-11-06 06:58:00,893][root][INFO] - Checkpoint saved to C:\Users\GeorgeS\Documents\facultate\master\projects\data\model_weights\CIFAR-10/PreResNet/CyclicBS\2525\model_1_0.3425000011920929.pth
[2023-11-06 06:58:00,893][root][INFO] - ===> BEST Val/Accuracy PERFORMANCE: 0.34250
[2023-11-06 06:58:00,894][root][INFO] - ===> epoch: 2/300
[2023-11-06 06:58:00,895][root][INFO] - train:
[2023-11-06 06:58:46,570][root][INFO] - val:
[2023-11-06 06:58:48,030][root][INFO] - Checkpoint saved to C:\Users\GeorgeS\Documents\facultate\master\projects\data\model_weights\CIFAR-10/PreResNet/CyclicBS\2525\model_2_0.37599998712539673.pth
[2023-11-06 06:58:48,030][root][INFO] - ===> BEST Val/Accuracy PERFORMANCE: 0.37600
[2023-11-06 06:58:48,031][root][INFO] - ===> epoch: 3/300
[2023-11-06 06:58:48,031][root][INFO] - train:
[2023-11-06 06:59:34,277][root][INFO] - val:
[2023-11-06 06:59:35,748][root][INFO] - Checkpoint saved to C:\Users\GeorgeS\Documents\facultate\master\projects\data\model_weights\CIFAR-10/PreResNet/CyclicBS\2525\model_3_0.398499995470047.pth
[2023-11-06 06:59:35,749][root][INFO] - ===> BEST Val/Accuracy PERFORMANCE: 0.39850
[2023-11-06 06:59:35,749][root][INFO] - ===> epoch: 4/300
[2023-11-06 06:59:35,750][root][INFO] - train:
[2023-11-06 07:00:22,571][root][INFO] - val:
[2023-11-06 07:00:24,043][root][INFO] - Checkpoint saved to C:\Users\GeorgeS\Documents\facultate\master\projects\data\model_weights\CIFAR-10/PreResNet/CyclicBS\2525\model_4_0.41339999437332153.pth
[2023-11-06 07:00:24,044][root][INFO] - ===> BEST Val/Accuracy PERFORMANCE: 0.41340
[2023-11-06 07:00:24,045][root][INFO] - ===> epoch: 5/300
[2023-11-06 07:00:24,045][root][INFO] - train:
[2023-11-06 07:01:11,056][root][INFO] - val:
[2023-11-06 07:01:12,529][root][INFO] - Checkpoint saved to C:\Users\GeorgeS\Documents\facultate\master\projects\data\model_weights\CIFAR-10/PreResNet/CyclicBS\2525\model_5_0.4848000109195709.pth
[2023-11-06 07:01:12,530][root][INFO] - ===> BEST Val/Accuracy PERFORMANCE: 0.48480
[2023-11-06 07:01:12,531][root][INFO] - ===> epoch: 6/300
[2023-11-06 07:01:12,531][root][INFO] - train:
[2023-11-06 07:01:59,648][root][INFO] - val:
[2023-11-06 07:02:01,311][root][INFO] - Checkpoint saved to C:\Users\GeorgeS\Documents\facultate\master\projects\data\model_weights\CIFAR-10/PreResNet/CyclicBS\2525\model_6_0.5012000203132629.pth
[2023-11-06 07:02:01,312][root][INFO] - ===> BEST Val/Accuracy PERFORMANCE: 0.50120
[2023-11-06 07:02:01,312][root][INFO] - ===> epoch: 7/300
[2023-11-06 07:02:01,312][root][INFO] - train:
[2023-11-06 07:02:48,140][root][INFO] - val:
[2023-11-06 07:02:49,800][root][INFO] - Checkpoint saved to C:\Users\GeorgeS\Documents\facultate\master\projects\data\model_weights\CIFAR-10/PreResNet/CyclicBS\2525\model_7_0.550599992275238.pth
[2023-11-06 07:02:49,800][root][INFO] - ===> BEST Val/Accuracy PERFORMANCE: 0.55060
[2023-11-06 07:02:49,801][root][INFO] - ===> epoch: 8/300
[2023-11-06 07:02:49,801][root][INFO] - train:
[2023-11-06 07:03:36,162][root][INFO] - val:
[2023-11-06 07:03:37,790][root][INFO] - Checkpoint saved to C:\Users\GeorgeS\Documents\facultate\master\projects\data\model_weights\CIFAR-10/PreResNet/CyclicBS\2525\model_8_0.5612000226974487.pth
[2023-11-06 07:03:37,790][root][INFO] - ===> BEST Val/Accuracy PERFORMANCE: 0.56120
[2023-11-06 07:03:37,791][root][INFO] - ===> epoch: 9/300
[2023-11-06 07:03:37,791][root][INFO] - train:
[2023-11-06 07:04:25,375][root][INFO] - val:
[2023-11-06 07:04:26,967][root][INFO] - Checkpoint saved to C:\Users\GeorgeS\Documents\facultate\master\projects\data\model_weights\CIFAR-10/PreResNet/CyclicBS\2525\model_9_0.5756999850273132.pth
[2023-11-06 07:04:26,967][root][INFO] - ===> BEST Val/Accuracy PERFORMANCE: 0.57570
[2023-11-06 07:04:26,968][root][INFO] - ===> epoch: 10/300
[2023-11-06 07:04:26,968][root][INFO] - train:
[2023-11-06 07:05:16,808][root][INFO] - val:
[2023-11-06 07:05:18,457][root][INFO] - Checkpoint saved to C:\Users\GeorgeS\Documents\facultate\master\projects\data\model_weights\CIFAR-10/PreResNet/CyclicBS\2525\model_10_0.pth
[2023-11-06 07:05:18,457][root][INFO] - ===> epoch: 11/300
[2023-11-06 07:05:18,458][root][INFO] - train:
[2023-11-06 07:06:32,057][root][INFO] - val:
[2023-11-06 07:06:33,718][root][INFO] - Checkpoint saved to C:\Users\GeorgeS\Documents\facultate\master\projects\data\model_weights\CIFAR-10/PreResNet/CyclicBS\2525\model_11_0.6166999936103821.pth
[2023-11-06 07:06:33,718][root][INFO] - ===> BEST Val/Accuracy PERFORMANCE: 0.61670
[2023-11-06 07:06:33,719][root][INFO] - ===> epoch: 12/300
[2023-11-06 07:06:33,720][root][INFO] - train:
[2023-11-06 07:07:22,352][root][INFO] - val:
[2023-11-06 07:07:24,029][root][INFO] - Checkpoint saved to C:\Users\GeorgeS\Documents\facultate\master\projects\data\model_weights\CIFAR-10/PreResNet/CyclicBS\2525\model_12_0.6870999932289124.pth
[2023-11-06 07:07:24,029][root][INFO] - ===> BEST Val/Accuracy PERFORMANCE: 0.68710
[2023-11-06 07:07:24,030][root][INFO] - ===> epoch: 13/300
[2023-11-06 07:07:24,031][root][INFO] - train:
[2023-11-06 07:08:09,098][root][INFO] - val:
[2023-11-06 07:08:10,719][root][INFO] - Checkpoint saved to C:\Users\GeorgeS\Documents\facultate\master\projects\data\model_weights\CIFAR-10/PreResNet/CyclicBS\2525\model_13_0.7038000226020813.pth
[2023-11-06 07:08:10,720][root][INFO] - ===> BEST Val/Accuracy PERFORMANCE: 0.70380
[2023-11-06 07:08:10,720][root][INFO] - ===> epoch: 14/300
[2023-11-06 07:08:10,720][root][INFO] - train:
[2023-11-06 07:08:54,772][root][INFO] - val:
[2023-11-06 07:08:56,372][root][INFO] - Checkpoint saved to C:\Users\GeorgeS\Documents\facultate\master\projects\data\model_weights\CIFAR-10/PreResNet/CyclicBS\2525\model_14_0.7218000292778015.pth
[2023-11-06 07:08:56,373][root][INFO] - ===> BEST Val/Accuracy PERFORMANCE: 0.72180
[2023-11-06 07:08:56,374][root][INFO] - ===> epoch: 15/300
[2023-11-06 07:08:56,374][root][INFO] - train:
[2023-11-06 07:09:40,252][root][INFO] - val:
[2023-11-06 07:09:41,848][root][INFO] - Checkpoint saved to C:\Users\GeorgeS\Documents\facultate\master\projects\data\model_weights\CIFAR-10/PreResNet/CyclicBS\2525\model_15_0.7365999817848206.pth
[2023-11-06 07:09:41,849][root][INFO] - ===> BEST Val/Accuracy PERFORMANCE: 0.73660
[2023-11-06 07:09:41,850][root][INFO] - ===> epoch: 16/300
[2023-11-06 07:09:41,850][root][INFO] - train:
[2023-11-06 07:10:25,555][root][INFO] - val:
[2023-11-06 07:10:27,028][root][INFO] - Checkpoint saved to C:\Users\GeorgeS\Documents\facultate\master\projects\data\model_weights\CIFAR-10/PreResNet/CyclicBS\2525\model_16_0.7415000200271606.pth
[2023-11-06 07:10:27,029][root][INFO] - ===> BEST Val/Accuracy PERFORMANCE: 0.74150
[2023-11-06 07:10:27,029][root][INFO] - ===> epoch: 17/300
[2023-11-06 07:10:27,030][root][INFO] - train:
[2023-11-06 07:11:09,959][root][INFO] - val:
[2023-11-06 07:11:11,423][root][INFO] - ===> epoch: 18/300
[2023-11-06 07:11:11,423][root][INFO] - train:
[2023-11-06 07:11:53,245][root][INFO] - val:
[2023-11-06 07:11:55,291][root][INFO] - Checkpoint saved to C:\Users\GeorgeS\Documents\facultate\master\projects\data\model_weights\CIFAR-10/PreResNet/CyclicBS\2525\model_18_0.7447999715805054.pth
[2023-11-06 07:11:55,292][root][INFO] - ===> BEST Val/Accuracy PERFORMANCE: 0.74480
[2023-11-06 07:11:55,292][root][INFO] - ===> epoch: 19/300
[2023-11-06 07:11:55,293][root][INFO] - train:
[2023-11-06 07:12:36,364][root][INFO] - val:
[2023-11-06 07:12:37,959][root][INFO] - Checkpoint saved to C:\Users\GeorgeS\Documents\facultate\master\projects\data\model_weights\CIFAR-10/PreResNet/CyclicBS\2525\model_19_0.7494000196456909.pth
[2023-11-06 07:12:37,959][root][INFO] - ===> BEST Val/Accuracy PERFORMANCE: 0.74940
[2023-11-06 07:12:37,960][root][INFO] - ===> epoch: 20/300
[2023-11-06 07:12:37,960][root][INFO] - train:
[2023-11-06 07:13:18,281][root][INFO] - val:
[2023-11-06 07:13:19,929][root][INFO] - Checkpoint saved to C:\Users\GeorgeS\Documents\facultate\master\projects\data\model_weights\CIFAR-10/PreResNet/CyclicBS\2525\model_20_0.7549999952316284.pth
[2023-11-06 07:13:19,930][root][INFO] - ===> BEST Val/Accuracy PERFORMANCE: 0.75500
[2023-11-06 07:13:19,967][root][INFO] - Checkpoint saved to C:\Users\GeorgeS\Documents\facultate\master\projects\data\model_weights\CIFAR-10/PreResNet/CyclicBS\2525\model_20_0.pth
[2023-11-06 07:13:19,968][root][INFO] - ===> epoch: 21/300
[2023-11-06 07:13:19,969][root][INFO] - train:
[2023-11-06 07:13:59,482][root][INFO] - val:
[2023-11-06 07:14:00,971][root][INFO] - Checkpoint saved to C:\Users\GeorgeS\Documents\facultate\master\projects\data\model_weights\CIFAR-10/PreResNet/CyclicBS\2525\model_21_0.7608000040054321.pth
[2023-11-06 07:14:00,972][root][INFO] - ===> BEST Val/Accuracy PERFORMANCE: 0.76080
[2023-11-06 07:14:00,973][root][INFO] - ===> epoch: 22/300
[2023-11-06 07:14:00,973][root][INFO] - train:
[2023-11-06 07:14:47,965][root][INFO] - val:
[2023-11-06 07:14:49,527][root][INFO] - ===> epoch: 23/300
[2023-11-06 07:14:49,527][root][INFO] - train:
[2023-11-06 07:15:29,657][root][INFO] - val:
[2023-11-06 07:15:31,474][root][INFO] - Checkpoint saved to C:\Users\GeorgeS\Documents\facultate\master\projects\data\model_weights\CIFAR-10/PreResNet/CyclicBS\2525\model_23_0.7631999850273132.pth
[2023-11-06 07:15:31,475][root][INFO] - ===> BEST Val/Accuracy PERFORMANCE: 0.76320
[2023-11-06 07:15:31,476][root][INFO] - ===> epoch: 24/300
[2023-11-06 07:15:31,476][root][INFO] - train:
[2023-11-06 07:16:18,679][root][INFO] - val:
[2023-11-06 07:16:20,354][root][INFO] - Checkpoint saved to C:\Users\GeorgeS\Documents\facultate\master\projects\data\model_weights\CIFAR-10/PreResNet/CyclicBS\2525\model_24_0.7659000158309937.pth
[2023-11-06 07:16:20,354][root][INFO] - ===> BEST Val/Accuracy PERFORMANCE: 0.76590
[2023-11-06 07:16:20,355][root][INFO] - ===> epoch: 25/300
[2023-11-06 07:16:20,355][root][INFO] - train:
[2023-11-06 07:17:01,481][root][INFO] - val:
[2023-11-06 07:17:03,124][root][INFO] - ===> epoch: 26/300
[2023-11-06 07:17:03,124][root][INFO] - train:
[2023-11-06 07:17:50,979][root][INFO] - val:
[2023-11-06 07:17:52,635][root][INFO] - ===> epoch: 27/300
[2023-11-06 07:17:52,635][root][INFO] - train:
[2023-11-06 07:18:35,101][root][INFO] - val:
[2023-11-06 07:18:36,824][root][INFO] - Checkpoint saved to C:\Users\GeorgeS\Documents\facultate\master\projects\data\model_weights\CIFAR-10/PreResNet/CyclicBS\2525\model_27_0.7727000117301941.pth
[2023-11-06 07:18:36,825][root][INFO] - ===> BEST Val/Accuracy PERFORMANCE: 0.77270
[2023-11-06 07:18:36,826][root][INFO] - ===> epoch: 28/300
[2023-11-06 07:18:36,826][root][INFO] - train:
[2023-11-06 07:19:24,839][root][INFO] - val:
[2023-11-06 07:19:26,281][root][INFO] - ===> epoch: 29/300
[2023-11-06 07:19:26,282][root][INFO] - train:
[2023-11-06 07:20:08,807][root][INFO] - val:
[2023-11-06 07:20:10,286][root][INFO] - ===> epoch: 30/300
[2023-11-06 07:20:10,287][root][INFO] - train:
[2023-11-06 07:20:57,360][root][INFO] - val:
[2023-11-06 07:20:58,856][root][INFO] - Checkpoint saved to C:\Users\GeorgeS\Documents\facultate\master\projects\data\model_weights\CIFAR-10/PreResNet/CyclicBS\2525\model_30_0.pth
[2023-11-06 07:20:58,857][root][INFO] - ===> epoch: 31/300
[2023-11-06 07:20:58,857][root][INFO] - train:
[2023-11-06 07:21:42,520][root][INFO] - val:
[2023-11-06 07:21:43,968][root][INFO] - ===> epoch: 32/300
[2023-11-06 07:21:43,969][root][INFO] - train:
[2023-11-06 07:22:26,681][root][INFO] - val:
[2023-11-06 07:22:28,254][root][INFO] - ===> epoch: 33/300
[2023-11-06 07:22:28,254][root][INFO] - train:
[2023-11-06 07:23:11,108][root][INFO] - val:
[2023-11-06 07:23:12,559][root][INFO] - ===> epoch: 34/300
[2023-11-06 07:23:12,560][root][INFO] - train:
[2023-11-06 07:23:55,190][root][INFO] - val:
[2023-11-06 07:23:56,910][root][INFO] - Checkpoint saved to C:\Users\GeorgeS\Documents\facultate\master\projects\data\model_weights\CIFAR-10/PreResNet/CyclicBS\2525\model_34_0.7824000120162964.pth
[2023-11-06 07:23:56,911][root][INFO] - ===> BEST Val/Accuracy PERFORMANCE: 0.78240
[2023-11-06 07:23:56,911][root][INFO] - ===> epoch: 35/300
[2023-11-06 07:23:56,912][root][INFO] - train:
[2023-11-06 07:24:39,190][root][INFO] - val:
[2023-11-06 07:24:41,209][root][INFO] - Checkpoint saved to C:\Users\GeorgeS\Documents\facultate\master\projects\data\model_weights\CIFAR-10/PreResNet/CyclicBS\2525\model_35_0.7871000170707703.pth
[2023-11-06 07:24:41,210][root][INFO] - ===> BEST Val/Accuracy PERFORMANCE: 0.78710
[2023-11-06 07:24:41,210][root][INFO] - ===> epoch: 36/300
[2023-11-06 07:24:41,211][root][INFO] - train:
[2023-11-06 07:25:23,051][root][INFO] - val:
[2023-11-06 07:25:24,550][root][INFO] - Checkpoint saved to C:\Users\GeorgeS\Documents\facultate\master\projects\data\model_weights\CIFAR-10/PreResNet/CyclicBS\2525\model_36_0.7972999811172485.pth
[2023-11-06 07:25:24,551][root][INFO] - ===> BEST Val/Accuracy PERFORMANCE: 0.79730
[2023-11-06 07:25:24,551][root][INFO] - ===> epoch: 37/300
[2023-11-06 07:25:24,552][root][INFO] - train:
[2023-11-06 07:26:05,915][root][INFO] - val:
[2023-11-06 07:26:07,541][root][INFO] - Checkpoint saved to C:\Users\GeorgeS\Documents\facultate\master\projects\data\model_weights\CIFAR-10/PreResNet/CyclicBS\2525\model_37_0.8014000058174133.pth
[2023-11-06 07:26:07,542][root][INFO] - ===> BEST Val/Accuracy PERFORMANCE: 0.80140
[2023-11-06 07:26:07,542][root][INFO] - ===> epoch: 38/300
[2023-11-06 07:26:07,543][root][INFO] - train:
[2023-11-06 07:26:48,731][root][INFO] - val:
[2023-11-06 07:26:50,185][root][INFO] - ===> epoch: 39/300
[2023-11-06 07:26:50,185][root][INFO] - train:
[2023-11-06 07:27:30,808][root][INFO] - val:
[2023-11-06 07:27:32,250][root][INFO] - ===> epoch: 40/300
[2023-11-06 07:27:32,250][root][INFO] - train:
[2023-11-06 07:28:12,282][root][INFO] - val:
[2023-11-06 07:28:14,097][root][INFO] - Checkpoint saved to C:\Users\GeorgeS\Documents\facultate\master\projects\data\model_weights\CIFAR-10/PreResNet/CyclicBS\2525\model_40_0.pth
[2023-11-06 07:28:14,098][root][INFO] - ===> epoch: 41/300
[2023-11-06 07:28:14,098][root][INFO] - train:
[2023-11-06 07:28:53,367][root][INFO] - val:
[2023-11-06 07:28:54,858][root][INFO] - Checkpoint saved to C:\Users\GeorgeS\Documents\facultate\master\projects\data\model_weights\CIFAR-10/PreResNet/CyclicBS\2525\model_41_0.8032000064849854.pth
[2023-11-06 07:28:54,859][root][INFO] - ===> BEST Val/Accuracy PERFORMANCE: 0.80320
[2023-11-06 07:28:54,860][root][INFO] - ===> epoch: 42/300
[2023-11-06 07:28:54,860][root][INFO] - train:
[2023-11-06 07:29:41,631][root][INFO] - val:
[2023-11-06 07:29:43,078][root][INFO] - ===> epoch: 43/300
[2023-11-06 07:29:43,078][root][INFO] - train:
[2023-11-06 07:30:23,040][root][INFO] - val:
[2023-11-06 07:30:24,692][root][INFO] - ===> epoch: 44/300
[2023-11-06 07:30:24,692][root][INFO] - train:
[2023-11-06 07:31:11,730][root][INFO] - val:
[2023-11-06 07:31:13,361][root][INFO] - ===> epoch: 45/300
[2023-11-06 07:31:13,362][root][INFO] - train:
[2023-11-06 07:31:53,767][root][INFO] - val:
[2023-11-06 07:31:55,374][root][INFO] - Checkpoint saved to C:\Users\GeorgeS\Documents\facultate\master\projects\data\model_weights\CIFAR-10/PreResNet/CyclicBS\2525\model_45_0.8105999827384949.pth
[2023-11-06 07:31:55,374][root][INFO] - ===> BEST Val/Accuracy PERFORMANCE: 0.81060
[2023-11-06 07:31:55,375][root][INFO] - ===> epoch: 46/300
[2023-11-06 07:31:55,376][root][INFO] - train:
[2023-11-06 07:32:42,216][root][INFO] - val:
[2023-11-06 07:32:44,196][root][INFO] - Checkpoint saved to C:\Users\GeorgeS\Documents\facultate\master\projects\data\model_weights\CIFAR-10/PreResNet/CyclicBS\2525\model_46_0.8123000264167786.pth
[2023-11-06 07:32:44,196][root][INFO] - ===> BEST Val/Accuracy PERFORMANCE: 0.81230
[2023-11-06 07:32:44,197][root][INFO] - ===> epoch: 47/300
[2023-11-06 07:32:44,198][root][INFO] - train:
[2023-11-06 07:33:24,947][root][INFO] - val:
[2023-11-06 07:33:26,625][root][INFO] - ===> epoch: 48/300
[2023-11-06 07:33:26,626][root][INFO] - train:
[2023-11-06 07:34:13,956][root][INFO] - val:
[2023-11-06 07:34:15,402][root][INFO] - ===> epoch: 49/300
[2023-11-06 07:34:15,402][root][INFO] - train:
[2023-11-06 07:34:56,798][root][INFO] - val:
[2023-11-06 07:34:58,252][root][INFO] - ===> epoch: 50/300
[2023-11-06 07:34:58,252][root][INFO] - train:
[2023-11-06 07:35:45,970][root][INFO] - val:
[2023-11-06 07:35:47,451][root][INFO] - Checkpoint saved to C:\Users\GeorgeS\Documents\facultate\master\projects\data\model_weights\CIFAR-10/PreResNet/CyclicBS\2525\model_50_0.pth
[2023-11-06 07:35:47,452][root][INFO] - ===> epoch: 51/300
[2023-11-06 07:35:47,452][root][INFO] - train:
[2023-11-06 07:36:29,239][root][INFO] - val:
[2023-11-06 07:36:30,915][root][INFO] - ===> epoch: 52/300
[2023-11-06 07:36:30,915][root][INFO] - train:
[2023-11-06 07:37:12,824][root][INFO] - val:
[2023-11-06 07:37:14,276][root][INFO] - ===> epoch: 53/300
[2023-11-06 07:37:14,276][root][INFO] - train:
[2023-11-06 07:37:55,499][root][INFO] - val:
[2023-11-06 07:37:57,081][root][INFO] - Checkpoint saved to C:\Users\GeorgeS\Documents\facultate\master\projects\data\model_weights\CIFAR-10/PreResNet/CyclicBS\2525\model_53_0.8137000203132629.pth
[2023-11-06 07:37:57,081][root][INFO] - ===> BEST Val/Accuracy PERFORMANCE: 0.81370
[2023-11-06 07:37:57,082][root][INFO] - ===> epoch: 54/300
[2023-11-06 07:37:57,082][root][INFO] - train:
[2023-11-06 07:38:38,316][root][INFO] - val:
[2023-11-06 07:38:39,776][root][INFO] - ===> epoch: 55/300
[2023-11-06 07:38:39,776][root][INFO] - train:
[2023-11-06 07:39:20,670][root][INFO] - val:
[2023-11-06 07:39:22,686][root][INFO] - ===> epoch: 56/300
[2023-11-06 07:39:22,687][root][INFO] - train:
[2023-11-06 07:40:03,149][root][INFO] - val:
[2023-11-06 07:40:04,636][root][INFO] - Checkpoint saved to C:\Users\GeorgeS\Documents\facultate\master\projects\data\model_weights\CIFAR-10/PreResNet/CyclicBS\2525\model_56_0.8219000101089478.pth
[2023-11-06 07:40:04,636][root][INFO] - ===> BEST Val/Accuracy PERFORMANCE: 0.82190
[2023-11-06 07:40:04,637][root][INFO] - ===> epoch: 57/300
[2023-11-06 07:40:04,637][root][INFO] - train:
[2023-11-06 07:40:45,189][root][INFO] - val:
[2023-11-06 07:40:46,779][root][INFO] - ===> epoch: 58/300
[2023-11-06 07:40:46,779][root][INFO] - train:
[2023-11-06 07:41:26,918][root][INFO] - val:
[2023-11-06 07:41:28,388][root][INFO] - ===> epoch: 59/300
[2023-11-06 07:41:28,389][root][INFO] - train:
[2023-11-06 07:42:08,312][root][INFO] - val:
[2023-11-06 07:42:09,909][root][INFO] - ===> epoch: 60/300
[2023-11-06 07:42:09,909][root][INFO] - train:
[2023-11-06 07:42:49,831][root][INFO] - val:
[2023-11-06 07:42:51,573][root][INFO] - Checkpoint saved to C:\Users\GeorgeS\Documents\facultate\master\projects\data\model_weights\CIFAR-10/PreResNet/CyclicBS\2525\model_60_0.8288999795913696.pth
[2023-11-06 07:42:51,573][root][INFO] - ===> BEST Val/Accuracy PERFORMANCE: 0.82890
[2023-11-06 07:42:51,607][root][INFO] - Checkpoint saved to C:\Users\GeorgeS\Documents\facultate\master\projects\data\model_weights\CIFAR-10/PreResNet/CyclicBS\2525\model_60_0.pth
[2023-11-06 07:42:51,608][root][INFO] - ===> epoch: 61/300
[2023-11-06 07:42:51,608][root][INFO] - train:
[2023-11-06 07:43:40,789][root][INFO] - val:
[2023-11-06 07:43:42,240][root][INFO] - ===> epoch: 62/300
[2023-11-06 07:43:42,240][root][INFO] - train:
[2023-11-06 07:44:28,938][root][INFO] - val:
[2023-11-06 07:44:30,744][root][INFO] - ===> epoch: 63/300
[2023-11-06 07:44:30,744][root][INFO] - train:
[2023-11-06 07:45:10,266][root][INFO] - val:
[2023-11-06 07:45:11,995][root][INFO] - ===> epoch: 64/300
[2023-11-06 07:45:11,995][root][INFO] - train:
[2023-11-06 07:45:58,655][root][INFO] - val:
[2023-11-06 07:46:00,702][root][INFO] - ===> epoch: 65/300
[2023-11-06 07:46:00,702][root][INFO] - train:
[2023-11-06 07:46:40,252][root][INFO] - val:
[2023-11-06 07:46:42,071][root][INFO] - ===> epoch: 66/300
[2023-11-06 07:46:42,071][root][INFO] - train:
[2023-11-06 07:47:28,860][root][INFO] - val:
[2023-11-06 07:47:30,846][root][INFO] - ===> epoch: 67/300
[2023-11-06 07:47:30,846][root][INFO] - train:
[2023-11-06 07:48:10,707][root][INFO] - val:
[2023-11-06 07:48:12,170][root][INFO] - ===> epoch: 68/300
[2023-11-06 07:48:12,170][root][INFO] - train:
[2023-11-06 07:48:59,207][root][INFO] - val:
[2023-11-06 07:49:00,661][root][INFO] - ===> epoch: 69/300
[2023-11-06 07:49:00,662][root][INFO] - train:
[2023-11-06 07:49:40,886][root][INFO] - val:
[2023-11-06 07:49:42,395][root][INFO] - Checkpoint saved to C:\Users\GeorgeS\Documents\facultate\master\projects\data\model_weights\CIFAR-10/PreResNet/CyclicBS\2525\model_69_0.8292999863624573.pth
[2023-11-06 07:49:42,396][root][INFO] - ===> BEST Val/Accuracy PERFORMANCE: 0.82930
[2023-11-06 07:49:42,397][root][INFO] - ===> epoch: 70/300
[2023-11-06 07:49:42,397][root][INFO] - train:
[2023-11-06 07:50:29,796][root][INFO] - val:
[2023-11-06 07:50:31,330][root][INFO] - Checkpoint saved to C:\Users\GeorgeS\Documents\facultate\master\projects\data\model_weights\CIFAR-10/PreResNet/CyclicBS\2525\model_70_0.pth
[2023-11-06 07:50:31,331][root][INFO] - ===> epoch: 71/300
[2023-11-06 07:50:31,332][root][INFO] - train:
[2023-11-06 07:51:11,743][root][INFO] - val:
[2023-11-06 07:51:13,191][root][INFO] - ===> epoch: 72/300
[2023-11-06 07:51:13,191][root][INFO] - train:
[2023-11-06 07:51:53,610][root][INFO] - val:
[2023-11-06 07:51:55,213][root][INFO] - ===> epoch: 73/300
[2023-11-06 07:51:55,213][root][INFO] - train:
[2023-11-06 07:52:35,535][root][INFO] - val:
[2023-11-06 07:52:37,177][root][INFO] - ===> epoch: 74/300
[2023-11-06 07:52:37,177][root][INFO] - train:
[2023-11-06 07:53:17,512][root][INFO] - val:
[2023-11-06 07:53:19,162][root][INFO] - ===> epoch: 75/300
[2023-11-06 07:53:19,162][root][INFO] - train:
[2023-11-06 07:53:58,918][root][INFO] - val:
[2023-11-06 07:54:00,725][root][INFO] - ===> epoch: 76/300
[2023-11-06 07:54:00,725][root][INFO] - train:
[2023-11-06 07:54:40,323][root][INFO] - val:
[2023-11-06 07:54:41,833][root][INFO] - Checkpoint saved to C:\Users\GeorgeS\Documents\facultate\master\projects\data\model_weights\CIFAR-10/PreResNet/CyclicBS\2525\model_76_0.8300999999046326.pth
[2023-11-06 07:54:41,834][root][INFO] - ===> BEST Val/Accuracy PERFORMANCE: 0.83010
[2023-11-06 07:54:41,835][root][INFO] - ===> epoch: 77/300
[2023-11-06 07:54:41,835][root][INFO] - train:
[2023-11-06 07:55:21,870][root][INFO] - val:
[2023-11-06 07:55:23,336][root][INFO] - ===> epoch: 78/300
[2023-11-06 07:55:23,336][root][INFO] - train:
[2023-11-06 07:56:03,050][root][INFO] - val:
[2023-11-06 07:56:04,759][root][INFO] - Checkpoint saved to C:\Users\GeorgeS\Documents\facultate\master\projects\data\model_weights\CIFAR-10/PreResNet/CyclicBS\2525\model_78_0.8337000012397766.pth
[2023-11-06 07:56:04,760][root][INFO] - ===> BEST Val/Accuracy PERFORMANCE: 0.83370
[2023-11-06 07:56:04,761][root][INFO] - ===> epoch: 79/300
[2023-11-06 07:56:04,761][root][INFO] - train:
[2023-11-06 07:56:44,608][root][INFO] - val:
[2023-11-06 07:56:46,197][root][INFO] - ===> epoch: 80/300
[2023-11-06 07:56:46,197][root][INFO] - train:
[2023-11-06 07:57:35,506][root][INFO] - val:
[2023-11-06 07:57:37,227][root][INFO] - Checkpoint saved to C:\Users\GeorgeS\Documents\facultate\master\projects\data\model_weights\CIFAR-10/PreResNet/CyclicBS\2525\model_80_0.pth
[2023-11-06 07:57:37,228][root][INFO] - ===> epoch: 81/300
[2023-11-06 07:57:37,229][root][INFO] - train:
[2023-11-06 07:58:26,666][root][INFO] - val:
[2023-11-06 07:58:28,590][root][INFO] - ===> epoch: 82/300
[2023-11-06 07:58:28,590][root][INFO] - train:
[2023-11-06 07:59:15,274][root][INFO] - val:
[2023-11-06 07:59:16,953][root][INFO] - ===> epoch: 83/300
[2023-11-06 07:59:16,954][root][INFO] - train:
[2023-11-06 07:59:56,136][root][INFO] - val:
[2023-11-06 07:59:57,839][root][INFO] - Checkpoint saved to C:\Users\GeorgeS\Documents\facultate\master\projects\data\model_weights\CIFAR-10/PreResNet/CyclicBS\2525\model_83_0.8421000242233276.pth
[2023-11-06 07:59:57,840][root][INFO] - ===> BEST Val/Accuracy PERFORMANCE: 0.84210
[2023-11-06 07:59:57,841][root][INFO] - ===> epoch: 84/300
[2023-11-06 07:59:57,841][root][INFO] - train:
[2023-11-06 08:00:44,603][root][INFO] - val:
[2023-11-06 08:00:46,057][root][INFO] - ===> epoch: 85/300
[2023-11-06 08:00:46,057][root][INFO] - train:
[2023-11-06 08:01:25,695][root][INFO] - val:
[2023-11-06 08:01:27,327][root][INFO] - ===> epoch: 86/300
[2023-11-06 08:01:27,327][root][INFO] - train:
[2023-11-06 08:02:14,196][root][INFO] - val:
[2023-11-06 08:02:15,805][root][INFO] - ===> epoch: 87/300
[2023-11-06 08:02:15,806][root][INFO] - train:
[2023-11-06 08:02:55,583][root][INFO] - val:
[2023-11-06 08:02:57,131][root][INFO] - ===> epoch: 88/300
[2023-11-06 08:02:57,132][root][INFO] - train:
[2023-11-06 08:03:44,012][root][INFO] - val:
[2023-11-06 08:03:45,629][root][INFO] - ===> epoch: 89/300
[2023-11-06 08:03:45,630][root][INFO] - train:
[2023-11-06 08:04:25,409][root][INFO] - val:
[2023-11-06 08:04:27,080][root][INFO] - ===> epoch: 90/300
[2023-11-06 08:04:27,080][root][INFO] - train:
[2023-11-06 08:05:14,198][root][INFO] - val:
[2023-11-06 08:05:15,691][root][INFO] - Checkpoint saved to C:\Users\GeorgeS\Documents\facultate\master\projects\data\model_weights\CIFAR-10/PreResNet/CyclicBS\2525\model_90_0.pth
[2023-11-06 08:05:15,692][root][INFO] - ===> epoch: 91/300
[2023-11-06 08:05:15,692][root][INFO] - train:
[2023-11-06 08:05:55,338][root][INFO] - val:
[2023-11-06 08:05:56,794][root][INFO] - ===> epoch: 92/300
[2023-11-06 08:05:56,795][root][INFO] - train:
[2023-11-06 08:06:36,782][root][INFO] - val:
[2023-11-06 08:06:38,375][root][INFO] - ===> epoch: 93/300
[2023-11-06 08:06:38,376][root][INFO] - train:
[2023-11-06 08:07:18,277][root][INFO] - val:
[2023-11-06 08:07:19,735][root][INFO] - ===> epoch: 94/300
[2023-11-06 08:07:19,736][root][INFO] - train:
[2023-11-06 08:07:59,531][root][INFO] - val:
[2023-11-06 08:08:00,995][root][INFO] - ===> epoch: 95/300
[2023-11-06 08:08:00,995][root][INFO] - train:
[2023-11-06 08:08:40,662][root][INFO] - val:
[2023-11-06 08:08:42,293][root][INFO] - ===> epoch: 96/300
[2023-11-06 08:08:42,293][root][INFO] - train:
[2023-11-06 08:09:21,911][root][INFO] - val:
[2023-11-06 08:09:23,587][root][INFO] - ===> epoch: 97/300
[2023-11-06 08:09:23,587][root][INFO] - train:
[2023-11-06 08:10:03,176][root][INFO] - val:
[2023-11-06 08:10:04,726][root][INFO] - ===> epoch: 98/300
[2023-11-06 08:10:04,726][root][INFO] - train:
[2023-11-06 08:10:44,293][root][INFO] - val:
[2023-11-06 08:10:45,998][root][INFO] - ===> epoch: 99/300
[2023-11-06 08:10:45,998][root][INFO] - train:
[2023-11-06 08:11:25,518][root][INFO] - val:
[2023-11-06 08:11:27,404][root][INFO] - ===> epoch: 100/300
[2023-11-06 08:11:27,404][root][INFO] - train:
[2023-11-06 08:12:12,750][root][INFO] - val:
[2023-11-06 08:12:14,585][root][INFO] - Checkpoint saved to C:\Users\GeorgeS\Documents\facultate\master\projects\data\model_weights\CIFAR-10/PreResNet/CyclicBS\2525\model_100_0.pth
[2023-11-06 08:12:14,586][root][INFO] - ===> epoch: 101/300
[2023-11-06 08:12:14,586][root][INFO] - train:
[2023-11-06 08:13:03,303][root][INFO] - val:
[2023-11-06 08:13:05,030][root][INFO] - Checkpoint saved to C:\Users\GeorgeS\Documents\facultate\master\projects\data\model_weights\CIFAR-10/PreResNet/CyclicBS\2525\model_101_0.8446000218391418.pth
[2023-11-06 08:13:05,030][root][INFO] - ===> BEST Val/Accuracy PERFORMANCE: 0.84460
[2023-11-06 08:13:05,031][root][INFO] - ===> epoch: 102/300
[2023-11-06 08:13:05,031][root][INFO] - train:
[2023-11-06 08:13:51,818][root][INFO] - val:
[2023-11-06 08:13:53,279][root][INFO] - ===> epoch: 103/300
[2023-11-06 08:13:53,279][root][INFO] - train:
[2023-11-06 08:14:32,753][root][INFO] - val:
[2023-11-06 08:14:34,212][root][INFO] - ===> epoch: 104/300
[2023-11-06 08:14:34,212][root][INFO] - train:
[2023-11-06 08:15:21,241][root][INFO] - val:
[2023-11-06 08:15:22,814][root][INFO] - ===> epoch: 105/300
[2023-11-06 08:15:22,815][root][INFO] - train:
[2023-11-06 08:16:02,299][root][INFO] - val:
[2023-11-06 08:16:03,961][root][INFO] - ===> epoch: 106/300
[2023-11-06 08:16:03,961][root][INFO] - train:
[2023-11-06 08:16:51,077][root][INFO] - val:
[2023-11-06 08:16:52,637][root][INFO] - ===> epoch: 107/300
[2023-11-06 08:16:52,637][root][INFO] - train:
[2023-11-06 08:17:31,962][root][INFO] - val:
[2023-11-06 08:17:33,701][root][INFO] - ===> epoch: 108/300
[2023-11-06 08:17:33,702][root][INFO] - train:
[2023-11-06 08:18:20,124][root][INFO] - val:
[2023-11-06 08:18:21,944][root][INFO] - ===> epoch: 109/300
[2023-11-06 08:18:21,945][root][INFO] - train:
[2023-11-06 08:19:01,351][root][INFO] - val:
[2023-11-06 08:19:03,005][root][INFO] - ===> epoch: 110/300
[2023-11-06 08:19:03,005][root][INFO] - train:
[2023-11-06 08:19:49,852][root][INFO] - val:
[2023-11-06 08:19:51,560][root][INFO] - Checkpoint saved to C:\Users\GeorgeS\Documents\facultate\master\projects\data\model_weights\CIFAR-10/PreResNet/CyclicBS\2525\model_110_0.pth
[2023-11-06 08:19:51,560][root][INFO] - ===> epoch: 111/300
[2023-11-06 08:19:51,561][root][INFO] - train:
[2023-11-06 08:20:30,853][root][INFO] - val:
[2023-11-06 08:20:32,338][root][INFO] - Checkpoint saved to C:\Users\GeorgeS\Documents\facultate\master\projects\data\model_weights\CIFAR-10/PreResNet/CyclicBS\2525\model_111_0.8457000255584717.pth
[2023-11-06 08:20:32,339][root][INFO] - ===> BEST Val/Accuracy PERFORMANCE: 0.84570
[2023-11-06 08:20:32,339][root][INFO] - ===> epoch: 112/300
[2023-11-06 08:20:32,340][root][INFO] - train:
[2023-11-06 08:21:11,849][root][INFO] - val:
[2023-11-06 08:21:13,508][root][INFO] - ===> epoch: 113/300
[2023-11-06 08:21:13,509][root][INFO] - train:
[2023-11-06 08:21:53,166][root][INFO] - val:
[2023-11-06 08:21:54,817][root][INFO] - ===> epoch: 114/300
[2023-11-06 08:21:54,818][root][INFO] - train:
[2023-11-06 08:22:34,278][root][INFO] - val:
[2023-11-06 08:22:35,939][root][INFO] - ===> epoch: 115/300
[2023-11-06 08:22:35,940][root][INFO] - train:
[2023-11-06 08:23:15,761][root][INFO] - val:
[2023-11-06 08:23:17,422][root][INFO] - ===> epoch: 116/300
[2023-11-06 08:23:17,422][root][INFO] - train:
[2023-11-06 08:23:56,887][root][INFO] - val:
[2023-11-06 08:23:58,339][root][INFO] - ===> epoch: 117/300
[2023-11-06 08:23:58,340][root][INFO] - train:
[2023-11-06 08:24:37,856][root][INFO] - val:
[2023-11-06 08:24:39,526][root][INFO] - ===> epoch: 118/300
[2023-11-06 08:24:39,527][root][INFO] - train:
[2023-11-06 08:25:18,587][root][INFO] - val:
[2023-11-06 08:25:20,356][root][INFO] - ===> epoch: 119/300
[2023-11-06 08:25:20,356][root][INFO] - train:
[2023-11-06 08:25:59,639][root][INFO] - val:
[2023-11-06 08:26:01,556][root][INFO] - Checkpoint saved to C:\Users\GeorgeS\Documents\facultate\master\projects\data\model_weights\CIFAR-10/PreResNet/CyclicBS\2525\model_119_0.8460000157356262.pth
[2023-11-06 08:26:01,556][root][INFO] - ===> BEST Val/Accuracy PERFORMANCE: 0.84600
[2023-11-06 08:26:01,557][root][INFO] - ===> epoch: 120/300
[2023-11-06 08:26:01,557][root][INFO] - train:
[2023-11-06 08:26:40,725][root][INFO] - val:
[2023-11-06 08:26:42,316][root][INFO] - Checkpoint saved to C:\Users\GeorgeS\Documents\facultate\master\projects\data\model_weights\CIFAR-10/PreResNet/CyclicBS\2525\model_120_0.8485999703407288.pth
[2023-11-06 08:26:42,316][root][INFO] - ===> BEST Val/Accuracy PERFORMANCE: 0.84860
[2023-11-06 08:26:42,359][root][INFO] - Checkpoint saved to C:\Users\GeorgeS\Documents\facultate\master\projects\data\model_weights\CIFAR-10/PreResNet/CyclicBS\2525\model_120_0.pth
[2023-11-06 08:26:42,360][root][INFO] - ===> epoch: 121/300
[2023-11-06 08:26:42,360][root][INFO] - train:
[2023-11-06 08:27:21,948][root][INFO] - val:
[2023-11-06 08:27:23,395][root][INFO] - ===> epoch: 122/300
[2023-11-06 08:27:23,396][root][INFO] - train:
[2023-11-06 08:28:02,890][root][INFO] - val:
[2023-11-06 08:28:04,538][root][INFO] - ===> epoch: 123/300
[2023-11-06 08:28:04,538][root][INFO] - train:
[2023-11-06 08:28:43,958][root][INFO] - val:
[2023-11-06 08:28:45,525][root][INFO] - ===> epoch: 124/300
[2023-11-06 08:28:45,525][root][INFO] - train:
[2023-11-06 08:29:25,119][root][INFO] - val:
[2023-11-06 08:29:26,575][root][INFO] - ===> epoch: 125/300
[2023-11-06 08:29:26,575][root][INFO] - train:
[2023-11-06 08:30:06,080][root][INFO] - val:
[2023-11-06 08:30:07,535][root][INFO] - ===> epoch: 126/300
[2023-11-06 08:30:07,536][root][INFO] - train:
[2023-11-06 08:30:47,037][root][INFO] - val:
[2023-11-06 08:30:48,947][root][INFO] - ===> epoch: 127/300
[2023-11-06 08:30:48,947][root][INFO] - train:
[2023-11-06 08:31:28,204][root][INFO] - val:
[2023-11-06 08:31:30,244][root][INFO] - ===> epoch: 128/300
[2023-11-06 08:31:30,244][root][INFO] - train:
[2023-11-06 08:32:09,619][root][INFO] - val:
[2023-11-06 08:32:11,465][root][INFO] - Checkpoint saved to C:\Users\GeorgeS\Documents\facultate\master\projects\data\model_weights\CIFAR-10/PreResNet/CyclicBS\2525\model_128_0.8489999771118164.pth
[2023-11-06 08:32:11,466][root][INFO] - ===> BEST Val/Accuracy PERFORMANCE: 0.84900
[2023-11-06 08:32:11,466][root][INFO] - ===> epoch: 129/300
[2023-11-06 08:32:11,467][root][INFO] - train:
[2023-11-06 08:32:50,975][root][INFO] - val:
[2023-11-06 08:32:52,664][root][INFO] - ===> epoch: 130/300
[2023-11-06 08:32:52,665][root][INFO] - train:
[2023-11-06 08:33:32,393][root][INFO] - val:
[2023-11-06 08:33:34,024][root][INFO] - Checkpoint saved to C:\Users\GeorgeS\Documents\facultate\master\projects\data\model_weights\CIFAR-10/PreResNet/CyclicBS\2525\model_130_0.pth
[2023-11-06 08:33:34,024][root][INFO] - ===> epoch: 131/300
[2023-11-06 08:33:34,025][root][INFO] - train:
[2023-11-06 08:34:13,606][root][INFO] - val:
[2023-11-06 08:34:15,059][root][INFO] - ===> epoch: 132/300
[2023-11-06 08:34:15,060][root][INFO] - train:
[2023-11-06 08:34:54,479][root][INFO] - val:
[2023-11-06 08:34:55,971][root][INFO] - Checkpoint saved to C:\Users\GeorgeS\Documents\facultate\master\projects\data\model_weights\CIFAR-10/PreResNet/CyclicBS\2525\model_132_0.8511999845504761.pth
[2023-11-06 08:34:55,972][root][INFO] - ===> BEST Val/Accuracy PERFORMANCE: 0.85120
[2023-11-06 08:34:55,973][root][INFO] - ===> epoch: 133/300
[2023-11-06 08:34:55,973][root][INFO] - train:
[2023-11-06 08:35:35,684][root][INFO] - val:
[2023-11-06 08:35:37,226][root][INFO] - ===> epoch: 134/300
[2023-11-06 08:35:37,226][root][INFO] - train:
[2023-11-06 08:36:16,799][root][INFO] - val:
[2023-11-06 08:36:18,310][root][INFO] - ===> epoch: 135/300
[2023-11-06 08:36:18,310][root][INFO] - train:
[2023-11-06 08:36:57,717][root][INFO] - val:
[2023-11-06 08:36:59,334][root][INFO] - ===> epoch: 136/300
[2023-11-06 08:36:59,335][root][INFO] - train:
[2023-11-06 08:37:38,411][root][INFO] - val:
[2023-11-06 08:37:40,149][root][INFO] - ===> epoch: 137/300
[2023-11-06 08:37:40,150][root][INFO] - train:
[2023-11-06 08:38:19,429][root][INFO] - val:
[2023-11-06 08:38:21,403][root][INFO] - ===> epoch: 138/300
[2023-11-06 08:38:21,403][root][INFO] - train:
[2023-11-06 08:39:00,587][root][INFO] - val:
[2023-11-06 08:39:02,305][root][INFO] - Checkpoint saved to C:\Users\GeorgeS\Documents\facultate\master\projects\data\model_weights\CIFAR-10/PreResNet/CyclicBS\2525\model_138_0.8513000011444092.pth
[2023-11-06 08:39:02,305][root][INFO] - ===> BEST Val/Accuracy PERFORMANCE: 0.85130
[2023-11-06 08:39:02,306][root][INFO] - ===> epoch: 139/300
[2023-11-06 08:39:02,307][root][INFO] - train:
[2023-11-06 08:39:41,654][root][INFO] - val:
[2023-11-06 08:39:43,269][root][INFO] - ===> epoch: 140/300
[2023-11-06 08:39:43,270][root][INFO] - train:
[2023-11-06 08:40:22,755][root][INFO] - val:
[2023-11-06 08:40:24,256][root][INFO] - Checkpoint saved to C:\Users\GeorgeS\Documents\facultate\master\projects\data\model_weights\CIFAR-10/PreResNet/CyclicBS\2525\model_140_0.pth
[2023-11-06 08:40:24,257][root][INFO] - ===> epoch: 141/300
[2023-11-06 08:40:24,258][root][INFO] - train:
[2023-11-06 08:41:03,851][root][INFO] - val:
[2023-11-06 08:41:05,531][root][INFO] - ===> epoch: 142/300
[2023-11-06 08:41:05,531][root][INFO] - train:
[2023-11-06 08:41:45,063][root][INFO] - val:
[2023-11-06 08:41:46,676][root][INFO] - ===> epoch: 143/300
[2023-11-06 08:41:46,677][root][INFO] - train:
[2023-11-06 08:42:26,230][root][INFO] - val:
[2023-11-06 08:42:27,810][root][INFO] - ===> epoch: 144/300
[2023-11-06 08:42:27,811][root][INFO] - train:
[2023-11-06 08:43:07,110][root][INFO] - val:
[2023-11-06 08:43:08,556][root][INFO] - ===> epoch: 145/300
[2023-11-06 08:43:08,557][root][INFO] - train:
[2023-11-06 08:43:48,058][root][INFO] - val:
[2023-11-06 08:43:49,510][root][INFO] - ===> epoch: 146/300
[2023-11-06 08:43:49,511][root][INFO] - train:
[2023-11-06 08:44:29,050][root][INFO] - val:
[2023-11-06 08:44:30,710][root][INFO] - ===> epoch: 147/300
[2023-11-06 08:44:30,710][root][INFO] - train:
[2023-11-06 08:45:10,555][root][INFO] - val:
[2023-11-06 08:45:12,182][root][INFO] - ===> epoch: 148/300
[2023-11-06 08:45:12,182][root][INFO] - train:
[2023-11-06 08:45:51,932][root][INFO] - val:
[2023-11-06 08:45:53,538][root][INFO] - Checkpoint saved to C:\Users\GeorgeS\Documents\facultate\master\projects\data\model_weights\CIFAR-10/PreResNet/CyclicBS\2525\model_148_0.8578000068664551.pth
[2023-11-06 08:45:53,539][root][INFO] - ===> BEST Val/Accuracy PERFORMANCE: 0.85780
[2023-11-06 08:45:53,539][root][INFO] - ===> epoch: 149/300
[2023-11-06 08:45:53,540][root][INFO] - train:
[2023-11-06 08:46:33,269][root][INFO] - val:
[2023-11-06 08:46:34,831][root][INFO] - ===> epoch: 150/300
[2023-11-06 08:46:34,831][root][INFO] - train:
[2023-11-06 08:47:14,280][root][INFO] - val:
[2023-11-06 08:47:15,977][root][INFO] - Checkpoint saved to C:\Users\GeorgeS\Documents\facultate\master\projects\data\model_weights\CIFAR-10/PreResNet/CyclicBS\2525\model_150_0.pth
[2023-11-06 08:47:15,978][root][INFO] - ===> epoch: 151/300
[2023-11-06 08:47:15,979][root][INFO] - train:
[2023-11-06 08:47:55,448][root][INFO] - val:
[2023-11-06 08:47:57,082][root][INFO] - ===> epoch: 152/300
[2023-11-06 08:47:57,083][root][INFO] - train:
[2023-11-06 08:48:36,718][root][INFO] - val:
[2023-11-06 08:48:38,393][root][INFO] - ===> epoch: 153/300
[2023-11-06 08:48:38,393][root][INFO] - train:
[2023-11-06 08:49:18,090][root][INFO] - val:
[2023-11-06 08:49:19,697][root][INFO] - ===> epoch: 154/300
[2023-11-06 08:49:19,697][root][INFO] - train:
[2023-11-06 08:49:59,112][root][INFO] - val:
[2023-11-06 08:50:00,695][root][INFO] - ===> epoch: 155/300
[2023-11-06 08:50:00,696][root][INFO] - train:
[2023-11-06 08:50:40,118][root][INFO] - val:
[2023-11-06 08:50:41,577][root][INFO] - ===> epoch: 156/300
[2023-11-06 08:50:41,577][root][INFO] - train:
[2023-11-06 08:51:20,593][root][INFO] - val:
[2023-11-06 08:51:22,264][root][INFO] - ===> epoch: 157/300
[2023-11-06 08:51:22,264][root][INFO] - train:
[2023-11-06 08:52:01,498][root][INFO] - val:
[2023-11-06 08:52:03,089][root][INFO] - ===> epoch: 158/300
[2023-11-06 08:52:03,090][root][INFO] - train:
[2023-11-06 08:52:42,450][root][INFO] - val:
[2023-11-06 08:52:44,069][root][INFO] - ===> epoch: 159/300
[2023-11-06 08:52:44,069][root][INFO] - train:
[2023-11-06 08:53:23,787][root][INFO] - val:
[2023-11-06 08:53:25,370][root][INFO] - ===> epoch: 160/300
[2023-11-06 08:53:25,371][root][INFO] - train:
[2023-11-06 08:54:04,941][root][INFO] - val:
[2023-11-06 08:54:06,532][root][INFO] - Checkpoint saved to C:\Users\GeorgeS\Documents\facultate\master\projects\data\model_weights\CIFAR-10/PreResNet/CyclicBS\2525\model_160_0.pth
[2023-11-06 08:54:06,533][root][INFO] - ===> epoch: 161/300
[2023-11-06 08:54:06,533][root][INFO] - train:
[2023-11-06 08:54:45,916][root][INFO] - val:
[2023-11-06 08:54:47,742][root][INFO] - ===> epoch: 162/300
[2023-11-06 08:54:47,742][root][INFO] - train:
[2023-11-06 08:55:27,122][root][INFO] - val:
[2023-11-06 08:55:28,782][root][INFO] - ===> epoch: 163/300
[2023-11-06 08:55:28,783][root][INFO] - train:
[2023-11-06 08:56:08,474][root][INFO] - val:
[2023-11-06 08:56:09,927][root][INFO] - ===> epoch: 164/300
[2023-11-06 08:56:09,928][root][INFO] - train:
[2023-11-06 08:56:49,410][root][INFO] - val:
[2023-11-06 08:56:50,855][root][INFO] - ===> epoch: 165/300
[2023-11-06 08:56:50,855][root][INFO] - train:
[2023-11-06 08:57:30,472][root][INFO] - val:
[2023-11-06 08:57:31,921][root][INFO] - ===> epoch: 166/300
[2023-11-06 08:57:31,921][root][INFO] - train:
[2023-11-06 08:58:11,456][root][INFO] - val:
[2023-11-06 08:58:13,011][root][INFO] - ===> epoch: 167/300
[2023-11-06 08:58:13,012][root][INFO] - train:
[2023-11-06 08:58:52,540][root][INFO] - val:
[2023-11-06 08:58:54,145][root][INFO] - ===> epoch: 168/300
[2023-11-06 08:58:54,145][root][INFO] - train:
[2023-11-06 08:59:33,280][root][INFO] - val:
[2023-11-06 08:59:34,930][root][INFO] - ===> epoch: 169/300
[2023-11-06 08:59:34,930][root][INFO] - train:
[2023-11-06 09:00:14,212][root][INFO] - val:
[2023-11-06 09:00:15,772][root][INFO] - ===> epoch: 170/300
[2023-11-06 09:00:15,773][root][INFO] - train:
[2023-11-06 09:00:54,759][root][INFO] - val:
[2023-11-06 09:00:56,469][root][INFO] - Checkpoint saved to C:\Users\GeorgeS\Documents\facultate\master\projects\data\model_weights\CIFAR-10/PreResNet/CyclicBS\2525\model_170_0.pth
[2023-11-06 09:00:56,470][root][INFO] - ===> epoch: 171/300
[2023-11-06 09:00:56,470][root][INFO] - train:
[2023-11-06 09:01:35,496][root][INFO] - val:
[2023-11-06 09:01:36,939][root][INFO] - ===> epoch: 172/300
[2023-11-06 09:01:36,939][root][INFO] - train:
[2023-11-06 09:02:16,201][root][INFO] - val:
[2023-11-06 09:02:17,823][root][INFO] - ===> epoch: 173/300
[2023-11-06 09:02:17,823][root][INFO] - train:
[2023-11-06 09:02:57,185][root][INFO] - val:
[2023-11-06 09:02:58,641][root][INFO] - ===> epoch: 174/300
[2023-11-06 09:02:58,641][root][INFO] - train:
[2023-11-06 09:03:38,009][root][INFO] - val:
[2023-11-06 09:03:39,598][root][INFO] - ===> epoch: 175/300
[2023-11-06 09:03:39,598][root][INFO] - train:
[2023-11-06 09:04:18,744][root][INFO] - val:
[2023-11-06 09:04:20,409][root][INFO] - ===> epoch: 176/300
[2023-11-06 09:04:20,410][root][INFO] - train:
[2023-11-06 09:04:59,887][root][INFO] - val:
[2023-11-06 09:05:01,553][root][INFO] - ===> epoch: 177/300
[2023-11-06 09:05:01,554][root][INFO] - train:
[2023-11-06 09:05:40,928][root][INFO] - val:
[2023-11-06 09:05:42,605][root][INFO] - ===> epoch: 178/300
[2023-11-06 09:05:42,606][root][INFO] - train:
[2023-11-06 09:06:21,931][root][INFO] - val:
[2023-11-06 09:06:23,686][root][INFO] - Checkpoint saved to C:\Users\GeorgeS\Documents\facultate\master\projects\data\model_weights\CIFAR-10/PreResNet/CyclicBS\2525\model_178_0.8615999817848206.pth
[2023-11-06 09:06:23,687][root][INFO] - ===> BEST Val/Accuracy PERFORMANCE: 0.86160
[2023-11-06 09:06:23,687][root][INFO] - ===> epoch: 179/300
[2023-11-06 09:06:23,688][root][INFO] - train:
[2023-11-06 09:07:03,012][root][INFO] - val:
[2023-11-06 09:07:04,467][root][INFO] - ===> epoch: 180/300
[2023-11-06 09:07:04,468][root][INFO] - train:
[2023-11-06 09:07:44,140][root][INFO] - val:
[2023-11-06 09:07:45,807][root][INFO] - Checkpoint saved to C:\Users\GeorgeS\Documents\facultate\master\projects\data\model_weights\CIFAR-10/PreResNet/CyclicBS\2525\model_180_0.pth
[2023-11-06 09:07:45,808][root][INFO] - ===> epoch: 181/300
[2023-11-06 09:07:45,809][root][INFO] - train:
[2023-11-06 09:08:25,522][root][INFO] - val:
[2023-11-06 09:08:27,224][root][INFO] - ===> epoch: 182/300
[2023-11-06 09:08:27,224][root][INFO] - train:
[2023-11-06 09:09:06,911][root][INFO] - val:
[2023-11-06 09:09:08,360][root][INFO] - ===> epoch: 183/300
[2023-11-06 09:09:08,360][root][INFO] - train:
[2023-11-06 09:09:48,069][root][INFO] - val:
[2023-11-06 09:09:49,680][root][INFO] - ===> epoch: 184/300
[2023-11-06 09:09:49,681][root][INFO] - train:
[2023-11-06 09:10:28,980][root][INFO] - val:
[2023-11-06 09:10:31,006][root][INFO] - ===> epoch: 185/300
[2023-11-06 09:10:31,007][root][INFO] - train:
[2023-11-06 09:11:10,262][root][INFO] - val:
[2023-11-06 09:11:11,947][root][INFO] - ===> epoch: 186/300
[2023-11-06 09:11:11,947][root][INFO] - train:
[2023-11-06 09:11:51,448][root][INFO] - val:
[2023-11-06 09:11:52,904][root][INFO] - ===> epoch: 187/300
[2023-11-06 09:11:52,904][root][INFO] - train:
[2023-11-06 09:12:32,558][root][INFO] - val:
[2023-11-06 09:12:34,007][root][INFO] - ===> epoch: 188/300
[2023-11-06 09:12:34,008][root][INFO] - train:
[2023-11-06 09:13:13,676][root][INFO] - val:
[2023-11-06 09:13:15,137][root][INFO] - ===> epoch: 189/300
[2023-11-06 09:13:15,137][root][INFO] - train:
[2023-11-06 09:13:54,580][root][INFO] - val:
[2023-11-06 09:13:56,022][root][INFO] - ===> epoch: 190/300
[2023-11-06 09:13:56,023][root][INFO] - train:
[2023-11-06 09:14:35,442][root][INFO] - val:
[2023-11-06 09:14:37,160][root][INFO] - Checkpoint saved to C:\Users\GeorgeS\Documents\facultate\master\projects\data\model_weights\CIFAR-10/PreResNet/CyclicBS\2525\model_190_0.pth
[2023-11-06 09:14:37,161][root][INFO] - ===> epoch: 191/300
[2023-11-06 09:14:37,161][root][INFO] - train:
[2023-11-06 09:15:16,111][root][INFO] - val:
[2023-11-06 09:15:17,560][root][INFO] - ===> epoch: 192/300
[2023-11-06 09:15:17,561][root][INFO] - train:
[2023-11-06 09:15:56,786][root][INFO] - val:
[2023-11-06 09:15:58,416][root][INFO] - ===> epoch: 193/300
[2023-11-06 09:15:58,416][root][INFO] - train:
[2023-11-06 09:16:37,864][root][INFO] - val:
[2023-11-06 09:16:39,541][root][INFO] - ===> epoch: 194/300
[2023-11-06 09:16:39,541][root][INFO] - train:
[2023-11-06 09:17:19,110][root][INFO] - val:
[2023-11-06 09:17:20,575][root][INFO] - ===> epoch: 195/300
[2023-11-06 09:17:20,575][root][INFO] - train:
[2023-11-06 09:18:00,238][root][INFO] - val:
[2023-11-06 09:18:01,835][root][INFO] - ===> epoch: 196/300
[2023-11-06 09:18:01,836][root][INFO] - train:
[2023-11-06 09:18:41,519][root][INFO] - val:
[2023-11-06 09:18:43,121][root][INFO] - ===> epoch: 197/300
[2023-11-06 09:18:43,121][root][INFO] - train:
[2023-11-06 09:19:22,470][root][INFO] - val:
[2023-11-06 09:19:24,304][root][INFO] - ===> epoch: 198/300
[2023-11-06 09:19:24,305][root][INFO] - train:
[2023-11-06 09:20:03,572][root][INFO] - val:
[2023-11-06 09:20:05,601][root][INFO] - ===> epoch: 199/300
[2023-11-06 09:20:05,601][root][INFO] - train:
[2023-11-06 09:20:44,895][root][INFO] - val:
[2023-11-06 09:20:46,885][root][INFO] - ===> epoch: 200/300
[2023-11-06 09:20:46,885][root][INFO] - train:
[2023-11-06 09:21:26,234][root][INFO] - val:
[2023-11-06 09:21:28,133][root][INFO] - Checkpoint saved to C:\Users\GeorgeS\Documents\facultate\master\projects\data\model_weights\CIFAR-10/PreResNet/CyclicBS\2525\model_200_0.pth
[2023-11-06 09:21:28,134][root][INFO] - ===> epoch: 201/300
[2023-11-06 09:21:28,134][root][INFO] - train:
[2023-11-06 09:22:07,351][root][INFO] - val:
[2023-11-06 09:22:08,787][root][INFO] - ===> epoch: 202/300
[2023-11-06 09:22:08,788][root][INFO] - train:
[2023-11-06 09:22:48,449][root][INFO] - val:
[2023-11-06 09:22:49,911][root][INFO] - ===> epoch: 203/300
[2023-11-06 09:22:49,912][root][INFO] - train:
[2023-11-06 09:23:29,578][root][INFO] - val:
[2023-11-06 09:23:31,135][root][INFO] - ===> epoch: 204/300
[2023-11-06 09:23:31,135][root][INFO] - train:
[2023-11-06 09:24:10,696][root][INFO] - val:
[2023-11-06 09:24:12,169][root][INFO] - ===> epoch: 205/300
[2023-11-06 09:24:12,169][root][INFO] - train:
[2023-11-06 09:24:51,914][root][INFO] - val:
[2023-11-06 09:24:53,563][root][INFO] - ===> epoch: 206/300
[2023-11-06 09:24:53,563][root][INFO] - train:
[2023-11-06 09:25:33,190][root][INFO] - val:
[2023-11-06 09:25:34,642][root][INFO] - ===> epoch: 207/300
[2023-11-06 09:25:34,643][root][INFO] - train:
[2023-11-06 09:26:13,954][root][INFO] - val:
[2023-11-06 09:26:15,634][root][INFO] - ===> epoch: 208/300
[2023-11-06 09:26:15,635][root][INFO] - train:
[2023-11-06 09:26:55,010][root][INFO] - val:
[2023-11-06 09:26:56,664][root][INFO] - ===> epoch: 209/300
[2023-11-06 09:26:56,665][root][INFO] - train:
[2023-11-06 09:27:35,860][root][INFO] - val:
[2023-11-06 09:27:37,640][root][INFO] - ===> epoch: 210/300
[2023-11-06 09:27:37,640][root][INFO] - train:
[2023-11-06 09:28:16,907][root][INFO] - val:
[2023-11-06 09:28:18,951][root][INFO] - Checkpoint saved to C:\Users\GeorgeS\Documents\facultate\master\projects\data\model_weights\CIFAR-10/PreResNet/CyclicBS\2525\model_210_0.pth
[2023-11-06 09:28:18,952][root][INFO] - ===> epoch: 211/300
[2023-11-06 09:28:18,952][root][INFO] - train:
[2023-11-06 09:28:58,281][root][INFO] - val:
[2023-11-06 09:28:59,894][root][INFO] - ===> epoch: 212/300
[2023-11-06 09:28:59,894][root][INFO] - train:
[2023-11-06 09:29:39,370][root][INFO] - val:
[2023-11-06 09:29:41,029][root][INFO] - ===> epoch: 213/300
[2023-11-06 09:29:41,029][root][INFO] - train:
[2023-11-06 09:30:20,559][root][INFO] - val:
[2023-11-06 09:30:22,005][root][INFO] - ===> epoch: 214/300
[2023-11-06 09:30:22,005][root][INFO] - train:
[2023-11-06 09:31:01,837][root][INFO] - val:
[2023-11-06 09:31:03,500][root][INFO] - ===> epoch: 215/300
[2023-11-06 09:31:03,501][root][INFO] - train:
[2023-11-06 09:31:42,931][root][INFO] - val:
[2023-11-06 09:31:44,603][root][INFO] - ===> epoch: 216/300
[2023-11-06 09:31:44,604][root][INFO] - train:
[2023-11-06 09:32:24,014][root][INFO] - val:
[2023-11-06 09:32:25,627][root][INFO] - ===> epoch: 217/300
[2023-11-06 09:32:25,627][root][INFO] - train:
[2023-11-06 09:33:04,830][root][INFO] - val:
[2023-11-06 09:33:06,637][root][INFO] - Checkpoint saved to C:\Users\GeorgeS\Documents\facultate\master\projects\data\model_weights\CIFAR-10/PreResNet/CyclicBS\2525\model_217_0.8634999990463257.pth
[2023-11-06 09:33:06,637][root][INFO] - ===> BEST Val/Accuracy PERFORMANCE: 0.86350
[2023-11-06 09:33:06,638][root][INFO] - ===> epoch: 218/300
[2023-11-06 09:33:06,639][root][INFO] - train:
[2023-11-06 09:33:45,728][root][INFO] - val:
[2023-11-06 09:33:47,359][root][INFO] - ===> epoch: 219/300
[2023-11-06 09:33:47,360][root][INFO] - train:
[2023-11-06 09:34:26,908][root][INFO] - val:
[2023-11-06 09:34:28,493][root][INFO] - ===> epoch: 220/300
[2023-11-06 09:34:28,493][root][INFO] - train:
[2023-11-06 09:35:07,874][root][INFO] - val:
[2023-11-06 09:35:09,368][root][INFO] - Checkpoint saved to C:\Users\GeorgeS\Documents\facultate\master\projects\data\model_weights\CIFAR-10/PreResNet/CyclicBS\2525\model_220_0.pth
[2023-11-06 09:35:09,369][root][INFO] - ===> epoch: 221/300
[2023-11-06 09:35:09,369][root][INFO] - train:
[2023-11-06 09:35:48,781][root][INFO] - val:
[2023-11-06 09:35:50,251][root][INFO] - ===> epoch: 222/300
[2023-11-06 09:35:50,252][root][INFO] - train:
[2023-11-06 09:36:29,613][root][INFO] - val:
[2023-11-06 09:36:31,070][root][INFO] - ===> epoch: 223/300
[2023-11-06 09:36:31,071][root][INFO] - train:
[2023-11-06 09:37:10,203][root][INFO] - val:
[2023-11-06 09:37:11,875][root][INFO] - ===> epoch: 224/300
[2023-11-06 09:37:11,876][root][INFO] - train:
[2023-11-06 09:37:51,442][root][INFO] - val:
[2023-11-06 09:37:53,033][root][INFO] - ===> epoch: 225/300
[2023-11-06 09:37:53,034][root][INFO] - train:
[2023-11-06 09:38:32,455][root][INFO] - val:
[2023-11-06 09:38:34,150][root][INFO] - ===> epoch: 226/300
[2023-11-06 09:38:34,151][root][INFO] - train:
[2023-11-06 09:39:13,676][root][INFO] - val:
[2023-11-06 09:39:15,289][root][INFO] - ===> epoch: 227/300
[2023-11-06 09:39:15,289][root][INFO] - train:
[2023-11-06 09:39:54,791][root][INFO] - val:
[2023-11-06 09:39:56,431][root][INFO] - ===> epoch: 228/300
[2023-11-06 09:39:56,431][root][INFO] - train:
[2023-11-06 09:40:35,966][root][INFO] - val:
[2023-11-06 09:40:37,424][root][INFO] - ===> epoch: 229/300
[2023-11-06 09:40:37,425][root][INFO] - train:
[2023-11-06 09:41:16,681][root][INFO] - val:
[2023-11-06 09:41:18,264][root][INFO] - ===> epoch: 230/300
[2023-11-06 09:41:18,265][root][INFO] - train:
[2023-11-06 09:41:57,517][root][INFO] - val:
[2023-11-06 09:41:59,239][root][INFO] - Checkpoint saved to C:\Users\GeorgeS\Documents\facultate\master\projects\data\model_weights\CIFAR-10/PreResNet/CyclicBS\2525\model_230_0.pth
[2023-11-06 09:41:59,240][root][INFO] - ===> epoch: 231/300
[2023-11-06 09:41:59,240][root][INFO] - train:
[2023-11-06 09:42:38,601][root][INFO] - val:
[2023-11-06 09:42:40,049][root][INFO] - ===> epoch: 232/300
[2023-11-06 09:42:40,050][root][INFO] - train:
[2023-11-06 09:43:19,609][root][INFO] - val:
[2023-11-06 09:43:21,276][root][INFO] - ===> epoch: 233/300
[2023-11-06 09:43:21,277][root][INFO] - train:
[2023-11-06 09:44:00,884][root][INFO] - val:
[2023-11-06 09:44:02,353][root][INFO] - ===> epoch: 234/300
[2023-11-06 09:44:02,353][root][INFO] - train:
[2023-11-06 09:44:42,022][root][INFO] - val:
[2023-11-06 09:44:43,698][root][INFO] - ===> epoch: 235/300
[2023-11-06 09:44:43,699][root][INFO] - train:
[2023-11-06 09:45:23,338][root][INFO] - val:
[2023-11-06 09:45:24,792][root][INFO] - ===> epoch: 236/300
[2023-11-06 09:45:24,792][root][INFO] - train:
[2023-11-06 09:46:04,181][root][INFO] - val:
[2023-11-06 09:46:05,633][root][INFO] - ===> epoch: 237/300
[2023-11-06 09:46:05,633][root][INFO] - train:
[2023-11-06 09:46:44,628][root][INFO] - val:
[2023-11-06 09:46:46,453][root][INFO] - ===> epoch: 238/300
[2023-11-06 09:46:46,453][root][INFO] - train:
[2023-11-06 09:47:25,830][root][INFO] - val:
[2023-11-06 09:47:27,431][root][INFO] - ===> epoch: 239/300
[2023-11-06 09:47:27,432][root][INFO] - train:
[2023-11-06 09:48:06,357][root][INFO] - val:
[2023-11-06 09:48:07,922][root][INFO] - ===> epoch: 240/300
[2023-11-06 09:48:07,923][root][INFO] - train:
[2023-11-06 09:48:47,346][root][INFO] - val:
[2023-11-06 09:48:49,082][root][INFO] - Checkpoint saved to C:\Users\GeorgeS\Documents\facultate\master\projects\data\model_weights\CIFAR-10/PreResNet/CyclicBS\2525\model_240_0.pth
[2023-11-06 09:48:49,083][root][INFO] - ===> epoch: 241/300
[2023-11-06 09:48:49,083][root][INFO] - train:
[2023-11-06 09:49:28,455][root][INFO] - val:
[2023-11-06 09:49:29,909][root][INFO] - ===> epoch: 242/300
[2023-11-06 09:49:29,909][root][INFO] - train:
[2023-11-06 09:50:09,416][root][INFO] - val:
[2023-11-06 09:50:11,041][root][INFO] - ===> epoch: 243/300
[2023-11-06 09:50:11,041][root][INFO] - train:
[2023-11-06 09:50:50,475][root][INFO] - val:
[2023-11-06 09:50:51,928][root][INFO] - ===> epoch: 244/300
[2023-11-06 09:50:51,929][root][INFO] - train:
[2023-11-06 09:51:31,257][root][INFO] - val:
[2023-11-06 09:51:32,976][root][INFO] - Checkpoint saved to C:\Users\GeorgeS\Documents\facultate\master\projects\data\model_weights\CIFAR-10/PreResNet/CyclicBS\2525\model_244_0.8639000058174133.pth
[2023-11-06 09:51:32,976][root][INFO] - ===> BEST Val/Accuracy PERFORMANCE: 0.86390
[2023-11-06 09:51:32,977][root][INFO] - ===> epoch: 245/300
[2023-11-06 09:51:32,977][root][INFO] - train:
[2023-11-06 09:52:12,794][root][INFO] - val:
[2023-11-06 09:52:14,251][root][INFO] - ===> epoch: 246/300
[2023-11-06 09:52:14,252][root][INFO] - train:
[2023-11-06 09:52:53,870][root][INFO] - val:
[2023-11-06 09:52:55,330][root][INFO] - ===> epoch: 247/300
[2023-11-06 09:52:55,331][root][INFO] - train:
[2023-11-06 09:53:34,876][root][INFO] - val:
[2023-11-06 09:53:36,519][root][INFO] - ===> epoch: 248/300
[2023-11-06 09:53:36,519][root][INFO] - train:
[2023-11-06 09:54:16,134][root][INFO] - val:
[2023-11-06 09:54:17,815][root][INFO] - ===> epoch: 249/300
[2023-11-06 09:54:17,816][root][INFO] - train:
[2023-11-06 09:54:57,131][root][INFO] - val:
[2023-11-06 09:54:58,591][root][INFO] - ===> epoch: 250/300
[2023-11-06 09:54:58,591][root][INFO] - train:
[2023-11-06 09:55:38,305][root][INFO] - val:
[2023-11-06 09:55:39,784][root][INFO] - Checkpoint saved to C:\Users\GeorgeS\Documents\facultate\master\projects\data\model_weights\CIFAR-10/PreResNet/CyclicBS\2525\model_250_0.pth
[2023-11-06 09:55:39,785][root][INFO] - ===> epoch: 251/300
[2023-11-06 09:55:39,785][root][INFO] - train:
[2023-11-06 09:56:19,578][root][INFO] - val:
[2023-11-06 09:56:21,238][root][INFO] - ===> epoch: 252/300
[2023-11-06 09:56:21,239][root][INFO] - train:
[2023-11-06 09:57:00,901][root][INFO] - val:
[2023-11-06 09:57:02,526][root][INFO] - ===> epoch: 253/300
[2023-11-06 09:57:02,527][root][INFO] - train:
[2023-11-06 09:57:42,164][root][INFO] - val:
[2023-11-06 09:57:43,613][root][INFO] - ===> epoch: 254/300
[2023-11-06 09:57:43,614][root][INFO] - train:
[2023-11-06 09:58:22,864][root][INFO] - val:
[2023-11-06 09:58:24,698][root][INFO] - ===> epoch: 255/300
[2023-11-06 09:58:24,698][root][INFO] - train:
[2023-11-06 09:59:04,008][root][INFO] - val:
[2023-11-06 09:59:05,595][root][INFO] - ===> epoch: 256/300
[2023-11-06 09:59:05,596][root][INFO] - train:
[2023-11-06 09:59:45,040][root][INFO] - val:
[2023-11-06 09:59:46,721][root][INFO] - ===> epoch: 257/300
[2023-11-06 09:59:46,722][root][INFO] - train:
[2023-11-06 10:00:26,154][root][INFO] - val:
[2023-11-06 10:00:27,614][root][INFO] - ===> epoch: 258/300
[2023-11-06 10:00:27,614][root][INFO] - train:
[2023-11-06 10:01:06,974][root][INFO] - val:
[2023-11-06 10:01:08,421][root][INFO] - ===> epoch: 259/300
[2023-11-06 10:01:08,422][root][INFO] - train:
[2023-11-06 10:01:47,855][root][INFO] - val:
[2023-11-06 10:01:49,310][root][INFO] - ===> epoch: 260/300
[2023-11-06 10:01:49,311][root][INFO] - train:
[2023-11-06 10:02:28,747][root][INFO] - val:
[2023-11-06 10:02:30,476][root][INFO] - Checkpoint saved to C:\Users\GeorgeS\Documents\facultate\master\projects\data\model_weights\CIFAR-10/PreResNet/CyclicBS\2525\model_260_0.pth
[2023-11-06 10:02:30,477][root][INFO] - ===> epoch: 261/300
[2023-11-06 10:02:30,477][root][INFO] - train:
[2023-11-06 10:03:09,718][root][INFO] - val:
[2023-11-06 10:03:11,394][root][INFO] - ===> epoch: 262/300
[2023-11-06 10:03:11,395][root][INFO] - train:
[2023-11-06 10:03:51,033][root][INFO] - val:
[2023-11-06 10:03:52,728][root][INFO] - ===> epoch: 263/300
[2023-11-06 10:03:52,729][root][INFO] - train:
[2023-11-06 10:04:32,244][root][INFO] - val:
[2023-11-06 10:04:33,866][root][INFO] - ===> epoch: 264/300
[2023-11-06 10:04:33,866][root][INFO] - train:
[2023-11-06 10:05:13,364][root][INFO] - val:
[2023-11-06 10:05:14,994][root][INFO] - ===> epoch: 265/300
[2023-11-06 10:05:14,995][root][INFO] - train:
[2023-11-06 10:05:54,729][root][INFO] - val:
[2023-11-06 10:05:56,181][root][INFO] - ===> epoch: 266/300
[2023-11-06 10:05:56,181][root][INFO] - train:
[2023-11-06 10:06:35,804][root][INFO] - val:
[2023-11-06 10:06:37,246][root][INFO] - ===> epoch: 267/300
[2023-11-06 10:06:37,246][root][INFO] - train:
[2023-11-06 10:07:16,875][root][INFO] - val:
[2023-11-06 10:07:18,414][root][INFO] - ===> epoch: 268/300
[2023-11-06 10:07:18,414][root][INFO] - train:
[2023-11-06 10:07:57,815][root][INFO] - val:
[2023-11-06 10:07:59,504][root][INFO] - ===> epoch: 269/300
[2023-11-06 10:07:59,504][root][INFO] - train:
[2023-11-06 10:08:38,815][root][INFO] - val:
[2023-11-06 10:08:40,728][root][INFO] - ===> epoch: 270/300
[2023-11-06 10:08:40,729][root][INFO] - train:
[2023-11-06 10:09:20,048][root][INFO] - val:
[2023-11-06 10:09:21,810][root][INFO] - Checkpoint saved to C:\Users\GeorgeS\Documents\facultate\master\projects\data\model_weights\CIFAR-10/PreResNet/CyclicBS\2525\model_270_0.8648999929428101.pth
[2023-11-06 10:09:21,811][root][INFO] - ===> BEST Val/Accuracy PERFORMANCE: 0.86490
[2023-11-06 10:09:21,858][root][INFO] - Checkpoint saved to C:\Users\GeorgeS\Documents\facultate\master\projects\data\model_weights\CIFAR-10/PreResNet/CyclicBS\2525\model_270_0.pth
[2023-11-06 10:09:21,859][root][INFO] - ===> epoch: 271/300
[2023-11-06 10:09:21,859][root][INFO] - train:
[2023-11-06 10:10:01,181][root][INFO] - val:
[2023-11-06 10:10:02,799][root][INFO] - ===> epoch: 272/300
[2023-11-06 10:10:02,800][root][INFO] - train:
[2023-11-06 10:10:42,482][root][INFO] - val:
[2023-11-06 10:10:44,098][root][INFO] - ===> epoch: 273/300
[2023-11-06 10:10:44,099][root][INFO] - train:
[2023-11-06 10:11:23,552][root][INFO] - val:
[2023-11-06 10:11:25,246][root][INFO] - ===> epoch: 274/300
[2023-11-06 10:11:25,246][root][INFO] - train:
[2023-11-06 10:12:04,784][root][INFO] - val:
[2023-11-06 10:12:06,231][root][INFO] - ===> epoch: 275/300
[2023-11-06 10:12:06,231][root][INFO] - train:
[2023-11-06 10:12:45,840][root][INFO] - val:
[2023-11-06 10:12:47,507][root][INFO] - ===> epoch: 276/300
[2023-11-06 10:12:47,507][root][INFO] - train:
[2023-11-06 10:13:27,013][root][INFO] - val:
[2023-11-06 10:13:28,662][root][INFO] - ===> epoch: 277/300
[2023-11-06 10:13:28,663][root][INFO] - train:
[2023-11-06 10:14:07,723][root][INFO] - val:
[2023-11-06 10:14:09,403][root][INFO] - ===> epoch: 278/300
[2023-11-06 10:14:09,404][root][INFO] - train:
[2023-11-06 10:14:48,371][root][INFO] - val:
[2023-11-06 10:14:49,939][root][INFO] - ===> epoch: 279/300
[2023-11-06 10:14:49,939][root][INFO] - train:
[2023-11-06 10:15:29,391][root][INFO] - val:
[2023-11-06 10:15:31,200][root][INFO] - ===> epoch: 280/300
[2023-11-06 10:15:31,200][root][INFO] - train:
[2023-11-06 10:16:10,356][root][INFO] - val:
[2023-11-06 10:16:12,389][root][INFO] - Checkpoint saved to C:\Users\GeorgeS\Documents\facultate\master\projects\data\model_weights\CIFAR-10/PreResNet/CyclicBS\2525\model_280_0.pth
[2023-11-06 10:16:12,390][root][INFO] - ===> epoch: 281/300
[2023-11-06 10:16:12,391][root][INFO] - train:
[2023-11-06 10:16:51,857][root][INFO] - val:
[2023-11-06 10:16:53,317][root][INFO] - ===> epoch: 282/300
[2023-11-06 10:16:53,318][root][INFO] - train:
[2023-11-06 10:17:32,960][root][INFO] - val:
[2023-11-06 10:17:34,657][root][INFO] - ===> epoch: 283/300
[2023-11-06 10:17:34,658][root][INFO] - train:
[2023-11-06 10:18:14,619][root][INFO] - val:
[2023-11-06 10:18:16,073][root][INFO] - ===> epoch: 284/300
[2023-11-06 10:18:16,074][root][INFO] - train:
[2023-11-06 10:18:55,698][root][INFO] - val:
[2023-11-06 10:18:57,148][root][INFO] - ===> epoch: 285/300
[2023-11-06 10:18:57,149][root][INFO] - train:
[2023-11-06 10:19:36,700][root][INFO] - val:
[2023-11-06 10:19:38,264][root][INFO] - ===> epoch: 286/300
[2023-11-06 10:19:38,265][root][INFO] - train:
[2023-11-06 10:20:17,890][root][INFO] - val:
[2023-11-06 10:20:19,557][root][INFO] - ===> epoch: 287/300
[2023-11-06 10:20:19,557][root][INFO] - train:
[2023-11-06 10:20:59,038][root][INFO] - val:
[2023-11-06 10:21:00,984][root][INFO] - ===> epoch: 288/300
[2023-11-06 10:21:00,985][root][INFO] - train:
[2023-11-06 10:21:40,239][root][INFO] - val:
[2023-11-06 10:21:42,199][root][INFO] - ===> epoch: 289/300
[2023-11-06 10:21:42,200][root][INFO] - train:
[2023-11-06 10:22:21,275][root][INFO] - val:
[2023-11-06 10:22:22,945][root][INFO] - ===> epoch: 290/300
[2023-11-06 10:22:22,945][root][INFO] - train:
[2023-11-06 10:23:02,208][root][INFO] - val:
[2023-11-06 10:23:04,065][root][INFO] - Checkpoint saved to C:\Users\GeorgeS\Documents\facultate\master\projects\data\model_weights\CIFAR-10/PreResNet/CyclicBS\2525\model_290_0.pth
[2023-11-06 10:23:04,066][root][INFO] - ===> epoch: 291/300
[2023-11-06 10:23:04,067][root][INFO] - train:
[2023-11-06 10:23:43,168][root][INFO] - val:
[2023-11-06 10:23:44,616][root][INFO] - ===> epoch: 292/300
[2023-11-06 10:23:44,617][root][INFO] - train:
[2023-11-06 10:24:24,081][root][INFO] - val:
[2023-11-06 10:24:25,722][root][INFO] - ===> epoch: 293/300
[2023-11-06 10:24:25,723][root][INFO] - train:
[2023-11-06 10:25:05,289][root][INFO] - val:
[2023-11-06 10:25:06,878][root][INFO] - ===> epoch: 294/300
[2023-11-06 10:25:06,878][root][INFO] - train:
[2023-11-06 10:25:46,221][root][INFO] - val:
[2023-11-06 10:25:47,830][root][INFO] - ===> epoch: 295/300
[2023-11-06 10:25:47,831][root][INFO] - train:
[2023-11-06 10:26:27,227][root][INFO] - val:
[2023-11-06 10:26:28,749][root][INFO] - ===> epoch: 296/300
[2023-11-06 10:26:28,749][root][INFO] - train:
[2023-11-06 10:27:08,281][root][INFO] - val:
[2023-11-06 10:27:09,967][root][INFO] - ===> epoch: 297/300
[2023-11-06 10:27:09,967][root][INFO] - train:
[2023-11-06 10:27:49,087][root][INFO] - val:
[2023-11-06 10:27:50,719][root][INFO] - ===> epoch: 298/300
[2023-11-06 10:27:50,719][root][INFO] - train:
[2023-11-06 10:28:29,843][root][INFO] - val:
[2023-11-06 10:28:31,522][root][INFO] - ===> epoch: 299/300
[2023-11-06 10:28:31,522][root][INFO] - train:
[2023-11-06 10:29:10,719][root][INFO] - val:
[2023-11-06 10:29:12,715][root][INFO] - ===> BEST Val/Accuracy PERFORMANCE: 0.86490
[2023-11-06 10:29:20,979][root][INFO] - Saved best accuracy checkpoint
