[2023-11-07 20:44:59,318][root][INFO] - Saving current code to C:\Users\GeorgeS\Documents\facultate\master\projects\Pytorch-Template\outputs\2023-11-07\20-44-59\runs\CIFAR-10/PreResNet/OneCycleLR\2525
[2023-11-07 20:44:59,453][root][INFO] - Loading train_dataset!
[2023-11-07 20:45:30,343][root][INFO] - Loading val_dataset!
[2023-11-07 20:45:36,552][root][INFO] - ===> epoch: 1/300
[2023-11-07 20:45:36,552][root][INFO] - train:
[2023-11-07 20:46:29,080][root][INFO] - val:
[2023-11-07 20:46:32,588][root][INFO] - Checkpoint saved to C:\Users\GeorgeS\Documents\facultate\master\projects\data\model_weights\CIFAR-10/PreResNet/OneCycleLR\2525\model_1_0.34860000014305115.pth
[2023-11-07 20:46:32,589][root][INFO] - ===> BEST Val/Accuracy PERFORMANCE: 0.34860
[2023-11-07 20:46:32,591][root][INFO] - ===> epoch: 2/300
[2023-11-07 20:46:32,591][root][INFO] - train:
[2023-11-07 20:47:25,491][root][INFO] - val:
[2023-11-07 20:47:27,066][root][INFO] - Checkpoint saved to C:\Users\GeorgeS\Documents\facultate\master\projects\data\model_weights\CIFAR-10/PreResNet/OneCycleLR\2525\model_2_0.375900000333786.pth
[2023-11-07 20:47:27,066][root][INFO] - ===> BEST Val/Accuracy PERFORMANCE: 0.37590
[2023-11-07 20:47:27,067][root][INFO] - ===> epoch: 3/300
[2023-11-07 20:47:27,067][root][INFO] - train:
[2023-11-07 20:48:21,075][root][INFO] - val:
[2023-11-07 20:48:22,627][root][INFO] - Checkpoint saved to C:\Users\GeorgeS\Documents\facultate\master\projects\data\model_weights\CIFAR-10/PreResNet/OneCycleLR\2525\model_3_0.4068000018596649.pth
[2023-11-07 20:48:22,627][root][INFO] - ===> BEST Val/Accuracy PERFORMANCE: 0.40680
[2023-11-07 20:48:22,628][root][INFO] - ===> epoch: 4/300
[2023-11-07 20:48:22,628][root][INFO] - train:
[2023-11-07 20:49:16,926][root][INFO] - val:
[2023-11-07 20:49:18,521][root][INFO] - Checkpoint saved to C:\Users\GeorgeS\Documents\facultate\master\projects\data\model_weights\CIFAR-10/PreResNet/OneCycleLR\2525\model_4_0.4489000141620636.pth
[2023-11-07 20:49:18,522][root][INFO] - ===> BEST Val/Accuracy PERFORMANCE: 0.44890
[2023-11-07 20:49:18,523][root][INFO] - ===> epoch: 5/300
[2023-11-07 20:49:18,524][root][INFO] - train:
[2023-11-07 20:50:13,636][root][INFO] - val:
[2023-11-07 20:50:15,211][root][INFO] - Checkpoint saved to C:\Users\GeorgeS\Documents\facultate\master\projects\data\model_weights\CIFAR-10/PreResNet/OneCycleLR\2525\model_5_0.47110000252723694.pth
[2023-11-07 20:50:15,212][root][INFO] - ===> BEST Val/Accuracy PERFORMANCE: 0.47110
[2023-11-07 20:50:15,213][root][INFO] - ===> epoch: 6/300
[2023-11-07 20:50:15,213][root][INFO] - train:
[2023-11-07 20:51:13,962][root][INFO] - val:
[2023-11-07 20:51:15,524][root][INFO] - Checkpoint saved to C:\Users\GeorgeS\Documents\facultate\master\projects\data\model_weights\CIFAR-10/PreResNet/OneCycleLR\2525\model_6_0.47929999232292175.pth
[2023-11-07 20:51:15,525][root][INFO] - ===> BEST Val/Accuracy PERFORMANCE: 0.47930
[2023-11-07 20:51:15,525][root][INFO] - ===> epoch: 7/300
[2023-11-07 20:51:15,526][root][INFO] - train:
[2023-11-07 20:52:11,208][root][INFO] - val:
[2023-11-07 20:52:12,767][root][INFO] - Checkpoint saved to C:\Users\GeorgeS\Documents\facultate\master\projects\data\model_weights\CIFAR-10/PreResNet/OneCycleLR\2525\model_7_0.5297999978065491.pth
[2023-11-07 20:52:12,768][root][INFO] - ===> BEST Val/Accuracy PERFORMANCE: 0.52980
[2023-11-07 20:52:12,769][root][INFO] - ===> epoch: 8/300
[2023-11-07 20:52:12,769][root][INFO] - train:
[2023-11-07 20:53:07,805][root][INFO] - val:
[2023-11-07 20:53:09,311][root][INFO] - ===> epoch: 9/300
[2023-11-07 20:53:09,311][root][INFO] - train:
[2023-11-07 20:54:04,151][root][INFO] - val:
[2023-11-07 20:54:05,723][root][INFO] - Checkpoint saved to C:\Users\GeorgeS\Documents\facultate\master\projects\data\model_weights\CIFAR-10/PreResNet/OneCycleLR\2525\model_9_0.5564000010490417.pth
[2023-11-07 20:54:05,723][root][INFO] - ===> BEST Val/Accuracy PERFORMANCE: 0.55640
[2023-11-07 20:54:05,724][root][INFO] - ===> epoch: 10/300
[2023-11-07 20:54:05,724][root][INFO] - train:
[2023-11-07 20:55:00,884][root][INFO] - val:
[2023-11-07 20:55:02,472][root][INFO] - Checkpoint saved to C:\Users\GeorgeS\Documents\facultate\master\projects\data\model_weights\CIFAR-10/PreResNet/OneCycleLR\2525\model_10_0.5684999823570251.pth
[2023-11-07 20:55:02,473][root][INFO] - ===> BEST Val/Accuracy PERFORMANCE: 0.56850
[2023-11-07 20:55:02,515][root][INFO] - Checkpoint saved to C:\Users\GeorgeS\Documents\facultate\master\projects\data\model_weights\CIFAR-10/PreResNet/OneCycleLR\2525\model_10_0.pth
[2023-11-07 20:55:02,516][root][INFO] - ===> epoch: 11/300
[2023-11-07 20:55:02,517][root][INFO] - train:
[2023-11-07 20:55:57,517][root][INFO] - val:
[2023-11-07 20:55:59,183][root][INFO] - Checkpoint saved to C:\Users\GeorgeS\Documents\facultate\master\projects\data\model_weights\CIFAR-10/PreResNet/OneCycleLR\2525\model_11_0.5916000008583069.pth
[2023-11-07 20:55:59,184][root][INFO] - ===> BEST Val/Accuracy PERFORMANCE: 0.59160
[2023-11-07 20:55:59,185][root][INFO] - ===> epoch: 12/300
[2023-11-07 20:55:59,185][root][INFO] - train:
[2023-11-07 20:56:54,069][root][INFO] - val:
[2023-11-07 20:56:55,649][root][INFO] - Checkpoint saved to C:\Users\GeorgeS\Documents\facultate\master\projects\data\model_weights\CIFAR-10/PreResNet/OneCycleLR\2525\model_12_0.5922999978065491.pth
[2023-11-07 20:56:55,650][root][INFO] - ===> BEST Val/Accuracy PERFORMANCE: 0.59230
[2023-11-07 20:56:55,651][root][INFO] - ===> epoch: 13/300
[2023-11-07 20:56:55,651][root][INFO] - train:
[2023-11-07 20:57:50,376][root][INFO] - val:
[2023-11-07 20:57:51,938][root][INFO] - Checkpoint saved to C:\Users\GeorgeS\Documents\facultate\master\projects\data\model_weights\CIFAR-10/PreResNet/OneCycleLR\2525\model_13_0.6262000203132629.pth
[2023-11-07 20:57:51,939][root][INFO] - ===> BEST Val/Accuracy PERFORMANCE: 0.62620
[2023-11-07 20:57:51,939][root][INFO] - ===> epoch: 14/300
[2023-11-07 20:57:51,940][root][INFO] - train:
[2023-11-07 20:58:46,853][root][INFO] - val:
[2023-11-07 20:58:48,401][root][INFO] - Checkpoint saved to C:\Users\GeorgeS\Documents\facultate\master\projects\data\model_weights\CIFAR-10/PreResNet/OneCycleLR\2525\model_14_0.6377999782562256.pth
[2023-11-07 20:58:48,401][root][INFO] - ===> BEST Val/Accuracy PERFORMANCE: 0.63780
[2023-11-07 20:58:48,402][root][INFO] - ===> epoch: 15/300
[2023-11-07 20:58:48,403][root][INFO] - train:
[2023-11-07 20:59:43,287][root][INFO] - val:
[2023-11-07 20:59:44,844][root][INFO] - Checkpoint saved to C:\Users\GeorgeS\Documents\facultate\master\projects\data\model_weights\CIFAR-10/PreResNet/OneCycleLR\2525\model_15_0.6507999897003174.pth
[2023-11-07 20:59:44,844][root][INFO] - ===> BEST Val/Accuracy PERFORMANCE: 0.65080
[2023-11-07 20:59:44,845][root][INFO] - ===> epoch: 16/300
[2023-11-07 20:59:44,845][root][INFO] - train:
[2023-11-07 21:00:39,977][root][INFO] - val:
[2023-11-07 21:00:41,542][root][INFO] - Checkpoint saved to C:\Users\GeorgeS\Documents\facultate\master\projects\data\model_weights\CIFAR-10/PreResNet/OneCycleLR\2525\model_16_0.6632999777793884.pth
[2023-11-07 21:00:41,542][root][INFO] - ===> BEST Val/Accuracy PERFORMANCE: 0.66330
[2023-11-07 21:00:41,543][root][INFO] - ===> epoch: 17/300
[2023-11-07 21:00:41,543][root][INFO] - train:
[2023-11-07 21:01:36,431][root][INFO] - val:
[2023-11-07 21:01:38,009][root][INFO] - Checkpoint saved to C:\Users\GeorgeS\Documents\facultate\master\projects\data\model_weights\CIFAR-10/PreResNet/OneCycleLR\2525\model_17_0.67330002784729.pth
[2023-11-07 21:01:38,009][root][INFO] - ===> BEST Val/Accuracy PERFORMANCE: 0.67330
[2023-11-07 21:01:38,010][root][INFO] - ===> epoch: 18/300
[2023-11-07 21:01:38,010][root][INFO] - train:
[2023-11-07 21:02:33,181][root][INFO] - val:
[2023-11-07 21:02:34,753][root][INFO] - Checkpoint saved to C:\Users\GeorgeS\Documents\facultate\master\projects\data\model_weights\CIFAR-10/PreResNet/OneCycleLR\2525\model_18_0.680400013923645.pth
[2023-11-07 21:02:34,754][root][INFO] - ===> BEST Val/Accuracy PERFORMANCE: 0.68040
[2023-11-07 21:02:34,755][root][INFO] - ===> epoch: 19/300
[2023-11-07 21:02:34,755][root][INFO] - train:
[2023-11-07 21:03:29,838][root][INFO] - val:
[2023-11-07 21:03:31,360][root][INFO] - ===> epoch: 20/300
[2023-11-07 21:03:31,360][root][INFO] - train:
[2023-11-07 21:04:28,793][root][INFO] - val:
[2023-11-07 21:04:30,363][root][INFO] - Checkpoint saved to C:\Users\GeorgeS\Documents\facultate\master\projects\data\model_weights\CIFAR-10/PreResNet/OneCycleLR\2525\model_20_0.7146999835968018.pth
[2023-11-07 21:04:30,364][root][INFO] - ===> BEST Val/Accuracy PERFORMANCE: 0.71470
[2023-11-07 21:04:30,414][root][INFO] - Checkpoint saved to C:\Users\GeorgeS\Documents\facultate\master\projects\data\model_weights\CIFAR-10/PreResNet/OneCycleLR\2525\model_20_0.pth
[2023-11-07 21:04:30,415][root][INFO] - ===> epoch: 21/300
[2023-11-07 21:04:30,415][root][INFO] - train:
[2023-11-07 21:05:29,582][root][INFO] - val:
[2023-11-07 21:05:31,084][root][INFO] - ===> epoch: 22/300
[2023-11-07 21:05:31,084][root][INFO] - train:
[2023-11-07 21:06:27,160][root][INFO] - val:
[2023-11-07 21:06:28,712][root][INFO] - Checkpoint saved to C:\Users\GeorgeS\Documents\facultate\master\projects\data\model_weights\CIFAR-10/PreResNet/OneCycleLR\2525\model_22_0.7192999720573425.pth
[2023-11-07 21:06:28,713][root][INFO] - ===> BEST Val/Accuracy PERFORMANCE: 0.71930
[2023-11-07 21:06:28,714][root][INFO] - ===> epoch: 23/300
[2023-11-07 21:06:28,714][root][INFO] - train:
[2023-11-07 21:07:23,576][root][INFO] - val:
[2023-11-07 21:07:25,123][root][INFO] - ===> epoch: 24/300
[2023-11-07 21:07:25,123][root][INFO] - train:
[2023-11-07 21:08:20,453][root][INFO] - val:
[2023-11-07 21:08:21,977][root][INFO] - ===> epoch: 25/300
[2023-11-07 21:08:21,977][root][INFO] - train:
[2023-11-07 21:09:17,448][root][INFO] - val:
[2023-11-07 21:09:19,163][root][INFO] - Checkpoint saved to C:\Users\GeorgeS\Documents\facultate\master\projects\data\model_weights\CIFAR-10/PreResNet/OneCycleLR\2525\model_25_0.7272999882698059.pth
[2023-11-07 21:09:19,163][root][INFO] - ===> BEST Val/Accuracy PERFORMANCE: 0.72730
[2023-11-07 21:09:19,164][root][INFO] - ===> epoch: 26/300
[2023-11-07 21:09:19,165][root][INFO] - train:
[2023-11-07 21:10:13,714][root][INFO] - val:
[2023-11-07 21:10:15,278][root][INFO] - Checkpoint saved to C:\Users\GeorgeS\Documents\facultate\master\projects\data\model_weights\CIFAR-10/PreResNet/OneCycleLR\2525\model_26_0.7441999912261963.pth
[2023-11-07 21:10:15,278][root][INFO] - ===> BEST Val/Accuracy PERFORMANCE: 0.74420
[2023-11-07 21:10:15,279][root][INFO] - ===> epoch: 27/300
[2023-11-07 21:10:15,279][root][INFO] - train:
[2023-11-07 21:11:10,367][root][INFO] - val:
[2023-11-07 21:11:11,955][root][INFO] - Checkpoint saved to C:\Users\GeorgeS\Documents\facultate\master\projects\data\model_weights\CIFAR-10/PreResNet/OneCycleLR\2525\model_27_0.7599999904632568.pth
[2023-11-07 21:11:11,956][root][INFO] - ===> BEST Val/Accuracy PERFORMANCE: 0.76000
[2023-11-07 21:11:11,957][root][INFO] - ===> epoch: 28/300
[2023-11-07 21:11:11,957][root][INFO] - train:
[2023-11-07 21:12:06,716][root][INFO] - val:
[2023-11-07 21:12:08,264][root][INFO] - Checkpoint saved to C:\Users\GeorgeS\Documents\facultate\master\projects\data\model_weights\CIFAR-10/PreResNet/OneCycleLR\2525\model_28_0.7712000012397766.pth
[2023-11-07 21:12:08,264][root][INFO] - ===> BEST Val/Accuracy PERFORMANCE: 0.77120
[2023-11-07 21:12:08,265][root][INFO] - ===> epoch: 29/300
[2023-11-07 21:12:08,266][root][INFO] - train:
[2023-11-07 21:13:02,719][root][INFO] - val:
[2023-11-07 21:13:04,246][root][INFO] - ===> epoch: 30/300
[2023-11-07 21:13:04,247][root][INFO] - train:
[2023-11-07 21:14:00,314][root][INFO] - val:
[2023-11-07 21:14:01,920][root][INFO] - Checkpoint saved to C:\Users\GeorgeS\Documents\facultate\master\projects\data\model_weights\CIFAR-10/PreResNet/OneCycleLR\2525\model_30_0.8008999824523926.pth
[2023-11-07 21:14:01,920][root][INFO] - ===> BEST Val/Accuracy PERFORMANCE: 0.80090
[2023-11-07 21:14:01,958][root][INFO] - Checkpoint saved to C:\Users\GeorgeS\Documents\facultate\master\projects\data\model_weights\CIFAR-10/PreResNet/OneCycleLR\2525\model_30_0.pth
[2023-11-07 21:14:01,959][root][INFO] - ===> epoch: 31/300
[2023-11-07 21:14:01,959][root][INFO] - train:
[2023-11-07 21:14:56,001][root][INFO] - val:
[2023-11-07 21:14:57,481][root][INFO] - ===> epoch: 32/300
[2023-11-07 21:14:57,482][root][INFO] - train:
[2023-11-07 21:15:52,548][root][INFO] - val:
[2023-11-07 21:15:54,064][root][INFO] - ===> epoch: 33/300
[2023-11-07 21:15:54,065][root][INFO] - train:
[2023-11-07 21:16:48,673][root][INFO] - val:
[2023-11-07 21:16:50,203][root][INFO] - ===> epoch: 34/300
[2023-11-07 21:16:50,203][root][INFO] - train:
[2023-11-07 21:17:45,242][root][INFO] - val:
[2023-11-07 21:17:46,767][root][INFO] - ===> epoch: 35/300
[2023-11-07 21:17:46,767][root][INFO] - train:
[2023-11-07 21:18:41,955][root][INFO] - val:
[2023-11-07 21:18:43,469][root][INFO] - ===> epoch: 36/300
[2023-11-07 21:18:43,470][root][INFO] - train:
[2023-11-07 21:19:38,253][root][INFO] - val:
[2023-11-07 21:19:39,805][root][INFO] - Checkpoint saved to C:\Users\GeorgeS\Documents\facultate\master\projects\data\model_weights\CIFAR-10/PreResNet/OneCycleLR\2525\model_36_0.8080999851226807.pth
[2023-11-07 21:19:39,806][root][INFO] - ===> BEST Val/Accuracy PERFORMANCE: 0.80810
[2023-11-07 21:19:39,806][root][INFO] - ===> epoch: 37/300
[2023-11-07 21:19:39,806][root][INFO] - train:
[2023-11-07 21:20:34,558][root][INFO] - val:
[2023-11-07 21:20:36,084][root][INFO] - ===> epoch: 38/300
[2023-11-07 21:20:36,084][root][INFO] - train:
[2023-11-07 21:21:31,401][root][INFO] - val:
[2023-11-07 21:21:32,977][root][INFO] - Checkpoint saved to C:\Users\GeorgeS\Documents\facultate\master\projects\data\model_weights\CIFAR-10/PreResNet/OneCycleLR\2525\model_38_0.8148999810218811.pth
[2023-11-07 21:21:32,977][root][INFO] - ===> BEST Val/Accuracy PERFORMANCE: 0.81490
[2023-11-07 21:21:32,978][root][INFO] - ===> epoch: 39/300
[2023-11-07 21:21:32,978][root][INFO] - train:
[2023-11-07 21:22:31,167][root][INFO] - val:
[2023-11-07 21:22:32,865][root][INFO] - ===> epoch: 40/300
[2023-11-07 21:22:32,866][root][INFO] - train:
[2023-11-07 21:23:33,223][root][INFO] - val:
[2023-11-07 21:23:34,950][root][INFO] - Checkpoint saved to C:\Users\GeorgeS\Documents\facultate\master\projects\data\model_weights\CIFAR-10/PreResNet/OneCycleLR\2525\model_40_0.8213000297546387.pth
[2023-11-07 21:23:34,950][root][INFO] - ===> BEST Val/Accuracy PERFORMANCE: 0.82130
[2023-11-07 21:23:35,001][root][INFO] - Checkpoint saved to C:\Users\GeorgeS\Documents\facultate\master\projects\data\model_weights\CIFAR-10/PreResNet/OneCycleLR\2525\model_40_0.pth
[2023-11-07 21:23:35,002][root][INFO] - ===> epoch: 41/300
[2023-11-07 21:23:35,002][root][INFO] - train:
[2023-11-07 21:24:36,300][root][INFO] - val:
[2023-11-07 21:24:37,963][root][INFO] - ===> epoch: 42/300
[2023-11-07 21:24:37,964][root][INFO] - train:
[2023-11-07 21:25:39,207][root][INFO] - val:
[2023-11-07 21:25:40,876][root][INFO] - ===> epoch: 43/300
[2023-11-07 21:25:40,877][root][INFO] - train:
[2023-11-07 21:26:42,396][root][INFO] - val:
[2023-11-07 21:26:44,102][root][INFO] - Checkpoint saved to C:\Users\GeorgeS\Documents\facultate\master\projects\data\model_weights\CIFAR-10/PreResNet/OneCycleLR\2525\model_43_0.8295000195503235.pth
[2023-11-07 21:26:44,103][root][INFO] - ===> BEST Val/Accuracy PERFORMANCE: 0.82950
[2023-11-07 21:26:44,104][root][INFO] - ===> epoch: 44/300
[2023-11-07 21:26:44,105][root][INFO] - train:
[2023-11-07 21:27:44,536][root][INFO] - val:
[2023-11-07 21:27:46,415][root][INFO] - ===> epoch: 45/300
[2023-11-07 21:27:46,415][root][INFO] - train:
[2023-11-07 21:28:47,908][root][INFO] - val:
[2023-11-07 21:28:49,585][root][INFO] - ===> epoch: 46/300
[2023-11-07 21:28:49,585][root][INFO] - train:
[2023-11-07 21:29:46,458][root][INFO] - val:
[2023-11-07 21:29:48,126][root][INFO] - ===> epoch: 47/300
[2023-11-07 21:29:48,127][root][INFO] - train:
[2023-11-07 21:30:48,981][root][INFO] - val:
[2023-11-07 21:30:50,703][root][INFO] - Checkpoint saved to C:\Users\GeorgeS\Documents\facultate\master\projects\data\model_weights\CIFAR-10/PreResNet/OneCycleLR\2525\model_47_0.8370000123977661.pth
[2023-11-07 21:30:50,704][root][INFO] - ===> BEST Val/Accuracy PERFORMANCE: 0.83700
[2023-11-07 21:30:50,705][root][INFO] - ===> epoch: 48/300
[2023-11-07 21:30:50,705][root][INFO] - train:
[2023-11-07 21:31:50,493][root][INFO] - val:
[2023-11-07 21:31:51,986][root][INFO] - ===> epoch: 49/300
[2023-11-07 21:31:51,987][root][INFO] - train:
[2023-11-07 21:32:45,269][root][INFO] - val:
[2023-11-07 21:32:46,749][root][INFO] - ===> epoch: 50/300
[2023-11-07 21:32:46,749][root][INFO] - train:
[2023-11-07 21:33:44,370][root][INFO] - val:
[2023-11-07 21:33:46,123][root][INFO] - Checkpoint saved to C:\Users\GeorgeS\Documents\facultate\master\projects\data\model_weights\CIFAR-10/PreResNet/OneCycleLR\2525\model_50_0.pth
[2023-11-07 21:33:46,124][root][INFO] - ===> epoch: 51/300
[2023-11-07 21:33:46,125][root][INFO] - train:
[2023-11-07 21:34:45,066][root][INFO] - val:
[2023-11-07 21:34:46,587][root][INFO] - ===> epoch: 52/300
[2023-11-07 21:34:46,588][root][INFO] - train:
[2023-11-07 21:35:41,197][root][INFO] - val:
[2023-11-07 21:35:42,690][root][INFO] - ===> epoch: 53/300
[2023-11-07 21:35:42,691][root][INFO] - train:
[2023-11-07 21:36:36,351][root][INFO] - val:
[2023-11-07 21:36:37,828][root][INFO] - ===> epoch: 54/300
[2023-11-07 21:36:37,828][root][INFO] - train:
[2023-11-07 21:37:31,016][root][INFO] - val:
[2023-11-07 21:37:32,534][root][INFO] - Checkpoint saved to C:\Users\GeorgeS\Documents\facultate\master\projects\data\model_weights\CIFAR-10/PreResNet/OneCycleLR\2525\model_54_0.8450999855995178.pth
[2023-11-07 21:37:32,534][root][INFO] - ===> BEST Val/Accuracy PERFORMANCE: 0.84510
[2023-11-07 21:37:32,535][root][INFO] - ===> epoch: 55/300
[2023-11-07 21:37:32,536][root][INFO] - train:
[2023-11-07 21:38:26,168][root][INFO] - val:
[2023-11-07 21:38:27,651][root][INFO] - ===> epoch: 56/300
[2023-11-07 21:38:27,651][root][INFO] - train:
[2023-11-07 21:39:22,213][root][INFO] - val:
[2023-11-07 21:39:23,783][root][INFO] - ===> epoch: 57/300
[2023-11-07 21:39:23,783][root][INFO] - train:
[2023-11-07 21:40:21,619][root][INFO] - val:
[2023-11-07 21:40:23,176][root][INFO] - ===> epoch: 58/300
[2023-11-07 21:40:23,177][root][INFO] - train:
[2023-11-07 21:41:19,934][root][INFO] - val:
[2023-11-07 21:41:21,507][root][INFO] - ===> epoch: 59/300
[2023-11-07 21:41:21,508][root][INFO] - train:
[2023-11-07 21:42:18,072][root][INFO] - val:
[2023-11-07 21:42:19,888][root][INFO] - ===> epoch: 60/300
[2023-11-07 21:42:19,889][root][INFO] - train:
[2023-11-07 21:43:15,607][root][INFO] - val:
[2023-11-07 21:43:17,164][root][INFO] - Checkpoint saved to C:\Users\GeorgeS\Documents\facultate\master\projects\data\model_weights\CIFAR-10/PreResNet/OneCycleLR\2525\model_60_0.8460000157356262.pth
[2023-11-07 21:43:17,164][root][INFO] - ===> BEST Val/Accuracy PERFORMANCE: 0.84600
[2023-11-07 21:43:17,205][root][INFO] - Checkpoint saved to C:\Users\GeorgeS\Documents\facultate\master\projects\data\model_weights\CIFAR-10/PreResNet/OneCycleLR\2525\model_60_0.pth
[2023-11-07 21:43:17,206][root][INFO] - ===> epoch: 61/300
[2023-11-07 21:43:17,206][root][INFO] - train:
[2023-11-07 21:44:12,801][root][INFO] - val:
[2023-11-07 21:44:14,372][root][INFO] - Checkpoint saved to C:\Users\GeorgeS\Documents\facultate\master\projects\data\model_weights\CIFAR-10/PreResNet/OneCycleLR\2525\model_61_0.8471999764442444.pth
[2023-11-07 21:44:14,373][root][INFO] - ===> BEST Val/Accuracy PERFORMANCE: 0.84720
[2023-11-07 21:44:14,373][root][INFO] - ===> epoch: 62/300
[2023-11-07 21:44:14,374][root][INFO] - train:
[2023-11-07 21:45:10,189][root][INFO] - val:
[2023-11-07 21:45:11,693][root][INFO] - ===> epoch: 63/300
[2023-11-07 21:45:11,693][root][INFO] - train:
[2023-11-07 21:46:06,701][root][INFO] - val:
[2023-11-07 21:46:08,231][root][INFO] - ===> epoch: 64/300
[2023-11-07 21:46:08,231][root][INFO] - train:
[2023-11-07 21:47:04,693][root][INFO] - val:
[2023-11-07 21:47:06,333][root][INFO] - ===> epoch: 65/300
[2023-11-07 21:47:06,334][root][INFO] - train:
[2023-11-07 21:48:06,456][root][INFO] - val:
[2023-11-07 21:48:08,085][root][INFO] - ===> epoch: 66/300
[2023-11-07 21:48:08,085][root][INFO] - train:
[2023-11-07 21:49:07,499][root][INFO] - val:
[2023-11-07 21:49:09,146][root][INFO] - ===> epoch: 67/300
[2023-11-07 21:49:09,147][root][INFO] - train:
[2023-11-07 21:50:08,752][root][INFO] - val:
[2023-11-07 21:50:10,404][root][INFO] - ===> epoch: 68/300
[2023-11-07 21:50:10,405][root][INFO] - train:
[2023-11-07 21:51:09,873][root][INFO] - val:
[2023-11-07 21:51:11,556][root][INFO] - Checkpoint saved to C:\Users\GeorgeS\Documents\facultate\master\projects\data\model_weights\CIFAR-10/PreResNet/OneCycleLR\2525\model_68_0.8525999784469604.pth
[2023-11-07 21:51:11,557][root][INFO] - ===> BEST Val/Accuracy PERFORMANCE: 0.85260
[2023-11-07 21:51:11,558][root][INFO] - ===> epoch: 69/300
[2023-11-07 21:51:11,558][root][INFO] - train:
[2023-11-07 21:52:11,156][root][INFO] - val:
[2023-11-07 21:52:12,787][root][INFO] - ===> epoch: 70/300
[2023-11-07 21:52:12,787][root][INFO] - train:
[2023-11-07 21:53:06,713][root][INFO] - val:
[2023-11-07 21:53:08,243][root][INFO] - Checkpoint saved to C:\Users\GeorgeS\Documents\facultate\master\projects\data\model_weights\CIFAR-10/PreResNet/OneCycleLR\2525\model_70_0.8571000099182129.pth
[2023-11-07 21:53:08,243][root][INFO] - ===> BEST Val/Accuracy PERFORMANCE: 0.85710
[2023-11-07 21:53:08,288][root][INFO] - Checkpoint saved to C:\Users\GeorgeS\Documents\facultate\master\projects\data\model_weights\CIFAR-10/PreResNet/OneCycleLR\2525\model_70_0.pth
[2023-11-07 21:53:08,288][root][INFO] - ===> epoch: 71/300
[2023-11-07 21:53:08,289][root][INFO] - train:
[2023-11-07 21:54:03,739][root][INFO] - val:
[2023-11-07 21:54:05,233][root][INFO] - ===> epoch: 72/300
[2023-11-07 21:54:05,233][root][INFO] - train:
[2023-11-07 21:54:59,826][root][INFO] - val:
[2023-11-07 21:55:01,353][root][INFO] - Checkpoint saved to C:\Users\GeorgeS\Documents\facultate\master\projects\data\model_weights\CIFAR-10/PreResNet/OneCycleLR\2525\model_72_0.8582000136375427.pth
[2023-11-07 21:55:01,354][root][INFO] - ===> BEST Val/Accuracy PERFORMANCE: 0.85820
[2023-11-07 21:55:01,355][root][INFO] - ===> epoch: 73/300
[2023-11-07 21:55:01,356][root][INFO] - train:
[2023-11-07 21:55:55,778][root][INFO] - val:
[2023-11-07 21:55:57,301][root][INFO] - ===> epoch: 74/300
[2023-11-07 21:55:57,302][root][INFO] - train:
[2023-11-07 21:56:51,607][root][INFO] - val:
[2023-11-07 21:56:53,123][root][INFO] - ===> epoch: 75/300
[2023-11-07 21:56:53,123][root][INFO] - train:
[2023-11-07 21:57:47,260][root][INFO] - val:
[2023-11-07 21:57:48,765][root][INFO] - ===> epoch: 76/300
[2023-11-07 21:57:48,765][root][INFO] - train:
[2023-11-07 21:58:43,528][root][INFO] - val:
[2023-11-07 21:58:45,058][root][INFO] - Checkpoint saved to C:\Users\GeorgeS\Documents\facultate\master\projects\data\model_weights\CIFAR-10/PreResNet/OneCycleLR\2525\model_76_0.8618999719619751.pth
[2023-11-07 21:58:45,058][root][INFO] - ===> BEST Val/Accuracy PERFORMANCE: 0.86190
[2023-11-07 21:58:45,059][root][INFO] - ===> epoch: 77/300
[2023-11-07 21:58:45,059][root][INFO] - train:
[2023-11-07 21:59:39,584][root][INFO] - val:
[2023-11-07 21:59:41,068][root][INFO] - ===> epoch: 78/300
[2023-11-07 21:59:41,069][root][INFO] - train:
[2023-11-07 22:00:35,841][root][INFO] - val:
[2023-11-07 22:00:37,367][root][INFO] - Checkpoint saved to C:\Users\GeorgeS\Documents\facultate\master\projects\data\model_weights\CIFAR-10/PreResNet/OneCycleLR\2525\model_78_0.8629000186920166.pth
[2023-11-07 22:00:37,368][root][INFO] - ===> BEST Val/Accuracy PERFORMANCE: 0.86290
[2023-11-07 22:00:37,368][root][INFO] - ===> epoch: 79/300
[2023-11-07 22:00:37,369][root][INFO] - train:
[2023-11-07 22:01:30,882][root][INFO] - val:
[2023-11-07 22:01:32,525][root][INFO] - ===> epoch: 80/300
[2023-11-07 22:01:32,525][root][INFO] - train:
[2023-11-07 22:02:27,255][root][INFO] - val:
[2023-11-07 22:02:28,835][root][INFO] - Checkpoint saved to C:\Users\GeorgeS\Documents\facultate\master\projects\data\model_weights\CIFAR-10/PreResNet/OneCycleLR\2525\model_80_0.pth
[2023-11-07 22:02:28,836][root][INFO] - ===> epoch: 81/300
[2023-11-07 22:02:28,837][root][INFO] - train:
[2023-11-07 22:03:24,445][root][INFO] - val:
[2023-11-07 22:03:25,933][root][INFO] - ===> epoch: 82/300
[2023-11-07 22:03:25,933][root][INFO] - train:
[2023-11-07 22:04:20,715][root][INFO] - val:
[2023-11-07 22:04:22,193][root][INFO] - ===> epoch: 83/300
[2023-11-07 22:04:22,193][root][INFO] - train:
[2023-11-07 22:05:16,173][root][INFO] - val:
[2023-11-07 22:05:17,643][root][INFO] - ===> epoch: 84/300
[2023-11-07 22:05:17,644][root][INFO] - train:
[2023-11-07 22:06:10,998][root][INFO] - val:
[2023-11-07 22:06:12,692][root][INFO] - Checkpoint saved to C:\Users\GeorgeS\Documents\facultate\master\projects\data\model_weights\CIFAR-10/PreResNet/OneCycleLR\2525\model_84_0.8694000244140625.pth
[2023-11-07 22:06:12,693][root][INFO] - ===> BEST Val/Accuracy PERFORMANCE: 0.86940
[2023-11-07 22:06:12,694][root][INFO] - ===> epoch: 85/300
[2023-11-07 22:06:12,694][root][INFO] - train:
[2023-11-07 22:07:08,457][root][INFO] - val:
[2023-11-07 22:07:09,977][root][INFO] - ===> epoch: 86/300
[2023-11-07 22:07:09,978][root][INFO] - train:
[2023-11-07 22:08:04,483][root][INFO] - val:
[2023-11-07 22:08:05,961][root][INFO] - ===> epoch: 87/300
[2023-11-07 22:08:05,961][root][INFO] - train:
[2023-11-07 22:08:59,724][root][INFO] - val:
[2023-11-07 22:09:01,288][root][INFO] - Checkpoint saved to C:\Users\GeorgeS\Documents\facultate\master\projects\data\model_weights\CIFAR-10/PreResNet/OneCycleLR\2525\model_87_0.8695999979972839.pth
[2023-11-07 22:09:01,289][root][INFO] - ===> BEST Val/Accuracy PERFORMANCE: 0.86960
[2023-11-07 22:09:01,289][root][INFO] - ===> epoch: 88/300
[2023-11-07 22:09:01,290][root][INFO] - train:
[2023-11-07 22:09:58,786][root][INFO] - val:
[2023-11-07 22:10:00,307][root][INFO] - Checkpoint saved to C:\Users\GeorgeS\Documents\facultate\master\projects\data\model_weights\CIFAR-10/PreResNet/OneCycleLR\2525\model_88_0.8700000047683716.pth
[2023-11-07 22:10:00,308][root][INFO] - ===> BEST Val/Accuracy PERFORMANCE: 0.87000
[2023-11-07 22:10:00,308][root][INFO] - ===> epoch: 89/300
[2023-11-07 22:10:00,309][root][INFO] - train:
[2023-11-07 22:10:54,565][root][INFO] - val:
[2023-11-07 22:10:56,075][root][INFO] - ===> epoch: 90/300
[2023-11-07 22:10:56,076][root][INFO] - train:
[2023-11-07 22:11:50,542][root][INFO] - val:
[2023-11-07 22:11:52,074][root][INFO] - Checkpoint saved to C:\Users\GeorgeS\Documents\facultate\master\projects\data\model_weights\CIFAR-10/PreResNet/OneCycleLR\2525\model_90_0.pth
[2023-11-07 22:11:52,075][root][INFO] - ===> epoch: 91/300
[2023-11-07 22:11:52,075][root][INFO] - train:
[2023-11-07 22:12:46,616][root][INFO] - val:
[2023-11-07 22:12:48,186][root][INFO] - Checkpoint saved to C:\Users\GeorgeS\Documents\facultate\master\projects\data\model_weights\CIFAR-10/PreResNet/OneCycleLR\2525\model_91_0.8769000172615051.pth
[2023-11-07 22:12:48,187][root][INFO] - ===> BEST Val/Accuracy PERFORMANCE: 0.87690
[2023-11-07 22:12:48,188][root][INFO] - ===> epoch: 92/300
[2023-11-07 22:12:48,188][root][INFO] - train:
[2023-11-07 22:13:48,152][root][INFO] - val:
[2023-11-07 22:13:49,655][root][INFO] - ===> epoch: 93/300
[2023-11-07 22:13:49,655][root][INFO] - train:
[2023-11-07 22:14:44,585][root][INFO] - val:
[2023-11-07 22:14:46,100][root][INFO] - ===> epoch: 94/300
[2023-11-07 22:14:46,101][root][INFO] - train:
[2023-11-07 22:15:39,550][root][INFO] - val:
[2023-11-07 22:15:41,234][root][INFO] - ===> epoch: 95/300
[2023-11-07 22:15:41,235][root][INFO] - train:
[2023-11-07 22:16:34,569][root][INFO] - val:
[2023-11-07 22:16:36,050][root][INFO] - ===> epoch: 96/300
[2023-11-07 22:16:36,050][root][INFO] - train:
[2023-11-07 22:17:29,543][root][INFO] - val:
[2023-11-07 22:17:31,022][root][INFO] - ===> epoch: 97/300
[2023-11-07 22:17:31,022][root][INFO] - train:
[2023-11-07 22:18:24,998][root][INFO] - val:
[2023-11-07 22:18:26,502][root][INFO] - ===> epoch: 98/300
[2023-11-07 22:18:26,503][root][INFO] - train:
[2023-11-07 22:19:20,511][root][INFO] - val:
[2023-11-07 22:19:21,979][root][INFO] - ===> epoch: 99/300
[2023-11-07 22:19:21,979][root][INFO] - train:
[2023-11-07 22:20:18,833][root][INFO] - val:
[2023-11-07 22:20:20,598][root][INFO] - ===> epoch: 100/300
[2023-11-07 22:20:20,599][root][INFO] - train:
[2023-11-07 22:21:16,780][root][INFO] - val:
[2023-11-07 22:21:18,335][root][INFO] - Checkpoint saved to C:\Users\GeorgeS\Documents\facultate\master\projects\data\model_weights\CIFAR-10/PreResNet/OneCycleLR\2525\model_100_0.pth
[2023-11-07 22:21:18,336][root][INFO] - ===> epoch: 101/300
[2023-11-07 22:21:18,336][root][INFO] - train:
[2023-11-07 22:22:12,453][root][INFO] - val:
[2023-11-07 22:22:13,943][root][INFO] - ===> epoch: 102/300
[2023-11-07 22:22:13,944][root][INFO] - train:
[2023-11-07 22:23:07,862][root][INFO] - val:
[2023-11-07 22:23:09,349][root][INFO] - ===> epoch: 103/300
[2023-11-07 22:23:09,349][root][INFO] - train:
[2023-11-07 22:24:03,375][root][INFO] - val:
[2023-11-07 22:24:04,867][root][INFO] - ===> epoch: 104/300
[2023-11-07 22:24:04,868][root][INFO] - train:
[2023-11-07 22:24:58,285][root][INFO] - val:
[2023-11-07 22:24:59,898][root][INFO] - ===> epoch: 105/300
[2023-11-07 22:24:59,898][root][INFO] - train:
[2023-11-07 22:25:53,425][root][INFO] - val:
[2023-11-07 22:25:54,914][root][INFO] - ===> epoch: 106/300
[2023-11-07 22:25:54,914][root][INFO] - train:
[2023-11-07 22:26:48,217][root][INFO] - val:
[2023-11-07 22:26:49,709][root][INFO] - ===> epoch: 107/300
[2023-11-07 22:26:49,710][root][INFO] - train:
[2023-11-07 22:27:43,219][root][INFO] - val:
[2023-11-07 22:27:44,705][root][INFO] - ===> epoch: 108/300
[2023-11-07 22:27:44,705][root][INFO] - train:
[2023-11-07 22:28:38,418][root][INFO] - val:
[2023-11-07 22:28:39,911][root][INFO] - ===> epoch: 109/300
[2023-11-07 22:28:39,911][root][INFO] - train:
[2023-11-07 22:29:33,243][root][INFO] - val:
[2023-11-07 22:29:34,937][root][INFO] - Checkpoint saved to C:\Users\GeorgeS\Documents\facultate\master\projects\data\model_weights\CIFAR-10/PreResNet/OneCycleLR\2525\model_109_0.886900007724762.pth
[2023-11-07 22:29:34,937][root][INFO] - ===> BEST Val/Accuracy PERFORMANCE: 0.88690
[2023-11-07 22:29:34,938][root][INFO] - ===> epoch: 110/300
[2023-11-07 22:29:34,938][root][INFO] - train:
[2023-11-07 22:30:28,257][root][INFO] - val:
[2023-11-07 22:30:29,799][root][INFO] - Checkpoint saved to C:\Users\GeorgeS\Documents\facultate\master\projects\data\model_weights\CIFAR-10/PreResNet/OneCycleLR\2525\model_110_0.pth
[2023-11-07 22:30:29,800][root][INFO] - ===> epoch: 111/300
[2023-11-07 22:30:29,800][root][INFO] - train:
[2023-11-07 22:31:23,459][root][INFO] - val:
[2023-11-07 22:31:24,940][root][INFO] - ===> epoch: 112/300
[2023-11-07 22:31:24,941][root][INFO] - train:
[2023-11-07 22:32:18,602][root][INFO] - val:
[2023-11-07 22:32:20,073][root][INFO] - ===> epoch: 113/300
[2023-11-07 22:32:20,074][root][INFO] - train:
[2023-11-07 22:33:13,738][root][INFO] - val:
[2023-11-07 22:33:15,231][root][INFO] - ===> epoch: 114/300
[2023-11-07 22:33:15,231][root][INFO] - train:
[2023-11-07 22:34:08,692][root][INFO] - val:
[2023-11-07 22:34:10,181][root][INFO] - ===> epoch: 115/300
[2023-11-07 22:34:10,182][root][INFO] - train:
[2023-11-07 22:35:03,470][root][INFO] - val:
[2023-11-07 22:35:04,951][root][INFO] - ===> epoch: 116/300
[2023-11-07 22:35:04,951][root][INFO] - train:
[2023-11-07 22:36:01,627][root][INFO] - val:
[2023-11-07 22:36:03,249][root][INFO] - ===> epoch: 117/300
[2023-11-07 22:36:03,250][root][INFO] - train:
[2023-11-07 22:37:04,178][root][INFO] - val:
[2023-11-07 22:37:05,777][root][INFO] - ===> epoch: 118/300
[2023-11-07 22:37:05,778][root][INFO] - train:
[2023-11-07 22:38:05,806][root][INFO] - val:
[2023-11-07 22:38:07,456][root][INFO] - Checkpoint saved to C:\Users\GeorgeS\Documents\facultate\master\projects\data\model_weights\CIFAR-10/PreResNet/OneCycleLR\2525\model_118_0.8906999826431274.pth
[2023-11-07 22:38:07,457][root][INFO] - ===> BEST Val/Accuracy PERFORMANCE: 0.89070
[2023-11-07 22:38:07,458][root][INFO] - ===> epoch: 119/300
[2023-11-07 22:38:07,458][root][INFO] - train:
[2023-11-07 22:39:06,709][root][INFO] - val:
[2023-11-07 22:39:08,357][root][INFO] - ===> epoch: 120/300
[2023-11-07 22:39:08,358][root][INFO] - train:
[2023-11-07 22:40:07,849][root][INFO] - val:
[2023-11-07 22:40:09,496][root][INFO] - Checkpoint saved to C:\Users\GeorgeS\Documents\facultate\master\projects\data\model_weights\CIFAR-10/PreResNet/OneCycleLR\2525\model_120_0.pth
[2023-11-07 22:40:09,497][root][INFO] - ===> epoch: 121/300
[2023-11-07 22:40:09,497][root][INFO] - train:
[2023-11-07 22:41:09,160][root][INFO] - val:
[2023-11-07 22:41:10,760][root][INFO] - ===> epoch: 122/300
[2023-11-07 22:41:10,760][root][INFO] - train:
[2023-11-07 22:42:08,652][root][INFO] - val:
[2023-11-07 22:42:10,270][root][INFO] - ===> epoch: 123/300
[2023-11-07 22:42:10,270][root][INFO] - train:
[2023-11-07 22:43:08,216][root][INFO] - val:
[2023-11-07 22:43:09,823][root][INFO] - ===> epoch: 124/300
[2023-11-07 22:43:09,824][root][INFO] - train:
[2023-11-07 22:44:07,612][root][INFO] - val:
[2023-11-07 22:44:09,213][root][INFO] - ===> epoch: 125/300
[2023-11-07 22:44:09,214][root][INFO] - train:
[2023-11-07 22:45:07,122][root][INFO] - val:
[2023-11-07 22:45:08,765][root][INFO] - Checkpoint saved to C:\Users\GeorgeS\Documents\facultate\master\projects\data\model_weights\CIFAR-10/PreResNet/OneCycleLR\2525\model_125_0.8925999999046326.pth
[2023-11-07 22:45:08,766][root][INFO] - ===> BEST Val/Accuracy PERFORMANCE: 0.89260
[2023-11-07 22:45:08,767][root][INFO] - ===> epoch: 126/300
[2023-11-07 22:45:08,767][root][INFO] - train:
[2023-11-07 22:46:06,587][root][INFO] - val:
[2023-11-07 22:46:08,186][root][INFO] - ===> epoch: 127/300
[2023-11-07 22:46:08,187][root][INFO] - train:
[2023-11-07 22:47:05,389][root][INFO] - val:
[2023-11-07 22:47:06,885][root][INFO] - ===> epoch: 128/300
[2023-11-07 22:47:06,885][root][INFO] - train:
[2023-11-07 22:48:00,465][root][INFO] - val:
[2023-11-07 22:48:01,953][root][INFO] - ===> epoch: 129/300
[2023-11-07 22:48:01,954][root][INFO] - train:
[2023-11-07 22:48:55,868][root][INFO] - val:
[2023-11-07 22:48:57,382][root][INFO] - Checkpoint saved to C:\Users\GeorgeS\Documents\facultate\master\projects\data\model_weights\CIFAR-10/PreResNet/OneCycleLR\2525\model_129_0.8978000283241272.pth
[2023-11-07 22:48:57,382][root][INFO] - ===> BEST Val/Accuracy PERFORMANCE: 0.89780
[2023-11-07 22:48:57,383][root][INFO] - ===> epoch: 130/300
[2023-11-07 22:48:57,383][root][INFO] - train:
[2023-11-07 22:49:50,559][root][INFO] - val:
[2023-11-07 22:49:52,064][root][INFO] - Checkpoint saved to C:\Users\GeorgeS\Documents\facultate\master\projects\data\model_weights\CIFAR-10/PreResNet/OneCycleLR\2525\model_130_0.pth
[2023-11-07 22:49:52,065][root][INFO] - ===> epoch: 131/300
[2023-11-07 22:49:52,066][root][INFO] - train:
[2023-11-07 22:50:45,467][root][INFO] - val:
[2023-11-07 22:50:46,932][root][INFO] - ===> epoch: 132/300
[2023-11-07 22:50:46,933][root][INFO] - train:
[2023-11-07 22:51:39,964][root][INFO] - val:
[2023-11-07 22:51:41,440][root][INFO] - ===> epoch: 133/300
[2023-11-07 22:51:41,441][root][INFO] - train:
[2023-11-07 22:52:34,748][root][INFO] - val:
[2023-11-07 22:52:36,229][root][INFO] - ===> epoch: 134/300
[2023-11-07 22:52:36,230][root][INFO] - train:
[2023-11-07 22:53:29,591][root][INFO] - val:
[2023-11-07 22:53:31,066][root][INFO] - ===> epoch: 135/300
[2023-11-07 22:53:31,067][root][INFO] - train:
[2023-11-07 22:54:24,418][root][INFO] - val:
[2023-11-07 22:54:25,921][root][INFO] - ===> epoch: 136/300
[2023-11-07 22:54:25,921][root][INFO] - train:
[2023-11-07 22:55:20,492][root][INFO] - val:
[2023-11-07 22:55:21,976][root][INFO] - ===> epoch: 137/300
[2023-11-07 22:55:21,976][root][INFO] - train:
[2023-11-07 22:56:15,403][root][INFO] - val:
[2023-11-07 22:56:17,103][root][INFO] - Checkpoint saved to C:\Users\GeorgeS\Documents\facultate\master\projects\data\model_weights\CIFAR-10/PreResNet/OneCycleLR\2525\model_137_0.899399995803833.pth
[2023-11-07 22:56:17,103][root][INFO] - ===> BEST Val/Accuracy PERFORMANCE: 0.89940
[2023-11-07 22:56:17,104][root][INFO] - ===> epoch: 138/300
[2023-11-07 22:56:17,104][root][INFO] - train:
[2023-11-07 22:57:10,315][root][INFO] - val:
[2023-11-07 22:57:11,814][root][INFO] - ===> epoch: 139/300
[2023-11-07 22:57:11,814][root][INFO] - train:
[2023-11-07 22:58:05,203][root][INFO] - val:
[2023-11-07 22:58:06,685][root][INFO] - ===> epoch: 140/300
[2023-11-07 22:58:06,686][root][INFO] - train:
[2023-11-07 22:59:00,020][root][INFO] - val:
[2023-11-07 22:59:01,544][root][INFO] - Checkpoint saved to C:\Users\GeorgeS\Documents\facultate\master\projects\data\model_weights\CIFAR-10/PreResNet/OneCycleLR\2525\model_140_0.9002000093460083.pth
[2023-11-07 22:59:01,545][root][INFO] - ===> BEST Val/Accuracy PERFORMANCE: 0.90020
[2023-11-07 22:59:01,587][root][INFO] - Checkpoint saved to C:\Users\GeorgeS\Documents\facultate\master\projects\data\model_weights\CIFAR-10/PreResNet/OneCycleLR\2525\model_140_0.pth
[2023-11-07 22:59:01,588][root][INFO] - ===> epoch: 141/300
[2023-11-07 22:59:01,588][root][INFO] - train:
[2023-11-07 22:59:55,012][root][INFO] - val:
[2023-11-07 22:59:56,489][root][INFO] - ===> epoch: 142/300
[2023-11-07 22:59:56,490][root][INFO] - train:
[2023-11-07 23:00:50,006][root][INFO] - val:
[2023-11-07 23:00:51,546][root][INFO] - Checkpoint saved to C:\Users\GeorgeS\Documents\facultate\master\projects\data\model_weights\CIFAR-10/PreResNet/OneCycleLR\2525\model_142_0.900600016117096.pth
[2023-11-07 23:00:51,546][root][INFO] - ===> BEST Val/Accuracy PERFORMANCE: 0.90060
[2023-11-07 23:00:51,547][root][INFO] - ===> epoch: 143/300
[2023-11-07 23:00:51,548][root][INFO] - train:
[2023-11-07 23:01:44,886][root][INFO] - val:
[2023-11-07 23:01:46,352][root][INFO] - ===> epoch: 144/300
[2023-11-07 23:01:46,353][root][INFO] - train:
[2023-11-07 23:02:42,467][root][INFO] - val:
[2023-11-07 23:02:43,984][root][INFO] - Checkpoint saved to C:\Users\GeorgeS\Documents\facultate\master\projects\data\model_weights\CIFAR-10/PreResNet/OneCycleLR\2525\model_144_0.9064000248908997.pth
[2023-11-07 23:02:43,985][root][INFO] - ===> BEST Val/Accuracy PERFORMANCE: 0.90640
[2023-11-07 23:02:43,986][root][INFO] - ===> epoch: 145/300
[2023-11-07 23:02:43,986][root][INFO] - train:
[2023-11-07 23:03:40,875][root][INFO] - val:
[2023-11-07 23:03:42,529][root][INFO] - ===> epoch: 146/300
[2023-11-07 23:03:42,530][root][INFO] - train:
[2023-11-07 23:04:38,548][root][INFO] - val:
[2023-11-07 23:04:40,076][root][INFO] - ===> epoch: 147/300
[2023-11-07 23:04:40,077][root][INFO] - train:
[2023-11-07 23:05:36,038][root][INFO] - val:
[2023-11-07 23:05:37,514][root][INFO] - ===> epoch: 148/300
[2023-11-07 23:05:37,515][root][INFO] - train:
[2023-11-07 23:06:31,509][root][INFO] - val:
[2023-11-07 23:06:33,122][root][INFO] - ===> epoch: 149/300
[2023-11-07 23:06:33,122][root][INFO] - train:
[2023-11-07 23:07:27,456][root][INFO] - val:
[2023-11-07 23:07:28,984][root][INFO] - Checkpoint saved to C:\Users\GeorgeS\Documents\facultate\master\projects\data\model_weights\CIFAR-10/PreResNet/OneCycleLR\2525\model_149_0.9067000150680542.pth
[2023-11-07 23:07:28,985][root][INFO] - ===> BEST Val/Accuracy PERFORMANCE: 0.90670
[2023-11-07 23:07:28,986][root][INFO] - ===> epoch: 150/300
[2023-11-07 23:07:28,986][root][INFO] - train:
[2023-11-07 23:08:25,334][root][INFO] - val:
[2023-11-07 23:08:27,002][root][INFO] - Checkpoint saved to C:\Users\GeorgeS\Documents\facultate\master\projects\data\model_weights\CIFAR-10/PreResNet/OneCycleLR\2525\model_150_0.pth
[2023-11-07 23:08:27,003][root][INFO] - ===> epoch: 151/300
[2023-11-07 23:08:27,004][root][INFO] - train:
[2023-11-07 23:09:24,284][root][INFO] - val:
[2023-11-07 23:09:25,946][root][INFO] - ===> epoch: 152/300
[2023-11-07 23:09:25,946][root][INFO] - train:
[2023-11-07 23:10:21,962][root][INFO] - val:
[2023-11-07 23:10:23,498][root][INFO] - Checkpoint saved to C:\Users\GeorgeS\Documents\facultate\master\projects\data\model_weights\CIFAR-10/PreResNet/OneCycleLR\2525\model_152_0.9088000059127808.pth
[2023-11-07 23:10:23,498][root][INFO] - ===> BEST Val/Accuracy PERFORMANCE: 0.90880
[2023-11-07 23:10:23,499][root][INFO] - ===> epoch: 153/300
[2023-11-07 23:10:23,500][root][INFO] - train:
[2023-11-07 23:11:18,657][root][INFO] - val:
[2023-11-07 23:11:20,133][root][INFO] - ===> epoch: 154/300
[2023-11-07 23:11:20,133][root][INFO] - train:
[2023-11-07 23:12:14,673][root][INFO] - val:
[2023-11-07 23:12:16,157][root][INFO] - ===> epoch: 155/300
[2023-11-07 23:12:16,157][root][INFO] - train:
[2023-11-07 23:13:14,659][root][INFO] - val:
[2023-11-07 23:13:16,386][root][INFO] - ===> epoch: 156/300
[2023-11-07 23:13:16,386][root][INFO] - train:
[2023-11-07 23:14:14,793][root][INFO] - val:
[2023-11-07 23:14:16,339][root][INFO] - ===> epoch: 157/300
[2023-11-07 23:14:16,339][root][INFO] - train:
[2023-11-07 23:15:14,086][root][INFO] - val:
[2023-11-07 23:15:15,729][root][INFO] - ===> epoch: 158/300
[2023-11-07 23:15:15,730][root][INFO] - train:
[2023-11-07 23:16:13,408][root][INFO] - val:
[2023-11-07 23:16:14,965][root][INFO] - ===> epoch: 159/300
[2023-11-07 23:16:14,966][root][INFO] - train:
[2023-11-07 23:17:13,496][root][INFO] - val:
[2023-11-07 23:17:15,048][root][INFO] - Checkpoint saved to C:\Users\GeorgeS\Documents\facultate\master\projects\data\model_weights\CIFAR-10/PreResNet/OneCycleLR\2525\model_159_0.911899983882904.pth
[2023-11-07 23:17:15,049][root][INFO] - ===> BEST Val/Accuracy PERFORMANCE: 0.91190
[2023-11-07 23:17:15,050][root][INFO] - ===> epoch: 160/300
[2023-11-07 23:17:15,051][root][INFO] - train:
[2023-11-07 23:18:12,902][root][INFO] - val:
[2023-11-07 23:18:14,552][root][INFO] - Checkpoint saved to C:\Users\GeorgeS\Documents\facultate\master\projects\data\model_weights\CIFAR-10/PreResNet/OneCycleLR\2525\model_160_0.pth
[2023-11-07 23:18:14,553][root][INFO] - ===> epoch: 161/300
[2023-11-07 23:18:14,553][root][INFO] - train:
[2023-11-07 23:19:09,399][root][INFO] - val:
[2023-11-07 23:19:11,149][root][INFO] - ===> epoch: 162/300
[2023-11-07 23:19:11,150][root][INFO] - train:
[2023-11-07 23:20:04,822][root][INFO] - val:
[2023-11-07 23:20:06,325][root][INFO] - Checkpoint saved to C:\Users\GeorgeS\Documents\facultate\master\projects\data\model_weights\CIFAR-10/PreResNet/OneCycleLR\2525\model_162_0.9120000004768372.pth
[2023-11-07 23:20:06,325][root][INFO] - ===> BEST Val/Accuracy PERFORMANCE: 0.91200
[2023-11-07 23:20:06,326][root][INFO] - ===> epoch: 163/300
[2023-11-07 23:20:06,326][root][INFO] - train:
[2023-11-07 23:20:59,436][root][INFO] - val:
[2023-11-07 23:21:00,956][root][INFO] - Checkpoint saved to C:\Users\GeorgeS\Documents\facultate\master\projects\data\model_weights\CIFAR-10/PreResNet/OneCycleLR\2525\model_163_0.9189000129699707.pth
[2023-11-07 23:21:00,957][root][INFO] - ===> BEST Val/Accuracy PERFORMANCE: 0.91890
[2023-11-07 23:21:00,957][root][INFO] - ===> epoch: 164/300
[2023-11-07 23:21:00,958][root][INFO] - train:
[2023-11-07 23:21:53,923][root][INFO] - val:
[2023-11-07 23:21:55,391][root][INFO] - ===> epoch: 165/300
[2023-11-07 23:21:55,391][root][INFO] - train:
[2023-11-07 23:22:48,831][root][INFO] - val:
[2023-11-07 23:22:50,378][root][INFO] - ===> epoch: 166/300
[2023-11-07 23:22:50,378][root][INFO] - train:
[2023-11-07 23:23:43,363][root][INFO] - val:
[2023-11-07 23:23:44,837][root][INFO] - ===> epoch: 167/300
[2023-11-07 23:23:44,838][root][INFO] - train:
[2023-11-07 23:24:37,739][root][INFO] - val:
[2023-11-07 23:24:39,208][root][INFO] - ===> epoch: 168/300
[2023-11-07 23:24:39,208][root][INFO] - train:
[2023-11-07 23:25:33,409][root][INFO] - val:
[2023-11-07 23:25:34,941][root][INFO] - ===> epoch: 169/300
[2023-11-07 23:25:34,941][root][INFO] - train:
[2023-11-07 23:26:30,121][root][INFO] - val:
[2023-11-07 23:26:31,604][root][INFO] - ===> epoch: 170/300
[2023-11-07 23:26:31,604][root][INFO] - train:
[2023-11-07 23:27:25,760][root][INFO] - val:
[2023-11-07 23:27:27,320][root][INFO] - Checkpoint saved to C:\Users\GeorgeS\Documents\facultate\master\projects\data\model_weights\CIFAR-10/PreResNet/OneCycleLR\2525\model_170_0.pth
[2023-11-07 23:27:27,321][root][INFO] - ===> epoch: 171/300
[2023-11-07 23:27:27,321][root][INFO] - train:
[2023-11-07 23:28:22,636][root][INFO] - val:
[2023-11-07 23:28:24,122][root][INFO] - ===> epoch: 172/300
[2023-11-07 23:28:24,123][root][INFO] - train:
[2023-11-07 23:29:17,150][root][INFO] - val:
[2023-11-07 23:29:18,703][root][INFO] - Checkpoint saved to C:\Users\GeorgeS\Documents\facultate\master\projects\data\model_weights\CIFAR-10/PreResNet/OneCycleLR\2525\model_172_0.919700026512146.pth
[2023-11-07 23:29:18,704][root][INFO] - ===> BEST Val/Accuracy PERFORMANCE: 0.91970
[2023-11-07 23:29:18,705][root][INFO] - ===> epoch: 173/300
[2023-11-07 23:29:18,705][root][INFO] - train:
[2023-11-07 23:30:11,301][root][INFO] - val:
[2023-11-07 23:30:12,992][root][INFO] - ===> epoch: 174/300
[2023-11-07 23:30:12,992][root][INFO] - train:
[2023-11-07 23:31:05,736][root][INFO] - val:
[2023-11-07 23:31:07,402][root][INFO] - Checkpoint saved to C:\Users\GeorgeS\Documents\facultate\master\projects\data\model_weights\CIFAR-10/PreResNet/OneCycleLR\2525\model_174_0.9204999804496765.pth
[2023-11-07 23:31:07,402][root][INFO] - ===> BEST Val/Accuracy PERFORMANCE: 0.92050
[2023-11-07 23:31:07,403][root][INFO] - ===> epoch: 175/300
[2023-11-07 23:31:07,403][root][INFO] - train:
[2023-11-07 23:32:00,018][root][INFO] - val:
[2023-11-07 23:32:01,715][root][INFO] - ===> epoch: 176/300
[2023-11-07 23:32:01,715][root][INFO] - train:
[2023-11-07 23:32:53,941][root][INFO] - val:
[2023-11-07 23:32:55,565][root][INFO] - ===> epoch: 177/300
[2023-11-07 23:32:55,566][root][INFO] - train:
[2023-11-07 23:33:48,421][root][INFO] - val:
[2023-11-07 23:33:50,086][root][INFO] - ===> epoch: 178/300
[2023-11-07 23:33:50,086][root][INFO] - train:
[2023-11-07 23:34:42,588][root][INFO] - val:
[2023-11-07 23:34:44,284][root][INFO] - ===> epoch: 179/300
[2023-11-07 23:34:44,285][root][INFO] - train:
[2023-11-07 23:35:36,619][root][INFO] - val:
[2023-11-07 23:35:38,082][root][INFO] - ===> epoch: 180/300
[2023-11-07 23:35:38,083][root][INFO] - train:
[2023-11-07 23:36:30,334][root][INFO] - val:
[2023-11-07 23:36:32,335][root][INFO] - Checkpoint saved to C:\Users\GeorgeS\Documents\facultate\master\projects\data\model_weights\CIFAR-10/PreResNet/OneCycleLR\2525\model_180_0.pth
[2023-11-07 23:36:32,336][root][INFO] - ===> epoch: 181/300
[2023-11-07 23:36:32,336][root][INFO] - train:
[2023-11-07 23:37:24,740][root][INFO] - val:
[2023-11-07 23:37:26,436][root][INFO] - Checkpoint saved to C:\Users\GeorgeS\Documents\facultate\master\projects\data\model_weights\CIFAR-10/PreResNet/OneCycleLR\2525\model_181_0.9211999773979187.pth
[2023-11-07 23:37:26,437][root][INFO] - ===> BEST Val/Accuracy PERFORMANCE: 0.92120
[2023-11-07 23:37:26,438][root][INFO] - ===> epoch: 182/300
[2023-11-07 23:37:26,438][root][INFO] - train:
[2023-11-07 23:38:19,176][root][INFO] - val:
[2023-11-07 23:38:20,841][root][INFO] - ===> epoch: 183/300
[2023-11-07 23:38:20,842][root][INFO] - train:
[2023-11-07 23:39:13,294][root][INFO] - val:
[2023-11-07 23:39:14,962][root][INFO] - ===> epoch: 184/300
[2023-11-07 23:39:14,962][root][INFO] - train:
[2023-11-07 23:40:07,557][root][INFO] - val:
[2023-11-07 23:40:09,259][root][INFO] - Checkpoint saved to C:\Users\GeorgeS\Documents\facultate\master\projects\data\model_weights\CIFAR-10/PreResNet/OneCycleLR\2525\model_184_0.921500027179718.pth
[2023-11-07 23:40:09,260][root][INFO] - ===> BEST Val/Accuracy PERFORMANCE: 0.92150
[2023-11-07 23:40:09,260][root][INFO] - ===> epoch: 185/300
[2023-11-07 23:40:09,261][root][INFO] - train:
[2023-11-07 23:41:01,545][root][INFO] - val:
[2023-11-07 23:41:03,632][root][INFO] - Checkpoint saved to C:\Users\GeorgeS\Documents\facultate\master\projects\data\model_weights\CIFAR-10/PreResNet/OneCycleLR\2525\model_185_0.9222000241279602.pth
[2023-11-07 23:41:03,633][root][INFO] - ===> BEST Val/Accuracy PERFORMANCE: 0.92220
[2023-11-07 23:41:03,633][root][INFO] - ===> epoch: 186/300
[2023-11-07 23:41:03,634][root][INFO] - train:
[2023-11-07 23:41:55,889][root][INFO] - val:
[2023-11-07 23:41:57,597][root][INFO] - ===> epoch: 187/300
[2023-11-07 23:41:57,597][root][INFO] - train:
[2023-11-07 23:42:49,920][root][INFO] - val:
[2023-11-07 23:42:51,590][root][INFO] - ===> epoch: 188/300
[2023-11-07 23:42:51,590][root][INFO] - train:
[2023-11-07 23:43:44,093][root][INFO] - val:
[2023-11-07 23:43:45,567][root][INFO] - ===> epoch: 189/300
[2023-11-07 23:43:45,567][root][INFO] - train:
[2023-11-07 23:44:37,952][root][INFO] - val:
[2023-11-07 23:44:39,648][root][INFO] - Checkpoint saved to C:\Users\GeorgeS\Documents\facultate\master\projects\data\model_weights\CIFAR-10/PreResNet/OneCycleLR\2525\model_189_0.9225999712944031.pth
[2023-11-07 23:44:39,649][root][INFO] - ===> BEST Val/Accuracy PERFORMANCE: 0.92260
[2023-11-07 23:44:39,650][root][INFO] - ===> epoch: 190/300
[2023-11-07 23:44:39,651][root][INFO] - train:
[2023-11-07 23:45:31,982][root][INFO] - val:
[2023-11-07 23:45:33,999][root][INFO] - Checkpoint saved to C:\Users\GeorgeS\Documents\facultate\master\projects\data\model_weights\CIFAR-10/PreResNet/OneCycleLR\2525\model_190_0.pth
[2023-11-07 23:45:34,000][root][INFO] - ===> epoch: 191/300
[2023-11-07 23:45:34,000][root][INFO] - train:
[2023-11-07 23:46:26,395][root][INFO] - val:
[2023-11-07 23:46:27,990][root][INFO] - ===> epoch: 192/300
[2023-11-07 23:46:27,991][root][INFO] - train:
[2023-11-07 23:47:20,448][root][INFO] - val:
[2023-11-07 23:47:22,125][root][INFO] - ===> epoch: 193/300
[2023-11-07 23:47:22,125][root][INFO] - train:
