[2023-10-16 20:07:07,572][root][INFO] - Saving current code to C:\Users\GeorgeS\Documents\facultate\master\projects\Pytorch-Template\outputs\2023-10-16\20-07-07\runs\CIFAR-10/PreResNet/baseline\2525
[2023-10-16 20:07:07,669][root][INFO] - Loading train_dataset!
[2023-10-16 20:07:36,187][root][INFO] - Loading val_dataset!
[2023-10-16 20:07:42,727][root][INFO] - ===> epoch: 1/300
[2023-10-16 20:07:42,727][root][INFO] - train:
[2023-10-16 20:08:34,778][root][INFO] - val:
[2023-10-16 20:08:38,182][root][INFO] - Checkpoint saved to C:\Users\GeorgeS\Documents\facultate\master\projects\data\model_weights\CIFAR-10/PreResNet/baseline\2525\model_1_0.46369999647140503.pth
[2023-10-16 20:08:38,183][root][INFO] - ===> BEST Val/Accuracy PERFORMANCE: 0.46370
[2023-10-16 20:08:38,184][root][INFO] - ===> epoch: 2/300
[2023-10-16 20:08:38,184][root][INFO] - train:
[2023-10-16 20:09:28,377][root][INFO] - val:
[2023-10-16 20:09:29,833][root][INFO] - Checkpoint saved to C:\Users\GeorgeS\Documents\facultate\master\projects\data\model_weights\CIFAR-10/PreResNet/baseline\2525\model_2_0.5461999773979187.pth
[2023-10-16 20:09:29,834][root][INFO] - ===> BEST Val/Accuracy PERFORMANCE: 0.54620
[2023-10-16 20:09:29,834][root][INFO] - ===> epoch: 3/300
[2023-10-16 20:09:29,835][root][INFO] - train:
[2023-10-16 20:10:19,443][root][INFO] - val:
[2023-10-16 20:10:20,940][root][INFO] - Checkpoint saved to C:\Users\GeorgeS\Documents\facultate\master\projects\data\model_weights\CIFAR-10/PreResNet/baseline\2525\model_3_0.6298999786376953.pth
[2023-10-16 20:10:20,940][root][INFO] - ===> BEST Val/Accuracy PERFORMANCE: 0.62990
[2023-10-16 20:10:20,941][root][INFO] - ===> epoch: 4/300
[2023-10-16 20:10:20,941][root][INFO] - train:
[2023-10-16 20:11:11,201][root][INFO] - val:
[2023-10-16 20:11:12,679][root][INFO] - Checkpoint saved to C:\Users\GeorgeS\Documents\facultate\master\projects\data\model_weights\CIFAR-10/PreResNet/baseline\2525\model_4_0.6351000070571899.pth
[2023-10-16 20:11:12,679][root][INFO] - ===> BEST Val/Accuracy PERFORMANCE: 0.63510
[2023-10-16 20:11:12,680][root][INFO] - ===> epoch: 5/300
[2023-10-16 20:11:12,680][root][INFO] - train:
[2023-10-16 20:12:03,234][root][INFO] - val:
[2023-10-16 20:12:04,703][root][INFO] - Checkpoint saved to C:\Users\GeorgeS\Documents\facultate\master\projects\data\model_weights\CIFAR-10/PreResNet/baseline\2525\model_5_0.6877999901771545.pth
[2023-10-16 20:12:04,704][root][INFO] - ===> BEST Val/Accuracy PERFORMANCE: 0.68780
[2023-10-16 20:12:04,704][root][INFO] - ===> epoch: 6/300
[2023-10-16 20:12:04,704][root][INFO] - train:
[2023-10-16 20:12:54,763][root][INFO] - val:
[2023-10-16 20:12:56,375][root][INFO] - ===> epoch: 7/300
[2023-10-16 20:12:56,375][root][INFO] - train:
[2023-10-16 20:13:46,701][root][INFO] - val:
[2023-10-16 20:13:48,376][root][INFO] - Checkpoint saved to C:\Users\GeorgeS\Documents\facultate\master\projects\data\model_weights\CIFAR-10/PreResNet/baseline\2525\model_7_0.7070000171661377.pth
[2023-10-16 20:13:48,377][root][INFO] - ===> BEST Val/Accuracy PERFORMANCE: 0.70700
[2023-10-16 20:13:48,378][root][INFO] - ===> epoch: 8/300
[2023-10-16 20:13:48,378][root][INFO] - train:
[2023-10-16 20:14:38,894][root][INFO] - val:
[2023-10-16 20:14:40,514][root][INFO] - ===> epoch: 9/300
[2023-10-16 20:14:40,514][root][INFO] - train:
[2023-10-16 20:15:31,150][root][INFO] - val:
[2023-10-16 20:15:32,732][root][INFO] - Checkpoint saved to C:\Users\GeorgeS\Documents\facultate\master\projects\data\model_weights\CIFAR-10/PreResNet/baseline\2525\model_9_0.7221999764442444.pth
[2023-10-16 20:15:32,733][root][INFO] - ===> BEST Val/Accuracy PERFORMANCE: 0.72220
[2023-10-16 20:15:32,733][root][INFO] - ===> epoch: 10/300
[2023-10-16 20:15:32,734][root][INFO] - train:
[2023-10-16 20:16:23,133][root][INFO] - val:
[2023-10-16 20:16:24,746][root][INFO] - Checkpoint saved to C:\Users\GeorgeS\Documents\facultate\master\projects\data\model_weights\CIFAR-10/PreResNet/baseline\2525\model_10_0.7505999803543091.pth
[2023-10-16 20:16:24,746][root][INFO] - ===> BEST Val/Accuracy PERFORMANCE: 0.75060
[2023-10-16 20:16:24,776][root][INFO] - Checkpoint saved to C:\Users\GeorgeS\Documents\facultate\master\projects\data\model_weights\CIFAR-10/PreResNet/baseline\2525\model_10_0.pth
[2023-10-16 20:16:24,777][root][INFO] - ===> epoch: 11/300
[2023-10-16 20:16:24,777][root][INFO] - train:
[2023-10-16 20:17:14,893][root][INFO] - val:
[2023-10-16 20:17:16,536][root][INFO] - ===> epoch: 12/300
[2023-10-16 20:17:16,537][root][INFO] - train:
[2023-10-16 20:18:07,821][root][INFO] - val:
[2023-10-16 20:18:09,262][root][INFO] - ===> epoch: 13/300
[2023-10-16 20:18:09,262][root][INFO] - train:
[2023-10-16 20:19:00,517][root][INFO] - val:
[2023-10-16 20:19:02,036][root][INFO] - Checkpoint saved to C:\Users\GeorgeS\Documents\facultate\master\projects\data\model_weights\CIFAR-10/PreResNet/baseline\2525\model_13_0.7771000266075134.pth
[2023-10-16 20:19:02,036][root][INFO] - ===> BEST Val/Accuracy PERFORMANCE: 0.77710
[2023-10-16 20:19:02,037][root][INFO] - ===> epoch: 14/300
[2023-10-16 20:19:02,037][root][INFO] - train:
[2023-10-16 20:20:01,958][root][INFO] - val:
[2023-10-16 20:20:03,435][root][INFO] - ===> epoch: 15/300
[2023-10-16 20:20:03,436][root][INFO] - train:
[2023-10-16 20:20:57,542][root][INFO] - val:
[2023-10-16 20:20:59,021][root][INFO] - Checkpoint saved to C:\Users\GeorgeS\Documents\facultate\master\projects\data\model_weights\CIFAR-10/PreResNet/baseline\2525\model_15_0.8069000244140625.pth
[2023-10-16 20:20:59,022][root][INFO] - ===> BEST Val/Accuracy PERFORMANCE: 0.80690
[2023-10-16 20:20:59,022][root][INFO] - ===> epoch: 16/300
[2023-10-16 20:20:59,023][root][INFO] - train:
[2023-10-16 20:21:50,615][root][INFO] - val:
[2023-10-16 20:21:52,071][root][INFO] - ===> epoch: 17/300
[2023-10-16 20:21:52,072][root][INFO] - train:
[2023-10-16 20:22:44,313][root][INFO] - val:
[2023-10-16 20:22:45,931][root][INFO] - ===> epoch: 18/300
[2023-10-16 20:22:45,931][root][INFO] - train:
[2023-10-16 20:23:41,245][root][INFO] - val:
[2023-10-16 20:23:42,771][root][INFO] - ===> epoch: 19/300
[2023-10-16 20:23:42,772][root][INFO] - train:
[2023-10-16 20:24:36,393][root][INFO] - val:
[2023-10-16 20:24:37,844][root][INFO] - ===> epoch: 20/300
[2023-10-16 20:24:37,845][root][INFO] - train:
[2023-10-16 20:25:30,644][root][INFO] - val:
[2023-10-16 20:25:32,294][root][INFO] - Checkpoint saved to C:\Users\GeorgeS\Documents\facultate\master\projects\data\model_weights\CIFAR-10/PreResNet/baseline\2525\model_20_0.8108000159263611.pth
[2023-10-16 20:25:32,294][root][INFO] - ===> BEST Val/Accuracy PERFORMANCE: 0.81080
[2023-10-16 20:25:32,330][root][INFO] - Checkpoint saved to C:\Users\GeorgeS\Documents\facultate\master\projects\data\model_weights\CIFAR-10/PreResNet/baseline\2525\model_20_0.pth
[2023-10-16 20:25:32,331][root][INFO] - ===> epoch: 21/300
[2023-10-16 20:25:32,331][root][INFO] - train:
[2023-10-16 20:26:24,451][root][INFO] - val:
[2023-10-16 20:26:25,944][root][INFO] - Checkpoint saved to C:\Users\GeorgeS\Documents\facultate\master\projects\data\model_weights\CIFAR-10/PreResNet/baseline\2525\model_21_0.8238999843597412.pth
[2023-10-16 20:26:25,945][root][INFO] - ===> BEST Val/Accuracy PERFORMANCE: 0.82390
[2023-10-16 20:26:25,946][root][INFO] - ===> epoch: 22/300
[2023-10-16 20:26:25,946][root][INFO] - train:
[2023-10-16 20:27:21,585][root][INFO] - val:
[2023-10-16 20:27:23,081][root][INFO] - ===> epoch: 23/300
[2023-10-16 20:27:23,082][root][INFO] - train:
[2023-10-16 20:28:16,781][root][INFO] - val:
[2023-10-16 20:28:18,237][root][INFO] - ===> epoch: 24/300
[2023-10-16 20:28:18,237][root][INFO] - train:
[2023-10-16 20:29:10,758][root][INFO] - val:
[2023-10-16 20:29:12,293][root][INFO] - Checkpoint saved to C:\Users\GeorgeS\Documents\facultate\master\projects\data\model_weights\CIFAR-10/PreResNet/baseline\2525\model_24_0.8281999826431274.pth
[2023-10-16 20:29:12,294][root][INFO] - ===> BEST Val/Accuracy PERFORMANCE: 0.82820
[2023-10-16 20:29:12,294][root][INFO] - ===> epoch: 25/300
[2023-10-16 20:29:12,294][root][INFO] - train:
[2023-10-16 20:30:04,352][root][INFO] - val:
[2023-10-16 20:30:05,950][root][INFO] - ===> epoch: 26/300
[2023-10-16 20:30:05,950][root][INFO] - train:
[2023-10-16 20:30:58,667][root][INFO] - val:
[2023-10-16 20:31:00,209][root][INFO] - ===> epoch: 27/300
[2023-10-16 20:31:00,209][root][INFO] - train:
[2023-10-16 20:31:54,547][root][INFO] - val:
[2023-10-16 20:31:56,050][root][INFO] - Checkpoint saved to C:\Users\GeorgeS\Documents\facultate\master\projects\data\model_weights\CIFAR-10/PreResNet/baseline\2525\model_27_0.832099974155426.pth
[2023-10-16 20:31:56,051][root][INFO] - ===> BEST Val/Accuracy PERFORMANCE: 0.83210
[2023-10-16 20:31:56,051][root][INFO] - ===> epoch: 28/300
[2023-10-16 20:31:56,052][root][INFO] - train:
[2023-10-16 20:32:48,429][root][INFO] - val:
[2023-10-16 20:32:49,895][root][INFO] - ===> epoch: 29/300
[2023-10-16 20:32:49,895][root][INFO] - train:
[2023-10-16 20:33:42,391][root][INFO] - val:
[2023-10-16 20:33:43,860][root][INFO] - ===> epoch: 30/300
[2023-10-16 20:33:43,860][root][INFO] - train:
[2023-10-16 20:34:36,692][root][INFO] - val:
[2023-10-16 20:34:38,402][root][INFO] - Checkpoint saved to C:\Users\GeorgeS\Documents\facultate\master\projects\data\model_weights\CIFAR-10/PreResNet/baseline\2525\model_30_0.pth
[2023-10-16 20:34:38,403][root][INFO] - ===> epoch: 31/300
[2023-10-16 20:34:38,403][root][INFO] - train:
[2023-10-16 20:35:28,610][root][INFO] - val:
[2023-10-16 20:35:30,100][root][INFO] - Checkpoint saved to C:\Users\GeorgeS\Documents\facultate\master\projects\data\model_weights\CIFAR-10/PreResNet/baseline\2525\model_31_0.8489999771118164.pth
[2023-10-16 20:35:30,100][root][INFO] - ===> BEST Val/Accuracy PERFORMANCE: 0.84900
[2023-10-16 20:35:30,101][root][INFO] - ===> epoch: 32/300
[2023-10-16 20:35:30,101][root][INFO] - train:
[2023-10-16 20:36:19,014][root][INFO] - val:
[2023-10-16 20:36:20,533][root][INFO] - Checkpoint saved to C:\Users\GeorgeS\Documents\facultate\master\projects\data\model_weights\CIFAR-10/PreResNet/baseline\2525\model_32_0.8532999753952026.pth
[2023-10-16 20:36:20,535][root][INFO] - ===> BEST Val/Accuracy PERFORMANCE: 0.85330
[2023-10-16 20:36:20,536][root][INFO] - ===> epoch: 33/300
[2023-10-16 20:36:20,536][root][INFO] - train:
[2023-10-16 20:37:09,563][root][INFO] - val:
[2023-10-16 20:37:11,026][root][INFO] - ===> epoch: 34/300
[2023-10-16 20:37:11,026][root][INFO] - train:
[2023-10-16 20:38:00,955][root][INFO] - val:
[2023-10-16 20:38:02,461][root][INFO] - Checkpoint saved to C:\Users\GeorgeS\Documents\facultate\master\projects\data\model_weights\CIFAR-10/PreResNet/baseline\2525\model_34_0.8586999773979187.pth
[2023-10-16 20:38:02,462][root][INFO] - ===> BEST Val/Accuracy PERFORMANCE: 0.85870
[2023-10-16 20:38:02,462][root][INFO] - ===> epoch: 35/300
[2023-10-16 20:38:02,462][root][INFO] - train:
[2023-10-16 20:38:51,412][root][INFO] - val:
[2023-10-16 20:38:52,862][root][INFO] - ===> epoch: 36/300
[2023-10-16 20:38:52,862][root][INFO] - train:
[2023-10-16 20:39:41,467][root][INFO] - val:
[2023-10-16 20:39:42,962][root][INFO] - Checkpoint saved to C:\Users\GeorgeS\Documents\facultate\master\projects\data\model_weights\CIFAR-10/PreResNet/baseline\2525\model_36_0.8654999732971191.pth
[2023-10-16 20:39:42,963][root][INFO] - ===> BEST Val/Accuracy PERFORMANCE: 0.86550
[2023-10-16 20:39:42,964][root][INFO] - ===> epoch: 37/300
[2023-10-16 20:39:42,964][root][INFO] - train:
[2023-10-16 20:40:31,291][root][INFO] - val:
[2023-10-16 20:40:32,768][root][INFO] - ===> epoch: 38/300
[2023-10-16 20:40:32,768][root][INFO] - train:
[2023-10-16 20:41:22,379][root][INFO] - val:
[2023-10-16 20:41:23,820][root][INFO] - ===> epoch: 39/300
[2023-10-16 20:41:23,820][root][INFO] - train:
[2023-10-16 20:42:11,453][root][INFO] - val:
[2023-10-16 20:42:13,157][root][INFO] - Checkpoint saved to C:\Users\GeorgeS\Documents\facultate\master\projects\data\model_weights\CIFAR-10/PreResNet/baseline\2525\model_39_0.8662999868392944.pth
[2023-10-16 20:42:13,158][root][INFO] - ===> BEST Val/Accuracy PERFORMANCE: 0.86630
[2023-10-16 20:42:13,158][root][INFO] - ===> epoch: 40/300
[2023-10-16 20:42:13,159][root][INFO] - train:
[2023-10-16 20:43:00,548][root][INFO] - val:
[2023-10-16 20:43:02,253][root][INFO] - Checkpoint saved to C:\Users\GeorgeS\Documents\facultate\master\projects\data\model_weights\CIFAR-10/PreResNet/baseline\2525\model_40_0.pth
[2023-10-16 20:43:02,254][root][INFO] - ===> epoch: 41/300
[2023-10-16 20:43:02,254][root][INFO] - train:
[2023-10-16 20:43:49,890][root][INFO] - val:
[2023-10-16 20:43:51,555][root][INFO] - ===> epoch: 42/300
[2023-10-16 20:43:51,555][root][INFO] - train:
[2023-10-16 20:44:38,965][root][INFO] - val:
[2023-10-16 20:44:40,576][root][INFO] - ===> epoch: 43/300
[2023-10-16 20:44:40,576][root][INFO] - train:
[2023-10-16 20:45:28,450][root][INFO] - val:
[2023-10-16 20:45:30,064][root][INFO] - ===> epoch: 44/300
[2023-10-16 20:45:30,065][root][INFO] - train:
[2023-10-16 20:46:18,919][root][INFO] - val:
[2023-10-16 20:46:20,414][root][INFO] - ===> epoch: 45/300
[2023-10-16 20:46:20,414][root][INFO] - train:
[2023-10-16 20:47:09,445][root][INFO] - val:
[2023-10-16 20:47:10,927][root][INFO] - ===> epoch: 46/300
[2023-10-16 20:47:10,928][root][INFO] - train:
[2023-10-16 20:48:00,027][root][INFO] - val:
[2023-10-16 20:48:01,469][root][INFO] - ===> epoch: 47/300
[2023-10-16 20:48:01,469][root][INFO] - train:
[2023-10-16 20:48:50,074][root][INFO] - val:
[2023-10-16 20:48:51,531][root][INFO] - ===> epoch: 48/300
[2023-10-16 20:48:51,531][root][INFO] - train:
[2023-10-16 20:49:39,990][root][INFO] - val:
[2023-10-16 20:49:41,442][root][INFO] - ===> epoch: 49/300
[2023-10-16 20:49:41,443][root][INFO] - train:
[2023-10-16 20:50:31,588][root][INFO] - val:
[2023-10-16 20:50:33,034][root][INFO] - ===> epoch: 50/300
[2023-10-16 20:50:33,035][root][INFO] - train:
[2023-10-16 20:51:21,321][root][INFO] - val:
[2023-10-16 20:51:22,799][root][INFO] - Checkpoint saved to C:\Users\GeorgeS\Documents\facultate\master\projects\data\model_weights\CIFAR-10/PreResNet/baseline\2525\model_50_0.871399998664856.pth
[2023-10-16 20:51:22,800][root][INFO] - ===> BEST Val/Accuracy PERFORMANCE: 0.87140
[2023-10-16 20:51:22,830][root][INFO] - Checkpoint saved to C:\Users\GeorgeS\Documents\facultate\master\projects\data\model_weights\CIFAR-10/PreResNet/baseline\2525\model_50_0.pth
[2023-10-16 20:51:22,831][root][INFO] - ===> epoch: 51/300
[2023-10-16 20:51:22,831][root][INFO] - train:
[2023-10-16 20:52:11,445][root][INFO] - val:
[2023-10-16 20:52:12,898][root][INFO] - ===> epoch: 52/300
[2023-10-16 20:52:12,899][root][INFO] - train:
[2023-10-16 20:53:01,512][root][INFO] - val:
[2023-10-16 20:53:02,999][root][INFO] - Checkpoint saved to C:\Users\GeorgeS\Documents\facultate\master\projects\data\model_weights\CIFAR-10/PreResNet/baseline\2525\model_52_0.8734999895095825.pth
[2023-10-16 20:53:03,000][root][INFO] - ===> BEST Val/Accuracy PERFORMANCE: 0.87350
[2023-10-16 20:53:03,001][root][INFO] - ===> epoch: 53/300
[2023-10-16 20:53:03,001][root][INFO] - train:
[2023-10-16 20:53:53,331][root][INFO] - val:
[2023-10-16 20:53:54,979][root][INFO] - ===> epoch: 54/300
[2023-10-16 20:53:54,979][root][INFO] - train:
[2023-10-16 20:54:44,908][root][INFO] - val:
[2023-10-16 20:54:46,423][root][INFO] - ===> epoch: 55/300
[2023-10-16 20:54:46,424][root][INFO] - train:
[2023-10-16 20:55:35,905][root][INFO] - val:
[2023-10-16 20:55:37,373][root][INFO] - ===> epoch: 56/300
[2023-10-16 20:55:37,374][root][INFO] - train:
[2023-10-16 20:56:27,421][root][INFO] - val:
[2023-10-16 20:56:28,874][root][INFO] - ===> epoch: 57/300
[2023-10-16 20:56:28,875][root][INFO] - train:
[2023-10-16 20:57:19,275][root][INFO] - val:
[2023-10-16 20:57:20,860][root][INFO] - ===> epoch: 58/300
[2023-10-16 20:57:20,861][root][INFO] - train:
[2023-10-16 20:58:12,832][root][INFO] - val:
[2023-10-16 20:58:14,302][root][INFO] - ===> epoch: 59/300
[2023-10-16 20:58:14,303][root][INFO] - train:
[2023-10-16 20:59:03,610][root][INFO] - val:
[2023-10-16 20:59:05,110][root][INFO] - Checkpoint saved to C:\Users\GeorgeS\Documents\facultate\master\projects\data\model_weights\CIFAR-10/PreResNet/baseline\2525\model_59_0.8743000030517578.pth
[2023-10-16 20:59:05,111][root][INFO] - ===> BEST Val/Accuracy PERFORMANCE: 0.87430
[2023-10-16 20:59:05,112][root][INFO] - ===> epoch: 60/300
[2023-10-16 20:59:05,112][root][INFO] - train:
[2023-10-16 20:59:55,374][root][INFO] - val:
[2023-10-16 20:59:56,960][root][INFO] - Checkpoint saved to C:\Users\GeorgeS\Documents\facultate\master\projects\data\model_weights\CIFAR-10/PreResNet/baseline\2525\model_60_0.pth
[2023-10-16 20:59:56,961][root][INFO] - ===> epoch: 61/300
[2023-10-16 20:59:56,962][root][INFO] - train:
[2023-10-16 21:00:47,183][root][INFO] - val:
[2023-10-16 21:00:48,782][root][INFO] - Checkpoint saved to C:\Users\GeorgeS\Documents\facultate\master\projects\data\model_weights\CIFAR-10/PreResNet/baseline\2525\model_61_0.8815000057220459.pth
[2023-10-16 21:00:48,783][root][INFO] - ===> BEST Val/Accuracy PERFORMANCE: 0.88150
[2023-10-16 21:00:48,783][root][INFO] - ===> epoch: 62/300
[2023-10-16 21:00:48,783][root][INFO] - train:
[2023-10-16 21:01:38,852][root][INFO] - val:
[2023-10-16 21:01:40,439][root][INFO] - ===> epoch: 63/300
[2023-10-16 21:01:40,440][root][INFO] - train:
[2023-10-16 21:02:29,529][root][INFO] - val:
[2023-10-16 21:02:31,317][root][INFO] - ===> epoch: 64/300
[2023-10-16 21:02:31,317][root][INFO] - train:
[2023-10-16 21:03:20,093][root][INFO] - val:
[2023-10-16 21:03:21,758][root][INFO] - ===> epoch: 65/300
[2023-10-16 21:03:21,758][root][INFO] - train:
[2023-10-16 21:04:09,914][root][INFO] - val:
[2023-10-16 21:04:11,417][root][INFO] - ===> epoch: 66/300
[2023-10-16 21:04:11,417][root][INFO] - train:
[2023-10-16 21:05:00,125][root][INFO] - val:
[2023-10-16 21:05:01,641][root][INFO] - ===> epoch: 67/300
[2023-10-16 21:05:01,641][root][INFO] - train:
[2023-10-16 21:05:49,868][root][INFO] - val:
[2023-10-16 21:05:51,437][root][INFO] - Checkpoint saved to C:\Users\GeorgeS\Documents\facultate\master\projects\data\model_weights\CIFAR-10/PreResNet/baseline\2525\model_67_0.8828999996185303.pth
[2023-10-16 21:05:51,437][root][INFO] - ===> BEST Val/Accuracy PERFORMANCE: 0.88290
[2023-10-16 21:05:51,439][root][INFO] - ===> epoch: 68/300
[2023-10-16 21:05:51,439][root][INFO] - train:
[2023-10-16 21:06:41,205][root][INFO] - val:
[2023-10-16 21:06:42,703][root][INFO] - ===> epoch: 69/300
[2023-10-16 21:06:42,703][root][INFO] - train:
[2023-10-16 21:07:32,289][root][INFO] - val:
[2023-10-16 21:07:33,813][root][INFO] - ===> epoch: 70/300
[2023-10-16 21:07:33,813][root][INFO] - train:
[2023-10-16 21:08:24,683][root][INFO] - val:
[2023-10-16 21:08:26,488][root][INFO] - Checkpoint saved to C:\Users\GeorgeS\Documents\facultate\master\projects\data\model_weights\CIFAR-10/PreResNet/baseline\2525\model_70_0.pth
[2023-10-16 21:08:26,489][root][INFO] - ===> epoch: 71/300
[2023-10-16 21:08:26,490][root][INFO] - train:
[2023-10-16 21:09:16,153][root][INFO] - val:
[2023-10-16 21:09:17,661][root][INFO] - ===> epoch: 72/300
[2023-10-16 21:09:17,661][root][INFO] - train:
[2023-10-16 21:10:06,921][root][INFO] - val:
[2023-10-16 21:10:08,495][root][INFO] - ===> epoch: 73/300
[2023-10-16 21:10:08,495][root][INFO] - train:
[2023-10-16 21:11:00,305][root][INFO] - val:
[2023-10-16 21:11:02,097][root][INFO] - ===> epoch: 74/300
[2023-10-16 21:11:02,097][root][INFO] - train:
[2023-10-16 21:11:52,574][root][INFO] - val:
[2023-10-16 21:11:54,109][root][INFO] - ===> epoch: 75/300
[2023-10-16 21:11:54,109][root][INFO] - train:
[2023-10-16 21:12:45,014][root][INFO] - val:
[2023-10-16 21:12:46,510][root][INFO] - ===> epoch: 76/300
[2023-10-16 21:12:46,510][root][INFO] - train:
[2023-10-16 21:13:36,905][root][INFO] - val:
[2023-10-16 21:13:38,487][root][INFO] - ===> epoch: 77/300
[2023-10-16 21:13:38,487][root][INFO] - train:
[2023-10-16 21:14:29,557][root][INFO] - val:
[2023-10-16 21:14:31,160][root][INFO] - ===> epoch: 78/300
[2023-10-16 21:14:31,160][root][INFO] - train:
[2023-10-16 21:15:21,843][root][INFO] - val:
[2023-10-16 21:15:23,571][root][INFO] - ===> epoch: 79/300
[2023-10-16 21:15:23,571][root][INFO] - train:
[2023-10-16 21:16:14,998][root][INFO] - val:
[2023-10-16 21:16:16,690][root][INFO] - ===> epoch: 80/300
[2023-10-16 21:16:16,690][root][INFO] - train:
[2023-10-16 21:17:06,966][root][INFO] - val:
[2023-10-16 21:17:08,535][root][INFO] - Checkpoint saved to C:\Users\GeorgeS\Documents\facultate\master\projects\data\model_weights\CIFAR-10/PreResNet/baseline\2525\model_80_0.pth
[2023-10-16 21:17:08,535][root][INFO] - ===> epoch: 81/300
[2023-10-16 21:17:08,536][root][INFO] - train:
[2023-10-16 21:17:59,291][root][INFO] - val:
[2023-10-16 21:18:00,859][root][INFO] - ===> epoch: 82/300
[2023-10-16 21:18:00,860][root][INFO] - train:
[2023-10-16 21:18:50,655][root][INFO] - val:
[2023-10-16 21:18:52,177][root][INFO] - ===> epoch: 83/300
[2023-10-16 21:18:52,178][root][INFO] - train:
[2023-10-16 21:19:42,745][root][INFO] - val:
[2023-10-16 21:19:44,342][root][INFO] - Checkpoint saved to C:\Users\GeorgeS\Documents\facultate\master\projects\data\model_weights\CIFAR-10/PreResNet/baseline\2525\model_83_0.8845000267028809.pth
[2023-10-16 21:19:44,343][root][INFO] - ===> BEST Val/Accuracy PERFORMANCE: 0.88450
[2023-10-16 21:19:44,344][root][INFO] - ===> epoch: 84/300
[2023-10-16 21:19:44,344][root][INFO] - train:
[2023-10-16 21:20:34,534][root][INFO] - val:
[2023-10-16 21:20:36,234][root][INFO] - ===> epoch: 85/300
[2023-10-16 21:20:36,235][root][INFO] - train:
[2023-10-16 21:21:24,982][root][INFO] - val:
[2023-10-16 21:21:26,484][root][INFO] - ===> epoch: 86/300
[2023-10-16 21:21:26,485][root][INFO] - train:
[2023-10-16 21:22:15,935][root][INFO] - val:
[2023-10-16 21:22:17,452][root][INFO] - ===> epoch: 87/300
[2023-10-16 21:22:17,452][root][INFO] - train:
[2023-10-16 21:23:06,760][root][INFO] - val:
[2023-10-16 21:23:08,279][root][INFO] - ===> epoch: 88/300
[2023-10-16 21:23:08,279][root][INFO] - train:
[2023-10-16 21:23:59,127][root][INFO] - val:
[2023-10-16 21:24:00,699][root][INFO] - ===> epoch: 89/300
[2023-10-16 21:24:00,699][root][INFO] - train:
[2023-10-16 21:24:49,659][root][INFO] - val:
[2023-10-16 21:24:51,169][root][INFO] - ===> epoch: 90/300
[2023-10-16 21:24:51,169][root][INFO] - train:
[2023-10-16 21:25:39,841][root][INFO] - val:
[2023-10-16 21:25:41,394][root][INFO] - Checkpoint saved to C:\Users\GeorgeS\Documents\facultate\master\projects\data\model_weights\CIFAR-10/PreResNet/baseline\2525\model_90_0.pth
[2023-10-16 21:25:41,395][root][INFO] - ===> epoch: 91/300
[2023-10-16 21:25:41,396][root][INFO] - train:
[2023-10-16 21:26:33,575][root][INFO] - val:
[2023-10-16 21:26:35,156][root][INFO] - Checkpoint saved to C:\Users\GeorgeS\Documents\facultate\master\projects\data\model_weights\CIFAR-10/PreResNet/baseline\2525\model_91_0.890999972820282.pth
[2023-10-16 21:26:35,156][root][INFO] - ===> BEST Val/Accuracy PERFORMANCE: 0.89100
[2023-10-16 21:26:35,157][root][INFO] - ===> epoch: 92/300
[2023-10-16 21:26:35,157][root][INFO] - train:
[2023-10-16 21:27:22,601][root][INFO] - val:
[2023-10-16 21:27:24,120][root][INFO] - ===> epoch: 93/300
[2023-10-16 21:27:24,121][root][INFO] - train:
[2023-10-16 21:28:12,523][root][INFO] - val:
[2023-10-16 21:28:14,298][root][INFO] - ===> epoch: 94/300
[2023-10-16 21:28:14,298][root][INFO] - train:
[2023-10-16 21:29:02,234][root][INFO] - val:
[2023-10-16 21:29:03,781][root][INFO] - ===> epoch: 95/300
[2023-10-16 21:29:03,782][root][INFO] - train:
[2023-10-16 21:29:51,033][root][INFO] - val:
[2023-10-16 21:29:52,574][root][INFO] - ===> epoch: 96/300
[2023-10-16 21:29:52,575][root][INFO] - train:
[2023-10-16 21:30:40,171][root][INFO] - val:
[2023-10-16 21:30:41,684][root][INFO] - ===> epoch: 97/300
[2023-10-16 21:30:41,685][root][INFO] - train:
[2023-10-16 21:31:30,361][root][INFO] - val:
[2023-10-16 21:31:31,927][root][INFO] - ===> epoch: 98/300
[2023-10-16 21:31:31,927][root][INFO] - train:
[2023-10-16 21:32:20,332][root][INFO] - val:
[2023-10-16 21:32:21,905][root][INFO] - Checkpoint saved to C:\Users\GeorgeS\Documents\facultate\master\projects\data\model_weights\CIFAR-10/PreResNet/baseline\2525\model_98_0.8913000226020813.pth
[2023-10-16 21:32:21,906][root][INFO] - ===> BEST Val/Accuracy PERFORMANCE: 0.89130
[2023-10-16 21:32:21,907][root][INFO] - ===> epoch: 99/300
[2023-10-16 21:32:21,907][root][INFO] - train:
[2023-10-16 21:33:08,761][root][INFO] - val:
[2023-10-16 21:33:10,283][root][INFO] - ===> epoch: 100/300
[2023-10-16 21:33:10,283][root][INFO] - train:
[2023-10-16 21:33:57,344][root][INFO] - val:
[2023-10-16 21:33:58,915][root][INFO] - Checkpoint saved to C:\Users\GeorgeS\Documents\facultate\master\projects\data\model_weights\CIFAR-10/PreResNet/baseline\2525\model_100_0.8924999833106995.pth
[2023-10-16 21:33:58,916][root][INFO] - ===> BEST Val/Accuracy PERFORMANCE: 0.89250
[2023-10-16 21:33:58,963][root][INFO] - Checkpoint saved to C:\Users\GeorgeS\Documents\facultate\master\projects\data\model_weights\CIFAR-10/PreResNet/baseline\2525\model_100_0.pth
[2023-10-16 21:33:58,964][root][INFO] - ===> epoch: 101/300
[2023-10-16 21:33:58,964][root][INFO] - train:
[2023-10-16 21:34:46,722][root][INFO] - val:
[2023-10-16 21:34:48,241][root][INFO] - ===> epoch: 102/300
[2023-10-16 21:34:48,241][root][INFO] - train:
[2023-10-16 21:35:35,756][root][INFO] - val:
[2023-10-16 21:35:37,271][root][INFO] - ===> epoch: 103/300
[2023-10-16 21:35:37,271][root][INFO] - train:
[2023-10-16 21:36:24,317][root][INFO] - val:
[2023-10-16 21:36:25,827][root][INFO] - ===> epoch: 104/300
[2023-10-16 21:36:25,828][root][INFO] - train:
[2023-10-16 21:37:12,336][root][INFO] - val:
[2023-10-16 21:37:13,859][root][INFO] - ===> epoch: 105/300
[2023-10-16 21:37:13,859][root][INFO] - train:
[2023-10-16 21:38:00,609][root][INFO] - val:
[2023-10-16 21:38:02,124][root][INFO] - ===> epoch: 106/300
[2023-10-16 21:38:02,125][root][INFO] - train:
[2023-10-16 21:38:49,262][root][INFO] - val:
[2023-10-16 21:38:50,819][root][INFO] - ===> epoch: 107/300
[2023-10-16 21:38:50,820][root][INFO] - train:
[2023-10-16 21:39:41,275][root][INFO] - val:
[2023-10-16 21:39:42,810][root][INFO] - ===> epoch: 108/300
[2023-10-16 21:39:42,811][root][INFO] - train:
[2023-10-16 21:40:30,813][root][INFO] - val:
[2023-10-16 21:40:32,398][root][INFO] - ===> epoch: 109/300
[2023-10-16 21:40:32,399][root][INFO] - train:
[2023-10-16 21:41:20,036][root][INFO] - val:
[2023-10-16 21:41:21,575][root][INFO] - ===> epoch: 110/300
[2023-10-16 21:41:21,576][root][INFO] - train:
[2023-10-16 21:42:10,110][root][INFO] - val:
[2023-10-16 21:42:11,675][root][INFO] - Checkpoint saved to C:\Users\GeorgeS\Documents\facultate\master\projects\data\model_weights\CIFAR-10/PreResNet/baseline\2525\model_110_0.pth
[2023-10-16 21:42:11,676][root][INFO] - ===> epoch: 111/300
[2023-10-16 21:42:11,676][root][INFO] - train:
[2023-10-16 21:43:00,360][root][INFO] - val:
[2023-10-16 21:43:01,860][root][INFO] - ===> epoch: 112/300
[2023-10-16 21:43:01,860][root][INFO] - train:
[2023-10-16 21:43:50,947][root][INFO] - val:
[2023-10-16 21:43:52,475][root][INFO] - Checkpoint saved to C:\Users\GeorgeS\Documents\facultate\master\projects\data\model_weights\CIFAR-10/PreResNet/baseline\2525\model_112_0.8955000042915344.pth
[2023-10-16 21:43:52,475][root][INFO] - ===> BEST Val/Accuracy PERFORMANCE: 0.89550
[2023-10-16 21:43:52,476][root][INFO] - ===> epoch: 113/300
[2023-10-16 21:43:52,476][root][INFO] - train:
[2023-10-16 21:44:40,098][root][INFO] - val:
[2023-10-16 21:44:41,633][root][INFO] - ===> epoch: 114/300
[2023-10-16 21:44:41,633][root][INFO] - train:
[2023-10-16 21:45:29,477][root][INFO] - val:
[2023-10-16 21:45:31,082][root][INFO] - ===> epoch: 115/300
[2023-10-16 21:45:31,082][root][INFO] - train:
[2023-10-16 21:46:18,842][root][INFO] - val:
[2023-10-16 21:46:20,369][root][INFO] - ===> epoch: 116/300
[2023-10-16 21:46:20,369][root][INFO] - train:
[2023-10-16 21:47:07,402][root][INFO] - val:
[2023-10-16 21:47:08,928][root][INFO] - ===> epoch: 117/300
[2023-10-16 21:47:08,929][root][INFO] - train:
[2023-10-16 21:47:57,252][root][INFO] - val:
[2023-10-16 21:47:58,763][root][INFO] - ===> epoch: 118/300
[2023-10-16 21:47:58,763][root][INFO] - train:
[2023-10-16 21:48:46,185][root][INFO] - val:
[2023-10-16 21:48:47,688][root][INFO] - ===> epoch: 119/300
[2023-10-16 21:48:47,689][root][INFO] - train:
[2023-10-16 21:49:35,335][root][INFO] - val:
[2023-10-16 21:49:36,864][root][INFO] - ===> epoch: 120/300
[2023-10-16 21:49:36,864][root][INFO] - train:
[2023-10-16 21:50:24,252][root][INFO] - val:
[2023-10-16 21:50:25,838][root][INFO] - Checkpoint saved to C:\Users\GeorgeS\Documents\facultate\master\projects\data\model_weights\CIFAR-10/PreResNet/baseline\2525\model_120_0.pth
[2023-10-16 21:50:25,839][root][INFO] - ===> epoch: 121/300
[2023-10-16 21:50:25,840][root][INFO] - train:
[2023-10-16 21:51:17,282][root][INFO] - val:
[2023-10-16 21:51:18,802][root][INFO] - ===> epoch: 122/300
[2023-10-16 21:51:18,803][root][INFO] - train:
[2023-10-16 21:52:04,580][root][INFO] - val:
[2023-10-16 21:52:06,104][root][INFO] - ===> epoch: 123/300
[2023-10-16 21:52:06,104][root][INFO] - train:
[2023-10-16 21:52:53,496][root][INFO] - val:
[2023-10-16 21:52:55,002][root][INFO] - ===> epoch: 124/300
[2023-10-16 21:52:55,002][root][INFO] - train:
[2023-10-16 21:53:42,194][root][INFO] - val:
[2023-10-16 21:53:43,697][root][INFO] - ===> epoch: 125/300
[2023-10-16 21:53:43,698][root][INFO] - train:
[2023-10-16 21:54:29,926][root][INFO] - val:
[2023-10-16 21:54:31,442][root][INFO] - ===> epoch: 126/300
[2023-10-16 21:54:31,443][root][INFO] - train:
[2023-10-16 21:55:17,769][root][INFO] - val:
[2023-10-16 21:55:19,286][root][INFO] - ===> epoch: 127/300
[2023-10-16 21:55:19,287][root][INFO] - train:
[2023-10-16 21:56:05,940][root][INFO] - val:
[2023-10-16 21:56:07,439][root][INFO] - ===> epoch: 128/300
[2023-10-16 21:56:07,440][root][INFO] - train:
[2023-10-16 21:56:53,791][root][INFO] - val:
[2023-10-16 21:56:55,361][root][INFO] - Checkpoint saved to C:\Users\GeorgeS\Documents\facultate\master\projects\data\model_weights\CIFAR-10/PreResNet/baseline\2525\model_128_0.895799994468689.pth
[2023-10-16 21:56:55,362][root][INFO] - ===> BEST Val/Accuracy PERFORMANCE: 0.89580
[2023-10-16 21:56:55,363][root][INFO] - ===> epoch: 129/300
[2023-10-16 21:56:55,363][root][INFO] - train:
[2023-10-16 21:57:41,641][root][INFO] - val:
[2023-10-16 21:57:43,189][root][INFO] - ===> epoch: 130/300
[2023-10-16 21:57:43,190][root][INFO] - train:
[2023-10-16 21:58:29,948][root][INFO] - val:
[2023-10-16 21:58:31,514][root][INFO] - Checkpoint saved to C:\Users\GeorgeS\Documents\facultate\master\projects\data\model_weights\CIFAR-10/PreResNet/baseline\2525\model_130_0.pth
[2023-10-16 21:58:31,515][root][INFO] - ===> epoch: 131/300
[2023-10-16 21:58:31,515][root][INFO] - train:
[2023-10-16 21:59:18,093][root][INFO] - val:
[2023-10-16 21:59:19,662][root][INFO] - ===> epoch: 132/300
[2023-10-16 21:59:19,662][root][INFO] - train:
[2023-10-16 22:00:05,804][root][INFO] - val:
[2023-10-16 22:00:07,321][root][INFO] - ===> epoch: 133/300
[2023-10-16 22:00:07,322][root][INFO] - train:
[2023-10-16 22:00:53,740][root][INFO] - val:
[2023-10-16 22:00:55,259][root][INFO] - ===> epoch: 134/300
[2023-10-16 22:00:55,259][root][INFO] - train:
[2023-10-16 22:01:41,269][root][INFO] - val:
[2023-10-16 22:01:42,971][root][INFO] - ===> epoch: 135/300
[2023-10-16 22:01:42,972][root][INFO] - train:
[2023-10-16 22:02:28,924][root][INFO] - val:
[2023-10-16 22:02:30,460][root][INFO] - ===> epoch: 136/300
[2023-10-16 22:02:30,460][root][INFO] - train:
[2023-10-16 22:03:16,519][root][INFO] - val:
[2023-10-16 22:03:18,089][root][INFO] - ===> epoch: 137/300
[2023-10-16 22:03:18,089][root][INFO] - train:
[2023-10-16 22:04:06,757][root][INFO] - val:
[2023-10-16 22:04:08,310][root][INFO] - ===> epoch: 138/300
[2023-10-16 22:04:08,311][root][INFO] - train:
[2023-10-16 22:04:54,996][root][INFO] - val:
[2023-10-16 22:04:56,516][root][INFO] - ===> epoch: 139/300
[2023-10-16 22:04:56,517][root][INFO] - train:
[2023-10-16 22:05:43,598][root][INFO] - val:
[2023-10-16 22:05:45,130][root][INFO] - ===> epoch: 140/300
[2023-10-16 22:05:45,131][root][INFO] - train:
[2023-10-16 22:06:32,693][root][INFO] - val:
[2023-10-16 22:06:34,349][root][INFO] - Checkpoint saved to C:\Users\GeorgeS\Documents\facultate\master\projects\data\model_weights\CIFAR-10/PreResNet/baseline\2525\model_140_0.pth
[2023-10-16 22:06:34,351][root][INFO] - ===> epoch: 141/300
[2023-10-16 22:06:34,351][root][INFO] - train:
[2023-10-16 22:07:21,112][root][INFO] - val:
[2023-10-16 22:07:22,630][root][INFO] - ===> epoch: 142/300
[2023-10-16 22:07:22,630][root][INFO] - train:
[2023-10-16 22:08:14,476][root][INFO] - val:
[2023-10-16 22:08:16,162][root][INFO] - ===> epoch: 143/300
[2023-10-16 22:08:16,162][root][INFO] - train:
[2023-10-16 22:09:08,638][root][INFO] - val:
[2023-10-16 22:09:10,204][root][INFO] - ===> epoch: 144/300
[2023-10-16 22:09:10,205][root][INFO] - train:
[2023-10-16 22:09:57,395][root][INFO] - val:
[2023-10-16 22:09:58,926][root][INFO] - ===> epoch: 145/300
[2023-10-16 22:09:58,927][root][INFO] - train:
[2023-10-16 22:10:45,286][root][INFO] - val:
[2023-10-16 22:10:46,809][root][INFO] - ===> epoch: 146/300
[2023-10-16 22:10:46,809][root][INFO] - train:
[2023-10-16 22:11:33,396][root][INFO] - val:
[2023-10-16 22:11:34,918][root][INFO] - ===> epoch: 147/300
[2023-10-16 22:11:34,918][root][INFO] - train:
[2023-10-16 22:12:20,914][root][INFO] - val:
[2023-10-16 22:12:22,423][root][INFO] - ===> epoch: 148/300
[2023-10-16 22:12:22,423][root][INFO] - train:
[2023-10-16 22:13:08,854][root][INFO] - val:
[2023-10-16 22:13:10,417][root][INFO] - ===> epoch: 149/300
[2023-10-16 22:13:10,417][root][INFO] - train:
[2023-10-16 22:13:57,053][root][INFO] - val:
[2023-10-16 22:13:58,653][root][INFO] - ===> epoch: 150/300
[2023-10-16 22:13:58,654][root][INFO] - train:
[2023-10-16 22:14:45,789][root][INFO] - val:
[2023-10-16 22:14:47,417][root][INFO] - Checkpoint saved to C:\Users\GeorgeS\Documents\facultate\master\projects\data\model_weights\CIFAR-10/PreResNet/baseline\2525\model_150_0.pth
[2023-10-16 22:14:47,418][root][INFO] - ===> epoch: 151/300
[2023-10-16 22:14:47,418][root][INFO] - train:
[2023-10-16 22:15:38,446][root][INFO] - val:
[2023-10-16 22:15:40,142][root][INFO] - Checkpoint saved to C:\Users\GeorgeS\Documents\facultate\master\projects\data\model_weights\CIFAR-10/PreResNet/baseline\2525\model_151_0.8995000123977661.pth
[2023-10-16 22:15:40,143][root][INFO] - ===> BEST Val/Accuracy PERFORMANCE: 0.89950
[2023-10-16 22:15:40,143][root][INFO] - ===> epoch: 152/300
[2023-10-16 22:15:40,144][root][INFO] - train:
[2023-10-16 22:16:21,674][root][INFO] - val:
[2023-10-16 22:16:23,614][root][INFO] - ===> epoch: 153/300
[2023-10-16 22:16:23,614][root][INFO] - train:
[2023-10-16 22:17:06,459][root][INFO] - val:
[2023-10-16 22:17:08,158][root][INFO] - ===> epoch: 154/300
[2023-10-16 22:17:08,159][root][INFO] - train:
[2023-10-16 22:17:51,117][root][INFO] - val:
[2023-10-16 22:17:52,842][root][INFO] - ===> epoch: 155/300
[2023-10-16 22:17:52,843][root][INFO] - train:
[2023-10-16 22:18:37,321][root][INFO] - val:
[2023-10-16 22:18:39,286][root][INFO] - Checkpoint saved to C:\Users\GeorgeS\Documents\facultate\master\projects\data\model_weights\CIFAR-10/PreResNet/baseline\2525\model_155_0.8998000025749207.pth
[2023-10-16 22:18:39,287][root][INFO] - ===> BEST Val/Accuracy PERFORMANCE: 0.89980
[2023-10-16 22:18:39,288][root][INFO] - ===> epoch: 156/300
[2023-10-16 22:18:39,288][root][INFO] - train:
[2023-10-16 22:19:21,457][root][INFO] - val:
[2023-10-16 22:19:22,960][root][INFO] - ===> epoch: 157/300
[2023-10-16 22:19:22,961][root][INFO] - train:
[2023-10-16 22:20:05,090][root][INFO] - val:
[2023-10-16 22:20:06,615][root][INFO] - ===> epoch: 158/300
[2023-10-16 22:20:06,616][root][INFO] - train:
[2023-10-16 22:20:48,968][root][INFO] - val:
[2023-10-16 22:20:50,522][root][INFO] - ===> epoch: 159/300
[2023-10-16 22:20:50,523][root][INFO] - train:
[2023-10-16 22:21:32,583][root][INFO] - val:
[2023-10-16 22:21:34,130][root][INFO] - ===> epoch: 160/300
[2023-10-16 22:21:34,131][root][INFO] - train:
[2023-10-16 22:22:16,359][root][INFO] - val:
[2023-10-16 22:22:18,059][root][INFO] - Checkpoint saved to C:\Users\GeorgeS\Documents\facultate\master\projects\data\model_weights\CIFAR-10/PreResNet/baseline\2525\model_160_0.pth
[2023-10-16 22:22:18,061][root][INFO] - ===> epoch: 161/300
[2023-10-16 22:22:18,061][root][INFO] - train:
[2023-10-16 22:23:00,938][root][INFO] - val:
[2023-10-16 22:23:02,534][root][INFO] - ===> epoch: 162/300
[2023-10-16 22:23:02,535][root][INFO] - train:
[2023-10-16 22:23:43,997][root][INFO] - val:
[2023-10-16 22:23:45,507][root][INFO] - ===> epoch: 163/300
[2023-10-16 22:23:45,508][root][INFO] - train:
[2023-10-16 22:24:27,185][root][INFO] - val:
[2023-10-16 22:24:28,726][root][INFO] - ===> epoch: 164/300
[2023-10-16 22:24:28,726][root][INFO] - train:
[2023-10-16 22:25:10,388][root][INFO] - val:
[2023-10-16 22:25:11,910][root][INFO] - ===> epoch: 165/300
[2023-10-16 22:25:11,910][root][INFO] - train:
[2023-10-16 22:25:54,094][root][INFO] - val:
[2023-10-16 22:25:55,634][root][INFO] - ===> epoch: 166/300
[2023-10-16 22:25:55,634][root][INFO] - train:
[2023-10-16 22:26:39,058][root][INFO] - val:
[2023-10-16 22:26:40,713][root][INFO] - ===> epoch: 167/300
[2023-10-16 22:26:40,714][root][INFO] - train:
[2023-10-16 22:27:24,098][root][INFO] - val:
[2023-10-16 22:27:25,641][root][INFO] - ===> epoch: 168/300
[2023-10-16 22:27:25,642][root][INFO] - train:
[2023-10-16 22:28:07,047][root][INFO] - val:
[2023-10-16 22:28:08,519][root][INFO] - ===> epoch: 169/300
[2023-10-16 22:28:08,519][root][INFO] - train:
[2023-10-16 22:28:48,712][root][INFO] - val:
[2023-10-16 22:28:50,175][root][INFO] - ===> epoch: 170/300
[2023-10-16 22:28:50,176][root][INFO] - train:
[2023-10-16 22:29:30,139][root][INFO] - val:
[2023-10-16 22:29:31,639][root][INFO] - Checkpoint saved to C:\Users\GeorgeS\Documents\facultate\master\projects\data\model_weights\CIFAR-10/PreResNet/baseline\2525\model_170_0.pth
[2023-10-16 22:29:31,640][root][INFO] - ===> epoch: 171/300
[2023-10-16 22:29:31,640][root][INFO] - train:
[2023-10-16 22:30:11,945][root][INFO] - val:
[2023-10-16 22:30:13,481][root][INFO] - ===> epoch: 172/300
[2023-10-16 22:30:13,482][root][INFO] - train:
[2023-10-16 22:30:55,807][root][INFO] - val:
[2023-10-16 22:30:57,396][root][INFO] - ===> epoch: 173/300
[2023-10-16 22:30:57,397][root][INFO] - train:
[2023-10-16 22:31:38,517][root][INFO] - val:
[2023-10-16 22:31:40,152][root][INFO] - ===> epoch: 174/300
[2023-10-16 22:31:40,153][root][INFO] - train:
[2023-10-16 22:32:22,612][root][INFO] - val:
[2023-10-16 22:32:24,188][root][INFO] - ===> epoch: 175/300
[2023-10-16 22:32:24,189][root][INFO] - train:
[2023-10-16 22:33:06,607][root][INFO] - val:
[2023-10-16 22:33:08,194][root][INFO] - ===> epoch: 176/300
[2023-10-16 22:33:08,194][root][INFO] - train:
[2023-10-16 22:33:51,186][root][INFO] - val:
[2023-10-16 22:33:52,885][root][INFO] - ===> epoch: 177/300
[2023-10-16 22:33:52,886][root][INFO] - train:
[2023-10-16 22:34:34,392][root][INFO] - val:
[2023-10-16 22:34:36,090][root][INFO] - ===> epoch: 178/300
[2023-10-16 22:34:36,090][root][INFO] - train:
[2023-10-16 22:35:18,142][root][INFO] - val:
[2023-10-16 22:35:19,924][root][INFO] - ===> epoch: 179/300
[2023-10-16 22:35:19,925][root][INFO] - train:
[2023-10-16 22:36:02,967][root][INFO] - val:
[2023-10-16 22:36:04,812][root][INFO] - ===> epoch: 180/300
[2023-10-16 22:36:04,813][root][INFO] - train:
[2023-10-16 22:36:49,552][root][INFO] - val:
[2023-10-16 22:36:51,290][root][INFO] - Checkpoint saved to C:\Users\GeorgeS\Documents\facultate\master\projects\data\model_weights\CIFAR-10/PreResNet/baseline\2525\model_180_0.pth
[2023-10-16 22:36:51,292][root][INFO] - ===> epoch: 181/300
[2023-10-16 22:36:51,292][root][INFO] - train:
[2023-10-16 22:37:47,476][root][INFO] - val:
[2023-10-16 22:37:49,377][root][INFO] - ===> epoch: 182/300
[2023-10-16 22:37:49,378][root][INFO] - train:
[2023-10-16 22:38:32,472][root][INFO] - val:
[2023-10-16 22:38:34,114][root][INFO] - ===> epoch: 183/300
[2023-10-16 22:38:34,114][root][INFO] - train:
[2023-10-16 22:39:17,268][root][INFO] - val:
[2023-10-16 22:39:18,937][root][INFO] - ===> epoch: 184/300
[2023-10-16 22:39:18,938][root][INFO] - train:
[2023-10-16 22:40:02,107][root][INFO] - val:
[2023-10-16 22:40:03,771][root][INFO] - ===> epoch: 185/300
[2023-10-16 22:40:03,771][root][INFO] - train:
[2023-10-16 22:40:47,468][root][INFO] - val:
[2023-10-16 22:40:49,136][root][INFO] - ===> epoch: 186/300
[2023-10-16 22:40:49,137][root][INFO] - train:
[2023-10-16 22:41:32,685][root][INFO] - val:
[2023-10-16 22:41:34,346][root][INFO] - ===> epoch: 187/300
[2023-10-16 22:41:34,347][root][INFO] - train:
[2023-10-16 22:42:17,361][root][INFO] - val:
[2023-10-16 22:42:19,341][root][INFO] - Checkpoint saved to C:\Users\GeorgeS\Documents\facultate\master\projects\data\model_weights\CIFAR-10/PreResNet/baseline\2525\model_187_0.900600016117096.pth
[2023-10-16 22:42:19,342][root][INFO] - ===> BEST Val/Accuracy PERFORMANCE: 0.90060
[2023-10-16 22:42:19,343][root][INFO] - ===> epoch: 188/300
[2023-10-16 22:42:19,343][root][INFO] - train:
[2023-10-16 22:43:01,976][root][INFO] - val:
[2023-10-16 22:43:03,661][root][INFO] - ===> epoch: 189/300
[2023-10-16 22:43:03,662][root][INFO] - train:
[2023-10-16 22:43:43,854][root][INFO] - val:
[2023-10-16 22:43:45,416][root][INFO] - ===> epoch: 190/300
[2023-10-16 22:43:45,416][root][INFO] - train:
[2023-10-16 22:44:26,744][root][INFO] - val:
[2023-10-16 22:44:28,412][root][INFO] - Checkpoint saved to C:\Users\GeorgeS\Documents\facultate\master\projects\data\model_weights\CIFAR-10/PreResNet/baseline\2525\model_190_0.9027000069618225.pth
[2023-10-16 22:44:28,413][root][INFO] - ===> BEST Val/Accuracy PERFORMANCE: 0.90270
[2023-10-16 22:44:28,463][root][INFO] - Checkpoint saved to C:\Users\GeorgeS\Documents\facultate\master\projects\data\model_weights\CIFAR-10/PreResNet/baseline\2525\model_190_0.pth
[2023-10-16 22:44:28,463][root][INFO] - ===> epoch: 191/300
[2023-10-16 22:44:28,464][root][INFO] - train:
[2023-10-16 22:45:09,534][root][INFO] - val:
[2023-10-16 22:45:11,122][root][INFO] - ===> epoch: 192/300
[2023-10-16 22:45:11,122][root][INFO] - train:
[2023-10-16 22:45:51,754][root][INFO] - val:
[2023-10-16 22:45:53,290][root][INFO] - ===> epoch: 193/300
[2023-10-16 22:45:53,290][root][INFO] - train:
[2023-10-16 22:46:33,366][root][INFO] - val:
[2023-10-16 22:46:34,869][root][INFO] - ===> epoch: 194/300
[2023-10-16 22:46:34,869][root][INFO] - train:
[2023-10-16 22:47:14,434][root][INFO] - val:
[2023-10-16 22:47:15,905][root][INFO] - ===> epoch: 195/300
[2023-10-16 22:47:15,905][root][INFO] - train:
[2023-10-16 22:47:55,256][root][INFO] - val:
[2023-10-16 22:47:56,728][root][INFO] - ===> epoch: 196/300
[2023-10-16 22:47:56,729][root][INFO] - train:
[2023-10-16 22:48:35,746][root][INFO] - val:
[2023-10-16 22:48:37,217][root][INFO] - ===> epoch: 197/300
[2023-10-16 22:48:37,217][root][INFO] - train:
[2023-10-16 22:49:16,314][root][INFO] - val:
[2023-10-16 22:49:17,809][root][INFO] - ===> epoch: 198/300
[2023-10-16 22:49:17,809][root][INFO] - train:
[2023-10-16 22:49:57,705][root][INFO] - val:
[2023-10-16 22:49:59,204][root][INFO] - ===> epoch: 199/300
[2023-10-16 22:49:59,205][root][INFO] - train:
[2023-10-16 22:50:38,831][root][INFO] - val:
[2023-10-16 22:50:40,489][root][INFO] - ===> epoch: 200/300
[2023-10-16 22:50:40,490][root][INFO] - train:
[2023-10-16 22:51:19,561][root][INFO] - val:
[2023-10-16 22:51:21,084][root][INFO] - Checkpoint saved to C:\Users\GeorgeS\Documents\facultate\master\projects\data\model_weights\CIFAR-10/PreResNet/baseline\2525\model_200_0.pth
[2023-10-16 22:51:21,085][root][INFO] - ===> epoch: 201/300
[2023-10-16 22:51:21,086][root][INFO] - train:
[2023-10-16 22:52:01,565][root][INFO] - val:
[2023-10-16 22:52:03,266][root][INFO] - ===> epoch: 202/300
[2023-10-16 22:52:03,267][root][INFO] - train:
[2023-10-16 22:52:43,487][root][INFO] - val:
[2023-10-16 22:52:44,991][root][INFO] - ===> epoch: 203/300
[2023-10-16 22:52:44,991][root][INFO] - train:
[2023-10-16 22:53:24,483][root][INFO] - val:
[2023-10-16 22:53:25,942][root][INFO] - ===> epoch: 204/300
[2023-10-16 22:53:25,942][root][INFO] - train:
[2023-10-16 22:54:05,361][root][INFO] - val:
[2023-10-16 22:54:06,799][root][INFO] - ===> epoch: 205/300
[2023-10-16 22:54:06,799][root][INFO] - train:
[2023-10-16 22:54:45,488][root][INFO] - val:
[2023-10-16 22:54:46,944][root][INFO] - ===> epoch: 206/300
[2023-10-16 22:54:46,944][root][INFO] - train:
[2023-10-16 22:55:27,094][root][INFO] - val:
[2023-10-16 22:55:28,784][root][INFO] - ===> epoch: 207/300
[2023-10-16 22:55:28,784][root][INFO] - train:
[2023-10-16 22:56:09,630][root][INFO] - val:
[2023-10-16 22:56:11,400][root][INFO] - ===> epoch: 208/300
[2023-10-16 22:56:11,400][root][INFO] - train:
[2023-10-16 22:56:50,997][root][INFO] - val:
[2023-10-16 22:56:52,664][root][INFO] - ===> epoch: 209/300
[2023-10-16 22:56:52,664][root][INFO] - train:
[2023-10-16 22:57:33,727][root][INFO] - val:
[2023-10-16 22:57:35,386][root][INFO] - ===> epoch: 210/300
[2023-10-16 22:57:35,386][root][INFO] - train:
[2023-10-16 22:58:15,517][root][INFO] - val:
[2023-10-16 22:58:17,146][root][INFO] - Checkpoint saved to C:\Users\GeorgeS\Documents\facultate\master\projects\data\model_weights\CIFAR-10/PreResNet/baseline\2525\model_210_0.pth
[2023-10-16 22:58:17,147][root][INFO] - ===> epoch: 211/300
[2023-10-16 22:58:17,147][root][INFO] - train:
[2023-10-16 22:58:56,263][root][INFO] - val:
[2023-10-16 22:58:57,928][root][INFO] - ===> epoch: 212/300
[2023-10-16 22:58:57,928][root][INFO] - train:
[2023-10-16 22:59:38,724][root][INFO] - val:
[2023-10-16 22:59:40,306][root][INFO] - ===> epoch: 213/300
[2023-10-16 22:59:40,306][root][INFO] - train:
[2023-10-16 23:00:20,998][root][INFO] - val:
[2023-10-16 23:00:23,054][root][INFO] - ===> epoch: 214/300
[2023-10-16 23:00:23,054][root][INFO] - train:
[2023-10-16 23:01:02,939][root][INFO] - val:
[2023-10-16 23:01:04,549][root][INFO] - ===> epoch: 215/300
[2023-10-16 23:01:04,549][root][INFO] - train:
[2023-10-16 23:01:45,087][root][INFO] - val:
[2023-10-16 23:01:46,747][root][INFO] - ===> epoch: 216/300
[2023-10-16 23:01:46,747][root][INFO] - train:
[2023-10-16 23:02:26,090][root][INFO] - val:
[2023-10-16 23:02:27,759][root][INFO] - ===> epoch: 217/300
[2023-10-16 23:02:27,760][root][INFO] - train:
[2023-10-16 23:03:06,777][root][INFO] - val:
[2023-10-16 23:03:08,440][root][INFO] - ===> epoch: 218/300
[2023-10-16 23:03:08,440][root][INFO] - train:
[2023-10-16 23:03:48,276][root][INFO] - val:
[2023-10-16 23:03:49,957][root][INFO] - ===> epoch: 219/300
[2023-10-16 23:03:49,958][root][INFO] - train:
[2023-10-16 23:04:30,914][root][INFO] - val:
[2023-10-16 23:04:32,527][root][INFO] - ===> epoch: 220/300
[2023-10-16 23:04:32,527][root][INFO] - train:
[2023-10-16 23:05:12,206][root][INFO] - val:
[2023-10-16 23:05:14,103][root][INFO] - Checkpoint saved to C:\Users\GeorgeS\Documents\facultate\master\projects\data\model_weights\CIFAR-10/PreResNet/baseline\2525\model_220_0.pth
[2023-10-16 23:05:14,104][root][INFO] - ===> epoch: 221/300
[2023-10-16 23:05:14,104][root][INFO] - train:
[2023-10-16 23:05:53,271][root][INFO] - val:
[2023-10-16 23:05:54,858][root][INFO] - ===> epoch: 222/300
[2023-10-16 23:05:54,858][root][INFO] - train:
[2023-10-16 23:06:33,546][root][INFO] - val:
[2023-10-16 23:06:35,168][root][INFO] - ===> epoch: 223/300
[2023-10-16 23:06:35,168][root][INFO] - train:
[2023-10-16 23:07:15,052][root][INFO] - val:
[2023-10-16 23:07:16,695][root][INFO] - ===> epoch: 224/300
[2023-10-16 23:07:16,695][root][INFO] - train:
[2023-10-16 23:07:56,969][root][INFO] - val:
[2023-10-16 23:07:58,543][root][INFO] - ===> epoch: 225/300
[2023-10-16 23:07:58,543][root][INFO] - train:
[2023-10-16 23:08:38,122][root][INFO] - val:
[2023-10-16 23:08:39,720][root][INFO] - ===> epoch: 226/300
[2023-10-16 23:08:39,720][root][INFO] - train:
[2023-10-16 23:09:18,331][root][INFO] - val:
[2023-10-16 23:09:20,241][root][INFO] - ===> epoch: 227/300
[2023-10-16 23:09:20,242][root][INFO] - train:
[2023-10-16 23:09:59,599][root][INFO] - val:
[2023-10-16 23:10:01,234][root][INFO] - ===> epoch: 228/300
[2023-10-16 23:10:01,234][root][INFO] - train:
[2023-10-16 23:10:41,624][root][INFO] - val:
[2023-10-16 23:10:43,253][root][INFO] - ===> epoch: 229/300
[2023-10-16 23:10:43,253][root][INFO] - train:
[2023-10-16 23:11:22,696][root][INFO] - val:
[2023-10-16 23:11:24,288][root][INFO] - ===> epoch: 230/300
[2023-10-16 23:11:24,289][root][INFO] - train:
[2023-10-16 23:12:03,170][root][INFO] - val:
[2023-10-16 23:12:04,715][root][INFO] - Checkpoint saved to C:\Users\GeorgeS\Documents\facultate\master\projects\data\model_weights\CIFAR-10/PreResNet/baseline\2525\model_230_0.pth
[2023-10-16 23:12:04,716][root][INFO] - ===> epoch: 231/300
[2023-10-16 23:12:04,716][root][INFO] - train:
[2023-10-16 23:12:44,050][root][INFO] - val:
[2023-10-16 23:12:45,608][root][INFO] - ===> epoch: 232/300
[2023-10-16 23:12:45,609][root][INFO] - train:
[2023-10-16 23:13:26,061][root][INFO] - val:
[2023-10-16 23:13:27,626][root][INFO] - ===> epoch: 233/300
[2023-10-16 23:13:27,626][root][INFO] - train:
[2023-10-16 23:14:07,596][root][INFO] - val:
[2023-10-16 23:14:09,103][root][INFO] - ===> epoch: 234/300
[2023-10-16 23:14:09,104][root][INFO] - train:
[2023-10-16 23:14:48,247][root][INFO] - val:
[2023-10-16 23:14:49,736][root][INFO] - ===> epoch: 235/300
[2023-10-16 23:14:49,737][root][INFO] - train:
[2023-10-16 23:15:28,523][root][INFO] - val:
[2023-10-16 23:15:30,124][root][INFO] - ===> epoch: 236/300
[2023-10-16 23:15:30,124][root][INFO] - train:
[2023-10-16 23:16:09,450][root][INFO] - val:
[2023-10-16 23:16:10,879][root][INFO] - ===> epoch: 237/300
[2023-10-16 23:16:10,880][root][INFO] - train:
[2023-10-16 23:16:50,025][root][INFO] - val:
[2023-10-16 23:16:51,650][root][INFO] - ===> epoch: 238/300
[2023-10-16 23:16:51,650][root][INFO] - train:
[2023-10-16 23:17:31,772][root][INFO] - val:
[2023-10-16 23:17:33,270][root][INFO] - ===> epoch: 239/300
[2023-10-16 23:17:33,271][root][INFO] - train:
[2023-10-16 23:18:12,431][root][INFO] - val:
[2023-10-16 23:18:14,133][root][INFO] - ===> epoch: 240/300
[2023-10-16 23:18:14,134][root][INFO] - train:
[2023-10-16 23:18:53,613][root][INFO] - val:
[2023-10-16 23:18:55,242][root][INFO] - Checkpoint saved to C:\Users\GeorgeS\Documents\facultate\master\projects\data\model_weights\CIFAR-10/PreResNet/baseline\2525\model_240_0.pth
[2023-10-16 23:18:55,242][root][INFO] - ===> epoch: 241/300
[2023-10-16 23:18:55,243][root][INFO] - train:
[2023-10-16 23:19:35,780][root][INFO] - val:
[2023-10-16 23:19:37,418][root][INFO] - ===> epoch: 242/300
[2023-10-16 23:19:37,418][root][INFO] - train:
[2023-10-16 23:20:17,016][root][INFO] - val:
[2023-10-16 23:20:18,589][root][INFO] - ===> epoch: 243/300
[2023-10-16 23:20:18,589][root][INFO] - train:
[2023-10-16 23:20:57,553][root][INFO] - val:
[2023-10-16 23:20:59,099][root][INFO] - ===> epoch: 244/300
[2023-10-16 23:20:59,099][root][INFO] - train:
[2023-10-16 23:21:39,635][root][INFO] - val:
[2023-10-16 23:21:41,479][root][INFO] - ===> epoch: 245/300
[2023-10-16 23:21:41,479][root][INFO] - train:
[2023-10-16 23:22:20,917][root][INFO] - val:
[2023-10-16 23:22:22,464][root][INFO] - ===> epoch: 246/300
[2023-10-16 23:22:22,465][root][INFO] - train:
[2023-10-16 23:23:01,818][root][INFO] - val:
[2023-10-16 23:23:03,473][root][INFO] - ===> epoch: 247/300
[2023-10-16 23:23:03,473][root][INFO] - train:
[2023-10-16 23:23:42,797][root][INFO] - val:
[2023-10-16 23:23:44,456][root][INFO] - ===> epoch: 248/300
[2023-10-16 23:23:44,457][root][INFO] - train:
[2023-10-16 23:24:24,613][root][INFO] - val:
[2023-10-16 23:24:26,145][root][INFO] - ===> epoch: 249/300
[2023-10-16 23:24:26,145][root][INFO] - train:
[2023-10-16 23:25:06,014][root][INFO] - val:
[2023-10-16 23:25:07,454][root][INFO] - ===> epoch: 250/300
[2023-10-16 23:25:07,454][root][INFO] - train:
[2023-10-16 23:25:46,149][root][INFO] - val:
[2023-10-16 23:25:47,846][root][INFO] - Checkpoint saved to C:\Users\GeorgeS\Documents\facultate\master\projects\data\model_weights\CIFAR-10/PreResNet/baseline\2525\model_250_0.pth
[2023-10-16 23:25:47,847][root][INFO] - ===> epoch: 251/300
[2023-10-16 23:25:47,847][root][INFO] - train:
[2023-10-16 23:26:27,317][root][INFO] - val:
[2023-10-16 23:26:29,181][root][INFO] - ===> epoch: 252/300
[2023-10-16 23:26:29,182][root][INFO] - train:
[2023-10-16 23:27:08,077][root][INFO] - val:
[2023-10-16 23:27:09,637][root][INFO] - ===> epoch: 253/300
[2023-10-16 23:27:09,637][root][INFO] - train:
[2023-10-16 23:27:50,337][root][INFO] - val:
[2023-10-16 23:27:51,761][root][INFO] - ===> epoch: 254/300
[2023-10-16 23:27:51,761][root][INFO] - train:
[2023-10-16 23:28:30,783][root][INFO] - val:
[2023-10-16 23:28:32,293][root][INFO] - ===> epoch: 255/300
[2023-10-16 23:28:32,294][root][INFO] - train:
[2023-10-16 23:29:11,905][root][INFO] - val:
[2023-10-16 23:29:13,533][root][INFO] - ===> epoch: 256/300
[2023-10-16 23:29:13,533][root][INFO] - train:
[2023-10-16 23:29:53,448][root][INFO] - val:
[2023-10-16 23:29:55,075][root][INFO] - ===> epoch: 257/300
[2023-10-16 23:29:55,075][root][INFO] - train:
[2023-10-16 23:30:34,589][root][INFO] - val:
[2023-10-16 23:30:36,256][root][INFO] - ===> epoch: 258/300
[2023-10-16 23:30:36,257][root][INFO] - train:
[2023-10-16 23:31:15,038][root][INFO] - val:
[2023-10-16 23:31:16,805][root][INFO] - ===> epoch: 259/300
[2023-10-16 23:31:16,805][root][INFO] - train:
[2023-10-16 23:31:55,703][root][INFO] - val:
[2023-10-16 23:31:57,262][root][INFO] - ===> epoch: 260/300
[2023-10-16 23:31:57,262][root][INFO] - train:
[2023-10-16 23:32:37,945][root][INFO] - val:
[2023-10-16 23:32:39,495][root][INFO] - Checkpoint saved to C:\Users\GeorgeS\Documents\facultate\master\projects\data\model_weights\CIFAR-10/PreResNet/baseline\2525\model_260_0.pth
[2023-10-16 23:32:39,510][root][INFO] - ===> epoch: 261/300
[2023-10-16 23:32:39,510][root][INFO] - train:
[2023-10-16 23:33:18,898][root][INFO] - val:
[2023-10-16 23:33:20,485][root][INFO] - ===> epoch: 262/300
[2023-10-16 23:33:20,485][root][INFO] - train:
[2023-10-16 23:34:00,619][root][INFO] - val:
[2023-10-16 23:34:02,053][root][INFO] - ===> epoch: 263/300
[2023-10-16 23:34:02,053][root][INFO] - train:
[2023-10-16 23:34:41,176][root][INFO] - val:
[2023-10-16 23:34:42,823][root][INFO] - ===> epoch: 264/300
[2023-10-16 23:34:42,824][root][INFO] - train:
[2023-10-16 23:35:23,920][root][INFO] - val:
[2023-10-16 23:35:25,542][root][INFO] - ===> epoch: 265/300
[2023-10-16 23:35:25,542][root][INFO] - train:
[2023-10-16 23:36:06,693][root][INFO] - val:
[2023-10-16 23:36:08,568][root][INFO] - ===> epoch: 266/300
[2023-10-16 23:36:08,568][root][INFO] - train:
[2023-10-16 23:36:48,541][root][INFO] - val:
[2023-10-16 23:36:50,141][root][INFO] - ===> epoch: 267/300
[2023-10-16 23:36:50,141][root][INFO] - train:
[2023-10-16 23:37:29,618][root][INFO] - val:
[2023-10-16 23:37:31,101][root][INFO] - ===> epoch: 268/300
[2023-10-16 23:37:31,101][root][INFO] - train:
[2023-10-16 23:38:10,391][root][INFO] - val:
[2023-10-16 23:38:11,984][root][INFO] - ===> epoch: 269/300
[2023-10-16 23:38:11,984][root][INFO] - train:
[2023-10-16 23:38:51,638][root][INFO] - val:
[2023-10-16 23:38:53,170][root][INFO] - ===> epoch: 270/300
[2023-10-16 23:38:53,170][root][INFO] - train:
[2023-10-16 23:39:33,535][root][INFO] - val:
[2023-10-16 23:39:35,222][root][INFO] - Checkpoint saved to C:\Users\GeorgeS\Documents\facultate\master\projects\data\model_weights\CIFAR-10/PreResNet/baseline\2525\model_270_0.pth
[2023-10-16 23:39:35,222][root][INFO] - ===> epoch: 271/300
[2023-10-16 23:39:35,222][root][INFO] - train:
[2023-10-16 23:40:15,239][root][INFO] - val:
[2023-10-16 23:40:16,864][root][INFO] - ===> epoch: 272/300
[2023-10-16 23:40:16,864][root][INFO] - train:
[2023-10-16 23:40:55,509][root][INFO] - val:
[2023-10-16 23:40:57,540][root][INFO] - ===> epoch: 273/300
[2023-10-16 23:40:57,540][root][INFO] - train:
[2023-10-16 23:41:37,418][root][INFO] - val:
[2023-10-16 23:41:39,027][root][INFO] - ===> epoch: 274/300
[2023-10-16 23:41:39,027][root][INFO] - train:
[2023-10-16 23:42:19,070][root][INFO] - val:
[2023-10-16 23:42:20,720][root][INFO] - ===> epoch: 275/300
[2023-10-16 23:42:20,721][root][INFO] - train:
[2023-10-16 23:42:59,489][root][INFO] - val:
[2023-10-16 23:43:01,046][root][INFO] - ===> epoch: 276/300
[2023-10-16 23:43:01,046][root][INFO] - train:
[2023-10-16 23:43:41,294][root][INFO] - val:
[2023-10-16 23:43:42,887][root][INFO] - ===> epoch: 277/300
[2023-10-16 23:43:42,887][root][INFO] - train:
[2023-10-16 23:44:21,966][root][INFO] - val:
[2023-10-16 23:44:23,479][root][INFO] - ===> epoch: 278/300
[2023-10-16 23:44:23,480][root][INFO] - train:
[2023-10-16 23:45:02,338][root][INFO] - val:
[2023-10-16 23:45:03,887][root][INFO] - ===> epoch: 279/300
[2023-10-16 23:45:03,887][root][INFO] - train:
[2023-10-16 23:45:43,275][root][INFO] - val:
[2023-10-16 23:45:44,884][root][INFO] - ===> epoch: 280/300
[2023-10-16 23:45:44,884][root][INFO] - train:
[2023-10-16 23:46:24,783][root][INFO] - val:
[2023-10-16 23:46:26,427][root][INFO] - Checkpoint saved to C:\Users\GeorgeS\Documents\facultate\master\projects\data\model_weights\CIFAR-10/PreResNet/baseline\2525\model_280_0.pth
[2023-10-16 23:46:26,428][root][INFO] - ===> epoch: 281/300
[2023-10-16 23:46:26,428][root][INFO] - train:
[2023-10-16 23:47:05,819][root][INFO] - val:
[2023-10-16 23:47:07,390][root][INFO] - ===> epoch: 282/300
[2023-10-16 23:47:07,390][root][INFO] - train:
[2023-10-16 23:47:46,839][root][INFO] - val:
[2023-10-16 23:47:48,403][root][INFO] - ===> epoch: 283/300
[2023-10-16 23:47:48,404][root][INFO] - train:
[2023-10-16 23:48:29,181][root][INFO] - val:
[2023-10-16 23:48:30,742][root][INFO] - ===> epoch: 284/300
[2023-10-16 23:48:30,742][root][INFO] - train:
[2023-10-16 23:49:10,638][root][INFO] - val:
[2023-10-16 23:49:12,284][root][INFO] - ===> epoch: 285/300
[2023-10-16 23:49:12,285][root][INFO] - train:
[2023-10-16 23:49:51,438][root][INFO] - val:
[2023-10-16 23:49:53,116][root][INFO] - ===> epoch: 286/300
[2023-10-16 23:49:53,116][root][INFO] - train:
[2023-10-16 23:50:32,209][root][INFO] - val:
[2023-10-16 23:50:33,788][root][INFO] - ===> epoch: 287/300
[2023-10-16 23:50:33,789][root][INFO] - train:
[2023-10-16 23:51:13,298][root][INFO] - val:
[2023-10-16 23:51:14,947][root][INFO] - ===> epoch: 288/300
[2023-10-16 23:51:14,948][root][INFO] - train:
[2023-10-16 23:51:54,063][root][INFO] - val:
[2023-10-16 23:51:55,627][root][INFO] - ===> epoch: 289/300
[2023-10-16 23:51:55,627][root][INFO] - train:
[2023-10-16 23:52:34,980][root][INFO] - val:
[2023-10-16 23:52:36,619][root][INFO] - ===> epoch: 290/300
[2023-10-16 23:52:36,619][root][INFO] - train:
[2023-10-16 23:53:16,095][root][INFO] - val:
[2023-10-16 23:53:17,675][root][INFO] - Checkpoint saved to C:\Users\GeorgeS\Documents\facultate\master\projects\data\model_weights\CIFAR-10/PreResNet/baseline\2525\model_290_0.pth
[2023-10-16 23:53:17,675][root][INFO] - ===> epoch: 291/300
[2023-10-16 23:53:17,676][root][INFO] - train:
[2023-10-16 23:53:56,566][root][INFO] - val:
[2023-10-16 23:53:58,411][root][INFO] - ===> epoch: 292/300
[2023-10-16 23:53:58,411][root][INFO] - train:
[2023-10-16 23:54:37,994][root][INFO] - val:
[2023-10-16 23:54:39,871][root][INFO] - ===> epoch: 293/300
[2023-10-16 23:54:39,871][root][INFO] - train:
[2023-10-16 23:55:18,456][root][INFO] - val:
[2023-10-16 23:55:20,011][root][INFO] - ===> epoch: 294/300
[2023-10-16 23:55:20,011][root][INFO] - train:
[2023-10-16 23:55:59,241][root][INFO] - val:
[2023-10-16 23:56:00,826][root][INFO] - ===> epoch: 295/300
[2023-10-16 23:56:00,826][root][INFO] - train:
[2023-10-16 23:56:40,414][root][INFO] - val:
[2023-10-16 23:56:41,854][root][INFO] - ===> epoch: 296/300
[2023-10-16 23:56:41,854][root][INFO] - train:
[2023-10-16 23:57:21,350][root][INFO] - val:
[2023-10-16 23:57:23,181][root][INFO] - ===> epoch: 297/300
[2023-10-16 23:57:23,181][root][INFO] - train:
[2023-10-16 23:58:02,905][root][INFO] - val:
[2023-10-16 23:58:04,409][root][INFO] - ===> epoch: 298/300
[2023-10-16 23:58:04,409][root][INFO] - train:
[2023-10-16 23:58:43,503][root][INFO] - val:
[2023-10-16 23:58:45,148][root][INFO] - ===> epoch: 299/300
[2023-10-16 23:58:45,148][root][INFO] - train:
[2023-10-16 23:59:24,468][root][INFO] - val:
[2023-10-16 23:59:25,999][root][INFO] - ===> BEST Val/Accuracy PERFORMANCE: 0.90270
[2023-10-16 23:59:26,452][root][INFO] - Saved best accuracy checkpoint
