[2023-10-23 20:03:40,941][root][INFO] - Saving current code to C:\Users\GeorgeS\Documents\facultate\master\projects\Pytorch-Template\outputs\2023-10-23\20-03-40\runs\CIFAR-10/PreResNet/CosineAnnealingBS\2525
[2023-10-23 20:03:41,079][root][INFO] - Loading train_dataset!
[2023-10-23 20:04:22,065][root][INFO] - Loading val_dataset!
[2023-10-23 20:04:31,430][root][INFO] - ===> epoch: 1/300
[2023-10-23 20:04:31,430][root][INFO] - train:
[2023-10-23 20:05:28,492][root][INFO] - val:
[2023-10-23 20:05:32,190][root][INFO] - Checkpoint saved to C:\Users\GeorgeS\Documents\facultate\master\projects\data\model_weights\CIFAR-10/PreResNet/CosineAnnealingBS\2525\model_1_0.46369999647140503.pth
[2023-10-23 20:05:32,190][root][INFO] - ===> BEST Val/Accuracy PERFORMANCE: 0.46370
[2023-10-23 20:05:32,191][root][INFO] - ===> epoch: 2/300
[2023-10-23 20:05:32,191][root][INFO] - train:
[2023-10-23 20:06:30,296][root][INFO] - val:
[2023-10-23 20:06:31,848][root][INFO] - Checkpoint saved to C:\Users\GeorgeS\Documents\facultate\master\projects\data\model_weights\CIFAR-10/PreResNet/CosineAnnealingBS\2525\model_2_0.5461999773979187.pth
[2023-10-23 20:06:31,849][root][INFO] - ===> BEST Val/Accuracy PERFORMANCE: 0.54620
[2023-10-23 20:06:31,850][root][INFO] - ===> epoch: 3/300
[2023-10-23 20:06:31,851][root][INFO] - train:
[2023-10-23 20:07:30,201][root][INFO] - val:
[2023-10-23 20:07:31,862][root][INFO] - Checkpoint saved to C:\Users\GeorgeS\Documents\facultate\master\projects\data\model_weights\CIFAR-10/PreResNet/CosineAnnealingBS\2525\model_3_0.6298999786376953.pth
[2023-10-23 20:07:31,863][root][INFO] - ===> BEST Val/Accuracy PERFORMANCE: 0.62990
[2023-10-23 20:07:31,864][root][INFO] - ===> epoch: 4/300
[2023-10-23 20:07:31,864][root][INFO] - train:
[2023-10-23 20:08:31,868][root][INFO] - val:
[2023-10-23 20:08:33,543][root][INFO] - Checkpoint saved to C:\Users\GeorgeS\Documents\facultate\master\projects\data\model_weights\CIFAR-10/PreResNet/CosineAnnealingBS\2525\model_4_0.6351000070571899.pth
[2023-10-23 20:08:33,544][root][INFO] - ===> BEST Val/Accuracy PERFORMANCE: 0.63510
[2023-10-23 20:08:33,545][root][INFO] - ===> epoch: 5/300
[2023-10-23 20:08:33,545][root][INFO] - train:
[2023-10-23 20:09:32,683][root][INFO] - val:
[2023-10-23 20:09:34,353][root][INFO] - Checkpoint saved to C:\Users\GeorgeS\Documents\facultate\master\projects\data\model_weights\CIFAR-10/PreResNet/CosineAnnealingBS\2525\model_5_0.6877999901771545.pth
[2023-10-23 20:09:34,354][root][INFO] - ===> BEST Val/Accuracy PERFORMANCE: 0.68780
[2023-10-23 20:09:34,355][root][INFO] - ===> epoch: 6/300
[2023-10-23 20:09:34,356][root][INFO] - train:
[2023-10-23 20:10:31,938][root][INFO] - val:
[2023-10-23 20:10:33,778][root][INFO] - ===> epoch: 7/300
[2023-10-23 20:10:33,779][root][INFO] - train:
[2023-10-23 20:11:34,476][root][INFO] - val:
[2023-10-23 20:11:36,134][root][INFO] - Checkpoint saved to C:\Users\GeorgeS\Documents\facultate\master\projects\data\model_weights\CIFAR-10/PreResNet/CosineAnnealingBS\2525\model_7_0.7070000171661377.pth
[2023-10-23 20:11:36,134][root][INFO] - ===> BEST Val/Accuracy PERFORMANCE: 0.70700
[2023-10-23 20:11:36,135][root][INFO] - ===> epoch: 8/300
[2023-10-23 20:11:36,135][root][INFO] - train:
[2023-10-23 20:12:36,733][root][INFO] - val:
[2023-10-23 20:12:38,360][root][INFO] - ===> epoch: 9/300
[2023-10-23 20:12:38,360][root][INFO] - train:
[2023-10-23 20:13:39,083][root][INFO] - val:
[2023-10-23 20:13:40,694][root][INFO] - Checkpoint saved to C:\Users\GeorgeS\Documents\facultate\master\projects\data\model_weights\CIFAR-10/PreResNet/CosineAnnealingBS\2525\model_9_0.7221999764442444.pth
[2023-10-23 20:13:40,695][root][INFO] - ===> BEST Val/Accuracy PERFORMANCE: 0.72220
[2023-10-23 20:13:40,696][root][INFO] - ===> epoch: 10/300
[2023-10-23 20:13:40,696][root][INFO] - train:
[2023-10-23 20:14:42,626][root][INFO] - val:
[2023-10-23 20:14:44,304][root][INFO] - Checkpoint saved to C:\Users\GeorgeS\Documents\facultate\master\projects\data\model_weights\CIFAR-10/PreResNet/CosineAnnealingBS\2525\model_10_0.7530999779701233.pth
[2023-10-23 20:14:44,305][root][INFO] - ===> BEST Val/Accuracy PERFORMANCE: 0.75310
[2023-10-23 20:14:44,370][root][INFO] - Checkpoint saved to C:\Users\GeorgeS\Documents\facultate\master\projects\data\model_weights\CIFAR-10/PreResNet/CosineAnnealingBS\2525\model_10_0.pth
[2023-10-23 20:14:44,372][root][INFO] - ===> epoch: 11/300
[2023-10-23 20:14:44,373][root][INFO] - train:
[2023-10-23 20:16:02,092][root][INFO] - val:
[2023-10-23 20:16:03,604][root][INFO] - Checkpoint saved to C:\Users\GeorgeS\Documents\facultate\master\projects\data\model_weights\CIFAR-10/PreResNet/CosineAnnealingBS\2525\model_11_0.7620999813079834.pth
[2023-10-23 20:16:03,605][root][INFO] - ===> BEST Val/Accuracy PERFORMANCE: 0.76210
[2023-10-23 20:16:03,606][root][INFO] - ===> epoch: 12/300
[2023-10-23 20:16:03,606][root][INFO] - train:
[2023-10-23 20:16:58,249][root][INFO] - val:
[2023-10-23 20:16:59,767][root][INFO] - Checkpoint saved to C:\Users\GeorgeS\Documents\facultate\master\projects\data\model_weights\CIFAR-10/PreResNet/CosineAnnealingBS\2525\model_12_0.7702999711036682.pth
[2023-10-23 20:16:59,767][root][INFO] - ===> BEST Val/Accuracy PERFORMANCE: 0.77030
[2023-10-23 20:16:59,768][root][INFO] - ===> epoch: 13/300
[2023-10-23 20:16:59,768][root][INFO] - train:
[2023-10-23 20:17:53,879][root][INFO] - val:
[2023-10-23 20:17:55,430][root][INFO] - Checkpoint saved to C:\Users\GeorgeS\Documents\facultate\master\projects\data\model_weights\CIFAR-10/PreResNet/CosineAnnealingBS\2525\model_13_0.7831000089645386.pth
[2023-10-23 20:17:55,431][root][INFO] - ===> BEST Val/Accuracy PERFORMANCE: 0.78310
[2023-10-23 20:17:55,431][root][INFO] - ===> epoch: 14/300
[2023-10-23 20:17:55,432][root][INFO] - train:
[2023-10-23 20:18:50,261][root][INFO] - val:
[2023-10-23 20:18:51,949][root][INFO] - Checkpoint saved to C:\Users\GeorgeS\Documents\facultate\master\projects\data\model_weights\CIFAR-10/PreResNet/CosineAnnealingBS\2525\model_14_0.7901999950408936.pth
[2023-10-23 20:18:51,950][root][INFO] - ===> BEST Val/Accuracy PERFORMANCE: 0.79020
[2023-10-23 20:18:51,950][root][INFO] - ===> epoch: 15/300
[2023-10-23 20:18:51,950][root][INFO] - train:
[2023-10-23 20:19:45,996][root][INFO] - val:
[2023-10-23 20:19:47,599][root][INFO] - ===> epoch: 16/300
[2023-10-23 20:19:47,599][root][INFO] - train:
[2023-10-23 20:20:40,832][root][INFO] - val:
[2023-10-23 20:20:42,489][root][INFO] - Checkpoint saved to C:\Users\GeorgeS\Documents\facultate\master\projects\data\model_weights\CIFAR-10/PreResNet/CosineAnnealingBS\2525\model_16_0.8062999844551086.pth
[2023-10-23 20:20:42,490][root][INFO] - ===> BEST Val/Accuracy PERFORMANCE: 0.80630
[2023-10-23 20:20:42,491][root][INFO] - ===> epoch: 17/300
[2023-10-23 20:20:42,491][root][INFO] - train:
[2023-10-23 20:21:35,537][root][INFO] - val:
[2023-10-23 20:21:37,129][root][INFO] - ===> epoch: 18/300
[2023-10-23 20:21:37,130][root][INFO] - train:
[2023-10-23 20:22:29,789][root][INFO] - val:
[2023-10-23 20:22:31,482][root][INFO] - ===> epoch: 19/300
[2023-10-23 20:22:31,482][root][INFO] - train:
[2023-10-23 20:23:23,866][root][INFO] - val:
[2023-10-23 20:23:25,508][root][INFO] - ===> epoch: 20/300
[2023-10-23 20:23:25,508][root][INFO] - train:
[2023-10-23 20:24:17,734][root][INFO] - val:
[2023-10-23 20:24:19,779][root][INFO] - Checkpoint saved to C:\Users\GeorgeS\Documents\facultate\master\projects\data\model_weights\CIFAR-10/PreResNet/CosineAnnealingBS\2525\model_20_0.8222000002861023.pth
[2023-10-23 20:24:19,779][root][INFO] - ===> BEST Val/Accuracy PERFORMANCE: 0.82220
[2023-10-23 20:24:19,826][root][INFO] - Checkpoint saved to C:\Users\GeorgeS\Documents\facultate\master\projects\data\model_weights\CIFAR-10/PreResNet/CosineAnnealingBS\2525\model_20_0.pth
[2023-10-23 20:24:19,827][root][INFO] - ===> epoch: 21/300
[2023-10-23 20:24:19,827][root][INFO] - train:
[2023-10-23 20:25:11,370][root][INFO] - val:
[2023-10-23 20:25:13,077][root][INFO] - Checkpoint saved to C:\Users\GeorgeS\Documents\facultate\master\projects\data\model_weights\CIFAR-10/PreResNet/CosineAnnealingBS\2525\model_21_0.8238000273704529.pth
[2023-10-23 20:25:13,078][root][INFO] - ===> BEST Val/Accuracy PERFORMANCE: 0.82380
[2023-10-23 20:25:13,079][root][INFO] - ===> epoch: 22/300
[2023-10-23 20:25:13,079][root][INFO] - train:
[2023-10-23 20:26:05,174][root][INFO] - val:
[2023-10-23 20:26:06,872][root][INFO] - ===> epoch: 23/300
[2023-10-23 20:26:06,873][root][INFO] - train:
[2023-10-23 20:26:58,484][root][INFO] - val:
[2023-10-23 20:27:00,114][root][INFO] - Checkpoint saved to C:\Users\GeorgeS\Documents\facultate\master\projects\data\model_weights\CIFAR-10/PreResNet/CosineAnnealingBS\2525\model_23_0.8282999992370605.pth
[2023-10-23 20:27:00,114][root][INFO] - ===> BEST Val/Accuracy PERFORMANCE: 0.82830
[2023-10-23 20:27:00,115][root][INFO] - ===> epoch: 24/300
[2023-10-23 20:27:00,116][root][INFO] - train:
[2023-10-23 20:27:51,525][root][INFO] - val:
[2023-10-23 20:27:53,256][root][INFO] - Checkpoint saved to C:\Users\GeorgeS\Documents\facultate\master\projects\data\model_weights\CIFAR-10/PreResNet/CosineAnnealingBS\2525\model_24_0.8313999772071838.pth
[2023-10-23 20:27:53,257][root][INFO] - ===> BEST Val/Accuracy PERFORMANCE: 0.83140
[2023-10-23 20:27:53,258][root][INFO] - ===> epoch: 25/300
[2023-10-23 20:27:53,258][root][INFO] - train:
[2023-10-23 20:28:47,744][root][INFO] - val:
[2023-10-23 20:28:49,261][root][INFO] - ===> epoch: 26/300
[2023-10-23 20:28:49,261][root][INFO] - train:
[2023-10-23 20:29:44,894][root][INFO] - val:
[2023-10-23 20:29:46,431][root][INFO] - Checkpoint saved to C:\Users\GeorgeS\Documents\facultate\master\projects\data\model_weights\CIFAR-10/PreResNet/CosineAnnealingBS\2525\model_26_0.8440999984741211.pth
[2023-10-23 20:29:46,431][root][INFO] - ===> BEST Val/Accuracy PERFORMANCE: 0.84410
[2023-10-23 20:29:46,432][root][INFO] - ===> epoch: 27/300
[2023-10-23 20:29:46,432][root][INFO] - train:
[2023-10-23 20:30:42,171][root][INFO] - val:
[2023-10-23 20:30:43,730][root][INFO] - ===> epoch: 28/300
[2023-10-23 20:30:43,731][root][INFO] - train:
[2023-10-23 20:31:40,699][root][INFO] - val:
[2023-10-23 20:31:42,225][root][INFO] - Checkpoint saved to C:\Users\GeorgeS\Documents\facultate\master\projects\data\model_weights\CIFAR-10/PreResNet/CosineAnnealingBS\2525\model_28_0.8460999727249146.pth
[2023-10-23 20:31:42,226][root][INFO] - ===> BEST Val/Accuracy PERFORMANCE: 0.84610
[2023-10-23 20:31:42,227][root][INFO] - ===> epoch: 29/300
[2023-10-23 20:31:42,227][root][INFO] - train:
[2023-10-23 20:32:36,167][root][INFO] - val:
[2023-10-23 20:32:37,713][root][INFO] - Checkpoint saved to C:\Users\GeorgeS\Documents\facultate\master\projects\data\model_weights\CIFAR-10/PreResNet/CosineAnnealingBS\2525\model_29_0.8489999771118164.pth
[2023-10-23 20:32:37,714][root][INFO] - ===> BEST Val/Accuracy PERFORMANCE: 0.84900
[2023-10-23 20:32:37,715][root][INFO] - ===> epoch: 30/300
[2023-10-23 20:32:37,715][root][INFO] - train:
[2023-10-23 20:33:30,900][root][INFO] - val:
[2023-10-23 20:33:32,457][root][INFO] - Checkpoint saved to C:\Users\GeorgeS\Documents\facultate\master\projects\data\model_weights\CIFAR-10/PreResNet/CosineAnnealingBS\2525\model_30_0.pth
[2023-10-23 20:33:32,459][root][INFO] - ===> epoch: 31/300
[2023-10-23 20:33:32,459][root][INFO] - train:
[2023-10-23 20:34:25,340][root][INFO] - val:
[2023-10-23 20:34:26,895][root][INFO] - Checkpoint saved to C:\Users\GeorgeS\Documents\facultate\master\projects\data\model_weights\CIFAR-10/PreResNet/CosineAnnealingBS\2525\model_31_0.8543000221252441.pth
[2023-10-23 20:34:26,895][root][INFO] - ===> BEST Val/Accuracy PERFORMANCE: 0.85430
[2023-10-23 20:34:26,897][root][INFO] - ===> epoch: 32/300
[2023-10-23 20:34:26,898][root][INFO] - train:
[2023-10-23 20:35:19,287][root][INFO] - val:
[2023-10-23 20:35:20,787][root][INFO] - ===> epoch: 33/300
[2023-10-23 20:35:20,788][root][INFO] - train:
[2023-10-23 20:36:12,551][root][INFO] - val:
[2023-10-23 20:36:14,045][root][INFO] - ===> epoch: 34/300
[2023-10-23 20:36:14,046][root][INFO] - train:
[2023-10-23 20:37:05,544][root][INFO] - val:
[2023-10-23 20:37:07,103][root][INFO] - ===> epoch: 35/300
[2023-10-23 20:37:07,104][root][INFO] - train:
[2023-10-23 20:37:58,950][root][INFO] - val:
[2023-10-23 20:38:00,468][root][INFO] - ===> epoch: 36/300
[2023-10-23 20:38:00,468][root][INFO] - train:
[2023-10-23 20:38:51,867][root][INFO] - val:
[2023-10-23 20:38:53,343][root][INFO] - ===> epoch: 37/300
[2023-10-23 20:38:53,343][root][INFO] - train:
[2023-10-23 20:39:45,881][root][INFO] - val:
[2023-10-23 20:39:47,569][root][INFO] - Checkpoint saved to C:\Users\GeorgeS\Documents\facultate\master\projects\data\model_weights\CIFAR-10/PreResNet/CosineAnnealingBS\2525\model_37_0.8555999994277954.pth
[2023-10-23 20:39:47,570][root][INFO] - ===> BEST Val/Accuracy PERFORMANCE: 0.85560
[2023-10-23 20:39:47,571][root][INFO] - ===> epoch: 38/300
[2023-10-23 20:39:47,571][root][INFO] - train:
[2023-10-23 20:40:38,770][root][INFO] - val:
[2023-10-23 20:40:40,261][root][INFO] - ===> epoch: 39/300
[2023-10-23 20:40:40,261][root][INFO] - train:
[2023-10-23 20:41:31,872][root][INFO] - val:
[2023-10-23 20:41:33,392][root][INFO] - Checkpoint saved to C:\Users\GeorgeS\Documents\facultate\master\projects\data\model_weights\CIFAR-10/PreResNet/CosineAnnealingBS\2525\model_39_0.8597000241279602.pth
[2023-10-23 20:41:33,393][root][INFO] - ===> BEST Val/Accuracy PERFORMANCE: 0.85970
[2023-10-23 20:41:33,394][root][INFO] - ===> epoch: 40/300
[2023-10-23 20:41:33,394][root][INFO] - train:
[2023-10-23 20:42:24,589][root][INFO] - val:
[2023-10-23 20:42:26,131][root][INFO] - Checkpoint saved to C:\Users\GeorgeS\Documents\facultate\master\projects\data\model_weights\CIFAR-10/PreResNet/CosineAnnealingBS\2525\model_40_0.8604999780654907.pth
[2023-10-23 20:42:26,131][root][INFO] - ===> BEST Val/Accuracy PERFORMANCE: 0.86050
[2023-10-23 20:42:26,172][root][INFO] - Checkpoint saved to C:\Users\GeorgeS\Documents\facultate\master\projects\data\model_weights\CIFAR-10/PreResNet/CosineAnnealingBS\2525\model_40_0.pth
[2023-10-23 20:42:26,173][root][INFO] - ===> epoch: 41/300
[2023-10-23 20:42:26,173][root][INFO] - train:
[2023-10-23 20:43:17,592][root][INFO] - val:
[2023-10-23 20:43:19,080][root][INFO] - ===> epoch: 42/300
[2023-10-23 20:43:19,080][root][INFO] - train:
[2023-10-23 20:44:09,697][root][INFO] - val:
[2023-10-23 20:44:11,237][root][INFO] - Checkpoint saved to C:\Users\GeorgeS\Documents\facultate\master\projects\data\model_weights\CIFAR-10/PreResNet/CosineAnnealingBS\2525\model_42_0.86080002784729.pth
[2023-10-23 20:44:11,238][root][INFO] - ===> BEST Val/Accuracy PERFORMANCE: 0.86080
[2023-10-23 20:44:11,239][root][INFO] - ===> epoch: 43/300
[2023-10-23 20:44:11,239][root][INFO] - train:
[2023-10-23 20:45:01,928][root][INFO] - val:
[2023-10-23 20:45:03,423][root][INFO] - ===> epoch: 44/300
[2023-10-23 20:45:03,423][root][INFO] - train:
[2023-10-23 20:45:53,764][root][INFO] - val:
[2023-10-23 20:45:55,295][root][INFO] - Checkpoint saved to C:\Users\GeorgeS\Documents\facultate\master\projects\data\model_weights\CIFAR-10/PreResNet/CosineAnnealingBS\2525\model_44_0.8616999983787537.pth
[2023-10-23 20:45:55,295][root][INFO] - ===> BEST Val/Accuracy PERFORMANCE: 0.86170
[2023-10-23 20:45:55,296][root][INFO] - ===> epoch: 45/300
[2023-10-23 20:45:55,296][root][INFO] - train:
[2023-10-23 20:46:45,742][root][INFO] - val:
[2023-10-23 20:46:47,227][root][INFO] - ===> epoch: 46/300
[2023-10-23 20:46:47,227][root][INFO] - train:
[2023-10-23 20:47:37,666][root][INFO] - val:
[2023-10-23 20:47:39,195][root][INFO] - Checkpoint saved to C:\Users\GeorgeS\Documents\facultate\master\projects\data\model_weights\CIFAR-10/PreResNet/CosineAnnealingBS\2525\model_46_0.8658000230789185.pth
[2023-10-23 20:47:39,196][root][INFO] - ===> BEST Val/Accuracy PERFORMANCE: 0.86580
[2023-10-23 20:47:39,196][root][INFO] - ===> epoch: 47/300
[2023-10-23 20:47:39,197][root][INFO] - train:
[2023-10-23 20:48:29,848][root][INFO] - val:
[2023-10-23 20:48:31,334][root][INFO] - ===> epoch: 48/300
[2023-10-23 20:48:31,334][root][INFO] - train:
[2023-10-23 20:49:21,365][root][INFO] - val:
[2023-10-23 20:49:22,997][root][INFO] - ===> epoch: 49/300
[2023-10-23 20:49:22,997][root][INFO] - train:
[2023-10-23 20:50:12,704][root][INFO] - val:
[2023-10-23 20:50:14,180][root][INFO] - ===> epoch: 50/300
[2023-10-23 20:50:14,180][root][INFO] - train:
[2023-10-23 20:51:03,908][root][INFO] - val:
[2023-10-23 20:51:05,438][root][INFO] - Checkpoint saved to C:\Users\GeorgeS\Documents\facultate\master\projects\data\model_weights\CIFAR-10/PreResNet/CosineAnnealingBS\2525\model_50_0.8661999702453613.pth
[2023-10-23 20:51:05,439][root][INFO] - ===> BEST Val/Accuracy PERFORMANCE: 0.86620
[2023-10-23 20:51:05,485][root][INFO] - Checkpoint saved to C:\Users\GeorgeS\Documents\facultate\master\projects\data\model_weights\CIFAR-10/PreResNet/CosineAnnealingBS\2525\model_50_0.pth
[2023-10-23 20:51:05,486][root][INFO] - ===> epoch: 51/300
[2023-10-23 20:51:05,487][root][INFO] - train:
[2023-10-23 20:51:56,054][root][INFO] - val:
[2023-10-23 20:51:57,587][root][INFO] - Checkpoint saved to C:\Users\GeorgeS\Documents\facultate\master\projects\data\model_weights\CIFAR-10/PreResNet/CosineAnnealingBS\2525\model_51_0.8701000213623047.pth
[2023-10-23 20:51:57,587][root][INFO] - ===> BEST Val/Accuracy PERFORMANCE: 0.87010
[2023-10-23 20:51:57,588][root][INFO] - ===> epoch: 52/300
[2023-10-23 20:51:57,588][root][INFO] - train:
[2023-10-23 20:52:47,852][root][INFO] - val:
[2023-10-23 20:52:49,325][root][INFO] - ===> epoch: 53/300
[2023-10-23 20:52:49,325][root][INFO] - train:
[2023-10-23 20:53:39,546][root][INFO] - val:
[2023-10-23 20:53:41,034][root][INFO] - ===> epoch: 54/300
[2023-10-23 20:53:41,035][root][INFO] - train:
[2023-10-23 20:54:31,224][root][INFO] - val:
[2023-10-23 20:54:32,704][root][INFO] - ===> epoch: 55/300
[2023-10-23 20:54:32,705][root][INFO] - train:
[2023-10-23 20:55:23,097][root][INFO] - val:
[2023-10-23 20:55:24,586][root][INFO] - ===> epoch: 56/300
[2023-10-23 20:55:24,586][root][INFO] - train:
[2023-10-23 20:56:15,410][root][INFO] - val:
[2023-10-23 20:56:16,986][root][INFO] - ===> epoch: 57/300
[2023-10-23 20:56:16,986][root][INFO] - train:
[2023-10-23 20:57:11,296][root][INFO] - val:
[2023-10-23 20:57:12,950][root][INFO] - Checkpoint saved to C:\Users\GeorgeS\Documents\facultate\master\projects\data\model_weights\CIFAR-10/PreResNet/CosineAnnealingBS\2525\model_57_0.8711000084877014.pth
[2023-10-23 20:57:12,951][root][INFO] - ===> BEST Val/Accuracy PERFORMANCE: 0.87110
[2023-10-23 20:57:12,951][root][INFO] - ===> epoch: 58/300
[2023-10-23 20:57:12,952][root][INFO] - train:
[2023-10-23 20:58:08,013][root][INFO] - val:
[2023-10-23 20:58:09,624][root][INFO] - ===> epoch: 59/300
[2023-10-23 20:58:09,624][root][INFO] - train:
[2023-10-23 20:59:04,214][root][INFO] - val:
[2023-10-23 20:59:05,812][root][INFO] - ===> epoch: 60/300
[2023-10-23 20:59:05,813][root][INFO] - train:
[2023-10-23 21:00:00,568][root][INFO] - val:
[2023-10-23 21:00:02,171][root][INFO] - Checkpoint saved to C:\Users\GeorgeS\Documents\facultate\master\projects\data\model_weights\CIFAR-10/PreResNet/CosineAnnealingBS\2525\model_60_0.8719000220298767.pth
[2023-10-23 21:00:02,171][root][INFO] - ===> BEST Val/Accuracy PERFORMANCE: 0.87190
[2023-10-23 21:00:02,221][root][INFO] - Checkpoint saved to C:\Users\GeorgeS\Documents\facultate\master\projects\data\model_weights\CIFAR-10/PreResNet/CosineAnnealingBS\2525\model_60_0.pth
[2023-10-23 21:00:02,222][root][INFO] - ===> epoch: 61/300
[2023-10-23 21:00:02,222][root][INFO] - train:
[2023-10-23 21:00:56,727][root][INFO] - val:
[2023-10-23 21:00:58,351][root][INFO] - ===> epoch: 62/300
[2023-10-23 21:00:58,351][root][INFO] - train:
[2023-10-23 21:01:53,149][root][INFO] - val:
[2023-10-23 21:01:54,815][root][INFO] - Checkpoint saved to C:\Users\GeorgeS\Documents\facultate\master\projects\data\model_weights\CIFAR-10/PreResNet/CosineAnnealingBS\2525\model_62_0.8737000226974487.pth
[2023-10-23 21:01:54,815][root][INFO] - ===> BEST Val/Accuracy PERFORMANCE: 0.87370
[2023-10-23 21:01:54,816][root][INFO] - ===> epoch: 63/300
[2023-10-23 21:01:54,817][root][INFO] - train:
[2023-10-23 21:02:48,943][root][INFO] - val:
[2023-10-23 21:02:50,543][root][INFO] - ===> epoch: 64/300
[2023-10-23 21:02:50,544][root][INFO] - train:
[2023-10-23 21:03:45,855][root][INFO] - val:
[2023-10-23 21:03:47,461][root][INFO] - ===> epoch: 65/300
[2023-10-23 21:03:47,461][root][INFO] - train:
[2023-10-23 21:04:42,063][root][INFO] - val:
[2023-10-23 21:04:43,700][root][INFO] - Checkpoint saved to C:\Users\GeorgeS\Documents\facultate\master\projects\data\model_weights\CIFAR-10/PreResNet/CosineAnnealingBS\2525\model_65_0.878000020980835.pth
[2023-10-23 21:04:43,701][root][INFO] - ===> BEST Val/Accuracy PERFORMANCE: 0.87800
[2023-10-23 21:04:43,702][root][INFO] - ===> epoch: 66/300
[2023-10-23 21:04:43,703][root][INFO] - train:
[2023-10-23 21:05:38,180][root][INFO] - val:
[2023-10-23 21:05:39,775][root][INFO] - ===> epoch: 67/300
[2023-10-23 21:05:39,775][root][INFO] - train:
[2023-10-23 21:06:34,888][root][INFO] - val:
[2023-10-23 21:06:36,504][root][INFO] - ===> epoch: 68/300
[2023-10-23 21:06:36,505][root][INFO] - train:
[2023-10-23 21:07:31,304][root][INFO] - val:
[2023-10-23 21:07:32,926][root][INFO] - Checkpoint saved to C:\Users\GeorgeS\Documents\facultate\master\projects\data\model_weights\CIFAR-10/PreResNet/CosineAnnealingBS\2525\model_68_0.878600001335144.pth
[2023-10-23 21:07:32,926][root][INFO] - ===> BEST Val/Accuracy PERFORMANCE: 0.87860
[2023-10-23 21:07:32,927][root][INFO] - ===> epoch: 69/300
[2023-10-23 21:07:32,927][root][INFO] - train:
[2023-10-23 21:08:27,528][root][INFO] - val:
[2023-10-23 21:08:29,128][root][INFO] - ===> epoch: 70/300
[2023-10-23 21:08:29,129][root][INFO] - train:
[2023-10-23 21:09:24,493][root][INFO] - val:
[2023-10-23 21:09:26,093][root][INFO] - Checkpoint saved to C:\Users\GeorgeS\Documents\facultate\master\projects\data\model_weights\CIFAR-10/PreResNet/CosineAnnealingBS\2525\model_70_0.pth
[2023-10-23 21:09:26,095][root][INFO] - ===> epoch: 71/300
[2023-10-23 21:09:26,095][root][INFO] - train:
[2023-10-23 21:10:20,515][root][INFO] - val:
[2023-10-23 21:10:22,132][root][INFO] - ===> epoch: 72/300
[2023-10-23 21:10:22,133][root][INFO] - train:
[2023-10-23 21:11:16,290][root][INFO] - val:
[2023-10-23 21:11:17,852][root][INFO] - ===> epoch: 73/300
[2023-10-23 21:11:17,853][root][INFO] - train:
[2023-10-23 21:12:11,478][root][INFO] - val:
[2023-10-23 21:12:13,074][root][INFO] - Checkpoint saved to C:\Users\GeorgeS\Documents\facultate\master\projects\data\model_weights\CIFAR-10/PreResNet/CosineAnnealingBS\2525\model_73_0.8790000081062317.pth
[2023-10-23 21:12:13,075][root][INFO] - ===> BEST Val/Accuracy PERFORMANCE: 0.87900
[2023-10-23 21:12:13,076][root][INFO] - ===> epoch: 74/300
[2023-10-23 21:12:13,077][root][INFO] - train:
[2023-10-23 21:13:08,400][root][INFO] - val:
[2023-10-23 21:13:09,943][root][INFO] - ===> epoch: 75/300
[2023-10-23 21:13:09,944][root][INFO] - train:
[2023-10-23 21:14:03,830][root][INFO] - val:
[2023-10-23 21:14:05,636][root][INFO] - Checkpoint saved to C:\Users\GeorgeS\Documents\facultate\master\projects\data\model_weights\CIFAR-10/PreResNet/CosineAnnealingBS\2525\model_75_0.8794000148773193.pth
[2023-10-23 21:14:05,637][root][INFO] - ===> BEST Val/Accuracy PERFORMANCE: 0.87940
[2023-10-23 21:14:05,638][root][INFO] - ===> epoch: 76/300
[2023-10-23 21:14:05,639][root][INFO] - train:
[2023-10-23 21:15:00,998][root][INFO] - val:
[2023-10-23 21:15:02,567][root][INFO] - ===> epoch: 77/300
[2023-10-23 21:15:02,568][root][INFO] - train:
[2023-10-23 21:15:56,935][root][INFO] - val:
[2023-10-23 21:15:58,507][root][INFO] - ===> epoch: 78/300
[2023-10-23 21:15:58,507][root][INFO] - train:
[2023-10-23 21:16:53,550][root][INFO] - val:
[2023-10-23 21:16:55,087][root][INFO] - ===> epoch: 79/300
[2023-10-23 21:16:55,088][root][INFO] - train:
[2023-10-23 21:17:49,215][root][INFO] - val:
[2023-10-23 21:17:50,787][root][INFO] - ===> epoch: 80/300
[2023-10-23 21:17:50,788][root][INFO] - train:
[2023-10-23 21:18:45,837][root][INFO] - val:
[2023-10-23 21:18:47,539][root][INFO] - Checkpoint saved to C:\Users\GeorgeS\Documents\facultate\master\projects\data\model_weights\CIFAR-10/PreResNet/CosineAnnealingBS\2525\model_80_0.pth
[2023-10-23 21:18:47,540][root][INFO] - ===> epoch: 81/300
[2023-10-23 21:18:47,541][root][INFO] - train:
[2023-10-23 21:19:42,664][root][INFO] - val:
[2023-10-23 21:19:44,197][root][INFO] - ===> epoch: 82/300
[2023-10-23 21:19:44,197][root][INFO] - train:
[2023-10-23 21:20:39,943][root][INFO] - val:
[2023-10-23 21:20:41,529][root][INFO] - ===> epoch: 83/300
[2023-10-23 21:20:41,529][root][INFO] - train:
[2023-10-23 21:21:38,249][root][INFO] - val:
[2023-10-23 21:21:39,880][root][INFO] - ===> epoch: 84/300
[2023-10-23 21:21:39,880][root][INFO] - train:
[2023-10-23 21:22:38,104][root][INFO] - val:
[2023-10-23 21:22:39,662][root][INFO] - ===> epoch: 85/300
[2023-10-23 21:22:39,663][root][INFO] - train:
[2023-10-23 21:23:34,673][root][INFO] - val:
[2023-10-23 21:23:36,246][root][INFO] - ===> epoch: 86/300
[2023-10-23 21:23:36,247][root][INFO] - train:
[2023-10-23 21:24:30,117][root][INFO] - val:
[2023-10-23 21:24:31,744][root][INFO] - ===> epoch: 87/300
[2023-10-23 21:24:31,745][root][INFO] - train:
[2023-10-23 21:25:24,521][root][INFO] - val:
[2023-10-23 21:25:26,205][root][INFO] - Checkpoint saved to C:\Users\GeorgeS\Documents\facultate\master\projects\data\model_weights\CIFAR-10/PreResNet/CosineAnnealingBS\2525\model_87_0.8812999725341797.pth
[2023-10-23 21:25:26,206][root][INFO] - ===> BEST Val/Accuracy PERFORMANCE: 0.88130
[2023-10-23 21:25:26,207][root][INFO] - ===> epoch: 88/300
[2023-10-23 21:25:26,207][root][INFO] - train:
[2023-10-23 21:26:19,874][root][INFO] - val:
[2023-10-23 21:26:21,438][root][INFO] - ===> epoch: 89/300
[2023-10-23 21:26:21,438][root][INFO] - train:
[2023-10-23 21:27:13,419][root][INFO] - val:
[2023-10-23 21:27:15,181][root][INFO] - Checkpoint saved to C:\Users\GeorgeS\Documents\facultate\master\projects\data\model_weights\CIFAR-10/PreResNet/CosineAnnealingBS\2525\model_89_0.8827000260353088.pth
[2023-10-23 21:27:15,182][root][INFO] - ===> BEST Val/Accuracy PERFORMANCE: 0.88270
[2023-10-23 21:27:15,183][root][INFO] - ===> epoch: 90/300
[2023-10-23 21:27:15,183][root][INFO] - train:
[2023-10-23 21:28:09,481][root][INFO] - val:
[2023-10-23 21:28:11,022][root][INFO] - Checkpoint saved to C:\Users\GeorgeS\Documents\facultate\master\projects\data\model_weights\CIFAR-10/PreResNet/CosineAnnealingBS\2525\model_90_0.pth
[2023-10-23 21:28:11,023][root][INFO] - ===> epoch: 91/300
[2023-10-23 21:28:11,024][root][INFO] - train:
[2023-10-23 21:29:05,424][root][INFO] - val:
[2023-10-23 21:29:06,937][root][INFO] - ===> epoch: 92/300
[2023-10-23 21:29:06,938][root][INFO] - train:
[2023-10-23 21:29:59,490][root][INFO] - val:
[2023-10-23 21:30:01,062][root][INFO] - ===> epoch: 93/300
[2023-10-23 21:30:01,062][root][INFO] - train:
[2023-10-23 21:30:52,297][root][INFO] - val:
[2023-10-23 21:30:53,772][root][INFO] - ===> epoch: 94/300
[2023-10-23 21:30:53,772][root][INFO] - train:
[2023-10-23 21:31:40,887][root][INFO] - val:
[2023-10-23 21:31:42,390][root][INFO] - ===> epoch: 95/300
[2023-10-23 21:31:42,391][root][INFO] - train:
[2023-10-23 21:32:33,689][root][INFO] - val:
[2023-10-23 21:32:35,200][root][INFO] - ===> epoch: 96/300
[2023-10-23 21:32:35,201][root][INFO] - train:
[2023-10-23 21:33:23,278][root][INFO] - val:
[2023-10-23 21:33:24,815][root][INFO] - ===> epoch: 97/300
[2023-10-23 21:33:24,816][root][INFO] - train:
[2023-10-23 21:34:13,265][root][INFO] - val:
[2023-10-23 21:34:14,850][root][INFO] - ===> epoch: 98/300
[2023-10-23 21:34:14,851][root][INFO] - train:
[2023-10-23 21:35:02,402][root][INFO] - val:
[2023-10-23 21:35:03,879][root][INFO] - ===> epoch: 99/300
[2023-10-23 21:35:03,880][root][INFO] - train:
[2023-10-23 21:35:55,018][root][INFO] - val:
[2023-10-23 21:35:56,504][root][INFO] - ===> epoch: 100/300
[2023-10-23 21:35:56,505][root][INFO] - train:
[2023-10-23 21:36:46,305][root][INFO] - val:
[2023-10-23 21:36:47,855][root][INFO] - Checkpoint saved to C:\Users\GeorgeS\Documents\facultate\master\projects\data\model_weights\CIFAR-10/PreResNet/CosineAnnealingBS\2525\model_100_0.pth
[2023-10-23 21:36:47,856][root][INFO] - ===> epoch: 101/300
[2023-10-23 21:36:47,857][root][INFO] - train:
[2023-10-23 21:37:38,543][root][INFO] - val:
[2023-10-23 21:37:40,044][root][INFO] - ===> epoch: 102/300
[2023-10-23 21:37:40,044][root][INFO] - train:
[2023-10-23 21:38:31,374][root][INFO] - val:
[2023-10-23 21:38:32,963][root][INFO] - ===> epoch: 103/300
[2023-10-23 21:38:32,964][root][INFO] - train:
[2023-10-23 21:39:24,180][root][INFO] - val:
[2023-10-23 21:39:25,736][root][INFO] - ===> epoch: 104/300
[2023-10-23 21:39:25,736][root][INFO] - train:
[2023-10-23 21:40:17,224][root][INFO] - val:
[2023-10-23 21:40:18,818][root][INFO] - ===> epoch: 105/300
[2023-10-23 21:40:18,818][root][INFO] - train:
[2023-10-23 21:41:09,125][root][INFO] - val:
[2023-10-23 21:41:10,905][root][INFO] - ===> epoch: 106/300
[2023-10-23 21:41:10,905][root][INFO] - train:
[2023-10-23 21:42:02,003][root][INFO] - val:
[2023-10-23 21:42:03,613][root][INFO] - ===> epoch: 107/300
[2023-10-23 21:42:03,614][root][INFO] - train:
[2023-10-23 21:42:55,795][root][INFO] - val:
[2023-10-23 21:42:57,407][root][INFO] - ===> epoch: 108/300
[2023-10-23 21:42:57,407][root][INFO] - train:
[2023-10-23 21:43:52,735][root][INFO] - val:
[2023-10-23 21:43:54,332][root][INFO] - ===> epoch: 109/300
[2023-10-23 21:43:54,332][root][INFO] - train:
[2023-10-23 21:44:45,948][root][INFO] - val:
[2023-10-23 21:44:47,538][root][INFO] - ===> epoch: 110/300
[2023-10-23 21:44:47,538][root][INFO] - train:
[2023-10-23 21:45:42,460][root][INFO] - val:
[2023-10-23 21:45:44,282][root][INFO] - Checkpoint saved to C:\Users\GeorgeS\Documents\facultate\master\projects\data\model_weights\CIFAR-10/PreResNet/CosineAnnealingBS\2525\model_110_0.pth
[2023-10-23 21:45:44,283][root][INFO] - ===> epoch: 111/300
[2023-10-23 21:45:44,283][root][INFO] - train:
[2023-10-23 21:46:38,540][root][INFO] - val:
[2023-10-23 21:46:40,143][root][INFO] - ===> epoch: 112/300
[2023-10-23 21:46:40,144][root][INFO] - train:
[2023-10-23 21:47:37,781][root][INFO] - val:
[2023-10-23 21:47:39,383][root][INFO] - ===> epoch: 113/300
[2023-10-23 21:47:39,384][root][INFO] - train:
[2023-10-23 21:48:40,535][root][INFO] - val:
[2023-10-23 21:48:42,133][root][INFO] - ===> epoch: 114/300
[2023-10-23 21:48:42,134][root][INFO] - train:
[2023-10-23 21:49:43,036][root][INFO] - val:
[2023-10-23 21:49:44,644][root][INFO] - ===> epoch: 115/300
[2023-10-23 21:49:44,645][root][INFO] - train:
[2023-10-23 21:50:45,260][root][INFO] - val:
[2023-10-23 21:50:46,873][root][INFO] - ===> epoch: 116/300
[2023-10-23 21:50:46,874][root][INFO] - train:
[2023-10-23 21:51:48,765][root][INFO] - val:
[2023-10-23 21:51:50,394][root][INFO] - ===> epoch: 117/300
[2023-10-23 21:51:50,395][root][INFO] - train:
[2023-10-23 21:52:53,385][root][INFO] - val:
[2023-10-23 21:52:55,026][root][INFO] - ===> epoch: 118/300
[2023-10-23 21:52:55,026][root][INFO] - train:
[2023-10-23 21:53:55,997][root][INFO] - val:
[2023-10-23 21:53:57,592][root][INFO] - ===> epoch: 119/300
[2023-10-23 21:53:57,592][root][INFO] - train:
[2023-10-23 21:55:00,323][root][INFO] - val:
[2023-10-23 21:55:02,187][root][INFO] - ===> epoch: 120/300
[2023-10-23 21:55:02,188][root][INFO] - train:
[2023-10-23 21:56:05,994][root][INFO] - val:
[2023-10-23 21:56:07,773][root][INFO] - Checkpoint saved to C:\Users\GeorgeS\Documents\facultate\master\projects\data\model_weights\CIFAR-10/PreResNet/CosineAnnealingBS\2525\model_120_0.pth
[2023-10-23 21:56:07,775][root][INFO] - ===> epoch: 121/300
[2023-10-23 21:56:07,775][root][INFO] - train:
[2023-10-23 21:57:09,563][root][INFO] - val:
[2023-10-23 21:57:11,147][root][INFO] - ===> epoch: 122/300
[2023-10-23 21:57:11,148][root][INFO] - train:
[2023-10-23 21:58:11,950][root][INFO] - val:
[2023-10-23 21:58:13,559][root][INFO] - ===> epoch: 123/300
[2023-10-23 21:58:13,559][root][INFO] - train:
[2023-10-23 21:59:14,403][root][INFO] - val:
[2023-10-23 21:59:16,112][root][INFO] - ===> epoch: 124/300
[2023-10-23 21:59:16,112][root][INFO] - train:
[2023-10-23 22:00:20,073][root][INFO] - val:
[2023-10-23 22:00:21,740][root][INFO] - ===> epoch: 125/300
[2023-10-23 22:00:21,741][root][INFO] - train:
[2023-10-23 22:01:21,773][root][INFO] - val:
[2023-10-23 22:01:23,375][root][INFO] - ===> epoch: 126/300
[2023-10-23 22:01:23,375][root][INFO] - train:
[2023-10-23 22:02:22,834][root][INFO] - val:
[2023-10-23 22:02:24,383][root][INFO] - ===> epoch: 127/300
[2023-10-23 22:02:24,384][root][INFO] - train:
[2023-10-23 22:03:25,679][root][INFO] - val:
[2023-10-23 22:03:27,287][root][INFO] - ===> epoch: 128/300
[2023-10-23 22:03:27,287][root][INFO] - train:
[2023-10-23 22:04:28,277][root][INFO] - val:
[2023-10-23 22:04:29,885][root][INFO] - ===> epoch: 129/300
[2023-10-23 22:04:29,885][root][INFO] - train:
[2023-10-23 22:05:38,064][root][INFO] - val:
[2023-10-23 22:05:39,694][root][INFO] - ===> epoch: 130/300
[2023-10-23 22:05:39,694][root][INFO] - train:
[2023-10-23 22:06:41,874][root][INFO] - val:
[2023-10-23 22:06:43,534][root][INFO] - Checkpoint saved to C:\Users\GeorgeS\Documents\facultate\master\projects\data\model_weights\CIFAR-10/PreResNet/CosineAnnealingBS\2525\model_130_0.pth
[2023-10-23 22:06:43,534][root][INFO] - ===> epoch: 131/300
[2023-10-23 22:06:43,535][root][INFO] - train:
[2023-10-23 22:07:46,573][root][INFO] - val:
[2023-10-23 22:07:48,256][root][INFO] - ===> epoch: 132/300
[2023-10-23 22:07:48,257][root][INFO] - train:
[2023-10-23 22:08:53,594][root][INFO] - val:
[2023-10-23 22:08:55,208][root][INFO] - ===> epoch: 133/300
[2023-10-23 22:08:55,208][root][INFO] - train:
[2023-10-23 22:09:58,648][root][INFO] - val:
[2023-10-23 22:10:00,278][root][INFO] - ===> epoch: 134/300
[2023-10-23 22:10:00,278][root][INFO] - train:
[2023-10-23 22:11:01,695][root][INFO] - val:
[2023-10-23 22:11:03,298][root][INFO] - ===> epoch: 135/300
[2023-10-23 22:11:03,298][root][INFO] - train:
[2023-10-23 22:12:04,388][root][INFO] - val:
[2023-10-23 22:12:05,978][root][INFO] - ===> epoch: 136/300
[2023-10-23 22:12:05,978][root][INFO] - train:
[2023-10-23 22:13:07,177][root][INFO] - val:
[2023-10-23 22:13:08,774][root][INFO] - ===> epoch: 137/300
[2023-10-23 22:13:08,775][root][INFO] - train:
[2023-10-23 22:14:10,087][root][INFO] - val:
[2023-10-23 22:14:11,695][root][INFO] - ===> epoch: 138/300
[2023-10-23 22:14:11,696][root][INFO] - train:
[2023-10-23 22:15:12,963][root][INFO] - val:
[2023-10-23 22:15:14,779][root][INFO] - ===> epoch: 139/300
[2023-10-23 22:15:14,780][root][INFO] - train:
[2023-10-23 22:16:15,886][root][INFO] - val:
[2023-10-23 22:16:17,476][root][INFO] - ===> epoch: 140/300
[2023-10-23 22:16:17,476][root][INFO] - train:
[2023-10-23 22:17:18,894][root][INFO] - val:
[2023-10-23 22:17:20,566][root][INFO] - Checkpoint saved to C:\Users\GeorgeS\Documents\facultate\master\projects\data\model_weights\CIFAR-10/PreResNet/CosineAnnealingBS\2525\model_140_0.pth
[2023-10-23 22:17:20,567][root][INFO] - ===> epoch: 141/300
[2023-10-23 22:17:20,567][root][INFO] - train:
[2023-10-23 22:18:22,204][root][INFO] - val:
[2023-10-23 22:18:23,804][root][INFO] - ===> epoch: 142/300
[2023-10-23 22:18:23,804][root][INFO] - train:
[2023-10-23 22:19:25,230][root][INFO] - val:
[2023-10-23 22:19:26,836][root][INFO] - ===> epoch: 143/300
[2023-10-23 22:19:26,836][root][INFO] - train:
[2023-10-23 22:20:28,385][root][INFO] - val:
[2023-10-23 22:20:29,979][root][INFO] - ===> epoch: 144/300
[2023-10-23 22:20:29,980][root][INFO] - train:
[2023-10-23 22:21:30,961][root][INFO] - val:
[2023-10-23 22:21:32,559][root][INFO] - ===> epoch: 145/300
[2023-10-23 22:21:32,560][root][INFO] - train:
[2023-10-23 22:22:33,776][root][INFO] - val:
[2023-10-23 22:22:35,390][root][INFO] - ===> epoch: 146/300
[2023-10-23 22:22:35,391][root][INFO] - train:
[2023-10-23 22:23:36,627][root][INFO] - val:
[2023-10-23 22:23:38,226][root][INFO] - ===> epoch: 147/300
[2023-10-23 22:23:38,227][root][INFO] - train:
[2023-10-23 22:24:40,139][root][INFO] - val:
[2023-10-23 22:24:41,750][root][INFO] - ===> epoch: 148/300
[2023-10-23 22:24:41,751][root][INFO] - train:
[2023-10-23 22:25:44,093][root][INFO] - val:
[2023-10-23 22:25:45,691][root][INFO] - ===> epoch: 149/300
[2023-10-23 22:25:45,692][root][INFO] - train:
[2023-10-23 22:26:47,042][root][INFO] - val:
[2023-10-23 22:26:48,645][root][INFO] - ===> epoch: 150/300
[2023-10-23 22:26:48,646][root][INFO] - train:
[2023-10-23 22:27:50,892][root][INFO] - val:
[2023-10-23 22:27:52,549][root][INFO] - Checkpoint saved to C:\Users\GeorgeS\Documents\facultate\master\projects\data\model_weights\CIFAR-10/PreResNet/CosineAnnealingBS\2525\model_150_0.pth
[2023-10-23 22:27:52,550][root][INFO] - ===> epoch: 151/300
[2023-10-23 22:27:52,551][root][INFO] - train:
[2023-10-23 22:28:55,263][root][INFO] - val:
[2023-10-23 22:28:56,747][root][INFO] - ===> epoch: 152/300
[2023-10-23 22:28:56,748][root][INFO] - train:
[2023-10-23 22:29:57,346][root][INFO] - val:
[2023-10-23 22:29:59,066][root][INFO] - ===> epoch: 153/300
[2023-10-23 22:29:59,067][root][INFO] - train:
[2023-10-23 22:30:59,358][root][INFO] - val:
[2023-10-23 22:31:00,898][root][INFO] - ===> epoch: 154/300
[2023-10-23 22:31:00,899][root][INFO] - train:
[2023-10-23 22:32:00,486][root][INFO] - val:
[2023-10-23 22:32:01,987][root][INFO] - ===> epoch: 155/300
[2023-10-23 22:32:01,988][root][INFO] - train:
[2023-10-23 22:33:00,875][root][INFO] - val:
[2023-10-23 22:33:02,454][root][INFO] - ===> epoch: 156/300
[2023-10-23 22:33:02,454][root][INFO] - train:
[2023-10-23 22:34:03,304][root][INFO] - val:
[2023-10-23 22:34:04,792][root][INFO] - ===> epoch: 157/300
[2023-10-23 22:34:04,793][root][INFO] - train:
[2023-10-23 22:35:04,414][root][INFO] - val:
[2023-10-23 22:35:05,936][root][INFO] - ===> epoch: 158/300
[2023-10-23 22:35:05,936][root][INFO] - train:
[2023-10-23 22:36:04,539][root][INFO] - val:
[2023-10-23 22:36:06,051][root][INFO] - Checkpoint saved to C:\Users\GeorgeS\Documents\facultate\master\projects\data\model_weights\CIFAR-10/PreResNet/CosineAnnealingBS\2525\model_158_0.8845000267028809.pth
[2023-10-23 22:36:06,052][root][INFO] - ===> BEST Val/Accuracy PERFORMANCE: 0.88450
[2023-10-23 22:36:06,053][root][INFO] - ===> epoch: 159/300
[2023-10-23 22:36:06,053][root][INFO] - train:
[2023-10-23 22:37:06,039][root][INFO] - val:
[2023-10-23 22:37:07,618][root][INFO] - ===> epoch: 160/300
[2023-10-23 22:37:07,619][root][INFO] - train:
[2023-10-23 22:38:07,056][root][INFO] - val:
[2023-10-23 22:38:08,594][root][INFO] - Checkpoint saved to C:\Users\GeorgeS\Documents\facultate\master\projects\data\model_weights\CIFAR-10/PreResNet/CosineAnnealingBS\2525\model_160_0.pth
[2023-10-23 22:38:08,595][root][INFO] - ===> epoch: 161/300
[2023-10-23 22:38:08,595][root][INFO] - train:
[2023-10-23 22:39:07,894][root][INFO] - val:
[2023-10-23 22:39:09,593][root][INFO] - ===> epoch: 162/300
[2023-10-23 22:39:09,594][root][INFO] - train:
[2023-10-23 22:40:08,492][root][INFO] - val:
[2023-10-23 22:40:10,148][root][INFO] - ===> epoch: 163/300
[2023-10-23 22:40:10,149][root][INFO] - train:
[2023-10-23 22:41:10,052][root][INFO] - val:
[2023-10-23 22:41:11,612][root][INFO] - ===> epoch: 164/300
[2023-10-23 22:41:11,613][root][INFO] - train:
[2023-10-23 22:42:10,919][root][INFO] - val:
[2023-10-23 22:42:12,453][root][INFO] - ===> epoch: 165/300
[2023-10-23 22:42:12,454][root][INFO] - train:
[2023-10-23 22:43:11,091][root][INFO] - val:
[2023-10-23 22:43:12,611][root][INFO] - ===> epoch: 166/300
[2023-10-23 22:43:12,612][root][INFO] - train:
[2023-10-23 22:44:11,230][root][INFO] - val:
[2023-10-23 22:44:12,749][root][INFO] - ===> epoch: 167/300
[2023-10-23 22:44:12,750][root][INFO] - train:
[2023-10-23 22:45:12,557][root][INFO] - val:
[2023-10-23 22:45:14,081][root][INFO] - ===> epoch: 168/300
[2023-10-23 22:45:14,082][root][INFO] - train:
[2023-10-23 22:46:13,752][root][INFO] - val:
[2023-10-23 22:46:15,296][root][INFO] - ===> epoch: 169/300
[2023-10-23 22:46:15,297][root][INFO] - train:
[2023-10-23 22:47:13,262][root][INFO] - val:
[2023-10-23 22:47:14,764][root][INFO] - ===> epoch: 170/300
[2023-10-23 22:47:14,765][root][INFO] - train:
[2023-10-23 22:48:14,223][root][INFO] - val:
[2023-10-23 22:48:15,918][root][INFO] - Checkpoint saved to C:\Users\GeorgeS\Documents\facultate\master\projects\data\model_weights\CIFAR-10/PreResNet/CosineAnnealingBS\2525\model_170_0.pth
[2023-10-23 22:48:15,919][root][INFO] - ===> epoch: 171/300
[2023-10-23 22:48:15,919][root][INFO] - train:
[2023-10-23 22:49:14,048][root][INFO] - val:
[2023-10-23 22:49:15,594][root][INFO] - ===> epoch: 172/300
[2023-10-23 22:49:15,595][root][INFO] - train:
[2023-10-23 22:50:14,604][root][INFO] - val:
[2023-10-23 22:50:16,218][root][INFO] - ===> epoch: 173/300
[2023-10-23 22:50:16,219][root][INFO] - train:
[2023-10-23 22:51:16,057][root][INFO] - val:
[2023-10-23 22:51:17,560][root][INFO] - ===> epoch: 174/300
[2023-10-23 22:51:17,561][root][INFO] - train:
[2023-10-23 22:52:15,622][root][INFO] - val:
[2023-10-23 22:52:17,142][root][INFO] - ===> epoch: 175/300
[2023-10-23 22:52:17,143][root][INFO] - train:
[2023-10-23 22:53:16,330][root][INFO] - val:
[2023-10-23 22:53:18,055][root][INFO] - ===> epoch: 176/300
[2023-10-23 22:53:18,056][root][INFO] - train:
[2023-10-23 22:54:16,285][root][INFO] - val:
[2023-10-23 22:54:17,942][root][INFO] - ===> epoch: 177/300
[2023-10-23 22:54:17,943][root][INFO] - train:
[2023-10-23 22:55:21,747][root][INFO] - val:
[2023-10-23 22:55:23,311][root][INFO] - Checkpoint saved to C:\Users\GeorgeS\Documents\facultate\master\projects\data\model_weights\CIFAR-10/PreResNet/CosineAnnealingBS\2525\model_177_0.8883000016212463.pth
[2023-10-23 22:55:23,312][root][INFO] - ===> BEST Val/Accuracy PERFORMANCE: 0.88830
[2023-10-23 22:55:23,313][root][INFO] - ===> epoch: 178/300
[2023-10-23 22:55:23,313][root][INFO] - train:
[2023-10-23 22:56:25,683][root][INFO] - val:
[2023-10-23 22:56:27,317][root][INFO] - ===> epoch: 179/300
[2023-10-23 22:56:27,317][root][INFO] - train:
[2023-10-23 22:57:29,829][root][INFO] - val:
[2023-10-23 22:57:31,421][root][INFO] - ===> epoch: 180/300
[2023-10-23 22:57:31,422][root][INFO] - train:
[2023-10-23 22:58:33,903][root][INFO] - val:
[2023-10-23 22:58:35,418][root][INFO] - Checkpoint saved to C:\Users\GeorgeS\Documents\facultate\master\projects\data\model_weights\CIFAR-10/PreResNet/CosineAnnealingBS\2525\model_180_0.pth
[2023-10-23 22:58:35,420][root][INFO] - ===> epoch: 181/300
[2023-10-23 22:58:35,420][root][INFO] - train:
[2023-10-23 22:59:34,449][root][INFO] - val:
[2023-10-23 22:59:35,924][root][INFO] - ===> epoch: 182/300
[2023-10-23 22:59:35,924][root][INFO] - train:
[2023-10-23 23:00:35,900][root][INFO] - val:
[2023-10-23 23:00:37,479][root][INFO] - ===> epoch: 183/300
[2023-10-23 23:00:37,479][root][INFO] - train:
[2023-10-23 23:01:38,146][root][INFO] - val:
[2023-10-23 23:01:39,621][root][INFO] - ===> epoch: 184/300
[2023-10-23 23:01:39,622][root][INFO] - train:
[2023-10-23 23:02:37,532][root][INFO] - val:
[2023-10-23 23:02:39,200][root][INFO] - ===> epoch: 185/300
[2023-10-23 23:02:39,200][root][INFO] - train:
[2023-10-23 23:03:34,135][root][INFO] - val:
[2023-10-23 23:03:35,622][root][INFO] - ===> epoch: 186/300
[2023-10-23 23:03:35,623][root][INFO] - train:
[2023-10-23 23:04:31,176][root][INFO] - val:
[2023-10-23 23:04:32,809][root][INFO] - ===> epoch: 187/300
[2023-10-23 23:04:32,809][root][INFO] - train:
[2023-10-23 23:05:27,798][root][INFO] - val:
[2023-10-23 23:05:29,482][root][INFO] - ===> epoch: 188/300
[2023-10-23 23:05:29,482][root][INFO] - train:
[2023-10-23 23:06:24,184][root][INFO] - val:
[2023-10-23 23:06:25,849][root][INFO] - ===> epoch: 189/300
[2023-10-23 23:06:25,849][root][INFO] - train:
[2023-10-23 23:07:20,199][root][INFO] - val:
[2023-10-23 23:07:22,217][root][INFO] - ===> epoch: 190/300
[2023-10-23 23:07:22,217][root][INFO] - train:
[2023-10-23 23:08:16,638][root][INFO] - val:
[2023-10-23 23:08:18,308][root][INFO] - Checkpoint saved to C:\Users\GeorgeS\Documents\facultate\master\projects\data\model_weights\CIFAR-10/PreResNet/CosineAnnealingBS\2525\model_190_0.pth
[2023-10-23 23:08:18,309][root][INFO] - ===> epoch: 191/300
[2023-10-23 23:08:18,309][root][INFO] - train:
[2023-10-23 23:09:13,412][root][INFO] - val:
[2023-10-23 23:09:15,104][root][INFO] - ===> epoch: 192/300
[2023-10-23 23:09:15,104][root][INFO] - train:
[2023-10-23 23:10:09,993][root][INFO] - val:
[2023-10-23 23:10:11,624][root][INFO] - ===> epoch: 193/300
[2023-10-23 23:10:11,625][root][INFO] - train:
[2023-10-23 23:11:06,471][root][INFO] - val:
[2023-10-23 23:11:08,154][root][INFO] - ===> epoch: 194/300
[2023-10-23 23:11:08,154][root][INFO] - train:
[2023-10-23 23:12:02,619][root][INFO] - val:
[2023-10-23 23:12:04,319][root][INFO] - ===> epoch: 195/300
[2023-10-23 23:12:04,320][root][INFO] - train:
[2023-10-23 23:12:58,218][root][INFO] - val:
[2023-10-23 23:12:59,859][root][INFO] - ===> epoch: 196/300
[2023-10-23 23:12:59,859][root][INFO] - train:
[2023-10-23 23:13:54,650][root][INFO] - val:
[2023-10-23 23:13:56,224][root][INFO] - ===> epoch: 197/300
[2023-10-23 23:13:56,225][root][INFO] - train:
[2023-10-23 23:14:50,689][root][INFO] - val:
[2023-10-23 23:14:52,385][root][INFO] - ===> epoch: 198/300
[2023-10-23 23:14:52,385][root][INFO] - train:
[2023-10-23 23:15:47,035][root][INFO] - val:
[2023-10-23 23:15:48,754][root][INFO] - ===> epoch: 199/300
[2023-10-23 23:15:48,755][root][INFO] - train:
[2023-10-23 23:16:42,702][root][INFO] - val:
[2023-10-23 23:16:44,273][root][INFO] - ===> epoch: 200/300
[2023-10-23 23:16:44,274][root][INFO] - train:
[2023-10-23 23:17:38,996][root][INFO] - val:
[2023-10-23 23:17:40,651][root][INFO] - Checkpoint saved to C:\Users\GeorgeS\Documents\facultate\master\projects\data\model_weights\CIFAR-10/PreResNet/CosineAnnealingBS\2525\model_200_0.pth
[2023-10-23 23:17:40,652][root][INFO] - ===> epoch: 201/300
[2023-10-23 23:17:40,652][root][INFO] - train:
[2023-10-23 23:18:35,238][root][INFO] - val:
[2023-10-23 23:18:36,822][root][INFO] - ===> epoch: 202/300
[2023-10-23 23:18:36,823][root][INFO] - train:
[2023-10-23 23:19:31,552][root][INFO] - val:
[2023-10-23 23:19:33,186][root][INFO] - ===> epoch: 203/300
[2023-10-23 23:19:33,186][root][INFO] - train:
[2023-10-23 23:20:27,867][root][INFO] - val:
[2023-10-23 23:20:29,862][root][INFO] - ===> epoch: 204/300
[2023-10-23 23:20:29,863][root][INFO] - train:
[2023-10-23 23:21:23,982][root][INFO] - val:
[2023-10-23 23:21:25,553][root][INFO] - ===> epoch: 205/300
[2023-10-23 23:21:25,553][root][INFO] - train:
[2023-10-23 23:22:20,112][root][INFO] - val:
[2023-10-23 23:22:21,734][root][INFO] - ===> epoch: 206/300
[2023-10-23 23:22:21,734][root][INFO] - train:
[2023-10-23 23:23:16,296][root][INFO] - val:
[2023-10-23 23:23:17,931][root][INFO] - ===> epoch: 207/300
[2023-10-23 23:23:17,932][root][INFO] - train:
[2023-10-23 23:24:12,587][root][INFO] - val:
[2023-10-23 23:24:14,284][root][INFO] - ===> epoch: 208/300
[2023-10-23 23:24:14,284][root][INFO] - train:
[2023-10-23 23:25:08,757][root][INFO] - val:
[2023-10-23 23:25:10,327][root][INFO] - ===> epoch: 209/300
[2023-10-23 23:25:10,327][root][INFO] - train:
[2023-10-23 23:26:04,818][root][INFO] - val:
[2023-10-23 23:26:06,503][root][INFO] - ===> epoch: 210/300
[2023-10-23 23:26:06,504][root][INFO] - train:
[2023-10-23 23:27:00,765][root][INFO] - val:
[2023-10-23 23:27:02,408][root][INFO] - Checkpoint saved to C:\Users\GeorgeS\Documents\facultate\master\projects\data\model_weights\CIFAR-10/PreResNet/CosineAnnealingBS\2525\model_210_0.pth
[2023-10-23 23:27:02,409][root][INFO] - ===> epoch: 211/300
[2023-10-23 23:27:02,409][root][INFO] - train:
[2023-10-23 23:27:56,168][root][INFO] - val:
[2023-10-23 23:27:57,869][root][INFO] - ===> epoch: 212/300
[2023-10-23 23:27:57,870][root][INFO] - train:
[2023-10-23 23:28:50,662][root][INFO] - val:
[2023-10-23 23:28:52,235][root][INFO] - ===> epoch: 213/300
[2023-10-23 23:28:52,235][root][INFO] - train:
[2023-10-23 23:29:44,793][root][INFO] - val:
[2023-10-23 23:29:46,476][root][INFO] - Checkpoint saved to C:\Users\GeorgeS\Documents\facultate\master\projects\data\model_weights\CIFAR-10/PreResNet/CosineAnnealingBS\2525\model_213_0.8898000121116638.pth
[2023-10-23 23:29:46,477][root][INFO] - ===> BEST Val/Accuracy PERFORMANCE: 0.88980
[2023-10-23 23:29:46,478][root][INFO] - ===> epoch: 214/300
[2023-10-23 23:29:46,478][root][INFO] - train:
[2023-10-23 23:30:39,397][root][INFO] - val:
[2023-10-23 23:30:41,070][root][INFO] - ===> epoch: 215/300
[2023-10-23 23:30:41,070][root][INFO] - train:
[2023-10-23 23:31:33,495][root][INFO] - val:
[2023-10-23 23:31:35,097][root][INFO] - ===> epoch: 216/300
[2023-10-23 23:31:35,097][root][INFO] - train:
[2023-10-23 23:32:26,552][root][INFO] - val:
[2023-10-23 23:32:28,421][root][INFO] - ===> epoch: 217/300
[2023-10-23 23:32:28,421][root][INFO] - train:
[2023-10-23 23:33:19,680][root][INFO] - val:
[2023-10-23 23:33:21,305][root][INFO] - ===> epoch: 218/300
[2023-10-23 23:33:21,306][root][INFO] - train:
[2023-10-23 23:34:12,840][root][INFO] - val:
[2023-10-23 23:34:14,463][root][INFO] - ===> epoch: 219/300
[2023-10-23 23:34:14,463][root][INFO] - train:
[2023-10-23 23:35:05,781][root][INFO] - val:
[2023-10-23 23:35:07,475][root][INFO] - ===> epoch: 220/300
[2023-10-23 23:35:07,476][root][INFO] - train:
[2023-10-23 23:35:58,628][root][INFO] - val:
[2023-10-23 23:36:00,361][root][INFO] - Checkpoint saved to C:\Users\GeorgeS\Documents\facultate\master\projects\data\model_weights\CIFAR-10/PreResNet/CosineAnnealingBS\2525\model_220_0.8907999992370605.pth
[2023-10-23 23:36:00,362][root][INFO] - ===> BEST Val/Accuracy PERFORMANCE: 0.89080
[2023-10-23 23:36:00,402][root][INFO] - Checkpoint saved to C:\Users\GeorgeS\Documents\facultate\master\projects\data\model_weights\CIFAR-10/PreResNet/CosineAnnealingBS\2525\model_220_0.pth
[2023-10-23 23:36:00,403][root][INFO] - ===> epoch: 221/300
[2023-10-23 23:36:00,404][root][INFO] - train:
[2023-10-23 23:36:50,978][root][INFO] - val:
[2023-10-23 23:36:52,650][root][INFO] - ===> epoch: 222/300
[2023-10-23 23:36:52,651][root][INFO] - train:
[2023-10-23 23:37:42,642][root][INFO] - val:
[2023-10-23 23:37:44,358][root][INFO] - Checkpoint saved to C:\Users\GeorgeS\Documents\facultate\master\projects\data\model_weights\CIFAR-10/PreResNet/CosineAnnealingBS\2525\model_222_0.8924000263214111.pth
[2023-10-23 23:37:44,359][root][INFO] - ===> BEST Val/Accuracy PERFORMANCE: 0.89240
[2023-10-23 23:37:44,359][root][INFO] - ===> epoch: 223/300
[2023-10-23 23:37:44,360][root][INFO] - train:
[2023-10-23 23:38:34,756][root][INFO] - val:
[2023-10-23 23:38:36,350][root][INFO] - ===> epoch: 224/300
[2023-10-23 23:38:36,351][root][INFO] - train:
[2023-10-23 23:39:26,479][root][INFO] - val:
[2023-10-23 23:39:28,214][root][INFO] - Checkpoint saved to C:\Users\GeorgeS\Documents\facultate\master\projects\data\model_weights\CIFAR-10/PreResNet/CosineAnnealingBS\2525\model_224_0.8953999876976013.pth
[2023-10-23 23:39:28,214][root][INFO] - ===> BEST Val/Accuracy PERFORMANCE: 0.89540
[2023-10-23 23:39:28,215][root][INFO] - ===> epoch: 225/300
[2023-10-23 23:39:28,215][root][INFO] - train:
[2023-10-23 23:40:18,016][root][INFO] - val:
[2023-10-23 23:40:19,683][root][INFO] - ===> epoch: 226/300
[2023-10-23 23:40:19,683][root][INFO] - train:
[2023-10-23 23:41:09,868][root][INFO] - val:
[2023-10-23 23:41:11,527][root][INFO] - ===> epoch: 227/300
[2023-10-23 23:41:11,527][root][INFO] - train:
[2023-10-23 23:42:01,778][root][INFO] - val:
[2023-10-23 23:42:03,381][root][INFO] - ===> epoch: 228/300
[2023-10-23 23:42:03,382][root][INFO] - train:
[2023-10-23 23:42:53,618][root][INFO] - val:
[2023-10-23 23:42:55,227][root][INFO] - ===> epoch: 229/300
[2023-10-23 23:42:55,228][root][INFO] - train:
[2023-10-23 23:43:45,059][root][INFO] - val:
[2023-10-23 23:43:46,728][root][INFO] - ===> epoch: 230/300
[2023-10-23 23:43:46,729][root][INFO] - train:
[2023-10-23 23:44:35,820][root][INFO] - val:
[2023-10-23 23:44:37,688][root][INFO] - Checkpoint saved to C:\Users\GeorgeS\Documents\facultate\master\projects\data\model_weights\CIFAR-10/PreResNet/CosineAnnealingBS\2525\model_230_0.pth
[2023-10-23 23:44:37,689][root][INFO] - ===> epoch: 231/300
[2023-10-23 23:44:37,689][root][INFO] - train:
[2023-10-23 23:45:26,358][root][INFO] - val:
[2023-10-23 23:45:27,908][root][INFO] - ===> epoch: 232/300
[2023-10-23 23:45:27,908][root][INFO] - train:
[2023-10-23 23:46:16,918][root][INFO] - val:
[2023-10-23 23:46:18,573][root][INFO] - ===> epoch: 233/300
[2023-10-23 23:46:18,574][root][INFO] - train:
[2023-10-23 23:47:07,401][root][INFO] - val:
[2023-10-23 23:47:09,146][root][INFO] - Checkpoint saved to C:\Users\GeorgeS\Documents\facultate\master\projects\data\model_weights\CIFAR-10/PreResNet/CosineAnnealingBS\2525\model_233_0.9027000069618225.pth
[2023-10-23 23:47:09,147][root][INFO] - ===> BEST Val/Accuracy PERFORMANCE: 0.90270
[2023-10-23 23:47:09,148][root][INFO] - ===> epoch: 234/300
[2023-10-23 23:47:09,148][root][INFO] - train:
[2023-10-23 23:47:57,879][root][INFO] - val:
[2023-10-23 23:47:59,587][root][INFO] - ===> epoch: 235/300
[2023-10-23 23:47:59,588][root][INFO] - train:
[2023-10-23 23:48:47,935][root][INFO] - val:
[2023-10-23 23:48:49,616][root][INFO] - ===> epoch: 236/300
[2023-10-23 23:48:49,617][root][INFO] - train:
[2023-10-23 23:49:37,815][root][INFO] - val:
[2023-10-23 23:49:39,437][root][INFO] - ===> epoch: 237/300
[2023-10-23 23:49:39,438][root][INFO] - train:
[2023-10-23 23:50:27,586][root][INFO] - val:
[2023-10-23 23:50:29,260][root][INFO] - ===> epoch: 238/300
[2023-10-23 23:50:29,260][root][INFO] - train:
[2023-10-23 23:51:17,226][root][INFO] - val:
[2023-10-23 23:51:18,939][root][INFO] - ===> epoch: 239/300
[2023-10-23 23:51:18,940][root][INFO] - train:
[2023-10-23 23:52:06,776][root][INFO] - val:
[2023-10-23 23:52:08,871][root][INFO] - ===> epoch: 240/300
[2023-10-23 23:52:08,872][root][INFO] - train:
[2023-10-23 23:52:56,573][root][INFO] - val:
[2023-10-23 23:52:58,303][root][INFO] - Checkpoint saved to C:\Users\GeorgeS\Documents\facultate\master\projects\data\model_weights\CIFAR-10/PreResNet/CosineAnnealingBS\2525\model_240_0.pth
[2023-10-23 23:52:58,304][root][INFO] - ===> epoch: 241/300
[2023-10-23 23:52:58,304][root][INFO] - train:
[2023-10-23 23:53:46,081][root][INFO] - val:
[2023-10-23 23:53:47,771][root][INFO] - ===> epoch: 242/300
[2023-10-23 23:53:47,772][root][INFO] - train:
[2023-10-23 23:54:35,353][root][INFO] - val:
[2023-10-23 23:54:36,962][root][INFO] - ===> epoch: 243/300
[2023-10-23 23:54:36,963][root][INFO] - train:
[2023-10-23 23:55:24,237][root][INFO] - val:
[2023-10-23 23:55:25,806][root][INFO] - ===> epoch: 244/300
[2023-10-23 23:55:25,807][root][INFO] - train:
[2023-10-23 23:56:12,602][root][INFO] - val:
[2023-10-23 23:56:14,322][root][INFO] - Checkpoint saved to C:\Users\GeorgeS\Documents\facultate\master\projects\data\model_weights\CIFAR-10/PreResNet/CosineAnnealingBS\2525\model_244_0.9075000286102295.pth
[2023-10-23 23:56:14,322][root][INFO] - ===> BEST Val/Accuracy PERFORMANCE: 0.90750
[2023-10-23 23:56:14,323][root][INFO] - ===> epoch: 245/300
[2023-10-23 23:56:14,323][root][INFO] - train:
[2023-10-23 23:57:01,579][root][INFO] - val:
[2023-10-23 23:57:03,277][root][INFO] - ===> epoch: 246/300
[2023-10-23 23:57:03,277][root][INFO] - train:
[2023-10-23 23:57:50,489][root][INFO] - val:
[2023-10-23 23:57:52,123][root][INFO] - ===> epoch: 247/300
[2023-10-23 23:57:52,123][root][INFO] - train:
[2023-10-23 23:58:39,137][root][INFO] - val:
[2023-10-23 23:58:40,785][root][INFO] - ===> epoch: 248/300
[2023-10-23 23:58:40,786][root][INFO] - train:
[2023-10-23 23:59:27,881][root][INFO] - val:
[2023-10-23 23:59:29,479][root][INFO] - ===> epoch: 249/300
[2023-10-23 23:59:29,480][root][INFO] - train:
[2023-10-24 00:00:15,755][root][INFO] - val:
[2023-10-24 00:00:17,474][root][INFO] - ===> epoch: 250/300
[2023-10-24 00:00:17,475][root][INFO] - train:
[2023-10-24 00:01:03,748][root][INFO] - val:
[2023-10-24 00:01:05,361][root][INFO] - Checkpoint saved to C:\Users\GeorgeS\Documents\facultate\master\projects\data\model_weights\CIFAR-10/PreResNet/CosineAnnealingBS\2525\model_250_0.pth
[2023-10-24 00:01:05,362][root][INFO] - ===> epoch: 251/300
[2023-10-24 00:01:05,363][root][INFO] - train:
[2023-10-24 00:01:52,548][root][INFO] - val:
[2023-10-24 00:01:54,158][root][INFO] - ===> epoch: 252/300
[2023-10-24 00:01:54,159][root][INFO] - train:
[2023-10-24 00:02:41,519][root][INFO] - val:
[2023-10-24 00:02:43,121][root][INFO] - ===> epoch: 253/300
[2023-10-24 00:02:43,121][root][INFO] - train:
[2023-10-24 00:03:29,895][root][INFO] - val:
[2023-10-24 00:03:31,474][root][INFO] - ===> epoch: 254/300
[2023-10-24 00:03:31,475][root][INFO] - train:
[2023-10-24 00:04:18,358][root][INFO] - val:
[2023-10-24 00:04:19,950][root][INFO] - ===> epoch: 255/300
[2023-10-24 00:04:19,950][root][INFO] - train:
[2023-10-24 00:05:06,614][root][INFO] - val:
[2023-10-24 00:05:08,287][root][INFO] - ===> epoch: 256/300
[2023-10-24 00:05:08,287][root][INFO] - train:
[2023-10-24 00:05:54,873][root][INFO] - val:
[2023-10-24 00:05:56,434][root][INFO] - ===> epoch: 257/300
[2023-10-24 00:05:56,435][root][INFO] - train:
[2023-10-24 00:06:43,524][root][INFO] - val:
[2023-10-24 00:06:45,128][root][INFO] - ===> epoch: 258/300
[2023-10-24 00:06:45,128][root][INFO] - train:
[2023-10-24 00:07:31,940][root][INFO] - val:
[2023-10-24 00:07:33,597][root][INFO] - ===> epoch: 259/300
[2023-10-24 00:07:33,597][root][INFO] - train:
[2023-10-24 00:08:20,568][root][INFO] - val:
[2023-10-24 00:08:22,265][root][INFO] - ===> epoch: 260/300
[2023-10-24 00:08:22,266][root][INFO] - train:
[2023-10-24 00:09:08,876][root][INFO] - val:
[2023-10-24 00:09:10,480][root][INFO] - Checkpoint saved to C:\Users\GeorgeS\Documents\facultate\master\projects\data\model_weights\CIFAR-10/PreResNet/CosineAnnealingBS\2525\model_260_0.pth
[2023-10-24 00:09:10,481][root][INFO] - ===> epoch: 261/300
[2023-10-24 00:09:10,481][root][INFO] - train:
[2023-10-24 00:09:56,546][root][INFO] - val:
[2023-10-24 00:09:58,251][root][INFO] - ===> epoch: 262/300
[2023-10-24 00:09:58,252][root][INFO] - train:
[2023-10-24 00:10:44,561][root][INFO] - val:
[2023-10-24 00:10:46,568][root][INFO] - ===> epoch: 263/300
[2023-10-24 00:10:46,569][root][INFO] - train:
[2023-10-24 00:11:32,870][root][INFO] - val:
[2023-10-24 00:11:34,576][root][INFO] - ===> epoch: 264/300
[2023-10-24 00:11:34,576][root][INFO] - train:
[2023-10-24 00:12:21,847][root][INFO] - val:
[2023-10-24 00:12:23,416][root][INFO] - ===> epoch: 265/300
[2023-10-24 00:12:23,416][root][INFO] - train:
[2023-10-24 00:13:09,418][root][INFO] - val:
[2023-10-24 00:13:11,078][root][INFO] - ===> epoch: 266/300
[2023-10-24 00:13:11,078][root][INFO] - train:
[2023-10-24 00:13:56,899][root][INFO] - val:
[2023-10-24 00:13:58,608][root][INFO] - Checkpoint saved to C:\Users\GeorgeS\Documents\facultate\master\projects\data\model_weights\CIFAR-10/PreResNet/CosineAnnealingBS\2525\model_266_0.9086999893188477.pth
[2023-10-24 00:13:58,609][root][INFO] - ===> BEST Val/Accuracy PERFORMANCE: 0.90870
[2023-10-24 00:13:58,610][root][INFO] - ===> epoch: 267/300
[2023-10-24 00:13:58,610][root][INFO] - train:
[2023-10-24 00:14:45,387][root][INFO] - val:
[2023-10-24 00:14:47,080][root][INFO] - ===> epoch: 268/300
[2023-10-24 00:14:47,081][root][INFO] - train:
[2023-10-24 00:15:33,304][root][INFO] - val:
[2023-10-24 00:15:35,303][root][INFO] - Checkpoint saved to C:\Users\GeorgeS\Documents\facultate\master\projects\data\model_weights\CIFAR-10/PreResNet/CosineAnnealingBS\2525\model_268_0.910099983215332.pth
[2023-10-24 00:15:35,304][root][INFO] - ===> BEST Val/Accuracy PERFORMANCE: 0.91010
[2023-10-24 00:15:35,305][root][INFO] - ===> epoch: 269/300
[2023-10-24 00:15:35,305][root][INFO] - train:
[2023-10-24 00:16:20,826][root][INFO] - val:
[2023-10-24 00:16:22,344][root][INFO] - ===> epoch: 270/300
[2023-10-24 00:16:22,345][root][INFO] - train:
[2023-10-24 00:17:08,418][root][INFO] - val:
[2023-10-24 00:17:10,084][root][INFO] - Checkpoint saved to C:\Users\GeorgeS\Documents\facultate\master\projects\data\model_weights\CIFAR-10/PreResNet/CosineAnnealingBS\2525\model_270_0.pth
[2023-10-24 00:17:10,085][root][INFO] - ===> epoch: 271/300
[2023-10-24 00:17:10,085][root][INFO] - train:
[2023-10-24 00:17:56,285][root][INFO] - val:
[2023-10-24 00:17:57,883][root][INFO] - ===> epoch: 272/300
[2023-10-24 00:17:57,884][root][INFO] - train:
[2023-10-24 00:18:43,963][root][INFO] - val:
[2023-10-24 00:18:45,548][root][INFO] - ===> epoch: 273/300
[2023-10-24 00:18:45,548][root][INFO] - train:
[2023-10-24 00:19:31,462][root][INFO] - val:
[2023-10-24 00:19:32,982][root][INFO] - ===> epoch: 274/300
[2023-10-24 00:19:32,983][root][INFO] - train:
[2023-10-24 00:20:19,305][root][INFO] - val:
[2023-10-24 00:20:20,881][root][INFO] - ===> epoch: 275/300
[2023-10-24 00:20:20,882][root][INFO] - train:
[2023-10-24 00:21:07,238][root][INFO] - val:
[2023-10-24 00:21:08,879][root][INFO] - ===> epoch: 276/300
[2023-10-24 00:21:08,879][root][INFO] - train:
[2023-10-24 00:21:54,874][root][INFO] - val:
[2023-10-24 00:21:56,527][root][INFO] - ===> epoch: 277/300
[2023-10-24 00:21:56,527][root][INFO] - train:
[2023-10-24 00:22:42,014][root][INFO] - val:
[2023-10-24 00:22:44,063][root][INFO] - ===> epoch: 278/300
[2023-10-24 00:22:44,063][root][INFO] - train:
[2023-10-24 00:23:30,018][root][INFO] - val:
[2023-10-24 00:23:31,701][root][INFO] - ===> epoch: 279/300
[2023-10-24 00:23:31,702][root][INFO] - train:
[2023-10-24 00:24:17,573][root][INFO] - val:
[2023-10-24 00:24:19,187][root][INFO] - ===> epoch: 280/300
[2023-10-24 00:24:19,187][root][INFO] - train:
[2023-10-24 00:25:06,014][root][INFO] - val:
[2023-10-24 00:25:07,712][root][INFO] - Checkpoint saved to C:\Users\GeorgeS\Documents\facultate\master\projects\data\model_weights\CIFAR-10/PreResNet/CosineAnnealingBS\2525\model_280_0.pth
[2023-10-24 00:25:07,713][root][INFO] - ===> epoch: 281/300
[2023-10-24 00:25:07,713][root][INFO] - train:
[2023-10-24 00:25:54,544][root][INFO] - val:
[2023-10-24 00:25:56,162][root][INFO] - ===> epoch: 282/300
[2023-10-24 00:25:56,163][root][INFO] - train:
[2023-10-24 00:26:43,396][root][INFO] - val:
[2023-10-24 00:26:45,024][root][INFO] - ===> epoch: 283/300
[2023-10-24 00:26:45,024][root][INFO] - train:
[2023-10-24 00:27:31,551][root][INFO] - val:
[2023-10-24 00:27:33,104][root][INFO] - ===> epoch: 284/300
[2023-10-24 00:27:33,105][root][INFO] - train:
[2023-10-24 00:28:43,072][root][INFO] - val:
[2023-10-24 00:28:44,728][root][INFO] - ===> epoch: 285/300
[2023-10-24 00:28:44,728][root][INFO] - train:
[2023-10-24 00:29:54,128][root][INFO] - val:
[2023-10-24 00:29:55,806][root][INFO] - ===> epoch: 286/300
[2023-10-24 00:29:55,806][root][INFO] - train:
[2023-10-24 00:31:05,108][root][INFO] - val:
[2023-10-24 00:31:06,717][root][INFO] - ===> epoch: 287/300
[2023-10-24 00:31:06,718][root][INFO] - train:
[2023-10-24 00:32:15,212][root][INFO] - val:
[2023-10-24 00:32:16,810][root][INFO] - ===> epoch: 288/300
[2023-10-24 00:32:16,811][root][INFO] - train:
[2023-10-24 00:33:25,311][root][INFO] - val:
[2023-10-24 00:33:26,824][root][INFO] - ===> epoch: 289/300
[2023-10-24 00:33:26,825][root][INFO] - train:
[2023-10-24 00:34:35,187][root][INFO] - val:
[2023-10-24 00:34:36,781][root][INFO] - ===> epoch: 290/300
[2023-10-24 00:34:36,781][root][INFO] - train:
[2023-10-24 00:35:45,160][root][INFO] - val:
[2023-10-24 00:35:46,884][root][INFO] - Checkpoint saved to C:\Users\GeorgeS\Documents\facultate\master\projects\data\model_weights\CIFAR-10/PreResNet/CosineAnnealingBS\2525\model_290_0.pth
[2023-10-24 00:35:46,885][root][INFO] - ===> epoch: 291/300
[2023-10-24 00:35:46,885][root][INFO] - train:
[2023-10-24 00:36:55,102][root][INFO] - val:
[2023-10-24 00:36:56,741][root][INFO] - ===> epoch: 292/300
[2023-10-24 00:36:56,742][root][INFO] - train:
[2023-10-24 00:38:05,075][root][INFO] - val:
[2023-10-24 00:38:06,667][root][INFO] - ===> epoch: 293/300
[2023-10-24 00:38:06,668][root][INFO] - train:
[2023-10-24 00:39:14,499][root][INFO] - val:
[2023-10-24 00:39:16,077][root][INFO] - ===> epoch: 294/300
[2023-10-24 00:39:16,077][root][INFO] - train:
[2023-10-24 00:40:24,047][root][INFO] - val:
[2023-10-24 00:40:25,681][root][INFO] - ===> epoch: 295/300
[2023-10-24 00:40:25,681][root][INFO] - train:
[2023-10-24 00:41:33,430][root][INFO] - val:
[2023-10-24 00:41:35,095][root][INFO] - ===> epoch: 296/300
[2023-10-24 00:41:35,095][root][INFO] - train:
[2023-10-24 00:42:42,751][root][INFO] - val:
[2023-10-24 00:42:44,308][root][INFO] - ===> epoch: 297/300
[2023-10-24 00:42:44,308][root][INFO] - train:
[2023-10-24 00:43:52,235][root][INFO] - val:
[2023-10-24 00:43:53,893][root][INFO] - ===> epoch: 298/300
[2023-10-24 00:43:53,893][root][INFO] - train:
[2023-10-24 00:45:01,781][root][INFO] - val:
[2023-10-24 00:45:03,466][root][INFO] - ===> epoch: 299/300
[2023-10-24 00:45:03,467][root][INFO] - train:
[2023-10-24 00:46:10,984][root][INFO] - val:
[2023-10-24 00:46:12,702][root][INFO] - ===> BEST Val/Accuracy PERFORMANCE: 0.91010
[2023-10-24 00:46:13,137][root][INFO] - Saved best accuracy checkpoint
