[2023-11-14 00:25:22,241][root][INFO] - Saving current code to C:\Users\GeorgeS\Documents\facultate\master\projects\Pytorch-Template\outputs\2023-11-14\00-25-22\runs\CIFAR-10/PreResNet/OneCycleLR\2525
[2023-11-14 00:25:22,527][root][INFO] - Loading train_dataset!
[2023-11-14 00:25:50,550][root][INFO] - Loading val_dataset!
[2023-11-14 00:25:57,602][root][INFO] - ===> epoch: 1/300
[2023-11-14 00:25:57,602][root][INFO] - train:
[2023-11-14 00:26:49,047][root][INFO] - val:
[2023-11-14 00:26:52,742][root][INFO] - Checkpoint saved to C:\Users\GeorgeS\Documents\facultate\master\projects\data\model_weights\CIFAR-10/PreResNet/OneCycleLR\2525\model_1_0.34850001335144043.pth
[2023-11-14 00:26:52,743][root][INFO] - ===> BEST Val/Accuracy PERFORMANCE: 0.34850
[2023-11-14 00:26:52,743][root][INFO] - ===> epoch: 2/300
[2023-11-14 00:26:52,743][root][INFO] - train:
[2023-11-14 00:27:44,232][root][INFO] - val:
[2023-11-14 00:27:45,853][root][INFO] - Checkpoint saved to C:\Users\GeorgeS\Documents\facultate\master\projects\data\model_weights\CIFAR-10/PreResNet/OneCycleLR\2525\model_2_0.37630000710487366.pth
[2023-11-14 00:27:45,854][root][INFO] - ===> BEST Val/Accuracy PERFORMANCE: 0.37630
[2023-11-14 00:27:45,855][root][INFO] - ===> epoch: 3/300
[2023-11-14 00:27:45,855][root][INFO] - train:
[2023-11-14 00:28:38,338][root][INFO] - val:
[2023-11-14 00:28:40,012][root][INFO] - Checkpoint saved to C:\Users\GeorgeS\Documents\facultate\master\projects\data\model_weights\CIFAR-10/PreResNet/OneCycleLR\2525\model_3_0.41589999198913574.pth
[2023-11-14 00:28:40,012][root][INFO] - ===> BEST Val/Accuracy PERFORMANCE: 0.41590
[2023-11-14 00:28:40,013][root][INFO] - ===> epoch: 4/300
[2023-11-14 00:28:40,014][root][INFO] - train:
[2023-11-14 00:29:32,655][root][INFO] - val:
[2023-11-14 00:29:34,358][root][INFO] - Checkpoint saved to C:\Users\GeorgeS\Documents\facultate\master\projects\data\model_weights\CIFAR-10/PreResNet/OneCycleLR\2525\model_4_0.46549999713897705.pth
[2023-11-14 00:29:34,359][root][INFO] - ===> BEST Val/Accuracy PERFORMANCE: 0.46550
[2023-11-14 00:29:34,360][root][INFO] - ===> epoch: 5/300
[2023-11-14 00:29:34,360][root][INFO] - train:
[2023-11-14 00:30:27,253][root][INFO] - val:
[2023-11-14 00:30:28,888][root][INFO] - Checkpoint saved to C:\Users\GeorgeS\Documents\facultate\master\projects\data\model_weights\CIFAR-10/PreResNet/OneCycleLR\2525\model_5_0.4903999865055084.pth
[2023-11-14 00:30:28,889][root][INFO] - ===> BEST Val/Accuracy PERFORMANCE: 0.49040
[2023-11-14 00:30:28,890][root][INFO] - ===> epoch: 6/300
[2023-11-14 00:30:28,890][root][INFO] - train:
[2023-11-14 00:31:21,958][root][INFO] - val:
[2023-11-14 00:31:23,572][root][INFO] - Checkpoint saved to C:\Users\GeorgeS\Documents\facultate\master\projects\data\model_weights\CIFAR-10/PreResNet/OneCycleLR\2525\model_6_0.506600022315979.pth
[2023-11-14 00:31:23,572][root][INFO] - ===> BEST Val/Accuracy PERFORMANCE: 0.50660
[2023-11-14 00:31:23,573][root][INFO] - ===> epoch: 7/300
[2023-11-14 00:31:23,573][root][INFO] - train:
[2023-11-14 00:32:16,297][root][INFO] - val:
[2023-11-14 00:32:17,915][root][INFO] - Checkpoint saved to C:\Users\GeorgeS\Documents\facultate\master\projects\data\model_weights\CIFAR-10/PreResNet/OneCycleLR\2525\model_7_0.5580999851226807.pth
[2023-11-14 00:32:17,915][root][INFO] - ===> BEST Val/Accuracy PERFORMANCE: 0.55810
[2023-11-14 00:32:17,916][root][INFO] - ===> epoch: 8/300
[2023-11-14 00:32:17,916][root][INFO] - train:
[2023-11-14 00:33:11,057][root][INFO] - val:
[2023-11-14 00:33:12,714][root][INFO] - ===> epoch: 9/300
[2023-11-14 00:33:12,714][root][INFO] - train:
[2023-11-14 00:34:05,893][root][INFO] - val:
[2023-11-14 00:34:07,603][root][INFO] - Checkpoint saved to C:\Users\GeorgeS\Documents\facultate\master\projects\data\model_weights\CIFAR-10/PreResNet/OneCycleLR\2525\model_9_0.5835999846458435.pth
[2023-11-14 00:34:07,603][root][INFO] - ===> BEST Val/Accuracy PERFORMANCE: 0.58360
[2023-11-14 00:34:07,604][root][INFO] - ===> epoch: 10/300
[2023-11-14 00:34:07,604][root][INFO] - train:
[2023-11-14 00:35:00,722][root][INFO] - val:
[2023-11-14 00:35:02,324][root][INFO] - Checkpoint saved to C:\Users\GeorgeS\Documents\facultate\master\projects\data\model_weights\CIFAR-10/PreResNet/OneCycleLR\2525\model_10_0.5946999788284302.pth
[2023-11-14 00:35:02,324][root][INFO] - ===> BEST Val/Accuracy PERFORMANCE: 0.59470
[2023-11-14 00:35:02,367][root][INFO] - Checkpoint saved to C:\Users\GeorgeS\Documents\facultate\master\projects\data\model_weights\CIFAR-10/PreResNet/OneCycleLR\2525\model_10_0.pth
[2023-11-14 00:35:02,368][root][INFO] - ===> epoch: 11/300
[2023-11-14 00:35:02,368][root][INFO] - train:
[2023-11-14 00:35:55,080][root][INFO] - val:
[2023-11-14 00:35:56,799][root][INFO] - Checkpoint saved to C:\Users\GeorgeS\Documents\facultate\master\projects\data\model_weights\CIFAR-10/PreResNet/OneCycleLR\2525\model_11_0.616599977016449.pth
[2023-11-14 00:35:56,799][root][INFO] - ===> BEST Val/Accuracy PERFORMANCE: 0.61660
[2023-11-14 00:35:56,800][root][INFO] - ===> epoch: 12/300
[2023-11-14 00:35:56,801][root][INFO] - train:
[2023-11-14 00:36:49,621][root][INFO] - val:
[2023-11-14 00:36:51,288][root][INFO] - ===> epoch: 13/300
[2023-11-14 00:36:51,288][root][INFO] - train:
[2023-11-14 00:37:44,428][root][INFO] - val:
[2023-11-14 00:37:46,051][root][INFO] - Checkpoint saved to C:\Users\GeorgeS\Documents\facultate\master\projects\data\model_weights\CIFAR-10/PreResNet/OneCycleLR\2525\model_13_0.6567000150680542.pth
[2023-11-14 00:37:46,052][root][INFO] - ===> BEST Val/Accuracy PERFORMANCE: 0.65670
[2023-11-14 00:37:46,053][root][INFO] - ===> epoch: 14/300
[2023-11-14 00:37:46,053][root][INFO] - train:
[2023-11-14 00:38:39,289][root][INFO] - val:
[2023-11-14 00:38:40,878][root][INFO] - Checkpoint saved to C:\Users\GeorgeS\Documents\facultate\master\projects\data\model_weights\CIFAR-10/PreResNet/OneCycleLR\2525\model_14_0.6660000085830688.pth
[2023-11-14 00:38:40,878][root][INFO] - ===> BEST Val/Accuracy PERFORMANCE: 0.66600
[2023-11-14 00:38:40,879][root][INFO] - ===> epoch: 15/300
[2023-11-14 00:38:40,879][root][INFO] - train:
[2023-11-14 00:39:34,101][root][INFO] - val:
[2023-11-14 00:39:35,718][root][INFO] - Checkpoint saved to C:\Users\GeorgeS\Documents\facultate\master\projects\data\model_weights\CIFAR-10/PreResNet/OneCycleLR\2525\model_15_0.6758000254631042.pth
[2023-11-14 00:39:35,719][root][INFO] - ===> BEST Val/Accuracy PERFORMANCE: 0.67580
[2023-11-14 00:39:35,719][root][INFO] - ===> epoch: 16/300
[2023-11-14 00:39:35,720][root][INFO] - train:
[2023-11-14 00:40:28,956][root][INFO] - val:
[2023-11-14 00:40:30,561][root][INFO] - ===> epoch: 17/300
[2023-11-14 00:40:30,562][root][INFO] - train:
[2023-11-14 00:41:23,355][root][INFO] - val:
[2023-11-14 00:41:24,928][root][INFO] - Checkpoint saved to C:\Users\GeorgeS\Documents\facultate\master\projects\data\model_weights\CIFAR-10/PreResNet/OneCycleLR\2525\model_17_0.6966999769210815.pth
[2023-11-14 00:41:24,929][root][INFO] - ===> BEST Val/Accuracy PERFORMANCE: 0.69670
[2023-11-14 00:41:24,929][root][INFO] - ===> epoch: 18/300
[2023-11-14 00:41:24,930][root][INFO] - train:
[2023-11-14 00:42:17,971][root][INFO] - val:
[2023-11-14 00:42:19,606][root][INFO] - Checkpoint saved to C:\Users\GeorgeS\Documents\facultate\master\projects\data\model_weights\CIFAR-10/PreResNet/OneCycleLR\2525\model_18_0.7056000232696533.pth
[2023-11-14 00:42:19,606][root][INFO] - ===> BEST Val/Accuracy PERFORMANCE: 0.70560
[2023-11-14 00:42:19,607][root][INFO] - ===> epoch: 19/300
[2023-11-14 00:42:19,608][root][INFO] - train:
[2023-11-14 00:43:12,926][root][INFO] - val:
[2023-11-14 00:43:14,589][root][INFO] - ===> epoch: 20/300
[2023-11-14 00:43:14,589][root][INFO] - train:
[2023-11-14 00:44:07,898][root][INFO] - val:
[2023-11-14 00:44:09,476][root][INFO] - Checkpoint saved to C:\Users\GeorgeS\Documents\facultate\master\projects\data\model_weights\CIFAR-10/PreResNet/OneCycleLR\2525\model_20_0.7253999710083008.pth
[2023-11-14 00:44:09,476][root][INFO] - ===> BEST Val/Accuracy PERFORMANCE: 0.72540
[2023-11-14 00:44:09,524][root][INFO] - Checkpoint saved to C:\Users\GeorgeS\Documents\facultate\master\projects\data\model_weights\CIFAR-10/PreResNet/OneCycleLR\2525\model_20_0.pth
[2023-11-14 00:44:09,525][root][INFO] - ===> epoch: 21/300
[2023-11-14 00:44:09,525][root][INFO] - train:
[2023-11-14 00:45:02,286][root][INFO] - val:
[2023-11-14 00:45:03,940][root][INFO] - ===> epoch: 22/300
[2023-11-14 00:45:03,941][root][INFO] - train:
[2023-11-14 00:45:57,115][root][INFO] - val:
[2023-11-14 00:45:58,693][root][INFO] - Checkpoint saved to C:\Users\GeorgeS\Documents\facultate\master\projects\data\model_weights\CIFAR-10/PreResNet/OneCycleLR\2525\model_22_0.7407000064849854.pth
[2023-11-14 00:45:58,694][root][INFO] - ===> BEST Val/Accuracy PERFORMANCE: 0.74070
[2023-11-14 00:45:58,695][root][INFO] - ===> epoch: 23/300
[2023-11-14 00:45:58,695][root][INFO] - train:
[2023-11-14 00:46:52,001][root][INFO] - val:
[2023-11-14 00:46:53,663][root][INFO] - ===> epoch: 24/300
[2023-11-14 00:46:53,664][root][INFO] - train:
[2023-11-14 00:47:46,802][root][INFO] - val:
[2023-11-14 00:47:48,397][root][INFO] - Checkpoint saved to C:\Users\GeorgeS\Documents\facultate\master\projects\data\model_weights\CIFAR-10/PreResNet/OneCycleLR\2525\model_24_0.7645999789237976.pth
[2023-11-14 00:47:48,398][root][INFO] - ===> BEST Val/Accuracy PERFORMANCE: 0.76460
[2023-11-14 00:47:48,399][root][INFO] - ===> epoch: 25/300
[2023-11-14 00:47:48,399][root][INFO] - train:
[2023-11-14 00:48:41,315][root][INFO] - val:
[2023-11-14 00:48:43,209][root][INFO] - ===> epoch: 26/300
[2023-11-14 00:48:43,210][root][INFO] - train:
[2023-11-14 00:49:36,124][root][INFO] - val:
[2023-11-14 00:49:37,712][root][INFO] - ===> epoch: 27/300
[2023-11-14 00:49:37,712][root][INFO] - train:
[2023-11-14 00:50:30,950][root][INFO] - val:
[2023-11-14 00:50:32,608][root][INFO] - Checkpoint saved to C:\Users\GeorgeS\Documents\facultate\master\projects\data\model_weights\CIFAR-10/PreResNet/OneCycleLR\2525\model_27_0.775600016117096.pth
[2023-11-14 00:50:32,609][root][INFO] - ===> BEST Val/Accuracy PERFORMANCE: 0.77560
[2023-11-14 00:50:32,610][root][INFO] - ===> epoch: 28/300
[2023-11-14 00:50:32,610][root][INFO] - train:
[2023-11-14 00:51:25,691][root][INFO] - val:
[2023-11-14 00:51:27,239][root][INFO] - ===> epoch: 29/300
[2023-11-14 00:51:27,240][root][INFO] - train:
[2023-11-14 00:52:20,392][root][INFO] - val:
[2023-11-14 00:52:21,960][root][INFO] - Checkpoint saved to C:\Users\GeorgeS\Documents\facultate\master\projects\data\model_weights\CIFAR-10/PreResNet/OneCycleLR\2525\model_29_0.7818999886512756.pth
[2023-11-14 00:52:21,961][root][INFO] - ===> BEST Val/Accuracy PERFORMANCE: 0.78190
[2023-11-14 00:52:21,961][root][INFO] - ===> epoch: 30/300
[2023-11-14 00:52:21,962][root][INFO] - train:
[2023-11-14 00:53:14,769][root][INFO] - val:
[2023-11-14 00:53:16,482][root][INFO] - Checkpoint saved to C:\Users\GeorgeS\Documents\facultate\master\projects\data\model_weights\CIFAR-10/PreResNet/OneCycleLR\2525\model_30_0.8077999949455261.pth
[2023-11-14 00:53:16,483][root][INFO] - ===> BEST Val/Accuracy PERFORMANCE: 0.80780
[2023-11-14 00:53:16,524][root][INFO] - Checkpoint saved to C:\Users\GeorgeS\Documents\facultate\master\projects\data\model_weights\CIFAR-10/PreResNet/OneCycleLR\2525\model_30_0.pth
[2023-11-14 00:53:16,524][root][INFO] - ===> epoch: 31/300
[2023-11-14 00:53:16,525][root][INFO] - train:
[2023-11-14 00:54:09,332][root][INFO] - val:
[2023-11-14 00:54:10,868][root][INFO] - ===> epoch: 32/300
[2023-11-14 00:54:10,869][root][INFO] - train:
[2023-11-14 00:55:04,115][root][INFO] - val:
[2023-11-14 00:55:05,655][root][INFO] - ===> epoch: 33/300
[2023-11-14 00:55:05,656][root][INFO] - train:
[2023-11-14 00:55:58,852][root][INFO] - val:
[2023-11-14 00:56:00,495][root][INFO] - ===> epoch: 34/300
[2023-11-14 00:56:00,496][root][INFO] - train:
[2023-11-14 00:56:53,466][root][INFO] - val:
[2023-11-14 00:56:55,021][root][INFO] - ===> epoch: 35/300
[2023-11-14 00:56:55,022][root][INFO] - train:
[2023-11-14 00:57:47,676][root][INFO] - val:
[2023-11-14 00:57:49,602][root][INFO] - ===> epoch: 36/300
[2023-11-14 00:57:49,603][root][INFO] - train:
[2023-11-14 00:58:42,269][root][INFO] - val:
[2023-11-14 00:58:43,816][root][INFO] - Checkpoint saved to C:\Users\GeorgeS\Documents\facultate\master\projects\data\model_weights\CIFAR-10/PreResNet/OneCycleLR\2525\model_36_0.8149999976158142.pth
[2023-11-14 00:58:43,817][root][INFO] - ===> BEST Val/Accuracy PERFORMANCE: 0.81500
[2023-11-14 00:58:43,818][root][INFO] - ===> epoch: 37/300
[2023-11-14 00:58:43,818][root][INFO] - train:
[2023-11-14 00:59:36,960][root][INFO] - val:
[2023-11-14 00:59:38,591][root][INFO] - ===> epoch: 38/300
[2023-11-14 00:59:38,592][root][INFO] - train:
[2023-11-14 01:00:31,450][root][INFO] - val:
[2023-11-14 01:00:33,021][root][INFO] - Checkpoint saved to C:\Users\GeorgeS\Documents\facultate\master\projects\data\model_weights\CIFAR-10/PreResNet/OneCycleLR\2525\model_38_0.828000009059906.pth
[2023-11-14 01:00:33,022][root][INFO] - ===> BEST Val/Accuracy PERFORMANCE: 0.82800
[2023-11-14 01:00:33,023][root][INFO] - ===> epoch: 39/300
[2023-11-14 01:00:33,023][root][INFO] - train:
[2023-11-14 01:01:26,310][root][INFO] - val:
[2023-11-14 01:01:27,929][root][INFO] - ===> epoch: 40/300
[2023-11-14 01:01:27,930][root][INFO] - train:
[2023-11-14 01:02:21,115][root][INFO] - val:
[2023-11-14 01:02:22,807][root][INFO] - Checkpoint saved to C:\Users\GeorgeS\Documents\facultate\master\projects\data\model_weights\CIFAR-10/PreResNet/OneCycleLR\2525\model_40_0.pth
[2023-11-14 01:02:22,808][root][INFO] - ===> epoch: 41/300
[2023-11-14 01:02:22,808][root][INFO] - train:
[2023-11-14 01:03:17,305][root][INFO] - val:
[2023-11-14 01:03:18,972][root][INFO] - ===> epoch: 42/300
[2023-11-14 01:03:18,972][root][INFO] - train:
[2023-11-14 01:04:11,668][root][INFO] - val:
[2023-11-14 01:04:13,316][root][INFO] - ===> epoch: 43/300
[2023-11-14 01:04:13,316][root][INFO] - train:
[2023-11-14 01:05:05,248][root][INFO] - val:
[2023-11-14 01:05:06,782][root][INFO] - Checkpoint saved to C:\Users\GeorgeS\Documents\facultate\master\projects\data\model_weights\CIFAR-10/PreResNet/OneCycleLR\2525\model_43_0.8327000141143799.pth
[2023-11-14 01:05:06,782][root][INFO] - ===> BEST Val/Accuracy PERFORMANCE: 0.83270
[2023-11-14 01:05:06,783][root][INFO] - ===> epoch: 44/300
[2023-11-14 01:05:06,783][root][INFO] - train:
[2023-11-14 01:05:58,198][root][INFO] - val:
[2023-11-14 01:05:59,878][root][INFO] - Checkpoint saved to C:\Users\GeorgeS\Documents\facultate\master\projects\data\model_weights\CIFAR-10/PreResNet/OneCycleLR\2525\model_44_0.8378999829292297.pth
[2023-11-14 01:05:59,878][root][INFO] - ===> BEST Val/Accuracy PERFORMANCE: 0.83790
[2023-11-14 01:05:59,879][root][INFO] - ===> epoch: 45/300
[2023-11-14 01:05:59,879][root][INFO] - train:
[2023-11-14 01:06:50,878][root][INFO] - val:
[2023-11-14 01:06:52,721][root][INFO] - ===> epoch: 46/300
[2023-11-14 01:06:52,721][root][INFO] - train:
[2023-11-14 01:07:43,896][root][INFO] - val:
[2023-11-14 01:07:45,542][root][INFO] - ===> epoch: 47/300
[2023-11-14 01:07:45,543][root][INFO] - train:
[2023-11-14 01:08:36,773][root][INFO] - val:
[2023-11-14 01:08:38,417][root][INFO] - ===> epoch: 48/300
[2023-11-14 01:08:38,417][root][INFO] - train:
[2023-11-14 01:09:29,721][root][INFO] - val:
[2023-11-14 01:09:31,293][root][INFO] - Checkpoint saved to C:\Users\GeorgeS\Documents\facultate\master\projects\data\model_weights\CIFAR-10/PreResNet/OneCycleLR\2525\model_48_0.8440999984741211.pth
[2023-11-14 01:09:31,294][root][INFO] - ===> BEST Val/Accuracy PERFORMANCE: 0.84410
[2023-11-14 01:09:31,295][root][INFO] - ===> epoch: 49/300
[2023-11-14 01:09:31,295][root][INFO] - train:
[2023-11-14 01:10:22,526][root][INFO] - val:
[2023-11-14 01:10:24,111][root][INFO] - ===> epoch: 50/300
[2023-11-14 01:10:24,112][root][INFO] - train:
[2023-11-14 01:11:15,620][root][INFO] - val:
[2023-11-14 01:11:17,288][root][INFO] - Checkpoint saved to C:\Users\GeorgeS\Documents\facultate\master\projects\data\model_weights\CIFAR-10/PreResNet/OneCycleLR\2525\model_50_0.pth
[2023-11-14 01:11:17,289][root][INFO] - ===> epoch: 51/300
[2023-11-14 01:11:17,290][root][INFO] - train:
[2023-11-14 01:12:08,281][root][INFO] - val:
[2023-11-14 01:12:09,714][root][INFO] - ===> epoch: 52/300
[2023-11-14 01:12:09,714][root][INFO] - train:
[2023-11-14 01:13:01,025][root][INFO] - val:
[2023-11-14 01:13:02,621][root][INFO] - ===> epoch: 53/300
[2023-11-14 01:13:02,621][root][INFO] - train:
[2023-11-14 01:13:53,903][root][INFO] - val:
[2023-11-14 01:13:55,478][root][INFO] - ===> epoch: 54/300
[2023-11-14 01:13:55,478][root][INFO] - train:
[2023-11-14 01:14:46,862][root][INFO] - val:
[2023-11-14 01:14:48,516][root][INFO] - Checkpoint saved to C:\Users\GeorgeS\Documents\facultate\master\projects\data\model_weights\CIFAR-10/PreResNet/OneCycleLR\2525\model_54_0.845300018787384.pth
[2023-11-14 01:14:48,516][root][INFO] - ===> BEST Val/Accuracy PERFORMANCE: 0.84530
[2023-11-14 01:14:48,517][root][INFO] - ===> epoch: 55/300
[2023-11-14 01:14:48,517][root][INFO] - train:
[2023-11-14 01:15:39,401][root][INFO] - val:
[2023-11-14 01:15:40,989][root][INFO] - ===> epoch: 56/300
[2023-11-14 01:15:40,990][root][INFO] - train:
[2023-11-14 01:16:32,281][root][INFO] - val:
[2023-11-14 01:16:33,874][root][INFO] - Checkpoint saved to C:\Users\GeorgeS\Documents\facultate\master\projects\data\model_weights\CIFAR-10/PreResNet/OneCycleLR\2525\model_56_0.8482000231742859.pth
[2023-11-14 01:16:33,874][root][INFO] - ===> BEST Val/Accuracy PERFORMANCE: 0.84820
[2023-11-14 01:16:33,875][root][INFO] - ===> epoch: 57/300
[2023-11-14 01:16:33,876][root][INFO] - train:
[2023-11-14 01:17:25,197][root][INFO] - val:
[2023-11-14 01:17:26,726][root][INFO] - ===> epoch: 58/300
[2023-11-14 01:17:26,726][root][INFO] - train:
[2023-11-14 01:18:18,038][root][INFO] - val:
[2023-11-14 01:18:19,696][root][INFO] - ===> epoch: 59/300
[2023-11-14 01:18:19,697][root][INFO] - train:
[2023-11-14 01:19:11,128][root][INFO] - val:
[2023-11-14 01:19:12,723][root][INFO] - ===> epoch: 60/300
[2023-11-14 01:19:12,724][root][INFO] - train:
[2023-11-14 01:20:03,708][root][INFO] - val:
[2023-11-14 01:20:05,259][root][INFO] - Checkpoint saved to C:\Users\GeorgeS\Documents\facultate\master\projects\data\model_weights\CIFAR-10/PreResNet/OneCycleLR\2525\model_60_0.8515999913215637.pth
[2023-11-14 01:20:05,260][root][INFO] - ===> BEST Val/Accuracy PERFORMANCE: 0.85160
[2023-11-14 01:20:05,294][root][INFO] - Checkpoint saved to C:\Users\GeorgeS\Documents\facultate\master\projects\data\model_weights\CIFAR-10/PreResNet/OneCycleLR\2525\model_60_0.pth
[2023-11-14 01:20:05,295][root][INFO] - ===> epoch: 61/300
[2023-11-14 01:20:05,295][root][INFO] - train:
[2023-11-14 01:20:56,667][root][INFO] - val:
[2023-11-14 01:20:58,241][root][INFO] - ===> epoch: 62/300
[2023-11-14 01:20:58,242][root][INFO] - train:
[2023-11-14 01:21:49,420][root][INFO] - val:
[2023-11-14 01:21:51,080][root][INFO] - ===> epoch: 63/300
[2023-11-14 01:21:51,080][root][INFO] - train:
[2023-11-14 01:22:42,313][root][INFO] - val:
[2023-11-14 01:22:43,936][root][INFO] - ===> epoch: 64/300
[2023-11-14 01:22:43,936][root][INFO] - train:
[2023-11-14 01:23:34,847][root][INFO] - val:
[2023-11-14 01:23:36,593][root][INFO] - ===> epoch: 65/300
[2023-11-14 01:23:36,593][root][INFO] - train:
[2023-11-14 01:24:27,658][root][INFO] - val:
[2023-11-14 01:24:29,193][root][INFO] - ===> epoch: 66/300
[2023-11-14 01:24:29,193][root][INFO] - train:
[2023-11-14 01:25:20,529][root][INFO] - val:
[2023-11-14 01:25:22,132][root][INFO] - ===> epoch: 67/300
[2023-11-14 01:25:22,132][root][INFO] - train:
[2023-11-14 01:26:13,207][root][INFO] - val:
[2023-11-14 01:26:14,813][root][INFO] - ===> epoch: 68/300
[2023-11-14 01:26:14,814][root][INFO] - train:
[2023-11-14 01:27:05,988][root][INFO] - val:
[2023-11-14 01:27:07,671][root][INFO] - Checkpoint saved to C:\Users\GeorgeS\Documents\facultate\master\projects\data\model_weights\CIFAR-10/PreResNet/OneCycleLR\2525\model_68_0.8521999716758728.pth
[2023-11-14 01:27:07,672][root][INFO] - ===> BEST Val/Accuracy PERFORMANCE: 0.85220
[2023-11-14 01:27:07,673][root][INFO] - ===> epoch: 69/300
[2023-11-14 01:27:07,673][root][INFO] - train:
[2023-11-14 01:27:58,606][root][INFO] - val:
[2023-11-14 01:28:00,164][root][INFO] - ===> epoch: 70/300
[2023-11-14 01:28:00,164][root][INFO] - train:
[2023-11-14 01:28:51,402][root][INFO] - val:
[2023-11-14 01:28:52,958][root][INFO] - Checkpoint saved to C:\Users\GeorgeS\Documents\facultate\master\projects\data\model_weights\CIFAR-10/PreResNet/OneCycleLR\2525\model_70_0.pth
[2023-11-14 01:28:52,959][root][INFO] - ===> epoch: 71/300
[2023-11-14 01:28:52,959][root][INFO] - train:
[2023-11-14 01:29:44,156][root][INFO] - val:
[2023-11-14 01:29:45,685][root][INFO] - ===> epoch: 72/300
[2023-11-14 01:29:45,686][root][INFO] - train:
[2023-11-14 01:30:36,929][root][INFO] - val:
[2023-11-14 01:30:38,540][root][INFO] - ===> epoch: 73/300
[2023-11-14 01:30:38,540][root][INFO] - train:
[2023-11-14 01:31:29,979][root][INFO] - val:
[2023-11-14 01:31:31,548][root][INFO] - ===> epoch: 74/300
[2023-11-14 01:31:31,548][root][INFO] - train:
[2023-11-14 01:32:22,598][root][INFO] - val:
[2023-11-14 01:32:24,217][root][INFO] - ===> epoch: 75/300
[2023-11-14 01:32:24,217][root][INFO] - train:
[2023-11-14 01:33:15,405][root][INFO] - val:
[2023-11-14 01:33:17,051][root][INFO] - ===> epoch: 76/300
[2023-11-14 01:33:17,052][root][INFO] - train:
[2023-11-14 01:34:08,218][root][INFO] - val:
[2023-11-14 01:34:09,750][root][INFO] - ===> epoch: 77/300
[2023-11-14 01:34:09,750][root][INFO] - train:
[2023-11-14 01:35:01,278][root][INFO] - val:
[2023-11-14 01:35:02,905][root][INFO] - ===> epoch: 78/300
[2023-11-14 01:35:02,905][root][INFO] - train:
[2023-11-14 01:35:53,778][root][INFO] - val:
[2023-11-14 01:35:55,421][root][INFO] - ===> epoch: 79/300
[2023-11-14 01:35:55,421][root][INFO] - train:
[2023-11-14 01:36:46,368][root][INFO] - val:
[2023-11-14 01:36:47,945][root][INFO] - ===> epoch: 80/300
[2023-11-14 01:36:47,946][root][INFO] - train:
[2023-11-14 01:37:39,149][root][INFO] - val:
[2023-11-14 01:37:40,809][root][INFO] - Checkpoint saved to C:\Users\GeorgeS\Documents\facultate\master\projects\data\model_weights\CIFAR-10/PreResNet/OneCycleLR\2525\model_80_0.pth
[2023-11-14 01:37:40,810][root][INFO] - ===> epoch: 81/300
[2023-11-14 01:37:40,810][root][INFO] - train:
[2023-11-14 01:38:31,999][root][INFO] - val:
[2023-11-14 01:38:33,626][root][INFO] - ===> epoch: 82/300
[2023-11-14 01:38:33,626][root][INFO] - train:
[2023-11-14 01:39:25,074][root][INFO] - val:
[2023-11-14 01:39:26,662][root][INFO] - ===> epoch: 83/300
[2023-11-14 01:39:26,663][root][INFO] - train:
[2023-11-14 01:40:17,544][root][INFO] - val:
[2023-11-14 01:40:19,067][root][INFO] - ===> epoch: 84/300
[2023-11-14 01:40:19,068][root][INFO] - train:
[2023-11-14 01:41:10,374][root][INFO] - val:
[2023-11-14 01:41:11,903][root][INFO] - ===> epoch: 85/300
[2023-11-14 01:41:11,904][root][INFO] - train:
[2023-11-14 01:42:03,137][root][INFO] - val:
[2023-11-14 01:42:04,673][root][INFO] - ===> epoch: 86/300
[2023-11-14 01:42:04,674][root][INFO] - train:
[2023-11-14 01:42:55,923][root][INFO] - val:
[2023-11-14 01:42:57,523][root][INFO] - ===> epoch: 87/300
[2023-11-14 01:42:57,524][root][INFO] - train:
[2023-11-14 01:43:48,724][root][INFO] - val:
[2023-11-14 01:43:50,792][root][INFO] - Checkpoint saved to C:\Users\GeorgeS\Documents\facultate\master\projects\data\model_weights\CIFAR-10/PreResNet/OneCycleLR\2525\model_87_0.8536999821662903.pth
[2023-11-14 01:43:50,793][root][INFO] - ===> BEST Val/Accuracy PERFORMANCE: 0.85370
[2023-11-14 01:43:50,793][root][INFO] - ===> epoch: 88/300
[2023-11-14 01:43:50,794][root][INFO] - train:
[2023-11-14 01:44:41,743][root][INFO] - val:
[2023-11-14 01:44:43,363][root][INFO] - ===> epoch: 89/300
[2023-11-14 01:44:43,364][root][INFO] - train:
[2023-11-14 01:45:34,667][root][INFO] - val:
[2023-11-14 01:45:36,243][root][INFO] - Checkpoint saved to C:\Users\GeorgeS\Documents\facultate\master\projects\data\model_weights\CIFAR-10/PreResNet/OneCycleLR\2525\model_89_0.857699990272522.pth
[2023-11-14 01:45:36,244][root][INFO] - ===> BEST Val/Accuracy PERFORMANCE: 0.85770
[2023-11-14 01:45:36,244][root][INFO] - ===> epoch: 90/300
[2023-11-14 01:45:36,245][root][INFO] - train:
[2023-11-14 01:46:27,636][root][INFO] - val:
[2023-11-14 01:46:29,246][root][INFO] - Checkpoint saved to C:\Users\GeorgeS\Documents\facultate\master\projects\data\model_weights\CIFAR-10/PreResNet/OneCycleLR\2525\model_90_0.pth
[2023-11-14 01:46:29,247][root][INFO] - ===> epoch: 91/300
[2023-11-14 01:46:29,248][root][INFO] - train:
[2023-11-14 01:47:20,528][root][INFO] - val:
[2023-11-14 01:47:22,123][root][INFO] - Checkpoint saved to C:\Users\GeorgeS\Documents\facultate\master\projects\data\model_weights\CIFAR-10/PreResNet/OneCycleLR\2525\model_91_0.8580999970436096.pth
[2023-11-14 01:47:22,123][root][INFO] - ===> BEST Val/Accuracy PERFORMANCE: 0.85810
[2023-11-14 01:47:22,124][root][INFO] - ===> epoch: 92/300
[2023-11-14 01:47:22,124][root][INFO] - train:
[2023-11-14 01:48:13,252][root][INFO] - val:
[2023-11-14 01:48:14,885][root][INFO] - ===> epoch: 93/300
[2023-11-14 01:48:14,886][root][INFO] - train:
[2023-11-14 01:49:05,973][root][INFO] - val:
[2023-11-14 01:49:07,585][root][INFO] - ===> epoch: 94/300
[2023-11-14 01:49:07,585][root][INFO] - train:
[2023-11-14 01:49:58,677][root][INFO] - val:
[2023-11-14 01:50:00,332][root][INFO] - Checkpoint saved to C:\Users\GeorgeS\Documents\facultate\master\projects\data\model_weights\CIFAR-10/PreResNet/OneCycleLR\2525\model_94_0.8615000247955322.pth
[2023-11-14 01:50:00,333][root][INFO] - ===> BEST Val/Accuracy PERFORMANCE: 0.86150
[2023-11-14 01:50:00,334][root][INFO] - ===> epoch: 95/300
[2023-11-14 01:50:00,334][root][INFO] - train:
[2023-11-14 01:50:51,603][root][INFO] - val:
[2023-11-14 01:50:53,271][root][INFO] - ===> epoch: 96/300
[2023-11-14 01:50:53,271][root][INFO] - train:
[2023-11-14 01:51:44,563][root][INFO] - val:
[2023-11-14 01:51:46,106][root][INFO] - ===> epoch: 97/300
[2023-11-14 01:51:46,107][root][INFO] - train:
[2023-11-14 01:52:37,369][root][INFO] - val:
[2023-11-14 01:52:38,882][root][INFO] - ===> epoch: 98/300
[2023-11-14 01:52:38,882][root][INFO] - train:
[2023-11-14 01:53:29,667][root][INFO] - val:
[2023-11-14 01:53:31,342][root][INFO] - Checkpoint saved to C:\Users\GeorgeS\Documents\facultate\master\projects\data\model_weights\CIFAR-10/PreResNet/OneCycleLR\2525\model_98_0.8648999929428101.pth
[2023-11-14 01:53:31,343][root][INFO] - ===> BEST Val/Accuracy PERFORMANCE: 0.86490
[2023-11-14 01:53:31,344][root][INFO] - ===> epoch: 99/300
[2023-11-14 01:53:31,344][root][INFO] - train:
[2023-11-14 01:54:22,431][root][INFO] - val:
[2023-11-14 01:54:23,976][root][INFO] - ===> epoch: 100/300
[2023-11-14 01:54:23,977][root][INFO] - train:
[2023-11-14 01:55:15,385][root][INFO] - val:
[2023-11-14 01:55:17,030][root][INFO] - Checkpoint saved to C:\Users\GeorgeS\Documents\facultate\master\projects\data\model_weights\CIFAR-10/PreResNet/OneCycleLR\2525\model_100_0.pth
[2023-11-14 01:55:17,031][root][INFO] - ===> epoch: 101/300
[2023-11-14 01:55:17,032][root][INFO] - train:
[2023-11-14 01:56:08,246][root][INFO] - val:
[2023-11-14 01:56:09,850][root][INFO] - ===> epoch: 102/300
[2023-11-14 01:56:09,851][root][INFO] - train:
[2023-11-14 01:57:00,735][root][INFO] - val:
[2023-11-14 01:57:02,347][root][INFO] - ===> epoch: 103/300
[2023-11-14 01:57:02,347][root][INFO] - train:
[2023-11-14 01:57:53,745][root][INFO] - val:
[2023-11-14 01:57:55,267][root][INFO] - ===> epoch: 104/300
[2023-11-14 01:57:55,267][root][INFO] - train:
[2023-11-14 01:58:46,582][root][INFO] - val:
[2023-11-14 01:58:48,117][root][INFO] - ===> epoch: 105/300
[2023-11-14 01:58:48,117][root][INFO] - train:
[2023-11-14 01:59:39,560][root][INFO] - val:
[2023-11-14 01:59:41,221][root][INFO] - ===> epoch: 106/300
[2023-11-14 01:59:41,221][root][INFO] - train:
[2023-11-14 02:00:32,120][root][INFO] - val:
[2023-11-14 02:00:33,806][root][INFO] - Checkpoint saved to C:\Users\GeorgeS\Documents\facultate\master\projects\data\model_weights\CIFAR-10/PreResNet/OneCycleLR\2525\model_106_0.8664000034332275.pth
[2023-11-14 02:00:33,807][root][INFO] - ===> BEST Val/Accuracy PERFORMANCE: 0.86640
[2023-11-14 02:00:33,807][root][INFO] - ===> epoch: 107/300
[2023-11-14 02:00:33,808][root][INFO] - train:
[2023-11-14 02:01:24,630][root][INFO] - val:
[2023-11-14 02:01:26,265][root][INFO] - ===> epoch: 108/300
[2023-11-14 02:01:26,265][root][INFO] - train:
[2023-11-14 02:02:17,479][root][INFO] - val:
[2023-11-14 02:02:19,102][root][INFO] - ===> epoch: 109/300
[2023-11-14 02:02:19,103][root][INFO] - train:
[2023-11-14 02:03:10,153][root][INFO] - val:
[2023-11-14 02:03:11,680][root][INFO] - ===> epoch: 110/300
[2023-11-14 02:03:11,680][root][INFO] - train:
[2023-11-14 02:04:02,962][root][INFO] - val:
[2023-11-14 02:04:04,643][root][INFO] - Checkpoint saved to C:\Users\GeorgeS\Documents\facultate\master\projects\data\model_weights\CIFAR-10/PreResNet/OneCycleLR\2525\model_110_0.8712000250816345.pth
[2023-11-14 02:04:04,644][root][INFO] - ===> BEST Val/Accuracy PERFORMANCE: 0.87120
[2023-11-14 02:04:04,673][root][INFO] - Checkpoint saved to C:\Users\GeorgeS\Documents\facultate\master\projects\data\model_weights\CIFAR-10/PreResNet/OneCycleLR\2525\model_110_0.pth
[2023-11-14 02:04:04,674][root][INFO] - ===> epoch: 111/300
[2023-11-14 02:04:04,674][root][INFO] - train:
[2023-11-14 02:04:55,471][root][INFO] - val:
[2023-11-14 02:04:57,516][root][INFO] - ===> epoch: 112/300
[2023-11-14 02:04:57,517][root][INFO] - train:
[2023-11-14 02:05:48,308][root][INFO] - val:
[2023-11-14 02:05:49,965][root][INFO] - ===> epoch: 113/300
[2023-11-14 02:05:49,965][root][INFO] - train:
[2023-11-14 02:06:41,090][root][INFO] - val:
[2023-11-14 02:06:42,650][root][INFO] - ===> epoch: 114/300
[2023-11-14 02:06:42,650][root][INFO] - train:
[2023-11-14 02:07:33,974][root][INFO] - val:
[2023-11-14 02:07:35,504][root][INFO] - ===> epoch: 115/300
[2023-11-14 02:07:35,505][root][INFO] - train:
[2023-11-14 02:08:26,708][root][INFO] - val:
[2023-11-14 02:08:28,346][root][INFO] - ===> epoch: 116/300
[2023-11-14 02:08:28,346][root][INFO] - train:
[2023-11-14 02:09:19,187][root][INFO] - val:
[2023-11-14 02:09:20,857][root][INFO] - ===> epoch: 117/300
[2023-11-14 02:09:20,857][root][INFO] - train:
[2023-11-14 02:10:12,004][root][INFO] - val:
[2023-11-14 02:10:13,548][root][INFO] - ===> epoch: 118/300
[2023-11-14 02:10:13,548][root][INFO] - train:
[2023-11-14 02:11:04,774][root][INFO] - val:
[2023-11-14 02:11:06,385][root][INFO] - ===> epoch: 119/300
[2023-11-14 02:11:06,385][root][INFO] - train:
[2023-11-14 02:11:57,547][root][INFO] - val:
[2023-11-14 02:11:59,209][root][INFO] - ===> epoch: 120/300
[2023-11-14 02:11:59,209][root][INFO] - train:
[2023-11-14 02:12:50,454][root][INFO] - val:
[2023-11-14 02:12:52,109][root][INFO] - Checkpoint saved to C:\Users\GeorgeS\Documents\facultate\master\projects\data\model_weights\CIFAR-10/PreResNet/OneCycleLR\2525\model_120_0.pth
[2023-11-14 02:12:52,110][root][INFO] - ===> epoch: 121/300
[2023-11-14 02:12:52,110][root][INFO] - train:
[2023-11-14 02:13:42,835][root][INFO] - val:
[2023-11-14 02:13:44,414][root][INFO] - ===> epoch: 122/300
[2023-11-14 02:13:44,415][root][INFO] - train:
[2023-11-14 02:14:35,744][root][INFO] - val:
[2023-11-14 02:14:37,266][root][INFO] - ===> epoch: 123/300
[2023-11-14 02:14:37,267][root][INFO] - train:
[2023-11-14 02:15:28,541][root][INFO] - val:
[2023-11-14 02:15:30,115][root][INFO] - ===> epoch: 124/300
[2023-11-14 02:15:30,115][root][INFO] - train:
[2023-11-14 02:16:21,383][root][INFO] - val:
[2023-11-14 02:16:23,005][root][INFO] - Checkpoint saved to C:\Users\GeorgeS\Documents\facultate\master\projects\data\model_weights\CIFAR-10/PreResNet/OneCycleLR\2525\model_124_0.8744999766349792.pth
[2023-11-14 02:16:23,005][root][INFO] - ===> BEST Val/Accuracy PERFORMANCE: 0.87450
[2023-11-14 02:16:23,006][root][INFO] - ===> epoch: 125/300
[2023-11-14 02:16:23,006][root][INFO] - train:
[2023-11-14 02:17:14,512][root][INFO] - val:
[2023-11-14 02:17:16,123][root][INFO] - ===> epoch: 126/300
[2023-11-14 02:17:16,123][root][INFO] - train:
[2023-11-14 02:18:07,069][root][INFO] - val:
[2023-11-14 02:18:08,913][root][INFO] - Checkpoint saved to C:\Users\GeorgeS\Documents\facultate\master\projects\data\model_weights\CIFAR-10/PreResNet/OneCycleLR\2525\model_126_0.8813999891281128.pth
[2023-11-14 02:18:08,914][root][INFO] - ===> BEST Val/Accuracy PERFORMANCE: 0.88140
[2023-11-14 02:18:08,915][root][INFO] - ===> epoch: 127/300
[2023-11-14 02:18:08,915][root][INFO] - train:
[2023-11-14 02:18:59,715][root][INFO] - val:
[2023-11-14 02:19:01,312][root][INFO] - ===> epoch: 128/300
[2023-11-14 02:19:01,313][root][INFO] - train:
[2023-11-14 02:19:52,347][root][INFO] - val:
[2023-11-14 02:19:53,990][root][INFO] - ===> epoch: 129/300
[2023-11-14 02:19:53,990][root][INFO] - train:
[2023-11-14 02:20:45,259][root][INFO] - val:
[2023-11-14 02:20:46,842][root][INFO] - ===> epoch: 130/300
[2023-11-14 02:20:46,842][root][INFO] - train:
[2023-11-14 02:21:38,089][root][INFO] - val:
[2023-11-14 02:21:39,717][root][INFO] - Checkpoint saved to C:\Users\GeorgeS\Documents\facultate\master\projects\data\model_weights\CIFAR-10/PreResNet/OneCycleLR\2525\model_130_0.pth
[2023-11-14 02:21:39,718][root][INFO] - ===> epoch: 131/300
[2023-11-14 02:21:39,718][root][INFO] - train:
[2023-11-14 02:22:30,808][root][INFO] - val:
[2023-11-14 02:22:32,601][root][INFO] - ===> epoch: 132/300
[2023-11-14 02:22:32,601][root][INFO] - train:
[2023-11-14 02:23:23,413][root][INFO] - val:
[2023-11-14 02:23:25,019][root][INFO] - ===> epoch: 133/300
[2023-11-14 02:23:25,019][root][INFO] - train:
[2023-11-14 02:24:16,295][root][INFO] - val:
[2023-11-14 02:24:17,879][root][INFO] - ===> epoch: 134/300
[2023-11-14 02:24:17,879][root][INFO] - train:
[2023-11-14 02:25:09,402][root][INFO] - val:
[2023-11-14 02:25:11,047][root][INFO] - ===> epoch: 135/300
[2023-11-14 02:25:11,047][root][INFO] - train:
[2023-11-14 02:26:02,033][root][INFO] - val:
[2023-11-14 02:26:03,575][root][INFO] - ===> epoch: 136/300
[2023-11-14 02:26:03,575][root][INFO] - train:
[2023-11-14 02:26:54,432][root][INFO] - val:
[2023-11-14 02:26:56,284][root][INFO] - ===> epoch: 137/300
[2023-11-14 02:26:56,284][root][INFO] - train:
[2023-11-14 02:27:47,103][root][INFO] - val:
[2023-11-14 02:27:48,762][root][INFO] - ===> epoch: 138/300
[2023-11-14 02:27:48,762][root][INFO] - train:
[2023-11-14 02:28:39,965][root][INFO] - val:
[2023-11-14 02:28:41,597][root][INFO] - ===> epoch: 139/300
[2023-11-14 02:28:41,597][root][INFO] - train:
[2023-11-14 02:29:32,869][root][INFO] - val:
[2023-11-14 02:29:34,472][root][INFO] - ===> epoch: 140/300
[2023-11-14 02:29:34,472][root][INFO] - train:
[2023-11-14 02:30:25,669][root][INFO] - val:
[2023-11-14 02:30:27,225][root][INFO] - Checkpoint saved to C:\Users\GeorgeS\Documents\facultate\master\projects\data\model_weights\CIFAR-10/PreResNet/OneCycleLR\2525\model_140_0.pth
[2023-11-14 02:30:27,225][root][INFO] - ===> epoch: 141/300
[2023-11-14 02:30:27,226][root][INFO] - train:
[2023-11-14 02:31:18,015][root][INFO] - val:
[2023-11-14 02:31:19,820][root][INFO] - ===> epoch: 142/300
[2023-11-14 02:31:19,820][root][INFO] - train:
[2023-11-14 02:32:10,755][root][INFO] - val:
[2023-11-14 02:32:12,333][root][INFO] - ===> epoch: 143/300
[2023-11-14 02:32:12,333][root][INFO] - train:
[2023-11-14 02:33:03,364][root][INFO] - val:
[2023-11-14 02:33:04,927][root][INFO] - Checkpoint saved to C:\Users\GeorgeS\Documents\facultate\master\projects\data\model_weights\CIFAR-10/PreResNet/OneCycleLR\2525\model_143_0.8865000009536743.pth
[2023-11-14 02:33:04,928][root][INFO] - ===> BEST Val/Accuracy PERFORMANCE: 0.88650
[2023-11-14 02:33:04,929][root][INFO] - ===> epoch: 144/300
[2023-11-14 02:33:04,929][root][INFO] - train:
[2023-11-14 02:33:56,026][root][INFO] - val:
[2023-11-14 02:33:57,672][root][INFO] - ===> epoch: 145/300
[2023-11-14 02:33:57,673][root][INFO] - train:
[2023-11-14 02:34:49,079][root][INFO] - val:
[2023-11-14 02:34:50,710][root][INFO] - ===> epoch: 146/300
[2023-11-14 02:34:50,710][root][INFO] - train:
[2023-11-14 02:35:41,947][root][INFO] - val:
[2023-11-14 02:35:43,455][root][INFO] - ===> epoch: 147/300
[2023-11-14 02:35:43,455][root][INFO] - train:
[2023-11-14 02:36:34,503][root][INFO] - val:
[2023-11-14 02:36:36,054][root][INFO] - ===> epoch: 148/300
[2023-11-14 02:36:36,055][root][INFO] - train:
[2023-11-14 02:37:27,256][root][INFO] - val:
[2023-11-14 02:37:28,883][root][INFO] - ===> epoch: 149/300
[2023-11-14 02:37:28,883][root][INFO] - train:
[2023-11-14 02:38:20,130][root][INFO] - val:
[2023-11-14 02:38:21,748][root][INFO] - ===> epoch: 150/300
[2023-11-14 02:38:21,748][root][INFO] - train:
[2023-11-14 02:39:12,970][root][INFO] - val:
[2023-11-14 02:39:14,618][root][INFO] - Checkpoint saved to C:\Users\GeorgeS\Documents\facultate\master\projects\data\model_weights\CIFAR-10/PreResNet/OneCycleLR\2525\model_150_0.pth
[2023-11-14 02:39:14,619][root][INFO] - ===> epoch: 151/300
[2023-11-14 02:39:14,619][root][INFO] - train:
[2023-11-14 02:40:05,472][root][INFO] - val:
[2023-11-14 02:40:07,095][root][INFO] - ===> epoch: 152/300
[2023-11-14 02:40:07,095][root][INFO] - train:
[2023-11-14 02:40:58,033][root][INFO] - val:
[2023-11-14 02:40:59,596][root][INFO] - ===> epoch: 153/300
[2023-11-14 02:40:59,596][root][INFO] - train:
[2023-11-14 02:41:50,943][root][INFO] - val:
[2023-11-14 02:41:52,608][root][INFO] - ===> epoch: 154/300
[2023-11-14 02:41:52,609][root][INFO] - train:
[2023-11-14 02:42:44,052][root][INFO] - val:
[2023-11-14 02:42:45,651][root][INFO] - Checkpoint saved to C:\Users\GeorgeS\Documents\facultate\master\projects\data\model_weights\CIFAR-10/PreResNet/OneCycleLR\2525\model_154_0.8873000144958496.pth
[2023-11-14 02:42:45,651][root][INFO] - ===> BEST Val/Accuracy PERFORMANCE: 0.88730
[2023-11-14 02:42:45,652][root][INFO] - ===> epoch: 155/300
[2023-11-14 02:42:45,652][root][INFO] - train:
[2023-11-14 02:43:36,868][root][INFO] - val:
[2023-11-14 02:43:38,464][root][INFO] - ===> epoch: 156/300
[2023-11-14 02:43:38,464][root][INFO] - train:
[2023-11-14 02:44:29,949][root][INFO] - val:
[2023-11-14 02:44:31,466][root][INFO] - ===> epoch: 157/300
[2023-11-14 02:44:31,467][root][INFO] - train:
[2023-11-14 02:45:22,692][root][INFO] - val:
[2023-11-14 02:45:24,312][root][INFO] - ===> epoch: 158/300
[2023-11-14 02:45:24,313][root][INFO] - train:
[2023-11-14 02:46:15,878][root][INFO] - val:
[2023-11-14 02:46:17,410][root][INFO] - ===> epoch: 159/300
[2023-11-14 02:46:17,410][root][INFO] - train:
[2023-11-14 02:47:08,835][root][INFO] - val:
[2023-11-14 02:47:10,491][root][INFO] - ===> epoch: 160/300
[2023-11-14 02:47:10,491][root][INFO] - train:
[2023-11-14 02:48:01,918][root][INFO] - val:
[2023-11-14 02:48:03,471][root][INFO] - Checkpoint saved to C:\Users\GeorgeS\Documents\facultate\master\projects\data\model_weights\CIFAR-10/PreResNet/OneCycleLR\2525\model_160_0.pth
[2023-11-14 02:48:03,472][root][INFO] - ===> epoch: 161/300
[2023-11-14 02:48:03,472][root][INFO] - train:
[2023-11-14 02:48:54,469][root][INFO] - val:
[2023-11-14 02:48:56,020][root][INFO] - ===> epoch: 162/300
[2023-11-14 02:48:56,021][root][INFO] - train:
[2023-11-14 02:49:47,572][root][INFO] - val:
[2023-11-14 02:49:49,251][root][INFO] - Checkpoint saved to C:\Users\GeorgeS\Documents\facultate\master\projects\data\model_weights\CIFAR-10/PreResNet/OneCycleLR\2525\model_162_0.887499988079071.pth
[2023-11-14 02:49:49,251][root][INFO] - ===> BEST Val/Accuracy PERFORMANCE: 0.88750
[2023-11-14 02:49:49,252][root][INFO] - ===> epoch: 163/300
[2023-11-14 02:49:49,252][root][INFO] - train:
[2023-11-14 02:50:40,814][root][INFO] - val:
[2023-11-14 02:50:42,392][root][INFO] - ===> epoch: 164/300
[2023-11-14 02:50:42,393][root][INFO] - train:
[2023-11-14 02:51:33,777][root][INFO] - val:
[2023-11-14 02:51:35,299][root][INFO] - ===> epoch: 165/300
[2023-11-14 02:51:35,300][root][INFO] - train:
[2023-11-14 02:52:26,300][root][INFO] - val:
[2023-11-14 02:52:28,107][root][INFO] - ===> epoch: 166/300
[2023-11-14 02:52:28,107][root][INFO] - train:
[2023-11-14 02:53:19,033][root][INFO] - val:
[2023-11-14 02:53:20,602][root][INFO] - ===> epoch: 167/300
[2023-11-14 02:53:20,603][root][INFO] - train:
[2023-11-14 02:54:12,163][root][INFO] - val:
[2023-11-14 02:54:13,775][root][INFO] - ===> epoch: 168/300
[2023-11-14 02:54:13,776][root][INFO] - train:
[2023-11-14 02:55:05,242][root][INFO] - val:
[2023-11-14 02:55:06,802][root][INFO] - ===> epoch: 169/300
[2023-11-14 02:55:06,803][root][INFO] - train:
[2023-11-14 02:55:58,377][root][INFO] - val:
[2023-11-14 02:55:59,977][root][INFO] - ===> epoch: 170/300
[2023-11-14 02:55:59,978][root][INFO] - train:
[2023-11-14 02:56:51,618][root][INFO] - val:
[2023-11-14 02:56:53,198][root][INFO] - Checkpoint saved to C:\Users\GeorgeS\Documents\facultate\master\projects\data\model_weights\CIFAR-10/PreResNet/OneCycleLR\2525\model_170_0.pth
[2023-11-14 02:56:53,199][root][INFO] - ===> epoch: 171/300
[2023-11-14 02:56:53,200][root][INFO] - train:
[2023-11-14 02:57:44,229][root][INFO] - val:
[2023-11-14 02:57:46,050][root][INFO] - ===> epoch: 172/300
[2023-11-14 02:57:46,051][root][INFO] - train:
[2023-11-14 02:58:37,230][root][INFO] - val:
[2023-11-14 02:58:38,755][root][INFO] - ===> epoch: 173/300
[2023-11-14 02:58:38,755][root][INFO] - train:
[2023-11-14 02:59:30,385][root][INFO] - val:
[2023-11-14 02:59:32,032][root][INFO] - ===> epoch: 174/300
[2023-11-14 02:59:32,033][root][INFO] - train:
[2023-11-14 03:00:23,602][root][INFO] - val:
[2023-11-14 03:00:25,223][root][INFO] - ===> epoch: 175/300
[2023-11-14 03:00:25,223][root][INFO] - train:
[2023-11-14 03:01:16,796][root][INFO] - val:
[2023-11-14 03:01:18,404][root][INFO] - ===> epoch: 176/300
[2023-11-14 03:01:18,404][root][INFO] - train:
[2023-11-14 03:02:09,692][root][INFO] - val:
[2023-11-14 03:02:11,301][root][INFO] - Checkpoint saved to C:\Users\GeorgeS\Documents\facultate\master\projects\data\model_weights\CIFAR-10/PreResNet/OneCycleLR\2525\model_176_0.8920000195503235.pth
[2023-11-14 03:02:11,301][root][INFO] - ===> BEST Val/Accuracy PERFORMANCE: 0.89200
[2023-11-14 03:02:11,302][root][INFO] - ===> epoch: 177/300
[2023-11-14 03:02:11,302][root][INFO] - train:
[2023-11-14 03:03:02,942][root][INFO] - val:
[2023-11-14 03:03:04,592][root][INFO] - ===> epoch: 178/300
[2023-11-14 03:03:04,593][root][INFO] - train:
[2023-11-14 03:03:56,340][root][INFO] - val:
[2023-11-14 03:03:57,955][root][INFO] - ===> epoch: 179/300
[2023-11-14 03:03:57,956][root][INFO] - train:
[2023-11-14 03:04:49,533][root][INFO] - val:
[2023-11-14 03:04:51,131][root][INFO] - ===> epoch: 180/300
[2023-11-14 03:04:51,131][root][INFO] - train:
[2023-11-14 03:05:42,412][root][INFO] - val:
[2023-11-14 03:05:44,134][root][INFO] - Checkpoint saved to C:\Users\GeorgeS\Documents\facultate\master\projects\data\model_weights\CIFAR-10/PreResNet/OneCycleLR\2525\model_180_0.pth
[2023-11-14 03:05:44,135][root][INFO] - ===> epoch: 181/300
[2023-11-14 03:05:44,136][root][INFO] - train:
[2023-11-14 03:06:35,417][root][INFO] - val:
[2023-11-14 03:06:36,996][root][INFO] - ===> epoch: 182/300
[2023-11-14 03:06:36,996][root][INFO] - train:
[2023-11-14 03:07:28,606][root][INFO] - val:
[2023-11-14 03:07:30,220][root][INFO] - Checkpoint saved to C:\Users\GeorgeS\Documents\facultate\master\projects\data\model_weights\CIFAR-10/PreResNet/OneCycleLR\2525\model_182_0.8956000208854675.pth
[2023-11-14 03:07:30,221][root][INFO] - ===> BEST Val/Accuracy PERFORMANCE: 0.89560
[2023-11-14 03:07:30,221][root][INFO] - ===> epoch: 183/300
[2023-11-14 03:07:30,221][root][INFO] - train:
[2023-11-14 03:08:21,776][root][INFO] - val:
[2023-11-14 03:08:23,357][root][INFO] - ===> epoch: 184/300
[2023-11-14 03:08:23,358][root][INFO] - train:
[2023-11-14 03:09:14,782][root][INFO] - val:
[2023-11-14 03:09:16,368][root][INFO] - ===> epoch: 185/300
[2023-11-14 03:09:16,368][root][INFO] - train:
[2023-11-14 03:10:07,803][root][INFO] - val:
[2023-11-14 03:10:09,723][root][INFO] - ===> epoch: 186/300
[2023-11-14 03:10:09,723][root][INFO] - train:
[2023-11-14 03:11:01,095][root][INFO] - val:
[2023-11-14 03:11:02,712][root][INFO] - ===> epoch: 187/300
[2023-11-14 03:11:02,712][root][INFO] - train:
[2023-11-14 03:11:54,461][root][INFO] - val:
[2023-11-14 03:11:56,082][root][INFO] - ===> epoch: 188/300
[2023-11-14 03:11:56,082][root][INFO] - train:
[2023-11-14 03:12:47,867][root][INFO] - val:
[2023-11-14 03:12:49,432][root][INFO] - ===> epoch: 189/300
[2023-11-14 03:12:49,432][root][INFO] - train:
[2023-11-14 03:13:41,274][root][INFO] - val:
[2023-11-14 03:13:42,964][root][INFO] - Checkpoint saved to C:\Users\GeorgeS\Documents\facultate\master\projects\data\model_weights\CIFAR-10/PreResNet/OneCycleLR\2525\model_189_0.8956999778747559.pth
[2023-11-14 03:13:42,965][root][INFO] - ===> BEST Val/Accuracy PERFORMANCE: 0.89570
[2023-11-14 03:13:42,965][root][INFO] - ===> epoch: 190/300
[2023-11-14 03:13:42,966][root][INFO] - train:
[2023-11-14 03:14:34,633][root][INFO] - val:
[2023-11-14 03:14:36,309][root][INFO] - Checkpoint saved to C:\Users\GeorgeS\Documents\facultate\master\projects\data\model_weights\CIFAR-10/PreResNet/OneCycleLR\2525\model_190_0.pth
[2023-11-14 03:14:36,310][root][INFO] - ===> epoch: 191/300
[2023-11-14 03:14:36,311][root][INFO] - train:
[2023-11-14 03:15:27,635][root][INFO] - val:
[2023-11-14 03:15:29,063][root][INFO] - ===> epoch: 192/300
[2023-11-14 03:15:29,063][root][INFO] - train:
[2023-11-14 03:16:20,760][root][INFO] - val:
[2023-11-14 03:16:22,302][root][INFO] - ===> epoch: 193/300
[2023-11-14 03:16:22,303][root][INFO] - train:
[2023-11-14 03:17:14,142][root][INFO] - val:
[2023-11-14 03:17:15,822][root][INFO] - ===> epoch: 194/300
[2023-11-14 03:17:15,822][root][INFO] - train:
[2023-11-14 03:18:07,698][root][INFO] - val:
[2023-11-14 03:18:09,346][root][INFO] - ===> epoch: 195/300
[2023-11-14 03:18:09,347][root][INFO] - train:
[2023-11-14 03:19:00,956][root][INFO] - val:
[2023-11-14 03:19:02,535][root][INFO] - ===> epoch: 196/300
[2023-11-14 03:19:02,535][root][INFO] - train:
[2023-11-14 03:19:54,069][root][INFO] - val:
[2023-11-14 03:19:55,618][root][INFO] - ===> epoch: 197/300
[2023-11-14 03:19:55,618][root][INFO] - train:
[2023-11-14 03:20:47,182][root][INFO] - val:
[2023-11-14 03:20:48,722][root][INFO] - ===> epoch: 198/300
[2023-11-14 03:20:48,723][root][INFO] - train:
[2023-11-14 03:21:40,406][root][INFO] - val:
[2023-11-14 03:21:42,069][root][INFO] - ===> epoch: 199/300
[2023-11-14 03:21:42,069][root][INFO] - train:
[2023-11-14 03:22:33,741][root][INFO] - val:
[2023-11-14 03:22:35,409][root][INFO] - ===> epoch: 200/300
[2023-11-14 03:22:35,409][root][INFO] - train:
[2023-11-14 03:23:26,782][root][INFO] - val:
[2023-11-14 03:23:28,462][root][INFO] - Checkpoint saved to C:\Users\GeorgeS\Documents\facultate\master\projects\data\model_weights\CIFAR-10/PreResNet/OneCycleLR\2525\model_200_0.8981999754905701.pth
[2023-11-14 03:23:28,462][root][INFO] - ===> BEST Val/Accuracy PERFORMANCE: 0.89820
[2023-11-14 03:23:28,506][root][INFO] - Checkpoint saved to C:\Users\GeorgeS\Documents\facultate\master\projects\data\model_weights\CIFAR-10/PreResNet/OneCycleLR\2525\model_200_0.pth
[2023-11-14 03:23:28,507][root][INFO] - ===> epoch: 201/300
[2023-11-14 03:23:28,507][root][INFO] - train:
[2023-11-14 03:24:20,084][root][INFO] - val:
[2023-11-14 03:24:21,610][root][INFO] - ===> epoch: 202/300
[2023-11-14 03:24:21,610][root][INFO] - train:
[2023-11-14 03:25:13,507][root][INFO] - val:
[2023-11-14 03:25:15,037][root][INFO] - ===> epoch: 203/300
[2023-11-14 03:25:15,037][root][INFO] - train:
[2023-11-14 03:26:06,540][root][INFO] - val:
[2023-11-14 03:26:08,134][root][INFO] - ===> epoch: 204/300
[2023-11-14 03:26:08,134][root][INFO] - train:
[2023-11-14 03:26:59,615][root][INFO] - val:
[2023-11-14 03:27:01,166][root][INFO] - ===> epoch: 205/300
[2023-11-14 03:27:01,167][root][INFO] - train:
[2023-11-14 03:27:52,478][root][INFO] - val:
[2023-11-14 03:27:54,140][root][INFO] - ===> epoch: 206/300
[2023-11-14 03:27:54,141][root][INFO] - train:
[2023-11-14 03:28:45,750][root][INFO] - val:
[2023-11-14 03:28:47,333][root][INFO] - ===> epoch: 207/300
[2023-11-14 03:28:47,334][root][INFO] - train:
[2023-11-14 03:29:39,169][root][INFO] - val:
[2023-11-14 03:29:40,701][root][INFO] - ===> epoch: 208/300
[2023-11-14 03:29:40,702][root][INFO] - train:
[2023-11-14 03:30:32,503][root][INFO] - val:
[2023-11-14 03:30:34,056][root][INFO] - ===> epoch: 209/300
[2023-11-14 03:30:34,056][root][INFO] - train:
[2023-11-14 03:31:25,306][root][INFO] - val:
[2023-11-14 03:31:26,897][root][INFO] - ===> epoch: 210/300
[2023-11-14 03:31:26,897][root][INFO] - train:
[2023-11-14 03:32:18,512][root][INFO] - val:
[2023-11-14 03:32:20,098][root][INFO] - Checkpoint saved to C:\Users\GeorgeS\Documents\facultate\master\projects\data\model_weights\CIFAR-10/PreResNet/OneCycleLR\2525\model_210_0.pth
[2023-11-14 03:32:20,099][root][INFO] - ===> epoch: 211/300
[2023-11-14 03:32:20,100][root][INFO] - train:
[2023-11-14 03:33:11,994][root][INFO] - val:
[2023-11-14 03:33:13,571][root][INFO] - ===> epoch: 212/300
[2023-11-14 03:33:13,572][root][INFO] - train:
[2023-11-14 03:34:05,322][root][INFO] - val:
[2023-11-14 03:34:06,922][root][INFO] - ===> epoch: 213/300
[2023-11-14 03:34:06,923][root][INFO] - train:
[2023-11-14 03:34:58,235][root][INFO] - val:
[2023-11-14 03:35:00,146][root][INFO] - ===> epoch: 214/300
[2023-11-14 03:35:00,146][root][INFO] - train:
[2023-11-14 03:35:51,413][root][INFO] - val:
[2023-11-14 03:35:53,246][root][INFO] - ===> epoch: 215/300
[2023-11-14 03:35:53,247][root][INFO] - train:
[2023-11-14 03:36:44,453][root][INFO] - val:
[2023-11-14 03:36:46,125][root][INFO] - ===> epoch: 216/300
[2023-11-14 03:36:46,125][root][INFO] - train:
[2023-11-14 03:37:37,930][root][INFO] - val:
[2023-11-14 03:37:39,496][root][INFO] - ===> epoch: 217/300
[2023-11-14 03:37:39,497][root][INFO] - train:
[2023-11-14 03:38:31,023][root][INFO] - val:
[2023-11-14 03:38:32,655][root][INFO] - ===> epoch: 218/300
[2023-11-14 03:38:32,656][root][INFO] - train:
[2023-11-14 03:39:24,386][root][INFO] - val:
[2023-11-14 03:39:26,007][root][INFO] - ===> epoch: 219/300
[2023-11-14 03:39:26,008][root][INFO] - train:
[2023-11-14 03:40:17,321][root][INFO] - val:
[2023-11-14 03:40:19,251][root][INFO] - Checkpoint saved to C:\Users\GeorgeS\Documents\facultate\master\projects\data\model_weights\CIFAR-10/PreResNet/OneCycleLR\2525\model_219_0.8988000154495239.pth
[2023-11-14 03:40:19,252][root][INFO] - ===> BEST Val/Accuracy PERFORMANCE: 0.89880
[2023-11-14 03:40:19,252][root][INFO] - ===> epoch: 220/300
[2023-11-14 03:40:19,253][root][INFO] - train:
[2023-11-14 03:41:10,554][root][INFO] - val:
[2023-11-14 03:41:12,232][root][INFO] - Checkpoint saved to C:\Users\GeorgeS\Documents\facultate\master\projects\data\model_weights\CIFAR-10/PreResNet/OneCycleLR\2525\model_220_0.9032999873161316.pth
[2023-11-14 03:41:12,233][root][INFO] - ===> BEST Val/Accuracy PERFORMANCE: 0.90330
[2023-11-14 03:41:12,268][root][INFO] - Checkpoint saved to C:\Users\GeorgeS\Documents\facultate\master\projects\data\model_weights\CIFAR-10/PreResNet/OneCycleLR\2525\model_220_0.pth
[2023-11-14 03:41:12,269][root][INFO] - ===> epoch: 221/300
[2023-11-14 03:41:12,270][root][INFO] - train:
[2023-11-14 03:42:04,052][root][INFO] - val:
[2023-11-14 03:42:05,706][root][INFO] - ===> epoch: 222/300
[2023-11-14 03:42:05,706][root][INFO] - train:
[2023-11-14 03:42:57,502][root][INFO] - val:
[2023-11-14 03:42:59,086][root][INFO] - ===> epoch: 223/300
[2023-11-14 03:42:59,087][root][INFO] - train:
[2023-11-14 03:43:50,692][root][INFO] - val:
[2023-11-14 03:43:52,248][root][INFO] - ===> epoch: 224/300
[2023-11-14 03:43:52,248][root][INFO] - train:
[2023-11-14 03:44:43,641][root][INFO] - val:
[2023-11-14 03:44:45,156][root][INFO] - ===> epoch: 225/300
[2023-11-14 03:44:45,157][root][INFO] - train:
[2023-11-14 03:45:36,693][root][INFO] - val:
[2023-11-14 03:45:38,274][root][INFO] - ===> epoch: 226/300
[2023-11-14 03:45:38,274][root][INFO] - train:
[2023-11-14 03:46:30,055][root][INFO] - val:
[2023-11-14 03:46:31,607][root][INFO] - ===> epoch: 227/300
[2023-11-14 03:46:31,607][root][INFO] - train:
[2023-11-14 03:47:23,171][root][INFO] - val:
[2023-11-14 03:47:24,780][root][INFO] - ===> epoch: 228/300
[2023-11-14 03:47:24,781][root][INFO] - train:
[2023-11-14 03:48:16,541][root][INFO] - val:
[2023-11-14 03:48:18,047][root][INFO] - ===> epoch: 229/300
[2023-11-14 03:48:18,047][root][INFO] - train:
[2023-11-14 03:49:09,460][root][INFO] - val:
[2023-11-14 03:49:11,135][root][INFO] - ===> epoch: 230/300
[2023-11-14 03:49:11,136][root][INFO] - train:
[2023-11-14 03:50:02,688][root][INFO] - val:
[2023-11-14 03:50:04,368][root][INFO] - Checkpoint saved to C:\Users\GeorgeS\Documents\facultate\master\projects\data\model_weights\CIFAR-10/PreResNet/OneCycleLR\2525\model_230_0.pth
[2023-11-14 03:50:04,369][root][INFO] - ===> epoch: 231/300
[2023-11-14 03:50:04,369][root][INFO] - train:
[2023-11-14 03:50:56,140][root][INFO] - val:
[2023-11-14 03:50:57,679][root][INFO] - ===> epoch: 232/300
[2023-11-14 03:50:57,680][root][INFO] - train:
[2023-11-14 03:51:49,337][root][INFO] - val:
[2023-11-14 03:51:50,996][root][INFO] - ===> epoch: 233/300
[2023-11-14 03:51:50,997][root][INFO] - train:
[2023-11-14 03:52:42,455][root][INFO] - val:
[2023-11-14 03:52:44,349][root][INFO] - ===> epoch: 234/300
[2023-11-14 03:52:44,349][root][INFO] - train:
[2023-11-14 03:53:35,698][root][INFO] - val:
[2023-11-14 03:53:37,358][root][INFO] - ===> epoch: 235/300
[2023-11-14 03:53:37,358][root][INFO] - train:
[2023-11-14 03:54:29,083][root][INFO] - val:
[2023-11-14 03:54:30,611][root][INFO] - ===> epoch: 236/300
[2023-11-14 03:54:30,611][root][INFO] - train:
[2023-11-14 03:55:22,207][root][INFO] - val:
[2023-11-14 03:55:23,727][root][INFO] - ===> epoch: 237/300
[2023-11-14 03:55:23,727][root][INFO] - train:
[2023-11-14 03:56:15,326][root][INFO] - val:
[2023-11-14 03:56:16,962][root][INFO] - Checkpoint saved to C:\Users\GeorgeS\Documents\facultate\master\projects\data\model_weights\CIFAR-10/PreResNet/OneCycleLR\2525\model_237_0.9045000076293945.pth
[2023-11-14 03:56:16,962][root][INFO] - ===> BEST Val/Accuracy PERFORMANCE: 0.90450
[2023-11-14 03:56:16,963][root][INFO] - ===> epoch: 238/300
[2023-11-14 03:56:16,963][root][INFO] - train:
[2023-11-14 03:57:08,508][root][INFO] - val:
[2023-11-14 03:57:10,138][root][INFO] - Checkpoint saved to C:\Users\GeorgeS\Documents\facultate\master\projects\data\model_weights\CIFAR-10/PreResNet/OneCycleLR\2525\model_238_0.9079999923706055.pth
[2023-11-14 03:57:10,138][root][INFO] - ===> BEST Val/Accuracy PERFORMANCE: 0.90800
[2023-11-14 03:57:10,139][root][INFO] - ===> epoch: 239/300
[2023-11-14 03:57:10,139][root][INFO] - train:
[2023-11-14 03:58:01,862][root][INFO] - val:
[2023-11-14 03:58:03,656][root][INFO] - ===> epoch: 240/300
[2023-11-14 03:58:03,657][root][INFO] - train:
[2023-11-14 03:58:54,958][root][INFO] - val:
[2023-11-14 03:58:56,641][root][INFO] - Checkpoint saved to C:\Users\GeorgeS\Documents\facultate\master\projects\data\model_weights\CIFAR-10/PreResNet/OneCycleLR\2525\model_240_0.pth
[2023-11-14 03:58:56,642][root][INFO] - ===> epoch: 241/300
[2023-11-14 03:58:56,642][root][INFO] - train:
[2023-11-14 03:59:48,240][root][INFO] - val:
[2023-11-14 03:59:49,816][root][INFO] - ===> epoch: 242/300
[2023-11-14 03:59:49,816][root][INFO] - train:
[2023-11-14 04:00:41,515][root][INFO] - val:
[2023-11-14 04:00:43,153][root][INFO] - ===> epoch: 243/300
[2023-11-14 04:00:43,153][root][INFO] - train:
[2023-11-14 04:01:34,787][root][INFO] - val:
[2023-11-14 04:01:36,337][root][INFO] - ===> epoch: 244/300
[2023-11-14 04:01:36,338][root][INFO] - train:
[2023-11-14 04:02:27,594][root][INFO] - val:
[2023-11-14 04:02:29,168][root][INFO] - ===> epoch: 245/300
[2023-11-14 04:02:29,168][root][INFO] - train:
[2023-11-14 04:03:20,857][root][INFO] - val:
[2023-11-14 04:03:22,521][root][INFO] - ===> epoch: 246/300
[2023-11-14 04:03:22,521][root][INFO] - train:
[2023-11-14 04:04:14,206][root][INFO] - val:
[2023-11-14 04:04:15,853][root][INFO] - ===> epoch: 247/300
[2023-11-14 04:04:15,853][root][INFO] - train:
[2023-11-14 04:05:07,444][root][INFO] - val:
[2023-11-14 04:05:08,958][root][INFO] - ===> epoch: 248/300
[2023-11-14 04:05:08,958][root][INFO] - train:
[2023-11-14 04:06:00,401][root][INFO] - val:
[2023-11-14 04:06:02,383][root][INFO] - ===> epoch: 249/300
[2023-11-14 04:06:02,384][root][INFO] - train:
[2023-11-14 04:06:53,598][root][INFO] - val:
[2023-11-14 04:06:55,251][root][INFO] - ===> epoch: 250/300
[2023-11-14 04:06:55,251][root][INFO] - train:
[2023-11-14 04:07:46,766][root][INFO] - val:
[2023-11-14 04:07:48,436][root][INFO] - Checkpoint saved to C:\Users\GeorgeS\Documents\facultate\master\projects\data\model_weights\CIFAR-10/PreResNet/OneCycleLR\2525\model_250_0.pth
[2023-11-14 04:07:48,437][root][INFO] - ===> epoch: 251/300
[2023-11-14 04:07:48,437][root][INFO] - train:
[2023-11-14 04:08:40,074][root][INFO] - val:
[2023-11-14 04:08:41,603][root][INFO] - ===> epoch: 252/300
[2023-11-14 04:08:41,604][root][INFO] - train:
[2023-11-14 04:09:33,304][root][INFO] - val:
[2023-11-14 04:09:34,940][root][INFO] - ===> epoch: 253/300
[2023-11-14 04:09:34,940][root][INFO] - train:
[2023-11-14 04:10:26,505][root][INFO] - val:
[2023-11-14 04:10:28,128][root][INFO] - ===> epoch: 254/300
[2023-11-14 04:10:28,128][root][INFO] - train:
[2023-11-14 04:11:19,385][root][INFO] - val:
[2023-11-14 04:11:20,986][root][INFO] - ===> epoch: 255/300
[2023-11-14 04:11:20,986][root][INFO] - train:
[2023-11-14 04:12:12,699][root][INFO] - val:
[2023-11-14 04:12:14,324][root][INFO] - ===> epoch: 256/300
[2023-11-14 04:12:14,324][root][INFO] - train:
[2023-11-14 04:13:05,949][root][INFO] - val:
[2023-11-14 04:13:07,519][root][INFO] - ===> epoch: 257/300
[2023-11-14 04:13:07,520][root][INFO] - train:
[2023-11-14 04:13:59,040][root][INFO] - val:
[2023-11-14 04:14:00,692][root][INFO] - ===> epoch: 258/300
[2023-11-14 04:14:00,692][root][INFO] - train:
[2023-11-14 04:14:51,877][root][INFO] - val:
[2023-11-14 04:14:53,858][root][INFO] - ===> epoch: 259/300
[2023-11-14 04:14:53,859][root][INFO] - train:
[2023-11-14 04:15:45,198][root][INFO] - val:
[2023-11-14 04:15:46,724][root][INFO] - ===> epoch: 260/300
[2023-11-14 04:15:46,725][root][INFO] - train:
[2023-11-14 04:16:37,833][root][INFO] - val:
[2023-11-14 04:16:39,465][root][INFO] - Checkpoint saved to C:\Users\GeorgeS\Documents\facultate\master\projects\data\model_weights\CIFAR-10/PreResNet/OneCycleLR\2525\model_260_0.9086999893188477.pth
[2023-11-14 04:16:39,465][root][INFO] - ===> BEST Val/Accuracy PERFORMANCE: 0.90870
[2023-11-14 04:16:39,504][root][INFO] - Checkpoint saved to C:\Users\GeorgeS\Documents\facultate\master\projects\data\model_weights\CIFAR-10/PreResNet/OneCycleLR\2525\model_260_0.pth
[2023-11-14 04:16:39,505][root][INFO] - ===> epoch: 261/300
[2023-11-14 04:16:39,505][root][INFO] - train:
[2023-11-14 04:17:31,172][root][INFO] - val:
[2023-11-14 04:17:32,803][root][INFO] - Checkpoint saved to C:\Users\GeorgeS\Documents\facultate\master\projects\data\model_weights\CIFAR-10/PreResNet/OneCycleLR\2525\model_261_0.9107000231742859.pth
[2023-11-14 04:17:32,803][root][INFO] - ===> BEST Val/Accuracy PERFORMANCE: 0.91070
[2023-11-14 04:17:32,804][root][INFO] - ===> epoch: 262/300
[2023-11-14 04:17:32,804][root][INFO] - train:
[2023-11-14 04:18:24,285][root][INFO] - val:
[2023-11-14 04:18:25,975][root][INFO] - Checkpoint saved to C:\Users\GeorgeS\Documents\facultate\master\projects\data\model_weights\CIFAR-10/PreResNet/OneCycleLR\2525\model_262_0.9122999906539917.pth
[2023-11-14 04:18:25,975][root][INFO] - ===> BEST Val/Accuracy PERFORMANCE: 0.91230
[2023-11-14 04:18:25,976][root][INFO] - ===> epoch: 263/300
[2023-11-14 04:18:25,976][root][INFO] - train:
[2023-11-14 04:19:17,263][root][INFO] - val:
[2023-11-14 04:19:19,184][root][INFO] - ===> epoch: 264/300
[2023-11-14 04:19:19,184][root][INFO] - train:
[2023-11-14 04:20:10,344][root][INFO] - val:
[2023-11-14 04:20:11,859][root][INFO] - ===> epoch: 265/300
[2023-11-14 04:20:11,859][root][INFO] - train:
[2023-11-14 04:21:03,420][root][INFO] - val:
[2023-11-14 04:21:04,997][root][INFO] - ===> epoch: 266/300
[2023-11-14 04:21:04,997][root][INFO] - train:
[2023-11-14 04:21:56,566][root][INFO] - val:
[2023-11-14 04:21:58,171][root][INFO] - Checkpoint saved to C:\Users\GeorgeS\Documents\facultate\master\projects\data\model_weights\CIFAR-10/PreResNet/OneCycleLR\2525\model_266_0.9135000109672546.pth
[2023-11-14 04:21:58,172][root][INFO] - ===> BEST Val/Accuracy PERFORMANCE: 0.91350
[2023-11-14 04:21:58,173][root][INFO] - ===> epoch: 267/300
[2023-11-14 04:21:58,173][root][INFO] - train:
[2023-11-14 04:22:49,802][root][INFO] - val:
[2023-11-14 04:22:51,343][root][INFO] - ===> epoch: 268/300
[2023-11-14 04:22:51,344][root][INFO] - train:
[2023-11-14 04:23:42,845][root][INFO] - val:
[2023-11-14 04:23:44,503][root][INFO] - ===> epoch: 269/300
[2023-11-14 04:23:44,504][root][INFO] - train:
[2023-11-14 04:24:35,553][root][INFO] - val:
[2023-11-14 04:24:37,066][root][INFO] - ===> epoch: 270/300
[2023-11-14 04:24:37,066][root][INFO] - train:
[2023-11-14 04:25:28,749][root][INFO] - val:
[2023-11-14 04:25:30,308][root][INFO] - Checkpoint saved to C:\Users\GeorgeS\Documents\facultate\master\projects\data\model_weights\CIFAR-10/PreResNet/OneCycleLR\2525\model_270_0.pth
[2023-11-14 04:25:30,308][root][INFO] - ===> epoch: 271/300
[2023-11-14 04:25:30,309][root][INFO] - train:
[2023-11-14 04:26:21,720][root][INFO] - val:
[2023-11-14 04:26:23,385][root][INFO] - ===> epoch: 272/300
[2023-11-14 04:26:23,385][root][INFO] - train:
[2023-11-14 04:27:14,835][root][INFO] - val:
[2023-11-14 04:27:16,403][root][INFO] - ===> epoch: 273/300
[2023-11-14 04:27:16,403][root][INFO] - train:
[2023-11-14 04:28:07,567][root][INFO] - val:
[2023-11-14 04:28:09,241][root][INFO] - ===> epoch: 274/300
[2023-11-14 04:28:09,241][root][INFO] - train:
[2023-11-14 04:29:00,496][root][INFO] - val:
[2023-11-14 04:29:02,143][root][INFO] - Checkpoint saved to C:\Users\GeorgeS\Documents\facultate\master\projects\data\model_weights\CIFAR-10/PreResNet/OneCycleLR\2525\model_274_0.9150000214576721.pth
[2023-11-14 04:29:02,143][root][INFO] - ===> BEST Val/Accuracy PERFORMANCE: 0.91500
[2023-11-14 04:29:02,144][root][INFO] - ===> epoch: 275/300
[2023-11-14 04:29:02,144][root][INFO] - train:
[2023-11-14 04:29:53,521][root][INFO] - val:
[2023-11-14 04:29:55,170][root][INFO] - Checkpoint saved to C:\Users\GeorgeS\Documents\facultate\master\projects\data\model_weights\CIFAR-10/PreResNet/OneCycleLR\2525\model_275_0.9168000221252441.pth
[2023-11-14 04:29:55,171][root][INFO] - ===> BEST Val/Accuracy PERFORMANCE: 0.91680
[2023-11-14 04:29:55,171][root][INFO] - ===> epoch: 276/300
[2023-11-14 04:29:55,171][root][INFO] - train:
[2023-11-14 04:30:46,606][root][INFO] - val:
[2023-11-14 04:30:48,140][root][INFO] - ===> epoch: 277/300
[2023-11-14 04:30:48,140][root][INFO] - train:
[2023-11-14 04:31:39,751][root][INFO] - val:
[2023-11-14 04:31:41,316][root][INFO] - ===> epoch: 278/300
[2023-11-14 04:31:41,316][root][INFO] - train:
[2023-11-14 04:32:32,535][root][INFO] - val:
[2023-11-14 04:32:34,142][root][INFO] - ===> epoch: 279/300
[2023-11-14 04:32:34,143][root][INFO] - train:
[2023-11-14 04:33:25,684][root][INFO] - val:
[2023-11-14 04:33:27,367][root][INFO] - Checkpoint saved to C:\Users\GeorgeS\Documents\facultate\master\projects\data\model_weights\CIFAR-10/PreResNet/OneCycleLR\2525\model_279_0.9169999957084656.pth
[2023-11-14 04:33:27,368][root][INFO] - ===> BEST Val/Accuracy PERFORMANCE: 0.91700
[2023-11-14 04:33:27,369][root][INFO] - ===> epoch: 280/300
[2023-11-14 04:33:27,369][root][INFO] - train:
[2023-11-14 04:34:18,758][root][INFO] - val:
[2023-11-14 04:34:20,392][root][INFO] - Checkpoint saved to C:\Users\GeorgeS\Documents\facultate\master\projects\data\model_weights\CIFAR-10/PreResNet/OneCycleLR\2525\model_280_0.pth
[2023-11-14 04:34:20,393][root][INFO] - ===> epoch: 281/300
[2023-11-14 04:34:20,393][root][INFO] - train:
[2023-11-14 04:35:11,976][root][INFO] - val:
[2023-11-14 04:35:13,419][root][INFO] - ===> epoch: 282/300
[2023-11-14 04:35:13,419][root][INFO] - train:
[2023-11-14 04:36:04,868][root][INFO] - val:
[2023-11-14 04:36:06,576][root][INFO] - Checkpoint saved to C:\Users\GeorgeS\Documents\facultate\master\projects\data\model_weights\CIFAR-10/PreResNet/OneCycleLR\2525\model_282_0.917900025844574.pth
[2023-11-14 04:36:06,576][root][INFO] - ===> BEST Val/Accuracy PERFORMANCE: 0.91790
[2023-11-14 04:36:06,577][root][INFO] - ===> epoch: 283/300
[2023-11-14 04:36:06,577][root][INFO] - train:
[2023-11-14 04:36:57,743][root][INFO] - val:
[2023-11-14 04:36:59,706][root][INFO] - Checkpoint saved to C:\Users\GeorgeS\Documents\facultate\master\projects\data\model_weights\CIFAR-10/PreResNet/OneCycleLR\2525\model_283_0.9187999963760376.pth
[2023-11-14 04:36:59,707][root][INFO] - ===> BEST Val/Accuracy PERFORMANCE: 0.91880
[2023-11-14 04:36:59,708][root][INFO] - ===> epoch: 284/300
[2023-11-14 04:36:59,708][root][INFO] - train:
[2023-11-14 04:37:50,905][root][INFO] - val:
[2023-11-14 04:37:52,537][root][INFO] - ===> epoch: 285/300
[2023-11-14 04:37:52,538][root][INFO] - train:
[2023-11-14 04:38:43,901][root][INFO] - val:
[2023-11-14 04:38:45,580][root][INFO] - Checkpoint saved to C:\Users\GeorgeS\Documents\facultate\master\projects\data\model_weights\CIFAR-10/PreResNet/OneCycleLR\2525\model_285_0.9203000068664551.pth
[2023-11-14 04:38:45,581][root][INFO] - ===> BEST Val/Accuracy PERFORMANCE: 0.92030
[2023-11-14 04:38:45,582][root][INFO] - ===> epoch: 286/300
[2023-11-14 04:38:45,582][root][INFO] - train:
[2023-11-14 04:39:37,105][root][INFO] - val:
[2023-11-14 04:39:38,768][root][INFO] - Checkpoint saved to C:\Users\GeorgeS\Documents\facultate\master\projects\data\model_weights\CIFAR-10/PreResNet/OneCycleLR\2525\model_286_0.920799970626831.pth
[2023-11-14 04:39:38,769][root][INFO] - ===> BEST Val/Accuracy PERFORMANCE: 0.92080
[2023-11-14 04:39:38,769][root][INFO] - ===> epoch: 287/300
[2023-11-14 04:39:38,770][root][INFO] - train:
[2023-11-14 04:40:30,085][root][INFO] - val:
[2023-11-14 04:40:31,738][root][INFO] - ===> epoch: 288/300
[2023-11-14 04:40:31,739][root][INFO] - train:
[2023-11-14 04:41:22,900][root][INFO] - val:
[2023-11-14 04:41:24,418][root][INFO] - ===> epoch: 289/300
[2023-11-14 04:41:24,418][root][INFO] - train:
[2023-11-14 04:42:15,613][root][INFO] - val:
[2023-11-14 04:42:17,272][root][INFO] - ===> epoch: 290/300
[2023-11-14 04:42:17,272][root][INFO] - train:
[2023-11-14 04:43:08,769][root][INFO] - val:
[2023-11-14 04:43:10,478][root][INFO] - Checkpoint saved to C:\Users\GeorgeS\Documents\facultate\master\projects\data\model_weights\CIFAR-10/PreResNet/OneCycleLR\2525\model_290_0.pth
[2023-11-14 04:43:10,479][root][INFO] - ===> epoch: 291/300
[2023-11-14 04:43:10,479][root][INFO] - train:
[2023-11-14 04:44:01,980][root][INFO] - val:
[2023-11-14 04:44:03,607][root][INFO] - ===> epoch: 292/300
[2023-11-14 04:44:03,608][root][INFO] - train:
[2023-11-14 04:44:55,043][root][INFO] - val:
[2023-11-14 04:44:56,645][root][INFO] - ===> epoch: 293/300
[2023-11-14 04:44:56,646][root][INFO] - train:
[2023-11-14 04:45:47,815][root][INFO] - val:
[2023-11-14 04:45:49,685][root][INFO] - ===> epoch: 294/300
[2023-11-14 04:45:49,685][root][INFO] - train:
[2023-11-14 04:46:40,549][root][INFO] - val:
[2023-11-14 04:46:42,161][root][INFO] - ===> epoch: 295/300
[2023-11-14 04:46:42,162][root][INFO] - train:
[2023-11-14 04:47:33,536][root][INFO] - val:
[2023-11-14 04:47:35,188][root][INFO] - ===> epoch: 296/300
[2023-11-14 04:47:35,189][root][INFO] - train:
[2023-11-14 04:48:26,531][root][INFO] - val:
[2023-11-14 04:48:28,189][root][INFO] - ===> epoch: 297/300
[2023-11-14 04:48:28,189][root][INFO] - train:
[2023-11-14 04:49:19,703][root][INFO] - val:
[2023-11-14 04:49:21,376][root][INFO] - ===> epoch: 298/300
[2023-11-14 04:49:21,377][root][INFO] - train:
[2023-11-14 04:50:12,511][root][INFO] - val:
[2023-11-14 04:50:14,456][root][INFO] - ===> epoch: 299/300
[2023-11-14 04:50:14,456][root][INFO] - train:
[2023-11-14 04:51:05,590][root][INFO] - val:
[2023-11-14 04:51:07,230][root][INFO] - ===> BEST Val/Accuracy PERFORMANCE: 0.92080
[2023-11-14 04:52:05,113][root][INFO] - Saved best accuracy checkpoint
