[2023-10-16 11:34:10,189][root][INFO] - Saving current code to C:\Users\GeorgeS\Documents\facultate\master\projects\Pytorch-Template\outputs\2023-10-16\11-34-10\runs\CIFAR-10/PreResNet/baseline\2525
[2023-10-16 11:34:10,271][root][INFO] - Loading train_dataset!
[2023-10-16 11:34:38,898][root][INFO] - Loading val_dataset!
[2023-10-16 11:34:45,743][root][INFO] - ===> epoch: 1/300
[2023-10-16 11:34:45,743][root][INFO] - train:
[2023-10-16 11:35:37,843][root][INFO] - val:
[2023-10-16 11:35:41,350][root][INFO] - Checkpoint saved to C:\Users\GeorgeS\Documents\facultate\master\projects\data\model_weights\CIFAR-10/PreResNet/baseline\2525\model_1_0.47429999709129333.pth
[2023-10-16 11:35:41,351][root][INFO] - ===> BEST Val/Accuracy PERFORMANCE: 0.47430
[2023-10-16 11:35:41,351][root][INFO] - ===> epoch: 2/300
[2023-10-16 11:35:41,351][root][INFO] - train:
[2023-10-16 11:36:33,636][root][INFO] - val:
[2023-10-16 11:36:35,263][root][INFO] - Checkpoint saved to C:\Users\GeorgeS\Documents\facultate\master\projects\data\model_weights\CIFAR-10/PreResNet/baseline\2525\model_2_0.5479999780654907.pth
[2023-10-16 11:36:35,264][root][INFO] - ===> BEST Val/Accuracy PERFORMANCE: 0.54800
[2023-10-16 11:36:35,265][root][INFO] - ===> epoch: 3/300
[2023-10-16 11:36:35,265][root][INFO] - train:
[2023-10-16 11:37:28,505][root][INFO] - val:
[2023-10-16 11:37:30,110][root][INFO] - Checkpoint saved to C:\Users\GeorgeS\Documents\facultate\master\projects\data\model_weights\CIFAR-10/PreResNet/baseline\2525\model_3_0.6144999861717224.pth
[2023-10-16 11:37:30,111][root][INFO] - ===> BEST Val/Accuracy PERFORMANCE: 0.61450
[2023-10-16 11:37:30,111][root][INFO] - ===> epoch: 4/300
[2023-10-16 11:37:30,112][root][INFO] - train:
[2023-10-16 11:38:23,034][root][INFO] - val:
[2023-10-16 11:38:24,659][root][INFO] - Checkpoint saved to C:\Users\GeorgeS\Documents\facultate\master\projects\data\model_weights\CIFAR-10/PreResNet/baseline\2525\model_4_0.6315000057220459.pth
[2023-10-16 11:38:24,659][root][INFO] - ===> BEST Val/Accuracy PERFORMANCE: 0.63150
[2023-10-16 11:38:24,660][root][INFO] - ===> epoch: 5/300
[2023-10-16 11:38:24,660][root][INFO] - train:
[2023-10-16 11:39:17,772][root][INFO] - val:
[2023-10-16 11:39:19,488][root][INFO] - Checkpoint saved to C:\Users\GeorgeS\Documents\facultate\master\projects\data\model_weights\CIFAR-10/PreResNet/baseline\2525\model_5_0.6689000129699707.pth
[2023-10-16 11:39:19,488][root][INFO] - ===> BEST Val/Accuracy PERFORMANCE: 0.66890
[2023-10-16 11:39:19,489][root][INFO] - ===> epoch: 6/300
[2023-10-16 11:39:19,489][root][INFO] - train:
[2023-10-16 11:40:12,281][root][INFO] - val:
[2023-10-16 11:40:14,294][root][INFO] - ===> epoch: 7/300
[2023-10-16 11:40:14,295][root][INFO] - train:
[2023-10-16 11:41:06,744][root][INFO] - val:
[2023-10-16 11:41:08,355][root][INFO] - Checkpoint saved to C:\Users\GeorgeS\Documents\facultate\master\projects\data\model_weights\CIFAR-10/PreResNet/baseline\2525\model_7_0.6938999891281128.pth
[2023-10-16 11:41:08,356][root][INFO] - ===> BEST Val/Accuracy PERFORMANCE: 0.69390
[2023-10-16 11:41:08,356][root][INFO] - ===> epoch: 8/300
[2023-10-16 11:41:08,357][root][INFO] - train:
[2023-10-16 11:42:01,448][root][INFO] - val:
[2023-10-16 11:42:03,052][root][INFO] - Checkpoint saved to C:\Users\GeorgeS\Documents\facultate\master\projects\data\model_weights\CIFAR-10/PreResNet/baseline\2525\model_8_0.699999988079071.pth
[2023-10-16 11:42:03,053][root][INFO] - ===> BEST Val/Accuracy PERFORMANCE: 0.70000
[2023-10-16 11:42:03,054][root][INFO] - ===> epoch: 9/300
[2023-10-16 11:42:03,054][root][INFO] - train:
[2023-10-16 11:42:56,413][root][INFO] - val:
[2023-10-16 11:42:58,065][root][INFO] - Checkpoint saved to C:\Users\GeorgeS\Documents\facultate\master\projects\data\model_weights\CIFAR-10/PreResNet/baseline\2525\model_9_0.7299000024795532.pth
[2023-10-16 11:42:58,066][root][INFO] - ===> BEST Val/Accuracy PERFORMANCE: 0.72990
[2023-10-16 11:42:58,067][root][INFO] - ===> epoch: 10/300
[2023-10-16 11:42:58,067][root][INFO] - train:
[2023-10-16 11:43:51,201][root][INFO] - val:
[2023-10-16 11:43:52,921][root][INFO] - Checkpoint saved to C:\Users\GeorgeS\Documents\facultate\master\projects\data\model_weights\CIFAR-10/PreResNet/baseline\2525\model_10_0.7418000102043152.pth
[2023-10-16 11:43:52,922][root][INFO] - ===> BEST Val/Accuracy PERFORMANCE: 0.74180
[2023-10-16 11:43:52,966][root][INFO] - Checkpoint saved to C:\Users\GeorgeS\Documents\facultate\master\projects\data\model_weights\CIFAR-10/PreResNet/baseline\2525\model_10_0.pth
[2023-10-16 11:43:52,966][root][INFO] - ===> epoch: 11/300
[2023-10-16 11:43:52,967][root][INFO] - train:
[2023-10-16 11:44:45,637][root][INFO] - val:
[2023-10-16 11:44:47,531][root][INFO] - Checkpoint saved to C:\Users\GeorgeS\Documents\facultate\master\projects\data\model_weights\CIFAR-10/PreResNet/baseline\2525\model_11_0.745199978351593.pth
[2023-10-16 11:44:47,532][root][INFO] - ===> BEST Val/Accuracy PERFORMANCE: 0.74520
[2023-10-16 11:44:47,532][root][INFO] - ===> epoch: 12/300
[2023-10-16 11:44:47,533][root][INFO] - train:
[2023-10-16 11:45:40,141][root][INFO] - val:
[2023-10-16 11:45:41,787][root][INFO] - Checkpoint saved to C:\Users\GeorgeS\Documents\facultate\master\projects\data\model_weights\CIFAR-10/PreResNet/baseline\2525\model_12_0.748199999332428.pth
[2023-10-16 11:45:41,788][root][INFO] - ===> BEST Val/Accuracy PERFORMANCE: 0.74820
[2023-10-16 11:45:41,789][root][INFO] - ===> epoch: 13/300
[2023-10-16 11:45:41,789][root][INFO] - train:
[2023-10-16 11:46:35,122][root][INFO] - val:
[2023-10-16 11:46:36,802][root][INFO] - Checkpoint saved to C:\Users\GeorgeS\Documents\facultate\master\projects\data\model_weights\CIFAR-10/PreResNet/baseline\2525\model_13_0.7506999969482422.pth
[2023-10-16 11:46:36,803][root][INFO] - ===> BEST Val/Accuracy PERFORMANCE: 0.75070
[2023-10-16 11:46:36,804][root][INFO] - ===> epoch: 14/300
[2023-10-16 11:46:36,804][root][INFO] - train:
[2023-10-16 11:47:29,695][root][INFO] - val:
[2023-10-16 11:47:31,329][root][INFO] - Checkpoint saved to C:\Users\GeorgeS\Documents\facultate\master\projects\data\model_weights\CIFAR-10/PreResNet/baseline\2525\model_14_0.7529000043869019.pth
[2023-10-16 11:47:31,330][root][INFO] - ===> BEST Val/Accuracy PERFORMANCE: 0.75290
[2023-10-16 11:47:31,331][root][INFO] - ===> epoch: 15/300
[2023-10-16 11:47:31,331][root][INFO] - train:
[2023-10-16 11:48:24,322][root][INFO] - val:
[2023-10-16 11:48:26,005][root][INFO] - Checkpoint saved to C:\Users\GeorgeS\Documents\facultate\master\projects\data\model_weights\CIFAR-10/PreResNet/baseline\2525\model_15_0.8015999794006348.pth
[2023-10-16 11:48:26,005][root][INFO] - ===> BEST Val/Accuracy PERFORMANCE: 0.80160
[2023-10-16 11:48:26,006][root][INFO] - ===> epoch: 16/300
[2023-10-16 11:48:26,006][root][INFO] - train:
[2023-10-16 11:49:19,037][root][INFO] - val:
[2023-10-16 11:49:20,666][root][INFO] - ===> epoch: 17/300
[2023-10-16 11:49:20,667][root][INFO] - train:
[2023-10-16 11:50:13,775][root][INFO] - val:
[2023-10-16 11:50:15,411][root][INFO] - Checkpoint saved to C:\Users\GeorgeS\Documents\facultate\master\projects\data\model_weights\CIFAR-10/PreResNet/baseline\2525\model_17_0.8019000291824341.pth
[2023-10-16 11:50:15,412][root][INFO] - ===> BEST Val/Accuracy PERFORMANCE: 0.80190
[2023-10-16 11:50:15,413][root][INFO] - ===> epoch: 18/300
[2023-10-16 11:50:15,413][root][INFO] - train:
[2023-10-16 11:51:08,556][root][INFO] - val:
[2023-10-16 11:51:10,205][root][INFO] - ===> epoch: 19/300
[2023-10-16 11:51:10,205][root][INFO] - train:
[2023-10-16 11:52:03,293][root][INFO] - val:
[2023-10-16 11:52:04,901][root][INFO] - ===> epoch: 20/300
[2023-10-16 11:52:04,902][root][INFO] - train:
[2023-10-16 11:52:57,738][root][INFO] - val:
[2023-10-16 11:52:59,645][root][INFO] - Checkpoint saved to C:\Users\GeorgeS\Documents\facultate\master\projects\data\model_weights\CIFAR-10/PreResNet/baseline\2525\model_20_0.8098000288009644.pth
[2023-10-16 11:52:59,645][root][INFO] - ===> BEST Val/Accuracy PERFORMANCE: 0.80980
[2023-10-16 11:52:59,680][root][INFO] - Checkpoint saved to C:\Users\GeorgeS\Documents\facultate\master\projects\data\model_weights\CIFAR-10/PreResNet/baseline\2525\model_20_0.pth
[2023-10-16 11:52:59,681][root][INFO] - ===> epoch: 21/300
[2023-10-16 11:52:59,682][root][INFO] - train:
[2023-10-16 11:53:52,421][root][INFO] - val:
[2023-10-16 11:53:54,114][root][INFO] - Checkpoint saved to C:\Users\GeorgeS\Documents\facultate\master\projects\data\model_weights\CIFAR-10/PreResNet/baseline\2525\model_21_0.8169999718666077.pth
[2023-10-16 11:53:54,115][root][INFO] - ===> BEST Val/Accuracy PERFORMANCE: 0.81700
[2023-10-16 11:53:54,116][root][INFO] - ===> epoch: 22/300
[2023-10-16 11:53:54,116][root][INFO] - train:
[2023-10-16 11:54:47,128][root][INFO] - val:
[2023-10-16 11:54:48,779][root][INFO] - ===> epoch: 23/300
[2023-10-16 11:54:48,779][root][INFO] - train:
[2023-10-16 11:55:41,645][root][INFO] - val:
[2023-10-16 11:55:43,340][root][INFO] - Checkpoint saved to C:\Users\GeorgeS\Documents\facultate\master\projects\data\model_weights\CIFAR-10/PreResNet/baseline\2525\model_23_0.8210999965667725.pth
[2023-10-16 11:55:43,342][root][INFO] - ===> BEST Val/Accuracy PERFORMANCE: 0.82110
[2023-10-16 11:55:43,343][root][INFO] - ===> epoch: 24/300
[2023-10-16 11:55:43,343][root][INFO] - train:
[2023-10-16 11:56:36,537][root][INFO] - val:
[2023-10-16 11:56:38,161][root][INFO] - ===> epoch: 25/300
[2023-10-16 11:56:38,161][root][INFO] - train:
[2023-10-16 11:57:30,740][root][INFO] - val:
[2023-10-16 11:57:32,663][root][INFO] - ===> epoch: 26/300
[2023-10-16 11:57:32,664][root][INFO] - train:
[2023-10-16 11:58:25,328][root][INFO] - val:
[2023-10-16 11:58:27,015][root][INFO] - ===> epoch: 27/300
[2023-10-16 11:58:27,015][root][INFO] - train:
[2023-10-16 11:59:19,983][root][INFO] - val:
[2023-10-16 11:59:21,589][root][INFO] - Checkpoint saved to C:\Users\GeorgeS\Documents\facultate\master\projects\data\model_weights\CIFAR-10/PreResNet/baseline\2525\model_27_0.8291000127792358.pth
[2023-10-16 11:59:21,590][root][INFO] - ===> BEST Val/Accuracy PERFORMANCE: 0.82910
[2023-10-16 11:59:21,590][root][INFO] - ===> epoch: 28/300
[2023-10-16 11:59:21,591][root][INFO] - train:
[2023-10-16 12:00:14,832][root][INFO] - val:
[2023-10-16 12:00:16,416][root][INFO] - Checkpoint saved to C:\Users\GeorgeS\Documents\facultate\master\projects\data\model_weights\CIFAR-10/PreResNet/baseline\2525\model_28_0.8371000289916992.pth
[2023-10-16 12:00:16,417][root][INFO] - ===> BEST Val/Accuracy PERFORMANCE: 0.83710
[2023-10-16 12:00:16,418][root][INFO] - ===> epoch: 29/300
[2023-10-16 12:00:16,418][root][INFO] - train:
[2023-10-16 12:01:09,426][root][INFO] - val:
[2023-10-16 12:01:11,074][root][INFO] - ===> epoch: 30/300
[2023-10-16 12:01:11,075][root][INFO] - train:
[2023-10-16 12:02:03,629][root][INFO] - val:
[2023-10-16 12:02:05,578][root][INFO] - Checkpoint saved to C:\Users\GeorgeS\Documents\facultate\master\projects\data\model_weights\CIFAR-10/PreResNet/baseline\2525\model_30_0.8388000130653381.pth
[2023-10-16 12:02:05,579][root][INFO] - ===> BEST Val/Accuracy PERFORMANCE: 0.83880
[2023-10-16 12:02:05,620][root][INFO] - Checkpoint saved to C:\Users\GeorgeS\Documents\facultate\master\projects\data\model_weights\CIFAR-10/PreResNet/baseline\2525\model_30_0.pth
[2023-10-16 12:02:05,620][root][INFO] - ===> epoch: 31/300
[2023-10-16 12:02:05,621][root][INFO] - train:
[2023-10-16 12:02:56,076][root][INFO] - val:
[2023-10-16 12:02:57,793][root][INFO] - Checkpoint saved to C:\Users\GeorgeS\Documents\facultate\master\projects\data\model_weights\CIFAR-10/PreResNet/baseline\2525\model_31_0.8597000241279602.pth
[2023-10-16 12:02:57,793][root][INFO] - ===> BEST Val/Accuracy PERFORMANCE: 0.85970
[2023-10-16 12:02:57,794][root][INFO] - ===> epoch: 32/300
[2023-10-16 12:02:57,794][root][INFO] - train:
[2023-10-16 12:03:47,048][root][INFO] - val:
[2023-10-16 12:03:48,598][root][INFO] - ===> epoch: 33/300
[2023-10-16 12:03:48,598][root][INFO] - train:
[2023-10-16 12:04:37,964][root][INFO] - val:
[2023-10-16 12:04:39,623][root][INFO] - ===> epoch: 34/300
[2023-10-16 12:04:39,623][root][INFO] - train:
[2023-10-16 12:05:28,882][root][INFO] - val:
[2023-10-16 12:05:30,451][root][INFO] - ===> epoch: 35/300
[2023-10-16 12:05:30,452][root][INFO] - train:
[2023-10-16 12:06:19,215][root][INFO] - val:
[2023-10-16 12:06:20,786][root][INFO] - ===> epoch: 36/300
[2023-10-16 12:06:20,787][root][INFO] - train:
[2023-10-16 12:07:10,208][root][INFO] - val:
[2023-10-16 12:07:11,791][root][INFO] - ===> epoch: 37/300
[2023-10-16 12:07:11,791][root][INFO] - train:
[2023-10-16 12:08:01,001][root][INFO] - val:
[2023-10-16 12:08:02,641][root][INFO] - ===> epoch: 38/300
[2023-10-16 12:08:02,642][root][INFO] - train:
[2023-10-16 12:08:51,838][root][INFO] - val:
[2023-10-16 12:08:53,463][root][INFO] - ===> epoch: 39/300
[2023-10-16 12:08:53,464][root][INFO] - train:
[2023-10-16 12:09:42,844][root][INFO] - val:
[2023-10-16 12:09:44,518][root][INFO] - Checkpoint saved to C:\Users\GeorgeS\Documents\facultate\master\projects\data\model_weights\CIFAR-10/PreResNet/baseline\2525\model_39_0.8673999905586243.pth
[2023-10-16 12:09:44,519][root][INFO] - ===> BEST Val/Accuracy PERFORMANCE: 0.86740
[2023-10-16 12:09:44,520][root][INFO] - ===> epoch: 40/300
[2023-10-16 12:09:44,520][root][INFO] - train:
[2023-10-16 12:10:33,353][root][INFO] - val:
[2023-10-16 12:10:35,013][root][INFO] - Checkpoint saved to C:\Users\GeorgeS\Documents\facultate\master\projects\data\model_weights\CIFAR-10/PreResNet/baseline\2525\model_40_0.pth
[2023-10-16 12:10:35,014][root][INFO] - ===> epoch: 41/300
[2023-10-16 12:10:35,014][root][INFO] - train:
[2023-10-16 12:11:25,720][root][INFO] - val:
[2023-10-16 12:11:27,319][root][INFO] - ===> epoch: 42/300
[2023-10-16 12:11:27,320][root][INFO] - train:
[2023-10-16 12:12:16,451][root][INFO] - val:
[2023-10-16 12:12:18,031][root][INFO] - ===> epoch: 43/300
[2023-10-16 12:12:18,031][root][INFO] - train:
[2023-10-16 12:13:06,993][root][INFO] - val:
[2023-10-16 12:13:09,005][root][INFO] - ===> epoch: 44/300
[2023-10-16 12:13:09,006][root][INFO] - train:
[2023-10-16 12:13:57,928][root][INFO] - val:
[2023-10-16 12:13:59,515][root][INFO] - ===> epoch: 45/300
[2023-10-16 12:13:59,515][root][INFO] - train:
[2023-10-16 12:14:49,065][root][INFO] - val:
[2023-10-16 12:14:50,684][root][INFO] - ===> epoch: 46/300
[2023-10-16 12:14:50,684][root][INFO] - train:
[2023-10-16 12:15:40,046][root][INFO] - val:
[2023-10-16 12:15:41,711][root][INFO] - ===> epoch: 47/300
[2023-10-16 12:15:41,711][root][INFO] - train:
[2023-10-16 12:16:30,536][root][INFO] - val:
[2023-10-16 12:16:32,433][root][INFO] - ===> epoch: 48/300
[2023-10-16 12:16:32,434][root][INFO] - train:
[2023-10-16 12:17:21,429][root][INFO] - val:
[2023-10-16 12:17:22,886][root][INFO] - ===> epoch: 49/300
[2023-10-16 12:17:22,887][root][INFO] - train:
[2023-10-16 12:18:12,201][root][INFO] - val:
[2023-10-16 12:18:13,638][root][INFO] - ===> epoch: 50/300
[2023-10-16 12:18:13,638][root][INFO] - train:
[2023-10-16 12:19:02,686][root][INFO] - val:
[2023-10-16 12:19:04,181][root][INFO] - Checkpoint saved to C:\Users\GeorgeS\Documents\facultate\master\projects\data\model_weights\CIFAR-10/PreResNet/baseline\2525\model_50_0.pth
[2023-10-16 12:19:04,182][root][INFO] - ===> epoch: 51/300
[2023-10-16 12:19:04,182][root][INFO] - train:
[2023-10-16 12:19:53,368][root][INFO] - val:
[2023-10-16 12:19:55,215][root][INFO] - ===> epoch: 52/300
[2023-10-16 12:19:55,216][root][INFO] - train:
[2023-10-16 12:20:43,983][root][INFO] - val:
[2023-10-16 12:20:45,676][root][INFO] - ===> epoch: 53/300
[2023-10-16 12:20:45,676][root][INFO] - train:
[2023-10-16 12:21:34,960][root][INFO] - val:
[2023-10-16 12:21:36,530][root][INFO] - ===> epoch: 54/300
[2023-10-16 12:21:36,531][root][INFO] - train:
[2023-10-16 12:22:25,867][root][INFO] - val:
[2023-10-16 12:22:27,362][root][INFO] - Checkpoint saved to C:\Users\GeorgeS\Documents\facultate\master\projects\data\model_weights\CIFAR-10/PreResNet/baseline\2525\model_54_0.8679999709129333.pth
[2023-10-16 12:22:27,362][root][INFO] - ===> BEST Val/Accuracy PERFORMANCE: 0.86800
[2023-10-16 12:22:27,363][root][INFO] - ===> epoch: 55/300
[2023-10-16 12:22:27,363][root][INFO] - train:
[2023-10-16 12:23:16,533][root][INFO] - val:
[2023-10-16 12:23:17,997][root][INFO] - ===> epoch: 56/300
[2023-10-16 12:23:17,998][root][INFO] - train:
[2023-10-16 12:24:05,891][root][INFO] - val:
[2023-10-16 12:24:07,509][root][INFO] - ===> epoch: 57/300
[2023-10-16 12:24:07,509][root][INFO] - train:
[2023-10-16 12:24:55,433][root][INFO] - val:
[2023-10-16 12:24:56,876][root][INFO] - ===> epoch: 58/300
[2023-10-16 12:24:56,876][root][INFO] - train:
[2023-10-16 12:25:44,825][root][INFO] - val:
[2023-10-16 12:25:46,496][root][INFO] - ===> epoch: 59/300
[2023-10-16 12:25:46,497][root][INFO] - train:
[2023-10-16 12:26:34,178][root][INFO] - val:
[2023-10-16 12:26:35,833][root][INFO] - ===> epoch: 60/300
[2023-10-16 12:26:35,834][root][INFO] - train:
[2023-10-16 12:27:23,767][root][INFO] - val:
[2023-10-16 12:27:25,378][root][INFO] - Checkpoint saved to C:\Users\GeorgeS\Documents\facultate\master\projects\data\model_weights\CIFAR-10/PreResNet/baseline\2525\model_60_0.pth
[2023-10-16 12:27:25,379][root][INFO] - ===> epoch: 61/300
[2023-10-16 12:27:25,380][root][INFO] - train:
[2023-10-16 12:28:12,270][root][INFO] - val:
[2023-10-16 12:28:14,181][root][INFO] - Checkpoint saved to C:\Users\GeorgeS\Documents\facultate\master\projects\data\model_weights\CIFAR-10/PreResNet/baseline\2525\model_61_0.8791000247001648.pth
[2023-10-16 12:28:14,181][root][INFO] - ===> BEST Val/Accuracy PERFORMANCE: 0.87910
[2023-10-16 12:28:14,182][root][INFO] - ===> epoch: 62/300
[2023-10-16 12:28:14,182][root][INFO] - train:
[2023-10-16 12:28:58,911][root][INFO] - val:
[2023-10-16 12:29:00,392][root][INFO] - Checkpoint saved to C:\Users\GeorgeS\Documents\facultate\master\projects\data\model_weights\CIFAR-10/PreResNet/baseline\2525\model_62_0.8845000267028809.pth
[2023-10-16 12:29:00,392][root][INFO] - ===> BEST Val/Accuracy PERFORMANCE: 0.88450
[2023-10-16 12:29:00,393][root][INFO] - ===> epoch: 63/300
[2023-10-16 12:29:00,393][root][INFO] - train:
[2023-10-16 12:29:45,034][root][INFO] - val:
[2023-10-16 12:29:46,632][root][INFO] - ===> epoch: 64/300
[2023-10-16 12:29:46,633][root][INFO] - train:
[2023-10-16 12:30:31,240][root][INFO] - val:
[2023-10-16 12:30:32,796][root][INFO] - ===> epoch: 65/300
[2023-10-16 12:30:32,796][root][INFO] - train:
[2023-10-16 12:31:17,498][root][INFO] - val:
[2023-10-16 12:31:18,934][root][INFO] - ===> epoch: 66/300
[2023-10-16 12:31:18,934][root][INFO] - train:
[2023-10-16 12:32:03,198][root][INFO] - val:
[2023-10-16 12:32:04,635][root][INFO] - ===> epoch: 67/300
[2023-10-16 12:32:04,635][root][INFO] - train:
[2023-10-16 12:32:49,416][root][INFO] - val:
[2023-10-16 12:32:50,858][root][INFO] - ===> epoch: 68/300
[2023-10-16 12:32:50,858][root][INFO] - train:
[2023-10-16 12:33:35,637][root][INFO] - val:
[2023-10-16 12:33:37,240][root][INFO] - ===> epoch: 69/300
[2023-10-16 12:33:37,241][root][INFO] - train:
[2023-10-16 12:34:22,129][root][INFO] - val:
[2023-10-16 12:34:23,736][root][INFO] - ===> epoch: 70/300
[2023-10-16 12:34:23,752][root][INFO] - train:
[2023-10-16 12:35:08,471][root][INFO] - val:
[2023-10-16 12:35:10,103][root][INFO] - Checkpoint saved to C:\Users\GeorgeS\Documents\facultate\master\projects\data\model_weights\CIFAR-10/PreResNet/baseline\2525\model_70_0.pth
[2023-10-16 12:35:10,104][root][INFO] - ===> epoch: 71/300
[2023-10-16 12:35:10,104][root][INFO] - train:
[2023-10-16 12:35:54,378][root][INFO] - val:
[2023-10-16 12:35:56,182][root][INFO] - ===> epoch: 72/300
[2023-10-16 12:35:56,182][root][INFO] - train:
[2023-10-16 12:36:40,679][root][INFO] - val:
[2023-10-16 12:36:42,231][root][INFO] - ===> epoch: 73/300
[2023-10-16 12:36:42,232][root][INFO] - train:
[2023-10-16 12:37:27,255][root][INFO] - val:
[2023-10-16 12:37:28,874][root][INFO] - ===> epoch: 74/300
[2023-10-16 12:37:28,874][root][INFO] - train:
[2023-10-16 12:38:13,722][root][INFO] - val:
[2023-10-16 12:38:15,358][root][INFO] - ===> epoch: 75/300
[2023-10-16 12:38:15,358][root][INFO] - train:
[2023-10-16 12:39:00,078][root][INFO] - val:
[2023-10-16 12:39:01,677][root][INFO] - ===> epoch: 76/300
[2023-10-16 12:39:01,677][root][INFO] - train:
[2023-10-16 12:39:46,212][root][INFO] - val:
[2023-10-16 12:39:47,819][root][INFO] - ===> epoch: 77/300
[2023-10-16 12:39:47,819][root][INFO] - train:
[2023-10-16 12:40:32,492][root][INFO] - val:
[2023-10-16 12:40:33,939][root][INFO] - ===> epoch: 78/300
[2023-10-16 12:40:33,940][root][INFO] - train:
[2023-10-16 12:41:18,755][root][INFO] - val:
[2023-10-16 12:41:20,295][root][INFO] - ===> epoch: 79/300
[2023-10-16 12:41:20,295][root][INFO] - train:
[2023-10-16 12:42:05,160][root][INFO] - val:
[2023-10-16 12:42:06,608][root][INFO] - ===> epoch: 80/300
[2023-10-16 12:42:06,609][root][INFO] - train:
[2023-10-16 12:42:51,527][root][INFO] - val:
[2023-10-16 12:42:53,133][root][INFO] - Checkpoint saved to C:\Users\GeorgeS\Documents\facultate\master\projects\data\model_weights\CIFAR-10/PreResNet/baseline\2525\model_80_0.pth
[2023-10-16 12:42:53,134][root][INFO] - ===> epoch: 81/300
[2023-10-16 12:42:53,134][root][INFO] - train:
[2023-10-16 12:43:37,613][root][INFO] - val:
[2023-10-16 12:43:39,279][root][INFO] - ===> epoch: 82/300
[2023-10-16 12:43:39,280][root][INFO] - train:
[2023-10-16 12:44:24,163][root][INFO] - val:
[2023-10-16 12:44:25,678][root][INFO] - ===> epoch: 83/300
[2023-10-16 12:44:25,678][root][INFO] - train:
[2023-10-16 12:45:10,625][root][INFO] - val:
[2023-10-16 12:45:12,247][root][INFO] - ===> epoch: 84/300
[2023-10-16 12:45:12,248][root][INFO] - train:
[2023-10-16 12:45:56,904][root][INFO] - val:
[2023-10-16 12:45:58,570][root][INFO] - ===> epoch: 85/300
[2023-10-16 12:45:58,571][root][INFO] - train:
[2023-10-16 12:46:43,034][root][INFO] - val:
[2023-10-16 12:46:44,463][root][INFO] - ===> epoch: 86/300
[2023-10-16 12:46:44,463][root][INFO] - train:
[2023-10-16 12:47:29,415][root][INFO] - val:
[2023-10-16 12:47:31,066][root][INFO] - ===> epoch: 87/300
[2023-10-16 12:47:31,067][root][INFO] - train:
[2023-10-16 12:48:15,850][root][INFO] - val:
[2023-10-16 12:48:17,534][root][INFO] - ===> epoch: 88/300
[2023-10-16 12:48:17,534][root][INFO] - train:
[2023-10-16 12:49:02,560][root][INFO] - val:
[2023-10-16 12:49:04,192][root][INFO] - ===> epoch: 89/300
[2023-10-16 12:49:04,193][root][INFO] - train:
[2023-10-16 12:49:48,934][root][INFO] - val:
[2023-10-16 12:49:50,372][root][INFO] - ===> epoch: 90/300
[2023-10-16 12:49:50,372][root][INFO] - train:
[2023-10-16 12:50:34,810][root][INFO] - val:
[2023-10-16 12:50:36,394][root][INFO] - Checkpoint saved to C:\Users\GeorgeS\Documents\facultate\master\projects\data\model_weights\CIFAR-10/PreResNet/baseline\2525\model_90_0.pth
[2023-10-16 12:50:36,395][root][INFO] - ===> epoch: 91/300
[2023-10-16 12:50:36,395][root][INFO] - train:
[2023-10-16 12:51:24,016][root][INFO] - val:
[2023-10-16 12:51:25,698][root][INFO] - Checkpoint saved to C:\Users\GeorgeS\Documents\facultate\master\projects\data\model_weights\CIFAR-10/PreResNet/baseline\2525\model_91_0.8871999979019165.pth
[2023-10-16 12:51:25,699][root][INFO] - ===> BEST Val/Accuracy PERFORMANCE: 0.88720
[2023-10-16 12:51:25,699][root][INFO] - ===> epoch: 92/300
[2023-10-16 12:51:25,700][root][INFO] - train:
[2023-10-16 12:52:09,558][root][INFO] - val:
[2023-10-16 12:52:11,212][root][INFO] - Checkpoint saved to C:\Users\GeorgeS\Documents\facultate\master\projects\data\model_weights\CIFAR-10/PreResNet/baseline\2525\model_92_0.8902999758720398.pth
[2023-10-16 12:52:11,212][root][INFO] - ===> BEST Val/Accuracy PERFORMANCE: 0.89030
[2023-10-16 12:52:11,213][root][INFO] - ===> epoch: 93/300
[2023-10-16 12:52:11,213][root][INFO] - train:
[2023-10-16 12:52:55,172][root][INFO] - val:
[2023-10-16 12:52:56,658][root][INFO] - Checkpoint saved to C:\Users\GeorgeS\Documents\facultate\master\projects\data\model_weights\CIFAR-10/PreResNet/baseline\2525\model_93_0.8928999900817871.pth
[2023-10-16 12:52:56,658][root][INFO] - ===> BEST Val/Accuracy PERFORMANCE: 0.89290
[2023-10-16 12:52:56,659][root][INFO] - ===> epoch: 94/300
[2023-10-16 12:52:56,660][root][INFO] - train:
[2023-10-16 12:53:40,770][root][INFO] - val:
[2023-10-16 12:53:42,314][root][INFO] - ===> epoch: 95/300
[2023-10-16 12:53:42,315][root][INFO] - train:
[2023-10-16 12:54:26,232][root][INFO] - val:
[2023-10-16 12:54:27,810][root][INFO] - ===> epoch: 96/300
[2023-10-16 12:54:27,810][root][INFO] - train:
[2023-10-16 12:55:11,622][root][INFO] - val:
[2023-10-16 12:55:13,059][root][INFO] - ===> epoch: 97/300
[2023-10-16 12:55:13,059][root][INFO] - train:
[2023-10-16 12:55:56,536][root][INFO] - val:
[2023-10-16 12:55:58,117][root][INFO] - ===> epoch: 98/300
[2023-10-16 12:55:58,117][root][INFO] - train:
[2023-10-16 12:56:42,296][root][INFO] - val:
[2023-10-16 12:56:43,924][root][INFO] - ===> epoch: 99/300
[2023-10-16 12:56:43,924][root][INFO] - train:
[2023-10-16 12:57:27,856][root][INFO] - val:
[2023-10-16 12:57:29,469][root][INFO] - Checkpoint saved to C:\Users\GeorgeS\Documents\facultate\master\projects\data\model_weights\CIFAR-10/PreResNet/baseline\2525\model_99_0.895799994468689.pth
[2023-10-16 12:57:29,469][root][INFO] - ===> BEST Val/Accuracy PERFORMANCE: 0.89580
[2023-10-16 12:57:29,470][root][INFO] - ===> epoch: 100/300
[2023-10-16 12:57:29,470][root][INFO] - train:
[2023-10-16 12:58:13,473][root][INFO] - val:
[2023-10-16 12:58:15,101][root][INFO] - Checkpoint saved to C:\Users\GeorgeS\Documents\facultate\master\projects\data\model_weights\CIFAR-10/PreResNet/baseline\2525\model_100_0.pth
[2023-10-16 12:58:15,102][root][INFO] - ===> epoch: 101/300
[2023-10-16 12:58:15,102][root][INFO] - train:
[2023-10-16 12:58:58,813][root][INFO] - val:
[2023-10-16 12:59:00,400][root][INFO] - ===> epoch: 102/300
[2023-10-16 12:59:00,401][root][INFO] - train:
[2023-10-16 12:59:44,400][root][INFO] - val:
[2023-10-16 12:59:46,050][root][INFO] - ===> epoch: 103/300
[2023-10-16 12:59:46,050][root][INFO] - train:
[2023-10-16 13:00:29,819][root][INFO] - val:
[2023-10-16 13:00:31,374][root][INFO] - ===> epoch: 104/300
[2023-10-16 13:00:31,375][root][INFO] - train:
[2023-10-16 13:01:15,040][root][INFO] - val:
[2023-10-16 13:01:16,682][root][INFO] - ===> epoch: 105/300
[2023-10-16 13:01:16,682][root][INFO] - train:
[2023-10-16 13:02:00,680][root][INFO] - val:
[2023-10-16 13:02:02,333][root][INFO] - ===> epoch: 106/300
[2023-10-16 13:02:02,334][root][INFO] - train:
[2023-10-16 13:02:46,291][root][INFO] - val:
[2023-10-16 13:02:47,850][root][INFO] - ===> epoch: 107/300
[2023-10-16 13:02:47,851][root][INFO] - train:
[2023-10-16 13:03:31,540][root][INFO] - val:
[2023-10-16 13:03:32,980][root][INFO] - ===> epoch: 108/300
[2023-10-16 13:03:32,981][root][INFO] - train:
[2023-10-16 13:04:16,845][root][INFO] - val:
[2023-10-16 13:04:18,473][root][INFO] - ===> epoch: 109/300
[2023-10-16 13:04:18,474][root][INFO] - train:
[2023-10-16 13:05:02,500][root][INFO] - val:
[2023-10-16 13:05:04,119][root][INFO] - ===> epoch: 110/300
[2023-10-16 13:05:04,119][root][INFO] - train:
[2023-10-16 13:05:48,284][root][INFO] - val:
[2023-10-16 13:05:49,759][root][INFO] - Checkpoint saved to C:\Users\GeorgeS\Documents\facultate\master\projects\data\model_weights\CIFAR-10/PreResNet/baseline\2525\model_110_0.pth
[2023-10-16 13:05:49,760][root][INFO] - ===> epoch: 111/300
[2023-10-16 13:05:49,760][root][INFO] - train:
[2023-10-16 13:06:33,916][root][INFO] - val:
[2023-10-16 13:06:35,610][root][INFO] - ===> epoch: 112/300
[2023-10-16 13:06:35,611][root][INFO] - train:
[2023-10-16 13:07:19,504][root][INFO] - val:
[2023-10-16 13:07:21,111][root][INFO] - ===> epoch: 113/300
[2023-10-16 13:07:21,112][root][INFO] - train:
[2023-10-16 13:08:04,741][root][INFO] - val:
[2023-10-16 13:08:06,391][root][INFO] - ===> epoch: 114/300
[2023-10-16 13:08:06,391][root][INFO] - train:
[2023-10-16 13:08:50,630][root][INFO] - val:
[2023-10-16 13:08:52,231][root][INFO] - ===> epoch: 115/300
[2023-10-16 13:08:52,232][root][INFO] - train:
[2023-10-16 13:09:36,299][root][INFO] - val:
[2023-10-16 13:09:37,880][root][INFO] - ===> epoch: 116/300
[2023-10-16 13:09:37,880][root][INFO] - train:
[2023-10-16 13:10:21,924][root][INFO] - val:
[2023-10-16 13:10:23,525][root][INFO] - ===> epoch: 117/300
[2023-10-16 13:10:23,525][root][INFO] - train:
[2023-10-16 13:11:07,428][root][INFO] - val:
[2023-10-16 13:11:09,031][root][INFO] - ===> epoch: 118/300
[2023-10-16 13:11:09,032][root][INFO] - train:
[2023-10-16 13:11:52,873][root][INFO] - val:
[2023-10-16 13:11:54,508][root][INFO] - ===> epoch: 119/300
[2023-10-16 13:11:54,508][root][INFO] - train:
[2023-10-16 13:12:38,332][root][INFO] - val:
[2023-10-16 13:12:39,985][root][INFO] - ===> epoch: 120/300
[2023-10-16 13:12:39,986][root][INFO] - train:
[2023-10-16 13:13:23,500][root][INFO] - val:
[2023-10-16 13:13:25,184][root][INFO] - Checkpoint saved to C:\Users\GeorgeS\Documents\facultate\master\projects\data\model_weights\CIFAR-10/PreResNet/baseline\2525\model_120_0.pth
[2023-10-16 13:13:25,185][root][INFO] - ===> epoch: 121/300
[2023-10-16 13:13:25,185][root][INFO] - train:
[2023-10-16 13:14:12,402][root][INFO] - val:
[2023-10-16 13:14:13,879][root][INFO] - Checkpoint saved to C:\Users\GeorgeS\Documents\facultate\master\projects\data\model_weights\CIFAR-10/PreResNet/baseline\2525\model_121_0.899399995803833.pth
[2023-10-16 13:14:13,879][root][INFO] - ===> BEST Val/Accuracy PERFORMANCE: 0.89940
[2023-10-16 13:14:13,880][root][INFO] - ===> epoch: 122/300
[2023-10-16 13:14:13,880][root][INFO] - train:
[2023-10-16 13:14:55,359][root][INFO] - val:
[2023-10-16 13:14:56,949][root][INFO] - ===> epoch: 123/300
[2023-10-16 13:14:56,950][root][INFO] - train:
[2023-10-16 13:15:38,459][root][INFO] - val:
[2023-10-16 13:15:40,084][root][INFO] - ===> epoch: 124/300
[2023-10-16 13:15:40,084][root][INFO] - train:
[2023-10-16 13:16:21,513][root][INFO] - val:
[2023-10-16 13:16:23,078][root][INFO] - ===> epoch: 125/300
[2023-10-16 13:16:23,078][root][INFO] - train:
[2023-10-16 13:17:04,773][root][INFO] - val:
[2023-10-16 13:17:06,390][root][INFO] - ===> epoch: 126/300
[2023-10-16 13:17:06,391][root][INFO] - train:
[2023-10-16 13:17:47,725][root][INFO] - val:
[2023-10-16 13:17:49,349][root][INFO] - Checkpoint saved to C:\Users\GeorgeS\Documents\facultate\master\projects\data\model_weights\CIFAR-10/PreResNet/baseline\2525\model_126_0.9000999927520752.pth
[2023-10-16 13:17:49,350][root][INFO] - ===> BEST Val/Accuracy PERFORMANCE: 0.90010
[2023-10-16 13:17:49,350][root][INFO] - ===> epoch: 127/300
[2023-10-16 13:17:49,351][root][INFO] - train:
[2023-10-16 13:18:30,537][root][INFO] - val:
[2023-10-16 13:18:32,184][root][INFO] - ===> epoch: 128/300
[2023-10-16 13:18:32,184][root][INFO] - train:
[2023-10-16 13:19:13,854][root][INFO] - val:
[2023-10-16 13:19:15,493][root][INFO] - ===> epoch: 129/300
[2023-10-16 13:19:15,493][root][INFO] - train:
[2023-10-16 13:19:56,996][root][INFO] - val:
[2023-10-16 13:19:58,650][root][INFO] - ===> epoch: 130/300
[2023-10-16 13:19:58,651][root][INFO] - train:
[2023-10-16 13:20:40,201][root][INFO] - val:
[2023-10-16 13:20:41,818][root][INFO] - Checkpoint saved to C:\Users\GeorgeS\Documents\facultate\master\projects\data\model_weights\CIFAR-10/PreResNet/baseline\2525\model_130_0.pth
[2023-10-16 13:20:41,819][root][INFO] - ===> epoch: 131/300
[2023-10-16 13:20:41,820][root][INFO] - train:
[2023-10-16 13:21:23,085][root][INFO] - val:
[2023-10-16 13:21:24,760][root][INFO] - ===> epoch: 132/300
[2023-10-16 13:21:24,761][root][INFO] - train:
[2023-10-16 13:22:06,044][root][INFO] - val:
[2023-10-16 13:22:07,716][root][INFO] - ===> epoch: 133/300
[2023-10-16 13:22:07,717][root][INFO] - train:
[2023-10-16 13:22:49,420][root][INFO] - val:
[2023-10-16 13:22:51,040][root][INFO] - ===> epoch: 134/300
[2023-10-16 13:22:51,040][root][INFO] - train:
[2023-10-16 13:23:32,722][root][INFO] - val:
[2023-10-16 13:23:34,342][root][INFO] - ===> epoch: 135/300
[2023-10-16 13:23:34,343][root][INFO] - train:
[2023-10-16 13:24:15,625][root][INFO] - val:
[2023-10-16 13:24:17,491][root][INFO] - ===> epoch: 136/300
[2023-10-16 13:24:17,491][root][INFO] - train:
[2023-10-16 13:24:58,701][root][INFO] - val:
[2023-10-16 13:25:00,168][root][INFO] - ===> epoch: 137/300
[2023-10-16 13:25:00,169][root][INFO] - train:
[2023-10-16 13:25:41,764][root][INFO] - val:
[2023-10-16 13:25:43,441][root][INFO] - ===> epoch: 138/300
[2023-10-16 13:25:43,441][root][INFO] - train:
[2023-10-16 13:26:25,021][root][INFO] - val:
[2023-10-16 13:26:26,605][root][INFO] - ===> epoch: 139/300
[2023-10-16 13:26:26,605][root][INFO] - train:
[2023-10-16 13:27:08,276][root][INFO] - val:
[2023-10-16 13:27:09,738][root][INFO] - ===> epoch: 140/300
[2023-10-16 13:27:09,738][root][INFO] - train:
[2023-10-16 13:27:51,045][root][INFO] - val:
[2023-10-16 13:27:52,530][root][INFO] - Checkpoint saved to C:\Users\GeorgeS\Documents\facultate\master\projects\data\model_weights\CIFAR-10/PreResNet/baseline\2525\model_140_0.pth
[2023-10-16 13:27:52,531][root][INFO] - ===> epoch: 141/300
[2023-10-16 13:27:52,531][root][INFO] - train:
[2023-10-16 13:28:34,047][root][INFO] - val:
[2023-10-16 13:28:35,481][root][INFO] - ===> epoch: 142/300
[2023-10-16 13:28:35,482][root][INFO] - train:
[2023-10-16 13:29:16,995][root][INFO] - val:
[2023-10-16 13:29:18,440][root][INFO] - ===> epoch: 143/300
[2023-10-16 13:29:18,440][root][INFO] - train:
[2023-10-16 13:29:59,893][root][INFO] - val:
[2023-10-16 13:30:01,472][root][INFO] - ===> epoch: 144/300
[2023-10-16 13:30:01,473][root][INFO] - train:
[2023-10-16 13:30:42,655][root][INFO] - val:
[2023-10-16 13:30:44,657][root][INFO] - Checkpoint saved to C:\Users\GeorgeS\Documents\facultate\master\projects\data\model_weights\CIFAR-10/PreResNet/baseline\2525\model_144_0.9004999995231628.pth
[2023-10-16 13:30:44,657][root][INFO] - ===> BEST Val/Accuracy PERFORMANCE: 0.90050
[2023-10-16 13:30:44,658][root][INFO] - ===> epoch: 145/300
[2023-10-16 13:30:44,658][root][INFO] - train:
[2023-10-16 13:31:26,087][root][INFO] - val:
[2023-10-16 13:31:27,756][root][INFO] - ===> epoch: 146/300
[2023-10-16 13:31:27,756][root][INFO] - train:
[2023-10-16 13:32:09,415][root][INFO] - val:
[2023-10-16 13:32:11,077][root][INFO] - ===> epoch: 147/300
[2023-10-16 13:32:11,077][root][INFO] - train:
[2023-10-16 13:32:52,615][root][INFO] - val:
[2023-10-16 13:32:54,220][root][INFO] - ===> epoch: 148/300
[2023-10-16 13:32:54,221][root][INFO] - train:
[2023-10-16 13:33:35,871][root][INFO] - val:
[2023-10-16 13:33:37,531][root][INFO] - ===> epoch: 149/300
[2023-10-16 13:33:37,532][root][INFO] - train:
[2023-10-16 13:34:18,638][root][INFO] - val:
[2023-10-16 13:34:20,081][root][INFO] - ===> epoch: 150/300
[2023-10-16 13:34:20,082][root][INFO] - train:
[2023-10-16 13:35:01,617][root][INFO] - val:
[2023-10-16 13:35:03,207][root][INFO] - Checkpoint saved to C:\Users\GeorgeS\Documents\facultate\master\projects\data\model_weights\CIFAR-10/PreResNet/baseline\2525\model_150_0.pth
[2023-10-16 13:35:03,208][root][INFO] - ===> epoch: 151/300
[2023-10-16 13:35:03,208][root][INFO] - train:
[2023-10-16 13:35:51,654][root][INFO] - val:
[2023-10-16 13:35:53,139][root][INFO] - Checkpoint saved to C:\Users\GeorgeS\Documents\facultate\master\projects\data\model_weights\CIFAR-10/PreResNet/baseline\2525\model_151_0.9021999835968018.pth
[2023-10-16 13:35:53,139][root][INFO] - ===> BEST Val/Accuracy PERFORMANCE: 0.90220
[2023-10-16 13:35:53,140][root][INFO] - ===> epoch: 152/300
[2023-10-16 13:35:53,140][root][INFO] - train:
[2023-10-16 13:36:31,745][root][INFO] - val:
[2023-10-16 13:36:33,198][root][INFO] - ===> epoch: 153/300
[2023-10-16 13:36:33,198][root][INFO] - train:
[2023-10-16 13:37:11,646][root][INFO] - val:
[2023-10-16 13:37:13,295][root][INFO] - Checkpoint saved to C:\Users\GeorgeS\Documents\facultate\master\projects\data\model_weights\CIFAR-10/PreResNet/baseline\2525\model_153_0.902400016784668.pth
[2023-10-16 13:37:13,295][root][INFO] - ===> BEST Val/Accuracy PERFORMANCE: 0.90240
[2023-10-16 13:37:13,296][root][INFO] - ===> epoch: 154/300
[2023-10-16 13:37:13,296][root][INFO] - train:
[2023-10-16 13:37:51,462][root][INFO] - val:
[2023-10-16 13:37:53,104][root][INFO] - Checkpoint saved to C:\Users\GeorgeS\Documents\facultate\master\projects\data\model_weights\CIFAR-10/PreResNet/baseline\2525\model_154_0.9047999978065491.pth
[2023-10-16 13:37:53,105][root][INFO] - ===> BEST Val/Accuracy PERFORMANCE: 0.90480
[2023-10-16 13:37:53,106][root][INFO] - ===> epoch: 155/300
[2023-10-16 13:37:53,106][root][INFO] - train:
[2023-10-16 13:38:31,599][root][INFO] - val:
[2023-10-16 13:38:33,061][root][INFO] - ===> epoch: 156/300
[2023-10-16 13:38:33,062][root][INFO] - train:
[2023-10-16 13:39:11,627][root][INFO] - val:
[2023-10-16 13:39:13,064][root][INFO] - ===> epoch: 157/300
[2023-10-16 13:39:13,065][root][INFO] - train:
[2023-10-16 13:39:52,076][root][INFO] - val:
[2023-10-16 13:39:53,668][root][INFO] - ===> epoch: 158/300
[2023-10-16 13:39:53,669][root][INFO] - train:
[2023-10-16 13:40:32,001][root][INFO] - val:
[2023-10-16 13:40:33,633][root][INFO] - ===> epoch: 159/300
[2023-10-16 13:40:33,633][root][INFO] - train:
[2023-10-16 13:41:12,294][root][INFO] - val:
[2023-10-16 13:41:13,931][root][INFO] - ===> epoch: 160/300
[2023-10-16 13:41:13,932][root][INFO] - train:
[2023-10-16 13:41:52,380][root][INFO] - val:
[2023-10-16 13:41:54,103][root][INFO] - Checkpoint saved to C:\Users\GeorgeS\Documents\facultate\master\projects\data\model_weights\CIFAR-10/PreResNet/baseline\2525\model_160_0.pth
[2023-10-16 13:41:54,104][root][INFO] - ===> epoch: 161/300
[2023-10-16 13:41:54,104][root][INFO] - train:
[2023-10-16 13:42:32,702][root][INFO] - val:
[2023-10-16 13:42:34,371][root][INFO] - ===> epoch: 162/300
[2023-10-16 13:42:34,371][root][INFO] - train:
[2023-10-16 13:43:13,026][root][INFO] - val:
[2023-10-16 13:43:14,458][root][INFO] - ===> epoch: 163/300
[2023-10-16 13:43:14,460][root][INFO] - train:
[2023-10-16 13:43:52,701][root][INFO] - val:
[2023-10-16 13:43:54,144][root][INFO] - ===> epoch: 164/300
[2023-10-16 13:43:54,145][root][INFO] - train:
[2023-10-16 13:44:32,582][root][INFO] - val:
[2023-10-16 13:44:34,064][root][INFO] - Checkpoint saved to C:\Users\GeorgeS\Documents\facultate\master\projects\data\model_weights\CIFAR-10/PreResNet/baseline\2525\model_164_0.9057999849319458.pth
[2023-10-16 13:44:34,064][root][INFO] - ===> BEST Val/Accuracy PERFORMANCE: 0.90580
[2023-10-16 13:44:34,065][root][INFO] - ===> epoch: 165/300
[2023-10-16 13:44:34,065][root][INFO] - train:
[2023-10-16 13:45:12,561][root][INFO] - val:
[2023-10-16 13:45:14,237][root][INFO] - ===> epoch: 166/300
[2023-10-16 13:45:14,237][root][INFO] - train:
[2023-10-16 13:45:52,787][root][INFO] - val:
[2023-10-16 13:45:54,387][root][INFO] - ===> epoch: 167/300
[2023-10-16 13:45:54,388][root][INFO] - train:
[2023-10-16 13:46:32,871][root][INFO] - val:
[2023-10-16 13:46:34,315][root][INFO] - ===> epoch: 168/300
[2023-10-16 13:46:34,316][root][INFO] - train:
[2023-10-16 13:47:12,603][root][INFO] - val:
[2023-10-16 13:47:14,353][root][INFO] - ===> epoch: 169/300
[2023-10-16 13:47:14,354][root][INFO] - train:
[2023-10-16 13:47:52,732][root][INFO] - val:
[2023-10-16 13:47:54,176][root][INFO] - ===> epoch: 170/300
[2023-10-16 13:47:54,176][root][INFO] - train:
[2023-10-16 13:48:32,722][root][INFO] - val:
[2023-10-16 13:48:34,445][root][INFO] - Checkpoint saved to C:\Users\GeorgeS\Documents\facultate\master\projects\data\model_weights\CIFAR-10/PreResNet/baseline\2525\model_170_0.pth
[2023-10-16 13:48:34,445][root][INFO] - ===> epoch: 171/300
[2023-10-16 13:48:34,446][root][INFO] - train:
[2023-10-16 13:49:12,956][root][INFO] - val:
[2023-10-16 13:49:14,549][root][INFO] - ===> epoch: 172/300
[2023-10-16 13:49:14,550][root][INFO] - train:
[2023-10-16 13:49:53,278][root][INFO] - val:
[2023-10-16 13:49:54,722][root][INFO] - ===> epoch: 173/300
[2023-10-16 13:49:54,722][root][INFO] - train:
[2023-10-16 13:50:33,393][root][INFO] - val:
[2023-10-16 13:50:35,001][root][INFO] - ===> epoch: 174/300
[2023-10-16 13:50:35,002][root][INFO] - train:
[2023-10-16 13:51:13,224][root][INFO] - val:
[2023-10-16 13:51:14,975][root][INFO] - ===> epoch: 175/300
[2023-10-16 13:51:14,975][root][INFO] - train:
[2023-10-16 13:51:53,220][root][INFO] - val:
[2023-10-16 13:51:55,028][root][INFO] - ===> epoch: 176/300
[2023-10-16 13:51:55,028][root][INFO] - train:
[2023-10-16 13:52:33,388][root][INFO] - val:
[2023-10-16 13:52:35,058][root][INFO] - ===> epoch: 177/300
[2023-10-16 13:52:35,058][root][INFO] - train:
[2023-10-16 13:53:13,653][root][INFO] - val:
[2023-10-16 13:53:15,102][root][INFO] - ===> epoch: 178/300
[2023-10-16 13:53:15,103][root][INFO] - train:
[2023-10-16 13:53:53,631][root][INFO] - val:
[2023-10-16 13:53:55,066][root][INFO] - ===> epoch: 179/300
[2023-10-16 13:53:55,066][root][INFO] - train:
[2023-10-16 13:54:33,684][root][INFO] - val:
[2023-10-16 13:54:35,291][root][INFO] - ===> epoch: 180/300
[2023-10-16 13:54:35,292][root][INFO] - train:
[2023-10-16 13:55:13,766][root][INFO] - val:
[2023-10-16 13:55:15,461][root][INFO] - Checkpoint saved to C:\Users\GeorgeS\Documents\facultate\master\projects\data\model_weights\CIFAR-10/PreResNet/baseline\2525\model_180_0.pth
[2023-10-16 13:55:15,461][root][INFO] - ===> epoch: 181/300
[2023-10-16 13:55:15,462][root][INFO] - train:
[2023-10-16 13:56:04,912][root][INFO] - val:
[2023-10-16 13:56:06,350][root][INFO] - ===> epoch: 182/300
[2023-10-16 13:56:06,350][root][INFO] - train:
[2023-10-16 13:56:44,405][root][INFO] - val:
[2023-10-16 13:56:45,847][root][INFO] - ===> epoch: 183/300
[2023-10-16 13:56:45,847][root][INFO] - train:
[2023-10-16 13:57:23,622][root][INFO] - val:
[2023-10-16 13:57:25,615][root][INFO] - ===> epoch: 184/300
[2023-10-16 13:57:25,615][root][INFO] - train:
[2023-10-16 13:58:03,309][root][INFO] - val:
[2023-10-16 13:58:04,860][root][INFO] - ===> epoch: 185/300
[2023-10-16 13:58:04,860][root][INFO] - train:
[2023-10-16 13:58:43,164][root][INFO] - val:
[2023-10-16 13:58:44,613][root][INFO] - ===> epoch: 186/300
[2023-10-16 13:58:44,613][root][INFO] - train:
[2023-10-16 13:59:22,584][root][INFO] - val:
[2023-10-16 13:59:24,026][root][INFO] - ===> epoch: 187/300
[2023-10-16 13:59:24,027][root][INFO] - train:
[2023-10-16 14:00:02,013][root][INFO] - val:
[2023-10-16 14:00:03,775][root][INFO] - ===> epoch: 188/300
[2023-10-16 14:00:03,776][root][INFO] - train:
[2023-10-16 14:00:41,467][root][INFO] - val:
[2023-10-16 14:00:43,054][root][INFO] - ===> epoch: 189/300
[2023-10-16 14:00:43,054][root][INFO] - train:
[2023-10-16 14:01:21,010][root][INFO] - val:
[2023-10-16 14:01:22,677][root][INFO] - ===> epoch: 190/300
[2023-10-16 14:01:22,678][root][INFO] - train:
[2023-10-16 14:02:00,600][root][INFO] - val:
[2023-10-16 14:02:02,082][root][INFO] - Checkpoint saved to C:\Users\GeorgeS\Documents\facultate\master\projects\data\model_weights\CIFAR-10/PreResNet/baseline\2525\model_190_0.pth
[2023-10-16 14:02:02,082][root][INFO] - ===> epoch: 191/300
[2023-10-16 14:02:02,083][root][INFO] - train:
[2023-10-16 14:02:40,304][root][INFO] - val:
[2023-10-16 14:02:41,754][root][INFO] - ===> epoch: 192/300
[2023-10-16 14:02:41,754][root][INFO] - train:
[2023-10-16 14:03:19,915][root][INFO] - val:
[2023-10-16 14:03:21,583][root][INFO] - ===> epoch: 193/300
[2023-10-16 14:03:21,583][root][INFO] - train:
[2023-10-16 14:03:59,820][root][INFO] - val:
[2023-10-16 14:04:01,261][root][INFO] - ===> epoch: 194/300
[2023-10-16 14:04:01,261][root][INFO] - train:
[2023-10-16 14:04:39,544][root][INFO] - val:
[2023-10-16 14:04:41,200][root][INFO] - ===> epoch: 195/300
[2023-10-16 14:04:41,200][root][INFO] - train:
[2023-10-16 14:05:19,156][root][INFO] - val:
[2023-10-16 14:05:20,610][root][INFO] - ===> epoch: 196/300
[2023-10-16 14:05:20,611][root][INFO] - train:
[2023-10-16 14:05:58,672][root][INFO] - val:
[2023-10-16 14:06:00,302][root][INFO] - ===> epoch: 197/300
[2023-10-16 14:06:00,303][root][INFO] - train:
[2023-10-16 14:06:38,310][root][INFO] - val:
[2023-10-16 14:06:39,935][root][INFO] - ===> epoch: 198/300
[2023-10-16 14:06:39,935][root][INFO] - train:
[2023-10-16 14:07:17,599][root][INFO] - val:
[2023-10-16 14:07:19,256][root][INFO] - ===> epoch: 199/300
[2023-10-16 14:07:19,256][root][INFO] - train:
[2023-10-16 14:07:57,226][root][INFO] - val:
[2023-10-16 14:07:58,868][root][INFO] - ===> epoch: 200/300
[2023-10-16 14:07:58,869][root][INFO] - train:
[2023-10-16 14:08:36,944][root][INFO] - val:
[2023-10-16 14:08:38,495][root][INFO] - Checkpoint saved to C:\Users\GeorgeS\Documents\facultate\master\projects\data\model_weights\CIFAR-10/PreResNet/baseline\2525\model_200_0.pth
[2023-10-16 14:08:38,496][root][INFO] - ===> epoch: 201/300
[2023-10-16 14:08:38,496][root][INFO] - train:
[2023-10-16 14:09:16,284][root][INFO] - val:
[2023-10-16 14:09:17,960][root][INFO] - ===> epoch: 202/300
[2023-10-16 14:09:17,960][root][INFO] - train:
[2023-10-16 14:09:55,923][root][INFO] - val:
[2023-10-16 14:09:57,451][root][INFO] - ===> epoch: 203/300
[2023-10-16 14:09:57,452][root][INFO] - train:
[2023-10-16 14:10:35,392][root][INFO] - val:
[2023-10-16 14:10:37,073][root][INFO] - ===> epoch: 204/300
[2023-10-16 14:10:37,073][root][INFO] - train:
[2023-10-16 14:11:14,948][root][INFO] - val:
[2023-10-16 14:11:16,878][root][INFO] - ===> epoch: 205/300
[2023-10-16 14:11:16,879][root][INFO] - train:
[2023-10-16 14:11:54,419][root][INFO] - val:
[2023-10-16 14:11:56,028][root][INFO] - ===> epoch: 206/300
[2023-10-16 14:11:56,029][root][INFO] - train:
[2023-10-16 14:12:33,914][root][INFO] - val:
[2023-10-16 14:12:35,356][root][INFO] - ===> epoch: 207/300
[2023-10-16 14:12:35,357][root][INFO] - train:
[2023-10-16 14:13:13,282][root][INFO] - val:
[2023-10-16 14:13:14,958][root][INFO] - ===> epoch: 208/300
[2023-10-16 14:13:14,958][root][INFO] - train:
[2023-10-16 14:13:53,023][root][INFO] - val:
[2023-10-16 14:13:54,602][root][INFO] - ===> epoch: 209/300
[2023-10-16 14:13:54,603][root][INFO] - train:
[2023-10-16 14:14:32,599][root][INFO] - val:
[2023-10-16 14:14:34,041][root][INFO] - ===> epoch: 210/300
[2023-10-16 14:14:34,042][root][INFO] - train:
[2023-10-16 14:15:12,132][root][INFO] - val:
[2023-10-16 14:15:13,738][root][INFO] - Checkpoint saved to C:\Users\GeorgeS\Documents\facultate\master\projects\data\model_weights\CIFAR-10/PreResNet/baseline\2525\model_210_0.pth
[2023-10-16 14:15:13,738][root][INFO] - ===> epoch: 211/300
[2023-10-16 14:15:13,739][root][INFO] - train:
[2023-10-16 14:15:51,706][root][INFO] - val:
[2023-10-16 14:15:53,334][root][INFO] - ===> epoch: 212/300
[2023-10-16 14:15:53,334][root][INFO] - train:
[2023-10-16 14:16:31,263][root][INFO] - val:
[2023-10-16 14:16:33,014][root][INFO] - ===> epoch: 213/300
[2023-10-16 14:16:33,015][root][INFO] - train:
[2023-10-16 14:17:10,705][root][INFO] - val:
[2023-10-16 14:17:12,272][root][INFO] - ===> epoch: 214/300
[2023-10-16 14:17:12,273][root][INFO] - train:
[2023-10-16 14:17:50,359][root][INFO] - val:
[2023-10-16 14:17:51,812][root][INFO] - ===> epoch: 215/300
[2023-10-16 14:17:51,812][root][INFO] - train:
[2023-10-16 14:18:30,042][root][INFO] - val:
[2023-10-16 14:18:31,709][root][INFO] - ===> epoch: 216/300
[2023-10-16 14:18:31,709][root][INFO] - train:
[2023-10-16 14:19:09,731][root][INFO] - val:
[2023-10-16 14:19:11,471][root][INFO] - ===> epoch: 217/300
[2023-10-16 14:19:11,472][root][INFO] - train:
[2023-10-16 14:19:49,155][root][INFO] - val:
[2023-10-16 14:19:50,820][root][INFO] - ===> epoch: 218/300
[2023-10-16 14:19:50,820][root][INFO] - train:
[2023-10-16 14:20:28,811][root][INFO] - val:
[2023-10-16 14:20:30,453][root][INFO] - ===> epoch: 219/300
[2023-10-16 14:20:30,454][root][INFO] - train:
[2023-10-16 14:21:08,437][root][INFO] - val:
[2023-10-16 14:21:09,884][root][INFO] - ===> epoch: 220/300
[2023-10-16 14:21:09,885][root][INFO] - train:
[2023-10-16 14:21:48,133][root][INFO] - val:
[2023-10-16 14:21:49,776][root][INFO] - Checkpoint saved to C:\Users\GeorgeS\Documents\facultate\master\projects\data\model_weights\CIFAR-10/PreResNet/baseline\2525\model_220_0.pth
[2023-10-16 14:21:49,777][root][INFO] - ===> epoch: 221/300
[2023-10-16 14:21:49,778][root][INFO] - train:
[2023-10-16 14:22:28,180][root][INFO] - val:
[2023-10-16 14:22:29,628][root][INFO] - ===> epoch: 222/300
[2023-10-16 14:22:29,629][root][INFO] - train:
[2023-10-16 14:23:07,655][root][INFO] - val:
[2023-10-16 14:23:09,091][root][INFO] - ===> epoch: 223/300
[2023-10-16 14:23:09,092][root][INFO] - train:
[2023-10-16 14:23:47,144][root][INFO] - val:
[2023-10-16 14:23:48,590][root][INFO] - ===> epoch: 224/300
[2023-10-16 14:23:48,590][root][INFO] - train:
[2023-10-16 14:24:26,533][root][INFO] - val:
[2023-10-16 14:24:28,350][root][INFO] - ===> epoch: 225/300
[2023-10-16 14:24:28,351][root][INFO] - train:
[2023-10-16 14:25:06,154][root][INFO] - val:
[2023-10-16 14:25:07,724][root][INFO] - ===> epoch: 226/300
[2023-10-16 14:25:07,724][root][INFO] - train:
[2023-10-16 14:25:45,980][root][INFO] - val:
[2023-10-16 14:25:47,552][root][INFO] - ===> epoch: 227/300
[2023-10-16 14:25:47,552][root][INFO] - train:
[2023-10-16 14:26:25,579][root][INFO] - val:
[2023-10-16 14:26:27,029][root][INFO] - ===> epoch: 228/300
[2023-10-16 14:26:27,029][root][INFO] - train:
[2023-10-16 14:27:05,176][root][INFO] - val:
[2023-10-16 14:27:07,133][root][INFO] - ===> epoch: 229/300
[2023-10-16 14:27:07,133][root][INFO] - train:
[2023-10-16 14:27:44,943][root][INFO] - val:
[2023-10-16 14:27:46,597][root][INFO] - ===> epoch: 230/300
[2023-10-16 14:27:46,597][root][INFO] - train:
[2023-10-16 14:28:24,694][root][INFO] - val:
[2023-10-16 14:28:26,284][root][INFO] - Checkpoint saved to C:\Users\GeorgeS\Documents\facultate\master\projects\data\model_weights\CIFAR-10/PreResNet/baseline\2525\model_230_0.pth
[2023-10-16 14:28:26,285][root][INFO] - ===> epoch: 231/300
[2023-10-16 14:28:26,286][root][INFO] - train:
[2023-10-16 14:29:04,499][root][INFO] - val:
[2023-10-16 14:29:06,065][root][INFO] - ===> epoch: 232/300
[2023-10-16 14:29:06,066][root][INFO] - train:
[2023-10-16 14:29:44,229][root][INFO] - val:
[2023-10-16 14:29:46,216][root][INFO] - ===> epoch: 233/300
[2023-10-16 14:29:46,216][root][INFO] - train:
[2023-10-16 14:30:24,247][root][INFO] - val:
[2023-10-16 14:30:25,750][root][INFO] - ===> epoch: 234/300
[2023-10-16 14:30:25,751][root][INFO] - train:
[2023-10-16 14:31:04,067][root][INFO] - val:
[2023-10-16 14:31:05,521][root][INFO] - ===> epoch: 235/300
[2023-10-16 14:31:05,522][root][INFO] - train:
[2023-10-16 14:31:43,724][root][INFO] - val:
[2023-10-16 14:31:45,276][root][INFO] - ===> epoch: 236/300
[2023-10-16 14:31:45,276][root][INFO] - train:
[2023-10-16 14:32:23,461][root][INFO] - val:
[2023-10-16 14:32:24,909][root][INFO] - ===> epoch: 237/300
[2023-10-16 14:32:24,909][root][INFO] - train:
[2023-10-16 14:33:03,222][root][INFO] - val:
[2023-10-16 14:33:04,872][root][INFO] - ===> epoch: 238/300
[2023-10-16 14:33:04,873][root][INFO] - train:
[2023-10-16 14:33:42,839][root][INFO] - val:
[2023-10-16 14:33:44,502][root][INFO] - ===> epoch: 239/300
[2023-10-16 14:33:44,502][root][INFO] - train:
[2023-10-16 14:34:22,895][root][INFO] - val:
[2023-10-16 14:34:24,627][root][INFO] - ===> epoch: 240/300
[2023-10-16 14:34:24,628][root][INFO] - train:
[2023-10-16 14:35:02,633][root][INFO] - val:
[2023-10-16 14:35:04,323][root][INFO] - Checkpoint saved to C:\Users\GeorgeS\Documents\facultate\master\projects\data\model_weights\CIFAR-10/PreResNet/baseline\2525\model_240_0.pth
[2023-10-16 14:35:04,323][root][INFO] - ===> epoch: 241/300
[2023-10-16 14:35:04,324][root][INFO] - train:
[2023-10-16 14:35:42,371][root][INFO] - val:
[2023-10-16 14:35:44,085][root][INFO] - ===> epoch: 242/300
[2023-10-16 14:35:44,085][root][INFO] - train:
[2023-10-16 14:36:22,057][root][INFO] - val:
[2023-10-16 14:36:23,712][root][INFO] - ===> epoch: 243/300
[2023-10-16 14:36:23,712][root][INFO] - train:
[2023-10-16 14:37:01,940][root][INFO] - val:
[2023-10-16 14:37:03,385][root][INFO] - ===> epoch: 244/300
[2023-10-16 14:37:03,385][root][INFO] - train:
[2023-10-16 14:37:41,531][root][INFO] - val:
[2023-10-16 14:37:42,989][root][INFO] - ===> epoch: 245/300
[2023-10-16 14:37:42,990][root][INFO] - train:
[2023-10-16 14:38:21,269][root][INFO] - val:
[2023-10-16 14:38:22,702][root][INFO] - ===> epoch: 246/300
[2023-10-16 14:38:22,703][root][INFO] - train:
[2023-10-16 14:39:00,849][root][INFO] - val:
[2023-10-16 14:39:02,302][root][INFO] - ===> epoch: 247/300
[2023-10-16 14:39:02,302][root][INFO] - train:
[2023-10-16 14:39:40,465][root][INFO] - val:
[2023-10-16 14:39:41,909][root][INFO] - ===> epoch: 248/300
[2023-10-16 14:39:41,910][root][INFO] - train:
[2023-10-16 14:40:19,773][root][INFO] - val:
[2023-10-16 14:40:21,357][root][INFO] - ===> epoch: 249/300
[2023-10-16 14:40:21,357][root][INFO] - train:
[2023-10-16 14:40:59,534][root][INFO] - val:
[2023-10-16 14:41:00,980][root][INFO] - ===> epoch: 250/300
[2023-10-16 14:41:00,981][root][INFO] - train:
[2023-10-16 14:41:39,126][root][INFO] - val:
[2023-10-16 14:41:40,819][root][INFO] - Checkpoint saved to C:\Users\GeorgeS\Documents\facultate\master\projects\data\model_weights\CIFAR-10/PreResNet/baseline\2525\model_250_0.pth
[2023-10-16 14:41:40,820][root][INFO] - ===> epoch: 251/300
[2023-10-16 14:41:40,820][root][INFO] - train:
[2023-10-16 14:42:19,198][root][INFO] - val:
[2023-10-16 14:42:20,760][root][INFO] - ===> epoch: 252/300
[2023-10-16 14:42:20,761][root][INFO] - train:
[2023-10-16 14:42:58,942][root][INFO] - val:
[2023-10-16 14:43:00,402][root][INFO] - ===> epoch: 253/300
[2023-10-16 14:43:00,402][root][INFO] - train:
[2023-10-16 14:43:38,723][root][INFO] - val:
[2023-10-16 14:43:40,361][root][INFO] - ===> epoch: 254/300
[2023-10-16 14:43:40,361][root][INFO] - train:
[2023-10-16 14:44:18,634][root][INFO] - val:
[2023-10-16 14:44:20,081][root][INFO] - ===> epoch: 255/300
[2023-10-16 14:44:20,081][root][INFO] - train:
[2023-10-16 14:44:58,096][root][INFO] - val:
[2023-10-16 14:45:00,061][root][INFO] - ===> epoch: 256/300
[2023-10-16 14:45:00,061][root][INFO] - train:
[2023-10-16 14:45:38,246][root][INFO] - val:
[2023-10-16 14:45:39,689][root][INFO] - ===> epoch: 257/300
[2023-10-16 14:45:39,689][root][INFO] - train:
[2023-10-16 14:46:17,565][root][INFO] - val:
[2023-10-16 14:46:19,020][root][INFO] - ===> epoch: 258/300
[2023-10-16 14:46:19,021][root][INFO] - train:
[2023-10-16 14:46:57,491][root][INFO] - val:
[2023-10-16 14:46:59,032][root][INFO] - ===> epoch: 259/300
[2023-10-16 14:46:59,033][root][INFO] - train:
[2023-10-16 14:47:37,438][root][INFO] - val:
[2023-10-16 14:47:39,012][root][INFO] - ===> epoch: 260/300
[2023-10-16 14:47:39,012][root][INFO] - train:
[2023-10-16 14:48:17,372][root][INFO] - val:
[2023-10-16 14:48:19,034][root][INFO] - Checkpoint saved to C:\Users\GeorgeS\Documents\facultate\master\projects\data\model_weights\CIFAR-10/PreResNet/baseline\2525\model_260_0.pth
[2023-10-16 14:48:19,034][root][INFO] - ===> epoch: 261/300
[2023-10-16 14:48:19,035][root][INFO] - train:
[2023-10-16 14:48:57,395][root][INFO] - val:
[2023-10-16 14:48:58,840][root][INFO] - ===> epoch: 262/300
[2023-10-16 14:48:58,840][root][INFO] - train:
[2023-10-16 14:49:37,191][root][INFO] - val:
[2023-10-16 14:49:38,768][root][INFO] - ===> epoch: 263/300
[2023-10-16 14:49:38,768][root][INFO] - train:
[2023-10-16 14:50:17,203][root][INFO] - val:
[2023-10-16 14:50:18,753][root][INFO] - ===> epoch: 264/300
[2023-10-16 14:50:18,753][root][INFO] - train:
[2023-10-16 14:50:56,940][root][INFO] - val:
[2023-10-16 14:50:58,389][root][INFO] - ===> epoch: 265/300
[2023-10-16 14:50:58,390][root][INFO] - train:
[2023-10-16 14:51:36,436][root][INFO] - val:
[2023-10-16 14:51:38,020][root][INFO] - ===> epoch: 266/300
[2023-10-16 14:51:38,021][root][INFO] - train:
[2023-10-16 14:52:16,345][root][INFO] - val:
[2023-10-16 14:52:17,812][root][INFO] - ===> epoch: 267/300
[2023-10-16 14:52:17,813][root][INFO] - train:
[2023-10-16 14:52:56,023][root][INFO] - val:
[2023-10-16 14:52:57,469][root][INFO] - ===> epoch: 268/300
[2023-10-16 14:52:57,470][root][INFO] - train:
[2023-10-16 14:53:35,709][root][INFO] - val:
[2023-10-16 14:53:37,382][root][INFO] - ===> epoch: 269/300
[2023-10-16 14:53:37,382][root][INFO] - train:
[2023-10-16 14:54:15,503][root][INFO] - val:
[2023-10-16 14:54:17,041][root][INFO] - ===> epoch: 270/300
[2023-10-16 14:54:17,041][root][INFO] - train:
[2023-10-16 14:54:54,879][root][INFO] - val:
[2023-10-16 14:54:56,365][root][INFO] - Checkpoint saved to C:\Users\GeorgeS\Documents\facultate\master\projects\data\model_weights\CIFAR-10/PreResNet/baseline\2525\model_270_0.pth
[2023-10-16 14:54:56,366][root][INFO] - ===> epoch: 271/300
[2023-10-16 14:54:56,366][root][INFO] - train:
[2023-10-16 14:55:34,479][root][INFO] - val:
[2023-10-16 14:55:36,255][root][INFO] - ===> epoch: 272/300
[2023-10-16 14:55:36,255][root][INFO] - train:
[2023-10-16 14:56:14,268][root][INFO] - val:
[2023-10-16 14:56:15,931][root][INFO] - ===> epoch: 273/300
[2023-10-16 14:56:15,932][root][INFO] - train:
[2023-10-16 14:56:54,093][root][INFO] - val:
[2023-10-16 14:56:55,723][root][INFO] - ===> epoch: 274/300
[2023-10-16 14:56:55,723][root][INFO] - train:
[2023-10-16 14:57:34,006][root][INFO] - val:
[2023-10-16 14:57:35,702][root][INFO] - ===> epoch: 275/300
[2023-10-16 14:57:35,703][root][INFO] - train:
[2023-10-16 14:58:13,821][root][INFO] - val:
[2023-10-16 14:58:15,272][root][INFO] - ===> epoch: 276/300
[2023-10-16 14:58:15,272][root][INFO] - train:
[2023-10-16 14:58:53,674][root][INFO] - val:
[2023-10-16 14:58:55,317][root][INFO] - ===> epoch: 277/300
[2023-10-16 14:58:55,317][root][INFO] - train:
[2023-10-16 14:59:33,214][root][INFO] - val:
[2023-10-16 14:59:35,061][root][INFO] - ===> epoch: 278/300
[2023-10-16 14:59:35,061][root][INFO] - train:
[2023-10-16 15:00:12,939][root][INFO] - val:
[2023-10-16 15:00:14,794][root][INFO] - ===> epoch: 279/300
[2023-10-16 15:00:14,795][root][INFO] - train:
[2023-10-16 15:00:52,894][root][INFO] - val:
[2023-10-16 15:00:54,342][root][INFO] - ===> epoch: 280/300
[2023-10-16 15:00:54,343][root][INFO] - train:
[2023-10-16 15:01:32,636][root][INFO] - val:
[2023-10-16 15:01:34,123][root][INFO] - Checkpoint saved to C:\Users\GeorgeS\Documents\facultate\master\projects\data\model_weights\CIFAR-10/PreResNet/baseline\2525\model_280_0.pth
[2023-10-16 15:01:34,124][root][INFO] - ===> epoch: 281/300
[2023-10-16 15:01:34,124][root][INFO] - train:
[2023-10-16 15:02:12,478][root][INFO] - val:
[2023-10-16 15:02:14,144][root][INFO] - ===> epoch: 282/300
[2023-10-16 15:02:14,144][root][INFO] - train:
[2023-10-16 15:02:52,365][root][INFO] - val:
[2023-10-16 15:02:53,814][root][INFO] - ===> epoch: 283/300
[2023-10-16 15:02:53,815][root][INFO] - train:
[2023-10-16 15:03:32,010][root][INFO] - val:
[2023-10-16 15:03:33,713][root][INFO] - ===> epoch: 284/300
[2023-10-16 15:03:33,713][root][INFO] - train:
[2023-10-16 15:04:11,677][root][INFO] - val:
[2023-10-16 15:04:13,131][root][INFO] - ===> epoch: 285/300
[2023-10-16 15:04:13,132][root][INFO] - train:
[2023-10-16 15:04:51,450][root][INFO] - val:
[2023-10-16 15:04:53,029][root][INFO] - ===> epoch: 286/300
[2023-10-16 15:04:53,030][root][INFO] - train:
[2023-10-16 15:05:31,321][root][INFO] - val:
[2023-10-16 15:05:32,773][root][INFO] - ===> epoch: 287/300
[2023-10-16 15:05:32,773][root][INFO] - train:
[2023-10-16 15:06:11,040][root][INFO] - val:
[2023-10-16 15:06:12,499][root][INFO] - ===> epoch: 288/300
[2023-10-16 15:06:12,499][root][INFO] - train:
[2023-10-16 15:06:50,833][root][INFO] - val:
[2023-10-16 15:06:52,442][root][INFO] - ===> epoch: 289/300
[2023-10-16 15:06:52,442][root][INFO] - train:
[2023-10-16 15:07:30,671][root][INFO] - val:
[2023-10-16 15:07:32,117][root][INFO] - ===> epoch: 290/300
[2023-10-16 15:07:32,118][root][INFO] - train:
[2023-10-16 15:08:10,123][root][INFO] - val:
[2023-10-16 15:08:11,745][root][INFO] - Checkpoint saved to C:\Users\GeorgeS\Documents\facultate\master\projects\data\model_weights\CIFAR-10/PreResNet/baseline\2525\model_290_0.pth
[2023-10-16 15:08:11,746][root][INFO] - ===> epoch: 291/300
[2023-10-16 15:08:11,747][root][INFO] - train:
[2023-10-16 15:08:49,872][root][INFO] - val:
[2023-10-16 15:08:51,517][root][INFO] - ===> epoch: 292/300
[2023-10-16 15:08:51,517][root][INFO] - train:
[2023-10-16 15:09:29,518][root][INFO] - val:
[2023-10-16 15:09:31,159][root][INFO] - ===> epoch: 293/300
[2023-10-16 15:09:31,159][root][INFO] - train:
[2023-10-16 15:10:09,281][root][INFO] - val:
[2023-10-16 15:10:10,946][root][INFO] - ===> epoch: 294/300
[2023-10-16 15:10:10,947][root][INFO] - train:
[2023-10-16 15:10:49,035][root][INFO] - val:
[2023-10-16 15:10:50,597][root][INFO] - ===> epoch: 295/300
[2023-10-16 15:10:50,598][root][INFO] - train:
[2023-10-16 15:11:28,694][root][INFO] - val:
[2023-10-16 15:11:30,384][root][INFO] - ===> epoch: 296/300
[2023-10-16 15:11:30,385][root][INFO] - train:
[2023-10-16 15:12:08,552][root][INFO] - val:
[2023-10-16 15:12:10,216][root][INFO] - ===> epoch: 297/300
[2023-10-16 15:12:10,217][root][INFO] - train:
[2023-10-16 15:12:48,328][root][INFO] - val:
[2023-10-16 15:12:49,777][root][INFO] - ===> epoch: 298/300
[2023-10-16 15:12:49,778][root][INFO] - train:
[2023-10-16 15:13:27,910][root][INFO] - val:
[2023-10-16 15:13:29,477][root][INFO] - ===> epoch: 299/300
[2023-10-16 15:13:29,478][root][INFO] - train:
[2023-10-16 15:14:07,516][root][INFO] - val:
[2023-10-16 15:14:08,962][root][INFO] - ===> BEST Val/Accuracy PERFORMANCE: 0.90580
[2023-10-16 15:14:09,403][root][INFO] - Saved best accuracy checkpoint
