[2023-10-19 19:50:43,707][root][INFO] - Saving current code to C:\Users\GeorgeS\Documents\facultate\master\projects\Pytorch-Template\outputs\2023-10-19\19-50-43\runs\CIFAR-100/PreResNet/baseline\2525
[2023-10-19 19:50:43,800][root][INFO] - Loading train_dataset!
[2023-10-19 19:51:10,927][root][INFO] - Loading val_dataset!
[2023-10-19 19:51:17,345][root][INFO] - ===> epoch: 1/300
[2023-10-19 19:51:17,345][root][INFO] - train:
[2023-10-19 19:52:19,869][root][INFO] - val:
[2023-10-19 19:52:22,991][root][INFO] - Checkpoint saved to C:\Users\GeorgeS\Documents\facultate\master\projects\data\model_weights\CIFAR-100/PreResNet/baseline\2525\model_1_0.14900000393390656.pth
[2023-10-19 19:52:22,992][root][INFO] - ===> BEST Val/Accuracy PERFORMANCE: 0.14900
[2023-10-19 19:52:22,992][root][INFO] - ===> epoch: 2/300
[2023-10-19 19:52:22,993][root][INFO] - train:
[2023-10-19 19:53:26,422][root][INFO] - val:
[2023-10-19 19:53:27,911][root][INFO] - Checkpoint saved to C:\Users\GeorgeS\Documents\facultate\master\projects\data\model_weights\CIFAR-100/PreResNet/baseline\2525\model_2_0.20069999992847443.pth
[2023-10-19 19:53:27,911][root][INFO] - ===> BEST Val/Accuracy PERFORMANCE: 0.20070
[2023-10-19 19:53:27,912][root][INFO] - ===> epoch: 3/300
[2023-10-19 19:53:27,912][root][INFO] - train:
[2023-10-19 19:54:32,573][root][INFO] - val:
[2023-10-19 19:54:34,052][root][INFO] - Checkpoint saved to C:\Users\GeorgeS\Documents\facultate\master\projects\data\model_weights\CIFAR-100/PreResNet/baseline\2525\model_3_0.2648000121116638.pth
[2023-10-19 19:54:34,052][root][INFO] - ===> BEST Val/Accuracy PERFORMANCE: 0.26480
[2023-10-19 19:54:34,053][root][INFO] - ===> epoch: 4/300
[2023-10-19 19:54:34,053][root][INFO] - train:
[2023-10-19 19:55:38,851][root][INFO] - val:
[2023-10-19 19:55:40,330][root][INFO] - Checkpoint saved to C:\Users\GeorgeS\Documents\facultate\master\projects\data\model_weights\CIFAR-100/PreResNet/baseline\2525\model_4_0.2892000079154968.pth
[2023-10-19 19:55:40,331][root][INFO] - ===> BEST Val/Accuracy PERFORMANCE: 0.28920
[2023-10-19 19:55:40,331][root][INFO] - ===> epoch: 5/300
[2023-10-19 19:55:40,332][root][INFO] - train:
[2023-10-19 19:56:45,217][root][INFO] - val:
[2023-10-19 19:56:46,701][root][INFO] - Checkpoint saved to C:\Users\GeorgeS\Documents\facultate\master\projects\data\model_weights\CIFAR-100/PreResNet/baseline\2525\model_5_0.33570000529289246.pth
[2023-10-19 19:56:46,702][root][INFO] - ===> BEST Val/Accuracy PERFORMANCE: 0.33570
[2023-10-19 19:56:46,702][root][INFO] - ===> epoch: 6/300
[2023-10-19 19:56:46,703][root][INFO] - train:
[2023-10-19 19:57:52,073][root][INFO] - val:
[2023-10-19 19:57:53,725][root][INFO] - Checkpoint saved to C:\Users\GeorgeS\Documents\facultate\master\projects\data\model_weights\CIFAR-100/PreResNet/baseline\2525\model_6_0.35010001063346863.pth
[2023-10-19 19:57:53,726][root][INFO] - ===> BEST Val/Accuracy PERFORMANCE: 0.35010
[2023-10-19 19:57:53,726][root][INFO] - ===> epoch: 7/300
[2023-10-19 19:57:53,726][root][INFO] - train:
[2023-10-19 19:58:58,765][root][INFO] - val:
[2023-10-19 19:59:00,255][root][INFO] - Checkpoint saved to C:\Users\GeorgeS\Documents\facultate\master\projects\data\model_weights\CIFAR-100/PreResNet/baseline\2525\model_7_0.391400009393692.pth
[2023-10-19 19:59:00,255][root][INFO] - ===> BEST Val/Accuracy PERFORMANCE: 0.39140
[2023-10-19 19:59:00,256][root][INFO] - ===> epoch: 8/300
[2023-10-19 19:59:00,256][root][INFO] - train:
[2023-10-19 20:00:07,299][root][INFO] - val:
[2023-10-19 20:00:08,802][root][INFO] - Checkpoint saved to C:\Users\GeorgeS\Documents\facultate\master\projects\data\model_weights\CIFAR-100/PreResNet/baseline\2525\model_8_0.39489999413490295.pth
[2023-10-19 20:00:08,803][root][INFO] - ===> BEST Val/Accuracy PERFORMANCE: 0.39490
[2023-10-19 20:00:08,804][root][INFO] - ===> epoch: 9/300
[2023-10-19 20:00:08,804][root][INFO] - train:
[2023-10-19 20:01:16,059][root][INFO] - val:
[2023-10-19 20:01:17,554][root][INFO] - Checkpoint saved to C:\Users\GeorgeS\Documents\facultate\master\projects\data\model_weights\CIFAR-100/PreResNet/baseline\2525\model_9_0.4074000120162964.pth
[2023-10-19 20:01:17,555][root][INFO] - ===> BEST Val/Accuracy PERFORMANCE: 0.40740
[2023-10-19 20:01:17,556][root][INFO] - ===> epoch: 10/300
[2023-10-19 20:01:17,556][root][INFO] - train:
[2023-10-19 20:02:25,889][root][INFO] - val:
[2023-10-19 20:02:27,489][root][INFO] - Checkpoint saved to C:\Users\GeorgeS\Documents\facultate\master\projects\data\model_weights\CIFAR-100/PreResNet/baseline\2525\model_10_0.4415000081062317.pth
[2023-10-19 20:02:27,489][root][INFO] - ===> BEST Val/Accuracy PERFORMANCE: 0.44150
[2023-10-19 20:02:27,532][root][INFO] - Checkpoint saved to C:\Users\GeorgeS\Documents\facultate\master\projects\data\model_weights\CIFAR-100/PreResNet/baseline\2525\model_10_0.pth
[2023-10-19 20:02:27,533][root][INFO] - ===> epoch: 11/300
[2023-10-19 20:02:27,534][root][INFO] - train:
[2023-10-19 20:03:36,080][root][INFO] - val:
[2023-10-19 20:03:37,600][root][INFO] - Checkpoint saved to C:\Users\GeorgeS\Documents\facultate\master\projects\data\model_weights\CIFAR-100/PreResNet/baseline\2525\model_11_0.4496000111103058.pth
[2023-10-19 20:03:37,600][root][INFO] - ===> BEST Val/Accuracy PERFORMANCE: 0.44960
[2023-10-19 20:03:37,601][root][INFO] - ===> epoch: 12/300
[2023-10-19 20:03:37,601][root][INFO] - train:
[2023-10-19 20:04:47,889][root][INFO] - val:
[2023-10-19 20:04:49,439][root][INFO] - Checkpoint saved to C:\Users\GeorgeS\Documents\facultate\master\projects\data\model_weights\CIFAR-100/PreResNet/baseline\2525\model_12_0.4657000005245209.pth
[2023-10-19 20:04:49,440][root][INFO] - ===> BEST Val/Accuracy PERFORMANCE: 0.46570
[2023-10-19 20:04:49,441][root][INFO] - ===> epoch: 13/300
[2023-10-19 20:04:49,441][root][INFO] - train:
[2023-10-19 20:06:01,534][root][INFO] - val:
[2023-10-19 20:06:03,033][root][INFO] - Checkpoint saved to C:\Users\GeorgeS\Documents\facultate\master\projects\data\model_weights\CIFAR-100/PreResNet/baseline\2525\model_13_0.48660001158714294.pth
[2023-10-19 20:06:03,034][root][INFO] - ===> BEST Val/Accuracy PERFORMANCE: 0.48660
[2023-10-19 20:06:03,035][root][INFO] - ===> epoch: 14/300
[2023-10-19 20:06:03,035][root][INFO] - train:
[2023-10-19 20:07:11,402][root][INFO] - val:
[2023-10-19 20:07:12,875][root][INFO] - ===> epoch: 15/300
[2023-10-19 20:07:12,875][root][INFO] - train:
[2023-10-19 20:08:23,119][root][INFO] - val:
[2023-10-19 20:08:24,634][root][INFO] - Checkpoint saved to C:\Users\GeorgeS\Documents\facultate\master\projects\data\model_weights\CIFAR-100/PreResNet/baseline\2525\model_15_0.4952999949455261.pth
[2023-10-19 20:08:24,635][root][INFO] - ===> BEST Val/Accuracy PERFORMANCE: 0.49530
[2023-10-19 20:08:24,636][root][INFO] - ===> epoch: 16/300
[2023-10-19 20:08:24,636][root][INFO] - train:
[2023-10-19 20:09:36,248][root][INFO] - val:
[2023-10-19 20:09:37,853][root][INFO] - ===> epoch: 17/300
[2023-10-19 20:09:37,854][root][INFO] - train:
[2023-10-19 20:11:03,853][root][INFO] - val:
[2023-10-19 20:11:05,370][root][INFO] - Checkpoint saved to C:\Users\GeorgeS\Documents\facultate\master\projects\data\model_weights\CIFAR-100/PreResNet/baseline\2525\model_17_0.5001999735832214.pth
[2023-10-19 20:11:05,371][root][INFO] - ===> BEST Val/Accuracy PERFORMANCE: 0.50020
[2023-10-19 20:11:05,371][root][INFO] - ===> epoch: 18/300
[2023-10-19 20:11:05,372][root][INFO] - train:
[2023-10-19 20:12:19,564][root][INFO] - val:
[2023-10-19 20:12:21,107][root][INFO] - Checkpoint saved to C:\Users\GeorgeS\Documents\facultate\master\projects\data\model_weights\CIFAR-100/PreResNet/baseline\2525\model_18_0.5134999752044678.pth
[2023-10-19 20:12:21,108][root][INFO] - ===> BEST Val/Accuracy PERFORMANCE: 0.51350
[2023-10-19 20:12:21,109][root][INFO] - ===> epoch: 19/300
[2023-10-19 20:12:21,110][root][INFO] - train:
[2023-10-19 20:13:32,451][root][INFO] - val:
[2023-10-19 20:13:33,927][root][INFO] - ===> epoch: 20/300
[2023-10-19 20:13:33,927][root][INFO] - train:
[2023-10-19 20:14:49,540][root][INFO] - val:
[2023-10-19 20:14:51,057][root][INFO] - Checkpoint saved to C:\Users\GeorgeS\Documents\facultate\master\projects\data\model_weights\CIFAR-100/PreResNet/baseline\2525\model_20_0.5156000256538391.pth
[2023-10-19 20:14:51,057][root][INFO] - ===> BEST Val/Accuracy PERFORMANCE: 0.51560
[2023-10-19 20:14:51,099][root][INFO] - Checkpoint saved to C:\Users\GeorgeS\Documents\facultate\master\projects\data\model_weights\CIFAR-100/PreResNet/baseline\2525\model_20_0.pth
[2023-10-19 20:14:51,099][root][INFO] - ===> epoch: 21/300
[2023-10-19 20:14:51,100][root][INFO] - train:
[2023-10-19 20:16:10,277][root][INFO] - val:
[2023-10-19 20:16:11,841][root][INFO] - Checkpoint saved to C:\Users\GeorgeS\Documents\facultate\master\projects\data\model_weights\CIFAR-100/PreResNet/baseline\2525\model_21_0.5224000215530396.pth
[2023-10-19 20:16:11,842][root][INFO] - ===> BEST Val/Accuracy PERFORMANCE: 0.52240
[2023-10-19 20:16:11,843][root][INFO] - ===> epoch: 22/300
[2023-10-19 20:16:11,843][root][INFO] - train:
[2023-10-19 20:17:23,589][root][INFO] - val:
[2023-10-19 20:17:25,229][root][INFO] - Checkpoint saved to C:\Users\GeorgeS\Documents\facultate\master\projects\data\model_weights\CIFAR-100/PreResNet/baseline\2525\model_22_0.5285000205039978.pth
[2023-10-19 20:17:25,229][root][INFO] - ===> BEST Val/Accuracy PERFORMANCE: 0.52850
[2023-10-19 20:17:25,230][root][INFO] - ===> epoch: 23/300
[2023-10-19 20:17:25,230][root][INFO] - train:
[2023-10-19 20:18:36,864][root][INFO] - val:
[2023-10-19 20:18:38,444][root][INFO] - Checkpoint saved to C:\Users\GeorgeS\Documents\facultate\master\projects\data\model_weights\CIFAR-100/PreResNet/baseline\2525\model_23_0.5424000024795532.pth
[2023-10-19 20:18:38,445][root][INFO] - ===> BEST Val/Accuracy PERFORMANCE: 0.54240
[2023-10-19 20:18:38,446][root][INFO] - ===> epoch: 24/300
[2023-10-19 20:18:38,447][root][INFO] - train:
[2023-10-19 20:19:46,909][root][INFO] - val:
[2023-10-19 20:19:48,381][root][INFO] - Checkpoint saved to C:\Users\GeorgeS\Documents\facultate\master\projects\data\model_weights\CIFAR-100/PreResNet/baseline\2525\model_24_0.5461999773979187.pth
[2023-10-19 20:19:48,381][root][INFO] - ===> BEST Val/Accuracy PERFORMANCE: 0.54620
[2023-10-19 20:19:48,382][root][INFO] - ===> epoch: 25/300
[2023-10-19 20:19:48,382][root][INFO] - train:
[2023-10-19 20:20:54,988][root][INFO] - val:
[2023-10-19 20:20:56,667][root][INFO] - ===> epoch: 26/300
[2023-10-19 20:20:56,667][root][INFO] - train:
[2023-10-19 20:22:04,138][root][INFO] - val:
[2023-10-19 20:22:05,621][root][INFO] - Checkpoint saved to C:\Users\GeorgeS\Documents\facultate\master\projects\data\model_weights\CIFAR-100/PreResNet/baseline\2525\model_26_0.5544000267982483.pth
[2023-10-19 20:22:05,622][root][INFO] - ===> BEST Val/Accuracy PERFORMANCE: 0.55440
[2023-10-19 20:22:05,623][root][INFO] - ===> epoch: 27/300
[2023-10-19 20:22:05,623][root][INFO] - train:
[2023-10-19 20:23:13,592][root][INFO] - val:
[2023-10-19 20:23:15,046][root][INFO] - ===> epoch: 28/300
[2023-10-19 20:23:15,047][root][INFO] - train:
[2023-10-19 20:24:22,377][root][INFO] - val:
[2023-10-19 20:24:24,005][root][INFO] - ===> epoch: 29/300
[2023-10-19 20:24:24,006][root][INFO] - train:
[2023-10-19 20:25:31,509][root][INFO] - val:
[2023-10-19 20:25:32,995][root][INFO] - Checkpoint saved to C:\Users\GeorgeS\Documents\facultate\master\projects\data\model_weights\CIFAR-100/PreResNet/baseline\2525\model_29_0.5658000111579895.pth
[2023-10-19 20:25:32,996][root][INFO] - ===> BEST Val/Accuracy PERFORMANCE: 0.56580
[2023-10-19 20:25:32,996][root][INFO] - ===> epoch: 30/300
[2023-10-19 20:25:32,997][root][INFO] - train:
[2023-10-19 20:26:40,822][root][INFO] - val:
[2023-10-19 20:26:42,314][root][INFO] - Checkpoint saved to C:\Users\GeorgeS\Documents\facultate\master\projects\data\model_weights\CIFAR-100/PreResNet/baseline\2525\model_30_0.pth
[2023-10-19 20:26:42,315][root][INFO] - ===> epoch: 31/300
[2023-10-19 20:26:42,315][root][INFO] - train:
[2023-10-19 20:27:39,041][root][INFO] - val:
[2023-10-19 20:27:40,522][root][INFO] - Checkpoint saved to C:\Users\GeorgeS\Documents\facultate\master\projects\data\model_weights\CIFAR-100/PreResNet/baseline\2525\model_31_0.5938000082969666.pth
[2023-10-19 20:27:40,523][root][INFO] - ===> BEST Val/Accuracy PERFORMANCE: 0.59380
[2023-10-19 20:27:40,523][root][INFO] - ===> epoch: 32/300
[2023-10-19 20:27:40,524][root][INFO] - train:
[2023-10-19 20:28:36,169][root][INFO] - val:
[2023-10-19 20:28:37,644][root][INFO] - ===> epoch: 33/300
[2023-10-19 20:28:37,645][root][INFO] - train:
[2023-10-19 20:29:33,503][root][INFO] - val:
[2023-10-19 20:29:34,957][root][INFO] - ===> epoch: 34/300
[2023-10-19 20:29:34,958][root][INFO] - train:
[2023-10-19 20:30:30,734][root][INFO] - val:
[2023-10-19 20:30:32,241][root][INFO] - Checkpoint saved to C:\Users\GeorgeS\Documents\facultate\master\projects\data\model_weights\CIFAR-100/PreResNet/baseline\2525\model_34_0.5971999764442444.pth
[2023-10-19 20:30:32,241][root][INFO] - ===> BEST Val/Accuracy PERFORMANCE: 0.59720
[2023-10-19 20:30:32,242][root][INFO] - ===> epoch: 35/300
[2023-10-19 20:30:32,242][root][INFO] - train:
[2023-10-19 20:31:28,150][root][INFO] - val:
[2023-10-19 20:31:29,605][root][INFO] - ===> epoch: 36/300
[2023-10-19 20:31:29,606][root][INFO] - train:
[2023-10-19 20:32:27,044][root][INFO] - val:
[2023-10-19 20:32:28,563][root][INFO] - ===> epoch: 37/300
[2023-10-19 20:32:28,564][root][INFO] - train:
[2023-10-19 20:33:26,900][root][INFO] - val:
[2023-10-19 20:33:28,370][root][INFO] - ===> epoch: 38/300
[2023-10-19 20:33:28,370][root][INFO] - train:
[2023-10-19 20:34:27,059][root][INFO] - val:
[2023-10-19 20:34:28,714][root][INFO] - ===> epoch: 39/300
[2023-10-19 20:34:28,715][root][INFO] - train:
[2023-10-19 20:35:29,252][root][INFO] - val:
[2023-10-19 20:35:30,799][root][INFO] - ===> epoch: 40/300
[2023-10-19 20:35:30,800][root][INFO] - train:
[2023-10-19 20:36:29,061][root][INFO] - val:
[2023-10-19 20:36:30,645][root][INFO] - Checkpoint saved to C:\Users\GeorgeS\Documents\facultate\master\projects\data\model_weights\CIFAR-100/PreResNet/baseline\2525\model_40_0.pth
[2023-10-19 20:36:30,646][root][INFO] - ===> epoch: 41/300
[2023-10-19 20:36:30,647][root][INFO] - train:
[2023-10-19 20:37:29,487][root][INFO] - val:
[2023-10-19 20:37:31,005][root][INFO] - ===> epoch: 42/300
[2023-10-19 20:37:31,006][root][INFO] - train:
[2023-10-19 20:38:28,638][root][INFO] - val:
[2023-10-19 20:38:30,141][root][INFO] - Checkpoint saved to C:\Users\GeorgeS\Documents\facultate\master\projects\data\model_weights\CIFAR-100/PreResNet/baseline\2525\model_42_0.6040999889373779.pth
[2023-10-19 20:38:30,141][root][INFO] - ===> BEST Val/Accuracy PERFORMANCE: 0.60410
[2023-10-19 20:38:30,142][root][INFO] - ===> epoch: 43/300
[2023-10-19 20:38:30,143][root][INFO] - train:
[2023-10-19 20:39:29,898][root][INFO] - val:
[2023-10-19 20:39:31,400][root][INFO] - ===> epoch: 44/300
[2023-10-19 20:39:31,400][root][INFO] - train:
[2023-10-19 20:40:31,811][root][INFO] - val:
[2023-10-19 20:40:33,307][root][INFO] - ===> epoch: 45/300
[2023-10-19 20:40:33,307][root][INFO] - train:
[2023-10-19 20:41:34,042][root][INFO] - val:
[2023-10-19 20:41:35,582][root][INFO] - Checkpoint saved to C:\Users\GeorgeS\Documents\facultate\master\projects\data\model_weights\CIFAR-100/PreResNet/baseline\2525\model_45_0.6116999983787537.pth
[2023-10-19 20:41:35,582][root][INFO] - ===> BEST Val/Accuracy PERFORMANCE: 0.61170
[2023-10-19 20:41:35,583][root][INFO] - ===> epoch: 46/300
[2023-10-19 20:41:35,583][root][INFO] - train:
[2023-10-19 20:42:36,558][root][INFO] - val:
[2023-10-19 20:42:38,079][root][INFO] - ===> epoch: 47/300
[2023-10-19 20:42:38,080][root][INFO] - train:
[2023-10-19 20:43:39,514][root][INFO] - val:
[2023-10-19 20:43:41,081][root][INFO] - ===> epoch: 48/300
[2023-10-19 20:43:41,081][root][INFO] - train:
[2023-10-19 20:44:40,988][root][INFO] - val:
[2023-10-19 20:44:42,497][root][INFO] - ===> epoch: 49/300
[2023-10-19 20:44:42,498][root][INFO] - train:
[2023-10-19 20:45:42,096][root][INFO] - val:
[2023-10-19 20:45:43,634][root][INFO] - ===> epoch: 50/300
[2023-10-19 20:45:43,634][root][INFO] - train:
[2023-10-19 20:46:43,140][root][INFO] - val:
[2023-10-19 20:46:44,671][root][INFO] - Checkpoint saved to C:\Users\GeorgeS\Documents\facultate\master\projects\data\model_weights\CIFAR-100/PreResNet/baseline\2525\model_50_0.6157000064849854.pth
[2023-10-19 20:46:44,672][root][INFO] - ===> BEST Val/Accuracy PERFORMANCE: 0.61570
[2023-10-19 20:46:44,710][root][INFO] - Checkpoint saved to C:\Users\GeorgeS\Documents\facultate\master\projects\data\model_weights\CIFAR-100/PreResNet/baseline\2525\model_50_0.pth
[2023-10-19 20:46:44,711][root][INFO] - ===> epoch: 51/300
[2023-10-19 20:46:44,712][root][INFO] - train:
[2023-10-19 20:47:45,762][root][INFO] - val:
[2023-10-19 20:47:47,255][root][INFO] - ===> epoch: 52/300
[2023-10-19 20:47:47,255][root][INFO] - train:
[2023-10-19 20:48:50,597][root][INFO] - val:
[2023-10-19 20:48:52,212][root][INFO] - ===> epoch: 53/300
[2023-10-19 20:48:52,212][root][INFO] - train:
[2023-10-19 20:49:52,182][root][INFO] - val:
[2023-10-19 20:49:53,694][root][INFO] - ===> epoch: 54/300
[2023-10-19 20:49:53,695][root][INFO] - train:
[2023-10-19 20:50:54,141][root][INFO] - val:
[2023-10-19 20:50:55,681][root][INFO] - Checkpoint saved to C:\Users\GeorgeS\Documents\facultate\master\projects\data\model_weights\CIFAR-100/PreResNet/baseline\2525\model_54_0.6193000078201294.pth
[2023-10-19 20:50:55,682][root][INFO] - ===> BEST Val/Accuracy PERFORMANCE: 0.61930
[2023-10-19 20:50:55,682][root][INFO] - ===> epoch: 55/300
[2023-10-19 20:50:55,683][root][INFO] - train:
[2023-10-19 20:51:56,773][root][INFO] - val:
[2023-10-19 20:51:58,299][root][INFO] - ===> epoch: 56/300
[2023-10-19 20:51:58,300][root][INFO] - train:
[2023-10-19 20:53:00,166][root][INFO] - val:
[2023-10-19 20:53:01,720][root][INFO] - ===> epoch: 57/300
[2023-10-19 20:53:01,721][root][INFO] - train:
[2023-10-19 20:54:04,629][root][INFO] - val:
[2023-10-19 20:54:06,184][root][INFO] - ===> epoch: 58/300
[2023-10-19 20:54:06,185][root][INFO] - train:
[2023-10-19 20:55:06,789][root][INFO] - val:
[2023-10-19 20:55:08,317][root][INFO] - ===> epoch: 59/300
[2023-10-19 20:55:08,317][root][INFO] - train:
[2023-10-19 20:56:07,980][root][INFO] - val:
[2023-10-19 20:56:09,613][root][INFO] - Checkpoint saved to C:\Users\GeorgeS\Documents\facultate\master\projects\data\model_weights\CIFAR-100/PreResNet/baseline\2525\model_59_0.6201000213623047.pth
[2023-10-19 20:56:09,613][root][INFO] - ===> BEST Val/Accuracy PERFORMANCE: 0.62010
[2023-10-19 20:56:09,614][root][INFO] - ===> epoch: 60/300
[2023-10-19 20:56:09,615][root][INFO] - train:
[2023-10-19 20:57:10,871][root][INFO] - val:
[2023-10-19 20:57:12,411][root][INFO] - Checkpoint saved to C:\Users\GeorgeS\Documents\facultate\master\projects\data\model_weights\CIFAR-100/PreResNet/baseline\2525\model_60_0.pth
[2023-10-19 20:57:12,412][root][INFO] - ===> epoch: 61/300
[2023-10-19 20:57:12,412][root][INFO] - train:
[2023-10-19 20:58:08,014][root][INFO] - val:
[2023-10-19 20:58:09,561][root][INFO] - Checkpoint saved to C:\Users\GeorgeS\Documents\facultate\master\projects\data\model_weights\CIFAR-100/PreResNet/baseline\2525\model_61_0.6381999850273132.pth
[2023-10-19 20:58:09,561][root][INFO] - ===> BEST Val/Accuracy PERFORMANCE: 0.63820
[2023-10-19 20:58:09,562][root][INFO] - ===> epoch: 62/300
[2023-10-19 20:58:09,562][root][INFO] - train:
[2023-10-19 20:59:03,618][root][INFO] - val:
[2023-10-19 20:59:05,264][root][INFO] - ===> epoch: 63/300
[2023-10-19 20:59:05,264][root][INFO] - train:
[2023-10-19 21:00:00,181][root][INFO] - val:
[2023-10-19 21:00:01,681][root][INFO] - ===> epoch: 64/300
[2023-10-19 21:00:01,681][root][INFO] - train:
[2023-10-19 21:00:56,125][root][INFO] - val:
[2023-10-19 21:00:57,654][root][INFO] - ===> epoch: 65/300
[2023-10-19 21:00:57,654][root][INFO] - train:
[2023-10-19 21:01:52,299][root][INFO] - val:
[2023-10-19 21:01:53,914][root][INFO] - ===> epoch: 66/300
[2023-10-19 21:01:53,915][root][INFO] - train:
[2023-10-19 21:02:47,406][root][INFO] - val:
[2023-10-19 21:02:48,895][root][INFO] - Checkpoint saved to C:\Users\GeorgeS\Documents\facultate\master\projects\data\model_weights\CIFAR-100/PreResNet/baseline\2525\model_66_0.640500009059906.pth
[2023-10-19 21:02:48,895][root][INFO] - ===> BEST Val/Accuracy PERFORMANCE: 0.64050
[2023-10-19 21:02:48,896][root][INFO] - ===> epoch: 67/300
[2023-10-19 21:02:48,897][root][INFO] - train:
[2023-10-19 21:03:41,009][root][INFO] - val:
[2023-10-19 21:03:42,489][root][INFO] - ===> epoch: 68/300
[2023-10-19 21:03:42,489][root][INFO] - train:
[2023-10-19 21:04:35,960][root][INFO] - val:
[2023-10-19 21:04:37,547][root][INFO] - ===> epoch: 69/300
[2023-10-19 21:04:37,548][root][INFO] - train:
[2023-10-19 21:05:34,434][root][INFO] - val:
[2023-10-19 21:05:36,051][root][INFO] - ===> epoch: 70/300
[2023-10-19 21:05:36,051][root][INFO] - train:
[2023-10-19 21:06:32,712][root][INFO] - val:
[2023-10-19 21:06:34,371][root][INFO] - Checkpoint saved to C:\Users\GeorgeS\Documents\facultate\master\projects\data\model_weights\CIFAR-100/PreResNet/baseline\2525\model_70_0.pth
[2023-10-19 21:06:34,372][root][INFO] - ===> epoch: 71/300
[2023-10-19 21:06:34,373][root][INFO] - train:
[2023-10-19 21:07:30,946][root][INFO] - val:
[2023-10-19 21:07:32,703][root][INFO] - ===> epoch: 72/300
[2023-10-19 21:07:32,704][root][INFO] - train:
[2023-10-19 21:08:36,408][root][INFO] - val:
[2023-10-19 21:08:37,903][root][INFO] - ===> epoch: 73/300
[2023-10-19 21:08:37,904][root][INFO] - train:
[2023-10-19 21:09:34,398][root][INFO] - val:
[2023-10-19 21:09:36,026][root][INFO] - ===> epoch: 74/300
[2023-10-19 21:09:36,027][root][INFO] - train:
[2023-10-19 21:10:33,445][root][INFO] - val:
[2023-10-19 21:10:35,116][root][INFO] - Checkpoint saved to C:\Users\GeorgeS\Documents\facultate\master\projects\data\model_weights\CIFAR-100/PreResNet/baseline\2525\model_74_0.6459000110626221.pth
[2023-10-19 21:10:35,116][root][INFO] - ===> BEST Val/Accuracy PERFORMANCE: 0.64590
[2023-10-19 21:10:35,117][root][INFO] - ===> epoch: 75/300
[2023-10-19 21:10:35,118][root][INFO] - train:
[2023-10-19 21:11:34,184][root][INFO] - val:
[2023-10-19 21:11:35,913][root][INFO] - ===> epoch: 76/300
[2023-10-19 21:11:35,914][root][INFO] - train:
[2023-10-19 21:12:34,545][root][INFO] - val:
[2023-10-19 21:12:36,181][root][INFO] - ===> epoch: 77/300
[2023-10-19 21:12:36,181][root][INFO] - train:
[2023-10-19 21:13:33,885][root][INFO] - val:
[2023-10-19 21:13:35,513][root][INFO] - ===> epoch: 78/300
[2023-10-19 21:13:35,513][root][INFO] - train:
[2023-10-19 21:14:32,816][root][INFO] - val:
[2023-10-19 21:14:34,426][root][INFO] - ===> epoch: 79/300
[2023-10-19 21:14:34,427][root][INFO] - train:
[2023-10-19 21:15:31,946][root][INFO] - val:
[2023-10-19 21:15:33,550][root][INFO] - ===> epoch: 80/300
[2023-10-19 21:15:33,551][root][INFO] - train:
[2023-10-19 21:16:30,367][root][INFO] - val:
[2023-10-19 21:16:32,024][root][INFO] - Checkpoint saved to C:\Users\GeorgeS\Documents\facultate\master\projects\data\model_weights\CIFAR-100/PreResNet/baseline\2525\model_80_0.pth
[2023-10-19 21:16:32,025][root][INFO] - ===> epoch: 81/300
[2023-10-19 21:16:32,025][root][INFO] - train:
[2023-10-19 21:17:24,827][root][INFO] - val:
[2023-10-19 21:17:26,361][root][INFO] - ===> epoch: 82/300
[2023-10-19 21:17:26,361][root][INFO] - train:
[2023-10-19 21:18:19,686][root][INFO] - val:
[2023-10-19 21:18:21,214][root][INFO] - ===> epoch: 83/300
[2023-10-19 21:18:21,215][root][INFO] - train:
[2023-10-19 21:19:13,689][root][INFO] - val:
[2023-10-19 21:19:15,162][root][INFO] - ===> epoch: 84/300
[2023-10-19 21:19:15,163][root][INFO] - train:
[2023-10-19 21:20:06,641][root][INFO] - val:
[2023-10-19 21:20:08,113][root][INFO] - ===> epoch: 85/300
[2023-10-19 21:20:08,113][root][INFO] - train:
[2023-10-19 21:21:00,339][root][INFO] - val:
[2023-10-19 21:21:02,072][root][INFO] - ===> epoch: 86/300
[2023-10-19 21:21:02,073][root][INFO] - train:
[2023-10-19 21:21:54,609][root][INFO] - val:
[2023-10-19 21:21:56,317][root][INFO] - ===> epoch: 87/300
[2023-10-19 21:21:56,318][root][INFO] - train:
[2023-10-19 21:22:49,358][root][INFO] - val:
[2023-10-19 21:22:50,870][root][INFO] - ===> epoch: 88/300
[2023-10-19 21:22:50,871][root][INFO] - train:
[2023-10-19 21:23:42,180][root][INFO] - val:
[2023-10-19 21:23:43,652][root][INFO] - ===> epoch: 89/300
[2023-10-19 21:23:43,652][root][INFO] - train:
[2023-10-19 21:24:34,915][root][INFO] - val:
[2023-10-19 21:24:36,391][root][INFO] - ===> epoch: 90/300
[2023-10-19 21:24:36,391][root][INFO] - train:
[2023-10-19 21:25:27,938][root][INFO] - val:
[2023-10-19 21:25:29,450][root][INFO] - Checkpoint saved to C:\Users\GeorgeS\Documents\facultate\master\projects\data\model_weights\CIFAR-100/PreResNet/baseline\2525\model_90_0.pth
[2023-10-19 21:25:29,451][root][INFO] - ===> epoch: 91/300
[2023-10-19 21:25:29,451][root][INFO] - train:
[2023-10-19 21:26:20,295][root][INFO] - val:
[2023-10-19 21:26:21,911][root][INFO] - Checkpoint saved to C:\Users\GeorgeS\Documents\facultate\master\projects\data\model_weights\CIFAR-100/PreResNet/baseline\2525\model_91_0.6604999899864197.pth
[2023-10-19 21:26:21,912][root][INFO] - ===> BEST Val/Accuracy PERFORMANCE: 0.66050
[2023-10-19 21:26:21,913][root][INFO] - ===> epoch: 92/300
[2023-10-19 21:26:21,913][root][INFO] - train:
[2023-10-19 21:27:11,697][root][INFO] - val:
[2023-10-19 21:27:13,267][root][INFO] - Checkpoint saved to C:\Users\GeorgeS\Documents\facultate\master\projects\data\model_weights\CIFAR-100/PreResNet/baseline\2525\model_92_0.6640999913215637.pth
[2023-10-19 21:27:13,268][root][INFO] - ===> BEST Val/Accuracy PERFORMANCE: 0.66410
[2023-10-19 21:27:13,269][root][INFO] - ===> epoch: 93/300
[2023-10-19 21:27:13,269][root][INFO] - train:
[2023-10-19 21:28:02,727][root][INFO] - val:
[2023-10-19 21:28:04,192][root][INFO] - ===> epoch: 94/300
[2023-10-19 21:28:04,193][root][INFO] - train:
[2023-10-19 21:28:53,685][root][INFO] - val:
[2023-10-19 21:28:55,340][root][INFO] - ===> epoch: 95/300
[2023-10-19 21:28:55,340][root][INFO] - train:
[2023-10-19 21:29:43,886][root][INFO] - val:
[2023-10-19 21:29:45,351][root][INFO] - ===> epoch: 96/300
[2023-10-19 21:29:45,351][root][INFO] - train:
[2023-10-19 21:30:34,633][root][INFO] - val:
[2023-10-19 21:30:36,153][root][INFO] - ===> epoch: 97/300
[2023-10-19 21:30:36,153][root][INFO] - train:
[2023-10-19 21:31:26,858][root][INFO] - val:
[2023-10-19 21:31:28,343][root][INFO] - ===> epoch: 98/300
[2023-10-19 21:31:28,343][root][INFO] - train:
[2023-10-19 21:32:17,521][root][INFO] - val:
[2023-10-19 21:32:19,164][root][INFO] - ===> epoch: 99/300
[2023-10-19 21:32:19,164][root][INFO] - train:
[2023-10-19 21:33:09,792][root][INFO] - val:
[2023-10-19 21:33:11,320][root][INFO] - ===> epoch: 100/300
[2023-10-19 21:33:11,320][root][INFO] - train:
[2023-10-19 21:34:02,644][root][INFO] - val:
[2023-10-19 21:34:04,191][root][INFO] - Checkpoint saved to C:\Users\GeorgeS\Documents\facultate\master\projects\data\model_weights\CIFAR-100/PreResNet/baseline\2525\model_100_0.pth
[2023-10-19 21:34:04,192][root][INFO] - ===> epoch: 101/300
[2023-10-19 21:34:04,193][root][INFO] - train:
[2023-10-19 21:34:54,719][root][INFO] - val:
[2023-10-19 21:34:56,213][root][INFO] - ===> epoch: 102/300
[2023-10-19 21:34:56,213][root][INFO] - train:
[2023-10-19 21:35:46,332][root][INFO] - val:
[2023-10-19 21:35:47,785][root][INFO] - ===> epoch: 103/300
[2023-10-19 21:35:47,786][root][INFO] - train:
[2023-10-19 21:36:36,586][root][INFO] - val:
[2023-10-19 21:36:38,061][root][INFO] - ===> epoch: 104/300
[2023-10-19 21:36:38,062][root][INFO] - train:
[2023-10-19 21:37:27,911][root][INFO] - val:
[2023-10-19 21:37:29,391][root][INFO] - ===> epoch: 105/300
[2023-10-19 21:37:29,392][root][INFO] - train:
[2023-10-19 21:38:18,522][root][INFO] - val:
[2023-10-19 21:38:19,989][root][INFO] - ===> epoch: 106/300
[2023-10-19 21:38:19,990][root][INFO] - train:
[2023-10-19 21:39:09,002][root][INFO] - val:
[2023-10-19 21:39:10,462][root][INFO] - ===> epoch: 107/300
[2023-10-19 21:39:10,462][root][INFO] - train:
[2023-10-19 21:39:59,468][root][INFO] - val:
[2023-10-19 21:40:00,944][root][INFO] - ===> epoch: 108/300
[2023-10-19 21:40:00,944][root][INFO] - train:
[2023-10-19 21:40:49,972][root][INFO] - val:
[2023-10-19 21:40:51,431][root][INFO] - ===> epoch: 109/300
[2023-10-19 21:40:51,432][root][INFO] - train:
[2023-10-19 21:41:40,548][root][INFO] - val:
[2023-10-19 21:41:42,006][root][INFO] - ===> epoch: 110/300
[2023-10-19 21:41:42,006][root][INFO] - train:
[2023-10-19 21:42:31,117][root][INFO] - val:
[2023-10-19 21:42:32,622][root][INFO] - Checkpoint saved to C:\Users\GeorgeS\Documents\facultate\master\projects\data\model_weights\CIFAR-100/PreResNet/baseline\2525\model_110_0.pth
[2023-10-19 21:42:32,622][root][INFO] - ===> epoch: 111/300
[2023-10-19 21:42:32,623][root][INFO] - train:
[2023-10-19 21:43:21,265][root][INFO] - val:
[2023-10-19 21:43:22,774][root][INFO] - ===> epoch: 112/300
[2023-10-19 21:43:22,775][root][INFO] - train:
[2023-10-19 21:44:11,803][root][INFO] - val:
[2023-10-19 21:44:13,270][root][INFO] - ===> epoch: 113/300
[2023-10-19 21:44:13,270][root][INFO] - train:
[2023-10-19 21:45:02,724][root][INFO] - val:
[2023-10-19 21:45:04,185][root][INFO] - ===> epoch: 114/300
[2023-10-19 21:45:04,186][root][INFO] - train:
[2023-10-19 21:45:53,017][root][INFO] - val:
[2023-10-19 21:45:54,503][root][INFO] - ===> epoch: 115/300
[2023-10-19 21:45:54,504][root][INFO] - train:
[2023-10-19 21:46:43,404][root][INFO] - val:
[2023-10-19 21:46:45,016][root][INFO] - ===> epoch: 116/300
[2023-10-19 21:46:45,017][root][INFO] - train:
[2023-10-19 21:47:34,083][root][INFO] - val:
[2023-10-19 21:47:35,575][root][INFO] - ===> epoch: 117/300
[2023-10-19 21:47:35,575][root][INFO] - train:
[2023-10-19 21:48:26,410][root][INFO] - val:
[2023-10-19 21:48:27,917][root][INFO] - ===> epoch: 118/300
[2023-10-19 21:48:27,918][root][INFO] - train:
[2023-10-19 21:49:18,627][root][INFO] - val:
[2023-10-19 21:49:20,090][root][INFO] - ===> epoch: 119/300
[2023-10-19 21:49:20,091][root][INFO] - train:
[2023-10-19 21:50:10,598][root][INFO] - val:
[2023-10-19 21:50:12,062][root][INFO] - ===> epoch: 120/300
[2023-10-19 21:50:12,063][root][INFO] - train:
[2023-10-19 21:51:00,904][root][INFO] - val:
[2023-10-19 21:51:02,412][root][INFO] - Checkpoint saved to C:\Users\GeorgeS\Documents\facultate\master\projects\data\model_weights\CIFAR-100/PreResNet/baseline\2525\model_120_0.pth
[2023-10-19 21:51:02,414][root][INFO] - ===> epoch: 121/300
[2023-10-19 21:51:02,414][root][INFO] - train:
[2023-10-19 21:51:51,740][root][INFO] - val:
[2023-10-19 21:51:53,255][root][INFO] - Checkpoint saved to C:\Users\GeorgeS\Documents\facultate\master\projects\data\model_weights\CIFAR-100/PreResNet/baseline\2525\model_121_0.666100025177002.pth
[2023-10-19 21:51:53,256][root][INFO] - ===> BEST Val/Accuracy PERFORMANCE: 0.66610
[2023-10-19 21:51:53,257][root][INFO] - ===> epoch: 122/300
[2023-10-19 21:51:53,257][root][INFO] - train:
[2023-10-19 21:52:40,736][root][INFO] - val:
[2023-10-19 21:52:42,331][root][INFO] - Checkpoint saved to C:\Users\GeorgeS\Documents\facultate\master\projects\data\model_weights\CIFAR-100/PreResNet/baseline\2525\model_122_0.6668000221252441.pth
[2023-10-19 21:52:42,331][root][INFO] - ===> BEST Val/Accuracy PERFORMANCE: 0.66680
[2023-10-19 21:52:42,332][root][INFO] - ===> epoch: 123/300
[2023-10-19 21:52:42,332][root][INFO] - train:
[2023-10-19 21:53:29,753][root][INFO] - val:
[2023-10-19 21:53:31,240][root][INFO] - ===> epoch: 124/300
[2023-10-19 21:53:31,240][root][INFO] - train:
[2023-10-19 21:54:18,353][root][INFO] - val:
[2023-10-19 21:54:20,078][root][INFO] - Checkpoint saved to C:\Users\GeorgeS\Documents\facultate\master\projects\data\model_weights\CIFAR-100/PreResNet/baseline\2525\model_124_0.6676999926567078.pth
[2023-10-19 21:54:20,079][root][INFO] - ===> BEST Val/Accuracy PERFORMANCE: 0.66770
[2023-10-19 21:54:20,079][root][INFO] - ===> epoch: 125/300
[2023-10-19 21:54:20,080][root][INFO] - train:
[2023-10-19 21:55:07,363][root][INFO] - val:
[2023-10-19 21:55:08,821][root][INFO] - ===> epoch: 126/300
[2023-10-19 21:55:08,821][root][INFO] - train:
[2023-10-19 21:55:55,669][root][INFO] - val:
[2023-10-19 21:55:57,131][root][INFO] - ===> epoch: 127/300
[2023-10-19 21:55:57,131][root][INFO] - train:
[2023-10-19 21:56:43,801][root][INFO] - val:
[2023-10-19 21:56:45,296][root][INFO] - ===> epoch: 128/300
[2023-10-19 21:56:45,296][root][INFO] - train:
[2023-10-19 21:57:31,752][root][INFO] - val:
[2023-10-19 21:57:33,209][root][INFO] - ===> epoch: 129/300
[2023-10-19 21:57:33,209][root][INFO] - train:
[2023-10-19 21:58:19,680][root][INFO] - val:
[2023-10-19 21:58:21,143][root][INFO] - ===> epoch: 130/300
[2023-10-19 21:58:21,143][root][INFO] - train:
[2023-10-19 21:59:07,434][root][INFO] - val:
[2023-10-19 21:59:08,934][root][INFO] - Checkpoint saved to C:\Users\GeorgeS\Documents\facultate\master\projects\data\model_weights\CIFAR-100/PreResNet/baseline\2525\model_130_0.pth
[2023-10-19 21:59:08,935][root][INFO] - ===> epoch: 131/300
[2023-10-19 21:59:08,935][root][INFO] - train:
[2023-10-19 21:59:55,513][root][INFO] - val:
[2023-10-19 21:59:56,991][root][INFO] - ===> epoch: 132/300
[2023-10-19 21:59:56,991][root][INFO] - train:
[2023-10-19 22:00:43,823][root][INFO] - val:
[2023-10-19 22:00:45,308][root][INFO] - ===> epoch: 133/300
[2023-10-19 22:00:45,309][root][INFO] - train:
[2023-10-19 22:01:31,697][root][INFO] - val:
[2023-10-19 22:01:33,159][root][INFO] - ===> epoch: 134/300
[2023-10-19 22:01:33,160][root][INFO] - train:
[2023-10-19 22:02:19,610][root][INFO] - val:
[2023-10-19 22:02:21,074][root][INFO] - ===> epoch: 135/300
[2023-10-19 22:02:21,074][root][INFO] - train:
[2023-10-19 22:03:07,384][root][INFO] - val:
[2023-10-19 22:03:08,852][root][INFO] - ===> epoch: 136/300
[2023-10-19 22:03:08,852][root][INFO] - train:
[2023-10-19 22:03:55,243][root][INFO] - val:
[2023-10-19 22:03:56,791][root][INFO] - ===> epoch: 137/300
[2023-10-19 22:03:56,792][root][INFO] - train:
[2023-10-19 22:04:43,450][root][INFO] - val:
[2023-10-19 22:04:44,925][root][INFO] - ===> epoch: 138/300
[2023-10-19 22:04:44,925][root][INFO] - train:
[2023-10-19 22:05:31,406][root][INFO] - val:
[2023-10-19 22:05:32,870][root][INFO] - ===> epoch: 139/300
[2023-10-19 22:05:32,871][root][INFO] - train:
[2023-10-19 22:06:19,705][root][INFO] - val:
[2023-10-19 22:06:21,183][root][INFO] - ===> epoch: 140/300
[2023-10-19 22:06:21,184][root][INFO] - train:
[2023-10-19 22:07:07,997][root][INFO] - val:
[2023-10-19 22:07:09,496][root][INFO] - Checkpoint saved to C:\Users\GeorgeS\Documents\facultate\master\projects\data\model_weights\CIFAR-100/PreResNet/baseline\2525\model_140_0.pth
[2023-10-19 22:07:09,497][root][INFO] - ===> epoch: 141/300
[2023-10-19 22:07:09,498][root][INFO] - train:
[2023-10-19 22:07:56,705][root][INFO] - val:
[2023-10-19 22:07:58,290][root][INFO] - ===> epoch: 142/300
[2023-10-19 22:07:58,290][root][INFO] - train:
[2023-10-19 22:08:46,041][root][INFO] - val:
[2023-10-19 22:08:47,515][root][INFO] - ===> epoch: 143/300
[2023-10-19 22:08:47,516][root][INFO] - train:
[2023-10-19 22:09:34,222][root][INFO] - val:
[2023-10-19 22:09:35,679][root][INFO] - ===> epoch: 144/300
[2023-10-19 22:09:35,679][root][INFO] - train:
[2023-10-19 22:10:22,017][root][INFO] - val:
[2023-10-19 22:10:23,526][root][INFO] - ===> epoch: 145/300
[2023-10-19 22:10:23,526][root][INFO] - train:
[2023-10-19 22:11:10,549][root][INFO] - val:
[2023-10-19 22:11:12,013][root][INFO] - ===> epoch: 146/300
[2023-10-19 22:11:12,013][root][INFO] - train:
[2023-10-19 22:11:58,400][root][INFO] - val:
[2023-10-19 22:11:59,871][root][INFO] - ===> epoch: 147/300
[2023-10-19 22:11:59,872][root][INFO] - train:
[2023-10-19 22:12:49,601][root][INFO] - val:
[2023-10-19 22:12:51,172][root][INFO] - ===> epoch: 148/300
[2023-10-19 22:12:51,173][root][INFO] - train:
[2023-10-19 22:13:38,459][root][INFO] - val:
[2023-10-19 22:13:40,098][root][INFO] - ===> epoch: 149/300
[2023-10-19 22:13:40,098][root][INFO] - train:
[2023-10-19 22:14:27,447][root][INFO] - val:
[2023-10-19 22:14:28,917][root][INFO] - ===> epoch: 150/300
[2023-10-19 22:14:28,917][root][INFO] - train:
[2023-10-19 22:15:15,794][root][INFO] - val:
[2023-10-19 22:15:17,320][root][INFO] - Checkpoint saved to C:\Users\GeorgeS\Documents\facultate\master\projects\data\model_weights\CIFAR-100/PreResNet/baseline\2525\model_150_0.pth
[2023-10-19 22:15:17,321][root][INFO] - ===> epoch: 151/300
[2023-10-19 22:15:17,321][root][INFO] - train:
[2023-10-19 22:16:06,324][root][INFO] - val:
[2023-10-19 22:16:07,815][root][INFO] - Checkpoint saved to C:\Users\GeorgeS\Documents\facultate\master\projects\data\model_weights\CIFAR-100/PreResNet/baseline\2525\model_151_0.6697999835014343.pth
[2023-10-19 22:16:07,816][root][INFO] - ===> BEST Val/Accuracy PERFORMANCE: 0.66980
[2023-10-19 22:16:07,816][root][INFO] - ===> epoch: 152/300
[2023-10-19 22:16:07,817][root][INFO] - train:
[2023-10-19 22:16:53,425][root][INFO] - val:
[2023-10-19 22:16:54,928][root][INFO] - Checkpoint saved to C:\Users\GeorgeS\Documents\facultate\master\projects\data\model_weights\CIFAR-100/PreResNet/baseline\2525\model_152_0.675599992275238.pth
[2023-10-19 22:16:54,929][root][INFO] - ===> BEST Val/Accuracy PERFORMANCE: 0.67560
[2023-10-19 22:16:54,930][root][INFO] - ===> epoch: 153/300
[2023-10-19 22:16:54,930][root][INFO] - train:
[2023-10-19 22:17:41,108][root][INFO] - val:
[2023-10-19 22:17:42,591][root][INFO] - ===> epoch: 154/300
[2023-10-19 22:17:42,591][root][INFO] - train:
[2023-10-19 22:18:28,611][root][INFO] - val:
[2023-10-19 22:18:30,068][root][INFO] - ===> epoch: 155/300
[2023-10-19 22:18:30,069][root][INFO] - train:
[2023-10-19 22:19:15,768][root][INFO] - val:
[2023-10-19 22:19:17,253][root][INFO] - ===> epoch: 156/300
[2023-10-19 22:19:17,254][root][INFO] - train:
[2023-10-19 22:20:03,841][root][INFO] - val:
[2023-10-19 22:20:05,319][root][INFO] - ===> epoch: 157/300
[2023-10-19 22:20:05,319][root][INFO] - train:
[2023-10-19 22:20:50,732][root][INFO] - val:
[2023-10-19 22:20:52,187][root][INFO] - ===> epoch: 158/300
[2023-10-19 22:20:52,187][root][INFO] - train:
[2023-10-19 22:21:37,587][root][INFO] - val:
[2023-10-19 22:21:39,049][root][INFO] - ===> epoch: 159/300
[2023-10-19 22:21:39,049][root][INFO] - train:
[2023-10-19 22:22:24,590][root][INFO] - val:
[2023-10-19 22:22:26,200][root][INFO] - ===> epoch: 160/300
[2023-10-19 22:22:26,201][root][INFO] - train:
[2023-10-19 22:23:11,511][root][INFO] - val:
[2023-10-19 22:23:13,015][root][INFO] - Checkpoint saved to C:\Users\GeorgeS\Documents\facultate\master\projects\data\model_weights\CIFAR-100/PreResNet/baseline\2525\model_160_0.pth
[2023-10-19 22:23:13,016][root][INFO] - ===> epoch: 161/300
[2023-10-19 22:23:13,016][root][INFO] - train:
[2023-10-19 22:23:58,656][root][INFO] - val:
[2023-10-19 22:24:00,131][root][INFO] - ===> epoch: 162/300
[2023-10-19 22:24:00,131][root][INFO] - train:
[2023-10-19 22:24:45,287][root][INFO] - val:
[2023-10-19 22:24:46,766][root][INFO] - ===> epoch: 163/300
[2023-10-19 22:24:46,766][root][INFO] - train:
[2023-10-19 22:25:32,084][root][INFO] - val:
[2023-10-19 22:25:33,541][root][INFO] - ===> epoch: 164/300
[2023-10-19 22:25:33,542][root][INFO] - train:
[2023-10-19 22:26:18,821][root][INFO] - val:
[2023-10-19 22:26:20,292][root][INFO] - ===> epoch: 165/300
[2023-10-19 22:26:20,293][root][INFO] - train:
[2023-10-19 22:27:05,552][root][INFO] - val:
[2023-10-19 22:27:07,007][root][INFO] - ===> epoch: 166/300
[2023-10-19 22:27:07,007][root][INFO] - train:
[2023-10-19 22:27:52,108][root][INFO] - val:
[2023-10-19 22:27:53,560][root][INFO] - ===> epoch: 167/300
[2023-10-19 22:27:53,560][root][INFO] - train:
[2023-10-19 22:28:38,748][root][INFO] - val:
[2023-10-19 22:28:40,213][root][INFO] - ===> epoch: 168/300
[2023-10-19 22:28:40,214][root][INFO] - train:
[2023-10-19 22:29:25,572][root][INFO] - val:
[2023-10-19 22:29:27,034][root][INFO] - ===> epoch: 169/300
[2023-10-19 22:29:27,035][root][INFO] - train:
[2023-10-19 22:30:12,314][root][INFO] - val:
[2023-10-19 22:30:13,779][root][INFO] - ===> epoch: 170/300
[2023-10-19 22:30:13,779][root][INFO] - train:
[2023-10-19 22:30:59,085][root][INFO] - val:
[2023-10-19 22:31:00,732][root][INFO] - Checkpoint saved to C:\Users\GeorgeS\Documents\facultate\master\projects\data\model_weights\CIFAR-100/PreResNet/baseline\2525\model_170_0.pth
[2023-10-19 22:31:00,733][root][INFO] - ===> epoch: 171/300
[2023-10-19 22:31:00,733][root][INFO] - train:
[2023-10-19 22:31:45,925][root][INFO] - val:
[2023-10-19 22:31:47,385][root][INFO] - ===> epoch: 172/300
[2023-10-19 22:31:47,385][root][INFO] - train:
[2023-10-19 22:32:33,012][root][INFO] - val:
[2023-10-19 22:32:34,478][root][INFO] - ===> epoch: 173/300
[2023-10-19 22:32:34,479][root][INFO] - train:
[2023-10-19 22:33:20,116][root][INFO] - val:
[2023-10-19 22:33:21,568][root][INFO] - ===> epoch: 174/300
[2023-10-19 22:33:21,569][root][INFO] - train:
[2023-10-19 22:34:08,393][root][INFO] - val:
[2023-10-19 22:34:09,971][root][INFO] - ===> epoch: 175/300
[2023-10-19 22:34:09,971][root][INFO] - train:
[2023-10-19 22:34:55,716][root][INFO] - val:
[2023-10-19 22:34:57,369][root][INFO] - ===> epoch: 176/300
[2023-10-19 22:34:57,370][root][INFO] - train:
[2023-10-19 22:35:42,690][root][INFO] - val:
[2023-10-19 22:35:44,150][root][INFO] - ===> epoch: 177/300
[2023-10-19 22:35:44,150][root][INFO] - train:
[2023-10-19 22:36:30,561][root][INFO] - val:
[2023-10-19 22:36:32,085][root][INFO] - ===> epoch: 178/300
[2023-10-19 22:36:32,086][root][INFO] - train:
[2023-10-19 22:37:17,839][root][INFO] - val:
[2023-10-19 22:37:19,308][root][INFO] - ===> epoch: 179/300
[2023-10-19 22:37:19,308][root][INFO] - train:
[2023-10-19 22:38:05,406][root][INFO] - val:
[2023-10-19 22:38:06,858][root][INFO] - ===> epoch: 180/300
[2023-10-19 22:38:06,859][root][INFO] - train:
[2023-10-19 22:38:52,314][root][INFO] - val:
[2023-10-19 22:38:53,814][root][INFO] - Checkpoint saved to C:\Users\GeorgeS\Documents\facultate\master\projects\data\model_weights\CIFAR-100/PreResNet/baseline\2525\model_180_0.pth
[2023-10-19 22:38:53,815][root][INFO] - ===> epoch: 181/300
[2023-10-19 22:38:53,815][root][INFO] - train:
[2023-10-19 22:39:42,368][root][INFO] - val:
[2023-10-19 22:39:43,847][root][INFO] - ===> epoch: 182/300
[2023-10-19 22:39:43,847][root][INFO] - train:
[2023-10-19 22:40:27,977][root][INFO] - val:
[2023-10-19 22:40:29,464][root][INFO] - ===> epoch: 183/300
[2023-10-19 22:40:29,465][root][INFO] - train:
[2023-10-19 22:41:13,955][root][INFO] - val:
[2023-10-19 22:41:15,419][root][INFO] - ===> epoch: 184/300
[2023-10-19 22:41:15,420][root][INFO] - train:
[2023-10-19 22:41:59,736][root][INFO] - val:
[2023-10-19 22:42:01,219][root][INFO] - ===> epoch: 185/300
[2023-10-19 22:42:01,220][root][INFO] - train:
[2023-10-19 22:42:45,476][root][INFO] - val:
[2023-10-19 22:42:46,986][root][INFO] - ===> epoch: 186/300
[2023-10-19 22:42:46,987][root][INFO] - train:
[2023-10-19 22:43:31,689][root][INFO] - val:
[2023-10-19 22:43:33,157][root][INFO] - ===> epoch: 187/300
[2023-10-19 22:43:33,157][root][INFO] - train:
[2023-10-19 22:44:17,100][root][INFO] - val:
[2023-10-19 22:44:18,700][root][INFO] - ===> epoch: 188/300
[2023-10-19 22:44:18,701][root][INFO] - train:
[2023-10-19 22:45:02,788][root][INFO] - val:
[2023-10-19 22:45:04,430][root][INFO] - ===> epoch: 189/300
[2023-10-19 22:45:04,430][root][INFO] - train:
[2023-10-19 22:45:48,841][root][INFO] - val:
[2023-10-19 22:45:50,315][root][INFO] - ===> epoch: 190/300
[2023-10-19 22:45:50,316][root][INFO] - train:
[2023-10-19 22:46:34,569][root][INFO] - val:
[2023-10-19 22:46:36,064][root][INFO] - Checkpoint saved to C:\Users\GeorgeS\Documents\facultate\master\projects\data\model_weights\CIFAR-100/PreResNet/baseline\2525\model_190_0.pth
[2023-10-19 22:46:36,065][root][INFO] - ===> epoch: 191/300
[2023-10-19 22:46:36,065][root][INFO] - train:
[2023-10-19 22:47:20,560][root][INFO] - val:
[2023-10-19 22:47:22,030][root][INFO] - ===> epoch: 192/300
[2023-10-19 22:47:22,031][root][INFO] - train:
[2023-10-19 22:48:06,127][root][INFO] - val:
[2023-10-19 22:48:07,585][root][INFO] - ===> epoch: 193/300
[2023-10-19 22:48:07,586][root][INFO] - train:
[2023-10-19 22:48:52,239][root][INFO] - val:
[2023-10-19 22:48:53,707][root][INFO] - ===> epoch: 194/300
[2023-10-19 22:48:53,707][root][INFO] - train:
[2023-10-19 22:49:37,767][root][INFO] - val:
[2023-10-19 22:49:39,283][root][INFO] - ===> epoch: 195/300
[2023-10-19 22:49:39,284][root][INFO] - train:
[2023-10-19 22:50:24,667][root][INFO] - val:
[2023-10-19 22:50:26,215][root][INFO] - ===> epoch: 196/300
[2023-10-19 22:50:26,215][root][INFO] - train:
[2023-10-19 22:51:11,131][root][INFO] - val:
[2023-10-19 22:51:12,612][root][INFO] - ===> epoch: 197/300
[2023-10-19 22:51:12,613][root][INFO] - train:
[2023-10-19 22:51:57,371][root][INFO] - val:
[2023-10-19 22:51:58,871][root][INFO] - ===> epoch: 198/300
[2023-10-19 22:51:58,871][root][INFO] - train:
[2023-10-19 22:52:43,132][root][INFO] - val:
[2023-10-19 22:52:44,610][root][INFO] - ===> epoch: 199/300
[2023-10-19 22:52:44,610][root][INFO] - train:
[2023-10-19 22:53:29,734][root][INFO] - val:
[2023-10-19 22:53:31,239][root][INFO] - ===> epoch: 200/300
[2023-10-19 22:53:31,239][root][INFO] - train:
[2023-10-19 22:54:17,076][root][INFO] - val:
[2023-10-19 22:54:18,589][root][INFO] - Checkpoint saved to C:\Users\GeorgeS\Documents\facultate\master\projects\data\model_weights\CIFAR-100/PreResNet/baseline\2525\model_200_0.pth
[2023-10-19 22:54:18,590][root][INFO] - ===> epoch: 201/300
[2023-10-19 22:54:18,590][root][INFO] - train:
[2023-10-19 22:55:04,630][root][INFO] - val:
[2023-10-19 22:55:06,124][root][INFO] - ===> epoch: 202/300
[2023-10-19 22:55:06,125][root][INFO] - train:
[2023-10-19 22:55:50,000][root][INFO] - val:
[2023-10-19 22:55:51,452][root][INFO] - ===> epoch: 203/300
[2023-10-19 22:55:51,453][root][INFO] - train:
[2023-10-19 22:56:35,435][root][INFO] - val:
[2023-10-19 22:56:36,905][root][INFO] - ===> epoch: 204/300
[2023-10-19 22:56:36,905][root][INFO] - train:
[2023-10-19 22:57:21,260][root][INFO] - val:
[2023-10-19 22:57:22,734][root][INFO] - ===> epoch: 205/300
[2023-10-19 22:57:22,734][root][INFO] - train:
[2023-10-19 22:58:06,808][root][INFO] - val:
[2023-10-19 22:58:08,269][root][INFO] - ===> epoch: 206/300
[2023-10-19 22:58:08,269][root][INFO] - train:
[2023-10-19 22:58:52,009][root][INFO] - val:
[2023-10-19 22:58:53,468][root][INFO] - ===> epoch: 207/300
[2023-10-19 22:58:53,468][root][INFO] - train:
[2023-10-19 22:59:37,234][root][INFO] - val:
[2023-10-19 22:59:38,699][root][INFO] - ===> epoch: 208/300
[2023-10-19 22:59:38,699][root][INFO] - train:
[2023-10-19 23:00:23,353][root][INFO] - val:
[2023-10-19 23:00:24,960][root][INFO] - ===> epoch: 209/300
[2023-10-19 23:00:24,961][root][INFO] - train:
[2023-10-19 23:01:08,544][root][INFO] - val:
[2023-10-19 23:01:10,009][root][INFO] - ===> epoch: 210/300
[2023-10-19 23:01:10,009][root][INFO] - train:
[2023-10-19 23:01:53,884][root][INFO] - val:
[2023-10-19 23:01:55,569][root][INFO] - Checkpoint saved to C:\Users\GeorgeS\Documents\facultate\master\projects\data\model_weights\CIFAR-100/PreResNet/baseline\2525\model_210_0.pth
[2023-10-19 23:01:55,570][root][INFO] - ===> epoch: 211/300
[2023-10-19 23:01:55,570][root][INFO] - train:
[2023-10-19 23:02:43,341][root][INFO] - val:
[2023-10-19 23:02:45,040][root][INFO] - ===> epoch: 212/300
[2023-10-19 23:02:45,041][root][INFO] - train:
[2023-10-19 23:03:26,717][root][INFO] - val:
[2023-10-19 23:03:28,375][root][INFO] - ===> epoch: 213/300
[2023-10-19 23:03:28,376][root][INFO] - train:
[2023-10-19 23:04:10,042][root][INFO] - val:
[2023-10-19 23:04:11,670][root][INFO] - ===> epoch: 214/300
[2023-10-19 23:04:11,670][root][INFO] - train:
[2023-10-19 23:04:52,920][root][INFO] - val:
[2023-10-19 23:04:54,477][root][INFO] - ===> epoch: 215/300
[2023-10-19 23:04:54,477][root][INFO] - train:
[2023-10-19 23:05:36,018][root][INFO] - val:
[2023-10-19 23:05:37,626][root][INFO] - ===> epoch: 216/300
[2023-10-19 23:05:37,627][root][INFO] - train:
[2023-10-19 23:06:19,122][root][INFO] - val:
[2023-10-19 23:06:20,755][root][INFO] - ===> epoch: 217/300
[2023-10-19 23:06:20,755][root][INFO] - train:
[2023-10-19 23:07:02,305][root][INFO] - val:
[2023-10-19 23:07:03,911][root][INFO] - ===> epoch: 218/300
[2023-10-19 23:07:03,912][root][INFO] - train:
[2023-10-19 23:07:45,061][root][INFO] - val:
[2023-10-19 23:07:46,727][root][INFO] - ===> epoch: 219/300
[2023-10-19 23:07:46,728][root][INFO] - train:
[2023-10-19 23:08:28,325][root][INFO] - val:
[2023-10-19 23:08:30,026][root][INFO] - ===> epoch: 220/300
[2023-10-19 23:08:30,027][root][INFO] - train:
[2023-10-19 23:09:11,634][root][INFO] - val:
[2023-10-19 23:09:13,373][root][INFO] - Checkpoint saved to C:\Users\GeorgeS\Documents\facultate\master\projects\data\model_weights\CIFAR-100/PreResNet/baseline\2525\model_220_0.pth
[2023-10-19 23:09:13,373][root][INFO] - ===> epoch: 221/300
[2023-10-19 23:09:13,374][root][INFO] - train:
[2023-10-19 23:09:54,654][root][INFO] - val:
[2023-10-19 23:09:56,330][root][INFO] - ===> epoch: 222/300
[2023-10-19 23:09:56,331][root][INFO] - train:
[2023-10-19 23:10:37,444][root][INFO] - val:
[2023-10-19 23:10:39,121][root][INFO] - ===> epoch: 223/300
[2023-10-19 23:10:39,121][root][INFO] - train:
[2023-10-19 23:11:20,606][root][INFO] - val:
[2023-10-19 23:11:22,276][root][INFO] - ===> epoch: 224/300
[2023-10-19 23:11:22,277][root][INFO] - train:
[2023-10-19 23:12:03,690][root][INFO] - val:
[2023-10-19 23:12:05,262][root][INFO] - ===> epoch: 225/300
[2023-10-19 23:12:05,263][root][INFO] - train:
[2023-10-19 23:12:46,781][root][INFO] - val:
[2023-10-19 23:12:48,405][root][INFO] - ===> epoch: 226/300
[2023-10-19 23:12:48,406][root][INFO] - train:
[2023-10-19 23:13:29,868][root][INFO] - val:
[2023-10-19 23:13:31,545][root][INFO] - ===> epoch: 227/300
[2023-10-19 23:13:31,546][root][INFO] - train:
[2023-10-19 23:14:12,643][root][INFO] - val:
[2023-10-19 23:14:14,203][root][INFO] - ===> epoch: 228/300
[2023-10-19 23:14:14,203][root][INFO] - train:
[2023-10-19 23:14:55,602][root][INFO] - val:
[2023-10-19 23:14:57,179][root][INFO] - ===> epoch: 229/300
[2023-10-19 23:14:57,181][root][INFO] - train:
[2023-10-19 23:15:38,643][root][INFO] - val:
[2023-10-19 23:15:40,317][root][INFO] - ===> epoch: 230/300
[2023-10-19 23:15:40,317][root][INFO] - train:
[2023-10-19 23:16:21,859][root][INFO] - val:
[2023-10-19 23:16:23,504][root][INFO] - Checkpoint saved to C:\Users\GeorgeS\Documents\facultate\master\projects\data\model_weights\CIFAR-100/PreResNet/baseline\2525\model_230_0.pth
[2023-10-19 23:16:23,505][root][INFO] - ===> epoch: 231/300
[2023-10-19 23:16:23,505][root][INFO] - train:
[2023-10-19 23:17:04,599][root][INFO] - val:
[2023-10-19 23:17:06,544][root][INFO] - ===> epoch: 232/300
[2023-10-19 23:17:06,545][root][INFO] - train:
[2023-10-19 23:17:47,696][root][INFO] - val:
[2023-10-19 23:17:49,380][root][INFO] - ===> epoch: 233/300
[2023-10-19 23:17:49,381][root][INFO] - train:
[2023-10-19 23:18:30,825][root][INFO] - val:
[2023-10-19 23:18:32,392][root][INFO] - ===> epoch: 234/300
[2023-10-19 23:18:32,392][root][INFO] - train:
[2023-10-19 23:19:13,877][root][INFO] - val:
[2023-10-19 23:19:15,533][root][INFO] - ===> epoch: 235/300
[2023-10-19 23:19:15,533][root][INFO] - train:
[2023-10-19 23:19:56,961][root][INFO] - val:
[2023-10-19 23:19:58,521][root][INFO] - ===> epoch: 236/300
[2023-10-19 23:19:58,521][root][INFO] - train:
[2023-10-19 23:20:39,996][root][INFO] - val:
[2023-10-19 23:20:41,654][root][INFO] - ===> epoch: 237/300
[2023-10-19 23:20:41,654][root][INFO] - train:
[2023-10-19 23:21:22,791][root][INFO] - val:
[2023-10-19 23:21:24,449][root][INFO] - ===> epoch: 238/300
[2023-10-19 23:21:24,449][root][INFO] - train:
[2023-10-19 23:22:05,968][root][INFO] - val:
[2023-10-19 23:22:07,598][root][INFO] - ===> epoch: 239/300
[2023-10-19 23:22:07,599][root][INFO] - train:
[2023-10-19 23:22:49,004][root][INFO] - val:
[2023-10-19 23:22:50,605][root][INFO] - ===> epoch: 240/300
[2023-10-19 23:22:50,606][root][INFO] - train:
[2023-10-19 23:23:32,007][root][INFO] - val:
[2023-10-19 23:23:33,600][root][INFO] - Checkpoint saved to C:\Users\GeorgeS\Documents\facultate\master\projects\data\model_weights\CIFAR-100/PreResNet/baseline\2525\model_240_0.pth
[2023-10-19 23:23:33,601][root][INFO] - ===> epoch: 241/300
[2023-10-19 23:23:33,601][root][INFO] - train:
[2023-10-19 23:24:21,313][root][INFO] - val:
[2023-10-19 23:24:22,891][root][INFO] - ===> epoch: 242/300
[2023-10-19 23:24:22,892][root][INFO] - train:
[2023-10-19 23:25:01,301][root][INFO] - val:
[2023-10-19 23:25:02,875][root][INFO] - ===> epoch: 243/300
[2023-10-19 23:25:02,875][root][INFO] - train:
[2023-10-19 23:25:41,535][root][INFO] - val:
[2023-10-19 23:25:43,171][root][INFO] - ===> epoch: 244/300
[2023-10-19 23:25:43,172][root][INFO] - train:
[2023-10-19 23:26:21,816][root][INFO] - val:
[2023-10-19 23:26:23,462][root][INFO] - ===> epoch: 245/300
[2023-10-19 23:26:23,462][root][INFO] - train:
[2023-10-19 23:27:02,151][root][INFO] - val:
[2023-10-19 23:27:03,760][root][INFO] - ===> epoch: 246/300
[2023-10-19 23:27:03,760][root][INFO] - train:
[2023-10-19 23:27:42,330][root][INFO] - val:
[2023-10-19 23:27:43,919][root][INFO] - ===> epoch: 247/300
[2023-10-19 23:27:43,920][root][INFO] - train:
[2023-10-19 23:28:22,387][root][INFO] - val:
[2023-10-19 23:28:24,028][root][INFO] - ===> epoch: 248/300
[2023-10-19 23:28:24,029][root][INFO] - train:
[2023-10-19 23:29:02,545][root][INFO] - val:
[2023-10-19 23:29:04,160][root][INFO] - ===> epoch: 249/300
[2023-10-19 23:29:04,160][root][INFO] - train:
[2023-10-19 23:29:42,810][root][INFO] - val:
[2023-10-19 23:29:44,459][root][INFO] - ===> epoch: 250/300
[2023-10-19 23:29:44,460][root][INFO] - train:
[2023-10-19 23:30:22,857][root][INFO] - val:
[2023-10-19 23:30:24,807][root][INFO] - Checkpoint saved to C:\Users\GeorgeS\Documents\facultate\master\projects\data\model_weights\CIFAR-100/PreResNet/baseline\2525\model_250_0.pth
[2023-10-19 23:30:24,808][root][INFO] - ===> epoch: 251/300
[2023-10-19 23:30:24,809][root][INFO] - train:
[2023-10-19 23:31:03,159][root][INFO] - val:
[2023-10-19 23:31:04,742][root][INFO] - ===> epoch: 252/300
[2023-10-19 23:31:04,742][root][INFO] - train:
[2023-10-19 23:31:43,312][root][INFO] - val:
[2023-10-19 23:31:44,886][root][INFO] - ===> epoch: 253/300
[2023-10-19 23:31:44,886][root][INFO] - train:
[2023-10-19 23:32:23,479][root][INFO] - val:
[2023-10-19 23:32:25,175][root][INFO] - ===> epoch: 254/300
[2023-10-19 23:32:25,176][root][INFO] - train:
[2023-10-19 23:33:03,844][root][INFO] - val:
[2023-10-19 23:33:05,475][root][INFO] - ===> epoch: 255/300
[2023-10-19 23:33:05,475][root][INFO] - train:
[2023-10-19 23:33:44,242][root][INFO] - val:
[2023-10-19 23:33:45,941][root][INFO] - ===> epoch: 256/300
[2023-10-19 23:33:45,942][root][INFO] - train:
[2023-10-19 23:34:24,618][root][INFO] - val:
[2023-10-19 23:34:26,246][root][INFO] - ===> epoch: 257/300
[2023-10-19 23:34:26,247][root][INFO] - train:
[2023-10-19 23:35:05,045][root][INFO] - val:
[2023-10-19 23:35:06,722][root][INFO] - ===> epoch: 258/300
[2023-10-19 23:35:06,723][root][INFO] - train:
[2023-10-19 23:35:45,610][root][INFO] - val:
[2023-10-19 23:35:47,188][root][INFO] - ===> epoch: 259/300
[2023-10-19 23:35:47,189][root][INFO] - train:
[2023-10-19 23:36:25,513][root][INFO] - val:
[2023-10-19 23:36:27,355][root][INFO] - ===> epoch: 260/300
[2023-10-19 23:36:27,355][root][INFO] - train:
[2023-10-19 23:37:05,808][root][INFO] - val:
[2023-10-19 23:37:07,503][root][INFO] - Checkpoint saved to C:\Users\GeorgeS\Documents\facultate\master\projects\data\model_weights\CIFAR-100/PreResNet/baseline\2525\model_260_0.pth
[2023-10-19 23:37:07,503][root][INFO] - ===> epoch: 261/300
[2023-10-19 23:37:07,503][root][INFO] - train:
[2023-10-19 23:37:46,290][root][INFO] - val:
[2023-10-19 23:37:47,931][root][INFO] - ===> epoch: 262/300
[2023-10-19 23:37:47,931][root][INFO] - train:
[2023-10-19 23:38:26,660][root][INFO] - val:
[2023-10-19 23:38:28,258][root][INFO] - ===> epoch: 263/300
[2023-10-19 23:38:28,259][root][INFO] - train:
[2023-10-19 23:39:06,957][root][INFO] - val:
[2023-10-19 23:39:08,544][root][INFO] - ===> epoch: 264/300
[2023-10-19 23:39:08,544][root][INFO] - train:
[2023-10-19 23:39:47,197][root][INFO] - val:
[2023-10-19 23:39:48,834][root][INFO] - ===> epoch: 265/300
[2023-10-19 23:39:48,835][root][INFO] - train:
[2023-10-19 23:40:27,649][root][INFO] - val:
[2023-10-19 23:40:29,294][root][INFO] - ===> epoch: 266/300
[2023-10-19 23:40:29,295][root][INFO] - train:
[2023-10-19 23:41:08,020][root][INFO] - val:
[2023-10-19 23:41:09,610][root][INFO] - ===> epoch: 267/300
[2023-10-19 23:41:09,610][root][INFO] - train:
[2023-10-19 23:41:48,459][root][INFO] - val:
[2023-10-19 23:41:50,080][root][INFO] - ===> epoch: 268/300
[2023-10-19 23:41:50,080][root][INFO] - train:
[2023-10-19 23:42:28,436][root][INFO] - val:
[2023-10-19 23:42:30,375][root][INFO] - ===> epoch: 269/300
[2023-10-19 23:42:30,375][root][INFO] - train:
[2023-10-19 23:43:08,704][root][INFO] - val:
[2023-10-19 23:43:10,507][root][INFO] - ===> epoch: 270/300
[2023-10-19 23:43:10,508][root][INFO] - train:
[2023-10-19 23:43:48,975][root][INFO] - val:
[2023-10-19 23:43:50,675][root][INFO] - Checkpoint saved to C:\Users\GeorgeS\Documents\facultate\master\projects\data\model_weights\CIFAR-100/PreResNet/baseline\2525\model_270_0.pth
[2023-10-19 23:43:50,676][root][INFO] - ===> epoch: 271/300
[2023-10-19 23:43:50,676][root][INFO] - train:
[2023-10-19 23:44:40,132][root][INFO] - val:
[2023-10-19 23:44:42,218][root][INFO] - ===> epoch: 272/300
[2023-10-19 23:44:42,219][root][INFO] - train:
[2023-10-19 23:45:20,056][root][INFO] - val:
[2023-10-19 23:45:21,970][root][INFO] - ===> epoch: 273/300
[2023-10-19 23:45:21,970][root][INFO] - train:
[2023-10-19 23:45:59,854][root][INFO] - val:
[2023-10-19 23:46:01,449][root][INFO] - ===> epoch: 274/300
[2023-10-19 23:46:01,449][root][INFO] - train:
[2023-10-19 23:46:39,526][root][INFO] - val:
[2023-10-19 23:46:41,229][root][INFO] - ===> epoch: 275/300
[2023-10-19 23:46:41,229][root][INFO] - train:
[2023-10-19 23:47:19,380][root][INFO] - val:
[2023-10-19 23:47:21,039][root][INFO] - ===> epoch: 276/300
[2023-10-19 23:47:21,040][root][INFO] - train:
[2023-10-19 23:47:59,241][root][INFO] - val:
[2023-10-19 23:48:00,853][root][INFO] - ===> epoch: 277/300
[2023-10-19 23:48:00,853][root][INFO] - train:
[2023-10-19 23:48:39,119][root][INFO] - val:
[2023-10-19 23:48:40,787][root][INFO] - ===> epoch: 278/300
[2023-10-19 23:48:40,787][root][INFO] - train:
[2023-10-19 23:49:19,130][root][INFO] - val:
[2023-10-19 23:49:20,774][root][INFO] - ===> epoch: 279/300
[2023-10-19 23:49:20,775][root][INFO] - train:
[2023-10-19 23:49:58,781][root][INFO] - val:
[2023-10-19 23:50:00,396][root][INFO] - ===> epoch: 280/300
[2023-10-19 23:50:00,396][root][INFO] - train:
[2023-10-19 23:50:38,578][root][INFO] - val:
[2023-10-19 23:50:40,233][root][INFO] - Checkpoint saved to C:\Users\GeorgeS\Documents\facultate\master\projects\data\model_weights\CIFAR-100/PreResNet/baseline\2525\model_280_0.pth
[2023-10-19 23:50:40,234][root][INFO] - ===> epoch: 281/300
[2023-10-19 23:50:40,234][root][INFO] - train:
[2023-10-19 23:51:18,360][root][INFO] - val:
[2023-10-19 23:51:19,985][root][INFO] - ===> epoch: 282/300
[2023-10-19 23:51:19,985][root][INFO] - train:
[2023-10-19 23:51:58,310][root][INFO] - val:
[2023-10-19 23:51:59,970][root][INFO] - ===> epoch: 283/300
[2023-10-19 23:51:59,970][root][INFO] - train:
[2023-10-19 23:52:38,219][root][INFO] - val:
[2023-10-19 23:52:39,761][root][INFO] - ===> epoch: 284/300
[2023-10-19 23:52:39,762][root][INFO] - train:
[2023-10-19 23:53:18,077][root][INFO] - val:
[2023-10-19 23:53:19,737][root][INFO] - ===> epoch: 285/300
[2023-10-19 23:53:19,738][root][INFO] - train:
[2023-10-19 23:53:58,092][root][INFO] - val:
[2023-10-19 23:53:59,720][root][INFO] - ===> epoch: 286/300
[2023-10-19 23:53:59,720][root][INFO] - train:
[2023-10-19 23:54:37,547][root][INFO] - val:
[2023-10-19 23:54:39,168][root][INFO] - ===> epoch: 287/300
[2023-10-19 23:54:39,169][root][INFO] - train:
[2023-10-19 23:55:17,390][root][INFO] - val:
[2023-10-19 23:55:18,983][root][INFO] - ===> epoch: 288/300
[2023-10-19 23:55:18,984][root][INFO] - train:
[2023-10-19 23:55:57,121][root][INFO] - val:
[2023-10-19 23:55:58,765][root][INFO] - ===> epoch: 289/300
[2023-10-19 23:55:58,765][root][INFO] - train:
[2023-10-19 23:56:36,831][root][INFO] - val:
[2023-10-19 23:56:38,424][root][INFO] - ===> epoch: 290/300
[2023-10-19 23:56:38,425][root][INFO] - train:
[2023-10-19 23:57:16,537][root][INFO] - val:
[2023-10-19 23:57:18,239][root][INFO] - Checkpoint saved to C:\Users\GeorgeS\Documents\facultate\master\projects\data\model_weights\CIFAR-100/PreResNet/baseline\2525\model_290_0.pth
[2023-10-19 23:57:18,240][root][INFO] - ===> epoch: 291/300
[2023-10-19 23:57:18,240][root][INFO] - train:
[2023-10-19 23:57:56,509][root][INFO] - val:
[2023-10-19 23:57:58,189][root][INFO] - ===> epoch: 292/300
[2023-10-19 23:57:58,189][root][INFO] - train:
[2023-10-19 23:58:36,004][root][INFO] - val:
[2023-10-19 23:58:37,866][root][INFO] - ===> epoch: 293/300
[2023-10-19 23:58:37,867][root][INFO] - train:
[2023-10-19 23:59:15,801][root][INFO] - val:
[2023-10-19 23:59:17,463][root][INFO] - ===> epoch: 294/300
[2023-10-19 23:59:17,463][root][INFO] - train:
[2023-10-19 23:59:55,693][root][INFO] - val:
[2023-10-19 23:59:57,263][root][INFO] - ===> epoch: 295/300
[2023-10-19 23:59:57,263][root][INFO] - train:
[2023-10-20 00:00:35,535][root][INFO] - val:
[2023-10-20 00:00:37,573][root][INFO] - ===> epoch: 296/300
[2023-10-20 00:00:37,573][root][INFO] - train:
[2023-10-20 00:01:15,425][root][INFO] - val:
[2023-10-20 00:01:17,026][root][INFO] - ===> epoch: 297/300
[2023-10-20 00:01:17,026][root][INFO] - train:
[2023-10-20 00:01:55,251][root][INFO] - val:
[2023-10-20 00:01:56,834][root][INFO] - ===> epoch: 298/300
[2023-10-20 00:01:56,835][root][INFO] - train:
[2023-10-20 00:02:35,071][root][INFO] - val:
[2023-10-20 00:02:36,627][root][INFO] - ===> epoch: 299/300
[2023-10-20 00:02:36,628][root][INFO] - train:
[2023-10-20 00:03:14,803][root][INFO] - val:
[2023-10-20 00:03:16,433][root][INFO] - ===> BEST Val/Accuracy PERFORMANCE: 0.67560
[2023-10-20 00:03:16,882][root][INFO] - Saved best accuracy checkpoint
