[2023-11-05 19:19:33,226][root][INFO] - Saving current code to C:\Users\GeorgeS\Documents\facultate\master\projects\Pytorch-Template\outputs\2023-11-05\19-19-33\runs\CIFAR-10/PreResNet/CyclicBS\2525
[2023-11-05 19:19:33,410][root][INFO] - Loading train_dataset!
[2023-11-05 19:20:00,071][root][INFO] - Loading val_dataset!
[2023-11-05 19:20:06,314][root][INFO] - ===> epoch: 1/300
[2023-11-05 19:20:06,314][root][INFO] - train:
[2023-11-05 19:21:25,463][root][INFO] - val:
[2023-11-05 19:21:28,659][root][INFO] - Checkpoint saved to C:\Users\GeorgeS\Documents\facultate\master\projects\data\model_weights\CIFAR-10/PreResNet/CyclicBS\2525\model_1_0.39010000228881836.pth
[2023-11-05 19:21:28,659][root][INFO] - ===> BEST Val/Accuracy PERFORMANCE: 0.39010
[2023-11-05 19:21:28,660][root][INFO] - ===> epoch: 2/300
[2023-11-05 19:21:28,660][root][INFO] - train:
[2023-11-05 19:22:44,017][root][INFO] - val:
[2023-11-05 19:22:45,493][root][INFO] - Checkpoint saved to C:\Users\GeorgeS\Documents\facultate\master\projects\data\model_weights\CIFAR-10/PreResNet/CyclicBS\2525\model_2_0.45969998836517334.pth
[2023-11-05 19:22:45,493][root][INFO] - ===> BEST Val/Accuracy PERFORMANCE: 0.45970
[2023-11-05 19:22:45,494][root][INFO] - ===> epoch: 3/300
[2023-11-05 19:22:45,495][root][INFO] - train:
[2023-11-05 19:23:57,615][root][INFO] - val:
[2023-11-05 19:23:59,120][root][INFO] - Checkpoint saved to C:\Users\GeorgeS\Documents\facultate\master\projects\data\model_weights\CIFAR-10/PreResNet/CyclicBS\2525\model_3_0.4684999883174896.pth
[2023-11-05 19:23:59,121][root][INFO] - ===> BEST Val/Accuracy PERFORMANCE: 0.46850
[2023-11-05 19:23:59,122][root][INFO] - ===> epoch: 4/300
[2023-11-05 19:23:59,122][root][INFO] - train:
[2023-11-05 19:25:15,142][root][INFO] - val:
[2023-11-05 19:25:16,622][root][INFO] - Checkpoint saved to C:\Users\GeorgeS\Documents\facultate\master\projects\data\model_weights\CIFAR-10/PreResNet/CyclicBS\2525\model_4_0.5011000037193298.pth
[2023-11-05 19:25:16,622][root][INFO] - ===> BEST Val/Accuracy PERFORMANCE: 0.50110
[2023-11-05 19:25:16,623][root][INFO] - ===> epoch: 5/300
[2023-11-05 19:25:16,623][root][INFO] - train:
[2023-11-05 19:26:36,173][root][INFO] - val:
[2023-11-05 19:26:37,647][root][INFO] - Checkpoint saved to C:\Users\GeorgeS\Documents\facultate\master\projects\data\model_weights\CIFAR-10/PreResNet/CyclicBS\2525\model_5_0.5755000114440918.pth
[2023-11-05 19:26:37,648][root][INFO] - ===> BEST Val/Accuracy PERFORMANCE: 0.57550
[2023-11-05 19:26:37,649][root][INFO] - ===> epoch: 6/300
[2023-11-05 19:26:37,649][root][INFO] - train:
[2023-11-05 19:28:06,052][root][INFO] - val:
[2023-11-05 19:28:07,500][root][INFO] - ===> epoch: 7/300
[2023-11-05 19:28:07,501][root][INFO] - train:
[2023-11-05 19:29:14,104][root][INFO] - val:
[2023-11-05 19:29:15,573][root][INFO] - Checkpoint saved to C:\Users\GeorgeS\Documents\facultate\master\projects\data\model_weights\CIFAR-10/PreResNet/CyclicBS\2525\model_7_0.6244999766349792.pth
[2023-11-05 19:29:15,573][root][INFO] - ===> BEST Val/Accuracy PERFORMANCE: 0.62450
[2023-11-05 19:29:15,574][root][INFO] - ===> epoch: 8/300
[2023-11-05 19:29:15,574][root][INFO] - train:
[2023-11-05 19:30:02,574][root][INFO] - val:
[2023-11-05 19:30:04,061][root][INFO] - Checkpoint saved to C:\Users\GeorgeS\Documents\facultate\master\projects\data\model_weights\CIFAR-10/PreResNet/CyclicBS\2525\model_8_0.6794999837875366.pth
[2023-11-05 19:30:04,062][root][INFO] - ===> BEST Val/Accuracy PERFORMANCE: 0.67950
[2023-11-05 19:30:04,063][root][INFO] - ===> epoch: 9/300
[2023-11-05 19:30:04,063][root][INFO] - train:
[2023-11-05 19:30:49,323][root][INFO] - val:
[2023-11-05 19:30:50,811][root][INFO] - Checkpoint saved to C:\Users\GeorgeS\Documents\facultate\master\projects\data\model_weights\CIFAR-10/PreResNet/CyclicBS\2525\model_9_0.707099974155426.pth
[2023-11-05 19:30:50,812][root][INFO] - ===> BEST Val/Accuracy PERFORMANCE: 0.70710
[2023-11-05 19:30:50,812][root][INFO] - ===> epoch: 10/300
[2023-11-05 19:30:50,813][root][INFO] - train:
[2023-11-05 19:31:35,262][root][INFO] - val:
[2023-11-05 19:31:36,937][root][INFO] - Checkpoint saved to C:\Users\GeorgeS\Documents\facultate\master\projects\data\model_weights\CIFAR-10/PreResNet/CyclicBS\2525\model_10_0.7077000141143799.pth
[2023-11-05 19:31:36,937][root][INFO] - ===> BEST Val/Accuracy PERFORMANCE: 0.70770
[2023-11-05 19:31:36,966][root][INFO] - Checkpoint saved to C:\Users\GeorgeS\Documents\facultate\master\projects\data\model_weights\CIFAR-10/PreResNet/CyclicBS\2525\model_10_0.pth
[2023-11-05 19:31:36,967][root][INFO] - ===> epoch: 11/300
[2023-11-05 19:31:36,967][root][INFO] - train:
[2023-11-05 19:32:21,663][root][INFO] - val:
[2023-11-05 19:32:23,153][root][INFO] - Checkpoint saved to C:\Users\GeorgeS\Documents\facultate\master\projects\data\model_weights\CIFAR-10/PreResNet/CyclicBS\2525\model_11_0.72079998254776.pth
[2023-11-05 19:32:23,153][root][INFO] - ===> BEST Val/Accuracy PERFORMANCE: 0.72080
[2023-11-05 19:32:23,154][root][INFO] - ===> epoch: 12/300
[2023-11-05 19:32:23,155][root][INFO] - train:
[2023-11-05 19:33:07,620][root][INFO] - val:
[2023-11-05 19:33:09,108][root][INFO] - Checkpoint saved to C:\Users\GeorgeS\Documents\facultate\master\projects\data\model_weights\CIFAR-10/PreResNet/CyclicBS\2525\model_12_0.734499990940094.pth
[2023-11-05 19:33:09,108][root][INFO] - ===> BEST Val/Accuracy PERFORMANCE: 0.73450
[2023-11-05 19:33:09,109][root][INFO] - ===> epoch: 13/300
[2023-11-05 19:33:09,110][root][INFO] - train:
[2023-11-05 19:33:53,271][root][INFO] - val:
[2023-11-05 19:33:54,747][root][INFO] - Checkpoint saved to C:\Users\GeorgeS\Documents\facultate\master\projects\data\model_weights\CIFAR-10/PreResNet/CyclicBS\2525\model_13_0.7412999868392944.pth
[2023-11-05 19:33:54,747][root][INFO] - ===> BEST Val/Accuracy PERFORMANCE: 0.74130
[2023-11-05 19:33:54,748][root][INFO] - ===> epoch: 14/300
[2023-11-05 19:33:54,748][root][INFO] - train:
[2023-11-05 19:34:39,245][root][INFO] - val:
[2023-11-05 19:34:40,675][root][INFO] - ===> epoch: 15/300
[2023-11-05 19:34:40,676][root][INFO] - train:
[2023-11-05 19:35:26,982][root][INFO] - val:
[2023-11-05 19:35:28,491][root][INFO] - ===> epoch: 16/300
[2023-11-05 19:35:28,491][root][INFO] - train:
[2023-11-05 19:36:19,037][root][INFO] - val:
[2023-11-05 19:36:20,606][root][INFO] - ===> epoch: 17/300
[2023-11-05 19:36:20,606][root][INFO] - train:
[2023-11-05 19:37:05,589][root][INFO] - val:
[2023-11-05 19:37:07,049][root][INFO] - ===> epoch: 18/300
[2023-11-05 19:37:07,049][root][INFO] - train:
[2023-11-05 19:37:51,553][root][INFO] - val:
[2023-11-05 19:37:53,024][root][INFO] - ===> epoch: 19/300
[2023-11-05 19:37:53,025][root][INFO] - train:
[2023-11-05 19:38:38,343][root][INFO] - val:
[2023-11-05 19:38:39,798][root][INFO] - ===> epoch: 20/300
[2023-11-05 19:38:39,799][root][INFO] - train:
[2023-11-05 19:39:25,469][root][INFO] - val:
[2023-11-05 19:39:27,062][root][INFO] - Checkpoint saved to C:\Users\GeorgeS\Documents\facultate\master\projects\data\model_weights\CIFAR-10/PreResNet/CyclicBS\2525\model_20_0.7422999739646912.pth
[2023-11-05 19:39:27,062][root][INFO] - ===> BEST Val/Accuracy PERFORMANCE: 0.74230
[2023-11-05 19:39:27,099][root][INFO] - Checkpoint saved to C:\Users\GeorgeS\Documents\facultate\master\projects\data\model_weights\CIFAR-10/PreResNet/CyclicBS\2525\model_20_0.pth
[2023-11-05 19:39:27,100][root][INFO] - ===> epoch: 21/300
[2023-11-05 19:39:27,101][root][INFO] - train:
[2023-11-05 19:40:13,113][root][INFO] - val:
[2023-11-05 19:40:14,614][root][INFO] - Checkpoint saved to C:\Users\GeorgeS\Documents\facultate\master\projects\data\model_weights\CIFAR-10/PreResNet/CyclicBS\2525\model_21_0.7509999871253967.pth
[2023-11-05 19:40:14,614][root][INFO] - ===> BEST Val/Accuracy PERFORMANCE: 0.75100
[2023-11-05 19:40:14,615][root][INFO] - ===> epoch: 22/300
[2023-11-05 19:40:14,615][root][INFO] - train:
[2023-11-05 19:41:01,324][root][INFO] - val:
[2023-11-05 19:41:02,811][root][INFO] - Checkpoint saved to C:\Users\GeorgeS\Documents\facultate\master\projects\data\model_weights\CIFAR-10/PreResNet/CyclicBS\2525\model_22_0.7547000050544739.pth
[2023-11-05 19:41:02,812][root][INFO] - ===> BEST Val/Accuracy PERFORMANCE: 0.75470
[2023-11-05 19:41:02,813][root][INFO] - ===> epoch: 23/300
[2023-11-05 19:41:02,813][root][INFO] - train:
[2023-11-05 19:41:49,394][root][INFO] - val:
[2023-11-05 19:41:50,843][root][INFO] - ===> epoch: 24/300
[2023-11-05 19:41:50,843][root][INFO] - train:
[2023-11-05 19:42:36,212][root][INFO] - val:
[2023-11-05 19:42:37,699][root][INFO] - Checkpoint saved to C:\Users\GeorgeS\Documents\facultate\master\projects\data\model_weights\CIFAR-10/PreResNet/CyclicBS\2525\model_24_0.7957000136375427.pth
[2023-11-05 19:42:37,700][root][INFO] - ===> BEST Val/Accuracy PERFORMANCE: 0.79570
[2023-11-05 19:42:37,701][root][INFO] - ===> epoch: 25/300
[2023-11-05 19:42:37,701][root][INFO] - train:
[2023-11-05 19:43:22,637][root][INFO] - val:
[2023-11-05 19:43:24,092][root][INFO] - ===> epoch: 26/300
[2023-11-05 19:43:24,092][root][INFO] - train:
[2023-11-05 19:44:08,905][root][INFO] - val:
[2023-11-05 19:44:10,406][root][INFO] - Checkpoint saved to C:\Users\GeorgeS\Documents\facultate\master\projects\data\model_weights\CIFAR-10/PreResNet/CyclicBS\2525\model_26_0.8019000291824341.pth
[2023-11-05 19:44:10,407][root][INFO] - ===> BEST Val/Accuracy PERFORMANCE: 0.80190
[2023-11-05 19:44:10,408][root][INFO] - ===> epoch: 27/300
[2023-11-05 19:44:10,408][root][INFO] - train:
[2023-11-05 19:44:55,393][root][INFO] - val:
[2023-11-05 19:44:56,896][root][INFO] - Checkpoint saved to C:\Users\GeorgeS\Documents\facultate\master\projects\data\model_weights\CIFAR-10/PreResNet/CyclicBS\2525\model_27_0.809499979019165.pth
[2023-11-05 19:44:56,896][root][INFO] - ===> BEST Val/Accuracy PERFORMANCE: 0.80950
[2023-11-05 19:44:56,897][root][INFO] - ===> epoch: 28/300
[2023-11-05 19:44:56,897][root][INFO] - train:
[2023-11-05 19:45:41,731][root][INFO] - val:
[2023-11-05 19:45:43,173][root][INFO] - ===> epoch: 29/300
[2023-11-05 19:45:43,173][root][INFO] - train:
[2023-11-05 19:46:27,866][root][INFO] - val:
[2023-11-05 19:46:29,372][root][INFO] - Checkpoint saved to C:\Users\GeorgeS\Documents\facultate\master\projects\data\model_weights\CIFAR-10/PreResNet/CyclicBS\2525\model_29_0.8202000260353088.pth
[2023-11-05 19:46:29,372][root][INFO] - ===> BEST Val/Accuracy PERFORMANCE: 0.82020
[2023-11-05 19:46:29,373][root][INFO] - ===> epoch: 30/300
[2023-11-05 19:46:29,374][root][INFO] - train:
[2023-11-05 19:47:13,751][root][INFO] - val:
[2023-11-05 19:47:15,246][root][INFO] - Checkpoint saved to C:\Users\GeorgeS\Documents\facultate\master\projects\data\model_weights\CIFAR-10/PreResNet/CyclicBS\2525\model_30_0.pth
[2023-11-05 19:47:15,247][root][INFO] - ===> epoch: 31/300
[2023-11-05 19:47:15,247][root][INFO] - train:
[2023-11-05 19:48:00,204][root][INFO] - val:
[2023-11-05 19:48:01,654][root][INFO] - ===> epoch: 32/300
[2023-11-05 19:48:01,655][root][INFO] - train:
[2023-11-05 19:48:46,344][root][INFO] - val:
[2023-11-05 19:48:47,851][root][INFO] - Checkpoint saved to C:\Users\GeorgeS\Documents\facultate\master\projects\data\model_weights\CIFAR-10/PreResNet/CyclicBS\2525\model_32_0.8213000297546387.pth
[2023-11-05 19:48:47,852][root][INFO] - ===> BEST Val/Accuracy PERFORMANCE: 0.82130
[2023-11-05 19:48:47,853][root][INFO] - ===> epoch: 33/300
[2023-11-05 19:48:47,853][root][INFO] - train:
[2023-11-05 19:49:32,564][root][INFO] - val:
[2023-11-05 19:49:34,220][root][INFO] - ===> epoch: 34/300
[2023-11-05 19:49:34,220][root][INFO] - train:
[2023-11-05 19:50:18,311][root][INFO] - val:
[2023-11-05 19:50:20,246][root][INFO] - ===> epoch: 35/300
[2023-11-05 19:50:20,246][root][INFO] - train:
[2023-11-05 19:51:04,556][root][INFO] - val:
[2023-11-05 19:51:06,214][root][INFO] - ===> epoch: 36/300
[2023-11-05 19:51:06,214][root][INFO] - train:
[2023-11-05 19:51:50,955][root][INFO] - val:
[2023-11-05 19:51:52,552][root][INFO] - ===> epoch: 37/300
[2023-11-05 19:51:52,553][root][INFO] - train:
[2023-11-05 19:52:37,130][root][INFO] - val:
[2023-11-05 19:52:38,681][root][INFO] - ===> epoch: 38/300
[2023-11-05 19:52:38,682][root][INFO] - train:
[2023-11-05 19:53:23,390][root][INFO] - val:
[2023-11-05 19:53:24,998][root][INFO] - ===> epoch: 39/300
[2023-11-05 19:53:24,998][root][INFO] - train:
[2023-11-05 19:54:09,398][root][INFO] - val:
[2023-11-05 19:54:10,986][root][INFO] - ===> epoch: 40/300
[2023-11-05 19:54:10,986][root][INFO] - train:
[2023-11-05 19:54:55,426][root][INFO] - val:
[2023-11-05 19:54:57,009][root][INFO] - Checkpoint saved to C:\Users\GeorgeS\Documents\facultate\master\projects\data\model_weights\CIFAR-10/PreResNet/CyclicBS\2525\model_40_0.8355000019073486.pth
[2023-11-05 19:54:57,010][root][INFO] - ===> BEST Val/Accuracy PERFORMANCE: 0.83550
[2023-11-05 19:54:57,045][root][INFO] - Checkpoint saved to C:\Users\GeorgeS\Documents\facultate\master\projects\data\model_weights\CIFAR-10/PreResNet/CyclicBS\2525\model_40_0.pth
[2023-11-05 19:54:57,046][root][INFO] - ===> epoch: 41/300
[2023-11-05 19:54:57,046][root][INFO] - train:
[2023-11-05 19:55:41,706][root][INFO] - val:
[2023-11-05 19:55:43,299][root][INFO] - ===> epoch: 42/300
[2023-11-05 19:55:43,299][root][INFO] - train:
[2023-11-05 19:56:27,926][root][INFO] - val:
[2023-11-05 19:56:29,414][root][INFO] - ===> epoch: 43/300
[2023-11-05 19:56:29,415][root][INFO] - train:
[2023-11-05 19:57:13,969][root][INFO] - val:
[2023-11-05 19:57:15,614][root][INFO] - ===> epoch: 44/300
[2023-11-05 19:57:15,614][root][INFO] - train:
[2023-11-05 19:57:59,877][root][INFO] - val:
[2023-11-05 19:58:01,380][root][INFO] - ===> epoch: 45/300
[2023-11-05 19:58:01,380][root][INFO] - train:
[2023-11-05 19:58:46,062][root][INFO] - val:
[2023-11-05 19:58:47,542][root][INFO] - ===> epoch: 46/300
[2023-11-05 19:58:47,542][root][INFO] - train:
[2023-11-05 19:59:32,083][root][INFO] - val:
[2023-11-05 19:59:33,741][root][INFO] - ===> epoch: 47/300
[2023-11-05 19:59:33,741][root][INFO] - train:
[2023-11-05 20:00:18,359][root][INFO] - val:
[2023-11-05 20:00:19,888][root][INFO] - Checkpoint saved to C:\Users\GeorgeS\Documents\facultate\master\projects\data\model_weights\CIFAR-10/PreResNet/CyclicBS\2525\model_47_0.8398000001907349.pth
[2023-11-05 20:00:19,888][root][INFO] - ===> BEST Val/Accuracy PERFORMANCE: 0.83980
[2023-11-05 20:00:19,889][root][INFO] - ===> epoch: 48/300
[2023-11-05 20:00:19,889][root][INFO] - train:
[2023-11-05 20:01:04,171][root][INFO] - val:
[2023-11-05 20:01:05,743][root][INFO] - ===> epoch: 49/300
[2023-11-05 20:01:05,743][root][INFO] - train:
[2023-11-05 20:01:49,821][root][INFO] - val:
[2023-11-05 20:01:51,323][root][INFO] - ===> epoch: 50/300
[2023-11-05 20:01:51,324][root][INFO] - train:
[2023-11-05 20:02:35,617][root][INFO] - val:
[2023-11-05 20:02:37,239][root][INFO] - Checkpoint saved to C:\Users\GeorgeS\Documents\facultate\master\projects\data\model_weights\CIFAR-10/PreResNet/CyclicBS\2525\model_50_0.8452000021934509.pth
[2023-11-05 20:02:37,240][root][INFO] - ===> BEST Val/Accuracy PERFORMANCE: 0.84520
[2023-11-05 20:02:37,269][root][INFO] - Checkpoint saved to C:\Users\GeorgeS\Documents\facultate\master\projects\data\model_weights\CIFAR-10/PreResNet/CyclicBS\2525\model_50_0.pth
[2023-11-05 20:02:37,270][root][INFO] - ===> epoch: 51/300
[2023-11-05 20:02:37,271][root][INFO] - train:
[2023-11-05 20:03:21,240][root][INFO] - val:
[2023-11-05 20:03:22,866][root][INFO] - ===> epoch: 52/300
[2023-11-05 20:03:22,867][root][INFO] - train:
[2023-11-05 20:04:06,903][root][INFO] - val:
[2023-11-05 20:04:08,498][root][INFO] - ===> epoch: 53/300
[2023-11-05 20:04:08,499][root][INFO] - train:
[2023-11-05 20:04:52,453][root][INFO] - val:
[2023-11-05 20:04:54,018][root][INFO] - Checkpoint saved to C:\Users\GeorgeS\Documents\facultate\master\projects\data\model_weights\CIFAR-10/PreResNet/CyclicBS\2525\model_53_0.8464999794960022.pth
[2023-11-05 20:04:54,019][root][INFO] - ===> BEST Val/Accuracy PERFORMANCE: 0.84650
[2023-11-05 20:04:54,020][root][INFO] - ===> epoch: 54/300
[2023-11-05 20:04:54,020][root][INFO] - train:
[2023-11-05 20:05:38,220][root][INFO] - val:
[2023-11-05 20:05:39,813][root][INFO] - ===> epoch: 55/300
[2023-11-05 20:05:39,813][root][INFO] - train:
[2023-11-05 20:06:23,862][root][INFO] - val:
[2023-11-05 20:06:25,463][root][INFO] - ===> epoch: 56/300
[2023-11-05 20:06:25,464][root][INFO] - train:
[2023-11-05 20:07:09,432][root][INFO] - val:
[2023-11-05 20:07:11,114][root][INFO] - ===> epoch: 57/300
[2023-11-05 20:07:11,114][root][INFO] - train:
[2023-11-05 20:07:55,666][root][INFO] - val:
[2023-11-05 20:07:57,275][root][INFO] - ===> epoch: 58/300
[2023-11-05 20:07:57,276][root][INFO] - train:
[2023-11-05 20:08:41,816][root][INFO] - val:
[2023-11-05 20:08:43,422][root][INFO] - ===> epoch: 59/300
[2023-11-05 20:08:43,423][root][INFO] - train:
[2023-11-05 20:09:27,626][root][INFO] - val:
[2023-11-05 20:09:29,291][root][INFO] - Checkpoint saved to C:\Users\GeorgeS\Documents\facultate\master\projects\data\model_weights\CIFAR-10/PreResNet/CyclicBS\2525\model_59_0.8481000065803528.pth
[2023-11-05 20:09:29,292][root][INFO] - ===> BEST Val/Accuracy PERFORMANCE: 0.84810
[2023-11-05 20:09:29,292][root][INFO] - ===> epoch: 60/300
[2023-11-05 20:09:29,292][root][INFO] - train:
[2023-11-05 20:10:13,218][root][INFO] - val:
[2023-11-05 20:10:15,152][root][INFO] - Checkpoint saved to C:\Users\GeorgeS\Documents\facultate\master\projects\data\model_weights\CIFAR-10/PreResNet/CyclicBS\2525\model_60_0.8507999777793884.pth
[2023-11-05 20:10:15,153][root][INFO] - ===> BEST Val/Accuracy PERFORMANCE: 0.85080
[2023-11-05 20:10:15,193][root][INFO] - Checkpoint saved to C:\Users\GeorgeS\Documents\facultate\master\projects\data\model_weights\CIFAR-10/PreResNet/CyclicBS\2525\model_60_0.pth
[2023-11-05 20:10:15,194][root][INFO] - ===> epoch: 61/300
[2023-11-05 20:10:15,194][root][INFO] - train:
[2023-11-05 20:10:59,248][root][INFO] - val:
[2023-11-05 20:11:00,899][root][INFO] - ===> epoch: 62/300
[2023-11-05 20:11:00,899][root][INFO] - train:
[2023-11-05 20:11:45,193][root][INFO] - val:
[2023-11-05 20:11:46,724][root][INFO] - ===> epoch: 63/300
[2023-11-05 20:11:46,724][root][INFO] - train:
[2023-11-05 20:12:31,395][root][INFO] - val:
[2023-11-05 20:12:33,033][root][INFO] - ===> epoch: 64/300
[2023-11-05 20:12:33,033][root][INFO] - train:
[2023-11-05 20:13:17,666][root][INFO] - val:
[2023-11-05 20:13:19,152][root][INFO] - ===> epoch: 65/300
[2023-11-05 20:13:19,153][root][INFO] - train:
[2023-11-05 20:14:03,444][root][INFO] - val:
[2023-11-05 20:14:05,016][root][INFO] - ===> epoch: 66/300
[2023-11-05 20:14:05,016][root][INFO] - train:
[2023-11-05 20:14:49,381][root][INFO] - val:
[2023-11-05 20:14:51,007][root][INFO] - ===> epoch: 67/300
[2023-11-05 20:14:51,007][root][INFO] - train:
[2023-11-05 20:15:35,010][root][INFO] - val:
[2023-11-05 20:15:36,645][root][INFO] - ===> epoch: 68/300
[2023-11-05 20:15:36,646][root][INFO] - train:
[2023-11-05 20:16:20,850][root][INFO] - val:
[2023-11-05 20:16:22,522][root][INFO] - Checkpoint saved to C:\Users\GeorgeS\Documents\facultate\master\projects\data\model_weights\CIFAR-10/PreResNet/CyclicBS\2525\model_68_0.8514999747276306.pth
[2023-11-05 20:16:22,522][root][INFO] - ===> BEST Val/Accuracy PERFORMANCE: 0.85150
[2023-11-05 20:16:22,523][root][INFO] - ===> epoch: 69/300
[2023-11-05 20:16:22,523][root][INFO] - train:
[2023-11-05 20:17:06,925][root][INFO] - val:
[2023-11-05 20:17:08,428][root][INFO] - ===> epoch: 70/300
[2023-11-05 20:17:08,429][root][INFO] - train:
[2023-11-05 20:17:52,398][root][INFO] - val:
[2023-11-05 20:17:54,013][root][INFO] - Checkpoint saved to C:\Users\GeorgeS\Documents\facultate\master\projects\data\model_weights\CIFAR-10/PreResNet/CyclicBS\2525\model_70_0.855400025844574.pth
[2023-11-05 20:17:54,014][root][INFO] - ===> BEST Val/Accuracy PERFORMANCE: 0.85540
[2023-11-05 20:17:54,061][root][INFO] - Checkpoint saved to C:\Users\GeorgeS\Documents\facultate\master\projects\data\model_weights\CIFAR-10/PreResNet/CyclicBS\2525\model_70_0.pth
[2023-11-05 20:17:54,062][root][INFO] - ===> epoch: 71/300
[2023-11-05 20:17:54,062][root][INFO] - train:
[2023-11-05 20:18:38,431][root][INFO] - val:
[2023-11-05 20:18:39,968][root][INFO] - ===> epoch: 72/300
[2023-11-05 20:18:39,968][root][INFO] - train:
[2023-11-05 20:19:23,667][root][INFO] - val:
[2023-11-05 20:19:25,275][root][INFO] - ===> epoch: 73/300
[2023-11-05 20:19:25,275][root][INFO] - train:
[2023-11-05 20:20:09,253][root][INFO] - val:
[2023-11-05 20:20:10,928][root][INFO] - ===> epoch: 74/300
[2023-11-05 20:20:10,928][root][INFO] - train:
[2023-11-05 20:20:54,702][root][INFO] - val:
[2023-11-05 20:20:56,247][root][INFO] - ===> epoch: 75/300
[2023-11-05 20:20:56,247][root][INFO] - train:
[2023-11-05 20:21:40,270][root][INFO] - val:
[2023-11-05 20:21:41,886][root][INFO] - ===> epoch: 76/300
[2023-11-05 20:21:41,887][root][INFO] - train:
[2023-11-05 20:22:25,597][root][INFO] - val:
[2023-11-05 20:22:27,298][root][INFO] - ===> epoch: 77/300
[2023-11-05 20:22:27,298][root][INFO] - train:
[2023-11-05 20:23:11,142][root][INFO] - val:
[2023-11-05 20:23:12,699][root][INFO] - ===> epoch: 78/300
[2023-11-05 20:23:12,700][root][INFO] - train:
[2023-11-05 20:23:56,679][root][INFO] - val:
[2023-11-05 20:23:58,345][root][INFO] - ===> epoch: 79/300
[2023-11-05 20:23:58,345][root][INFO] - train:
[2023-11-05 20:24:42,406][root][INFO] - val:
[2023-11-05 20:24:44,009][root][INFO] - ===> epoch: 80/300
[2023-11-05 20:24:44,009][root][INFO] - train:
[2023-11-05 20:25:28,209][root][INFO] - val:
[2023-11-05 20:25:29,858][root][INFO] - Checkpoint saved to C:\Users\GeorgeS\Documents\facultate\master\projects\data\model_weights\CIFAR-10/PreResNet/CyclicBS\2525\model_80_0.pth
[2023-11-05 20:25:29,859][root][INFO] - ===> epoch: 81/300
[2023-11-05 20:25:29,859][root][INFO] - train:
[2023-11-05 20:26:14,231][root][INFO] - val:
[2023-11-05 20:26:15,887][root][INFO] - Checkpoint saved to C:\Users\GeorgeS\Documents\facultate\master\projects\data\model_weights\CIFAR-10/PreResNet/CyclicBS\2525\model_81_0.8568999767303467.pth
[2023-11-05 20:26:15,888][root][INFO] - ===> BEST Val/Accuracy PERFORMANCE: 0.85690
[2023-11-05 20:26:15,888][root][INFO] - ===> epoch: 82/300
[2023-11-05 20:26:15,889][root][INFO] - train:
[2023-11-05 20:26:59,598][root][INFO] - val:
[2023-11-05 20:27:01,148][root][INFO] - Checkpoint saved to C:\Users\GeorgeS\Documents\facultate\master\projects\data\model_weights\CIFAR-10/PreResNet/CyclicBS\2525\model_82_0.8601999878883362.pth
[2023-11-05 20:27:01,149][root][INFO] - ===> BEST Val/Accuracy PERFORMANCE: 0.86020
[2023-11-05 20:27:01,150][root][INFO] - ===> epoch: 83/300
[2023-11-05 20:27:01,150][root][INFO] - train:
[2023-11-05 20:27:44,987][root][INFO] - val:
[2023-11-05 20:27:46,671][root][INFO] - Checkpoint saved to C:\Users\GeorgeS\Documents\facultate\master\projects\data\model_weights\CIFAR-10/PreResNet/CyclicBS\2525\model_83_0.8636999726295471.pth
[2023-11-05 20:27:46,672][root][INFO] - ===> BEST Val/Accuracy PERFORMANCE: 0.86370
[2023-11-05 20:27:46,673][root][INFO] - ===> epoch: 84/300
[2023-11-05 20:27:46,673][root][INFO] - train:
[2023-11-05 20:28:30,681][root][INFO] - val:
[2023-11-05 20:28:32,283][root][INFO] - ===> epoch: 85/300
[2023-11-05 20:28:32,283][root][INFO] - train:
[2023-11-05 20:29:17,356][root][INFO] - val:
[2023-11-05 20:29:18,803][root][INFO] - ===> epoch: 86/300
[2023-11-05 20:29:18,804][root][INFO] - train:
[2023-11-05 20:30:03,553][root][INFO] - val:
[2023-11-05 20:30:05,000][root][INFO] - ===> epoch: 87/300
[2023-11-05 20:30:05,001][root][INFO] - train:
[2023-11-05 20:30:49,559][root][INFO] - val:
[2023-11-05 20:30:51,007][root][INFO] - ===> epoch: 88/300
[2023-11-05 20:30:51,007][root][INFO] - train:
[2023-11-05 20:31:34,919][root][INFO] - val:
[2023-11-05 20:31:36,499][root][INFO] - ===> epoch: 89/300
[2023-11-05 20:31:36,499][root][INFO] - train:
[2023-11-05 20:32:20,349][root][INFO] - val:
[2023-11-05 20:32:21,795][root][INFO] - ===> epoch: 90/300
[2023-11-05 20:32:21,795][root][INFO] - train:
[2023-11-05 20:33:05,952][root][INFO] - val:
[2023-11-05 20:33:07,438][root][INFO] - Checkpoint saved to C:\Users\GeorgeS\Documents\facultate\master\projects\data\model_weights\CIFAR-10/PreResNet/CyclicBS\2525\model_90_0.pth
[2023-11-05 20:33:07,439][root][INFO] - ===> epoch: 91/300
[2023-11-05 20:33:07,440][root][INFO] - train:
[2023-11-05 20:33:51,958][root][INFO] - val:
[2023-11-05 20:33:53,404][root][INFO] - ===> epoch: 92/300
[2023-11-05 20:33:53,404][root][INFO] - train:
[2023-11-05 20:34:37,643][root][INFO] - val:
[2023-11-05 20:34:39,089][root][INFO] - ===> epoch: 93/300
[2023-11-05 20:34:39,090][root][INFO] - train:
[2023-11-05 20:35:23,233][root][INFO] - val:
[2023-11-05 20:35:24,684][root][INFO] - ===> epoch: 94/300
[2023-11-05 20:35:24,684][root][INFO] - train:
[2023-11-05 20:36:08,391][root][INFO] - val:
[2023-11-05 20:36:09,848][root][INFO] - ===> epoch: 95/300
[2023-11-05 20:36:09,848][root][INFO] - train:
[2023-11-05 20:36:54,275][root][INFO] - val:
[2023-11-05 20:36:55,732][root][INFO] - ===> epoch: 96/300
[2023-11-05 20:36:55,733][root][INFO] - train:
[2023-11-05 20:37:39,908][root][INFO] - val:
[2023-11-05 20:37:41,349][root][INFO] - ===> epoch: 97/300
[2023-11-05 20:37:41,350][root][INFO] - train:
[2023-11-05 20:38:25,518][root][INFO] - val:
[2023-11-05 20:38:26,971][root][INFO] - ===> epoch: 98/300
[2023-11-05 20:38:26,971][root][INFO] - train:
[2023-11-05 20:39:10,735][root][INFO] - val:
[2023-11-05 20:39:12,185][root][INFO] - ===> epoch: 99/300
[2023-11-05 20:39:12,185][root][INFO] - train:
[2023-11-05 20:39:56,099][root][INFO] - val:
[2023-11-05 20:39:57,752][root][INFO] - Checkpoint saved to C:\Users\GeorgeS\Documents\facultate\master\projects\data\model_weights\CIFAR-10/PreResNet/CyclicBS\2525\model_99_0.8672999739646912.pth
[2023-11-05 20:39:57,753][root][INFO] - ===> BEST Val/Accuracy PERFORMANCE: 0.86730
[2023-11-05 20:39:57,754][root][INFO] - ===> epoch: 100/300
[2023-11-05 20:39:57,754][root][INFO] - train:
[2023-11-05 20:40:41,777][root][INFO] - val:
[2023-11-05 20:40:43,265][root][INFO] - Checkpoint saved to C:\Users\GeorgeS\Documents\facultate\master\projects\data\model_weights\CIFAR-10/PreResNet/CyclicBS\2525\model_100_0.8691999912261963.pth
[2023-11-05 20:40:43,266][root][INFO] - ===> BEST Val/Accuracy PERFORMANCE: 0.86920
[2023-11-05 20:40:43,297][root][INFO] - Checkpoint saved to C:\Users\GeorgeS\Documents\facultate\master\projects\data\model_weights\CIFAR-10/PreResNet/CyclicBS\2525\model_100_0.pth
[2023-11-05 20:40:43,298][root][INFO] - ===> epoch: 101/300
[2023-11-05 20:40:43,298][root][INFO] - train:
[2023-11-05 20:41:27,539][root][INFO] - val:
[2023-11-05 20:41:28,992][root][INFO] - ===> epoch: 102/300
[2023-11-05 20:41:28,992][root][INFO] - train:
[2023-11-05 20:42:13,342][root][INFO] - val:
[2023-11-05 20:42:14,783][root][INFO] - ===> epoch: 103/300
[2023-11-05 20:42:14,783][root][INFO] - train:
[2023-11-05 20:42:58,842][root][INFO] - val:
[2023-11-05 20:43:00,293][root][INFO] - ===> epoch: 104/300
[2023-11-05 20:43:00,293][root][INFO] - train:
[2023-11-05 20:43:44,200][root][INFO] - val:
[2023-11-05 20:43:45,647][root][INFO] - ===> epoch: 105/300
[2023-11-05 20:43:45,647][root][INFO] - train:
[2023-11-05 20:44:29,501][root][INFO] - val:
[2023-11-05 20:44:30,962][root][INFO] - ===> epoch: 106/300
[2023-11-05 20:44:30,963][root][INFO] - train:
[2023-11-05 20:45:15,077][root][INFO] - val:
[2023-11-05 20:45:16,513][root][INFO] - ===> epoch: 107/300
[2023-11-05 20:45:16,514][root][INFO] - train:
[2023-11-05 20:46:00,717][root][INFO] - val:
[2023-11-05 20:46:02,172][root][INFO] - ===> epoch: 108/300
[2023-11-05 20:46:02,172][root][INFO] - train:
[2023-11-05 20:46:46,092][root][INFO] - val:
[2023-11-05 20:46:47,531][root][INFO] - ===> epoch: 109/300
[2023-11-05 20:46:47,532][root][INFO] - train:
[2023-11-05 20:47:31,945][root][INFO] - val:
[2023-11-05 20:47:33,390][root][INFO] - ===> epoch: 110/300
[2023-11-05 20:47:33,390][root][INFO] - train:
[2023-11-05 20:48:18,211][root][INFO] - val:
[2023-11-05 20:48:19,894][root][INFO] - Checkpoint saved to C:\Users\GeorgeS\Documents\facultate\master\projects\data\model_weights\CIFAR-10/PreResNet/CyclicBS\2525\model_110_0.pth
[2023-11-05 20:48:19,896][root][INFO] - ===> epoch: 111/300
[2023-11-05 20:48:19,896][root][INFO] - train:
[2023-11-05 20:49:04,102][root][INFO] - val:
[2023-11-05 20:49:05,547][root][INFO] - ===> epoch: 112/300
[2023-11-05 20:49:05,547][root][INFO] - train:
[2023-11-05 20:49:49,643][root][INFO] - val:
[2023-11-05 20:49:51,114][root][INFO] - Checkpoint saved to C:\Users\GeorgeS\Documents\facultate\master\projects\data\model_weights\CIFAR-10/PreResNet/CyclicBS\2525\model_112_0.8744000196456909.pth
[2023-11-05 20:49:51,114][root][INFO] - ===> BEST Val/Accuracy PERFORMANCE: 0.87440
[2023-11-05 20:49:51,115][root][INFO] - ===> epoch: 113/300
[2023-11-05 20:49:51,115][root][INFO] - train:
[2023-11-05 20:50:35,214][root][INFO] - val:
[2023-11-05 20:50:36,654][root][INFO] - ===> epoch: 114/300
[2023-11-05 20:50:36,654][root][INFO] - train:
[2023-11-05 20:51:20,735][root][INFO] - val:
[2023-11-05 20:51:22,166][root][INFO] - ===> epoch: 115/300
[2023-11-05 20:51:22,166][root][INFO] - train:
[2023-11-05 20:52:06,168][root][INFO] - val:
[2023-11-05 20:52:07,606][root][INFO] - ===> epoch: 116/300
[2023-11-05 20:52:07,606][root][INFO] - train:
[2023-11-05 20:52:51,579][root][INFO] - val:
[2023-11-05 20:52:53,042][root][INFO] - ===> epoch: 117/300
[2023-11-05 20:52:53,043][root][INFO] - train:
[2023-11-05 20:53:37,157][root][INFO] - val:
[2023-11-05 20:53:38,619][root][INFO] - ===> epoch: 118/300
[2023-11-05 20:53:38,620][root][INFO] - train:
[2023-11-05 20:54:22,800][root][INFO] - val:
[2023-11-05 20:54:24,255][root][INFO] - ===> epoch: 119/300
[2023-11-05 20:54:24,255][root][INFO] - train:
[2023-11-05 20:55:08,396][root][INFO] - val:
[2023-11-05 20:55:09,859][root][INFO] - ===> epoch: 120/300
[2023-11-05 20:55:09,860][root][INFO] - train:
[2023-11-05 20:55:54,241][root][INFO] - val:
[2023-11-05 20:55:55,722][root][INFO] - Checkpoint saved to C:\Users\GeorgeS\Documents\facultate\master\projects\data\model_weights\CIFAR-10/PreResNet/CyclicBS\2525\model_120_0.pth
[2023-11-05 20:55:55,723][root][INFO] - ===> epoch: 121/300
[2023-11-05 20:55:55,723][root][INFO] - train:
[2023-11-05 20:56:39,462][root][INFO] - val:
[2023-11-05 20:56:40,898][root][INFO] - ===> epoch: 122/300
[2023-11-05 20:56:40,899][root][INFO] - train:
[2023-11-05 20:57:24,751][root][INFO] - val:
[2023-11-05 20:57:26,193][root][INFO] - ===> epoch: 123/300
[2023-11-05 20:57:26,194][root][INFO] - train:
[2023-11-05 20:58:10,708][root][INFO] - val:
[2023-11-05 20:58:12,302][root][INFO] - ===> epoch: 124/300
[2023-11-05 20:58:12,303][root][INFO] - train:
[2023-11-05 20:59:02,045][root][INFO] - val:
[2023-11-05 20:59:03,647][root][INFO] - ===> epoch: 125/300
[2023-11-05 20:59:03,647][root][INFO] - train:
[2023-11-05 20:59:52,930][root][INFO] - val:
[2023-11-05 20:59:54,664][root][INFO] - ===> epoch: 126/300
[2023-11-05 20:59:54,665][root][INFO] - train:
[2023-11-05 21:00:43,895][root][INFO] - val:
[2023-11-05 21:00:45,736][root][INFO] - Checkpoint saved to C:\Users\GeorgeS\Documents\facultate\master\projects\data\model_weights\CIFAR-10/PreResNet/CyclicBS\2525\model_126_0.8759999871253967.pth
[2023-11-05 21:00:45,737][root][INFO] - ===> BEST Val/Accuracy PERFORMANCE: 0.87600
[2023-11-05 21:00:45,738][root][INFO] - ===> epoch: 127/300
[2023-11-05 21:00:45,738][root][INFO] - train:
[2023-11-05 21:01:35,229][root][INFO] - val:
[2023-11-05 21:01:36,906][root][INFO] - Checkpoint saved to C:\Users\GeorgeS\Documents\facultate\master\projects\data\model_weights\CIFAR-10/PreResNet/CyclicBS\2525\model_127_0.8779000043869019.pth
[2023-11-05 21:01:36,907][root][INFO] - ===> BEST Val/Accuracy PERFORMANCE: 0.87790
[2023-11-05 21:01:36,908][root][INFO] - ===> epoch: 128/300
[2023-11-05 21:01:36,908][root][INFO] - train:
[2023-11-05 21:02:26,590][root][INFO] - val:
[2023-11-05 21:02:28,199][root][INFO] - ===> epoch: 129/300
[2023-11-05 21:02:28,199][root][INFO] - train:
[2023-11-05 21:03:17,900][root][INFO] - val:
[2023-11-05 21:03:19,512][root][INFO] - ===> epoch: 130/300
[2023-11-05 21:03:19,512][root][INFO] - train:
[2023-11-05 21:04:09,131][root][INFO] - val:
[2023-11-05 21:04:10,781][root][INFO] - Checkpoint saved to C:\Users\GeorgeS\Documents\facultate\master\projects\data\model_weights\CIFAR-10/PreResNet/CyclicBS\2525\model_130_0.pth
[2023-11-05 21:04:10,782][root][INFO] - ===> epoch: 131/300
[2023-11-05 21:04:10,782][root][INFO] - train:
[2023-11-05 21:05:00,137][root][INFO] - val:
[2023-11-05 21:05:01,924][root][INFO] - ===> epoch: 132/300
[2023-11-05 21:05:01,925][root][INFO] - train:
[2023-11-05 21:05:51,231][root][INFO] - val:
[2023-11-05 21:05:52,845][root][INFO] - ===> epoch: 133/300
[2023-11-05 21:05:52,845][root][INFO] - train:
[2023-11-05 21:06:42,480][root][INFO] - val:
[2023-11-05 21:06:44,103][root][INFO] - ===> epoch: 134/300
[2023-11-05 21:06:44,104][root][INFO] - train:
[2023-11-05 21:07:34,016][root][INFO] - val:
[2023-11-05 21:07:35,502][root][INFO] - ===> epoch: 135/300
[2023-11-05 21:07:35,503][root][INFO] - train:
[2023-11-05 21:08:24,860][root][INFO] - val:
[2023-11-05 21:08:26,478][root][INFO] - ===> epoch: 136/300
[2023-11-05 21:08:26,478][root][INFO] - train:
[2023-11-05 21:09:10,979][root][INFO] - val:
[2023-11-05 21:09:12,424][root][INFO] - ===> epoch: 137/300
[2023-11-05 21:09:12,424][root][INFO] - train:
[2023-11-05 21:09:56,383][root][INFO] - val:
[2023-11-05 21:09:57,828][root][INFO] - ===> epoch: 138/300
[2023-11-05 21:09:57,828][root][INFO] - train:
[2023-11-05 21:10:41,994][root][INFO] - val:
[2023-11-05 21:10:43,433][root][INFO] - ===> epoch: 139/300
[2023-11-05 21:10:43,433][root][INFO] - train:
[2023-11-05 21:11:27,727][root][INFO] - val:
[2023-11-05 21:11:29,173][root][INFO] - ===> epoch: 140/300
[2023-11-05 21:11:29,173][root][INFO] - train:
[2023-11-05 21:12:13,597][root][INFO] - val:
[2023-11-05 21:12:15,080][root][INFO] - Checkpoint saved to C:\Users\GeorgeS\Documents\facultate\master\projects\data\model_weights\CIFAR-10/PreResNet/CyclicBS\2525\model_140_0.pth
[2023-11-05 21:12:15,082][root][INFO] - ===> epoch: 141/300
[2023-11-05 21:12:15,082][root][INFO] - train:
[2023-11-05 21:12:59,137][root][INFO] - val:
[2023-11-05 21:13:00,595][root][INFO] - ===> epoch: 142/300
[2023-11-05 21:13:00,595][root][INFO] - train:
[2023-11-05 21:13:44,394][root][INFO] - val:
[2023-11-05 21:13:45,848][root][INFO] - ===> epoch: 143/300
[2023-11-05 21:13:45,848][root][INFO] - train:
[2023-11-05 21:14:29,903][root][INFO] - val:
[2023-11-05 21:14:31,355][root][INFO] - ===> epoch: 144/300
[2023-11-05 21:14:31,356][root][INFO] - train:
[2023-11-05 21:15:15,437][root][INFO] - val:
[2023-11-05 21:15:16,895][root][INFO] - ===> epoch: 145/300
[2023-11-05 21:15:16,895][root][INFO] - train:
[2023-11-05 21:16:01,077][root][INFO] - val:
[2023-11-05 21:16:02,533][root][INFO] - ===> epoch: 146/300
[2023-11-05 21:16:02,534][root][INFO] - train:
[2023-11-05 21:16:46,477][root][INFO] - val:
[2023-11-05 21:16:48,099][root][INFO] - ===> epoch: 147/300
[2023-11-05 21:16:48,099][root][INFO] - train:
[2023-11-05 21:17:32,089][root][INFO] - val:
[2023-11-05 21:17:33,527][root][INFO] - ===> epoch: 148/300
[2023-11-05 21:17:33,527][root][INFO] - train:
[2023-11-05 21:18:17,464][root][INFO] - val:
[2023-11-05 21:18:18,912][root][INFO] - ===> epoch: 149/300
[2023-11-05 21:18:18,912][root][INFO] - train:
[2023-11-05 21:19:03,036][root][INFO] - val:
[2023-11-05 21:19:04,481][root][INFO] - ===> epoch: 150/300
[2023-11-05 21:19:04,482][root][INFO] - train:
[2023-11-05 21:19:48,283][root][INFO] - val:
[2023-11-05 21:19:49,760][root][INFO] - Checkpoint saved to C:\Users\GeorgeS\Documents\facultate\master\projects\data\model_weights\CIFAR-10/PreResNet/CyclicBS\2525\model_150_0.pth
[2023-11-05 21:19:49,761][root][INFO] - ===> epoch: 151/300
[2023-11-05 21:19:49,761][root][INFO] - train:
[2023-11-05 21:20:33,926][root][INFO] - val:
[2023-11-05 21:20:35,378][root][INFO] - ===> epoch: 152/300
[2023-11-05 21:20:35,378][root][INFO] - train:
[2023-11-05 21:21:19,426][root][INFO] - val:
[2023-11-05 21:21:21,002][root][INFO] - ===> epoch: 153/300
[2023-11-05 21:21:21,003][root][INFO] - train:
[2023-11-05 21:22:05,061][root][INFO] - val:
[2023-11-05 21:22:06,502][root][INFO] - ===> epoch: 154/300
[2023-11-05 21:22:06,503][root][INFO] - train:
[2023-11-05 21:22:53,404][root][INFO] - val:
[2023-11-05 21:22:54,886][root][INFO] - ===> epoch: 155/300
[2023-11-05 21:22:54,887][root][INFO] - train:
[2023-11-05 21:23:50,463][root][INFO] - val:
[2023-11-05 21:23:52,155][root][INFO] - ===> epoch: 156/300
[2023-11-05 21:23:52,156][root][INFO] - train:
[2023-11-05 21:24:46,117][root][INFO] - val:
[2023-11-05 21:24:47,830][root][INFO] - ===> epoch: 157/300
[2023-11-05 21:24:47,831][root][INFO] - train:
[2023-11-05 21:25:39,258][root][INFO] - val:
[2023-11-05 21:25:40,978][root][INFO] - ===> epoch: 158/300
[2023-11-05 21:25:40,979][root][INFO] - train:
[2023-11-05 21:26:29,134][root][INFO] - val:
[2023-11-05 21:26:30,658][root][INFO] - ===> epoch: 159/300
[2023-11-05 21:26:30,658][root][INFO] - train:
[2023-11-05 21:27:20,138][root][INFO] - val:
[2023-11-05 21:27:21,686][root][INFO] - ===> epoch: 160/300
[2023-11-05 21:27:21,686][root][INFO] - train:
[2023-11-05 21:28:08,956][root][INFO] - val:
[2023-11-05 21:28:10,624][root][INFO] - Checkpoint saved to C:\Users\GeorgeS\Documents\facultate\master\projects\data\model_weights\CIFAR-10/PreResNet/CyclicBS\2525\model_160_0.pth
[2023-11-05 21:28:10,626][root][INFO] - ===> epoch: 161/300
[2023-11-05 21:28:10,626][root][INFO] - train:
[2023-11-05 21:29:00,683][root][INFO] - val:
[2023-11-05 21:29:02,408][root][INFO] - ===> epoch: 162/300
[2023-11-05 21:29:02,409][root][INFO] - train:
[2023-11-05 21:29:48,872][root][INFO] - val:
[2023-11-05 21:29:50,340][root][INFO] - ===> epoch: 163/300
[2023-11-05 21:29:50,341][root][INFO] - train:
[2023-11-05 21:30:36,239][root][INFO] - val:
[2023-11-05 21:30:37,759][root][INFO] - ===> epoch: 164/300
[2023-11-05 21:30:37,759][root][INFO] - train:
[2023-11-05 21:31:24,838][root][INFO] - val:
[2023-11-05 21:31:26,309][root][INFO] - ===> epoch: 165/300
[2023-11-05 21:31:26,310][root][INFO] - train:
[2023-11-05 21:32:12,631][root][INFO] - val:
[2023-11-05 21:32:14,154][root][INFO] - ===> epoch: 166/300
[2023-11-05 21:32:14,155][root][INFO] - train:
[2023-11-05 21:32:59,893][root][INFO] - val:
[2023-11-05 21:33:01,430][root][INFO] - Checkpoint saved to C:\Users\GeorgeS\Documents\facultate\master\projects\data\model_weights\CIFAR-10/PreResNet/CyclicBS\2525\model_166_0.8791000247001648.pth
[2023-11-05 21:33:01,430][root][INFO] - ===> BEST Val/Accuracy PERFORMANCE: 0.87910
[2023-11-05 21:33:01,431][root][INFO] - ===> epoch: 167/300
[2023-11-05 21:33:01,432][root][INFO] - train:
[2023-11-05 21:33:46,612][root][INFO] - val:
[2023-11-05 21:33:48,086][root][INFO] - ===> epoch: 168/300
[2023-11-05 21:33:48,086][root][INFO] - train:
[2023-11-05 21:34:33,191][root][INFO] - val:
[2023-11-05 21:34:34,781][root][INFO] - ===> epoch: 169/300
[2023-11-05 21:34:34,782][root][INFO] - train:
[2023-11-05 21:35:19,827][root][INFO] - val:
[2023-11-05 21:35:21,291][root][INFO] - ===> epoch: 170/300
[2023-11-05 21:35:21,292][root][INFO] - train:
[2023-11-05 21:36:06,418][root][INFO] - val:
[2023-11-05 21:36:07,914][root][INFO] - Checkpoint saved to C:\Users\GeorgeS\Documents\facultate\master\projects\data\model_weights\CIFAR-10/PreResNet/CyclicBS\2525\model_170_0.8816999793052673.pth
[2023-11-05 21:36:07,915][root][INFO] - ===> BEST Val/Accuracy PERFORMANCE: 0.88170
[2023-11-05 21:36:07,946][root][INFO] - Checkpoint saved to C:\Users\GeorgeS\Documents\facultate\master\projects\data\model_weights\CIFAR-10/PreResNet/CyclicBS\2525\model_170_0.pth
[2023-11-05 21:36:07,947][root][INFO] - ===> epoch: 171/300
[2023-11-05 21:36:07,947][root][INFO] - train:
[2023-11-05 21:36:52,975][root][INFO] - val:
[2023-11-05 21:36:54,465][root][INFO] - ===> epoch: 172/300
[2023-11-05 21:36:54,466][root][INFO] - train:
[2023-11-05 21:37:39,871][root][INFO] - val:
[2023-11-05 21:37:41,340][root][INFO] - ===> epoch: 173/300
[2023-11-05 21:37:41,341][root][INFO] - train:
[2023-11-05 21:38:26,817][root][INFO] - val:
[2023-11-05 21:38:28,272][root][INFO] - ===> epoch: 174/300
[2023-11-05 21:38:28,272][root][INFO] - train:
[2023-11-05 21:39:13,493][root][INFO] - val:
[2023-11-05 21:39:14,957][root][INFO] - ===> epoch: 175/300
[2023-11-05 21:39:14,957][root][INFO] - train:
[2023-11-05 21:40:00,292][root][INFO] - val:
[2023-11-05 21:40:01,768][root][INFO] - ===> epoch: 176/300
[2023-11-05 21:40:01,768][root][INFO] - train:
[2023-11-05 21:40:47,069][root][INFO] - val:
[2023-11-05 21:40:48,572][root][INFO] - ===> epoch: 177/300
[2023-11-05 21:40:48,572][root][INFO] - train:
[2023-11-05 21:41:34,714][root][INFO] - val:
[2023-11-05 21:41:36,208][root][INFO] - ===> epoch: 178/300
[2023-11-05 21:41:36,208][root][INFO] - train:
[2023-11-05 21:42:21,406][root][INFO] - val:
[2023-11-05 21:42:23,015][root][INFO] - ===> epoch: 179/300
[2023-11-05 21:42:23,015][root][INFO] - train:
[2023-11-05 21:43:08,348][root][INFO] - val:
[2023-11-05 21:43:09,799][root][INFO] - ===> epoch: 180/300
[2023-11-05 21:43:09,799][root][INFO] - train:
[2023-11-05 21:43:55,204][root][INFO] - val:
[2023-11-05 21:43:56,699][root][INFO] - Checkpoint saved to C:\Users\GeorgeS\Documents\facultate\master\projects\data\model_weights\CIFAR-10/PreResNet/CyclicBS\2525\model_180_0.pth
[2023-11-05 21:43:56,701][root][INFO] - ===> epoch: 181/300
[2023-11-05 21:43:56,701][root][INFO] - train:
[2023-11-05 21:44:41,827][root][INFO] - val:
[2023-11-05 21:44:43,312][root][INFO] - ===> epoch: 182/300
[2023-11-05 21:44:43,313][root][INFO] - train:
[2023-11-05 21:45:28,418][root][INFO] - val:
[2023-11-05 21:45:29,897][root][INFO] - ===> epoch: 183/300
[2023-11-05 21:45:29,897][root][INFO] - train:
[2023-11-05 21:46:14,934][root][INFO] - val:
[2023-11-05 21:46:16,579][root][INFO] - ===> epoch: 184/300
[2023-11-05 21:46:16,580][root][INFO] - train:
[2023-11-05 21:47:01,691][root][INFO] - val:
[2023-11-05 21:47:03,171][root][INFO] - ===> epoch: 185/300
[2023-11-05 21:47:03,172][root][INFO] - train:
[2023-11-05 21:47:49,274][root][INFO] - val:
[2023-11-05 21:47:50,808][root][INFO] - Checkpoint saved to C:\Users\GeorgeS\Documents\facultate\master\projects\data\model_weights\CIFAR-10/PreResNet/CyclicBS\2525\model_185_0.8845000267028809.pth
[2023-11-05 21:47:50,809][root][INFO] - ===> BEST Val/Accuracy PERFORMANCE: 0.88450
[2023-11-05 21:47:50,810][root][INFO] - ===> epoch: 186/300
[2023-11-05 21:47:50,811][root][INFO] - train:
[2023-11-05 21:48:36,713][root][INFO] - val:
[2023-11-05 21:48:38,209][root][INFO] - ===> epoch: 187/300
[2023-11-05 21:48:38,209][root][INFO] - train:
[2023-11-05 21:49:24,315][root][INFO] - val:
[2023-11-05 21:49:25,803][root][INFO] - ===> epoch: 188/300
[2023-11-05 21:49:25,803][root][INFO] - train:
[2023-11-05 21:50:12,559][root][INFO] - val:
[2023-11-05 21:50:14,116][root][INFO] - ===> epoch: 189/300
[2023-11-05 21:50:14,117][root][INFO] - train:
[2023-11-05 21:51:01,747][root][INFO] - val:
[2023-11-05 21:51:03,243][root][INFO] - ===> epoch: 190/300
[2023-11-05 21:51:03,243][root][INFO] - train:
[2023-11-05 21:51:49,239][root][INFO] - val:
[2023-11-05 21:51:50,749][root][INFO] - Checkpoint saved to C:\Users\GeorgeS\Documents\facultate\master\projects\data\model_weights\CIFAR-10/PreResNet/CyclicBS\2525\model_190_0.pth
[2023-11-05 21:51:50,750][root][INFO] - ===> epoch: 191/300
[2023-11-05 21:51:50,750][root][INFO] - train:
[2023-11-05 21:52:39,082][root][INFO] - val:
[2023-11-05 21:52:40,663][root][INFO] - ===> epoch: 192/300
[2023-11-05 21:52:40,663][root][INFO] - train:
[2023-11-05 21:53:29,284][root][INFO] - val:
[2023-11-05 21:53:30,854][root][INFO] - ===> epoch: 193/300
[2023-11-05 21:53:30,854][root][INFO] - train:
[2023-11-05 21:54:19,602][root][INFO] - val:
[2023-11-05 21:54:21,181][root][INFO] - ===> epoch: 194/300
[2023-11-05 21:54:21,182][root][INFO] - train:
[2023-11-05 21:55:09,780][root][INFO] - val:
[2023-11-05 21:55:11,356][root][INFO] - ===> epoch: 195/300
[2023-11-05 21:55:11,357][root][INFO] - train:
[2023-11-05 21:55:59,711][root][INFO] - val:
[2023-11-05 21:56:01,287][root][INFO] - ===> epoch: 196/300
[2023-11-05 21:56:01,287][root][INFO] - train:
[2023-11-05 21:56:49,880][root][INFO] - val:
[2023-11-05 21:56:51,455][root][INFO] - ===> epoch: 197/300
[2023-11-05 21:56:51,456][root][INFO] - train:
[2023-11-05 21:57:39,820][root][INFO] - val:
[2023-11-05 21:57:41,377][root][INFO] - ===> epoch: 198/300
[2023-11-05 21:57:41,378][root][INFO] - train:
[2023-11-05 21:58:29,671][root][INFO] - val:
[2023-11-05 21:58:31,502][root][INFO] - ===> epoch: 199/300
[2023-11-05 21:58:31,503][root][INFO] - train:
[2023-11-05 21:59:20,826][root][INFO] - val:
[2023-11-05 21:59:22,380][root][INFO] - ===> epoch: 200/300
[2023-11-05 21:59:22,381][root][INFO] - train:
[2023-11-05 22:00:10,842][root][INFO] - val:
[2023-11-05 22:00:12,419][root][INFO] - Checkpoint saved to C:\Users\GeorgeS\Documents\facultate\master\projects\data\model_weights\CIFAR-10/PreResNet/CyclicBS\2525\model_200_0.pth
[2023-11-05 22:00:12,420][root][INFO] - ===> epoch: 201/300
[2023-11-05 22:00:12,421][root][INFO] - train:
[2023-11-05 22:01:00,317][root][INFO] - val:
[2023-11-05 22:01:01,817][root][INFO] - ===> epoch: 202/300
[2023-11-05 22:01:01,817][root][INFO] - train:
[2023-11-05 22:01:50,174][root][INFO] - val:
[2023-11-05 22:01:51,746][root][INFO] - ===> epoch: 203/300
[2023-11-05 22:01:51,747][root][INFO] - train:
[2023-11-05 22:02:40,572][root][INFO] - val:
[2023-11-05 22:02:42,096][root][INFO] - ===> epoch: 204/300
[2023-11-05 22:02:42,096][root][INFO] - train:
[2023-11-05 22:03:30,746][root][INFO] - val:
[2023-11-05 22:03:32,271][root][INFO] - ===> epoch: 205/300
[2023-11-05 22:03:32,271][root][INFO] - train:
[2023-11-05 22:04:19,666][root][INFO] - val:
[2023-11-05 22:04:21,202][root][INFO] - ===> epoch: 206/300
[2023-11-05 22:04:21,203][root][INFO] - train:
[2023-11-05 22:05:08,473][root][INFO] - val:
[2023-11-05 22:05:09,990][root][INFO] - ===> epoch: 207/300
[2023-11-05 22:05:09,990][root][INFO] - train:
[2023-11-05 22:05:57,300][root][INFO] - val:
[2023-11-05 22:05:58,842][root][INFO] - ===> epoch: 208/300
[2023-11-05 22:05:58,843][root][INFO] - train:
[2023-11-05 22:06:46,375][root][INFO] - val:
[2023-11-05 22:06:47,918][root][INFO] - ===> epoch: 209/300
[2023-11-05 22:06:47,918][root][INFO] - train:
[2023-11-05 22:07:36,649][root][INFO] - val:
[2023-11-05 22:07:38,542][root][INFO] - ===> epoch: 210/300
[2023-11-05 22:07:38,542][root][INFO] - train:
[2023-11-05 22:08:28,306][root][INFO] - val:
[2023-11-05 22:08:29,927][root][INFO] - Checkpoint saved to C:\Users\GeorgeS\Documents\facultate\master\projects\data\model_weights\CIFAR-10/PreResNet/CyclicBS\2525\model_210_0.pth
[2023-11-05 22:08:29,928][root][INFO] - ===> epoch: 211/300
[2023-11-05 22:08:29,928][root][INFO] - train:
[2023-11-05 22:09:18,864][root][INFO] - val:
[2023-11-05 22:09:20,376][root][INFO] - ===> epoch: 212/300
[2023-11-05 22:09:20,376][root][INFO] - train:
[2023-11-05 22:10:08,197][root][INFO] - val:
[2023-11-05 22:10:09,762][root][INFO] - ===> epoch: 213/300
[2023-11-05 22:10:09,763][root][INFO] - train:
[2023-11-05 22:10:58,549][root][INFO] - val:
[2023-11-05 22:11:00,090][root][INFO] - ===> epoch: 214/300
[2023-11-05 22:11:00,091][root][INFO] - train:
[2023-11-05 22:11:49,667][root][INFO] - val:
[2023-11-05 22:11:51,242][root][INFO] - ===> epoch: 215/300
[2023-11-05 22:11:51,243][root][INFO] - train:
[2023-11-05 22:12:38,797][root][INFO] - val:
[2023-11-05 22:12:40,312][root][INFO] - ===> epoch: 216/300
[2023-11-05 22:12:40,313][root][INFO] - train:
[2023-11-05 22:13:27,449][root][INFO] - val:
[2023-11-05 22:13:29,003][root][INFO] - ===> epoch: 217/300
[2023-11-05 22:13:29,004][root][INFO] - train:
[2023-11-05 22:14:15,944][root][INFO] - val:
[2023-11-05 22:14:17,473][root][INFO] - ===> epoch: 218/300
[2023-11-05 22:14:17,474][root][INFO] - train:
[2023-11-05 22:15:04,650][root][INFO] - val:
[2023-11-05 22:15:06,197][root][INFO] - ===> epoch: 219/300
[2023-11-05 22:15:06,198][root][INFO] - train:
[2023-11-05 22:15:53,071][root][INFO] - val:
[2023-11-05 22:15:54,802][root][INFO] - ===> epoch: 220/300
[2023-11-05 22:15:54,803][root][INFO] - train:
[2023-11-05 22:16:41,736][root][INFO] - val:
[2023-11-05 22:16:43,304][root][INFO] - Checkpoint saved to C:\Users\GeorgeS\Documents\facultate\master\projects\data\model_weights\CIFAR-10/PreResNet/CyclicBS\2525\model_220_0.pth
[2023-11-05 22:16:43,304][root][INFO] - ===> epoch: 221/300
[2023-11-05 22:16:43,305][root][INFO] - train:
[2023-11-05 22:17:31,564][root][INFO] - val:
[2023-11-05 22:17:33,144][root][INFO] - ===> epoch: 222/300
[2023-11-05 22:17:33,145][root][INFO] - train:
[2023-11-05 22:18:21,066][root][INFO] - val:
[2023-11-05 22:18:22,599][root][INFO] - ===> epoch: 223/300
[2023-11-05 22:18:22,599][root][INFO] - train:
[2023-11-05 22:19:10,215][root][INFO] - val:
[2023-11-05 22:19:11,739][root][INFO] - ===> epoch: 224/300
[2023-11-05 22:19:11,739][root][INFO] - train:
[2023-11-05 22:19:59,373][root][INFO] - val:
[2023-11-05 22:20:00,902][root][INFO] - ===> epoch: 225/300
[2023-11-05 22:20:00,902][root][INFO] - train:
[2023-11-05 22:20:48,399][root][INFO] - val:
[2023-11-05 22:20:49,952][root][INFO] - ===> epoch: 226/300
[2023-11-05 22:20:49,953][root][INFO] - train:
[2023-11-05 22:21:38,022][root][INFO] - val:
[2023-11-05 22:21:39,525][root][INFO] - ===> epoch: 227/300
[2023-11-05 22:21:39,526][root][INFO] - train:
[2023-11-05 22:22:27,483][root][INFO] - val:
[2023-11-05 22:22:29,006][root][INFO] - ===> epoch: 228/300
[2023-11-05 22:22:29,006][root][INFO] - train:
[2023-11-05 22:23:16,909][root][INFO] - val:
[2023-11-05 22:23:18,456][root][INFO] - ===> epoch: 229/300
[2023-11-05 22:23:18,456][root][INFO] - train:
[2023-11-05 22:24:06,153][root][INFO] - val:
[2023-11-05 22:24:07,882][root][INFO] - ===> epoch: 230/300
[2023-11-05 22:24:07,883][root][INFO] - train:
[2023-11-05 22:24:55,188][root][INFO] - val:
[2023-11-05 22:24:56,724][root][INFO] - Checkpoint saved to C:\Users\GeorgeS\Documents\facultate\master\projects\data\model_weights\CIFAR-10/PreResNet/CyclicBS\2525\model_230_0.pth
[2023-11-05 22:24:56,725][root][INFO] - ===> epoch: 231/300
[2023-11-05 22:24:56,725][root][INFO] - train:
[2023-11-05 22:25:43,154][root][INFO] - val:
[2023-11-05 22:25:44,615][root][INFO] - ===> epoch: 232/300
[2023-11-05 22:25:44,616][root][INFO] - train:
[2023-11-05 22:26:31,823][root][INFO] - val:
[2023-11-05 22:26:33,297][root][INFO] - ===> epoch: 233/300
[2023-11-05 22:26:33,297][root][INFO] - train:
[2023-11-05 22:27:18,725][root][INFO] - val:
[2023-11-05 22:27:20,181][root][INFO] - ===> epoch: 234/300
[2023-11-05 22:27:20,182][root][INFO] - train:
[2023-11-05 22:28:04,779][root][INFO] - val:
[2023-11-05 22:28:06,232][root][INFO] - ===> epoch: 235/300
[2023-11-05 22:28:06,233][root][INFO] - train:
[2023-11-05 22:28:50,781][root][INFO] - val:
[2023-11-05 22:28:52,396][root][INFO] - ===> epoch: 236/300
[2023-11-05 22:28:52,397][root][INFO] - train:
[2023-11-05 22:29:36,926][root][INFO] - val:
[2023-11-05 22:29:38,542][root][INFO] - ===> epoch: 237/300
[2023-11-05 22:29:38,543][root][INFO] - train:
[2023-11-05 22:30:23,131][root][INFO] - val:
[2023-11-05 22:30:24,733][root][INFO] - ===> epoch: 238/300
[2023-11-05 22:30:24,733][root][INFO] - train:
[2023-11-05 22:31:09,084][root][INFO] - val:
[2023-11-05 22:31:10,703][root][INFO] - ===> epoch: 239/300
[2023-11-05 22:31:10,704][root][INFO] - train:
[2023-11-05 22:31:55,355][root][INFO] - val:
[2023-11-05 22:31:57,012][root][INFO] - ===> epoch: 240/300
[2023-11-05 22:31:57,012][root][INFO] - train:
[2023-11-05 22:32:41,068][root][INFO] - val:
[2023-11-05 22:32:42,907][root][INFO] - Checkpoint saved to C:\Users\GeorgeS\Documents\facultate\master\projects\data\model_weights\CIFAR-10/PreResNet/CyclicBS\2525\model_240_0.pth
[2023-11-05 22:32:42,908][root][INFO] - ===> epoch: 241/300
[2023-11-05 22:32:42,908][root][INFO] - train:
[2023-11-05 22:33:26,694][root][INFO] - val:
[2023-11-05 22:33:28,129][root][INFO] - ===> epoch: 242/300
[2023-11-05 22:33:28,129][root][INFO] - train:
[2023-11-05 22:34:12,167][root][INFO] - val:
[2023-11-05 22:34:13,797][root][INFO] - ===> epoch: 243/300
[2023-11-05 22:34:13,797][root][INFO] - train:
[2023-11-05 22:34:57,840][root][INFO] - val:
[2023-11-05 22:34:59,301][root][INFO] - ===> epoch: 244/300
[2023-11-05 22:34:59,302][root][INFO] - train:
[2023-11-05 22:35:43,621][root][INFO] - val:
[2023-11-05 22:35:45,064][root][INFO] - ===> epoch: 245/300
[2023-11-05 22:35:45,065][root][INFO] - train:
[2023-11-05 22:36:29,368][root][INFO] - val:
[2023-11-05 22:36:30,956][root][INFO] - ===> epoch: 246/300
[2023-11-05 22:36:30,956][root][INFO] - train:
[2023-11-05 22:37:14,887][root][INFO] - val:
[2023-11-05 22:37:16,345][root][INFO] - ===> epoch: 247/300
[2023-11-05 22:37:16,346][root][INFO] - train:
[2023-11-05 22:38:00,266][root][INFO] - val:
[2023-11-05 22:38:01,705][root][INFO] - ===> epoch: 248/300
[2023-11-05 22:38:01,706][root][INFO] - train:
[2023-11-05 22:38:45,623][root][INFO] - val:
[2023-11-05 22:38:47,232][root][INFO] - ===> epoch: 249/300
[2023-11-05 22:38:47,232][root][INFO] - train:
[2023-11-05 22:39:31,279][root][INFO] - val:
[2023-11-05 22:39:32,876][root][INFO] - ===> epoch: 250/300
[2023-11-05 22:39:32,876][root][INFO] - train:
[2023-11-05 22:40:17,140][root][INFO] - val:
[2023-11-05 22:40:18,758][root][INFO] - Checkpoint saved to C:\Users\GeorgeS\Documents\facultate\master\projects\data\model_weights\CIFAR-10/PreResNet/CyclicBS\2525\model_250_0.pth
[2023-11-05 22:40:18,759][root][INFO] - ===> epoch: 251/300
[2023-11-05 22:40:18,759][root][INFO] - train:
[2023-11-05 22:41:02,559][root][INFO] - val:
[2023-11-05 22:41:04,373][root][INFO] - ===> epoch: 252/300
[2023-11-05 22:41:04,374][root][INFO] - train:
[2023-11-05 22:41:48,106][root][INFO] - val:
[2023-11-05 22:41:49,690][root][INFO] - ===> epoch: 253/300
[2023-11-05 22:41:49,690][root][INFO] - train:
[2023-11-05 22:42:33,908][root][INFO] - val:
[2023-11-05 22:42:35,503][root][INFO] - ===> epoch: 254/300
[2023-11-05 22:42:35,504][root][INFO] - train:
[2023-11-05 22:43:19,321][root][INFO] - val:
[2023-11-05 22:43:20,769][root][INFO] - ===> epoch: 255/300
[2023-11-05 22:43:20,770][root][INFO] - train:
[2023-11-05 22:44:05,100][root][INFO] - val:
[2023-11-05 22:44:06,662][root][INFO] - ===> epoch: 256/300
[2023-11-05 22:44:06,663][root][INFO] - train:
[2023-11-05 22:44:50,619][root][INFO] - val:
[2023-11-05 22:44:52,056][root][INFO] - ===> epoch: 257/300
[2023-11-05 22:44:52,057][root][INFO] - train:
[2023-11-05 22:45:35,984][root][INFO] - val:
[2023-11-05 22:45:37,668][root][INFO] - Checkpoint saved to C:\Users\GeorgeS\Documents\facultate\master\projects\data\model_weights\CIFAR-10/PreResNet/CyclicBS\2525\model_257_0.8845999836921692.pth
[2023-11-05 22:45:37,669][root][INFO] - ===> BEST Val/Accuracy PERFORMANCE: 0.88460
[2023-11-05 22:45:37,669][root][INFO] - ===> epoch: 258/300
[2023-11-05 22:45:37,670][root][INFO] - train:
[2023-11-05 22:46:21,804][root][INFO] - val:
[2023-11-05 22:46:23,455][root][INFO] - ===> epoch: 259/300
[2023-11-05 22:46:23,456][root][INFO] - train:
[2023-11-05 22:47:07,481][root][INFO] - val:
[2023-11-05 22:47:09,112][root][INFO] - ===> epoch: 260/300
[2023-11-05 22:47:09,113][root][INFO] - train:
[2023-11-05 22:47:53,162][root][INFO] - val:
[2023-11-05 22:47:54,782][root][INFO] - Checkpoint saved to C:\Users\GeorgeS\Documents\facultate\master\projects\data\model_weights\CIFAR-10/PreResNet/CyclicBS\2525\model_260_0.pth
[2023-11-05 22:47:54,783][root][INFO] - ===> epoch: 261/300
[2023-11-05 22:47:54,783][root][INFO] - train:
[2023-11-05 22:48:38,716][root][INFO] - val:
[2023-11-05 22:48:40,172][root][INFO] - ===> epoch: 262/300
[2023-11-05 22:48:40,172][root][INFO] - train:
[2023-11-05 22:49:24,096][root][INFO] - val:
[2023-11-05 22:49:25,728][root][INFO] - ===> epoch: 263/300
[2023-11-05 22:49:25,729][root][INFO] - train:
[2023-11-05 22:50:10,042][root][INFO] - val:
[2023-11-05 22:50:11,727][root][INFO] - ===> epoch: 264/300
[2023-11-05 22:50:11,727][root][INFO] - train:
[2023-11-05 22:50:55,561][root][INFO] - val:
[2023-11-05 22:50:57,002][root][INFO] - ===> epoch: 265/300
[2023-11-05 22:50:57,002][root][INFO] - train:
[2023-11-05 22:51:41,224][root][INFO] - val:
[2023-11-05 22:51:42,862][root][INFO] - ===> epoch: 266/300
[2023-11-05 22:51:42,863][root][INFO] - train:
[2023-11-05 22:52:26,897][root][INFO] - val:
[2023-11-05 22:52:28,516][root][INFO] - ===> epoch: 267/300
[2023-11-05 22:52:28,516][root][INFO] - train:
[2023-11-05 22:53:12,136][root][INFO] - val:
[2023-11-05 22:53:13,788][root][INFO] - ===> epoch: 268/300
[2023-11-05 22:53:13,788][root][INFO] - train:
[2023-11-05 22:53:57,774][root][INFO] - val:
[2023-11-05 22:53:59,219][root][INFO] - ===> epoch: 269/300
[2023-11-05 22:53:59,219][root][INFO] - train:
[2023-11-05 22:54:43,119][root][INFO] - val:
[2023-11-05 22:54:44,785][root][INFO] - ===> epoch: 270/300
[2023-11-05 22:54:44,785][root][INFO] - train:
[2023-11-05 22:55:29,105][root][INFO] - val:
[2023-11-05 22:55:30,824][root][INFO] - Checkpoint saved to C:\Users\GeorgeS\Documents\facultate\master\projects\data\model_weights\CIFAR-10/PreResNet/CyclicBS\2525\model_270_0.pth
[2023-11-05 22:55:30,825][root][INFO] - ===> epoch: 271/300
[2023-11-05 22:55:30,825][root][INFO] - train:
[2023-11-05 22:56:15,110][root][INFO] - val:
[2023-11-05 22:56:16,768][root][INFO] - ===> epoch: 272/300
[2023-11-05 22:56:16,769][root][INFO] - train:
[2023-11-05 22:57:00,918][root][INFO] - val:
[2023-11-05 22:57:02,705][root][INFO] - ===> epoch: 273/300
[2023-11-05 22:57:02,705][root][INFO] - train:
[2023-11-05 22:57:46,529][root][INFO] - val:
[2023-11-05 22:57:48,279][root][INFO] - Checkpoint saved to C:\Users\GeorgeS\Documents\facultate\master\projects\data\model_weights\CIFAR-10/PreResNet/CyclicBS\2525\model_273_0.8888000249862671.pth
[2023-11-05 22:57:48,279][root][INFO] - ===> BEST Val/Accuracy PERFORMANCE: 0.88880
[2023-11-05 22:57:48,280][root][INFO] - ===> epoch: 274/300
[2023-11-05 22:57:48,280][root][INFO] - train:
[2023-11-05 22:58:32,064][root][INFO] - val:
[2023-11-05 22:58:33,713][root][INFO] - ===> epoch: 275/300
[2023-11-05 22:58:33,714][root][INFO] - train:
[2023-11-05 22:59:17,655][root][INFO] - val:
[2023-11-05 22:59:19,214][root][INFO] - ===> epoch: 276/300
[2023-11-05 22:59:19,214][root][INFO] - train:
[2023-11-05 23:00:03,347][root][INFO] - val:
[2023-11-05 23:00:04,792][root][INFO] - ===> epoch: 277/300
[2023-11-05 23:00:04,793][root][INFO] - train:
[2023-11-05 23:00:48,731][root][INFO] - val:
[2023-11-05 23:00:50,169][root][INFO] - ===> epoch: 278/300
[2023-11-05 23:00:50,169][root][INFO] - train:
[2023-11-05 23:01:33,912][root][INFO] - val:
[2023-11-05 23:01:35,850][root][INFO] - ===> epoch: 279/300
[2023-11-05 23:01:35,851][root][INFO] - train:
[2023-11-05 23:02:19,840][root][INFO] - val:
[2023-11-05 23:02:21,299][root][INFO] - ===> epoch: 280/300
[2023-11-05 23:02:21,299][root][INFO] - train:
[2023-11-05 23:03:05,553][root][INFO] - val:
[2023-11-05 23:03:07,170][root][INFO] - Checkpoint saved to C:\Users\GeorgeS\Documents\facultate\master\projects\data\model_weights\CIFAR-10/PreResNet/CyclicBS\2525\model_280_0.pth
[2023-11-05 23:03:07,171][root][INFO] - ===> epoch: 281/300
[2023-11-05 23:03:07,172][root][INFO] - train:
[2023-11-05 23:03:51,005][root][INFO] - val:
[2023-11-05 23:03:52,446][root][INFO] - ===> epoch: 282/300
[2023-11-05 23:03:52,447][root][INFO] - train:
[2023-11-05 23:04:36,590][root][INFO] - val:
[2023-11-05 23:04:38,255][root][INFO] - ===> epoch: 283/300
[2023-11-05 23:04:38,256][root][INFO] - train:
[2023-11-05 23:05:22,575][root][INFO] - val:
[2023-11-05 23:05:24,246][root][INFO] - ===> epoch: 284/300
[2023-11-05 23:05:24,246][root][INFO] - train:
[2023-11-05 23:06:07,952][root][INFO] - val:
[2023-11-05 23:06:09,865][root][INFO] - ===> epoch: 285/300
[2023-11-05 23:06:09,865][root][INFO] - train:
[2023-11-05 23:06:53,702][root][INFO] - val:
[2023-11-05 23:06:55,382][root][INFO] - ===> epoch: 286/300
[2023-11-05 23:06:55,382][root][INFO] - train:
[2023-11-05 23:07:39,566][root][INFO] - val:
[2023-11-05 23:07:41,224][root][INFO] - ===> epoch: 287/300
[2023-11-05 23:07:41,224][root][INFO] - train:
[2023-11-05 23:08:25,424][root][INFO] - val:
[2023-11-05 23:08:26,872][root][INFO] - ===> epoch: 288/300
[2023-11-05 23:08:26,873][root][INFO] - train:
[2023-11-05 23:09:10,898][root][INFO] - val:
[2023-11-05 23:09:12,505][root][INFO] - ===> epoch: 289/300
[2023-11-05 23:09:12,506][root][INFO] - train:
[2023-11-05 23:09:56,460][root][INFO] - val:
[2023-11-05 23:09:58,324][root][INFO] - ===> epoch: 290/300
[2023-11-05 23:09:58,325][root][INFO] - train:
[2023-11-05 23:10:42,035][root][INFO] - val:
[2023-11-05 23:10:43,687][root][INFO] - Checkpoint saved to C:\Users\GeorgeS\Documents\facultate\master\projects\data\model_weights\CIFAR-10/PreResNet/CyclicBS\2525\model_290_0.pth
[2023-11-05 23:10:43,688][root][INFO] - ===> epoch: 291/300
[2023-11-05 23:10:43,688][root][INFO] - train:
[2023-11-05 23:11:27,691][root][INFO] - val:
[2023-11-05 23:11:29,316][root][INFO] - ===> epoch: 292/300
[2023-11-05 23:11:29,316][root][INFO] - train:
[2023-11-05 23:12:13,159][root][INFO] - val:
[2023-11-05 23:12:14,803][root][INFO] - ===> epoch: 293/300
[2023-11-05 23:12:14,804][root][INFO] - train:
[2023-11-05 23:12:59,055][root][INFO] - val:
[2023-11-05 23:13:00,630][root][INFO] - ===> epoch: 294/300
[2023-11-05 23:13:00,630][root][INFO] - train:
[2023-11-05 23:13:44,847][root][INFO] - val:
[2023-11-05 23:13:46,456][root][INFO] - ===> epoch: 295/300
[2023-11-05 23:13:46,456][root][INFO] - train:
[2023-11-05 23:14:30,094][root][INFO] - val:
[2023-11-05 23:14:32,078][root][INFO] - ===> epoch: 296/300
[2023-11-05 23:14:32,079][root][INFO] - train:
[2023-11-05 23:15:15,954][root][INFO] - val:
[2023-11-05 23:15:17,580][root][INFO] - ===> epoch: 297/300
[2023-11-05 23:15:17,580][root][INFO] - train:
[2023-11-05 23:16:01,811][root][INFO] - val:
[2023-11-05 23:16:03,412][root][INFO] - ===> epoch: 298/300
[2023-11-05 23:16:03,413][root][INFO] - train:
[2023-11-05 23:16:47,520][root][INFO] - val:
[2023-11-05 23:16:49,061][root][INFO] - ===> epoch: 299/300
[2023-11-05 23:16:49,062][root][INFO] - train:
[2023-11-05 23:17:33,068][root][INFO] - val:
[2023-11-05 23:17:34,716][root][INFO] - ===> BEST Val/Accuracy PERFORMANCE: 0.88880
[2023-11-05 23:17:52,051][root][INFO] - Saved best accuracy checkpoint
