[2023-10-20 06:23:31,357][root][INFO] - Saving current code to C:\Users\GeorgeS\Documents\facultate\master\projects\Pytorch-Template\outputs\2023-10-20\06-23-31\runs\CIFAR-100/PreResNet/baseline\2525
[2023-10-20 06:23:31,503][root][INFO] - Loading train_dataset!
[2023-10-20 06:23:57,913][root][INFO] - Loading val_dataset!
[2023-10-20 06:24:03,851][root][INFO] - ===> epoch: 1/300
[2023-10-20 06:24:03,851][root][INFO] - train:
[2023-10-20 06:25:01,912][root][INFO] - val:
[2023-10-20 06:25:04,987][root][INFO] - Checkpoint saved to C:\Users\GeorgeS\Documents\facultate\master\projects\data\model_weights\CIFAR-100/PreResNet/baseline\2525\model_1_0.14900000393390656.pth
[2023-10-20 06:25:04,987][root][INFO] - ===> BEST Val/Accuracy PERFORMANCE: 0.14900
[2023-10-20 06:25:04,988][root][INFO] - ===> epoch: 2/300
[2023-10-20 06:25:04,988][root][INFO] - train:
[2023-10-20 06:26:05,251][root][INFO] - val:
[2023-10-20 06:26:06,883][root][INFO] - Checkpoint saved to C:\Users\GeorgeS\Documents\facultate\master\projects\data\model_weights\CIFAR-100/PreResNet/baseline\2525\model_2_0.20069999992847443.pth
[2023-10-20 06:26:06,883][root][INFO] - ===> BEST Val/Accuracy PERFORMANCE: 0.20070
[2023-10-20 06:26:06,884][root][INFO] - ===> epoch: 3/300
[2023-10-20 06:26:06,884][root][INFO] - train:
[2023-10-20 06:27:09,035][root][INFO] - val:
[2023-10-20 06:27:10,614][root][INFO] - Checkpoint saved to C:\Users\GeorgeS\Documents\facultate\master\projects\data\model_weights\CIFAR-100/PreResNet/baseline\2525\model_3_0.2648000121116638.pth
[2023-10-20 06:27:10,615][root][INFO] - ===> BEST Val/Accuracy PERFORMANCE: 0.26480
[2023-10-20 06:27:10,615][root][INFO] - ===> epoch: 4/300
[2023-10-20 06:27:10,615][root][INFO] - train:
[2023-10-20 06:28:13,696][root][INFO] - val:
[2023-10-20 06:28:15,330][root][INFO] - Checkpoint saved to C:\Users\GeorgeS\Documents\facultate\master\projects\data\model_weights\CIFAR-100/PreResNet/baseline\2525\model_4_0.2892000079154968.pth
[2023-10-20 06:28:15,330][root][INFO] - ===> BEST Val/Accuracy PERFORMANCE: 0.28920
[2023-10-20 06:28:15,331][root][INFO] - ===> epoch: 5/300
[2023-10-20 06:28:15,331][root][INFO] - train:
[2023-10-20 06:29:19,161][root][INFO] - val:
[2023-10-20 06:29:20,879][root][INFO] - Checkpoint saved to C:\Users\GeorgeS\Documents\facultate\master\projects\data\model_weights\CIFAR-100/PreResNet/baseline\2525\model_5_0.33570000529289246.pth
[2023-10-20 06:29:20,880][root][INFO] - ===> BEST Val/Accuracy PERFORMANCE: 0.33570
[2023-10-20 06:29:20,880][root][INFO] - ===> epoch: 6/300
[2023-10-20 06:29:20,881][root][INFO] - train:
[2023-10-20 06:30:24,843][root][INFO] - val:
[2023-10-20 06:30:26,833][root][INFO] - Checkpoint saved to C:\Users\GeorgeS\Documents\facultate\master\projects\data\model_weights\CIFAR-100/PreResNet/baseline\2525\model_6_0.35010001063346863.pth
[2023-10-20 06:30:26,834][root][INFO] - ===> BEST Val/Accuracy PERFORMANCE: 0.35010
[2023-10-20 06:30:26,834][root][INFO] - ===> epoch: 7/300
[2023-10-20 06:30:26,835][root][INFO] - train:
[2023-10-20 06:31:31,045][root][INFO] - val:
[2023-10-20 06:31:32,672][root][INFO] - Checkpoint saved to C:\Users\GeorgeS\Documents\facultate\master\projects\data\model_weights\CIFAR-100/PreResNet/baseline\2525\model_7_0.391400009393692.pth
[2023-10-20 06:31:32,672][root][INFO] - ===> BEST Val/Accuracy PERFORMANCE: 0.39140
[2023-10-20 06:31:32,673][root][INFO] - ===> epoch: 8/300
[2023-10-20 06:31:32,673][root][INFO] - train:
[2023-10-20 06:32:37,242][root][INFO] - val:
[2023-10-20 06:32:38,910][root][INFO] - Checkpoint saved to C:\Users\GeorgeS\Documents\facultate\master\projects\data\model_weights\CIFAR-100/PreResNet/baseline\2525\model_8_0.39489999413490295.pth
[2023-10-20 06:32:38,910][root][INFO] - ===> BEST Val/Accuracy PERFORMANCE: 0.39490
[2023-10-20 06:32:38,911][root][INFO] - ===> epoch: 9/300
[2023-10-20 06:32:38,911][root][INFO] - train:
[2023-10-20 06:33:43,869][root][INFO] - val:
[2023-10-20 06:33:45,465][root][INFO] - Checkpoint saved to C:\Users\GeorgeS\Documents\facultate\master\projects\data\model_weights\CIFAR-100/PreResNet/baseline\2525\model_9_0.4074000120162964.pth
[2023-10-20 06:33:45,465][root][INFO] - ===> BEST Val/Accuracy PERFORMANCE: 0.40740
[2023-10-20 06:33:45,466][root][INFO] - ===> epoch: 10/300
[2023-10-20 06:33:45,467][root][INFO] - train:
[2023-10-20 06:34:50,582][root][INFO] - val:
[2023-10-20 06:34:52,194][root][INFO] - Checkpoint saved to C:\Users\GeorgeS\Documents\facultate\master\projects\data\model_weights\CIFAR-100/PreResNet/baseline\2525\model_10_0.4415000081062317.pth
[2023-10-20 06:34:52,194][root][INFO] - ===> BEST Val/Accuracy PERFORMANCE: 0.44150
[2023-10-20 06:34:52,234][root][INFO] - Checkpoint saved to C:\Users\GeorgeS\Documents\facultate\master\projects\data\model_weights\CIFAR-100/PreResNet/baseline\2525\model_10_0.pth
[2023-10-20 06:34:52,235][root][INFO] - ===> epoch: 11/300
[2023-10-20 06:34:52,235][root][INFO] - train:
[2023-10-20 06:35:56,865][root][INFO] - val:
[2023-10-20 06:35:58,558][root][INFO] - Checkpoint saved to C:\Users\GeorgeS\Documents\facultate\master\projects\data\model_weights\CIFAR-100/PreResNet/baseline\2525\model_11_0.4496000111103058.pth
[2023-10-20 06:35:58,558][root][INFO] - ===> BEST Val/Accuracy PERFORMANCE: 0.44960
[2023-10-20 06:35:58,559][root][INFO] - ===> epoch: 12/300
[2023-10-20 06:35:58,560][root][INFO] - train:
[2023-10-20 06:37:03,468][root][INFO] - val:
[2023-10-20 06:37:05,125][root][INFO] - Checkpoint saved to C:\Users\GeorgeS\Documents\facultate\master\projects\data\model_weights\CIFAR-100/PreResNet/baseline\2525\model_12_0.4657000005245209.pth
[2023-10-20 06:37:05,125][root][INFO] - ===> BEST Val/Accuracy PERFORMANCE: 0.46570
[2023-10-20 06:37:05,126][root][INFO] - ===> epoch: 13/300
[2023-10-20 06:37:05,126][root][INFO] - train:
[2023-10-20 06:38:10,542][root][INFO] - val:
[2023-10-20 06:38:12,187][root][INFO] - Checkpoint saved to C:\Users\GeorgeS\Documents\facultate\master\projects\data\model_weights\CIFAR-100/PreResNet/baseline\2525\model_13_0.48660001158714294.pth
[2023-10-20 06:38:12,187][root][INFO] - ===> BEST Val/Accuracy PERFORMANCE: 0.48660
[2023-10-20 06:38:12,188][root][INFO] - ===> epoch: 14/300
[2023-10-20 06:38:12,188][root][INFO] - train:
[2023-10-20 06:39:17,069][root][INFO] - val:
[2023-10-20 06:39:18,713][root][INFO] - ===> epoch: 15/300
[2023-10-20 06:39:18,714][root][INFO] - train:
[2023-10-20 06:40:23,825][root][INFO] - val:
[2023-10-20 06:40:25,476][root][INFO] - Checkpoint saved to C:\Users\GeorgeS\Documents\facultate\master\projects\data\model_weights\CIFAR-100/PreResNet/baseline\2525\model_15_0.4952999949455261.pth
[2023-10-20 06:40:25,477][root][INFO] - ===> BEST Val/Accuracy PERFORMANCE: 0.49530
[2023-10-20 06:40:25,477][root][INFO] - ===> epoch: 16/300
[2023-10-20 06:40:25,477][root][INFO] - train:
[2023-10-20 06:41:31,334][root][INFO] - val:
[2023-10-20 06:41:32,995][root][INFO] - ===> epoch: 17/300
[2023-10-20 06:41:32,995][root][INFO] - train:
[2023-10-20 06:42:38,016][root][INFO] - val:
[2023-10-20 06:42:39,607][root][INFO] - Checkpoint saved to C:\Users\GeorgeS\Documents\facultate\master\projects\data\model_weights\CIFAR-100/PreResNet/baseline\2525\model_17_0.5001999735832214.pth
[2023-10-20 06:42:39,608][root][INFO] - ===> BEST Val/Accuracy PERFORMANCE: 0.50020
[2023-10-20 06:42:39,608][root][INFO] - ===> epoch: 18/300
[2023-10-20 06:42:39,608][root][INFO] - train:
[2023-10-20 06:43:45,224][root][INFO] - val:
[2023-10-20 06:43:46,839][root][INFO] - Checkpoint saved to C:\Users\GeorgeS\Documents\facultate\master\projects\data\model_weights\CIFAR-100/PreResNet/baseline\2525\model_18_0.5134999752044678.pth
[2023-10-20 06:43:46,840][root][INFO] - ===> BEST Val/Accuracy PERFORMANCE: 0.51350
[2023-10-20 06:43:46,841][root][INFO] - ===> epoch: 19/300
[2023-10-20 06:43:46,841][root][INFO] - train:
[2023-10-20 06:44:52,386][root][INFO] - val:
[2023-10-20 06:44:54,025][root][INFO] - ===> epoch: 20/300
[2023-10-20 06:44:54,025][root][INFO] - train:
[2023-10-20 06:45:59,631][root][INFO] - val:
[2023-10-20 06:46:01,286][root][INFO] - Checkpoint saved to C:\Users\GeorgeS\Documents\facultate\master\projects\data\model_weights\CIFAR-100/PreResNet/baseline\2525\model_20_0.5156000256538391.pth
[2023-10-20 06:46:01,286][root][INFO] - ===> BEST Val/Accuracy PERFORMANCE: 0.51560
[2023-10-20 06:46:01,320][root][INFO] - Checkpoint saved to C:\Users\GeorgeS\Documents\facultate\master\projects\data\model_weights\CIFAR-100/PreResNet/baseline\2525\model_20_0.pth
[2023-10-20 06:46:01,320][root][INFO] - ===> epoch: 21/300
[2023-10-20 06:46:01,321][root][INFO] - train:
[2023-10-20 06:47:07,073][root][INFO] - val:
[2023-10-20 06:47:08,696][root][INFO] - Checkpoint saved to C:\Users\GeorgeS\Documents\facultate\master\projects\data\model_weights\CIFAR-100/PreResNet/baseline\2525\model_21_0.5224000215530396.pth
[2023-10-20 06:47:08,696][root][INFO] - ===> BEST Val/Accuracy PERFORMANCE: 0.52240
[2023-10-20 06:47:08,697][root][INFO] - ===> epoch: 22/300
[2023-10-20 06:47:08,697][root][INFO] - train:
[2023-10-20 06:48:14,352][root][INFO] - val:
[2023-10-20 06:48:16,200][root][INFO] - Checkpoint saved to C:\Users\GeorgeS\Documents\facultate\master\projects\data\model_weights\CIFAR-100/PreResNet/baseline\2525\model_22_0.5285000205039978.pth
[2023-10-20 06:48:16,201][root][INFO] - ===> BEST Val/Accuracy PERFORMANCE: 0.52850
[2023-10-20 06:48:16,201][root][INFO] - ===> epoch: 23/300
[2023-10-20 06:48:16,202][root][INFO] - train:
[2023-10-20 06:49:22,006][root][INFO] - val:
[2023-10-20 06:49:23,488][root][INFO] - Checkpoint saved to C:\Users\GeorgeS\Documents\facultate\master\projects\data\model_weights\CIFAR-100/PreResNet/baseline\2525\model_23_0.5424000024795532.pth
[2023-10-20 06:49:23,489][root][INFO] - ===> BEST Val/Accuracy PERFORMANCE: 0.54240
[2023-10-20 06:49:23,489][root][INFO] - ===> epoch: 24/300
[2023-10-20 06:49:23,490][root][INFO] - train:
[2023-10-20 06:50:29,590][root][INFO] - val:
[2023-10-20 06:50:31,190][root][INFO] - Checkpoint saved to C:\Users\GeorgeS\Documents\facultate\master\projects\data\model_weights\CIFAR-100/PreResNet/baseline\2525\model_24_0.5461999773979187.pth
[2023-10-20 06:50:31,191][root][INFO] - ===> BEST Val/Accuracy PERFORMANCE: 0.54620
[2023-10-20 06:50:31,191][root][INFO] - ===> epoch: 25/300
[2023-10-20 06:50:31,192][root][INFO] - train:
[2023-10-20 06:51:37,355][root][INFO] - val:
[2023-10-20 06:51:38,894][root][INFO] - ===> epoch: 26/300
[2023-10-20 06:51:38,895][root][INFO] - train:
[2023-10-20 06:52:44,723][root][INFO] - val:
[2023-10-20 06:52:46,346][root][INFO] - Checkpoint saved to C:\Users\GeorgeS\Documents\facultate\master\projects\data\model_weights\CIFAR-100/PreResNet/baseline\2525\model_26_0.5544000267982483.pth
[2023-10-20 06:52:46,347][root][INFO] - ===> BEST Val/Accuracy PERFORMANCE: 0.55440
[2023-10-20 06:52:46,347][root][INFO] - ===> epoch: 27/300
[2023-10-20 06:52:46,348][root][INFO] - train:
[2023-10-20 06:53:52,407][root][INFO] - val:
[2023-10-20 06:53:54,008][root][INFO] - ===> epoch: 28/300
[2023-10-20 06:53:54,008][root][INFO] - train:
[2023-10-20 06:54:59,880][root][INFO] - val:
[2023-10-20 06:55:01,786][root][INFO] - ===> epoch: 29/300
[2023-10-20 06:55:01,786][root][INFO] - train:
[2023-10-20 06:56:06,859][root][INFO] - val:
[2023-10-20 06:56:08,516][root][INFO] - Checkpoint saved to C:\Users\GeorgeS\Documents\facultate\master\projects\data\model_weights\CIFAR-100/PreResNet/baseline\2525\model_29_0.5658000111579895.pth
[2023-10-20 06:56:08,516][root][INFO] - ===> BEST Val/Accuracy PERFORMANCE: 0.56580
[2023-10-20 06:56:08,517][root][INFO] - ===> epoch: 30/300
[2023-10-20 06:56:08,517][root][INFO] - train:
[2023-10-20 06:57:14,345][root][INFO] - val:
[2023-10-20 06:57:16,073][root][INFO] - Checkpoint saved to C:\Users\GeorgeS\Documents\facultate\master\projects\data\model_weights\CIFAR-100/PreResNet/baseline\2525\model_30_0.pth
[2023-10-20 06:57:16,074][root][INFO] - ===> epoch: 31/300
[2023-10-20 06:57:16,074][root][INFO] - train:
[2023-10-20 06:58:08,431][root][INFO] - val:
[2023-10-20 06:58:10,088][root][INFO] - Checkpoint saved to C:\Users\GeorgeS\Documents\facultate\master\projects\data\model_weights\CIFAR-100/PreResNet/baseline\2525\model_31_0.6047000288963318.pth
[2023-10-20 06:58:10,089][root][INFO] - ===> BEST Val/Accuracy PERFORMANCE: 0.60470
[2023-10-20 06:58:10,090][root][INFO] - ===> epoch: 32/300
[2023-10-20 06:58:10,090][root][INFO] - train:
[2023-10-20 06:59:01,695][root][INFO] - val:
[2023-10-20 06:59:03,265][root][INFO] - ===> epoch: 33/300
[2023-10-20 06:59:03,265][root][INFO] - train:
[2023-10-20 06:59:54,662][root][INFO] - val:
[2023-10-20 06:59:56,537][root][INFO] - Checkpoint saved to C:\Users\GeorgeS\Documents\facultate\master\projects\data\model_weights\CIFAR-100/PreResNet/baseline\2525\model_33_0.6068999767303467.pth
[2023-10-20 06:59:56,537][root][INFO] - ===> BEST Val/Accuracy PERFORMANCE: 0.60690
[2023-10-20 06:59:56,538][root][INFO] - ===> epoch: 34/300
[2023-10-20 06:59:56,538][root][INFO] - train:
[2023-10-20 07:00:47,818][root][INFO] - val:
[2023-10-20 07:00:49,819][root][INFO] - Checkpoint saved to C:\Users\GeorgeS\Documents\facultate\master\projects\data\model_weights\CIFAR-100/PreResNet/baseline\2525\model_34_0.6079999804496765.pth
[2023-10-20 07:00:49,820][root][INFO] - ===> BEST Val/Accuracy PERFORMANCE: 0.60800
[2023-10-20 07:00:49,821][root][INFO] - ===> epoch: 35/300
[2023-10-20 07:00:49,821][root][INFO] - train:
[2023-10-20 07:01:41,206][root][INFO] - val:
[2023-10-20 07:01:42,772][root][INFO] - ===> epoch: 36/300
[2023-10-20 07:01:42,773][root][INFO] - train:
[2023-10-20 07:02:34,547][root][INFO] - val:
[2023-10-20 07:02:36,129][root][INFO] - ===> epoch: 37/300
[2023-10-20 07:02:36,129][root][INFO] - train:
[2023-10-20 07:03:27,851][root][INFO] - val:
[2023-10-20 07:03:29,459][root][INFO] - ===> epoch: 38/300
[2023-10-20 07:03:29,459][root][INFO] - train:
[2023-10-20 07:04:21,159][root][INFO] - val:
[2023-10-20 07:04:22,794][root][INFO] - ===> epoch: 39/300
[2023-10-20 07:04:22,795][root][INFO] - train:
[2023-10-20 07:05:14,031][root][INFO] - val:
[2023-10-20 07:05:15,684][root][INFO] - Checkpoint saved to C:\Users\GeorgeS\Documents\facultate\master\projects\data\model_weights\CIFAR-100/PreResNet/baseline\2525\model_39_0.6165000200271606.pth
[2023-10-20 07:05:15,685][root][INFO] - ===> BEST Val/Accuracy PERFORMANCE: 0.61650
[2023-10-20 07:05:15,686][root][INFO] - ===> epoch: 40/300
[2023-10-20 07:05:15,686][root][INFO] - train:
[2023-10-20 07:06:07,455][root][INFO] - val:
[2023-10-20 07:06:09,039][root][INFO] - Checkpoint saved to C:\Users\GeorgeS\Documents\facultate\master\projects\data\model_weights\CIFAR-100/PreResNet/baseline\2525\model_40_0.pth
[2023-10-20 07:06:09,040][root][INFO] - ===> epoch: 41/300
[2023-10-20 07:06:09,040][root][INFO] - train:
[2023-10-20 07:07:00,725][root][INFO] - val:
[2023-10-20 07:07:02,340][root][INFO] - ===> epoch: 42/300
[2023-10-20 07:07:02,340][root][INFO] - train:
[2023-10-20 07:07:53,779][root][INFO] - val:
[2023-10-20 07:07:55,367][root][INFO] - ===> epoch: 43/300
[2023-10-20 07:07:55,367][root][INFO] - train:
[2023-10-20 07:08:46,608][root][INFO] - val:
[2023-10-20 07:08:48,545][root][INFO] - ===> epoch: 44/300
[2023-10-20 07:08:48,546][root][INFO] - train:
[2023-10-20 07:09:39,858][root][INFO] - val:
[2023-10-20 07:09:41,545][root][INFO] - ===> epoch: 45/300
[2023-10-20 07:09:41,545][root][INFO] - train:
[2023-10-20 07:10:33,090][root][INFO] - val:
[2023-10-20 07:10:34,721][root][INFO] - ===> epoch: 46/300
[2023-10-20 07:10:34,721][root][INFO] - train:
[2023-10-20 07:11:26,386][root][INFO] - val:
[2023-10-20 07:11:28,060][root][INFO] - ===> epoch: 47/300
[2023-10-20 07:11:28,060][root][INFO] - train:
[2023-10-20 07:12:19,616][root][INFO] - val:
[2023-10-20 07:12:21,282][root][INFO] - Checkpoint saved to C:\Users\GeorgeS\Documents\facultate\master\projects\data\model_weights\CIFAR-100/PreResNet/baseline\2525\model_47_0.6215000152587891.pth
[2023-10-20 07:12:21,283][root][INFO] - ===> BEST Val/Accuracy PERFORMANCE: 0.62150
[2023-10-20 07:12:21,284][root][INFO] - ===> epoch: 48/300
[2023-10-20 07:12:21,284][root][INFO] - train:
[2023-10-20 07:13:12,291][root][INFO] - val:
[2023-10-20 07:13:13,957][root][INFO] - Checkpoint saved to C:\Users\GeorgeS\Documents\facultate\master\projects\data\model_weights\CIFAR-100/PreResNet/baseline\2525\model_48_0.6266000270843506.pth
[2023-10-20 07:13:13,958][root][INFO] - ===> BEST Val/Accuracy PERFORMANCE: 0.62660
[2023-10-20 07:13:13,959][root][INFO] - ===> epoch: 49/300
[2023-10-20 07:13:13,959][root][INFO] - train:
[2023-10-20 07:14:05,686][root][INFO] - val:
[2023-10-20 07:14:07,262][root][INFO] - ===> epoch: 50/300
[2023-10-20 07:14:07,262][root][INFO] - train:
[2023-10-20 07:14:58,854][root][INFO] - val:
[2023-10-20 07:15:00,494][root][INFO] - Checkpoint saved to C:\Users\GeorgeS\Documents\facultate\master\projects\data\model_weights\CIFAR-100/PreResNet/baseline\2525\model_50_0.pth
[2023-10-20 07:15:00,494][root][INFO] - ===> epoch: 51/300
[2023-10-20 07:15:00,494][root][INFO] - train:
[2023-10-20 07:15:52,422][root][INFO] - val:
[2023-10-20 07:15:53,969][root][INFO] - ===> epoch: 52/300
[2023-10-20 07:15:53,969][root][INFO] - train:
[2023-10-20 07:16:45,213][root][INFO] - val:
[2023-10-20 07:16:46,806][root][INFO] - ===> epoch: 53/300
[2023-10-20 07:16:46,806][root][INFO] - train:
[2023-10-20 07:17:38,601][root][INFO] - val:
[2023-10-20 07:17:40,144][root][INFO] - ===> epoch: 54/300
[2023-10-20 07:17:40,145][root][INFO] - train:
[2023-10-20 07:18:31,811][root][INFO] - val:
[2023-10-20 07:18:33,490][root][INFO] - ===> epoch: 55/300
[2023-10-20 07:18:33,490][root][INFO] - train:
[2023-10-20 07:19:25,177][root][INFO] - val:
[2023-10-20 07:19:26,831][root][INFO] - ===> epoch: 56/300
[2023-10-20 07:19:26,831][root][INFO] - train:
[2023-10-20 07:20:18,125][root][INFO] - val:
[2023-10-20 07:20:19,701][root][INFO] - ===> epoch: 57/300
[2023-10-20 07:20:19,702][root][INFO] - train:
[2023-10-20 07:21:11,312][root][INFO] - val:
[2023-10-20 07:21:12,875][root][INFO] - ===> epoch: 58/300
[2023-10-20 07:21:12,875][root][INFO] - train:
[2023-10-20 07:22:04,481][root][INFO] - val:
[2023-10-20 07:22:06,060][root][INFO] - ===> epoch: 59/300
[2023-10-20 07:22:06,061][root][INFO] - train:
[2023-10-20 07:22:57,622][root][INFO] - val:
[2023-10-20 07:22:59,218][root][INFO] - ===> epoch: 60/300
[2023-10-20 07:22:59,218][root][INFO] - train:
[2023-10-20 07:23:50,552][root][INFO] - val:
[2023-10-20 07:23:52,642][root][INFO] - Checkpoint saved to C:\Users\GeorgeS\Documents\facultate\master\projects\data\model_weights\CIFAR-100/PreResNet/baseline\2525\model_60_0.6322000026702881.pth
[2023-10-20 07:23:52,643][root][INFO] - ===> BEST Val/Accuracy PERFORMANCE: 0.63220
[2023-10-20 07:23:52,680][root][INFO] - Checkpoint saved to C:\Users\GeorgeS\Documents\facultate\master\projects\data\model_weights\CIFAR-100/PreResNet/baseline\2525\model_60_0.pth
[2023-10-20 07:23:52,681][root][INFO] - ===> epoch: 61/300
[2023-10-20 07:23:52,681][root][INFO] - train:
[2023-10-20 07:24:40,537][root][INFO] - val:
[2023-10-20 07:24:42,267][root][INFO] - Checkpoint saved to C:\Users\GeorgeS\Documents\facultate\master\projects\data\model_weights\CIFAR-100/PreResNet/baseline\2525\model_61_0.6518999934196472.pth
[2023-10-20 07:24:42,267][root][INFO] - ===> BEST Val/Accuracy PERFORMANCE: 0.65190
[2023-10-20 07:24:42,268][root][INFO] - ===> epoch: 62/300
[2023-10-20 07:24:42,269][root][INFO] - train:
[2023-10-20 07:25:28,908][root][INFO] - val:
[2023-10-20 07:25:30,561][root][INFO] - ===> epoch: 63/300
[2023-10-20 07:25:30,561][root][INFO] - train:
[2023-10-20 07:26:17,164][root][INFO] - val:
[2023-10-20 07:26:18,757][root][INFO] - Checkpoint saved to C:\Users\GeorgeS\Documents\facultate\master\projects\data\model_weights\CIFAR-100/PreResNet/baseline\2525\model_63_0.6539000272750854.pth
[2023-10-20 07:26:18,758][root][INFO] - ===> BEST Val/Accuracy PERFORMANCE: 0.65390
[2023-10-20 07:26:18,758][root][INFO] - ===> epoch: 64/300
[2023-10-20 07:26:18,759][root][INFO] - train:
[2023-10-20 07:27:05,361][root][INFO] - val:
[2023-10-20 07:27:07,044][root][INFO] - ===> epoch: 65/300
[2023-10-20 07:27:07,045][root][INFO] - train:
[2023-10-20 07:27:53,391][root][INFO] - val:
[2023-10-20 07:27:55,248][root][INFO] - ===> epoch: 66/300
[2023-10-20 07:27:55,248][root][INFO] - train:
[2023-10-20 07:28:41,719][root][INFO] - val:
[2023-10-20 07:28:43,370][root][INFO] - ===> epoch: 67/300
[2023-10-20 07:28:43,370][root][INFO] - train:
[2023-10-20 07:29:30,211][root][INFO] - val:
[2023-10-20 07:29:31,862][root][INFO] - ===> epoch: 68/300
[2023-10-20 07:29:31,863][root][INFO] - train:
[2023-10-20 07:30:18,586][root][INFO] - val:
[2023-10-20 07:30:20,207][root][INFO] - ===> epoch: 69/300
[2023-10-20 07:30:20,208][root][INFO] - train:
[2023-10-20 07:31:06,576][root][INFO] - val:
[2023-10-20 07:31:08,574][root][INFO] - Checkpoint saved to C:\Users\GeorgeS\Documents\facultate\master\projects\data\model_weights\CIFAR-100/PreResNet/baseline\2525\model_69_0.6549000144004822.pth
[2023-10-20 07:31:08,574][root][INFO] - ===> BEST Val/Accuracy PERFORMANCE: 0.65490
[2023-10-20 07:31:08,575][root][INFO] - ===> epoch: 70/300
[2023-10-20 07:31:08,575][root][INFO] - train:
[2023-10-20 07:31:55,041][root][INFO] - val:
[2023-10-20 07:31:56,724][root][INFO] - Checkpoint saved to C:\Users\GeorgeS\Documents\facultate\master\projects\data\model_weights\CIFAR-100/PreResNet/baseline\2525\model_70_0.pth
[2023-10-20 07:31:56,725][root][INFO] - ===> epoch: 71/300
[2023-10-20 07:31:56,725][root][INFO] - train:
[2023-10-20 07:32:43,340][root][INFO] - val:
[2023-10-20 07:32:45,001][root][INFO] - ===> epoch: 72/300
[2023-10-20 07:32:45,002][root][INFO] - train:
[2023-10-20 07:33:31,694][root][INFO] - val:
[2023-10-20 07:33:33,370][root][INFO] - ===> epoch: 73/300
[2023-10-20 07:33:33,371][root][INFO] - train:
[2023-10-20 07:34:20,033][root][INFO] - val:
[2023-10-20 07:34:21,698][root][INFO] - ===> epoch: 74/300
[2023-10-20 07:34:21,698][root][INFO] - train:
[2023-10-20 07:35:08,068][root][INFO] - val:
[2023-10-20 07:35:09,831][root][INFO] - ===> epoch: 75/300
[2023-10-20 07:35:09,831][root][INFO] - train:
[2023-10-20 07:35:56,332][root][INFO] - val:
[2023-10-20 07:35:58,003][root][INFO] - ===> epoch: 76/300
[2023-10-20 07:35:58,004][root][INFO] - train:
[2023-10-20 07:36:44,667][root][INFO] - val:
[2023-10-20 07:36:46,343][root][INFO] - ===> epoch: 77/300
[2023-10-20 07:36:46,343][root][INFO] - train:
[2023-10-20 07:37:33,011][root][INFO] - val:
[2023-10-20 07:37:34,677][root][INFO] - ===> epoch: 78/300
[2023-10-20 07:37:34,677][root][INFO] - train:
[2023-10-20 07:38:21,462][root][INFO] - val:
[2023-10-20 07:38:23,024][root][INFO] - ===> epoch: 79/300
[2023-10-20 07:38:23,024][root][INFO] - train:
[2023-10-20 07:39:09,259][root][INFO] - val:
[2023-10-20 07:39:10,847][root][INFO] - ===> epoch: 80/300
[2023-10-20 07:39:10,847][root][INFO] - train:
[2023-10-20 07:39:57,510][root][INFO] - val:
[2023-10-20 07:39:59,193][root][INFO] - Checkpoint saved to C:\Users\GeorgeS\Documents\facultate\master\projects\data\model_weights\CIFAR-100/PreResNet/baseline\2525\model_80_0.pth
[2023-10-20 07:39:59,194][root][INFO] - ===> epoch: 81/300
[2023-10-20 07:39:59,194][root][INFO] - train:
[2023-10-20 07:40:45,843][root][INFO] - val:
[2023-10-20 07:40:47,494][root][INFO] - ===> epoch: 82/300
[2023-10-20 07:40:47,495][root][INFO] - train:
[2023-10-20 07:41:34,216][root][INFO] - val:
[2023-10-20 07:41:35,848][root][INFO] - ===> epoch: 83/300
[2023-10-20 07:41:35,848][root][INFO] - train:
[2023-10-20 07:42:22,229][root][INFO] - val:
[2023-10-20 07:42:23,822][root][INFO] - ===> epoch: 84/300
[2023-10-20 07:42:23,823][root][INFO] - train:
[2023-10-20 07:43:10,421][root][INFO] - val:
[2023-10-20 07:43:11,996][root][INFO] - ===> epoch: 85/300
[2023-10-20 07:43:11,997][root][INFO] - train:
[2023-10-20 07:43:58,633][root][INFO] - val:
[2023-10-20 07:44:00,325][root][INFO] - ===> epoch: 86/300
[2023-10-20 07:44:00,325][root][INFO] - train:
[2023-10-20 07:44:46,960][root][INFO] - val:
[2023-10-20 07:44:48,655][root][INFO] - ===> epoch: 87/300
[2023-10-20 07:44:48,655][root][INFO] - train:
[2023-10-20 07:45:35,068][root][INFO] - val:
[2023-10-20 07:45:36,654][root][INFO] - ===> epoch: 88/300
[2023-10-20 07:45:36,654][root][INFO] - train:
[2023-10-20 07:46:23,550][root][INFO] - val:
[2023-10-20 07:46:25,162][root][INFO] - ===> epoch: 89/300
[2023-10-20 07:46:25,162][root][INFO] - train:
[2023-10-20 07:47:11,687][root][INFO] - val:
[2023-10-20 07:47:13,324][root][INFO] - ===> epoch: 90/300
[2023-10-20 07:47:13,325][root][INFO] - train:
[2023-10-20 07:48:00,072][root][INFO] - val:
[2023-10-20 07:48:01,690][root][INFO] - Checkpoint saved to C:\Users\GeorgeS\Documents\facultate\master\projects\data\model_weights\CIFAR-100/PreResNet/baseline\2525\model_90_0.pth
[2023-10-20 07:48:01,691][root][INFO] - ===> epoch: 91/300
[2023-10-20 07:48:01,691][root][INFO] - train:
[2023-10-20 07:48:48,909][root][INFO] - val:
[2023-10-20 07:48:50,722][root][INFO] - Checkpoint saved to C:\Users\GeorgeS\Documents\facultate\master\projects\data\model_weights\CIFAR-100/PreResNet/baseline\2525\model_91_0.6622999906539917.pth
[2023-10-20 07:48:50,723][root][INFO] - ===> BEST Val/Accuracy PERFORMANCE: 0.66230
[2023-10-20 07:48:50,724][root][INFO] - ===> epoch: 92/300
[2023-10-20 07:48:50,724][root][INFO] - train:
[2023-10-20 07:49:34,981][root][INFO] - val:
[2023-10-20 07:49:36,657][root][INFO] - Checkpoint saved to C:\Users\GeorgeS\Documents\facultate\master\projects\data\model_weights\CIFAR-100/PreResNet/baseline\2525\model_92_0.667900025844574.pth
[2023-10-20 07:49:36,658][root][INFO] - ===> BEST Val/Accuracy PERFORMANCE: 0.66790
[2023-10-20 07:49:36,659][root][INFO] - ===> epoch: 93/300
[2023-10-20 07:49:36,659][root][INFO] - train:
[2023-10-20 07:50:21,210][root][INFO] - val:
[2023-10-20 07:50:22,790][root][INFO] - ===> epoch: 94/300
[2023-10-20 07:50:22,791][root][INFO] - train:
[2023-10-20 07:51:07,534][root][INFO] - val:
[2023-10-20 07:51:09,104][root][INFO] - ===> epoch: 95/300
[2023-10-20 07:51:09,104][root][INFO] - train:
[2023-10-20 07:51:53,515][root][INFO] - val:
[2023-10-20 07:51:55,086][root][INFO] - ===> epoch: 96/300
[2023-10-20 07:51:55,086][root][INFO] - train:
[2023-10-20 07:52:39,618][root][INFO] - val:
[2023-10-20 07:52:41,247][root][INFO] - ===> epoch: 97/300
[2023-10-20 07:52:41,247][root][INFO] - train:
[2023-10-20 07:53:25,240][root][INFO] - val:
[2023-10-20 07:53:26,898][root][INFO] - ===> epoch: 98/300
[2023-10-20 07:53:26,898][root][INFO] - train:
[2023-10-20 07:54:11,320][root][INFO] - val:
[2023-10-20 07:54:12,922][root][INFO] - ===> epoch: 99/300
[2023-10-20 07:54:12,923][root][INFO] - train:
[2023-10-20 07:54:57,333][root][INFO] - val:
[2023-10-20 07:54:58,889][root][INFO] - ===> epoch: 100/300
[2023-10-20 07:54:58,890][root][INFO] - train:
[2023-10-20 07:55:43,434][root][INFO] - val:
[2023-10-20 07:55:45,089][root][INFO] - Checkpoint saved to C:\Users\GeorgeS\Documents\facultate\master\projects\data\model_weights\CIFAR-100/PreResNet/baseline\2525\model_100_0.pth
[2023-10-20 07:55:45,089][root][INFO] - ===> epoch: 101/300
[2023-10-20 07:55:45,090][root][INFO] - train:
[2023-10-20 07:56:29,646][root][INFO] - val:
[2023-10-20 07:56:31,215][root][INFO] - ===> epoch: 102/300
[2023-10-20 07:56:31,216][root][INFO] - train:
[2023-10-20 07:57:15,398][root][INFO] - val:
[2023-10-20 07:57:17,017][root][INFO] - ===> epoch: 103/300
[2023-10-20 07:57:17,017][root][INFO] - train:
[2023-10-20 07:58:01,556][root][INFO] - val:
[2023-10-20 07:58:03,184][root][INFO] - ===> epoch: 104/300
[2023-10-20 07:58:03,184][root][INFO] - train:
[2023-10-20 07:58:47,764][root][INFO] - val:
[2023-10-20 07:58:49,363][root][INFO] - ===> epoch: 105/300
[2023-10-20 07:58:49,364][root][INFO] - train:
[2023-10-20 07:59:34,116][root][INFO] - val:
[2023-10-20 07:59:35,676][root][INFO] - ===> epoch: 106/300
[2023-10-20 07:59:35,676][root][INFO] - train:
[2023-10-20 08:00:20,419][root][INFO] - val:
[2023-10-20 08:00:22,016][root][INFO] - ===> epoch: 107/300
[2023-10-20 08:00:22,017][root][INFO] - train:
[2023-10-20 08:01:06,077][root][INFO] - val:
[2023-10-20 08:01:07,654][root][INFO] - ===> epoch: 108/300
[2023-10-20 08:01:07,654][root][INFO] - train:
[2023-10-20 08:01:52,547][root][INFO] - val:
[2023-10-20 08:01:54,149][root][INFO] - ===> epoch: 109/300
[2023-10-20 08:01:54,149][root][INFO] - train:
[2023-10-20 08:02:38,640][root][INFO] - val:
[2023-10-20 08:02:40,294][root][INFO] - ===> epoch: 110/300
[2023-10-20 08:02:40,295][root][INFO] - train:
[2023-10-20 08:03:24,790][root][INFO] - val:
[2023-10-20 08:03:26,496][root][INFO] - Checkpoint saved to C:\Users\GeorgeS\Documents\facultate\master\projects\data\model_weights\CIFAR-100/PreResNet/baseline\2525\model_110_0.pth
[2023-10-20 08:03:26,497][root][INFO] - ===> epoch: 111/300
[2023-10-20 08:03:26,497][root][INFO] - train:
[2023-10-20 08:04:10,703][root][INFO] - val:
[2023-10-20 08:04:12,647][root][INFO] - ===> epoch: 112/300
[2023-10-20 08:04:12,647][root][INFO] - train:
[2023-10-20 08:04:56,667][root][INFO] - val:
[2023-10-20 08:04:58,273][root][INFO] - ===> epoch: 113/300
[2023-10-20 08:04:58,274][root][INFO] - train:
[2023-10-20 08:05:42,690][root][INFO] - val:
[2023-10-20 08:05:44,260][root][INFO] - ===> epoch: 114/300
[2023-10-20 08:05:44,261][root][INFO] - train:
[2023-10-20 08:06:28,713][root][INFO] - val:
[2023-10-20 08:06:30,285][root][INFO] - ===> epoch: 115/300
[2023-10-20 08:06:30,285][root][INFO] - train:
[2023-10-20 08:07:14,647][root][INFO] - val:
[2023-10-20 08:07:16,269][root][INFO] - ===> epoch: 116/300
[2023-10-20 08:07:16,270][root][INFO] - train:
[2023-10-20 08:08:00,443][root][INFO] - val:
[2023-10-20 08:08:02,333][root][INFO] - ===> epoch: 117/300
[2023-10-20 08:08:02,334][root][INFO] - train:
[2023-10-20 08:08:46,593][root][INFO] - val:
[2023-10-20 08:08:48,239][root][INFO] - ===> epoch: 118/300
[2023-10-20 08:08:48,240][root][INFO] - train:
[2023-10-20 08:09:32,663][root][INFO] - val:
[2023-10-20 08:09:34,226][root][INFO] - ===> epoch: 119/300
[2023-10-20 08:09:34,227][root][INFO] - train:
[2023-10-20 08:10:18,708][root][INFO] - val:
[2023-10-20 08:10:20,377][root][INFO] - ===> epoch: 120/300
[2023-10-20 08:10:20,377][root][INFO] - train:
[2023-10-20 08:11:04,715][root][INFO] - val:
[2023-10-20 08:11:06,398][root][INFO] - Checkpoint saved to C:\Users\GeorgeS\Documents\facultate\master\projects\data\model_weights\CIFAR-100/PreResNet/baseline\2525\model_120_0.pth
[2023-10-20 08:11:06,399][root][INFO] - ===> epoch: 121/300
[2023-10-20 08:11:06,400][root][INFO] - train:
[2023-10-20 08:11:53,953][root][INFO] - val:
[2023-10-20 08:11:55,943][root][INFO] - Checkpoint saved to C:\Users\GeorgeS\Documents\facultate\master\projects\data\model_weights\CIFAR-100/PreResNet/baseline\2525\model_121_0.6705999970436096.pth
[2023-10-20 08:11:55,944][root][INFO] - ===> BEST Val/Accuracy PERFORMANCE: 0.67060
[2023-10-20 08:11:55,945][root][INFO] - ===> epoch: 122/300
[2023-10-20 08:11:55,945][root][INFO] - train:
[2023-10-20 08:12:37,671][root][INFO] - val:
[2023-10-20 08:12:39,383][root][INFO] - Checkpoint saved to C:\Users\GeorgeS\Documents\facultate\master\projects\data\model_weights\CIFAR-100/PreResNet/baseline\2525\model_122_0.670799970626831.pth
[2023-10-20 08:12:39,384][root][INFO] - ===> BEST Val/Accuracy PERFORMANCE: 0.67080
[2023-10-20 08:12:39,385][root][INFO] - ===> epoch: 123/300
[2023-10-20 08:12:39,385][root][INFO] - train:
[2023-10-20 08:13:21,309][root][INFO] - val:
[2023-10-20 08:13:22,873][root][INFO] - ===> epoch: 124/300
[2023-10-20 08:13:22,874][root][INFO] - train:
[2023-10-20 08:14:04,786][root][INFO] - val:
[2023-10-20 08:14:06,369][root][INFO] - Checkpoint saved to C:\Users\GeorgeS\Documents\facultate\master\projects\data\model_weights\CIFAR-100/PreResNet/baseline\2525\model_124_0.6711000204086304.pth
[2023-10-20 08:14:06,370][root][INFO] - ===> BEST Val/Accuracy PERFORMANCE: 0.67110
[2023-10-20 08:14:06,370][root][INFO] - ===> epoch: 125/300
[2023-10-20 08:14:06,371][root][INFO] - train:
[2023-10-20 08:14:48,445][root][INFO] - val:
[2023-10-20 08:14:50,148][root][INFO] - ===> epoch: 126/300
[2023-10-20 08:14:50,148][root][INFO] - train:
[2023-10-20 08:15:31,746][root][INFO] - val:
[2023-10-20 08:15:33,287][root][INFO] - ===> epoch: 127/300
[2023-10-20 08:15:33,288][root][INFO] - train:
[2023-10-20 08:16:15,245][root][INFO] - val:
[2023-10-20 08:16:16,936][root][INFO] - ===> epoch: 128/300
[2023-10-20 08:16:16,936][root][INFO] - train:
[2023-10-20 08:16:58,927][root][INFO] - val:
[2023-10-20 08:17:00,579][root][INFO] - ===> epoch: 129/300
[2023-10-20 08:17:00,580][root][INFO] - train:
[2023-10-20 08:17:42,584][root][INFO] - val:
[2023-10-20 08:17:44,237][root][INFO] - ===> epoch: 130/300
[2023-10-20 08:17:44,238][root][INFO] - train:
[2023-10-20 08:18:26,320][root][INFO] - val:
[2023-10-20 08:18:27,941][root][INFO] - Checkpoint saved to C:\Users\GeorgeS\Documents\facultate\master\projects\data\model_weights\CIFAR-100/PreResNet/baseline\2525\model_130_0.pth
[2023-10-20 08:18:27,942][root][INFO] - ===> epoch: 131/300
[2023-10-20 08:18:27,943][root][INFO] - train:
[2023-10-20 08:19:09,559][root][INFO] - val:
[2023-10-20 08:19:11,203][root][INFO] - ===> epoch: 132/300
[2023-10-20 08:19:11,204][root][INFO] - train:
[2023-10-20 08:19:53,190][root][INFO] - val:
[2023-10-20 08:19:54,871][root][INFO] - ===> epoch: 133/300
[2023-10-20 08:19:54,871][root][INFO] - train:
[2023-10-20 08:20:36,775][root][INFO] - val:
[2023-10-20 08:20:38,367][root][INFO] - ===> epoch: 134/300
[2023-10-20 08:20:38,368][root][INFO] - train:
[2023-10-20 08:21:20,352][root][INFO] - val:
[2023-10-20 08:21:21,994][root][INFO] - ===> epoch: 135/300
[2023-10-20 08:21:21,994][root][INFO] - train:
[2023-10-20 08:22:03,820][root][INFO] - val:
[2023-10-20 08:22:05,471][root][INFO] - ===> epoch: 136/300
[2023-10-20 08:22:05,471][root][INFO] - train:
[2023-10-20 08:22:47,161][root][INFO] - val:
[2023-10-20 08:22:48,781][root][INFO] - ===> epoch: 137/300
[2023-10-20 08:22:48,781][root][INFO] - train:
[2023-10-20 08:23:30,730][root][INFO] - val:
[2023-10-20 08:23:32,422][root][INFO] - ===> epoch: 138/300
[2023-10-20 08:23:32,423][root][INFO] - train:
[2023-10-20 08:24:14,372][root][INFO] - val:
[2023-10-20 08:24:16,067][root][INFO] - ===> epoch: 139/300
[2023-10-20 08:24:16,067][root][INFO] - train:
[2023-10-20 08:24:58,189][root][INFO] - val:
[2023-10-20 08:24:59,734][root][INFO] - ===> epoch: 140/300
[2023-10-20 08:24:59,734][root][INFO] - train:
[2023-10-20 08:25:41,681][root][INFO] - val:
[2023-10-20 08:25:43,411][root][INFO] - Checkpoint saved to C:\Users\GeorgeS\Documents\facultate\master\projects\data\model_weights\CIFAR-100/PreResNet/baseline\2525\model_140_0.pth
[2023-10-20 08:25:43,412][root][INFO] - ===> epoch: 141/300
[2023-10-20 08:25:43,412][root][INFO] - train:
[2023-10-20 08:26:25,092][root][INFO] - val:
[2023-10-20 08:26:26,706][root][INFO] - ===> epoch: 142/300
[2023-10-20 08:26:26,707][root][INFO] - train:
[2023-10-20 08:27:08,593][root][INFO] - val:
[2023-10-20 08:27:10,187][root][INFO] - ===> epoch: 143/300
[2023-10-20 08:27:10,187][root][INFO] - train:
[2023-10-20 08:27:52,061][root][INFO] - val:
[2023-10-20 08:27:53,664][root][INFO] - ===> epoch: 144/300
[2023-10-20 08:27:53,665][root][INFO] - train:
[2023-10-20 08:28:35,712][root][INFO] - val:
[2023-10-20 08:28:37,316][root][INFO] - ===> epoch: 145/300
[2023-10-20 08:28:37,317][root][INFO] - train:
[2023-10-20 08:29:19,444][root][INFO] - val:
[2023-10-20 08:29:21,125][root][INFO] - ===> epoch: 146/300
[2023-10-20 08:29:21,126][root][INFO] - train:
[2023-10-20 08:30:02,697][root][INFO] - val:
[2023-10-20 08:30:04,287][root][INFO] - ===> epoch: 147/300
[2023-10-20 08:30:04,288][root][INFO] - train:
[2023-10-20 08:30:46,204][root][INFO] - val:
[2023-10-20 08:30:47,763][root][INFO] - ===> epoch: 148/300
[2023-10-20 08:30:47,764][root][INFO] - train:
[2023-10-20 08:31:29,781][root][INFO] - val:
[2023-10-20 08:31:31,411][root][INFO] - ===> epoch: 149/300
[2023-10-20 08:31:31,412][root][INFO] - train:
[2023-10-20 08:32:13,356][root][INFO] - val:
[2023-10-20 08:32:15,051][root][INFO] - ===> epoch: 150/300
[2023-10-20 08:32:15,051][root][INFO] - train:
[2023-10-20 08:32:57,002][root][INFO] - val:
[2023-10-20 08:32:58,714][root][INFO] - Checkpoint saved to C:\Users\GeorgeS\Documents\facultate\master\projects\data\model_weights\CIFAR-100/PreResNet/baseline\2525\model_150_0.pth
[2023-10-20 08:32:58,714][root][INFO] - ===> epoch: 151/300
[2023-10-20 08:32:58,715][root][INFO] - train:
[2023-10-20 08:33:47,882][root][INFO] - val:
[2023-10-20 08:33:49,551][root][INFO] - ===> epoch: 152/300
[2023-10-20 08:33:49,551][root][INFO] - train:
[2023-10-20 08:34:27,499][root][INFO] - val:
[2023-10-20 08:34:29,171][root][INFO] - ===> epoch: 153/300
[2023-10-20 08:34:29,171][root][INFO] - train:
[2023-10-20 08:35:07,266][root][INFO] - val:
[2023-10-20 08:35:08,969][root][INFO] - ===> epoch: 154/300
[2023-10-20 08:35:08,969][root][INFO] - train:
[2023-10-20 08:35:47,072][root][INFO] - val:
[2023-10-20 08:35:48,757][root][INFO] - ===> epoch: 155/300
[2023-10-20 08:35:48,757][root][INFO] - train:
[2023-10-20 08:36:26,651][root][INFO] - val:
[2023-10-20 08:36:28,447][root][INFO] - ===> epoch: 156/300
[2023-10-20 08:36:28,448][root][INFO] - train:
[2023-10-20 08:37:06,172][root][INFO] - val:
[2023-10-20 08:37:07,864][root][INFO] - ===> epoch: 157/300
[2023-10-20 08:37:07,864][root][INFO] - train:
[2023-10-20 08:37:45,945][root][INFO] - val:
[2023-10-20 08:37:47,525][root][INFO] - ===> epoch: 158/300
[2023-10-20 08:37:47,526][root][INFO] - train:
[2023-10-20 08:38:25,562][root][INFO] - val:
[2023-10-20 08:38:27,174][root][INFO] - ===> epoch: 159/300
[2023-10-20 08:38:27,175][root][INFO] - train:
[2023-10-20 08:39:05,189][root][INFO] - val:
[2023-10-20 08:39:06,793][root][INFO] - ===> epoch: 160/300
[2023-10-20 08:39:06,793][root][INFO] - train:
[2023-10-20 08:39:44,944][root][INFO] - val:
[2023-10-20 08:39:46,618][root][INFO] - Checkpoint saved to C:\Users\GeorgeS\Documents\facultate\master\projects\data\model_weights\CIFAR-100/PreResNet/baseline\2525\model_160_0.pth
[2023-10-20 08:39:46,619][root][INFO] - ===> epoch: 161/300
[2023-10-20 08:39:46,619][root][INFO] - train:
[2023-10-20 08:40:24,544][root][INFO] - val:
[2023-10-20 08:40:26,212][root][INFO] - ===> epoch: 162/300
[2023-10-20 08:40:26,212][root][INFO] - train:
[2023-10-20 08:41:03,804][root][INFO] - val:
[2023-10-20 08:41:05,709][root][INFO] - ===> epoch: 163/300
[2023-10-20 08:41:05,709][root][INFO] - train:
[2023-10-20 08:41:43,493][root][INFO] - val:
[2023-10-20 08:41:45,164][root][INFO] - ===> epoch: 164/300
[2023-10-20 08:41:45,165][root][INFO] - train:
[2023-10-20 08:42:23,205][root][INFO] - val:
[2023-10-20 08:42:24,800][root][INFO] - ===> epoch: 165/300
[2023-10-20 08:42:24,800][root][INFO] - train:
[2023-10-20 08:43:02,718][root][INFO] - val:
[2023-10-20 08:43:04,293][root][INFO] - ===> epoch: 166/300
[2023-10-20 08:43:04,293][root][INFO] - train:
[2023-10-20 08:43:42,380][root][INFO] - val:
[2023-10-20 08:43:44,075][root][INFO] - ===> epoch: 167/300
[2023-10-20 08:43:44,076][root][INFO] - train:
[2023-10-20 08:44:22,125][root][INFO] - val:
[2023-10-20 08:44:23,735][root][INFO] - ===> epoch: 168/300
[2023-10-20 08:44:23,736][root][INFO] - train:
[2023-10-20 08:45:01,765][root][INFO] - val:
[2023-10-20 08:45:03,358][root][INFO] - ===> epoch: 169/300
[2023-10-20 08:45:03,358][root][INFO] - train:
[2023-10-20 08:45:41,383][root][INFO] - val:
[2023-10-20 08:45:42,998][root][INFO] - ===> epoch: 170/300
[2023-10-20 08:45:42,998][root][INFO] - train:
[2023-10-20 08:46:20,994][root][INFO] - val:
[2023-10-20 08:46:22,648][root][INFO] - Checkpoint saved to C:\Users\GeorgeS\Documents\facultate\master\projects\data\model_weights\CIFAR-100/PreResNet/baseline\2525\model_170_0.pth
[2023-10-20 08:46:22,649][root][INFO] - ===> epoch: 171/300
[2023-10-20 08:46:22,649][root][INFO] - train:
[2023-10-20 08:47:00,562][root][INFO] - val:
[2023-10-20 08:47:02,229][root][INFO] - ===> epoch: 172/300
[2023-10-20 08:47:02,229][root][INFO] - train:
[2023-10-20 08:47:40,221][root][INFO] - val:
[2023-10-20 08:47:41,876][root][INFO] - ===> epoch: 173/300
[2023-10-20 08:47:41,877][root][INFO] - train:
[2023-10-20 08:48:19,759][root][INFO] - val:
[2023-10-20 08:48:21,363][root][INFO] - ===> epoch: 174/300
[2023-10-20 08:48:21,364][root][INFO] - train:
[2023-10-20 08:48:59,522][root][INFO] - val:
[2023-10-20 08:49:01,150][root][INFO] - ===> epoch: 175/300
[2023-10-20 08:49:01,150][root][INFO] - train:
[2023-10-20 08:49:39,155][root][INFO] - val:
[2023-10-20 08:49:40,789][root][INFO] - ===> epoch: 176/300
[2023-10-20 08:49:40,790][root][INFO] - train:
[2023-10-20 08:50:18,667][root][INFO] - val:
[2023-10-20 08:50:20,270][root][INFO] - ===> epoch: 177/300
[2023-10-20 08:50:20,271][root][INFO] - train:
[2023-10-20 08:50:58,240][root][INFO] - val:
[2023-10-20 08:50:59,898][root][INFO] - ===> epoch: 178/300
[2023-10-20 08:50:59,899][root][INFO] - train:
[2023-10-20 08:51:37,965][root][INFO] - val:
[2023-10-20 08:51:39,537][root][INFO] - ===> epoch: 179/300
[2023-10-20 08:51:39,538][root][INFO] - train:
[2023-10-20 08:52:17,428][root][INFO] - val:
[2023-10-20 08:52:19,000][root][INFO] - ===> epoch: 180/300
[2023-10-20 08:52:19,000][root][INFO] - train:
[2023-10-20 08:52:56,966][root][INFO] - val:
[2023-10-20 08:52:58,662][root][INFO] - Checkpoint saved to C:\Users\GeorgeS\Documents\facultate\master\projects\data\model_weights\CIFAR-100/PreResNet/baseline\2525\model_180_0.pth
[2023-10-20 08:52:58,663][root][INFO] - ===> epoch: 181/300
[2023-10-20 08:52:58,663][root][INFO] - train:
[2023-10-20 08:53:36,413][root][INFO] - val:
[2023-10-20 08:53:38,353][root][INFO] - ===> epoch: 182/300
[2023-10-20 08:53:38,354][root][INFO] - train:
[2023-10-20 08:54:16,106][root][INFO] - val:
[2023-10-20 08:54:17,855][root][INFO] - ===> epoch: 183/300
[2023-10-20 08:54:17,855][root][INFO] - train:
[2023-10-20 08:54:55,699][root][INFO] - val:
[2023-10-20 08:54:57,365][root][INFO] - ===> epoch: 184/300
[2023-10-20 08:54:57,366][root][INFO] - train:
[2023-10-20 08:55:35,376][root][INFO] - val:
[2023-10-20 08:55:37,007][root][INFO] - ===> epoch: 185/300
[2023-10-20 08:55:37,008][root][INFO] - train:
[2023-10-20 08:56:14,958][root][INFO] - val:
[2023-10-20 08:56:16,628][root][INFO] - ===> epoch: 186/300
[2023-10-20 08:56:16,628][root][INFO] - train:
[2023-10-20 08:56:54,548][root][INFO] - val:
[2023-10-20 08:56:56,220][root][INFO] - ===> epoch: 187/300
[2023-10-20 08:56:56,220][root][INFO] - train:
[2023-10-20 08:57:34,002][root][INFO] - val:
[2023-10-20 08:57:35,573][root][INFO] - ===> epoch: 188/300
[2023-10-20 08:57:35,573][root][INFO] - train:
[2023-10-20 08:58:13,550][root][INFO] - val:
[2023-10-20 08:58:15,199][root][INFO] - ===> epoch: 189/300
[2023-10-20 08:58:15,199][root][INFO] - train:
[2023-10-20 08:58:53,208][root][INFO] - val:
[2023-10-20 08:58:54,854][root][INFO] - ===> epoch: 190/300
[2023-10-20 08:58:54,855][root][INFO] - train:
[2023-10-20 08:59:32,913][root][INFO] - val:
[2023-10-20 08:59:34,534][root][INFO] - Checkpoint saved to C:\Users\GeorgeS\Documents\facultate\master\projects\data\model_weights\CIFAR-100/PreResNet/baseline\2525\model_190_0.pth
[2023-10-20 08:59:34,535][root][INFO] - ===> epoch: 191/300
[2023-10-20 08:59:34,535][root][INFO] - train:
[2023-10-20 09:00:12,534][root][INFO] - val:
[2023-10-20 09:00:14,133][root][INFO] - ===> epoch: 192/300
[2023-10-20 09:00:14,133][root][INFO] - train:
[2023-10-20 09:00:52,166][root][INFO] - val:
[2023-10-20 09:00:53,760][root][INFO] - ===> epoch: 193/300
[2023-10-20 09:00:53,760][root][INFO] - train:
[2023-10-20 09:01:31,837][root][INFO] - val:
[2023-10-20 09:01:33,414][root][INFO] - ===> epoch: 194/300
[2023-10-20 09:01:33,415][root][INFO] - train:
[2023-10-20 09:02:11,076][root][INFO] - val:
[2023-10-20 09:02:13,043][root][INFO] - ===> epoch: 195/300
[2023-10-20 09:02:13,043][root][INFO] - train:
[2023-10-20 09:02:50,698][root][INFO] - val:
[2023-10-20 09:02:52,334][root][INFO] - ===> epoch: 196/300
[2023-10-20 09:02:52,334][root][INFO] - train:
[2023-10-20 09:03:30,363][root][INFO] - val:
[2023-10-20 09:03:31,982][root][INFO] - ===> epoch: 197/300
[2023-10-20 09:03:31,983][root][INFO] - train:
[2023-10-20 09:04:09,944][root][INFO] - val:
[2023-10-20 09:04:11,962][root][INFO] - ===> epoch: 198/300
[2023-10-20 09:04:11,962][root][INFO] - train:
[2023-10-20 09:04:49,567][root][INFO] - val:
[2023-10-20 09:04:51,227][root][INFO] - ===> epoch: 199/300
[2023-10-20 09:04:51,227][root][INFO] - train:
[2023-10-20 09:05:29,404][root][INFO] - val:
[2023-10-20 09:05:31,054][root][INFO] - ===> epoch: 200/300
[2023-10-20 09:05:31,055][root][INFO] - train:
[2023-10-20 09:06:09,079][root][INFO] - val:
[2023-10-20 09:06:10,728][root][INFO] - Checkpoint saved to C:\Users\GeorgeS\Documents\facultate\master\projects\data\model_weights\CIFAR-100/PreResNet/baseline\2525\model_200_0.pth
[2023-10-20 09:06:10,729][root][INFO] - ===> epoch: 201/300
[2023-10-20 09:06:10,729][root][INFO] - train:
[2023-10-20 09:06:48,753][root][INFO] - val:
[2023-10-20 09:06:50,344][root][INFO] - ===> epoch: 202/300
[2023-10-20 09:06:50,345][root][INFO] - train:
[2023-10-20 09:07:28,327][root][INFO] - val:
[2023-10-20 09:07:29,968][root][INFO] - ===> epoch: 203/300
[2023-10-20 09:07:29,969][root][INFO] - train:
[2023-10-20 09:08:07,919][root][INFO] - val:
[2023-10-20 09:08:09,813][root][INFO] - ===> epoch: 204/300
[2023-10-20 09:08:09,814][root][INFO] - train:
[2023-10-20 09:08:47,520][root][INFO] - val:
[2023-10-20 09:08:49,082][root][INFO] - ===> epoch: 205/300
[2023-10-20 09:08:49,082][root][INFO] - train:
[2023-10-20 09:09:27,192][root][INFO] - val:
[2023-10-20 09:09:28,867][root][INFO] - ===> epoch: 206/300
[2023-10-20 09:09:28,868][root][INFO] - train:
[2023-10-20 09:10:06,893][root][INFO] - val:
[2023-10-20 09:10:08,524][root][INFO] - ===> epoch: 207/300
[2023-10-20 09:10:08,525][root][INFO] - train:
[2023-10-20 09:10:46,503][root][INFO] - val:
[2023-10-20 09:10:48,129][root][INFO] - ===> epoch: 208/300
[2023-10-20 09:10:48,129][root][INFO] - train:
[2023-10-20 09:11:26,510][root][INFO] - val:
[2023-10-20 09:11:28,130][root][INFO] - ===> epoch: 209/300
[2023-10-20 09:11:28,131][root][INFO] - train:
[2023-10-20 09:12:06,146][root][INFO] - val:
[2023-10-20 09:12:07,750][root][INFO] - ===> epoch: 210/300
[2023-10-20 09:12:07,750][root][INFO] - train:
[2023-10-20 09:12:45,451][root][INFO] - val:
[2023-10-20 09:12:47,079][root][INFO] - Checkpoint saved to C:\Users\GeorgeS\Documents\facultate\master\projects\data\model_weights\CIFAR-100/PreResNet/baseline\2525\model_210_0.pth
[2023-10-20 09:12:47,080][root][INFO] - ===> epoch: 211/300
[2023-10-20 09:12:47,080][root][INFO] - train:
[2023-10-20 09:13:25,116][root][INFO] - val:
[2023-10-20 09:13:26,677][root][INFO] - ===> epoch: 212/300
[2023-10-20 09:13:26,678][root][INFO] - train:
[2023-10-20 09:14:04,838][root][INFO] - val:
[2023-10-20 09:14:06,483][root][INFO] - ===> epoch: 213/300
[2023-10-20 09:14:06,483][root][INFO] - train:
[2023-10-20 09:14:44,863][root][INFO] - val:
[2023-10-20 09:14:46,458][root][INFO] - ===> epoch: 214/300
[2023-10-20 09:14:46,459][root][INFO] - train:
[2023-10-20 09:15:24,480][root][INFO] - val:
[2023-10-20 09:15:26,372][root][INFO] - ===> epoch: 215/300
[2023-10-20 09:15:26,373][root][INFO] - train:
[2023-10-20 09:16:03,952][root][INFO] - val:
[2023-10-20 09:16:05,570][root][INFO] - ===> epoch: 216/300
[2023-10-20 09:16:05,570][root][INFO] - train:
[2023-10-20 09:16:43,497][root][INFO] - val:
[2023-10-20 09:16:45,180][root][INFO] - ===> epoch: 217/300
[2023-10-20 09:16:45,180][root][INFO] - train:
[2023-10-20 09:17:23,174][root][INFO] - val:
[2023-10-20 09:17:24,830][root][INFO] - ===> epoch: 218/300
[2023-10-20 09:17:24,831][root][INFO] - train:
[2023-10-20 09:18:02,655][root][INFO] - val:
[2023-10-20 09:18:04,292][root][INFO] - ===> epoch: 219/300
[2023-10-20 09:18:04,293][root][INFO] - train:
[2023-10-20 09:18:42,397][root][INFO] - val:
[2023-10-20 09:18:44,091][root][INFO] - ===> epoch: 220/300
[2023-10-20 09:18:44,092][root][INFO] - train:
[2023-10-20 09:19:21,857][root][INFO] - val:
[2023-10-20 09:19:23,577][root][INFO] - Checkpoint saved to C:\Users\GeorgeS\Documents\facultate\master\projects\data\model_weights\CIFAR-100/PreResNet/baseline\2525\model_220_0.pth
[2023-10-20 09:19:23,578][root][INFO] - ===> epoch: 221/300
[2023-10-20 09:19:23,578][root][INFO] - train:
[2023-10-20 09:20:01,874][root][INFO] - val:
[2023-10-20 09:20:03,727][root][INFO] - ===> epoch: 222/300
[2023-10-20 09:20:03,728][root][INFO] - train:
[2023-10-20 09:20:41,511][root][INFO] - val:
[2023-10-20 09:20:43,170][root][INFO] - ===> epoch: 223/300
[2023-10-20 09:20:43,170][root][INFO] - train:
[2023-10-20 09:21:21,272][root][INFO] - val:
[2023-10-20 09:21:22,828][root][INFO] - ===> epoch: 224/300
[2023-10-20 09:21:22,830][root][INFO] - train:
[2023-10-20 09:22:00,875][root][INFO] - val:
[2023-10-20 09:22:02,466][root][INFO] - ===> epoch: 225/300
[2023-10-20 09:22:02,466][root][INFO] - train:
[2023-10-20 09:22:40,763][root][INFO] - val:
[2023-10-20 09:22:42,417][root][INFO] - ===> epoch: 226/300
[2023-10-20 09:22:42,417][root][INFO] - train:
[2023-10-20 09:23:20,346][root][INFO] - val:
[2023-10-20 09:23:22,041][root][INFO] - ===> epoch: 227/300
[2023-10-20 09:23:22,042][root][INFO] - train:
[2023-10-20 09:23:59,826][root][INFO] - val:
[2023-10-20 09:24:01,526][root][INFO] - ===> epoch: 228/300
[2023-10-20 09:24:01,527][root][INFO] - train:
[2023-10-20 09:24:39,450][root][INFO] - val:
[2023-10-20 09:24:41,333][root][INFO] - ===> epoch: 229/300
[2023-10-20 09:24:41,333][root][INFO] - train:
[2023-10-20 09:25:18,969][root][INFO] - val:
[2023-10-20 09:25:20,617][root][INFO] - ===> epoch: 230/300
[2023-10-20 09:25:20,617][root][INFO] - train:
[2023-10-20 09:25:58,449][root][INFO] - val:
[2023-10-20 09:26:00,119][root][INFO] - Checkpoint saved to C:\Users\GeorgeS\Documents\facultate\master\projects\data\model_weights\CIFAR-100/PreResNet/baseline\2525\model_230_0.pth
[2023-10-20 09:26:00,120][root][INFO] - ===> epoch: 231/300
[2023-10-20 09:26:00,120][root][INFO] - train:
[2023-10-20 09:26:38,136][root][INFO] - val:
[2023-10-20 09:26:39,589][root][INFO] - ===> epoch: 232/300
[2023-10-20 09:26:39,589][root][INFO] - train:
[2023-10-20 09:27:17,499][root][INFO] - val:
[2023-10-20 09:27:19,169][root][INFO] - ===> epoch: 233/300
[2023-10-20 09:27:19,170][root][INFO] - train:
[2023-10-20 09:27:57,119][root][INFO] - val:
[2023-10-20 09:27:58,794][root][INFO] - ===> epoch: 234/300
[2023-10-20 09:27:58,795][root][INFO] - train:
[2023-10-20 09:28:36,804][root][INFO] - val:
[2023-10-20 09:28:38,439][root][INFO] - ===> epoch: 235/300
[2023-10-20 09:28:38,439][root][INFO] - train:
[2023-10-20 09:29:16,492][root][INFO] - val:
[2023-10-20 09:29:18,228][root][INFO] - ===> epoch: 236/300
[2023-10-20 09:29:18,228][root][INFO] - train:
[2023-10-20 09:29:55,958][root][INFO] - val:
[2023-10-20 09:29:57,563][root][INFO] - ===> epoch: 237/300
[2023-10-20 09:29:57,564][root][INFO] - train:
[2023-10-20 09:30:35,691][root][INFO] - val:
[2023-10-20 09:30:37,339][root][INFO] - ===> epoch: 238/300
[2023-10-20 09:30:37,339][root][INFO] - train:
[2023-10-20 09:31:15,389][root][INFO] - val:
[2023-10-20 09:31:16,996][root][INFO] - ===> epoch: 239/300
[2023-10-20 09:31:16,996][root][INFO] - train:
[2023-10-20 09:31:55,265][root][INFO] - val:
[2023-10-20 09:31:56,947][root][INFO] - ===> epoch: 240/300
[2023-10-20 09:31:56,947][root][INFO] - train:
[2023-10-20 09:32:34,879][root][INFO] - val:
[2023-10-20 09:32:36,477][root][INFO] - Checkpoint saved to C:\Users\GeorgeS\Documents\facultate\master\projects\data\model_weights\CIFAR-100/PreResNet/baseline\2525\model_240_0.pth
[2023-10-20 09:32:36,478][root][INFO] - ===> epoch: 241/300
[2023-10-20 09:32:36,478][root][INFO] - train:
[2023-10-20 09:33:14,615][root][INFO] - val:
[2023-10-20 09:33:16,231][root][INFO] - ===> epoch: 242/300
[2023-10-20 09:33:16,232][root][INFO] - train:
[2023-10-20 09:33:54,081][root][INFO] - val:
[2023-10-20 09:33:55,700][root][INFO] - ===> epoch: 243/300
[2023-10-20 09:33:55,700][root][INFO] - train:
[2023-10-20 09:34:33,902][root][INFO] - val:
[2023-10-20 09:34:35,513][root][INFO] - ===> epoch: 244/300
[2023-10-20 09:34:35,513][root][INFO] - train:
[2023-10-20 09:35:13,588][root][INFO] - val:
[2023-10-20 09:35:15,138][root][INFO] - ===> epoch: 245/300
[2023-10-20 09:35:15,139][root][INFO] - train:
[2023-10-20 09:35:53,336][root][INFO] - val:
[2023-10-20 09:35:54,954][root][INFO] - ===> epoch: 246/300
[2023-10-20 09:35:54,955][root][INFO] - train:
[2023-10-20 09:36:32,925][root][INFO] - val:
[2023-10-20 09:36:34,560][root][INFO] - ===> epoch: 247/300
[2023-10-20 09:36:34,561][root][INFO] - train:
[2023-10-20 09:37:12,320][root][INFO] - val:
[2023-10-20 09:37:14,289][root][INFO] - ===> epoch: 248/300
[2023-10-20 09:37:14,290][root][INFO] - train:
[2023-10-20 09:37:52,412][root][INFO] - val:
[2023-10-20 09:37:54,024][root][INFO] - ===> epoch: 249/300
[2023-10-20 09:37:54,024][root][INFO] - train:
[2023-10-20 09:38:31,628][root][INFO] - val:
[2023-10-20 09:38:33,307][root][INFO] - ===> epoch: 250/300
[2023-10-20 09:38:33,308][root][INFO] - train:
[2023-10-20 09:39:11,390][root][INFO] - val:
[2023-10-20 09:39:13,022][root][INFO] - Checkpoint saved to C:\Users\GeorgeS\Documents\facultate\master\projects\data\model_weights\CIFAR-100/PreResNet/baseline\2525\model_250_0.pth
[2023-10-20 09:39:13,023][root][INFO] - ===> epoch: 251/300
[2023-10-20 09:39:13,023][root][INFO] - train:
[2023-10-20 09:39:51,074][root][INFO] - val:
[2023-10-20 09:39:52,631][root][INFO] - ===> epoch: 252/300
[2023-10-20 09:39:52,632][root][INFO] - train:
[2023-10-20 09:40:30,728][root][INFO] - val:
[2023-10-20 09:40:32,410][root][INFO] - ===> epoch: 253/300
[2023-10-20 09:40:32,410][root][INFO] - train:
[2023-10-20 09:41:10,427][root][INFO] - val:
[2023-10-20 09:41:12,405][root][INFO] - ===> epoch: 254/300
[2023-10-20 09:41:12,405][root][INFO] - train:
[2023-10-20 09:41:50,174][root][INFO] - val:
[2023-10-20 09:41:51,853][root][INFO] - ===> epoch: 255/300
[2023-10-20 09:41:51,853][root][INFO] - train:
[2023-10-20 09:42:29,935][root][INFO] - val:
[2023-10-20 09:42:31,527][root][INFO] - ===> epoch: 256/300
[2023-10-20 09:42:31,528][root][INFO] - train:
[2023-10-20 09:43:09,485][root][INFO] - val:
[2023-10-20 09:43:11,142][root][INFO] - ===> epoch: 257/300
[2023-10-20 09:43:11,142][root][INFO] - train:
[2023-10-20 09:43:49,107][root][INFO] - val:
[2023-10-20 09:43:50,787][root][INFO] - ===> epoch: 258/300
[2023-10-20 09:43:50,787][root][INFO] - train:
[2023-10-20 09:44:28,743][root][INFO] - val:
[2023-10-20 09:44:30,419][root][INFO] - ===> epoch: 259/300
[2023-10-20 09:44:30,420][root][INFO] - train:
[2023-10-20 09:45:08,538][root][INFO] - val:
[2023-10-20 09:45:10,220][root][INFO] - ===> epoch: 260/300
[2023-10-20 09:45:10,221][root][INFO] - train:
[2023-10-20 09:45:47,999][root][INFO] - val:
[2023-10-20 09:45:50,076][root][INFO] - Checkpoint saved to C:\Users\GeorgeS\Documents\facultate\master\projects\data\model_weights\CIFAR-100/PreResNet/baseline\2525\model_260_0.pth
[2023-10-20 09:45:50,077][root][INFO] - ===> epoch: 261/300
[2023-10-20 09:45:50,077][root][INFO] - train:
[2023-10-20 09:46:27,869][root][INFO] - val:
[2023-10-20 09:46:29,496][root][INFO] - ===> epoch: 262/300
[2023-10-20 09:46:29,497][root][INFO] - train:
[2023-10-20 09:47:07,504][root][INFO] - val:
[2023-10-20 09:47:09,155][root][INFO] - ===> epoch: 263/300
[2023-10-20 09:47:09,156][root][INFO] - train:
[2023-10-20 09:47:47,338][root][INFO] - val:
[2023-10-20 09:47:48,938][root][INFO] - ===> epoch: 264/300
[2023-10-20 09:47:48,939][root][INFO] - train:
[2023-10-20 09:48:27,006][root][INFO] - val:
[2023-10-20 09:48:28,596][root][INFO] - ===> epoch: 265/300
[2023-10-20 09:48:28,597][root][INFO] - train:
[2023-10-20 09:49:06,648][root][INFO] - val:
[2023-10-20 09:49:08,219][root][INFO] - ===> epoch: 266/300
[2023-10-20 09:49:08,220][root][INFO] - train:
[2023-10-20 09:49:45,927][root][INFO] - val:
[2023-10-20 09:49:47,885][root][INFO] - ===> epoch: 267/300
[2023-10-20 09:49:47,886][root][INFO] - train:
[2023-10-20 09:50:25,786][root][INFO] - val:
[2023-10-20 09:50:27,333][root][INFO] - ===> epoch: 268/300
[2023-10-20 09:50:27,334][root][INFO] - train:
[2023-10-20 09:51:05,129][root][INFO] - val:
[2023-10-20 09:51:06,807][root][INFO] - ===> epoch: 269/300
[2023-10-20 09:51:06,808][root][INFO] - train:
[2023-10-20 09:51:44,874][root][INFO] - val:
[2023-10-20 09:51:46,453][root][INFO] - ===> epoch: 270/300
[2023-10-20 09:51:46,453][root][INFO] - train:
[2023-10-20 09:52:24,502][root][INFO] - val:
[2023-10-20 09:52:26,129][root][INFO] - Checkpoint saved to C:\Users\GeorgeS\Documents\facultate\master\projects\data\model_weights\CIFAR-100/PreResNet/baseline\2525\model_270_0.pth
[2023-10-20 09:52:26,130][root][INFO] - ===> epoch: 271/300
[2023-10-20 09:52:26,130][root][INFO] - train:
[2023-10-20 09:53:04,222][root][INFO] - val:
[2023-10-20 09:53:05,918][root][INFO] - ===> epoch: 272/300
[2023-10-20 09:53:05,919][root][INFO] - train:
[2023-10-20 09:53:43,966][root][INFO] - val:
[2023-10-20 09:53:45,555][root][INFO] - ===> epoch: 273/300
[2023-10-20 09:53:45,556][root][INFO] - train:
[2023-10-20 09:54:23,724][root][INFO] - val:
[2023-10-20 09:54:25,363][root][INFO] - ===> epoch: 274/300
[2023-10-20 09:54:25,363][root][INFO] - train:
[2023-10-20 09:55:03,385][root][INFO] - val:
[2023-10-20 09:55:05,004][root][INFO] - ===> epoch: 275/300
[2023-10-20 09:55:05,005][root][INFO] - train:
[2023-10-20 09:55:43,291][root][INFO] - val:
[2023-10-20 09:55:44,958][root][INFO] - ===> epoch: 276/300
[2023-10-20 09:55:44,958][root][INFO] - train:
[2023-10-20 09:56:23,124][root][INFO] - val:
[2023-10-20 09:56:24,766][root][INFO] - ===> epoch: 277/300
[2023-10-20 09:56:24,766][root][INFO] - train:
[2023-10-20 09:57:02,821][root][INFO] - val:
[2023-10-20 09:57:04,406][root][INFO] - ===> epoch: 278/300
[2023-10-20 09:57:04,406][root][INFO] - train:
[2023-10-20 09:57:42,352][root][INFO] - val:
[2023-10-20 09:57:44,024][root][INFO] - ===> epoch: 279/300
[2023-10-20 09:57:44,025][root][INFO] - train:
[2023-10-20 09:58:21,691][root][INFO] - val:
[2023-10-20 09:58:23,515][root][INFO] - ===> epoch: 280/300
[2023-10-20 09:58:23,516][root][INFO] - train:
[2023-10-20 09:59:01,197][root][INFO] - val:
[2023-10-20 09:59:02,831][root][INFO] - Checkpoint saved to C:\Users\GeorgeS\Documents\facultate\master\projects\data\model_weights\CIFAR-100/PreResNet/baseline\2525\model_280_0.pth
[2023-10-20 09:59:02,832][root][INFO] - ===> epoch: 281/300
[2023-10-20 09:59:02,833][root][INFO] - train:
[2023-10-20 09:59:40,863][root][INFO] - val:
[2023-10-20 09:59:42,460][root][INFO] - ===> epoch: 282/300
[2023-10-20 09:59:42,461][root][INFO] - train:
[2023-10-20 10:00:20,508][root][INFO] - val:
[2023-10-20 10:00:22,085][root][INFO] - ===> epoch: 283/300
[2023-10-20 10:00:22,085][root][INFO] - train:
[2023-10-20 10:01:00,222][root][INFO] - val:
[2023-10-20 10:01:01,869][root][INFO] - ===> epoch: 284/300
[2023-10-20 10:01:01,870][root][INFO] - train:
[2023-10-20 10:01:39,738][root][INFO] - val:
[2023-10-20 10:01:41,466][root][INFO] - ===> epoch: 285/300
[2023-10-20 10:01:41,467][root][INFO] - train:
[2023-10-20 10:02:19,180][root][INFO] - val:
[2023-10-20 10:02:20,818][root][INFO] - ===> epoch: 286/300
[2023-10-20 10:02:20,818][root][INFO] - train:
[2023-10-20 10:02:58,751][root][INFO] - val:
[2023-10-20 10:03:00,437][root][INFO] - ===> epoch: 287/300
[2023-10-20 10:03:00,438][root][INFO] - train:
[2023-10-20 10:03:38,428][root][INFO] - val:
[2023-10-20 10:03:40,098][root][INFO] - ===> epoch: 288/300
[2023-10-20 10:03:40,098][root][INFO] - train:
[2023-10-20 10:04:18,106][root][INFO] - val:
[2023-10-20 10:04:19,718][root][INFO] - ===> epoch: 289/300
[2023-10-20 10:04:19,718][root][INFO] - train:
[2023-10-20 10:04:57,786][root][INFO] - val:
[2023-10-20 10:04:59,366][root][INFO] - ===> epoch: 290/300
[2023-10-20 10:04:59,366][root][INFO] - train:
[2023-10-20 10:05:37,107][root][INFO] - val:
[2023-10-20 10:05:38,720][root][INFO] - Checkpoint saved to C:\Users\GeorgeS\Documents\facultate\master\projects\data\model_weights\CIFAR-100/PreResNet/baseline\2525\model_290_0.pth
[2023-10-20 10:05:38,720][root][INFO] - ===> epoch: 291/300
[2023-10-20 10:05:38,721][root][INFO] - train:
[2023-10-20 10:06:16,622][root][INFO] - val:
[2023-10-20 10:06:18,512][root][INFO] - ===> epoch: 292/300
[2023-10-20 10:06:18,512][root][INFO] - train:
[2023-10-20 10:06:56,286][root][INFO] - val:
[2023-10-20 10:06:57,926][root][INFO] - ===> epoch: 293/300
[2023-10-20 10:06:57,927][root][INFO] - train:
[2023-10-20 10:07:35,922][root][INFO] - val:
[2023-10-20 10:07:37,561][root][INFO] - ===> epoch: 294/300
[2023-10-20 10:07:37,562][root][INFO] - train:
[2023-10-20 10:08:15,634][root][INFO] - val:
[2023-10-20 10:08:17,223][root][INFO] - ===> epoch: 295/300
[2023-10-20 10:08:17,223][root][INFO] - train:
[2023-10-20 10:08:55,463][root][INFO] - val:
[2023-10-20 10:08:57,019][root][INFO] - ===> epoch: 296/300
[2023-10-20 10:08:57,020][root][INFO] - train:
[2023-10-20 10:09:35,108][root][INFO] - val:
[2023-10-20 10:09:36,793][root][INFO] - ===> epoch: 297/300
[2023-10-20 10:09:36,793][root][INFO] - train:
[2023-10-20 10:10:14,498][root][INFO] - val:
[2023-10-20 10:10:16,126][root][INFO] - ===> epoch: 298/300
[2023-10-20 10:10:16,126][root][INFO] - train:
[2023-10-20 10:10:54,186][root][INFO] - val:
[2023-10-20 10:10:55,880][root][INFO] - ===> epoch: 299/300
[2023-10-20 10:10:55,881][root][INFO] - train:
[2023-10-20 10:11:33,570][root][INFO] - val:
[2023-10-20 10:11:35,223][root][INFO] - ===> BEST Val/Accuracy PERFORMANCE: 0.67110
[2023-10-20 10:11:35,646][root][INFO] - Saved best accuracy checkpoint
