[2023-10-15 21:58:49,778][root][INFO] - Saving current code to C:\Users\GeorgeS\Documents\facultate\master\projects\Pytorch-Template\outputs\2023-10-15\21-58-49\runs\CIFAR-10/PreResNet/baseline\2525
[2023-10-15 21:58:49,948][root][INFO] - Loading train_dataset!
[2023-10-15 21:59:47,820][root][INFO] - Loading val_dataset!
[2023-10-15 22:00:00,355][root][INFO] - ===> epoch: 1/300
[2023-10-15 22:00:00,355][root][INFO] - train:
[2023-10-15 22:01:30,254][root][INFO] - val:
[2023-10-15 22:01:35,414][root][INFO] - Checkpoint saved to C:\Users\GeorgeS\Documents\facultate\master\projects\data\model_weights\CIFAR-10/PreResNet/baseline\2525\model_1_0.46129998564720154.pth
[2023-10-15 22:01:35,415][root][INFO] - ===> BEST Val/Accuracy PERFORMANCE: 0.46130
[2023-10-15 22:01:35,416][root][INFO] - ===> epoch: 2/300
[2023-10-15 22:01:35,416][root][INFO] - train:
[2023-10-15 22:03:04,555][root][INFO] - val:
[2023-10-15 22:03:06,659][root][INFO] - Checkpoint saved to C:\Users\GeorgeS\Documents\facultate\master\projects\data\model_weights\CIFAR-10/PreResNet/baseline\2525\model_2_0.5450999736785889.pth
[2023-10-15 22:03:06,659][root][INFO] - ===> BEST Val/Accuracy PERFORMANCE: 0.54510
[2023-10-15 22:03:06,661][root][INFO] - ===> epoch: 3/300
[2023-10-15 22:03:06,661][root][INFO] - train:
[2023-10-15 22:04:34,994][root][INFO] - val:
[2023-10-15 22:04:37,060][root][INFO] - Checkpoint saved to C:\Users\GeorgeS\Documents\facultate\master\projects\data\model_weights\CIFAR-10/PreResNet/baseline\2525\model_3_0.6215000152587891.pth
[2023-10-15 22:04:37,060][root][INFO] - ===> BEST Val/Accuracy PERFORMANCE: 0.62150
[2023-10-15 22:04:37,061][root][INFO] - ===> epoch: 4/300
[2023-10-15 22:04:37,062][root][INFO] - train:
[2023-10-15 22:06:07,354][root][INFO] - val:
[2023-10-15 22:06:09,481][root][INFO] - Checkpoint saved to C:\Users\GeorgeS\Documents\facultate\master\projects\data\model_weights\CIFAR-10/PreResNet/baseline\2525\model_4_0.6309999823570251.pth
[2023-10-15 22:06:09,482][root][INFO] - ===> BEST Val/Accuracy PERFORMANCE: 0.63100
[2023-10-15 22:06:09,483][root][INFO] - ===> epoch: 5/300
[2023-10-15 22:06:09,484][root][INFO] - train:
[2023-10-15 22:07:41,351][root][INFO] - val:
[2023-10-15 22:07:43,946][root][INFO] - Checkpoint saved to C:\Users\GeorgeS\Documents\facultate\master\projects\data\model_weights\CIFAR-10/PreResNet/baseline\2525\model_5_0.6740000247955322.pth
[2023-10-15 22:07:43,947][root][INFO] - ===> BEST Val/Accuracy PERFORMANCE: 0.67400
[2023-10-15 22:07:43,948][root][INFO] - ===> epoch: 6/300
[2023-10-15 22:07:43,949][root][INFO] - train:
[2023-10-15 22:09:25,397][root][INFO] - val:
[2023-10-15 22:09:27,699][root][INFO] - ===> epoch: 7/300
[2023-10-15 22:09:27,699][root][INFO] - train:
[2023-10-15 22:10:58,051][root][INFO] - val:
[2023-10-15 22:11:00,472][root][INFO] - Checkpoint saved to C:\Users\GeorgeS\Documents\facultate\master\projects\data\model_weights\CIFAR-10/PreResNet/baseline\2525\model_7_0.7081000208854675.pth
[2023-10-15 22:11:00,473][root][INFO] - ===> BEST Val/Accuracy PERFORMANCE: 0.70810
[2023-10-15 22:11:00,474][root][INFO] - ===> epoch: 8/300
[2023-10-15 22:11:00,476][root][INFO] - train:
[2023-10-15 22:12:39,694][root][INFO] - val:
[2023-10-15 22:12:42,088][root][INFO] - ===> epoch: 9/300
[2023-10-15 22:12:42,089][root][INFO] - train:
[2023-10-15 22:14:14,332][root][INFO] - val:
[2023-10-15 22:14:16,456][root][INFO] - Checkpoint saved to C:\Users\GeorgeS\Documents\facultate\master\projects\data\model_weights\CIFAR-10/PreResNet/baseline\2525\model_9_0.7340999841690063.pth
[2023-10-15 22:14:16,457][root][INFO] - ===> BEST Val/Accuracy PERFORMANCE: 0.73410
[2023-10-15 22:14:16,458][root][INFO] - ===> epoch: 10/300
[2023-10-15 22:14:16,459][root][INFO] - train:
[2023-10-15 22:15:44,457][root][INFO] - val:
[2023-10-15 22:15:46,546][root][INFO] - Checkpoint saved to C:\Users\GeorgeS\Documents\facultate\master\projects\data\model_weights\CIFAR-10/PreResNet/baseline\2525\model_10_0.742900013923645.pth
[2023-10-15 22:15:46,547][root][INFO] - ===> BEST Val/Accuracy PERFORMANCE: 0.74290
[2023-10-15 22:15:46,604][root][INFO] - Checkpoint saved to C:\Users\GeorgeS\Documents\facultate\master\projects\data\model_weights\CIFAR-10/PreResNet/baseline\2525\model_10_0.pth
[2023-10-15 22:15:46,605][root][INFO] - ===> epoch: 11/300
[2023-10-15 22:15:46,606][root][INFO] - train:
[2023-10-15 22:17:15,159][root][INFO] - val:
[2023-10-15 22:17:17,264][root][INFO] - Checkpoint saved to C:\Users\GeorgeS\Documents\facultate\master\projects\data\model_weights\CIFAR-10/PreResNet/baseline\2525\model_11_0.7440000176429749.pth
[2023-10-15 22:17:17,265][root][INFO] - ===> BEST Val/Accuracy PERFORMANCE: 0.74400
[2023-10-15 22:17:17,266][root][INFO] - ===> epoch: 12/300
[2023-10-15 22:17:17,266][root][INFO] - train:
[2023-10-15 22:18:44,446][root][INFO] - val:
[2023-10-15 22:18:46,571][root][INFO] - Checkpoint saved to C:\Users\GeorgeS\Documents\facultate\master\projects\data\model_weights\CIFAR-10/PreResNet/baseline\2525\model_12_0.7537000179290771.pth
[2023-10-15 22:18:46,571][root][INFO] - ===> BEST Val/Accuracy PERFORMANCE: 0.75370
[2023-10-15 22:18:46,573][root][INFO] - ===> epoch: 13/300
[2023-10-15 22:18:46,573][root][INFO] - train:
[2023-10-15 22:20:15,999][root][INFO] - val:
[2023-10-15 22:20:18,055][root][INFO] - Checkpoint saved to C:\Users\GeorgeS\Documents\facultate\master\projects\data\model_weights\CIFAR-10/PreResNet/baseline\2525\model_13_0.7612000107765198.pth
[2023-10-15 22:20:18,056][root][INFO] - ===> BEST Val/Accuracy PERFORMANCE: 0.76120
[2023-10-15 22:20:18,057][root][INFO] - ===> epoch: 14/300
[2023-10-15 22:20:18,057][root][INFO] - train:
[2023-10-15 22:21:48,442][root][INFO] - val:
[2023-10-15 22:21:50,483][root][INFO] - Checkpoint saved to C:\Users\GeorgeS\Documents\facultate\master\projects\data\model_weights\CIFAR-10/PreResNet/baseline\2525\model_14_0.767300009727478.pth
[2023-10-15 22:21:50,484][root][INFO] - ===> BEST Val/Accuracy PERFORMANCE: 0.76730
[2023-10-15 22:21:50,485][root][INFO] - ===> epoch: 15/300
[2023-10-15 22:21:50,486][root][INFO] - train:
[2023-10-15 22:23:17,164][root][INFO] - val:
[2023-10-15 22:23:19,237][root][INFO] - Checkpoint saved to C:\Users\GeorgeS\Documents\facultate\master\projects\data\model_weights\CIFAR-10/PreResNet/baseline\2525\model_15_0.7953000068664551.pth
[2023-10-15 22:23:19,238][root][INFO] - ===> BEST Val/Accuracy PERFORMANCE: 0.79530
[2023-10-15 22:23:19,239][root][INFO] - ===> epoch: 16/300
[2023-10-15 22:23:19,239][root][INFO] - train:
[2023-10-15 22:24:47,142][root][INFO] - val:
[2023-10-15 22:24:49,273][root][INFO] - Checkpoint saved to C:\Users\GeorgeS\Documents\facultate\master\projects\data\model_weights\CIFAR-10/PreResNet/baseline\2525\model_16_0.8075000047683716.pth
[2023-10-15 22:24:49,274][root][INFO] - ===> BEST Val/Accuracy PERFORMANCE: 0.80750
[2023-10-15 22:24:49,275][root][INFO] - ===> epoch: 17/300
[2023-10-15 22:24:49,276][root][INFO] - train:
[2023-10-15 22:26:17,320][root][INFO] - val:
[2023-10-15 22:26:19,316][root][INFO] - ===> epoch: 18/300
[2023-10-15 22:26:19,316][root][INFO] - train:
[2023-10-15 22:27:46,830][root][INFO] - val:
[2023-10-15 22:27:48,819][root][INFO] - ===> epoch: 19/300
[2023-10-15 22:27:48,820][root][INFO] - train:
[2023-10-15 22:29:18,145][root][INFO] - val:
[2023-10-15 22:29:20,267][root][INFO] - ===> epoch: 20/300
[2023-10-15 22:29:20,268][root][INFO] - train:
[2023-10-15 22:30:43,884][root][INFO] - val:
[2023-10-15 22:30:45,907][root][INFO] - Checkpoint saved to C:\Users\GeorgeS\Documents\facultate\master\projects\data\model_weights\CIFAR-10/PreResNet/baseline\2525\model_20_0.pth
[2023-10-15 22:30:45,908][root][INFO] - ===> epoch: 21/300
[2023-10-15 22:30:45,908][root][INFO] - train:
[2023-10-15 22:32:06,857][root][INFO] - val:
[2023-10-15 22:32:08,898][root][INFO] - Checkpoint saved to C:\Users\GeorgeS\Documents\facultate\master\projects\data\model_weights\CIFAR-10/PreResNet/baseline\2525\model_21_0.8202999830245972.pth
[2023-10-15 22:32:08,899][root][INFO] - ===> BEST Val/Accuracy PERFORMANCE: 0.82030
[2023-10-15 22:32:08,899][root][INFO] - ===> epoch: 22/300
[2023-10-15 22:32:08,900][root][INFO] - train:
[2023-10-15 22:33:32,124][root][INFO] - val:
[2023-10-15 22:33:34,094][root][INFO] - ===> epoch: 23/300
[2023-10-15 22:33:34,094][root][INFO] - train:
[2023-10-15 22:35:01,280][root][INFO] - val:
[2023-10-15 22:35:03,269][root][INFO] - ===> epoch: 24/300
[2023-10-15 22:35:03,269][root][INFO] - train:
[2023-10-15 22:36:31,644][root][INFO] - val:
[2023-10-15 22:36:33,733][root][INFO] - Checkpoint saved to C:\Users\GeorgeS\Documents\facultate\master\projects\data\model_weights\CIFAR-10/PreResNet/baseline\2525\model_24_0.8302000164985657.pth
[2023-10-15 22:36:33,734][root][INFO] - ===> BEST Val/Accuracy PERFORMANCE: 0.83020
[2023-10-15 22:36:33,735][root][INFO] - ===> epoch: 25/300
[2023-10-15 22:36:33,736][root][INFO] - train:
[2023-10-15 22:38:04,457][root][INFO] - val:
[2023-10-15 22:38:06,480][root][INFO] - Checkpoint saved to C:\Users\GeorgeS\Documents\facultate\master\projects\data\model_weights\CIFAR-10/PreResNet/baseline\2525\model_25_0.8360999822616577.pth
[2023-10-15 22:38:06,481][root][INFO] - ===> BEST Val/Accuracy PERFORMANCE: 0.83610
[2023-10-15 22:38:06,483][root][INFO] - ===> epoch: 26/300
[2023-10-15 22:38:06,484][root][INFO] - train:
[2023-10-15 22:39:34,571][root][INFO] - val:
[2023-10-15 22:39:36,521][root][INFO] - ===> epoch: 27/300
[2023-10-15 22:39:36,522][root][INFO] - train:
[2023-10-15 22:41:04,649][root][INFO] - val:
[2023-10-15 22:41:06,593][root][INFO] - ===> epoch: 28/300
[2023-10-15 22:41:06,594][root][INFO] - train:
[2023-10-15 22:42:32,890][root][INFO] - val:
[2023-10-15 22:42:34,898][root][INFO] - ===> epoch: 29/300
[2023-10-15 22:42:34,898][root][INFO] - train:
[2023-10-15 22:43:59,219][root][INFO] - val:
[2023-10-15 22:44:01,423][root][INFO] - ===> epoch: 30/300
[2023-10-15 22:44:01,424][root][INFO] - train:
[2023-10-15 22:45:25,043][root][INFO] - val:
[2023-10-15 22:45:27,101][root][INFO] - Checkpoint saved to C:\Users\GeorgeS\Documents\facultate\master\projects\data\model_weights\CIFAR-10/PreResNet/baseline\2525\model_30_0.pth
[2023-10-15 22:45:27,102][root][INFO] - ===> epoch: 31/300
[2023-10-15 22:45:27,103][root][INFO] - train:
[2023-10-15 22:46:45,212][root][INFO] - val:
[2023-10-15 22:46:47,401][root][INFO] - Checkpoint saved to C:\Users\GeorgeS\Documents\facultate\master\projects\data\model_weights\CIFAR-10/PreResNet/baseline\2525\model_31_0.8560000061988831.pth
[2023-10-15 22:46:47,402][root][INFO] - ===> BEST Val/Accuracy PERFORMANCE: 0.85600
[2023-10-15 22:46:47,403][root][INFO] - ===> epoch: 32/300
[2023-10-15 22:46:47,404][root][INFO] - train:
[2023-10-15 22:48:03,882][root][INFO] - val:
[2023-10-15 22:48:06,021][root][INFO] - Checkpoint saved to C:\Users\GeorgeS\Documents\facultate\master\projects\data\model_weights\CIFAR-10/PreResNet/baseline\2525\model_32_0.8603000044822693.pth
[2023-10-15 22:48:06,022][root][INFO] - ===> BEST Val/Accuracy PERFORMANCE: 0.86030
[2023-10-15 22:48:06,023][root][INFO] - ===> epoch: 33/300
[2023-10-15 22:48:06,024][root][INFO] - train:
[2023-10-15 22:49:23,155][root][INFO] - val:
[2023-10-15 22:49:25,271][root][INFO] - Checkpoint saved to C:\Users\GeorgeS\Documents\facultate\master\projects\data\model_weights\CIFAR-10/PreResNet/baseline\2525\model_33_0.8618000149726868.pth
[2023-10-15 22:49:25,272][root][INFO] - ===> BEST Val/Accuracy PERFORMANCE: 0.86180
[2023-10-15 22:49:25,273][root][INFO] - ===> epoch: 34/300
[2023-10-15 22:49:25,274][root][INFO] - train:
[2023-10-15 22:50:41,395][root][INFO] - val:
[2023-10-15 22:50:43,405][root][INFO] - ===> epoch: 35/300
[2023-10-15 22:50:43,405][root][INFO] - train:
[2023-10-15 22:52:00,469][root][INFO] - val:
[2023-10-15 22:52:02,513][root][INFO] - ===> epoch: 36/300
[2023-10-15 22:52:02,513][root][INFO] - train:
[2023-10-15 22:53:20,086][root][INFO] - val:
[2023-10-15 22:53:22,155][root][INFO] - ===> epoch: 37/300
[2023-10-15 22:53:22,156][root][INFO] - train:
[2023-10-15 22:54:39,619][root][INFO] - val:
[2023-10-15 22:54:41,862][root][INFO] - Checkpoint saved to C:\Users\GeorgeS\Documents\facultate\master\projects\data\model_weights\CIFAR-10/PreResNet/baseline\2525\model_37_0.8626999855041504.pth
[2023-10-15 22:54:41,863][root][INFO] - ===> BEST Val/Accuracy PERFORMANCE: 0.86270
[2023-10-15 22:54:41,864][root][INFO] - ===> epoch: 38/300
[2023-10-15 22:54:41,864][root][INFO] - train:
[2023-10-15 22:55:58,554][root][INFO] - val:
[2023-10-15 22:56:00,633][root][INFO] - Checkpoint saved to C:\Users\GeorgeS\Documents\facultate\master\projects\data\model_weights\CIFAR-10/PreResNet/baseline\2525\model_38_0.8632000088691711.pth
[2023-10-15 22:56:00,634][root][INFO] - ===> BEST Val/Accuracy PERFORMANCE: 0.86320
[2023-10-15 22:56:00,635][root][INFO] - ===> epoch: 39/300
[2023-10-15 22:56:00,635][root][INFO] - train:
[2023-10-15 22:57:16,984][root][INFO] - val:
[2023-10-15 22:57:19,024][root][INFO] - ===> epoch: 40/300
[2023-10-15 22:57:19,025][root][INFO] - train:
[2023-10-15 22:58:36,385][root][INFO] - val:
[2023-10-15 22:58:38,500][root][INFO] - Checkpoint saved to C:\Users\GeorgeS\Documents\facultate\master\projects\data\model_weights\CIFAR-10/PreResNet/baseline\2525\model_40_0.pth
[2023-10-15 22:58:38,501][root][INFO] - ===> epoch: 41/300
[2023-10-15 22:58:38,502][root][INFO] - train:
[2023-10-15 22:59:55,346][root][INFO] - val:
[2023-10-15 22:59:57,389][root][INFO] - ===> epoch: 42/300
[2023-10-15 22:59:57,389][root][INFO] - train:
[2023-10-15 23:01:15,390][root][INFO] - val:
[2023-10-15 23:01:17,675][root][INFO] - ===> epoch: 43/300
[2023-10-15 23:01:17,675][root][INFO] - train:
[2023-10-15 23:02:34,643][root][INFO] - val:
[2023-10-15 23:02:36,786][root][INFO] - Checkpoint saved to C:\Users\GeorgeS\Documents\facultate\master\projects\data\model_weights\CIFAR-10/PreResNet/baseline\2525\model_43_0.8666999936103821.pth
[2023-10-15 23:02:36,787][root][INFO] - ===> BEST Val/Accuracy PERFORMANCE: 0.86670
[2023-10-15 23:02:36,788][root][INFO] - ===> epoch: 44/300
[2023-10-15 23:02:36,788][root][INFO] - train:
[2023-10-15 23:03:53,153][root][INFO] - val:
[2023-10-15 23:03:55,231][root][INFO] - ===> epoch: 45/300
[2023-10-15 23:03:55,231][root][INFO] - train:
[2023-10-15 23:05:14,508][root][INFO] - val:
[2023-10-15 23:05:16,582][root][INFO] - ===> epoch: 46/300
[2023-10-15 23:05:16,582][root][INFO] - train:
[2023-10-15 23:06:34,686][root][INFO] - val:
[2023-10-15 23:06:36,790][root][INFO] - ===> epoch: 47/300
[2023-10-15 23:06:36,791][root][INFO] - train:
[2023-10-15 23:07:56,067][root][INFO] - val:
[2023-10-15 23:07:58,104][root][INFO] - ===> epoch: 48/300
[2023-10-15 23:07:58,104][root][INFO] - train:
[2023-10-15 23:09:16,887][root][INFO] - val:
[2023-10-15 23:09:18,971][root][INFO] - ===> epoch: 49/300
[2023-10-15 23:09:18,973][root][INFO] - train:
[2023-10-15 23:10:36,495][root][INFO] - val:
[2023-10-15 23:10:38,512][root][INFO] - ===> epoch: 50/300
[2023-10-15 23:10:38,513][root][INFO] - train:
[2023-10-15 23:11:55,071][root][INFO] - val:
[2023-10-15 23:11:57,181][root][INFO] - Checkpoint saved to C:\Users\GeorgeS\Documents\facultate\master\projects\data\model_weights\CIFAR-10/PreResNet/baseline\2525\model_50_0.pth
[2023-10-15 23:11:57,182][root][INFO] - ===> epoch: 51/300
[2023-10-15 23:11:57,182][root][INFO] - train:
[2023-10-15 23:13:13,286][root][INFO] - val:
[2023-10-15 23:13:15,317][root][INFO] - ===> epoch: 52/300
[2023-10-15 23:13:15,317][root][INFO] - train:
[2023-10-15 23:14:32,085][root][INFO] - val:
[2023-10-15 23:14:34,114][root][INFO] - ===> epoch: 53/300
[2023-10-15 23:14:34,114][root][INFO] - train:
[2023-10-15 23:15:50,636][root][INFO] - val:
[2023-10-15 23:15:52,707][root][INFO] - ===> epoch: 54/300
[2023-10-15 23:15:52,707][root][INFO] - train:
[2023-10-15 23:17:08,564][root][INFO] - val:
[2023-10-15 23:17:10,581][root][INFO] - ===> epoch: 55/300
[2023-10-15 23:17:10,582][root][INFO] - train:
[2023-10-15 23:18:27,029][root][INFO] - val:
[2023-10-15 23:18:29,036][root][INFO] - ===> epoch: 56/300
[2023-10-15 23:18:29,037][root][INFO] - train:
[2023-10-15 23:19:45,383][root][INFO] - val:
[2023-10-15 23:19:47,400][root][INFO] - ===> epoch: 57/300
[2023-10-15 23:19:47,400][root][INFO] - train:
[2023-10-15 23:21:03,447][root][INFO] - val:
[2023-10-15 23:21:05,398][root][INFO] - ===> epoch: 58/300
[2023-10-15 23:21:05,399][root][INFO] - train:
[2023-10-15 23:22:22,993][root][INFO] - val:
[2023-10-15 23:22:24,979][root][INFO] - ===> epoch: 59/300
[2023-10-15 23:22:24,979][root][INFO] - train:
[2023-10-15 23:23:38,782][root][INFO] - val:
[2023-10-15 23:23:41,830][root][INFO] - ===> epoch: 60/300
[2023-10-15 23:23:41,831][root][INFO] - train:
[2023-10-15 23:24:56,117][root][INFO] - val:
[2023-10-15 23:24:58,490][root][INFO] - Checkpoint saved to C:\Users\GeorgeS\Documents\facultate\master\projects\data\model_weights\CIFAR-10/PreResNet/baseline\2525\model_60_0.pth
[2023-10-15 23:24:58,491][root][INFO] - ===> epoch: 61/300
[2023-10-15 23:24:58,492][root][INFO] - train:
[2023-10-15 23:26:12,072][root][INFO] - val:
[2023-10-15 23:26:14,147][root][INFO] - Checkpoint saved to C:\Users\GeorgeS\Documents\facultate\master\projects\data\model_weights\CIFAR-10/PreResNet/baseline\2525\model_61_0.8840000033378601.pth
[2023-10-15 23:26:14,147][root][INFO] - ===> BEST Val/Accuracy PERFORMANCE: 0.88400
[2023-10-15 23:26:14,148][root][INFO] - ===> epoch: 62/300
[2023-10-15 23:26:14,149][root][INFO] - train:
[2023-10-15 23:27:22,029][root][INFO] - val:
[2023-10-15 23:27:23,982][root][INFO] - ===> epoch: 63/300
[2023-10-15 23:27:23,983][root][INFO] - train:
[2023-10-15 23:28:30,496][root][INFO] - val:
[2023-10-15 23:28:32,478][root][INFO] - ===> epoch: 64/300
[2023-10-15 23:28:32,478][root][INFO] - train:
[2023-10-15 23:29:39,119][root][INFO] - val:
[2023-10-15 23:29:41,080][root][INFO] - ===> epoch: 65/300
[2023-10-15 23:29:41,081][root][INFO] - train:
[2023-10-15 23:30:47,981][root][INFO] - val:
[2023-10-15 23:30:49,905][root][INFO] - ===> epoch: 66/300
[2023-10-15 23:30:49,906][root][INFO] - train:
[2023-10-15 23:31:55,382][root][INFO] - val:
[2023-10-15 23:31:57,344][root][INFO] - ===> epoch: 67/300
[2023-10-15 23:31:57,345][root][INFO] - train:
[2023-10-15 23:33:02,892][root][INFO] - val:
[2023-10-15 23:33:04,850][root][INFO] - ===> epoch: 68/300
[2023-10-15 23:33:04,850][root][INFO] - train:
[2023-10-15 23:34:10,401][root][INFO] - val:
[2023-10-15 23:34:12,355][root][INFO] - ===> epoch: 69/300
[2023-10-15 23:34:12,356][root][INFO] - train:
[2023-10-15 23:35:17,074][root][INFO] - val:
[2023-10-15 23:35:19,011][root][INFO] - ===> epoch: 70/300
[2023-10-15 23:35:19,011][root][INFO] - train:
[2023-10-15 23:36:23,738][root][INFO] - val:
[2023-10-15 23:36:25,756][root][INFO] - Checkpoint saved to C:\Users\GeorgeS\Documents\facultate\master\projects\data\model_weights\CIFAR-10/PreResNet/baseline\2525\model_70_0.pth
[2023-10-15 23:36:25,757][root][INFO] - ===> epoch: 71/300
[2023-10-15 23:36:25,757][root][INFO] - train:
[2023-10-15 23:37:31,602][root][INFO] - val:
[2023-10-15 23:37:33,552][root][INFO] - ===> epoch: 72/300
[2023-10-15 23:37:33,553][root][INFO] - train:
[2023-10-15 23:38:37,866][root][INFO] - val:
[2023-10-15 23:38:39,828][root][INFO] - ===> epoch: 73/300
[2023-10-15 23:38:39,828][root][INFO] - train:
[2023-10-15 23:39:45,167][root][INFO] - val:
[2023-10-15 23:39:47,123][root][INFO] - ===> epoch: 74/300
[2023-10-15 23:39:47,124][root][INFO] - train:
[2023-10-15 23:40:51,840][root][INFO] - val:
[2023-10-15 23:40:54,001][root][INFO] - ===> epoch: 75/300
[2023-10-15 23:40:54,002][root][INFO] - train:
[2023-10-15 23:41:58,663][root][INFO] - val:
[2023-10-15 23:42:00,632][root][INFO] - ===> epoch: 76/300
[2023-10-15 23:42:00,632][root][INFO] - train:
[2023-10-15 23:43:06,160][root][INFO] - val:
[2023-10-15 23:43:08,122][root][INFO] - ===> epoch: 77/300
[2023-10-15 23:43:08,123][root][INFO] - train:
[2023-10-15 23:44:14,326][root][INFO] - val:
[2023-10-15 23:44:16,235][root][INFO] - ===> epoch: 78/300
[2023-10-15 23:44:16,236][root][INFO] - train:
[2023-10-15 23:45:21,109][root][INFO] - val:
[2023-10-15 23:45:23,041][root][INFO] - ===> epoch: 79/300
[2023-10-15 23:45:23,042][root][INFO] - train:
[2023-10-15 23:46:27,768][root][INFO] - val:
[2023-10-15 23:46:29,718][root][INFO] - ===> epoch: 80/300
[2023-10-15 23:46:29,719][root][INFO] - train:
[2023-10-15 23:47:34,035][root][INFO] - val:
[2023-10-15 23:47:36,063][root][INFO] - Checkpoint saved to C:\Users\GeorgeS\Documents\facultate\master\projects\data\model_weights\CIFAR-10/PreResNet/baseline\2525\model_80_0.pth
[2023-10-15 23:47:36,064][root][INFO] - ===> epoch: 81/300
[2023-10-15 23:47:36,065][root][INFO] - train:
[2023-10-15 23:48:41,143][root][INFO] - val:
[2023-10-15 23:48:43,102][root][INFO] - ===> epoch: 82/300
[2023-10-15 23:48:43,102][root][INFO] - train:
[2023-10-15 23:49:48,424][root][INFO] - val:
[2023-10-15 23:49:50,379][root][INFO] - ===> epoch: 83/300
[2023-10-15 23:49:50,379][root][INFO] - train:
[2023-10-15 23:50:56,467][root][INFO] - val:
[2023-10-15 23:50:58,386][root][INFO] - ===> epoch: 84/300
[2023-10-15 23:50:58,386][root][INFO] - train:
[2023-10-15 23:52:02,831][root][INFO] - val:
[2023-10-15 23:52:04,967][root][INFO] - ===> epoch: 85/300
[2023-10-15 23:52:04,968][root][INFO] - train:
[2023-10-15 23:53:09,607][root][INFO] - val:
[2023-10-15 23:53:11,521][root][INFO] - ===> epoch: 86/300
[2023-10-15 23:53:11,522][root][INFO] - train:
[2023-10-15 23:54:16,760][root][INFO] - val:
[2023-10-15 23:54:18,665][root][INFO] - ===> epoch: 87/300
[2023-10-15 23:54:18,665][root][INFO] - train:
[2023-10-15 23:55:23,312][root][INFO] - val:
[2023-10-15 23:55:25,246][root][INFO] - ===> epoch: 88/300
[2023-10-15 23:55:25,247][root][INFO] - train:
[2023-10-15 23:56:30,863][root][INFO] - val:
[2023-10-15 23:56:32,786][root][INFO] - ===> epoch: 89/300
[2023-10-15 23:56:32,787][root][INFO] - train:
[2023-10-15 23:57:38,633][root][INFO] - val:
[2023-10-15 23:57:40,532][root][INFO] - ===> epoch: 90/300
[2023-10-15 23:57:40,532][root][INFO] - train:
[2023-10-15 23:58:44,954][root][INFO] - val:
[2023-10-15 23:58:46,937][root][INFO] - Checkpoint saved to C:\Users\GeorgeS\Documents\facultate\master\projects\data\model_weights\CIFAR-10/PreResNet/baseline\2525\model_90_0.pth
[2023-10-15 23:58:46,938][root][INFO] - ===> epoch: 91/300
[2023-10-15 23:58:46,939][root][INFO] - train:
[2023-10-15 23:59:55,756][root][INFO] - val:
[2023-10-15 23:59:57,685][root][INFO] - ===> epoch: 92/300
[2023-10-15 23:59:57,686][root][INFO] - train:
[2023-10-16 00:00:58,015][root][INFO] - val:
[2023-10-16 00:01:00,007][root][INFO] - Checkpoint saved to C:\Users\GeorgeS\Documents\facultate\master\projects\data\model_weights\CIFAR-10/PreResNet/baseline\2525\model_92_0.887499988079071.pth
[2023-10-16 00:01:00,008][root][INFO] - ===> BEST Val/Accuracy PERFORMANCE: 0.88750
[2023-10-16 00:01:00,009][root][INFO] - ===> epoch: 93/300
[2023-10-16 00:01:00,009][root][INFO] - train:
[2023-10-16 00:02:01,360][root][INFO] - val:
[2023-10-16 00:02:03,300][root][INFO] - ===> epoch: 94/300
[2023-10-16 00:02:03,301][root][INFO] - train:
[2023-10-16 00:03:04,174][root][INFO] - val:
[2023-10-16 00:03:06,271][root][INFO] - ===> epoch: 95/300
[2023-10-16 00:03:06,271][root][INFO] - train:
[2023-10-16 00:04:06,620][root][INFO] - val:
[2023-10-16 00:04:08,614][root][INFO] - Checkpoint saved to C:\Users\GeorgeS\Documents\facultate\master\projects\data\model_weights\CIFAR-10/PreResNet/baseline\2525\model_95_0.8880000114440918.pth
[2023-10-16 00:04:08,615][root][INFO] - ===> BEST Val/Accuracy PERFORMANCE: 0.88800
[2023-10-16 00:04:08,616][root][INFO] - ===> epoch: 96/300
[2023-10-16 00:04:08,617][root][INFO] - train:
[2023-10-16 00:05:09,981][root][INFO] - val:
[2023-10-16 00:05:11,900][root][INFO] - ===> epoch: 97/300
[2023-10-16 00:05:11,900][root][INFO] - train:
[2023-10-16 00:06:13,517][root][INFO] - val:
[2023-10-16 00:06:15,503][root][INFO] - Checkpoint saved to C:\Users\GeorgeS\Documents\facultate\master\projects\data\model_weights\CIFAR-10/PreResNet/baseline\2525\model_97_0.8888000249862671.pth
[2023-10-16 00:06:15,504][root][INFO] - ===> BEST Val/Accuracy PERFORMANCE: 0.88880
[2023-10-16 00:06:15,505][root][INFO] - ===> epoch: 98/300
[2023-10-16 00:06:15,505][root][INFO] - train:
[2023-10-16 00:07:16,356][root][INFO] - val:
[2023-10-16 00:07:18,350][root][INFO] - Checkpoint saved to C:\Users\GeorgeS\Documents\facultate\master\projects\data\model_weights\CIFAR-10/PreResNet/baseline\2525\model_98_0.8891000151634216.pth
[2023-10-16 00:07:18,351][root][INFO] - ===> BEST Val/Accuracy PERFORMANCE: 0.88910
[2023-10-16 00:07:18,352][root][INFO] - ===> epoch: 99/300
[2023-10-16 00:07:18,352][root][INFO] - train:
[2023-10-16 00:08:19,500][root][INFO] - val:
[2023-10-16 00:08:21,421][root][INFO] - ===> epoch: 100/300
[2023-10-16 00:08:21,422][root][INFO] - train:
[2023-10-16 00:09:23,060][root][INFO] - val:
[2023-10-16 00:09:25,058][root][INFO] - Checkpoint saved to C:\Users\GeorgeS\Documents\facultate\master\projects\data\model_weights\CIFAR-10/PreResNet/baseline\2525\model_100_0.pth
[2023-10-16 00:09:25,059][root][INFO] - ===> epoch: 101/300
[2023-10-16 00:09:25,060][root][INFO] - train:
[2023-10-16 00:10:26,493][root][INFO] - val:
[2023-10-16 00:10:28,482][root][INFO] - Checkpoint saved to C:\Users\GeorgeS\Documents\facultate\master\projects\data\model_weights\CIFAR-10/PreResNet/baseline\2525\model_101_0.8921999931335449.pth
[2023-10-16 00:10:28,482][root][INFO] - ===> BEST Val/Accuracy PERFORMANCE: 0.89220
[2023-10-16 00:10:28,482][root][INFO] - ===> epoch: 102/300
[2023-10-16 00:10:28,482][root][INFO] - train:
[2023-10-16 00:11:29,437][root][INFO] - val:
[2023-10-16 00:11:31,371][root][INFO] - ===> epoch: 103/300
[2023-10-16 00:11:31,372][root][INFO] - train:
[2023-10-16 00:12:32,985][root][INFO] - val:
[2023-10-16 00:12:34,926][root][INFO] - ===> epoch: 104/300
[2023-10-16 00:12:34,926][root][INFO] - train:
[2023-10-16 00:13:35,336][root][INFO] - val:
[2023-10-16 00:13:37,261][root][INFO] - ===> epoch: 105/300
[2023-10-16 00:13:37,262][root][INFO] - train:
[2023-10-16 00:14:39,046][root][INFO] - val:
[2023-10-16 00:14:40,966][root][INFO] - ===> epoch: 106/300
[2023-10-16 00:14:40,966][root][INFO] - train:
[2023-10-16 00:15:42,320][root][INFO] - val:
[2023-10-16 00:15:44,238][root][INFO] - ===> epoch: 107/300
[2023-10-16 00:15:44,239][root][INFO] - train:
[2023-10-16 00:16:45,395][root][INFO] - val:
[2023-10-16 00:16:47,309][root][INFO] - ===> epoch: 108/300
[2023-10-16 00:16:47,310][root][INFO] - train:
[2023-10-16 00:17:48,624][root][INFO] - val:
[2023-10-16 00:17:50,530][root][INFO] - ===> epoch: 109/300
[2023-10-16 00:17:50,530][root][INFO] - train:
[2023-10-16 00:18:50,260][root][INFO] - val:
[2023-10-16 00:18:52,195][root][INFO] - ===> epoch: 110/300
[2023-10-16 00:18:52,196][root][INFO] - train:
[2023-10-16 00:19:53,597][root][INFO] - val:
[2023-10-16 00:19:55,600][root][INFO] - Checkpoint saved to C:\Users\GeorgeS\Documents\facultate\master\projects\data\model_weights\CIFAR-10/PreResNet/baseline\2525\model_110_0.pth
[2023-10-16 00:19:55,601][root][INFO] - ===> epoch: 111/300
[2023-10-16 00:19:55,602][root][INFO] - train:
[2023-10-16 00:20:56,151][root][INFO] - val:
[2023-10-16 00:20:58,626][root][INFO] - ===> epoch: 112/300
[2023-10-16 00:20:58,627][root][INFO] - train:
[2023-10-16 00:22:00,028][root][INFO] - val:
[2023-10-16 00:22:01,970][root][INFO] - ===> epoch: 113/300
[2023-10-16 00:22:01,971][root][INFO] - train:
[2023-10-16 00:23:03,206][root][INFO] - val:
[2023-10-16 00:23:05,281][root][INFO] - ===> epoch: 114/300
[2023-10-16 00:23:05,282][root][INFO] - train:
[2023-10-16 00:24:06,832][root][INFO] - val:
[2023-10-16 00:24:08,781][root][INFO] - ===> epoch: 115/300
[2023-10-16 00:24:08,781][root][INFO] - train:
[2023-10-16 00:25:10,051][root][INFO] - val:
[2023-10-16 00:25:11,964][root][INFO] - ===> epoch: 116/300
[2023-10-16 00:25:11,964][root][INFO] - train:
[2023-10-16 00:26:13,368][root][INFO] - val:
[2023-10-16 00:26:15,288][root][INFO] - ===> epoch: 117/300
[2023-10-16 00:26:15,288][root][INFO] - train:
[2023-10-16 00:27:16,118][root][INFO] - val:
[2023-10-16 00:27:18,064][root][INFO] - ===> epoch: 118/300
[2023-10-16 00:27:18,065][root][INFO] - train:
[2023-10-16 00:28:19,649][root][INFO] - val:
[2023-10-16 00:28:21,722][root][INFO] - ===> epoch: 119/300
[2023-10-16 00:28:21,723][root][INFO] - train:
[2023-10-16 00:29:22,046][root][INFO] - val:
[2023-10-16 00:29:23,965][root][INFO] - ===> epoch: 120/300
[2023-10-16 00:29:23,965][root][INFO] - train:
[2023-10-16 00:30:25,372][root][INFO] - val:
[2023-10-16 00:30:27,370][root][INFO] - Checkpoint saved to C:\Users\GeorgeS\Documents\facultate\master\projects\data\model_weights\CIFAR-10/PreResNet/baseline\2525\model_120_0.pth
[2023-10-16 00:30:27,371][root][INFO] - ===> epoch: 121/300
[2023-10-16 00:30:27,371][root][INFO] - train:
[2023-10-16 00:31:42,946][root][INFO] - val:
[2023-10-16 00:31:44,868][root][INFO] - ===> epoch: 122/300
[2023-10-16 00:31:44,869][root][INFO] - train:
[2023-10-16 00:32:44,830][root][INFO] - val:
[2023-10-16 00:32:46,730][root][INFO] - ===> epoch: 123/300
[2023-10-16 00:32:46,730][root][INFO] - train:
[2023-10-16 00:33:46,553][root][INFO] - val:
[2023-10-16 00:33:48,546][root][INFO] - Checkpoint saved to C:\Users\GeorgeS\Documents\facultate\master\projects\data\model_weights\CIFAR-10/PreResNet/baseline\2525\model_123_0.8938000202178955.pth
[2023-10-16 00:33:48,546][root][INFO] - ===> BEST Val/Accuracy PERFORMANCE: 0.89380
[2023-10-16 00:33:48,547][root][INFO] - ===> epoch: 124/300
[2023-10-16 00:33:48,548][root][INFO] - train:
[2023-10-16 00:34:49,766][root][INFO] - val:
[2023-10-16 00:34:51,697][root][INFO] - ===> epoch: 125/300
[2023-10-16 00:34:51,698][root][INFO] - train:
[2023-10-16 00:35:52,755][root][INFO] - val:
[2023-10-16 00:35:54,671][root][INFO] - ===> epoch: 126/300
[2023-10-16 00:35:54,671][root][INFO] - train:
[2023-10-16 00:36:55,558][root][INFO] - val:
[2023-10-16 00:36:57,490][root][INFO] - ===> epoch: 127/300
[2023-10-16 00:36:57,491][root][INFO] - train:
[2023-10-16 00:37:58,329][root][INFO] - val:
[2023-10-16 00:38:00,240][root][INFO] - ===> epoch: 128/300
[2023-10-16 00:38:00,241][root][INFO] - train:
[2023-10-16 00:39:00,840][root][INFO] - val:
[2023-10-16 00:39:02,936][root][INFO] - ===> epoch: 129/300
[2023-10-16 00:39:02,936][root][INFO] - train:
[2023-10-16 00:40:04,460][root][INFO] - val:
[2023-10-16 00:40:06,543][root][INFO] - ===> epoch: 130/300
[2023-10-16 00:40:06,544][root][INFO] - train:
[2023-10-16 00:41:07,186][root][INFO] - val:
[2023-10-16 00:41:09,343][root][INFO] - Checkpoint saved to C:\Users\GeorgeS\Documents\facultate\master\projects\data\model_weights\CIFAR-10/PreResNet/baseline\2525\model_130_0.pth
[2023-10-16 00:41:09,345][root][INFO] - ===> epoch: 131/300
[2023-10-16 00:41:09,345][root][INFO] - train:
[2023-10-16 00:42:08,897][root][INFO] - val:
[2023-10-16 00:42:11,047][root][INFO] - ===> epoch: 132/300
[2023-10-16 00:42:11,048][root][INFO] - train:
[2023-10-16 00:43:12,196][root][INFO] - val:
[2023-10-16 00:43:14,115][root][INFO] - ===> epoch: 133/300
[2023-10-16 00:43:14,115][root][INFO] - train:
[2023-10-16 00:44:15,732][root][INFO] - val:
[2023-10-16 00:44:17,666][root][INFO] - ===> epoch: 134/300
[2023-10-16 00:44:17,667][root][INFO] - train:
[2023-10-16 00:45:17,665][root][INFO] - val:
[2023-10-16 00:45:19,574][root][INFO] - ===> epoch: 135/300
[2023-10-16 00:45:19,574][root][INFO] - train:
[2023-10-16 00:46:21,301][root][INFO] - val:
[2023-10-16 00:46:23,223][root][INFO] - ===> epoch: 136/300
[2023-10-16 00:46:23,224][root][INFO] - train:
[2023-10-16 00:47:23,057][root][INFO] - val:
[2023-10-16 00:47:24,982][root][INFO] - ===> epoch: 137/300
[2023-10-16 00:47:24,982][root][INFO] - train:
[2023-10-16 00:48:27,369][root][INFO] - val:
[2023-10-16 00:48:29,273][root][INFO] - ===> epoch: 138/300
[2023-10-16 00:48:29,273][root][INFO] - train:
[2023-10-16 00:49:28,756][root][INFO] - val:
[2023-10-16 00:49:30,835][root][INFO] - ===> epoch: 139/300
[2023-10-16 00:49:30,835][root][INFO] - train:
[2023-10-16 00:50:32,261][root][INFO] - val:
[2023-10-16 00:50:34,352][root][INFO] - ===> epoch: 140/300
[2023-10-16 00:50:34,352][root][INFO] - train:
[2023-10-16 00:51:35,401][root][INFO] - val:
[2023-10-16 00:51:37,537][root][INFO] - Checkpoint saved to C:\Users\GeorgeS\Documents\facultate\master\projects\data\model_weights\CIFAR-10/PreResNet/baseline\2525\model_140_0.pth
[2023-10-16 00:51:37,538][root][INFO] - ===> epoch: 141/300
[2023-10-16 00:51:37,539][root][INFO] - train:
[2023-10-16 00:52:38,544][root][INFO] - val:
[2023-10-16 00:52:40,701][root][INFO] - ===> epoch: 142/300
[2023-10-16 00:52:40,701][root][INFO] - train:
[2023-10-16 00:53:41,334][root][INFO] - val:
[2023-10-16 00:53:43,265][root][INFO] - ===> epoch: 143/300
[2023-10-16 00:53:43,265][root][INFO] - train:
[2023-10-16 00:54:43,557][root][INFO] - val:
[2023-10-16 00:54:45,480][root][INFO] - ===> epoch: 144/300
[2023-10-16 00:54:45,481][root][INFO] - train:
[2023-10-16 00:55:46,767][root][INFO] - val:
[2023-10-16 00:55:48,692][root][INFO] - ===> epoch: 145/300
[2023-10-16 00:55:48,693][root][INFO] - train:
[2023-10-16 00:56:49,593][root][INFO] - val:
[2023-10-16 00:56:51,536][root][INFO] - ===> epoch: 146/300
[2023-10-16 00:56:51,536][root][INFO] - train:
[2023-10-16 00:57:52,681][root][INFO] - val:
[2023-10-16 00:57:54,560][root][INFO] - ===> epoch: 147/300
[2023-10-16 00:57:54,561][root][INFO] - train:
[2023-10-16 00:58:56,848][root][INFO] - val:
[2023-10-16 00:58:58,776][root][INFO] - ===> epoch: 148/300
[2023-10-16 00:58:58,776][root][INFO] - train:
[2023-10-16 01:00:00,943][root][INFO] - val:
[2023-10-16 01:00:03,024][root][INFO] - ===> epoch: 149/300
[2023-10-16 01:00:03,024][root][INFO] - train:
[2023-10-16 01:01:05,976][root][INFO] - val:
[2023-10-16 01:01:08,054][root][INFO] - ===> epoch: 150/300
[2023-10-16 01:01:08,054][root][INFO] - train:
[2023-10-16 01:02:07,987][root][INFO] - val:
[2023-10-16 01:02:10,144][root][INFO] - Checkpoint saved to C:\Users\GeorgeS\Documents\facultate\master\projects\data\model_weights\CIFAR-10/PreResNet/baseline\2525\model_150_0.pth
[2023-10-16 01:02:10,145][root][INFO] - ===> epoch: 151/300
[2023-10-16 01:02:10,146][root][INFO] - train:
[2023-10-16 01:03:10,832][root][INFO] - val:
[2023-10-16 01:03:12,989][root][INFO] - ===> epoch: 152/300
[2023-10-16 01:03:12,990][root][INFO] - train:
[2023-10-16 01:04:14,552][root][INFO] - val:
[2023-10-16 01:04:16,474][root][INFO] - ===> epoch: 153/300
[2023-10-16 01:04:16,474][root][INFO] - train:
[2023-10-16 01:05:19,003][root][INFO] - val:
[2023-10-16 01:05:20,941][root][INFO] - ===> epoch: 154/300
[2023-10-16 01:05:20,942][root][INFO] - train:
[2023-10-16 01:06:21,755][root][INFO] - val:
[2023-10-16 01:06:23,669][root][INFO] - ===> epoch: 155/300
[2023-10-16 01:06:23,669][root][INFO] - train:
[2023-10-16 01:07:26,852][root][INFO] - val:
[2023-10-16 01:07:28,791][root][INFO] - ===> epoch: 156/300
[2023-10-16 01:07:28,792][root][INFO] - train:
[2023-10-16 01:08:31,000][root][INFO] - val:
[2023-10-16 01:08:32,913][root][INFO] - ===> epoch: 157/300
[2023-10-16 01:08:32,914][root][INFO] - train:
[2023-10-16 01:09:35,432][root][INFO] - val:
[2023-10-16 01:09:37,369][root][INFO] - ===> epoch: 158/300
[2023-10-16 01:09:37,370][root][INFO] - train:
[2023-10-16 01:10:38,259][root][INFO] - val:
[2023-10-16 01:10:40,335][root][INFO] - ===> epoch: 159/300
[2023-10-16 01:10:40,335][root][INFO] - train:
[2023-10-16 01:11:41,326][root][INFO] - val:
[2023-10-16 01:11:43,762][root][INFO] - ===> epoch: 160/300
[2023-10-16 01:11:43,763][root][INFO] - train:
[2023-10-16 01:12:46,436][root][INFO] - val:
[2023-10-16 01:12:48,587][root][INFO] - Checkpoint saved to C:\Users\GeorgeS\Documents\facultate\master\projects\data\model_weights\CIFAR-10/PreResNet/baseline\2525\model_160_0.pth
[2023-10-16 01:12:48,588][root][INFO] - ===> epoch: 161/300
[2023-10-16 01:12:48,588][root][INFO] - train:
[2023-10-16 01:13:50,083][root][INFO] - val:
[2023-10-16 01:13:52,231][root][INFO] - ===> epoch: 162/300
[2023-10-16 01:13:52,232][root][INFO] - train:
[2023-10-16 01:14:54,140][root][INFO] - val:
[2023-10-16 01:14:55,970][root][INFO] - ===> epoch: 163/300
[2023-10-16 01:14:55,970][root][INFO] - train:
[2023-10-16 01:15:56,763][root][INFO] - val:
[2023-10-16 01:15:58,684][root][INFO] - ===> epoch: 164/300
[2023-10-16 01:15:58,685][root][INFO] - train:
[2023-10-16 01:17:00,457][root][INFO] - val:
[2023-10-16 01:17:02,411][root][INFO] - ===> epoch: 165/300
[2023-10-16 01:17:02,411][root][INFO] - train:
[2023-10-16 01:18:03,084][root][INFO] - val:
[2023-10-16 01:18:05,013][root][INFO] - ===> epoch: 166/300
[2023-10-16 01:18:05,013][root][INFO] - train:
[2023-10-16 01:19:07,092][root][INFO] - val:
[2023-10-16 01:19:09,000][root][INFO] - ===> epoch: 167/300
[2023-10-16 01:19:09,001][root][INFO] - train:
[2023-10-16 01:20:09,780][root][INFO] - val:
[2023-10-16 01:20:11,684][root][INFO] - ===> epoch: 168/300
[2023-10-16 01:20:11,684][root][INFO] - train:
[2023-10-16 01:21:12,143][root][INFO] - val:
[2023-10-16 01:21:14,218][root][INFO] - ===> epoch: 169/300
[2023-10-16 01:21:14,218][root][INFO] - train:
[2023-10-16 01:22:16,560][root][INFO] - val:
[2023-10-16 01:22:18,556][root][INFO] - ===> epoch: 170/300
[2023-10-16 01:22:18,557][root][INFO] - train:
[2023-10-16 01:23:20,373][root][INFO] - val:
[2023-10-16 01:23:22,528][root][INFO] - Checkpoint saved to C:\Users\GeorgeS\Documents\facultate\master\projects\data\model_weights\CIFAR-10/PreResNet/baseline\2525\model_170_0.pth
[2023-10-16 01:23:22,529][root][INFO] - ===> epoch: 171/300
[2023-10-16 01:23:22,529][root][INFO] - train:
[2023-10-16 01:24:25,483][root][INFO] - val:
[2023-10-16 01:24:27,636][root][INFO] - ===> epoch: 172/300
[2023-10-16 01:24:27,636][root][INFO] - train:
[2023-10-16 01:25:30,186][root][INFO] - val:
[2023-10-16 01:25:32,084][root][INFO] - ===> epoch: 173/300
[2023-10-16 01:25:32,085][root][INFO] - train:
[2023-10-16 01:26:34,927][root][INFO] - val:
[2023-10-16 01:26:36,848][root][INFO] - ===> epoch: 174/300
[2023-10-16 01:26:36,848][root][INFO] - train:
[2023-10-16 01:27:37,781][root][INFO] - val:
[2023-10-16 01:27:39,679][root][INFO] - ===> epoch: 175/300
[2023-10-16 01:27:39,679][root][INFO] - train:
[2023-10-16 01:28:40,011][root][INFO] - val:
[2023-10-16 01:28:41,936][root][INFO] - ===> epoch: 176/300
[2023-10-16 01:28:41,937][root][INFO] - train:
[2023-10-16 01:29:44,275][root][INFO] - val:
[2023-10-16 01:29:46,215][root][INFO] - ===> epoch: 177/300
[2023-10-16 01:29:46,216][root][INFO] - train:
[2023-10-16 01:30:46,631][root][INFO] - val:
[2023-10-16 01:30:48,560][root][INFO] - ===> epoch: 178/300
[2023-10-16 01:30:48,561][root][INFO] - train:
[2023-10-16 01:31:50,597][root][INFO] - val:
[2023-10-16 01:31:52,649][root][INFO] - ===> epoch: 179/300
[2023-10-16 01:31:52,650][root][INFO] - train:
[2023-10-16 01:32:53,930][root][INFO] - val:
[2023-10-16 01:32:55,988][root][INFO] - ===> epoch: 180/300
[2023-10-16 01:32:55,989][root][INFO] - train:
[2023-10-16 01:33:57,923][root][INFO] - val:
[2023-10-16 01:34:00,023][root][INFO] - Checkpoint saved to C:\Users\GeorgeS\Documents\facultate\master\projects\data\model_weights\CIFAR-10/PreResNet/baseline\2525\model_180_0.pth
[2023-10-16 01:34:00,023][root][INFO] - ===> epoch: 181/300
[2023-10-16 01:34:00,023][root][INFO] - train:
[2023-10-16 01:35:00,279][root][INFO] - val:
[2023-10-16 01:35:02,347][root][INFO] - ===> epoch: 182/300
[2023-10-16 01:35:02,347][root][INFO] - train:
[2023-10-16 01:36:02,426][root][INFO] - val:
[2023-10-16 01:36:04,329][root][INFO] - ===> epoch: 183/300
[2023-10-16 01:36:04,330][root][INFO] - train:
[2023-10-16 01:37:07,292][root][INFO] - val:
[2023-10-16 01:37:09,237][root][INFO] - ===> epoch: 184/300
[2023-10-16 01:37:09,238][root][INFO] - train:
[2023-10-16 01:38:11,176][root][INFO] - val:
[2023-10-16 01:38:13,105][root][INFO] - ===> epoch: 185/300
[2023-10-16 01:38:13,106][root][INFO] - train:
[2023-10-16 01:39:14,597][root][INFO] - val:
[2023-10-16 01:39:16,534][root][INFO] - ===> epoch: 186/300
[2023-10-16 01:39:16,534][root][INFO] - train:
[2023-10-16 01:40:17,277][root][INFO] - val:
[2023-10-16 01:40:19,184][root][INFO] - ===> epoch: 187/300
[2023-10-16 01:40:19,185][root][INFO] - train:
[2023-10-16 01:41:19,870][root][INFO] - val:
[2023-10-16 01:41:21,765][root][INFO] - ===> epoch: 188/300
[2023-10-16 01:41:21,766][root][INFO] - train:
[2023-10-16 01:42:24,815][root][INFO] - val:
[2023-10-16 01:42:26,908][root][INFO] - ===> epoch: 189/300
[2023-10-16 01:42:26,908][root][INFO] - train:
[2023-10-16 01:43:28,135][root][INFO] - val:
[2023-10-16 01:43:30,229][root][INFO] - ===> epoch: 190/300
[2023-10-16 01:43:30,229][root][INFO] - train:
[2023-10-16 01:44:30,073][root][INFO] - val:
[2023-10-16 01:44:32,254][root][INFO] - Checkpoint saved to C:\Users\GeorgeS\Documents\facultate\master\projects\data\model_weights\CIFAR-10/PreResNet/baseline\2525\model_190_0.pth
[2023-10-16 01:44:32,255][root][INFO] - ===> epoch: 191/300
[2023-10-16 01:44:32,255][root][INFO] - train:
[2023-10-16 01:45:33,871][root][INFO] - val:
[2023-10-16 01:45:36,004][root][INFO] - ===> epoch: 192/300
[2023-10-16 01:45:36,004][root][INFO] - train:
[2023-10-16 01:46:37,195][root][INFO] - val:
[2023-10-16 01:46:39,106][root][INFO] - ===> epoch: 193/300
[2023-10-16 01:46:39,106][root][INFO] - train:
[2023-10-16 01:47:40,030][root][INFO] - val:
[2023-10-16 01:47:41,959][root][INFO] - ===> epoch: 194/300
[2023-10-16 01:47:41,960][root][INFO] - train:
[2023-10-16 01:48:43,621][root][INFO] - val:
[2023-10-16 01:48:45,521][root][INFO] - ===> epoch: 195/300
[2023-10-16 01:48:45,522][root][INFO] - train:
[2023-10-16 01:49:48,151][root][INFO] - val:
[2023-10-16 01:49:50,075][root][INFO] - ===> epoch: 196/300
[2023-10-16 01:49:50,075][root][INFO] - train:
[2023-10-16 01:50:51,038][root][INFO] - val:
[2023-10-16 01:50:52,956][root][INFO] - ===> epoch: 197/300
[2023-10-16 01:50:52,957][root][INFO] - train:
[2023-10-16 01:51:54,460][root][INFO] - val:
[2023-10-16 01:51:56,367][root][INFO] - ===> epoch: 198/300
[2023-10-16 01:51:56,368][root][INFO] - train:
[2023-10-16 01:52:59,160][root][INFO] - val:
[2023-10-16 01:53:01,237][root][INFO] - ===> epoch: 199/300
[2023-10-16 01:53:01,237][root][INFO] - train:
[2023-10-16 01:54:04,339][root][INFO] - val:
[2023-10-16 01:54:06,439][root][INFO] - ===> epoch: 200/300
[2023-10-16 01:54:06,440][root][INFO] - train:
[2023-10-16 01:55:07,432][root][INFO] - val:
[2023-10-16 01:55:09,576][root][INFO] - Checkpoint saved to C:\Users\GeorgeS\Documents\facultate\master\projects\data\model_weights\CIFAR-10/PreResNet/baseline\2525\model_200_0.pth
[2023-10-16 01:55:09,577][root][INFO] - ===> epoch: 201/300
[2023-10-16 01:55:09,577][root][INFO] - train:
[2023-10-16 01:56:10,820][root][INFO] - val:
[2023-10-16 01:56:12,967][root][INFO] - ===> epoch: 202/300
[2023-10-16 01:56:12,967][root][INFO] - train:
[2023-10-16 01:57:13,751][root][INFO] - val:
[2023-10-16 01:57:15,653][root][INFO] - ===> epoch: 203/300
[2023-10-16 01:57:15,653][root][INFO] - train:
[2023-10-16 01:58:17,910][root][INFO] - val:
[2023-10-16 01:58:19,853][root][INFO] - ===> epoch: 204/300
[2023-10-16 01:58:19,854][root][INFO] - train:
[2023-10-16 01:59:20,847][root][INFO] - val:
[2023-10-16 01:59:22,759][root][INFO] - ===> epoch: 205/300
[2023-10-16 01:59:22,760][root][INFO] - train:
[2023-10-16 02:00:24,060][root][INFO] - val:
[2023-10-16 02:00:25,974][root][INFO] - ===> epoch: 206/300
[2023-10-16 02:00:25,975][root][INFO] - train:
[2023-10-16 02:01:27,567][root][INFO] - val:
[2023-10-16 02:01:29,495][root][INFO] - ===> epoch: 207/300
[2023-10-16 02:01:29,495][root][INFO] - train:
[2023-10-16 02:02:31,652][root][INFO] - val:
[2023-10-16 02:02:33,576][root][INFO] - ===> epoch: 208/300
[2023-10-16 02:02:33,577][root][INFO] - train:
[2023-10-16 02:03:34,910][root][INFO] - val:
[2023-10-16 02:03:37,011][root][INFO] - ===> epoch: 209/300
[2023-10-16 02:03:37,012][root][INFO] - train:
[2023-10-16 02:04:38,389][root][INFO] - val:
[2023-10-16 02:04:40,495][root][INFO] - ===> epoch: 210/300
[2023-10-16 02:04:40,495][root][INFO] - train:
[2023-10-16 02:05:40,901][root][INFO] - val:
[2023-10-16 02:05:43,058][root][INFO] - Checkpoint saved to C:\Users\GeorgeS\Documents\facultate\master\projects\data\model_weights\CIFAR-10/PreResNet/baseline\2525\model_210_0.pth
[2023-10-16 02:05:43,059][root][INFO] - ===> epoch: 211/300
[2023-10-16 02:05:43,059][root][INFO] - train:
[2023-10-16 02:06:45,416][root][INFO] - val:
[2023-10-16 02:06:47,565][root][INFO] - ===> epoch: 212/300
[2023-10-16 02:06:47,565][root][INFO] - train:
[2023-10-16 02:07:50,308][root][INFO] - val:
[2023-10-16 02:07:52,232][root][INFO] - ===> epoch: 213/300
[2023-10-16 02:07:52,232][root][INFO] - train:
[2023-10-16 02:08:52,980][root][INFO] - val:
[2023-10-16 02:08:54,896][root][INFO] - ===> epoch: 214/300
[2023-10-16 02:08:54,896][root][INFO] - train:
[2023-10-16 02:09:55,364][root][INFO] - val:
[2023-10-16 02:09:57,274][root][INFO] - ===> epoch: 215/300
[2023-10-16 02:09:57,274][root][INFO] - train:
[2023-10-16 02:10:57,596][root][INFO] - val:
[2023-10-16 02:10:59,516][root][INFO] - ===> epoch: 216/300
[2023-10-16 02:10:59,516][root][INFO] - train:
[2023-10-16 02:12:01,567][root][INFO] - val:
[2023-10-16 02:12:03,487][root][INFO] - ===> epoch: 217/300
[2023-10-16 02:12:03,487][root][INFO] - train:
[2023-10-16 02:13:05,150][root][INFO] - val:
[2023-10-16 02:13:07,079][root][INFO] - ===> epoch: 218/300
[2023-10-16 02:13:07,080][root][INFO] - train:
[2023-10-16 02:14:08,454][root][INFO] - val:
[2023-10-16 02:14:10,553][root][INFO] - ===> epoch: 219/300
[2023-10-16 02:14:10,553][root][INFO] - train:
[2023-10-16 02:15:11,099][root][INFO] - val:
[2023-10-16 02:15:13,179][root][INFO] - ===> epoch: 220/300
[2023-10-16 02:15:13,179][root][INFO] - train:
[2023-10-16 02:16:15,286][root][INFO] - val:
[2023-10-16 02:16:17,435][root][INFO] - Checkpoint saved to C:\Users\GeorgeS\Documents\facultate\master\projects\data\model_weights\CIFAR-10/PreResNet/baseline\2525\model_220_0.pth
[2023-10-16 02:16:17,436][root][INFO] - ===> epoch: 221/300
[2023-10-16 02:16:17,437][root][INFO] - train:
[2023-10-16 02:17:17,509][root][INFO] - val:
[2023-10-16 02:17:19,673][root][INFO] - ===> epoch: 222/300
[2023-10-16 02:17:19,674][root][INFO] - train:
[2023-10-16 02:18:20,592][root][INFO] - val:
[2023-10-16 02:18:22,530][root][INFO] - ===> epoch: 223/300
[2023-10-16 02:18:22,531][root][INFO] - train:
[2023-10-16 02:19:23,889][root][INFO] - val:
[2023-10-16 02:19:25,824][root][INFO] - ===> epoch: 224/300
[2023-10-16 02:19:25,824][root][INFO] - train:
[2023-10-16 02:20:27,112][root][INFO] - val:
[2023-10-16 02:20:28,992][root][INFO] - ===> epoch: 225/300
[2023-10-16 02:20:28,993][root][INFO] - train:
[2023-10-16 02:21:30,582][root][INFO] - val:
[2023-10-16 02:21:32,431][root][INFO] - ===> epoch: 226/300
[2023-10-16 02:21:32,432][root][INFO] - train:
[2023-10-16 02:22:33,846][root][INFO] - val:
[2023-10-16 02:22:35,759][root][INFO] - ===> epoch: 227/300
[2023-10-16 02:22:35,760][root][INFO] - train:
[2023-10-16 02:23:36,961][root][INFO] - val:
[2023-10-16 02:23:38,870][root][INFO] - ===> epoch: 228/300
[2023-10-16 02:23:38,870][root][INFO] - train:
[2023-10-16 02:24:39,151][root][INFO] - val:
[2023-10-16 02:24:41,231][root][INFO] - ===> epoch: 229/300
[2023-10-16 02:24:41,231][root][INFO] - train:
[2023-10-16 02:25:41,758][root][INFO] - val:
[2023-10-16 02:25:43,853][root][INFO] - ===> epoch: 230/300
[2023-10-16 02:25:43,854][root][INFO] - train:
[2023-10-16 02:26:45,519][root][INFO] - val:
[2023-10-16 02:26:47,686][root][INFO] - Checkpoint saved to C:\Users\GeorgeS\Documents\facultate\master\projects\data\model_weights\CIFAR-10/PreResNet/baseline\2525\model_230_0.pth
[2023-10-16 02:26:47,687][root][INFO] - ===> epoch: 231/300
[2023-10-16 02:26:47,687][root][INFO] - train:
[2023-10-16 02:27:49,091][root][INFO] - val:
[2023-10-16 02:27:51,210][root][INFO] - ===> epoch: 232/300
[2023-10-16 02:27:51,210][root][INFO] - train:
[2023-10-16 02:28:53,193][root][INFO] - val:
[2023-10-16 02:28:55,478][root][INFO] - ===> epoch: 233/300
[2023-10-16 02:28:55,478][root][INFO] - train:
[2023-10-16 02:29:57,745][root][INFO] - val:
[2023-10-16 02:29:59,664][root][INFO] - ===> epoch: 234/300
[2023-10-16 02:29:59,665][root][INFO] - train:
[2023-10-16 02:31:01,553][root][INFO] - val:
[2023-10-16 02:31:03,472][root][INFO] - ===> epoch: 235/300
[2023-10-16 02:31:03,472][root][INFO] - train:
[2023-10-16 02:32:06,135][root][INFO] - val:
[2023-10-16 02:32:08,064][root][INFO] - ===> epoch: 236/300
[2023-10-16 02:32:08,065][root][INFO] - train:
[2023-10-16 02:33:10,010][root][INFO] - val:
[2023-10-16 02:33:11,917][root][INFO] - ===> epoch: 237/300
[2023-10-16 02:33:11,918][root][INFO] - train:
[2023-10-16 02:34:13,189][root][INFO] - val:
[2023-10-16 02:34:15,599][root][INFO] - ===> epoch: 238/300
[2023-10-16 02:34:15,600][root][INFO] - train:
[2023-10-16 02:35:16,462][root][INFO] - val:
[2023-10-16 02:35:18,539][root][INFO] - ===> epoch: 239/300
[2023-10-16 02:35:18,540][root][INFO] - train:
[2023-10-16 02:36:20,288][root][INFO] - val:
[2023-10-16 02:36:22,359][root][INFO] - ===> epoch: 240/300
[2023-10-16 02:36:22,360][root][INFO] - train:
[2023-10-16 02:37:23,769][root][INFO] - val:
[2023-10-16 02:37:25,911][root][INFO] - Checkpoint saved to C:\Users\GeorgeS\Documents\facultate\master\projects\data\model_weights\CIFAR-10/PreResNet/baseline\2525\model_240_0.pth
[2023-10-16 02:37:25,912][root][INFO] - ===> epoch: 241/300
[2023-10-16 02:37:25,912][root][INFO] - train:
[2023-10-16 02:38:26,601][root][INFO] - val:
[2023-10-16 02:38:28,758][root][INFO] - ===> epoch: 242/300
[2023-10-16 02:38:28,759][root][INFO] - train:
[2023-10-16 02:39:31,397][root][INFO] - val:
[2023-10-16 02:39:33,312][root][INFO] - ===> epoch: 243/300
[2023-10-16 02:39:33,313][root][INFO] - train:
[2023-10-16 02:40:34,996][root][INFO] - val:
[2023-10-16 02:40:36,900][root][INFO] - ===> epoch: 244/300
[2023-10-16 02:40:36,901][root][INFO] - train:
[2023-10-16 02:41:39,064][root][INFO] - val:
[2023-10-16 02:41:40,967][root][INFO] - ===> epoch: 245/300
[2023-10-16 02:41:40,967][root][INFO] - train:
[2023-10-16 02:42:42,021][root][INFO] - val:
[2023-10-16 02:42:43,958][root][INFO] - ===> epoch: 246/300
[2023-10-16 02:42:43,959][root][INFO] - train:
[2023-10-16 02:43:47,143][root][INFO] - val:
[2023-10-16 02:43:49,054][root][INFO] - ===> epoch: 247/300
[2023-10-16 02:43:49,054][root][INFO] - train:
[2023-10-16 02:44:50,039][root][INFO] - val:
[2023-10-16 02:44:51,959][root][INFO] - ===> epoch: 248/300
[2023-10-16 02:44:51,960][root][INFO] - train:
[2023-10-16 02:45:54,111][root][INFO] - val:
[2023-10-16 02:45:56,173][root][INFO] - ===> epoch: 249/300
[2023-10-16 02:45:56,173][root][INFO] - train:
[2023-10-16 02:46:57,554][root][INFO] - val:
[2023-10-16 02:46:59,663][root][INFO] - ===> epoch: 250/300
[2023-10-16 02:46:59,664][root][INFO] - train:
[2023-10-16 02:48:01,048][root][INFO] - val:
[2023-10-16 02:48:03,214][root][INFO] - Checkpoint saved to C:\Users\GeorgeS\Documents\facultate\master\projects\data\model_weights\CIFAR-10/PreResNet/baseline\2525\model_250_0.pth
[2023-10-16 02:48:03,215][root][INFO] - ===> epoch: 251/300
[2023-10-16 02:48:03,215][root][INFO] - train:
[2023-10-16 02:49:04,645][root][INFO] - val:
[2023-10-16 02:49:06,779][root][INFO] - ===> epoch: 252/300
[2023-10-16 02:49:06,780][root][INFO] - train:
[2023-10-16 02:50:07,265][root][INFO] - val:
[2023-10-16 02:50:09,186][root][INFO] - ===> epoch: 253/300
[2023-10-16 02:50:09,186][root][INFO] - train:
[2023-10-16 02:51:10,215][root][INFO] - val:
[2023-10-16 02:51:12,133][root][INFO] - ===> epoch: 254/300
[2023-10-16 02:51:12,134][root][INFO] - train:
[2023-10-16 02:52:12,579][root][INFO] - val:
[2023-10-16 02:52:14,487][root][INFO] - ===> epoch: 255/300
[2023-10-16 02:52:14,488][root][INFO] - train:
[2023-10-16 02:53:16,298][root][INFO] - val:
[2023-10-16 02:53:18,225][root][INFO] - ===> epoch: 256/300
[2023-10-16 02:53:18,226][root][INFO] - train:
[2023-10-16 02:54:20,366][root][INFO] - val:
[2023-10-16 02:54:22,297][root][INFO] - ===> epoch: 257/300
[2023-10-16 02:54:22,297][root][INFO] - train:
[2023-10-16 02:55:24,371][root][INFO] - val:
[2023-10-16 02:55:26,272][root][INFO] - ===> epoch: 258/300
[2023-10-16 02:55:26,273][root][INFO] - train:
[2023-10-16 02:56:28,652][root][INFO] - val:
[2023-10-16 02:56:30,732][root][INFO] - ===> epoch: 259/300
[2023-10-16 02:56:30,733][root][INFO] - train:
[2023-10-16 02:57:31,508][root][INFO] - val:
[2023-10-16 02:57:33,588][root][INFO] - ===> epoch: 260/300
[2023-10-16 02:57:33,588][root][INFO] - train:
[2023-10-16 02:58:35,366][root][INFO] - val:
[2023-10-16 02:58:37,451][root][INFO] - Checkpoint saved to C:\Users\GeorgeS\Documents\facultate\master\projects\data\model_weights\CIFAR-10/PreResNet/baseline\2525\model_260_0.pth
[2023-10-16 02:58:37,452][root][INFO] - ===> epoch: 261/300
[2023-10-16 02:58:37,453][root][INFO] - train:
[2023-10-16 02:59:38,250][root][INFO] - val:
[2023-10-16 02:59:40,412][root][INFO] - ===> epoch: 262/300
[2023-10-16 02:59:40,413][root][INFO] - train:
[2023-10-16 03:00:42,021][root][INFO] - val:
[2023-10-16 03:00:43,935][root][INFO] - ===> epoch: 263/300
[2023-10-16 03:00:43,936][root][INFO] - train:
[2023-10-16 03:01:45,724][root][INFO] - val:
[2023-10-16 03:01:47,633][root][INFO] - ===> epoch: 264/300
[2023-10-16 03:01:47,633][root][INFO] - train:
[2023-10-16 03:02:49,836][root][INFO] - val:
[2023-10-16 03:02:51,760][root][INFO] - ===> epoch: 265/300
[2023-10-16 03:02:51,760][root][INFO] - train:
[2023-10-16 03:03:52,424][root][INFO] - val:
[2023-10-16 03:03:54,346][root][INFO] - ===> epoch: 266/300
[2023-10-16 03:03:54,346][root][INFO] - train:
[2023-10-16 03:04:56,667][root][INFO] - val:
[2023-10-16 03:04:58,587][root][INFO] - ===> epoch: 267/300
[2023-10-16 03:04:58,587][root][INFO] - train:
[2023-10-16 03:06:00,500][root][INFO] - val:
[2023-10-16 03:06:02,423][root][INFO] - ===> epoch: 268/300
[2023-10-16 03:06:02,424][root][INFO] - train:
[2023-10-16 03:07:04,418][root][INFO] - val:
[2023-10-16 03:07:06,510][root][INFO] - ===> epoch: 269/300
[2023-10-16 03:07:06,510][root][INFO] - train:
[2023-10-16 03:08:07,746][root][INFO] - val:
[2023-10-16 03:08:09,844][root][INFO] - ===> epoch: 270/300
[2023-10-16 03:08:09,844][root][INFO] - train:
[2023-10-16 03:09:12,289][root][INFO] - val:
[2023-10-16 03:09:14,432][root][INFO] - Checkpoint saved to C:\Users\GeorgeS\Documents\facultate\master\projects\data\model_weights\CIFAR-10/PreResNet/baseline\2525\model_270_0.pth
[2023-10-16 03:09:14,433][root][INFO] - ===> epoch: 271/300
[2023-10-16 03:09:14,434][root][INFO] - train:
[2023-10-16 03:10:15,353][root][INFO] - val:
[2023-10-16 03:10:17,477][root][INFO] - ===> epoch: 272/300
[2023-10-16 03:10:17,478][root][INFO] - train:
[2023-10-16 03:11:17,548][root][INFO] - val:
[2023-10-16 03:11:19,439][root][INFO] - ===> epoch: 273/300
[2023-10-16 03:11:19,440][root][INFO] - train:
[2023-10-16 03:12:21,233][root][INFO] - val:
[2023-10-16 03:12:23,157][root][INFO] - ===> epoch: 274/300
[2023-10-16 03:12:23,157][root][INFO] - train:
[2023-10-16 03:13:24,437][root][INFO] - val:
[2023-10-16 03:13:26,328][root][INFO] - ===> epoch: 275/300
[2023-10-16 03:13:26,329][root][INFO] - train:
[2023-10-16 03:14:27,105][root][INFO] - val:
[2023-10-16 03:14:29,037][root][INFO] - ===> epoch: 276/300
[2023-10-16 03:14:29,038][root][INFO] - train:
[2023-10-16 03:15:30,760][root][INFO] - val:
[2023-10-16 03:15:32,677][root][INFO] - ===> epoch: 277/300
[2023-10-16 03:15:32,678][root][INFO] - train:
[2023-10-16 03:16:34,058][root][INFO] - val:
[2023-10-16 03:16:35,997][root][INFO] - ===> epoch: 278/300
[2023-10-16 03:16:35,997][root][INFO] - train:
[2023-10-16 03:17:37,406][root][INFO] - val:
[2023-10-16 03:17:39,473][root][INFO] - ===> epoch: 279/300
[2023-10-16 03:17:39,474][root][INFO] - train:
[2023-10-16 03:18:40,673][root][INFO] - val:
[2023-10-16 03:18:42,759][root][INFO] - ===> epoch: 280/300
[2023-10-16 03:18:42,759][root][INFO] - train:
[2023-10-16 03:19:42,526][root][INFO] - val:
[2023-10-16 03:19:44,673][root][INFO] - Checkpoint saved to C:\Users\GeorgeS\Documents\facultate\master\projects\data\model_weights\CIFAR-10/PreResNet/baseline\2525\model_280_0.pth
[2023-10-16 03:19:44,674][root][INFO] - ===> epoch: 281/300
[2023-10-16 03:19:44,675][root][INFO] - train:
[2023-10-16 03:20:45,584][root][INFO] - val:
[2023-10-16 03:20:47,694][root][INFO] - ===> epoch: 282/300
[2023-10-16 03:20:47,695][root][INFO] - train:
[2023-10-16 03:21:48,671][root][INFO] - val:
[2023-10-16 03:21:50,596][root][INFO] - ===> epoch: 283/300
[2023-10-16 03:21:50,597][root][INFO] - train:
[2023-10-16 03:22:51,827][root][INFO] - val:
[2023-10-16 03:22:53,758][root][INFO] - ===> epoch: 284/300
[2023-10-16 03:22:53,759][root][INFO] - train:
[2023-10-16 03:23:56,473][root][INFO] - val:
[2023-10-16 03:23:58,388][root][INFO] - ===> epoch: 285/300
[2023-10-16 03:23:58,388][root][INFO] - train:
[2023-10-16 03:25:00,052][root][INFO] - val:
[2023-10-16 03:25:01,976][root][INFO] - ===> epoch: 286/300
[2023-10-16 03:25:01,976][root][INFO] - train:
[2023-10-16 03:26:03,071][root][INFO] - val:
[2023-10-16 03:26:04,977][root][INFO] - ===> epoch: 287/300
[2023-10-16 03:26:04,978][root][INFO] - train:
[2023-10-16 03:27:07,615][root][INFO] - val:
[2023-10-16 03:27:09,567][root][INFO] - ===> epoch: 288/300
[2023-10-16 03:27:09,568][root][INFO] - train:
[2023-10-16 03:28:11,556][root][INFO] - val:
[2023-10-16 03:28:13,637][root][INFO] - ===> epoch: 289/300
[2023-10-16 03:28:13,637][root][INFO] - train:
[2023-10-16 03:29:14,359][root][INFO] - val:
[2023-10-16 03:29:16,464][root][INFO] - ===> epoch: 290/300
[2023-10-16 03:29:16,465][root][INFO] - train:
[2023-10-16 03:30:18,660][root][INFO] - val:
[2023-10-16 03:30:20,775][root][INFO] - Checkpoint saved to C:\Users\GeorgeS\Documents\facultate\master\projects\data\model_weights\CIFAR-10/PreResNet/baseline\2525\model_290_0.pth
[2023-10-16 03:30:20,776][root][INFO] - ===> epoch: 291/300
[2023-10-16 03:30:20,776][root][INFO] - train:
[2023-10-16 03:31:20,811][root][INFO] - val:
[2023-10-16 03:31:22,906][root][INFO] - ===> epoch: 292/300
[2023-10-16 03:31:22,907][root][INFO] - train:
[2023-10-16 03:32:24,125][root][INFO] - val:
[2023-10-16 03:32:26,039][root][INFO] - ===> epoch: 293/300
[2023-10-16 03:32:26,040][root][INFO] - train:
[2023-10-16 03:33:26,931][root][INFO] - val:
[2023-10-16 03:33:28,860][root][INFO] - ===> epoch: 294/300
[2023-10-16 03:33:28,861][root][INFO] - train:
[2023-10-16 03:34:30,877][root][INFO] - val:
[2023-10-16 03:34:32,769][root][INFO] - ===> epoch: 295/300
[2023-10-16 03:34:32,769][root][INFO] - train:
[2023-10-16 03:35:34,641][root][INFO] - val:
[2023-10-16 03:35:36,568][root][INFO] - ===> epoch: 296/300
[2023-10-16 03:35:36,568][root][INFO] - train:
[2023-10-16 03:36:37,132][root][INFO] - val:
[2023-10-16 03:36:39,068][root][INFO] - ===> epoch: 297/300
[2023-10-16 03:36:39,068][root][INFO] - train:
[2023-10-16 03:37:41,014][root][INFO] - val:
[2023-10-16 03:37:42,944][root][INFO] - ===> epoch: 298/300
[2023-10-16 03:37:42,945][root][INFO] - train:
[2023-10-16 03:38:45,400][root][INFO] - val:
[2023-10-16 03:38:47,479][root][INFO] - ===> epoch: 299/300
[2023-10-16 03:38:47,479][root][INFO] - train:
[2023-10-16 03:39:49,342][root][INFO] - val:
[2023-10-16 03:39:51,354][root][INFO] - ===> BEST Val/Accuracy PERFORMANCE: 0.89380
[2023-10-16 03:39:51,989][root][INFO] - Saved best accuracy checkpoint
