[2023-11-08 23:47:25,662][root][INFO] - Saving current code to C:\Users\GeorgeS\Documents\facultate\master\projects\Pytorch-Template\outputs\2023-11-08\23-47-25\runs\CIFAR-10/PreResNet/OneCycleBS\2525
[2023-11-08 23:47:25,779][root][INFO] - Loading train_dataset!
[2023-11-08 23:47:52,431][root][INFO] - Loading val_dataset!
[2023-11-08 23:47:58,383][root][INFO] - ===> epoch: 1/300
[2023-11-08 23:47:58,383][root][INFO] - train:
[2023-11-08 23:48:44,906][root][INFO] - val:
[2023-11-08 23:48:48,521][root][INFO] - Checkpoint saved to C:\Users\GeorgeS\Documents\facultate\master\projects\data\model_weights\CIFAR-10/PreResNet/OneCycleBS\2525\model_1_0.40290001034736633.pth
[2023-11-08 23:48:48,521][root][INFO] - ===> BEST Val/Accuracy PERFORMANCE: 0.40290
[2023-11-08 23:48:48,522][root][INFO] - ===> epoch: 2/300
[2023-11-08 23:48:48,522][root][INFO] - train:
[2023-11-08 23:49:33,215][root][INFO] - val:
[2023-11-08 23:49:34,895][root][INFO] - Checkpoint saved to C:\Users\GeorgeS\Documents\facultate\master\projects\data\model_weights\CIFAR-10/PreResNet/OneCycleBS\2525\model_2_0.4862000048160553.pth
[2023-11-08 23:49:34,896][root][INFO] - ===> BEST Val/Accuracy PERFORMANCE: 0.48620
[2023-11-08 23:49:34,896][root][INFO] - ===> epoch: 3/300
[2023-11-08 23:49:34,897][root][INFO] - train:
[2023-11-08 23:50:20,059][root][INFO] - val:
[2023-11-08 23:50:21,751][root][INFO] - Checkpoint saved to C:\Users\GeorgeS\Documents\facultate\master\projects\data\model_weights\CIFAR-10/PreResNet/OneCycleBS\2525\model_3_0.5328999757766724.pth
[2023-11-08 23:50:21,752][root][INFO] - ===> BEST Val/Accuracy PERFORMANCE: 0.53290
[2023-11-08 23:50:21,753][root][INFO] - ===> epoch: 4/300
[2023-11-08 23:50:21,753][root][INFO] - train:
[2023-11-08 23:51:06,973][root][INFO] - val:
[2023-11-08 23:51:08,591][root][INFO] - Checkpoint saved to C:\Users\GeorgeS\Documents\facultate\master\projects\data\model_weights\CIFAR-10/PreResNet/OneCycleBS\2525\model_4_0.5640000104904175.pth
[2023-11-08 23:51:08,593][root][INFO] - ===> BEST Val/Accuracy PERFORMANCE: 0.56400
[2023-11-08 23:51:08,593][root][INFO] - ===> epoch: 5/300
[2023-11-08 23:51:08,594][root][INFO] - train:
[2023-11-08 23:51:55,588][root][INFO] - val:
[2023-11-08 23:51:57,250][root][INFO] - Checkpoint saved to C:\Users\GeorgeS\Documents\facultate\master\projects\data\model_weights\CIFAR-10/PreResNet/OneCycleBS\2525\model_5_0.6010000109672546.pth
[2023-11-08 23:51:57,251][root][INFO] - ===> BEST Val/Accuracy PERFORMANCE: 0.60100
[2023-11-08 23:51:57,251][root][INFO] - ===> epoch: 6/300
[2023-11-08 23:51:57,252][root][INFO] - train:
[2023-11-08 23:52:42,671][root][INFO] - val:
[2023-11-08 23:52:44,246][root][INFO] - Checkpoint saved to C:\Users\GeorgeS\Documents\facultate\master\projects\data\model_weights\CIFAR-10/PreResNet/OneCycleBS\2525\model_6_0.6141999959945679.pth
[2023-11-08 23:52:44,246][root][INFO] - ===> BEST Val/Accuracy PERFORMANCE: 0.61420
[2023-11-08 23:52:44,247][root][INFO] - ===> epoch: 7/300
[2023-11-08 23:52:44,247][root][INFO] - train:
[2023-11-08 23:53:29,127][root][INFO] - val:
[2023-11-08 23:53:30,968][root][INFO] - Checkpoint saved to C:\Users\GeorgeS\Documents\facultate\master\projects\data\model_weights\CIFAR-10/PreResNet/OneCycleBS\2525\model_7_0.6553999781608582.pth
[2023-11-08 23:53:30,969][root][INFO] - ===> BEST Val/Accuracy PERFORMANCE: 0.65540
[2023-11-08 23:53:30,970][root][INFO] - ===> epoch: 8/300
[2023-11-08 23:53:30,970][root][INFO] - train:
[2023-11-08 23:54:17,905][root][INFO] - val:
[2023-11-08 23:54:19,552][root][INFO] - Checkpoint saved to C:\Users\GeorgeS\Documents\facultate\master\projects\data\model_weights\CIFAR-10/PreResNet/OneCycleBS\2525\model_8_0.6664000153541565.pth
[2023-11-08 23:54:19,553][root][INFO] - ===> BEST Val/Accuracy PERFORMANCE: 0.66640
[2023-11-08 23:54:19,553][root][INFO] - ===> epoch: 9/300
[2023-11-08 23:54:19,554][root][INFO] - train:
[2023-11-08 23:55:04,977][root][INFO] - val:
[2023-11-08 23:55:06,514][root][INFO] - ===> epoch: 10/300
[2023-11-08 23:55:06,515][root][INFO] - train:
[2023-11-08 23:55:53,726][root][INFO] - val:
[2023-11-08 23:55:55,383][root][INFO] - Checkpoint saved to C:\Users\GeorgeS\Documents\facultate\master\projects\data\model_weights\CIFAR-10/PreResNet/OneCycleBS\2525\model_10_0.6696000099182129.pth
[2023-11-08 23:55:55,384][root][INFO] - ===> BEST Val/Accuracy PERFORMANCE: 0.66960
[2023-11-08 23:55:55,423][root][INFO] - Checkpoint saved to C:\Users\GeorgeS\Documents\facultate\master\projects\data\model_weights\CIFAR-10/PreResNet/OneCycleBS\2525\model_10_0.pth
[2023-11-08 23:55:55,424][root][INFO] - ===> epoch: 11/300
[2023-11-08 23:55:55,424][root][INFO] - train:
[2023-11-08 23:56:41,143][root][INFO] - val:
[2023-11-08 23:56:42,720][root][INFO] - Checkpoint saved to C:\Users\GeorgeS\Documents\facultate\master\projects\data\model_weights\CIFAR-10/PreResNet/OneCycleBS\2525\model_11_0.6952999830245972.pth
[2023-11-08 23:56:42,721][root][INFO] - ===> BEST Val/Accuracy PERFORMANCE: 0.69530
[2023-11-08 23:56:42,722][root][INFO] - ===> epoch: 12/300
[2023-11-08 23:56:42,722][root][INFO] - train:
[2023-11-08 23:57:29,881][root][INFO] - val:
[2023-11-08 23:57:31,534][root][INFO] - Checkpoint saved to C:\Users\GeorgeS\Documents\facultate\master\projects\data\model_weights\CIFAR-10/PreResNet/OneCycleBS\2525\model_12_0.7285000085830688.pth
[2023-11-08 23:57:31,535][root][INFO] - ===> BEST Val/Accuracy PERFORMANCE: 0.72850
[2023-11-08 23:57:31,535][root][INFO] - ===> epoch: 13/300
[2023-11-08 23:57:31,536][root][INFO] - train:
[2023-11-08 23:58:17,181][root][INFO] - val:
[2023-11-08 23:58:18,831][root][INFO] - ===> epoch: 14/300
[2023-11-08 23:58:18,832][root][INFO] - train:
[2023-11-08 23:59:06,458][root][INFO] - val:
[2023-11-08 23:59:08,032][root][INFO] - Checkpoint saved to C:\Users\GeorgeS\Documents\facultate\master\projects\data\model_weights\CIFAR-10/PreResNet/OneCycleBS\2525\model_14_0.7333999872207642.pth
[2023-11-08 23:59:08,033][root][INFO] - ===> BEST Val/Accuracy PERFORMANCE: 0.73340
[2023-11-08 23:59:08,034][root][INFO] - ===> epoch: 15/300
[2023-11-08 23:59:08,034][root][INFO] - train:
[2023-11-08 23:59:55,638][root][INFO] - val:
[2023-11-08 23:59:57,129][root][INFO] - ===> epoch: 16/300
[2023-11-08 23:59:57,129][root][INFO] - train:
[2023-11-09 00:00:44,638][root][INFO] - val:
[2023-11-09 00:00:46,505][root][INFO] - Checkpoint saved to C:\Users\GeorgeS\Documents\facultate\master\projects\data\model_weights\CIFAR-10/PreResNet/OneCycleBS\2525\model_16_0.7441999912261963.pth
[2023-11-09 00:00:46,505][root][INFO] - ===> BEST Val/Accuracy PERFORMANCE: 0.74420
[2023-11-09 00:00:46,506][root][INFO] - ===> epoch: 17/300
[2023-11-09 00:00:46,506][root][INFO] - train:
[2023-11-09 00:01:34,024][root][INFO] - val:
[2023-11-09 00:01:35,686][root][INFO] - ===> epoch: 18/300
[2023-11-09 00:01:35,687][root][INFO] - train:
[2023-11-09 00:02:22,987][root][INFO] - val:
[2023-11-09 00:02:24,515][root][INFO] - ===> epoch: 19/300
[2023-11-09 00:02:24,515][root][INFO] - train:
[2023-11-09 00:03:11,961][root][INFO] - val:
[2023-11-09 00:03:13,544][root][INFO] - Checkpoint saved to C:\Users\GeorgeS\Documents\facultate\master\projects\data\model_weights\CIFAR-10/PreResNet/OneCycleBS\2525\model_19_0.7605000138282776.pth
[2023-11-09 00:03:13,544][root][INFO] - ===> BEST Val/Accuracy PERFORMANCE: 0.76050
[2023-11-09 00:03:13,545][root][INFO] - ===> epoch: 20/300
[2023-11-09 00:03:13,546][root][INFO] - train:
[2023-11-09 00:04:01,307][root][INFO] - val:
[2023-11-09 00:04:02,898][root][INFO] - Checkpoint saved to C:\Users\GeorgeS\Documents\facultate\master\projects\data\model_weights\CIFAR-10/PreResNet/OneCycleBS\2525\model_20_0.770799994468689.pth
[2023-11-09 00:04:02,898][root][INFO] - ===> BEST Val/Accuracy PERFORMANCE: 0.77080
[2023-11-09 00:04:02,934][root][INFO] - Checkpoint saved to C:\Users\GeorgeS\Documents\facultate\master\projects\data\model_weights\CIFAR-10/PreResNet/OneCycleBS\2525\model_20_0.pth
[2023-11-09 00:04:02,935][root][INFO] - ===> epoch: 21/300
[2023-11-09 00:04:02,935][root][INFO] - train:
[2023-11-09 00:04:50,076][root][INFO] - val:
[2023-11-09 00:04:51,689][root][INFO] - ===> epoch: 22/300
[2023-11-09 00:04:51,689][root][INFO] - train:
[2023-11-09 00:05:39,496][root][INFO] - val:
[2023-11-09 00:05:41,177][root][INFO] - ===> epoch: 23/300
[2023-11-09 00:05:41,177][root][INFO] - train:
[2023-11-09 00:06:29,174][root][INFO] - val:
[2023-11-09 00:06:30,885][root][INFO] - Checkpoint saved to C:\Users\GeorgeS\Documents\facultate\master\projects\data\model_weights\CIFAR-10/PreResNet/OneCycleBS\2525\model_23_0.7932000160217285.pth
[2023-11-09 00:06:30,886][root][INFO] - ===> BEST Val/Accuracy PERFORMANCE: 0.79320
[2023-11-09 00:06:30,887][root][INFO] - ===> epoch: 24/300
[2023-11-09 00:06:30,887][root][INFO] - train:
[2023-11-09 00:07:20,485][root][INFO] - val:
[2023-11-09 00:07:22,042][root][INFO] - ===> epoch: 25/300
[2023-11-09 00:07:22,043][root][INFO] - train:
[2023-11-09 00:08:09,483][root][INFO] - val:
[2023-11-09 00:08:11,326][root][INFO] - ===> epoch: 26/300
[2023-11-09 00:08:11,327][root][INFO] - train:
[2023-11-09 00:08:59,113][root][INFO] - val:
[2023-11-09 00:09:00,721][root][INFO] - ===> epoch: 27/300
[2023-11-09 00:09:00,722][root][INFO] - train:
[2023-11-09 00:09:50,522][root][INFO] - val:
[2023-11-09 00:09:52,053][root][INFO] - ===> epoch: 28/300
[2023-11-09 00:09:52,053][root][INFO] - train:
[2023-11-09 00:10:40,241][root][INFO] - val:
[2023-11-09 00:10:41,920][root][INFO] - Checkpoint saved to C:\Users\GeorgeS\Documents\facultate\master\projects\data\model_weights\CIFAR-10/PreResNet/OneCycleBS\2525\model_28_0.796500027179718.pth
[2023-11-09 00:10:41,920][root][INFO] - ===> BEST Val/Accuracy PERFORMANCE: 0.79650
[2023-11-09 00:10:41,921][root][INFO] - ===> epoch: 29/300
[2023-11-09 00:10:41,922][root][INFO] - train:
[2023-11-09 00:11:32,137][root][INFO] - val:
[2023-11-09 00:11:33,777][root][INFO] - Checkpoint saved to C:\Users\GeorgeS\Documents\facultate\master\projects\data\model_weights\CIFAR-10/PreResNet/OneCycleBS\2525\model_29_0.8083999752998352.pth
[2023-11-09 00:11:33,777][root][INFO] - ===> BEST Val/Accuracy PERFORMANCE: 0.80840
[2023-11-09 00:11:33,778][root][INFO] - ===> epoch: 30/300
[2023-11-09 00:11:33,779][root][INFO] - train:
[2023-11-09 00:12:23,889][root][INFO] - val:
[2023-11-09 00:12:25,590][root][INFO] - Checkpoint saved to C:\Users\GeorgeS\Documents\facultate\master\projects\data\model_weights\CIFAR-10/PreResNet/OneCycleBS\2525\model_30_0.8094000220298767.pth
[2023-11-09 00:12:25,591][root][INFO] - ===> BEST Val/Accuracy PERFORMANCE: 0.80940
[2023-11-09 00:12:25,628][root][INFO] - Checkpoint saved to C:\Users\GeorgeS\Documents\facultate\master\projects\data\model_weights\CIFAR-10/PreResNet/OneCycleBS\2525\model_30_0.pth
[2023-11-09 00:12:25,630][root][INFO] - ===> epoch: 31/300
[2023-11-09 00:12:25,630][root][INFO] - train:
[2023-11-09 00:13:16,064][root][INFO] - val:
[2023-11-09 00:13:17,746][root][INFO] - ===> epoch: 32/300
[2023-11-09 00:13:17,746][root][INFO] - train:
[2023-11-09 00:14:06,629][root][INFO] - val:
[2023-11-09 00:14:08,280][root][INFO] - Checkpoint saved to C:\Users\GeorgeS\Documents\facultate\master\projects\data\model_weights\CIFAR-10/PreResNet/OneCycleBS\2525\model_32_0.8152999877929688.pth
[2023-11-09 00:14:08,281][root][INFO] - ===> BEST Val/Accuracy PERFORMANCE: 0.81530
[2023-11-09 00:14:08,282][root][INFO] - ===> epoch: 33/300
[2023-11-09 00:14:08,282][root][INFO] - train:
[2023-11-09 00:14:59,360][root][INFO] - val:
[2023-11-09 00:15:01,005][root][INFO] - Checkpoint saved to C:\Users\GeorgeS\Documents\facultate\master\projects\data\model_weights\CIFAR-10/PreResNet/OneCycleBS\2525\model_33_0.8217999935150146.pth
[2023-11-09 00:15:01,005][root][INFO] - ===> BEST Val/Accuracy PERFORMANCE: 0.82180
[2023-11-09 00:15:01,006][root][INFO] - ===> epoch: 34/300
[2023-11-09 00:15:01,007][root][INFO] - train:
[2023-11-09 00:15:51,306][root][INFO] - val:
[2023-11-09 00:15:52,938][root][INFO] - ===> epoch: 35/300
[2023-11-09 00:15:52,939][root][INFO] - train:
[2023-11-09 00:16:43,646][root][INFO] - val:
[2023-11-09 00:16:45,284][root][INFO] - ===> epoch: 36/300
[2023-11-09 00:16:45,284][root][INFO] - train:
[2023-11-09 00:17:36,100][root][INFO] - val:
[2023-11-09 00:17:37,662][root][INFO] - ===> epoch: 37/300
[2023-11-09 00:17:37,663][root][INFO] - train:
[2023-11-09 00:18:28,890][root][INFO] - val:
[2023-11-09 00:18:30,531][root][INFO] - Checkpoint saved to C:\Users\GeorgeS\Documents\facultate\master\projects\data\model_weights\CIFAR-10/PreResNet/OneCycleBS\2525\model_37_0.8320000171661377.pth
[2023-11-09 00:18:30,532][root][INFO] - ===> BEST Val/Accuracy PERFORMANCE: 0.83200
[2023-11-09 00:18:30,532][root][INFO] - ===> epoch: 38/300
[2023-11-09 00:18:30,533][root][INFO] - train:
[2023-11-09 00:19:21,961][root][INFO] - val:
[2023-11-09 00:19:23,910][root][INFO] - ===> epoch: 39/300
[2023-11-09 00:19:23,910][root][INFO] - train:
[2023-11-09 00:20:16,985][root][INFO] - val:
[2023-11-09 00:20:18,526][root][INFO] - ===> epoch: 40/300
[2023-11-09 00:20:18,526][root][INFO] - train:
[2023-11-09 00:21:11,171][root][INFO] - val:
[2023-11-09 00:21:12,795][root][INFO] - Checkpoint saved to C:\Users\GeorgeS\Documents\facultate\master\projects\data\model_weights\CIFAR-10/PreResNet/OneCycleBS\2525\model_40_0.pth
[2023-11-09 00:21:12,795][root][INFO] - ===> epoch: 41/300
[2023-11-09 00:21:12,796][root][INFO] - train:
[2023-11-09 00:22:06,502][root][INFO] - val:
[2023-11-09 00:22:08,086][root][INFO] - ===> epoch: 42/300
[2023-11-09 00:22:08,086][root][INFO] - train:
[2023-11-09 00:23:01,277][root][INFO] - val:
[2023-11-09 00:23:02,940][root][INFO] - ===> epoch: 43/300
[2023-11-09 00:23:02,940][root][INFO] - train:
[2023-11-09 00:23:57,575][root][INFO] - val:
[2023-11-09 00:23:59,416][root][INFO] - ===> epoch: 44/300
[2023-11-09 00:23:59,416][root][INFO] - train:
[2023-11-09 00:24:53,861][root][INFO] - val:
[2023-11-09 00:24:55,761][root][INFO] - ===> epoch: 45/300
[2023-11-09 00:24:55,761][root][INFO] - train:
[2023-11-09 00:25:52,043][root][INFO] - val:
[2023-11-09 00:25:53,660][root][INFO] - ===> epoch: 46/300
[2023-11-09 00:25:53,660][root][INFO] - train:
[2023-11-09 00:26:49,940][root][INFO] - val:
[2023-11-09 00:26:51,531][root][INFO] - ===> epoch: 47/300
[2023-11-09 00:26:51,531][root][INFO] - train:
[2023-11-09 00:27:47,806][root][INFO] - val:
[2023-11-09 00:27:49,392][root][INFO] - ===> epoch: 48/300
[2023-11-09 00:27:49,393][root][INFO] - train:
[2023-11-09 00:28:45,300][root][INFO] - val:
[2023-11-09 00:28:46,936][root][INFO] - ===> epoch: 49/300
[2023-11-09 00:28:46,937][root][INFO] - train:
[2023-11-09 00:29:42,543][root][INFO] - val:
[2023-11-09 00:29:44,043][root][INFO] - ===> epoch: 50/300
[2023-11-09 00:29:44,043][root][INFO] - train:
[2023-11-09 00:30:39,049][root][INFO] - val:
[2023-11-09 00:30:40,686][root][INFO] - Checkpoint saved to C:\Users\GeorgeS\Documents\facultate\master\projects\data\model_weights\CIFAR-10/PreResNet/OneCycleBS\2525\model_50_0.pth
[2023-11-09 00:30:40,687][root][INFO] - ===> epoch: 51/300
[2023-11-09 00:30:40,687][root][INFO] - train:
[2023-11-09 00:31:35,650][root][INFO] - val:
[2023-11-09 00:31:37,222][root][INFO] - Checkpoint saved to C:\Users\GeorgeS\Documents\facultate\master\projects\data\model_weights\CIFAR-10/PreResNet/OneCycleBS\2525\model_51_0.8458999991416931.pth
[2023-11-09 00:31:37,222][root][INFO] - ===> BEST Val/Accuracy PERFORMANCE: 0.84590
[2023-11-09 00:31:37,223][root][INFO] - ===> epoch: 52/300
[2023-11-09 00:31:37,223][root][INFO] - train:
[2023-11-09 00:32:31,699][root][INFO] - val:
[2023-11-09 00:32:33,357][root][INFO] - ===> epoch: 53/300
[2023-11-09 00:32:33,357][root][INFO] - train:
[2023-11-09 00:33:27,021][root][INFO] - val:
[2023-11-09 00:33:28,588][root][INFO] - Checkpoint saved to C:\Users\GeorgeS\Documents\facultate\master\projects\data\model_weights\CIFAR-10/PreResNet/OneCycleBS\2525\model_53_0.8483999967575073.pth
[2023-11-09 00:33:28,589][root][INFO] - ===> BEST Val/Accuracy PERFORMANCE: 0.84840
[2023-11-09 00:33:28,590][root][INFO] - ===> epoch: 54/300
[2023-11-09 00:33:28,590][root][INFO] - train:
[2023-11-09 00:34:21,184][root][INFO] - val:
[2023-11-09 00:34:22,780][root][INFO] - Checkpoint saved to C:\Users\GeorgeS\Documents\facultate\master\projects\data\model_weights\CIFAR-10/PreResNet/OneCycleBS\2525\model_54_0.8485000133514404.pth
[2023-11-09 00:34:22,780][root][INFO] - ===> BEST Val/Accuracy PERFORMANCE: 0.84850
[2023-11-09 00:34:22,781][root][INFO] - ===> epoch: 55/300
[2023-11-09 00:34:22,781][root][INFO] - train:
[2023-11-09 00:35:15,362][root][INFO] - val:
[2023-11-09 00:35:16,939][root][INFO] - ===> epoch: 56/300
[2023-11-09 00:35:16,939][root][INFO] - train:
[2023-11-09 00:36:08,675][root][INFO] - val:
[2023-11-09 00:36:10,308][root][INFO] - Checkpoint saved to C:\Users\GeorgeS\Documents\facultate\master\projects\data\model_weights\CIFAR-10/PreResNet/OneCycleBS\2525\model_56_0.852400004863739.pth
[2023-11-09 00:36:10,308][root][INFO] - ===> BEST Val/Accuracy PERFORMANCE: 0.85240
[2023-11-09 00:36:10,309][root][INFO] - ===> epoch: 57/300
[2023-11-09 00:36:10,310][root][INFO] - train:
[2023-11-09 00:37:01,201][root][INFO] - val:
[2023-11-09 00:37:02,796][root][INFO] - Checkpoint saved to C:\Users\GeorgeS\Documents\facultate\master\projects\data\model_weights\CIFAR-10/PreResNet/OneCycleBS\2525\model_57_0.8557000160217285.pth
[2023-11-09 00:37:02,797][root][INFO] - ===> BEST Val/Accuracy PERFORMANCE: 0.85570
[2023-11-09 00:37:02,798][root][INFO] - ===> epoch: 58/300
[2023-11-09 00:37:02,798][root][INFO] - train:
[2023-11-09 00:37:53,476][root][INFO] - val:
[2023-11-09 00:37:55,178][root][INFO] - Checkpoint saved to C:\Users\GeorgeS\Documents\facultate\master\projects\data\model_weights\CIFAR-10/PreResNet/OneCycleBS\2525\model_58_0.8644999861717224.pth
[2023-11-09 00:37:55,178][root][INFO] - ===> BEST Val/Accuracy PERFORMANCE: 0.86450
[2023-11-09 00:37:55,179][root][INFO] - ===> epoch: 59/300
[2023-11-09 00:37:55,179][root][INFO] - train:
[2023-11-09 00:38:45,003][root][INFO] - val:
[2023-11-09 00:38:46,672][root][INFO] - Checkpoint saved to C:\Users\GeorgeS\Documents\facultate\master\projects\data\model_weights\CIFAR-10/PreResNet/OneCycleBS\2525\model_59_0.8661999702453613.pth
[2023-11-09 00:38:46,672][root][INFO] - ===> BEST Val/Accuracy PERFORMANCE: 0.86620
[2023-11-09 00:38:46,673][root][INFO] - ===> epoch: 60/300
[2023-11-09 00:38:46,673][root][INFO] - train:
[2023-11-09 00:39:36,475][root][INFO] - val:
[2023-11-09 00:39:38,169][root][INFO] - Checkpoint saved to C:\Users\GeorgeS\Documents\facultate\master\projects\data\model_weights\CIFAR-10/PreResNet/OneCycleBS\2525\model_60_0.870199978351593.pth
[2023-11-09 00:39:38,169][root][INFO] - ===> BEST Val/Accuracy PERFORMANCE: 0.87020
[2023-11-09 00:39:38,210][root][INFO] - Checkpoint saved to C:\Users\GeorgeS\Documents\facultate\master\projects\data\model_weights\CIFAR-10/PreResNet/OneCycleBS\2525\model_60_0.pth
[2023-11-09 00:39:38,210][root][INFO] - ===> epoch: 61/300
[2023-11-09 00:39:38,210][root][INFO] - train:
[2023-11-09 00:40:27,293][root][INFO] - val:
[2023-11-09 00:40:28,966][root][INFO] - ===> epoch: 62/300
[2023-11-09 00:40:28,966][root][INFO] - train:
[2023-11-09 00:41:17,836][root][INFO] - val:
[2023-11-09 00:41:19,369][root][INFO] - ===> epoch: 63/300
[2023-11-09 00:41:19,369][root][INFO] - train:
[2023-11-09 00:42:07,197][root][INFO] - val:
[2023-11-09 00:42:08,798][root][INFO] - ===> epoch: 64/300
[2023-11-09 00:42:08,798][root][INFO] - train:
[2023-11-09 00:42:56,299][root][INFO] - val:
[2023-11-09 00:42:57,992][root][INFO] - Checkpoint saved to C:\Users\GeorgeS\Documents\facultate\master\projects\data\model_weights\CIFAR-10/PreResNet/OneCycleBS\2525\model_64_0.8705000281333923.pth
[2023-11-09 00:42:57,992][root][INFO] - ===> BEST Val/Accuracy PERFORMANCE: 0.87050
[2023-11-09 00:42:57,993][root][INFO] - ===> epoch: 65/300
[2023-11-09 00:42:57,993][root][INFO] - train:
[2023-11-09 00:43:45,490][root][INFO] - val:
[2023-11-09 00:43:47,179][root][INFO] - Checkpoint saved to C:\Users\GeorgeS\Documents\facultate\master\projects\data\model_weights\CIFAR-10/PreResNet/OneCycleBS\2525\model_65_0.8715999722480774.pth
[2023-11-09 00:43:47,180][root][INFO] - ===> BEST Val/Accuracy PERFORMANCE: 0.87160
[2023-11-09 00:43:47,180][root][INFO] - ===> epoch: 66/300
[2023-11-09 00:43:47,181][root][INFO] - train:
[2023-11-09 00:44:35,293][root][INFO] - val:
[2023-11-09 00:44:36,839][root][INFO] - Checkpoint saved to C:\Users\GeorgeS\Documents\facultate\master\projects\data\model_weights\CIFAR-10/PreResNet/OneCycleBS\2525\model_66_0.8745999932289124.pth
[2023-11-09 00:44:36,839][root][INFO] - ===> BEST Val/Accuracy PERFORMANCE: 0.87460
[2023-11-09 00:44:36,840][root][INFO] - ===> epoch: 67/300
[2023-11-09 00:44:36,840][root][INFO] - train:
[2023-11-09 00:45:24,560][root][INFO] - val:
[2023-11-09 00:45:26,150][root][INFO] - ===> epoch: 68/300
[2023-11-09 00:45:26,150][root][INFO] - train:
[2023-11-09 00:46:13,497][root][INFO] - val:
[2023-11-09 00:46:15,025][root][INFO] - ===> epoch: 69/300
[2023-11-09 00:46:15,026][root][INFO] - train:
[2023-11-09 00:47:02,315][root][INFO] - val:
[2023-11-09 00:47:03,974][root][INFO] - ===> epoch: 70/300
[2023-11-09 00:47:03,975][root][INFO] - train:
[2023-11-09 00:47:51,291][root][INFO] - val:
[2023-11-09 00:47:52,862][root][INFO] - Checkpoint saved to C:\Users\GeorgeS\Documents\facultate\master\projects\data\model_weights\CIFAR-10/PreResNet/OneCycleBS\2525\model_70_0.8772000074386597.pth
[2023-11-09 00:47:52,862][root][INFO] - ===> BEST Val/Accuracy PERFORMANCE: 0.87720
[2023-11-09 00:47:52,897][root][INFO] - Checkpoint saved to C:\Users\GeorgeS\Documents\facultate\master\projects\data\model_weights\CIFAR-10/PreResNet/OneCycleBS\2525\model_70_0.pth
[2023-11-09 00:47:52,898][root][INFO] - ===> epoch: 71/300
[2023-11-09 00:47:52,898][root][INFO] - train:
[2023-11-09 00:48:39,187][root][INFO] - val:
[2023-11-09 00:48:41,179][root][INFO] - ===> epoch: 72/300
[2023-11-09 00:48:41,179][root][INFO] - train:
[2023-11-09 00:49:27,333][root][INFO] - val:
[2023-11-09 00:49:28,995][root][INFO] - ===> epoch: 73/300
[2023-11-09 00:49:28,995][root][INFO] - train:
[2023-11-09 00:50:15,628][root][INFO] - val:
[2023-11-09 00:50:17,166][root][INFO] - ===> epoch: 74/300
[2023-11-09 00:50:17,166][root][INFO] - train:
[2023-11-09 00:51:03,483][root][INFO] - val:
[2023-11-09 00:51:05,127][root][INFO] - ===> epoch: 75/300
[2023-11-09 00:51:05,128][root][INFO] - train:
[2023-11-09 00:51:51,007][root][INFO] - val:
[2023-11-09 00:51:52,667][root][INFO] - Checkpoint saved to C:\Users\GeorgeS\Documents\facultate\master\projects\data\model_weights\CIFAR-10/PreResNet/OneCycleBS\2525\model_75_0.8808000087738037.pth
[2023-11-09 00:51:52,668][root][INFO] - ===> BEST Val/Accuracy PERFORMANCE: 0.88080
[2023-11-09 00:51:52,669][root][INFO] - ===> epoch: 76/300
[2023-11-09 00:51:52,669][root][INFO] - train:
[2023-11-09 00:52:38,493][root][INFO] - val:
[2023-11-09 00:52:40,524][root][INFO] - ===> epoch: 77/300
[2023-11-09 00:52:40,524][root][INFO] - train:
[2023-11-09 00:53:26,140][root][INFO] - val:
[2023-11-09 00:53:27,783][root][INFO] - ===> epoch: 78/300
[2023-11-09 00:53:27,784][root][INFO] - train:
[2023-11-09 00:54:13,547][root][INFO] - val:
[2023-11-09 00:54:15,121][root][INFO] - ===> epoch: 79/300
[2023-11-09 00:54:15,121][root][INFO] - train:
[2023-11-09 00:55:00,514][root][INFO] - val:
[2023-11-09 00:55:02,104][root][INFO] - ===> epoch: 80/300
[2023-11-09 00:55:02,105][root][INFO] - train:
[2023-11-09 00:55:47,470][root][INFO] - val:
[2023-11-09 00:55:49,139][root][INFO] - Checkpoint saved to C:\Users\GeorgeS\Documents\facultate\master\projects\data\model_weights\CIFAR-10/PreResNet/OneCycleBS\2525\model_80_0.8822000026702881.pth
[2023-11-09 00:55:49,140][root][INFO] - ===> BEST Val/Accuracy PERFORMANCE: 0.88220
[2023-11-09 00:55:49,176][root][INFO] - Checkpoint saved to C:\Users\GeorgeS\Documents\facultate\master\projects\data\model_weights\CIFAR-10/PreResNet/OneCycleBS\2525\model_80_0.pth
[2023-11-09 00:55:49,176][root][INFO] - ===> epoch: 81/300
[2023-11-09 00:55:49,177][root][INFO] - train:
[2023-11-09 00:56:35,057][root][INFO] - val:
[2023-11-09 00:56:36,613][root][INFO] - ===> epoch: 82/300
[2023-11-09 00:56:36,613][root][INFO] - train:
[2023-11-09 00:57:21,900][root][INFO] - val:
[2023-11-09 00:57:23,436][root][INFO] - ===> epoch: 83/300
[2023-11-09 00:57:23,436][root][INFO] - train:
[2023-11-09 00:58:08,745][root][INFO] - val:
[2023-11-09 00:58:10,293][root][INFO] - ===> epoch: 84/300
[2023-11-09 00:58:10,294][root][INFO] - train:
[2023-11-09 00:58:55,622][root][INFO] - val:
[2023-11-09 00:58:57,250][root][INFO] - ===> epoch: 85/300
[2023-11-09 00:58:57,251][root][INFO] - train:
[2023-11-09 00:59:42,605][root][INFO] - val:
[2023-11-09 00:59:44,247][root][INFO] - ===> epoch: 86/300
[2023-11-09 00:59:44,247][root][INFO] - train:
[2023-11-09 01:00:31,317][root][INFO] - val:
[2023-11-09 01:00:32,903][root][INFO] - ===> epoch: 87/300
[2023-11-09 01:00:32,904][root][INFO] - train:
[2023-11-09 01:01:22,225][root][INFO] - val:
[2023-11-09 01:01:23,762][root][INFO] - ===> epoch: 88/300
[2023-11-09 01:01:23,762][root][INFO] - train:
[2023-11-09 01:02:11,134][root][INFO] - val:
[2023-11-09 01:02:12,753][root][INFO] - ===> epoch: 89/300
[2023-11-09 01:02:12,753][root][INFO] - train:
[2023-11-09 01:02:59,892][root][INFO] - val:
[2023-11-09 01:03:01,578][root][INFO] - ===> epoch: 90/300
[2023-11-09 01:03:01,578][root][INFO] - train:
[2023-11-09 01:03:50,943][root][INFO] - val:
[2023-11-09 01:03:52,627][root][INFO] - Checkpoint saved to C:\Users\GeorgeS\Documents\facultate\master\projects\data\model_weights\CIFAR-10/PreResNet/OneCycleBS\2525\model_90_0.pth
[2023-11-09 01:03:52,628][root][INFO] - ===> epoch: 91/300
[2023-11-09 01:03:52,629][root][INFO] - train:
[2023-11-09 01:04:39,620][root][INFO] - val:
[2023-11-09 01:04:41,262][root][INFO] - ===> epoch: 92/300
[2023-11-09 01:04:41,262][root][INFO] - train:
[2023-11-09 01:05:28,346][root][INFO] - val:
[2023-11-09 01:05:29,953][root][INFO] - Checkpoint saved to C:\Users\GeorgeS\Documents\facultate\master\projects\data\model_weights\CIFAR-10/PreResNet/OneCycleBS\2525\model_92_0.885200023651123.pth
[2023-11-09 01:05:29,953][root][INFO] - ===> BEST Val/Accuracy PERFORMANCE: 0.88520
[2023-11-09 01:05:29,954][root][INFO] - ===> epoch: 93/300
[2023-11-09 01:05:29,954][root][INFO] - train:
[2023-11-09 01:06:16,984][root][INFO] - val:
[2023-11-09 01:06:18,582][root][INFO] - ===> epoch: 94/300
[2023-11-09 01:06:18,582][root][INFO] - train:
[2023-11-09 01:07:08,036][root][INFO] - val:
[2023-11-09 01:07:09,569][root][INFO] - Checkpoint saved to C:\Users\GeorgeS\Documents\facultate\master\projects\data\model_weights\CIFAR-10/PreResNet/OneCycleBS\2525\model_94_0.8858000040054321.pth
[2023-11-09 01:07:09,570][root][INFO] - ===> BEST Val/Accuracy PERFORMANCE: 0.88580
[2023-11-09 01:07:09,571][root][INFO] - ===> epoch: 95/300
[2023-11-09 01:07:09,571][root][INFO] - train:
[2023-11-09 01:07:55,956][root][INFO] - val:
[2023-11-09 01:07:57,603][root][INFO] - ===> epoch: 96/300
[2023-11-09 01:07:57,604][root][INFO] - train:
[2023-11-09 01:08:44,411][root][INFO] - val:
[2023-11-09 01:08:45,989][root][INFO] - Checkpoint saved to C:\Users\GeorgeS\Documents\facultate\master\projects\data\model_weights\CIFAR-10/PreResNet/OneCycleBS\2525\model_96_0.8863999843597412.pth
[2023-11-09 01:08:45,990][root][INFO] - ===> BEST Val/Accuracy PERFORMANCE: 0.88640
[2023-11-09 01:08:45,991][root][INFO] - ===> epoch: 97/300
[2023-11-09 01:08:45,991][root][INFO] - train:
[2023-11-09 01:09:32,789][root][INFO] - val:
[2023-11-09 01:09:34,415][root][INFO] - ===> epoch: 98/300
[2023-11-09 01:09:34,416][root][INFO] - train:
[2023-11-09 01:10:23,235][root][INFO] - val:
[2023-11-09 01:10:24,945][root][INFO] - Checkpoint saved to C:\Users\GeorgeS\Documents\facultate\master\projects\data\model_weights\CIFAR-10/PreResNet/OneCycleBS\2525\model_98_0.8888999819755554.pth
[2023-11-09 01:10:24,946][root][INFO] - ===> BEST Val/Accuracy PERFORMANCE: 0.88890
[2023-11-09 01:10:24,946][root][INFO] - ===> epoch: 99/300
[2023-11-09 01:10:24,947][root][INFO] - train:
[2023-11-09 01:11:12,644][root][INFO] - val:
[2023-11-09 01:11:14,243][root][INFO] - ===> epoch: 100/300
[2023-11-09 01:11:14,244][root][INFO] - train:
[2023-11-09 01:12:01,378][root][INFO] - val:
[2023-11-09 01:12:03,116][root][INFO] - Checkpoint saved to C:\Users\GeorgeS\Documents\facultate\master\projects\data\model_weights\CIFAR-10/PreResNet/OneCycleBS\2525\model_100_0.pth
[2023-11-09 01:12:03,116][root][INFO] - ===> epoch: 101/300
[2023-11-09 01:12:03,117][root][INFO] - train:
[2023-11-09 01:12:50,617][root][INFO] - val:
[2023-11-09 01:12:52,263][root][INFO] - ===> epoch: 102/300
[2023-11-09 01:12:52,263][root][INFO] - train:
[2023-11-09 01:13:39,678][root][INFO] - val:
[2023-11-09 01:13:41,270][root][INFO] - ===> epoch: 103/300
[2023-11-09 01:13:41,271][root][INFO] - train:
[2023-11-09 01:14:28,725][root][INFO] - val:
[2023-11-09 01:14:30,296][root][INFO] - Checkpoint saved to C:\Users\GeorgeS\Documents\facultate\master\projects\data\model_weights\CIFAR-10/PreResNet/OneCycleBS\2525\model_103_0.8894000053405762.pth
[2023-11-09 01:14:30,296][root][INFO] - ===> BEST Val/Accuracy PERFORMANCE: 0.88940
[2023-11-09 01:14:30,297][root][INFO] - ===> epoch: 104/300
[2023-11-09 01:14:30,297][root][INFO] - train:
[2023-11-09 01:15:17,428][root][INFO] - val:
[2023-11-09 01:15:19,065][root][INFO] - ===> epoch: 105/300
[2023-11-09 01:15:19,066][root][INFO] - train:
[2023-11-09 01:16:08,811][root][INFO] - val:
[2023-11-09 01:16:10,420][root][INFO] - ===> epoch: 106/300
[2023-11-09 01:16:10,420][root][INFO] - train:
[2023-11-09 01:16:57,515][root][INFO] - val:
[2023-11-09 01:16:59,101][root][INFO] - ===> epoch: 107/300
[2023-11-09 01:16:59,101][root][INFO] - train:
[2023-11-09 01:17:46,580][root][INFO] - val:
[2023-11-09 01:17:48,245][root][INFO] - ===> epoch: 108/300
[2023-11-09 01:17:48,246][root][INFO] - train:
[2023-11-09 01:18:35,132][root][INFO] - val:
[2023-11-09 01:18:36,877][root][INFO] - ===> epoch: 109/300
[2023-11-09 01:18:36,877][root][INFO] - train:
[2023-11-09 01:19:23,644][root][INFO] - val:
[2023-11-09 01:19:25,261][root][INFO] - ===> epoch: 110/300
[2023-11-09 01:19:25,261][root][INFO] - train:
[2023-11-09 01:20:12,266][root][INFO] - val:
[2023-11-09 01:20:13,941][root][INFO] - Checkpoint saved to C:\Users\GeorgeS\Documents\facultate\master\projects\data\model_weights\CIFAR-10/PreResNet/OneCycleBS\2525\model_110_0.pth
[2023-11-09 01:20:13,942][root][INFO] - ===> epoch: 111/300
[2023-11-09 01:20:13,943][root][INFO] - train:
[2023-11-09 01:21:01,191][root][INFO] - val:
[2023-11-09 01:21:02,802][root][INFO] - Checkpoint saved to C:\Users\GeorgeS\Documents\facultate\master\projects\data\model_weights\CIFAR-10/PreResNet/OneCycleBS\2525\model_111_0.8896999955177307.pth
[2023-11-09 01:21:02,802][root][INFO] - ===> BEST Val/Accuracy PERFORMANCE: 0.88970
[2023-11-09 01:21:02,803][root][INFO] - ===> epoch: 112/300
[2023-11-09 01:21:02,803][root][INFO] - train:
[2023-11-09 01:21:49,894][root][INFO] - val:
[2023-11-09 01:21:51,439][root][INFO] - ===> epoch: 113/300
[2023-11-09 01:21:51,439][root][INFO] - train:
[2023-11-09 01:22:38,761][root][INFO] - val:
[2023-11-09 01:22:40,418][root][INFO] - ===> epoch: 114/300
[2023-11-09 01:22:40,418][root][INFO] - train:
[2023-11-09 01:23:27,336][root][INFO] - val:
[2023-11-09 01:23:29,233][root][INFO] - ===> epoch: 115/300
[2023-11-09 01:23:29,234][root][INFO] - train:
[2023-11-09 01:24:16,193][root][INFO] - val:
[2023-11-09 01:24:17,706][root][INFO] - ===> epoch: 116/300
[2023-11-09 01:24:17,706][root][INFO] - train:
[2023-11-09 01:25:04,846][root][INFO] - val:
[2023-11-09 01:25:06,409][root][INFO] - ===> epoch: 117/300
[2023-11-09 01:25:06,409][root][INFO] - train:
[2023-11-09 01:25:53,661][root][INFO] - val:
[2023-11-09 01:25:55,240][root][INFO] - ===> epoch: 118/300
[2023-11-09 01:25:55,241][root][INFO] - train:
[2023-11-09 01:26:42,200][root][INFO] - val:
[2023-11-09 01:26:43,697][root][INFO] - ===> epoch: 119/300
[2023-11-09 01:26:43,697][root][INFO] - train:
[2023-11-09 01:27:30,981][root][INFO] - val:
[2023-11-09 01:27:32,574][root][INFO] - ===> epoch: 120/300
[2023-11-09 01:27:32,574][root][INFO] - train:
[2023-11-09 01:28:19,390][root][INFO] - val:
[2023-11-09 01:28:21,373][root][INFO] - Checkpoint saved to C:\Users\GeorgeS\Documents\facultate\master\projects\data\model_weights\CIFAR-10/PreResNet/OneCycleBS\2525\model_120_0.pth
[2023-11-09 01:28:21,373][root][INFO] - ===> epoch: 121/300
[2023-11-09 01:28:21,374][root][INFO] - train:
[2023-11-09 01:29:08,246][root][INFO] - val:
[2023-11-09 01:29:09,939][root][INFO] - ===> epoch: 122/300
[2023-11-09 01:29:09,939][root][INFO] - train:
[2023-11-09 01:29:57,164][root][INFO] - val:
[2023-11-09 01:29:58,731][root][INFO] - ===> epoch: 123/300
[2023-11-09 01:29:58,731][root][INFO] - train:
[2023-11-09 01:30:46,249][root][INFO] - val:
[2023-11-09 01:30:47,910][root][INFO] - ===> epoch: 124/300
[2023-11-09 01:30:47,911][root][INFO] - train:
[2023-11-09 01:31:35,357][root][INFO] - val:
[2023-11-09 01:31:36,854][root][INFO] - ===> epoch: 125/300
[2023-11-09 01:31:36,854][root][INFO] - train:
[2023-11-09 01:32:24,297][root][INFO] - val:
[2023-11-09 01:32:25,917][root][INFO] - ===> epoch: 126/300
[2023-11-09 01:32:25,918][root][INFO] - train:
[2023-11-09 01:33:10,093][root][INFO] - val:
[2023-11-09 01:33:11,745][root][INFO] - ===> epoch: 127/300
[2023-11-09 01:33:11,745][root][INFO] - train:
[2023-11-09 01:33:59,058][root][INFO] - val:
[2023-11-09 01:34:00,791][root][INFO] - Checkpoint saved to C:\Users\GeorgeS\Documents\facultate\master\projects\data\model_weights\CIFAR-10/PreResNet/OneCycleBS\2525\model_127_0.8902000188827515.pth
[2023-11-09 01:34:00,791][root][INFO] - ===> BEST Val/Accuracy PERFORMANCE: 0.89020
[2023-11-09 01:34:00,792][root][INFO] - ===> epoch: 128/300
[2023-11-09 01:34:00,792][root][INFO] - train:
[2023-11-09 01:34:48,194][root][INFO] - val:
[2023-11-09 01:34:49,774][root][INFO] - ===> epoch: 129/300
[2023-11-09 01:34:49,774][root][INFO] - train:
[2023-11-09 01:35:37,159][root][INFO] - val:
[2023-11-09 01:35:38,784][root][INFO] - Checkpoint saved to C:\Users\GeorgeS\Documents\facultate\master\projects\data\model_weights\CIFAR-10/PreResNet/OneCycleBS\2525\model_129_0.8924999833106995.pth
[2023-11-09 01:35:38,784][root][INFO] - ===> BEST Val/Accuracy PERFORMANCE: 0.89250
[2023-11-09 01:35:38,785][root][INFO] - ===> epoch: 130/300
[2023-11-09 01:35:38,785][root][INFO] - train:
[2023-11-09 01:36:26,374][root][INFO] - val:
[2023-11-09 01:36:27,909][root][INFO] - Checkpoint saved to C:\Users\GeorgeS\Documents\facultate\master\projects\data\model_weights\CIFAR-10/PreResNet/OneCycleBS\2525\model_130_0.pth
[2023-11-09 01:36:27,910][root][INFO] - ===> epoch: 131/300
[2023-11-09 01:36:27,911][root][INFO] - train:
[2023-11-09 01:37:15,342][root][INFO] - val:
[2023-11-09 01:37:17,083][root][INFO] - ===> epoch: 132/300
[2023-11-09 01:37:17,084][root][INFO] - train:
[2023-11-09 01:38:04,454][root][INFO] - val:
[2023-11-09 01:38:06,091][root][INFO] - ===> epoch: 133/300
[2023-11-09 01:38:06,091][root][INFO] - train:
[2023-11-09 01:38:50,369][root][INFO] - val:
[2023-11-09 01:38:51,882][root][INFO] - ===> epoch: 134/300
[2023-11-09 01:38:51,883][root][INFO] - train:
[2023-11-09 01:39:39,443][root][INFO] - val:
[2023-11-09 01:39:41,064][root][INFO] - ===> epoch: 135/300
[2023-11-09 01:39:41,065][root][INFO] - train:
[2023-11-09 01:40:28,858][root][INFO] - val:
[2023-11-09 01:40:30,421][root][INFO] - ===> epoch: 136/300
[2023-11-09 01:40:30,422][root][INFO] - train:
[2023-11-09 01:41:18,108][root][INFO] - val:
[2023-11-09 01:41:19,845][root][INFO] - ===> epoch: 137/300
[2023-11-09 01:41:19,845][root][INFO] - train:
[2023-11-09 01:42:07,207][root][INFO] - val:
[2023-11-09 01:42:08,754][root][INFO] - ===> epoch: 138/300
[2023-11-09 01:42:08,754][root][INFO] - train:
[2023-11-09 01:42:53,089][root][INFO] - val:
[2023-11-09 01:42:54,724][root][INFO] - ===> epoch: 139/300
[2023-11-09 01:42:54,724][root][INFO] - train:
[2023-11-09 01:43:42,386][root][INFO] - val:
[2023-11-09 01:43:44,060][root][INFO] - ===> epoch: 140/300
[2023-11-09 01:43:44,060][root][INFO] - train:
[2023-11-09 01:44:32,024][root][INFO] - val:
[2023-11-09 01:44:33,610][root][INFO] - Checkpoint saved to C:\Users\GeorgeS\Documents\facultate\master\projects\data\model_weights\CIFAR-10/PreResNet/OneCycleBS\2525\model_140_0.pth
[2023-11-09 01:44:33,611][root][INFO] - ===> epoch: 141/300
[2023-11-09 01:44:33,612][root][INFO] - train:
[2023-11-09 01:45:21,198][root][INFO] - val:
[2023-11-09 01:45:23,214][root][INFO] - ===> epoch: 142/300
[2023-11-09 01:45:23,214][root][INFO] - train:
[2023-11-09 01:46:07,184][root][INFO] - val:
[2023-11-09 01:46:08,691][root][INFO] - ===> epoch: 143/300
[2023-11-09 01:46:08,692][root][INFO] - train:
[2023-11-09 01:46:56,156][root][INFO] - val:
[2023-11-09 01:46:57,709][root][INFO] - ===> epoch: 144/300
[2023-11-09 01:46:57,709][root][INFO] - train:
[2023-11-09 01:47:45,328][root][INFO] - val:
[2023-11-09 01:47:46,898][root][INFO] - ===> epoch: 145/300
[2023-11-09 01:47:46,898][root][INFO] - train:
[2023-11-09 01:48:34,570][root][INFO] - val:
[2023-11-09 01:48:36,221][root][INFO] - ===> epoch: 146/300
[2023-11-09 01:48:36,221][root][INFO] - train:
[2023-11-09 01:49:20,669][root][INFO] - val:
[2023-11-09 01:49:22,141][root][INFO] - ===> epoch: 147/300
[2023-11-09 01:49:22,142][root][INFO] - train:
[2023-11-09 01:50:09,592][root][INFO] - val:
[2023-11-09 01:50:11,203][root][INFO] - ===> epoch: 148/300
[2023-11-09 01:50:11,203][root][INFO] - train:
[2023-11-09 01:50:58,987][root][INFO] - val:
[2023-11-09 01:51:00,535][root][INFO] - ===> epoch: 149/300
[2023-11-09 01:51:00,535][root][INFO] - train:
[2023-11-09 01:51:44,362][root][INFO] - val:
[2023-11-09 01:51:46,017][root][INFO] - ===> epoch: 150/300
[2023-11-09 01:51:46,017][root][INFO] - train:
[2023-11-09 01:52:33,447][root][INFO] - val:
[2023-11-09 01:52:35,075][root][INFO] - Checkpoint saved to C:\Users\GeorgeS\Documents\facultate\master\projects\data\model_weights\CIFAR-10/PreResNet/OneCycleBS\2525\model_150_0.8934999704360962.pth
[2023-11-09 01:52:35,075][root][INFO] - ===> BEST Val/Accuracy PERFORMANCE: 0.89350
[2023-11-09 01:52:35,117][root][INFO] - Checkpoint saved to C:\Users\GeorgeS\Documents\facultate\master\projects\data\model_weights\CIFAR-10/PreResNet/OneCycleBS\2525\model_150_0.pth
[2023-11-09 01:52:35,117][root][INFO] - ===> epoch: 151/300
[2023-11-09 01:52:35,118][root][INFO] - train:
[2023-11-09 01:53:22,502][root][INFO] - val:
[2023-11-09 01:53:24,165][root][INFO] - ===> epoch: 152/300
[2023-11-09 01:53:24,165][root][INFO] - train:
[2023-11-09 01:54:08,355][root][INFO] - val:
[2023-11-09 01:54:10,038][root][INFO] - ===> epoch: 153/300
[2023-11-09 01:54:10,038][root][INFO] - train:
[2023-11-09 01:54:57,988][root][INFO] - val:
[2023-11-09 01:54:59,547][root][INFO] - ===> epoch: 154/300
[2023-11-09 01:54:59,547][root][INFO] - train:
[2023-11-09 01:55:47,208][root][INFO] - val:
[2023-11-09 01:55:48,869][root][INFO] - ===> epoch: 155/300
[2023-11-09 01:55:48,870][root][INFO] - train:
[2023-11-09 01:56:32,975][root][INFO] - val:
[2023-11-09 01:56:34,529][root][INFO] - ===> epoch: 156/300
[2023-11-09 01:56:34,530][root][INFO] - train:
[2023-11-09 01:57:22,802][root][INFO] - val:
[2023-11-09 01:57:24,378][root][INFO] - ===> epoch: 157/300
[2023-11-09 01:57:24,379][root][INFO] - train:
[2023-11-09 01:58:12,166][root][INFO] - val:
[2023-11-09 01:58:13,735][root][INFO] - ===> epoch: 158/300
[2023-11-09 01:58:13,736][root][INFO] - train:
[2023-11-09 01:58:57,913][root][INFO] - val:
[2023-11-09 01:58:59,527][root][INFO] - ===> epoch: 159/300
[2023-11-09 01:58:59,528][root][INFO] - train:
[2023-11-09 01:59:47,116][root][INFO] - val:
[2023-11-09 01:59:49,047][root][INFO] - ===> epoch: 160/300
[2023-11-09 01:59:49,048][root][INFO] - train:
[2023-11-09 02:00:32,813][root][INFO] - val:
[2023-11-09 02:00:34,532][root][INFO] - Checkpoint saved to C:\Users\GeorgeS\Documents\facultate\master\projects\data\model_weights\CIFAR-10/PreResNet/OneCycleBS\2525\model_160_0.pth
[2023-11-09 02:00:34,533][root][INFO] - ===> epoch: 161/300
[2023-11-09 02:00:34,533][root][INFO] - train:
[2023-11-09 02:01:22,563][root][INFO] - val:
[2023-11-09 02:01:24,185][root][INFO] - ===> epoch: 162/300
[2023-11-09 02:01:24,186][root][INFO] - train:
[2023-11-09 02:02:12,066][root][INFO] - val:
[2023-11-09 02:02:13,692][root][INFO] - ===> epoch: 163/300
[2023-11-09 02:02:13,692][root][INFO] - train:
[2023-11-09 02:02:57,423][root][INFO] - val:
[2023-11-09 02:02:59,007][root][INFO] - ===> epoch: 164/300
[2023-11-09 02:02:59,007][root][INFO] - train:
[2023-11-09 02:03:46,772][root][INFO] - val:
[2023-11-09 02:03:48,279][root][INFO] - ===> epoch: 165/300
[2023-11-09 02:03:48,279][root][INFO] - train:
[2023-11-09 02:04:32,239][root][INFO] - val:
[2023-11-09 02:04:33,842][root][INFO] - ===> epoch: 166/300
[2023-11-09 02:04:33,842][root][INFO] - train:
[2023-11-09 02:05:21,720][root][INFO] - val:
[2023-11-09 02:05:23,346][root][INFO] - ===> epoch: 167/300
[2023-11-09 02:05:23,346][root][INFO] - train:
[2023-11-09 02:06:11,010][root][INFO] - val:
[2023-11-09 02:06:12,671][root][INFO] - ===> epoch: 168/300
[2023-11-09 02:06:12,671][root][INFO] - train:
[2023-11-09 02:06:56,372][root][INFO] - val:
[2023-11-09 02:06:57,982][root][INFO] - ===> epoch: 169/300
[2023-11-09 02:06:57,983][root][INFO] - train:
[2023-11-09 02:07:46,035][root][INFO] - val:
[2023-11-09 02:07:47,652][root][INFO] - ===> epoch: 170/300
[2023-11-09 02:07:47,652][root][INFO] - train:
[2023-11-09 02:08:31,461][root][INFO] - val:
[2023-11-09 02:08:33,175][root][INFO] - Checkpoint saved to C:\Users\GeorgeS\Documents\facultate\master\projects\data\model_weights\CIFAR-10/PreResNet/OneCycleBS\2525\model_170_0.pth
[2023-11-09 02:08:33,175][root][INFO] - ===> epoch: 171/300
[2023-11-09 02:08:33,176][root][INFO] - train:
[2023-11-09 02:09:21,174][root][INFO] - val:
[2023-11-09 02:09:22,861][root][INFO] - Checkpoint saved to C:\Users\GeorgeS\Documents\facultate\master\projects\data\model_weights\CIFAR-10/PreResNet/OneCycleBS\2525\model_171_0.8952999711036682.pth
[2023-11-09 02:09:22,861][root][INFO] - ===> BEST Val/Accuracy PERFORMANCE: 0.89530
[2023-11-09 02:09:22,862][root][INFO] - ===> epoch: 172/300
[2023-11-09 02:09:22,862][root][INFO] - train:
[2023-11-09 02:10:07,216][root][INFO] - val:
[2023-11-09 02:10:08,847][root][INFO] - ===> epoch: 173/300
[2023-11-09 02:10:08,848][root][INFO] - train:
[2023-11-09 02:10:56,512][root][INFO] - val:
[2023-11-09 02:10:58,165][root][INFO] - ===> epoch: 174/300
[2023-11-09 02:10:58,166][root][INFO] - train:
[2023-11-09 02:11:42,334][root][INFO] - val:
[2023-11-09 02:11:43,971][root][INFO] - ===> epoch: 175/300
[2023-11-09 02:11:43,972][root][INFO] - train:
[2023-11-09 02:12:32,018][root][INFO] - val:
[2023-11-09 02:12:33,656][root][INFO] - ===> epoch: 176/300
[2023-11-09 02:12:33,656][root][INFO] - train:
[2023-11-09 02:13:17,829][root][INFO] - val:
[2023-11-09 02:13:19,488][root][INFO] - ===> epoch: 177/300
[2023-11-09 02:13:19,488][root][INFO] - train:
[2023-11-09 02:14:07,064][root][INFO] - val:
[2023-11-09 02:14:08,649][root][INFO] - ===> epoch: 178/300
[2023-11-09 02:14:08,649][root][INFO] - train:
[2023-11-09 02:14:52,752][root][INFO] - val:
[2023-11-09 02:14:54,267][root][INFO] - ===> epoch: 179/300
[2023-11-09 02:14:54,268][root][INFO] - train:
[2023-11-09 02:15:42,157][root][INFO] - val:
[2023-11-09 02:15:43,808][root][INFO] - ===> epoch: 180/300
[2023-11-09 02:15:43,808][root][INFO] - train:
[2023-11-09 02:16:27,935][root][INFO] - val:
[2023-11-09 02:16:29,525][root][INFO] - Checkpoint saved to C:\Users\GeorgeS\Documents\facultate\master\projects\data\model_weights\CIFAR-10/PreResNet/OneCycleBS\2525\model_180_0.pth
[2023-11-09 02:16:29,526][root][INFO] - ===> epoch: 181/300
[2023-11-09 02:16:29,527][root][INFO] - train:
[2023-11-09 02:17:17,890][root][INFO] - val:
[2023-11-09 02:17:19,476][root][INFO] - ===> epoch: 182/300
[2023-11-09 02:17:19,476][root][INFO] - train:
[2023-11-09 02:18:03,541][root][INFO] - val:
[2023-11-09 02:18:05,130][root][INFO] - ===> epoch: 183/300
[2023-11-09 02:18:05,130][root][INFO] - train:
[2023-11-09 02:18:53,031][root][INFO] - val:
[2023-11-09 02:18:54,632][root][INFO] - ===> epoch: 184/300
[2023-11-09 02:18:54,633][root][INFO] - train:
[2023-11-09 02:19:38,506][root][INFO] - val:
[2023-11-09 02:19:40,127][root][INFO] - ===> epoch: 185/300
[2023-11-09 02:19:40,127][root][INFO] - train:
[2023-11-09 02:20:24,095][root][INFO] - val:
[2023-11-09 02:20:25,655][root][INFO] - ===> epoch: 186/300
[2023-11-09 02:20:25,655][root][INFO] - train:
[2023-11-09 02:21:13,797][root][INFO] - val:
[2023-11-09 02:21:15,433][root][INFO] - ===> epoch: 187/300
[2023-11-09 02:21:15,434][root][INFO] - train:
[2023-11-09 02:21:59,304][root][INFO] - val:
[2023-11-09 02:22:00,931][root][INFO] - ===> epoch: 188/300
[2023-11-09 02:22:00,932][root][INFO] - train:
[2023-11-09 02:22:48,856][root][INFO] - val:
[2023-11-09 02:22:50,430][root][INFO] - ===> epoch: 189/300
[2023-11-09 02:22:50,430][root][INFO] - train:
[2023-11-09 02:23:34,272][root][INFO] - val:
[2023-11-09 02:23:36,085][root][INFO] - ===> epoch: 190/300
[2023-11-09 02:23:36,085][root][INFO] - train:
[2023-11-09 02:24:23,569][root][INFO] - val:
[2023-11-09 02:24:25,274][root][INFO] - Checkpoint saved to C:\Users\GeorgeS\Documents\facultate\master\projects\data\model_weights\CIFAR-10/PreResNet/OneCycleBS\2525\model_190_0.pth
[2023-11-09 02:24:25,275][root][INFO] - ===> epoch: 191/300
[2023-11-09 02:24:25,275][root][INFO] - train:
[2023-11-09 02:25:09,074][root][INFO] - val:
[2023-11-09 02:25:10,742][root][INFO] - ===> epoch: 192/300
[2023-11-09 02:25:10,742][root][INFO] - train:
[2023-11-09 02:25:54,477][root][INFO] - val:
[2023-11-09 02:25:55,983][root][INFO] - ===> epoch: 193/300
[2023-11-09 02:25:55,984][root][INFO] - train:
[2023-11-09 02:26:44,068][root][INFO] - val:
[2023-11-09 02:26:45,710][root][INFO] - ===> epoch: 194/300
[2023-11-09 02:26:45,710][root][INFO] - train:
[2023-11-09 02:27:29,645][root][INFO] - val:
[2023-11-09 02:27:31,168][root][INFO] - ===> epoch: 195/300
[2023-11-09 02:27:31,168][root][INFO] - train:
[2023-11-09 02:28:15,139][root][INFO] - val:
[2023-11-09 02:28:16,719][root][INFO] - ===> epoch: 196/300
[2023-11-09 02:28:16,719][root][INFO] - train:
[2023-11-09 02:29:04,745][root][INFO] - val:
[2023-11-09 02:29:06,403][root][INFO] - ===> epoch: 197/300
[2023-11-09 02:29:06,403][root][INFO] - train:
[2023-11-09 02:29:50,338][root][INFO] - val:
[2023-11-09 02:29:51,885][root][INFO] - ===> epoch: 198/300
[2023-11-09 02:29:51,886][root][INFO] - train:
[2023-11-09 02:30:39,372][root][INFO] - val:
[2023-11-09 02:30:41,028][root][INFO] - ===> epoch: 199/300
[2023-11-09 02:30:41,029][root][INFO] - train:
[2023-11-09 02:31:24,865][root][INFO] - val:
[2023-11-09 02:31:26,527][root][INFO] - ===> epoch: 200/300
[2023-11-09 02:31:26,527][root][INFO] - train:
[2023-11-09 02:32:10,351][root][INFO] - val:
[2023-11-09 02:32:12,037][root][INFO] - Checkpoint saved to C:\Users\GeorgeS\Documents\facultate\master\projects\data\model_weights\CIFAR-10/PreResNet/OneCycleBS\2525\model_200_0.pth
[2023-11-09 02:32:12,038][root][INFO] - ===> epoch: 201/300
[2023-11-09 02:32:12,038][root][INFO] - train:
[2023-11-09 02:33:00,055][root][INFO] - val:
[2023-11-09 02:33:01,685][root][INFO] - ===> epoch: 202/300
[2023-11-09 02:33:01,686][root][INFO] - train:
[2023-11-09 02:33:45,532][root][INFO] - val:
[2023-11-09 02:33:47,170][root][INFO] - ===> epoch: 203/300
[2023-11-09 02:33:47,170][root][INFO] - train:
[2023-11-09 02:34:31,066][root][INFO] - val:
[2023-11-09 02:34:32,680][root][INFO] - ===> epoch: 204/300
[2023-11-09 02:34:32,681][root][INFO] - train:
[2023-11-09 02:35:20,307][root][INFO] - val:
[2023-11-09 02:35:21,865][root][INFO] - ===> epoch: 205/300
[2023-11-09 02:35:21,866][root][INFO] - train:
[2023-11-09 02:36:04,725][root][INFO] - val:
[2023-11-09 02:36:06,339][root][INFO] - ===> epoch: 206/300
[2023-11-09 02:36:06,340][root][INFO] - train:
[2023-11-09 02:36:49,526][root][INFO] - val:
[2023-11-09 02:36:51,143][root][INFO] - ===> epoch: 207/300
[2023-11-09 02:36:51,144][root][INFO] - train:
[2023-11-09 02:37:38,169][root][INFO] - val:
[2023-11-09 02:37:39,812][root][INFO] - ===> epoch: 208/300
[2023-11-09 02:37:39,813][root][INFO] - train:
[2023-11-09 02:38:22,894][root][INFO] - val:
[2023-11-09 02:38:24,485][root][INFO] - ===> epoch: 209/300
[2023-11-09 02:38:24,485][root][INFO] - train:
[2023-11-09 02:39:07,874][root][INFO] - val:
[2023-11-09 02:39:09,451][root][INFO] - ===> epoch: 210/300
[2023-11-09 02:39:09,452][root][INFO] - train:
[2023-11-09 02:39:52,589][root][INFO] - val:
[2023-11-09 02:39:54,323][root][INFO] - Checkpoint saved to C:\Users\GeorgeS\Documents\facultate\master\projects\data\model_weights\CIFAR-10/PreResNet/OneCycleBS\2525\model_210_0.pth
[2023-11-09 02:39:54,323][root][INFO] - ===> epoch: 211/300
[2023-11-09 02:39:54,324][root][INFO] - train:
[2023-11-09 02:40:41,296][root][INFO] - val:
[2023-11-09 02:40:43,246][root][INFO] - ===> epoch: 212/300
[2023-11-09 02:40:43,247][root][INFO] - train:
[2023-11-09 02:41:26,090][root][INFO] - val:
[2023-11-09 02:41:28,028][root][INFO] - ===> epoch: 213/300
[2023-11-09 02:41:28,028][root][INFO] - train:
[2023-11-09 02:42:10,914][root][INFO] - val:
[2023-11-09 02:42:12,569][root][INFO] - ===> epoch: 214/300
[2023-11-09 02:42:12,570][root][INFO] - train:
[2023-11-09 02:42:59,851][root][INFO] - val:
[2023-11-09 02:43:01,450][root][INFO] - Checkpoint saved to C:\Users\GeorgeS\Documents\facultate\master\projects\data\model_weights\CIFAR-10/PreResNet/OneCycleBS\2525\model_214_0.8967999815940857.pth
[2023-11-09 02:43:01,451][root][INFO] - ===> BEST Val/Accuracy PERFORMANCE: 0.89680
[2023-11-09 02:43:01,451][root][INFO] - ===> epoch: 215/300
[2023-11-09 02:43:01,451][root][INFO] - train:
[2023-11-09 02:43:44,499][root][INFO] - val:
[2023-11-09 02:43:46,060][root][INFO] - ===> epoch: 216/300
[2023-11-09 02:43:46,061][root][INFO] - train:
[2023-11-09 02:44:29,440][root][INFO] - val:
[2023-11-09 02:44:31,042][root][INFO] - ===> epoch: 217/300
[2023-11-09 02:44:31,042][root][INFO] - train:
[2023-11-09 02:45:14,316][root][INFO] - val:
[2023-11-09 02:45:15,819][root][INFO] - ===> epoch: 218/300
[2023-11-09 02:45:15,820][root][INFO] - train:
[2023-11-09 02:46:03,144][root][INFO] - val:
[2023-11-09 02:46:04,628][root][INFO] - ===> epoch: 219/300
[2023-11-09 02:46:04,628][root][INFO] - train:
[2023-11-09 02:46:47,396][root][INFO] - val:
[2023-11-09 02:46:49,396][root][INFO] - ===> epoch: 220/300
[2023-11-09 02:46:49,396][root][INFO] - train:
[2023-11-09 02:47:32,239][root][INFO] - val:
[2023-11-09 02:47:33,852][root][INFO] - Checkpoint saved to C:\Users\GeorgeS\Documents\facultate\master\projects\data\model_weights\CIFAR-10/PreResNet/OneCycleBS\2525\model_220_0.pth
[2023-11-09 02:47:33,853][root][INFO] - ===> epoch: 221/300
[2023-11-09 02:47:33,853][root][INFO] - train:
[2023-11-09 02:48:16,719][root][INFO] - val:
[2023-11-09 02:48:18,315][root][INFO] - ===> epoch: 222/300
[2023-11-09 02:48:18,315][root][INFO] - train:
[2023-11-09 02:49:05,675][root][INFO] - val:
[2023-11-09 02:49:07,308][root][INFO] - ===> epoch: 223/300
[2023-11-09 02:49:07,309][root][INFO] - train:
[2023-11-09 02:49:50,430][root][INFO] - val:
[2023-11-09 02:49:51,980][root][INFO] - ===> epoch: 224/300
[2023-11-09 02:49:51,981][root][INFO] - train:
[2023-11-09 02:50:35,147][root][INFO] - val:
[2023-11-09 02:50:36,766][root][INFO] - ===> epoch: 225/300
[2023-11-09 02:50:36,766][root][INFO] - train:
[2023-11-09 02:51:20,031][root][INFO] - val:
[2023-11-09 02:51:21,606][root][INFO] - ===> epoch: 226/300
[2023-11-09 02:51:21,607][root][INFO] - train:
[2023-11-09 02:52:04,239][root][INFO] - val:
[2023-11-09 02:52:06,241][root][INFO] - ===> epoch: 227/300
[2023-11-09 02:52:06,242][root][INFO] - train:
[2023-11-09 02:52:53,293][root][INFO] - val:
[2023-11-09 02:52:54,907][root][INFO] - ===> epoch: 228/300
[2023-11-09 02:52:54,907][root][INFO] - train:
[2023-11-09 02:53:38,013][root][INFO] - val:
[2023-11-09 02:53:39,569][root][INFO] - ===> epoch: 229/300
[2023-11-09 02:53:39,569][root][INFO] - train:
[2023-11-09 02:54:22,441][root][INFO] - val:
[2023-11-09 02:54:24,047][root][INFO] - ===> epoch: 230/300
[2023-11-09 02:54:24,048][root][INFO] - train:
[2023-11-09 02:55:07,008][root][INFO] - val:
[2023-11-09 02:55:08,582][root][INFO] - Checkpoint saved to C:\Users\GeorgeS\Documents\facultate\master\projects\data\model_weights\CIFAR-10/PreResNet/OneCycleBS\2525\model_230_0.pth
[2023-11-09 02:55:08,582][root][INFO] - ===> epoch: 231/300
[2023-11-09 02:55:08,583][root][INFO] - train:
[2023-11-09 02:55:51,541][root][INFO] - val:
[2023-11-09 02:55:53,190][root][INFO] - ===> epoch: 232/300
[2023-11-09 02:55:53,190][root][INFO] - train:
[2023-11-09 02:56:36,130][root][INFO] - val:
[2023-11-09 02:56:37,683][root][INFO] - ===> epoch: 233/300
[2023-11-09 02:56:37,683][root][INFO] - train:
[2023-11-09 02:57:25,151][root][INFO] - val:
[2023-11-09 02:57:26,701][root][INFO] - ===> epoch: 234/300
[2023-11-09 02:57:26,702][root][INFO] - train:
[2023-11-09 02:58:09,320][root][INFO] - val:
[2023-11-09 02:58:10,961][root][INFO] - ===> epoch: 235/300
[2023-11-09 02:58:10,961][root][INFO] - train:
[2023-11-09 02:58:53,389][root][INFO] - val:
[2023-11-09 02:58:55,154][root][INFO] - ===> epoch: 236/300
[2023-11-09 02:58:55,154][root][INFO] - train:
[2023-11-09 02:59:37,832][root][INFO] - val:
[2023-11-09 02:59:39,438][root][INFO] - ===> epoch: 237/300
[2023-11-09 02:59:39,438][root][INFO] - train:
[2023-11-09 03:00:22,285][root][INFO] - val:
[2023-11-09 03:00:23,930][root][INFO] - ===> epoch: 238/300
[2023-11-09 03:00:23,931][root][INFO] - train:
[2023-11-09 03:01:06,946][root][INFO] - val:
[2023-11-09 03:01:08,560][root][INFO] - ===> epoch: 239/300
[2023-11-09 03:01:08,560][root][INFO] - train:
[2023-11-09 03:01:51,421][root][INFO] - val:
[2023-11-09 03:01:53,046][root][INFO] - ===> epoch: 240/300
[2023-11-09 03:01:53,047][root][INFO] - train:
[2023-11-09 03:02:40,470][root][INFO] - val:
[2023-11-09 03:02:42,079][root][INFO] - Checkpoint saved to C:\Users\GeorgeS\Documents\facultate\master\projects\data\model_weights\CIFAR-10/PreResNet/OneCycleBS\2525\model_240_0.pth
[2023-11-09 03:02:42,079][root][INFO] - ===> epoch: 241/300
[2023-11-09 03:02:42,080][root][INFO] - train:
[2023-11-09 03:03:25,106][root][INFO] - val:
[2023-11-09 03:03:26,714][root][INFO] - ===> epoch: 242/300
[2023-11-09 03:03:26,715][root][INFO] - train:
[2023-11-09 03:04:09,617][root][INFO] - val:
[2023-11-09 03:04:11,205][root][INFO] - ===> epoch: 243/300
[2023-11-09 03:04:11,206][root][INFO] - train:
[2023-11-09 03:04:53,875][root][INFO] - val:
[2023-11-09 03:04:55,515][root][INFO] - ===> epoch: 244/300
[2023-11-09 03:04:55,516][root][INFO] - train:
[2023-11-09 03:05:38,365][root][INFO] - val:
[2023-11-09 03:05:39,987][root][INFO] - ===> epoch: 245/300
[2023-11-09 03:05:39,987][root][INFO] - train:
[2023-11-09 03:06:23,020][root][INFO] - val:
[2023-11-09 03:06:24,650][root][INFO] - ===> epoch: 246/300
[2023-11-09 03:06:24,650][root][INFO] - train:
[2023-11-09 03:07:07,588][root][INFO] - val:
[2023-11-09 03:07:09,153][root][INFO] - ===> epoch: 247/300
[2023-11-09 03:07:09,154][root][INFO] - train:
[2023-11-09 03:07:52,179][root][INFO] - val:
[2023-11-09 03:07:53,795][root][INFO] - ===> epoch: 248/300
[2023-11-09 03:07:53,796][root][INFO] - train:
[2023-11-09 03:08:36,812][root][INFO] - val:
[2023-11-09 03:08:38,436][root][INFO] - ===> epoch: 249/300
[2023-11-09 03:08:38,436][root][INFO] - train:
[2023-11-09 03:09:21,417][root][INFO] - val:
[2023-11-09 03:09:23,100][root][INFO] - ===> epoch: 250/300
[2023-11-09 03:09:23,101][root][INFO] - train:
[2023-11-09 03:10:09,996][root][INFO] - val:
[2023-11-09 03:10:11,654][root][INFO] - Checkpoint saved to C:\Users\GeorgeS\Documents\facultate\master\projects\data\model_weights\CIFAR-10/PreResNet/OneCycleBS\2525\model_250_0.pth
[2023-11-09 03:10:11,655][root][INFO] - ===> epoch: 251/300
[2023-11-09 03:10:11,655][root][INFO] - train:
[2023-11-09 03:10:54,532][root][INFO] - val:
[2023-11-09 03:10:56,091][root][INFO] - ===> epoch: 252/300
[2023-11-09 03:10:56,091][root][INFO] - train:
[2023-11-09 03:11:39,140][root][INFO] - val:
[2023-11-09 03:11:40,734][root][INFO] - ===> epoch: 253/300
[2023-11-09 03:11:40,734][root][INFO] - train:
[2023-11-09 03:12:23,899][root][INFO] - val:
[2023-11-09 03:12:25,558][root][INFO] - ===> epoch: 254/300
[2023-11-09 03:12:25,558][root][INFO] - train:
[2023-11-09 03:13:08,662][root][INFO] - val:
[2023-11-09 03:13:10,192][root][INFO] - ===> epoch: 255/300
[2023-11-09 03:13:10,193][root][INFO] - train:
[2023-11-09 03:13:53,016][root][INFO] - val:
[2023-11-09 03:13:54,698][root][INFO] - ===> epoch: 256/300
[2023-11-09 03:13:54,699][root][INFO] - train:
[2023-11-09 03:14:37,334][root][INFO] - val:
[2023-11-09 03:14:39,169][root][INFO] - ===> epoch: 257/300
[2023-11-09 03:14:39,170][root][INFO] - train:
[2023-11-09 03:15:21,736][root][INFO] - val:
[2023-11-09 03:15:23,623][root][INFO] - ===> epoch: 258/300
[2023-11-09 03:15:23,623][root][INFO] - train:
[2023-11-09 03:16:05,971][root][INFO] - val:
[2023-11-09 03:16:07,620][root][INFO] - ===> epoch: 259/300
[2023-11-09 03:16:07,621][root][INFO] - train:
[2023-11-09 03:16:50,391][root][INFO] - val:
[2023-11-09 03:16:51,976][root][INFO] - ===> epoch: 260/300
[2023-11-09 03:16:51,976][root][INFO] - train:
[2023-11-09 03:17:34,995][root][INFO] - val:
[2023-11-09 03:17:36,653][root][INFO] - Checkpoint saved to C:\Users\GeorgeS\Documents\facultate\master\projects\data\model_weights\CIFAR-10/PreResNet/OneCycleBS\2525\model_260_0.pth
[2023-11-09 03:17:36,654][root][INFO] - ===> epoch: 261/300
[2023-11-09 03:17:36,655][root][INFO] - train:
[2023-11-09 03:18:19,769][root][INFO] - val:
[2023-11-09 03:18:21,437][root][INFO] - ===> epoch: 262/300
[2023-11-09 03:18:21,438][root][INFO] - train:
[2023-11-09 03:19:04,411][root][INFO] - val:
[2023-11-09 03:19:06,080][root][INFO] - ===> epoch: 263/300
[2023-11-09 03:19:06,080][root][INFO] - train:
[2023-11-09 03:19:49,073][root][INFO] - val:
[2023-11-09 03:19:50,727][root][INFO] - ===> epoch: 264/300
[2023-11-09 03:19:50,727][root][INFO] - train:
[2023-11-09 03:20:33,279][root][INFO] - val:
[2023-11-09 03:20:35,178][root][INFO] - ===> epoch: 265/300
[2023-11-09 03:20:35,178][root][INFO] - train:
[2023-11-09 03:21:17,786][root][INFO] - val:
[2023-11-09 03:21:19,373][root][INFO] - ===> epoch: 266/300
[2023-11-09 03:21:19,373][root][INFO] - train:
[2023-11-09 03:22:02,322][root][INFO] - val:
[2023-11-09 03:22:03,996][root][INFO] - ===> epoch: 267/300
[2023-11-09 03:22:03,996][root][INFO] - train:
[2023-11-09 03:22:46,766][root][INFO] - val:
[2023-11-09 03:22:48,328][root][INFO] - ===> epoch: 268/300
[2023-11-09 03:22:48,328][root][INFO] - train:
[2023-11-09 03:23:31,377][root][INFO] - val:
[2023-11-09 03:23:32,984][root][INFO] - ===> epoch: 269/300
[2023-11-09 03:23:32,984][root][INFO] - train:
[2023-11-09 03:24:15,699][root][INFO] - val:
[2023-11-09 03:24:17,305][root][INFO] - ===> epoch: 270/300
[2023-11-09 03:24:17,306][root][INFO] - train:
[2023-11-09 03:25:00,223][root][INFO] - val:
[2023-11-09 03:25:01,848][root][INFO] - Checkpoint saved to C:\Users\GeorgeS\Documents\facultate\master\projects\data\model_weights\CIFAR-10/PreResNet/OneCycleBS\2525\model_270_0.pth
[2023-11-09 03:25:01,849][root][INFO] - ===> epoch: 271/300
[2023-11-09 03:25:01,849][root][INFO] - train:
[2023-11-09 03:25:44,862][root][INFO] - val:
[2023-11-09 03:25:46,464][root][INFO] - ===> epoch: 272/300
[2023-11-09 03:25:46,464][root][INFO] - train:
[2023-11-09 03:26:28,859][root][INFO] - val:
[2023-11-09 03:26:30,436][root][INFO] - ===> epoch: 273/300
[2023-11-09 03:26:30,436][root][INFO] - train:
[2023-11-09 03:27:13,435][root][INFO] - val:
[2023-11-09 03:27:15,073][root][INFO] - ===> epoch: 274/300
[2023-11-09 03:27:15,074][root][INFO] - train:
[2023-11-09 03:27:57,764][root][INFO] - val:
[2023-11-09 03:27:59,405][root][INFO] - ===> epoch: 275/300
[2023-11-09 03:27:59,406][root][INFO] - train:
[2023-11-09 03:28:42,443][root][INFO] - val:
[2023-11-09 03:28:44,060][root][INFO] - ===> epoch: 276/300
[2023-11-09 03:28:44,061][root][INFO] - train:
[2023-11-09 03:29:26,960][root][INFO] - val:
[2023-11-09 03:29:28,552][root][INFO] - ===> epoch: 277/300
[2023-11-09 03:29:28,553][root][INFO] - train:
[2023-11-09 03:30:11,366][root][INFO] - val:
[2023-11-09 03:30:13,024][root][INFO] - ===> epoch: 278/300
[2023-11-09 03:30:13,024][root][INFO] - train:
[2023-11-09 03:30:55,511][root][INFO] - val:
[2023-11-09 03:30:57,314][root][INFO] - ===> epoch: 279/300
[2023-11-09 03:30:57,315][root][INFO] - train:
[2023-11-09 03:31:39,893][root][INFO] - val:
[2023-11-09 03:31:41,508][root][INFO] - ===> epoch: 280/300
[2023-11-09 03:31:41,508][root][INFO] - train:
[2023-11-09 03:32:24,572][root][INFO] - val:
[2023-11-09 03:32:26,189][root][INFO] - Checkpoint saved to C:\Users\GeorgeS\Documents\facultate\master\projects\data\model_weights\CIFAR-10/PreResNet/OneCycleBS\2525\model_280_0.pth
[2023-11-09 03:32:26,190][root][INFO] - ===> epoch: 281/300
[2023-11-09 03:32:26,191][root][INFO] - train:
[2023-11-09 03:33:09,310][root][INFO] - val:
[2023-11-09 03:33:10,984][root][INFO] - ===> epoch: 282/300
[2023-11-09 03:33:10,984][root][INFO] - train:
[2023-11-09 03:33:53,895][root][INFO] - val:
[2023-11-09 03:33:55,471][root][INFO] - ===> epoch: 283/300
[2023-11-09 03:33:55,472][root][INFO] - train:
[2023-11-09 03:34:38,525][root][INFO] - val:
[2023-11-09 03:34:40,128][root][INFO] - ===> epoch: 284/300
[2023-11-09 03:34:40,128][root][INFO] - train:
[2023-11-09 03:35:23,194][root][INFO] - val:
[2023-11-09 03:35:24,804][root][INFO] - ===> epoch: 285/300
[2023-11-09 03:35:24,805][root][INFO] - train:
[2023-11-09 03:36:07,681][root][INFO] - val:
[2023-11-09 03:36:09,263][root][INFO] - ===> epoch: 286/300
[2023-11-09 03:36:09,263][root][INFO] - train:
[2023-11-09 03:36:51,768][root][INFO] - val:
[2023-11-09 03:36:53,412][root][INFO] - ===> epoch: 287/300
[2023-11-09 03:36:53,413][root][INFO] - train:
[2023-11-09 03:37:36,392][root][INFO] - val:
[2023-11-09 03:37:38,072][root][INFO] - ===> epoch: 288/300
[2023-11-09 03:37:38,072][root][INFO] - train:
[2023-11-09 03:38:20,829][root][INFO] - val:
[2023-11-09 03:38:22,332][root][INFO] - ===> epoch: 289/300
[2023-11-09 03:38:22,332][root][INFO] - train:
[2023-11-09 03:39:05,241][root][INFO] - val:
[2023-11-09 03:39:06,865][root][INFO] - ===> epoch: 290/300
[2023-11-09 03:39:06,865][root][INFO] - train:
[2023-11-09 03:39:49,879][root][INFO] - val:
[2023-11-09 03:39:51,538][root][INFO] - Checkpoint saved to C:\Users\GeorgeS\Documents\facultate\master\projects\data\model_weights\CIFAR-10/PreResNet/OneCycleBS\2525\model_290_0.pth
[2023-11-09 03:39:51,539][root][INFO] - ===> epoch: 291/300
[2023-11-09 03:39:51,539][root][INFO] - train:
[2023-11-09 03:40:34,524][root][INFO] - val:
[2023-11-09 03:40:36,162][root][INFO] - ===> epoch: 292/300
[2023-11-09 03:40:36,162][root][INFO] - train:
[2023-11-09 03:41:18,553][root][INFO] - val:
[2023-11-09 03:41:20,155][root][INFO] - ===> epoch: 293/300
[2023-11-09 03:41:20,156][root][INFO] - train:
[2023-11-09 03:42:03,024][root][INFO] - val:
[2023-11-09 03:42:04,661][root][INFO] - ===> epoch: 294/300
[2023-11-09 03:42:04,662][root][INFO] - train:
[2023-11-09 03:42:47,294][root][INFO] - val:
[2023-11-09 03:42:48,945][root][INFO] - ===> epoch: 295/300
[2023-11-09 03:42:48,946][root][INFO] - train:
[2023-11-09 03:43:31,941][root][INFO] - val:
[2023-11-09 03:43:33,632][root][INFO] - ===> epoch: 296/300
[2023-11-09 03:43:33,633][root][INFO] - train:
[2023-11-09 03:44:16,462][root][INFO] - val:
[2023-11-09 03:44:18,095][root][INFO] - ===> epoch: 297/300
[2023-11-09 03:44:18,096][root][INFO] - train:
[2023-11-09 03:45:00,963][root][INFO] - val:
[2023-11-09 03:45:02,409][root][INFO] - ===> epoch: 298/300
[2023-11-09 03:45:02,410][root][INFO] - train:
[2023-11-09 03:45:45,297][root][INFO] - val:
[2023-11-09 03:45:46,898][root][INFO] - ===> epoch: 299/300
[2023-11-09 03:45:46,898][root][INFO] - train:
[2023-11-09 03:46:29,441][root][INFO] - val:
[2023-11-09 03:46:31,471][root][INFO] - ===> BEST Val/Accuracy PERFORMANCE: 0.89680
[2023-11-09 03:46:54,160][root][INFO] - Saved best accuracy checkpoint
