[2023-11-04 20:14:58,144][root][INFO] - Saving current code to C:\Users\GeorgeS\Documents\facultate\master\projects\Pytorch-Template\outputs\2023-11-04\20-14-57\runs\CIFAR-10/PreResNet/CyclicLR\2525
[2023-11-04 20:14:58,361][root][INFO] - Loading train_dataset!
[2023-11-04 20:15:56,340][root][INFO] - Loading val_dataset!
[2023-11-04 20:16:08,488][root][INFO] - ===> epoch: 1/300
[2023-11-04 20:16:08,488][root][INFO] - train:
[2023-11-04 20:17:41,768][root][INFO] - val:
[2023-11-04 20:17:46,779][root][INFO] - Checkpoint saved to C:\Users\GeorgeS\Documents\facultate\master\projects\data\model_weights\CIFAR-10/PreResNet/CyclicLR\2525\model_1_0.46970000863075256.pth
[2023-11-04 20:17:46,780][root][INFO] - ===> BEST Val/Accuracy PERFORMANCE: 0.46970
[2023-11-04 20:17:46,780][root][INFO] - ===> epoch: 2/300
[2023-11-04 20:17:46,781][root][INFO] - train:
[2023-11-04 20:19:17,326][root][INFO] - val:
[2023-11-04 20:19:19,384][root][INFO] - Checkpoint saved to C:\Users\GeorgeS\Documents\facultate\master\projects\data\model_weights\CIFAR-10/PreResNet/CyclicLR\2525\model_2_0.5641999840736389.pth
[2023-11-04 20:19:19,385][root][INFO] - ===> BEST Val/Accuracy PERFORMANCE: 0.56420
[2023-11-04 20:19:19,386][root][INFO] - ===> epoch: 3/300
[2023-11-04 20:19:19,387][root][INFO] - train:
[2023-11-04 20:20:51,232][root][INFO] - val:
[2023-11-04 20:20:53,196][root][INFO] - ===> epoch: 4/300
[2023-11-04 20:20:53,197][root][INFO] - train:
[2023-11-04 20:22:24,547][root][INFO] - val:
[2023-11-04 20:22:26,522][root][INFO] - Checkpoint saved to C:\Users\GeorgeS\Documents\facultate\master\projects\data\model_weights\CIFAR-10/PreResNet/CyclicLR\2525\model_4_0.6256999969482422.pth
[2023-11-04 20:22:26,523][root][INFO] - ===> BEST Val/Accuracy PERFORMANCE: 0.62570
[2023-11-04 20:22:26,524][root][INFO] - ===> epoch: 5/300
[2023-11-04 20:22:26,524][root][INFO] - train:
[2023-11-04 20:23:59,128][root][INFO] - val:
[2023-11-04 20:24:01,140][root][INFO] - Checkpoint saved to C:\Users\GeorgeS\Documents\facultate\master\projects\data\model_weights\CIFAR-10/PreResNet/CyclicLR\2525\model_5_0.692300021648407.pth
[2023-11-04 20:24:01,141][root][INFO] - ===> BEST Val/Accuracy PERFORMANCE: 0.69230
[2023-11-04 20:24:01,142][root][INFO] - ===> epoch: 6/300
[2023-11-04 20:24:01,142][root][INFO] - train:
[2023-11-04 20:25:33,652][root][INFO] - val:
[2023-11-04 20:25:35,705][root][INFO] - Checkpoint saved to C:\Users\GeorgeS\Documents\facultate\master\projects\data\model_weights\CIFAR-10/PreResNet/CyclicLR\2525\model_6_0.7508999705314636.pth
[2023-11-04 20:25:35,706][root][INFO] - ===> BEST Val/Accuracy PERFORMANCE: 0.75090
[2023-11-04 20:25:35,707][root][INFO] - ===> epoch: 7/300
[2023-11-04 20:25:35,707][root][INFO] - train:
[2023-11-04 20:27:07,975][root][INFO] - val:
[2023-11-04 20:27:10,016][root][INFO] - Checkpoint saved to C:\Users\GeorgeS\Documents\facultate\master\projects\data\model_weights\CIFAR-10/PreResNet/CyclicLR\2525\model_7_0.7700999975204468.pth
[2023-11-04 20:27:10,016][root][INFO] - ===> BEST Val/Accuracy PERFORMANCE: 0.77010
[2023-11-04 20:27:10,017][root][INFO] - ===> epoch: 8/300
[2023-11-04 20:27:10,018][root][INFO] - train:
[2023-11-04 20:28:44,299][root][INFO] - val:
[2023-11-04 20:28:46,289][root][INFO] - ===> epoch: 9/300
[2023-11-04 20:28:46,289][root][INFO] - train:
[2023-11-04 20:30:17,885][root][INFO] - val:
[2023-11-04 20:30:19,837][root][INFO] - ===> epoch: 10/300
[2023-11-04 20:30:19,837][root][INFO] - train:
[2023-11-04 20:31:52,834][root][INFO] - val:
[2023-11-04 20:31:54,874][root][INFO] - Checkpoint saved to C:\Users\GeorgeS\Documents\facultate\master\projects\data\model_weights\CIFAR-10/PreResNet/CyclicLR\2525\model_10_0.pth
[2023-11-04 20:31:54,875][root][INFO] - ===> epoch: 11/300
[2023-11-04 20:31:54,876][root][INFO] - train:
[2023-11-04 20:33:27,751][root][INFO] - val:
[2023-11-04 20:33:29,738][root][INFO] - ===> epoch: 12/300
[2023-11-04 20:33:29,739][root][INFO] - train:
[2023-11-04 20:35:04,886][root][INFO] - val:
[2023-11-04 20:35:06,912][root][INFO] - Checkpoint saved to C:\Users\GeorgeS\Documents\facultate\master\projects\data\model_weights\CIFAR-10/PreResNet/CyclicLR\2525\model_12_0.8012999892234802.pth
[2023-11-04 20:35:06,913][root][INFO] - ===> BEST Val/Accuracy PERFORMANCE: 0.80130
[2023-11-04 20:35:06,914][root][INFO] - ===> epoch: 13/300
[2023-11-04 20:35:06,915][root][INFO] - train:
[2023-11-04 20:36:36,539][root][INFO] - val:
[2023-11-04 20:36:38,578][root][INFO] - Checkpoint saved to C:\Users\GeorgeS\Documents\facultate\master\projects\data\model_weights\CIFAR-10/PreResNet/CyclicLR\2525\model_13_0.8284000158309937.pth
[2023-11-04 20:36:38,579][root][INFO] - ===> BEST Val/Accuracy PERFORMANCE: 0.82840
[2023-11-04 20:36:38,580][root][INFO] - ===> epoch: 14/300
[2023-11-04 20:36:38,581][root][INFO] - train:
[2023-11-04 20:38:11,649][root][INFO] - val:
[2023-11-04 20:38:13,630][root][INFO] - ===> epoch: 15/300
[2023-11-04 20:38:13,630][root][INFO] - train:
[2023-11-04 20:39:48,929][root][INFO] - val:
[2023-11-04 20:39:50,816][root][INFO] - ===> epoch: 16/300
[2023-11-04 20:39:50,816][root][INFO] - train:
[2023-11-04 20:41:21,693][root][INFO] - val:
[2023-11-04 20:41:23,668][root][INFO] - ===> epoch: 17/300
[2023-11-04 20:41:23,668][root][INFO] - train:
[2023-11-04 20:42:53,260][root][INFO] - val:
[2023-11-04 20:42:55,226][root][INFO] - ===> epoch: 18/300
[2023-11-04 20:42:55,227][root][INFO] - train:
[2023-11-04 20:44:27,347][root][INFO] - val:
[2023-11-04 20:44:29,432][root][INFO] - Checkpoint saved to C:\Users\GeorgeS\Documents\facultate\master\projects\data\model_weights\CIFAR-10/PreResNet/CyclicLR\2525\model_18_0.8360999822616577.pth
[2023-11-04 20:44:29,432][root][INFO] - ===> BEST Val/Accuracy PERFORMANCE: 0.83610
[2023-11-04 20:44:29,433][root][INFO] - ===> epoch: 19/300
[2023-11-04 20:44:29,434][root][INFO] - train:
[2023-11-04 20:46:04,331][root][INFO] - val:
[2023-11-04 20:46:06,370][root][INFO] - Checkpoint saved to C:\Users\GeorgeS\Documents\facultate\master\projects\data\model_weights\CIFAR-10/PreResNet/CyclicLR\2525\model_19_0.8543000221252441.pth
[2023-11-04 20:46:06,371][root][INFO] - ===> BEST Val/Accuracy PERFORMANCE: 0.85430
[2023-11-04 20:46:06,372][root][INFO] - ===> epoch: 20/300
[2023-11-04 20:46:06,372][root][INFO] - train:
[2023-11-04 20:47:40,131][root][INFO] - val:
[2023-11-04 20:47:42,210][root][INFO] - Checkpoint saved to C:\Users\GeorgeS\Documents\facultate\master\projects\data\model_weights\CIFAR-10/PreResNet/CyclicLR\2525\model_20_0.8571000099182129.pth
[2023-11-04 20:47:42,210][root][INFO] - ===> BEST Val/Accuracy PERFORMANCE: 0.85710
[2023-11-04 20:47:42,258][root][INFO] - Checkpoint saved to C:\Users\GeorgeS\Documents\facultate\master\projects\data\model_weights\CIFAR-10/PreResNet/CyclicLR\2525\model_20_0.pth
[2023-11-04 20:47:42,259][root][INFO] - ===> epoch: 21/300
[2023-11-04 20:47:42,259][root][INFO] - train:
[2023-11-04 20:49:15,828][root][INFO] - val:
[2023-11-04 20:49:17,767][root][INFO] - ===> epoch: 22/300
[2023-11-04 20:49:17,768][root][INFO] - train:
[2023-11-04 20:50:51,849][root][INFO] - val:
[2023-11-04 20:50:53,865][root][INFO] - ===> epoch: 23/300
[2023-11-04 20:50:53,866][root][INFO] - train:
[2023-11-04 20:52:25,725][root][INFO] - val:
[2023-11-04 20:52:27,669][root][INFO] - ===> epoch: 24/300
[2023-11-04 20:52:27,669][root][INFO] - train:
[2023-11-04 20:53:58,080][root][INFO] - val:
[2023-11-04 20:54:00,064][root][INFO] - ===> epoch: 25/300
[2023-11-04 20:54:00,072][root][INFO] - train:
[2023-11-04 20:55:33,967][root][INFO] - val:
[2023-11-04 20:55:36,006][root][INFO] - Checkpoint saved to C:\Users\GeorgeS\Documents\facultate\master\projects\data\model_weights\CIFAR-10/PreResNet/CyclicLR\2525\model_25_0.8618999719619751.pth
[2023-11-04 20:55:36,007][root][INFO] - ===> BEST Val/Accuracy PERFORMANCE: 0.86190
[2023-11-04 20:55:36,007][root][INFO] - ===> epoch: 26/300
[2023-11-04 20:55:36,008][root][INFO] - train:
[2023-11-04 20:57:07,733][root][INFO] - val:
[2023-11-04 20:57:09,797][root][INFO] - Checkpoint saved to C:\Users\GeorgeS\Documents\facultate\master\projects\data\model_weights\CIFAR-10/PreResNet/CyclicLR\2525\model_26_0.8671000003814697.pth
[2023-11-04 20:57:09,798][root][INFO] - ===> BEST Val/Accuracy PERFORMANCE: 0.86710
[2023-11-04 20:57:09,799][root][INFO] - ===> epoch: 27/300
[2023-11-04 20:57:09,800][root][INFO] - train:
[2023-11-04 20:58:43,064][root][INFO] - val:
[2023-11-04 20:58:45,068][root][INFO] - ===> epoch: 28/300
[2023-11-04 20:58:45,069][root][INFO] - train:
[2023-11-04 21:00:16,209][root][INFO] - val:
[2023-11-04 21:00:18,150][root][INFO] - ===> epoch: 29/300
[2023-11-04 21:00:18,151][root][INFO] - train:
[2023-11-04 21:01:49,765][root][INFO] - val:
[2023-11-04 21:01:51,697][root][INFO] - ===> epoch: 30/300
[2023-11-04 21:01:51,698][root][INFO] - train:
[2023-11-04 21:03:22,087][root][INFO] - val:
[2023-11-04 21:03:24,223][root][INFO] - Checkpoint saved to C:\Users\GeorgeS\Documents\facultate\master\projects\data\model_weights\CIFAR-10/PreResNet/CyclicLR\2525\model_30_0.pth
[2023-11-04 21:03:24,225][root][INFO] - ===> epoch: 31/300
[2023-11-04 21:03:24,225][root][INFO] - train:
[2023-11-04 21:04:58,829][root][INFO] - val:
[2023-11-04 21:05:00,759][root][INFO] - ===> epoch: 32/300
[2023-11-04 21:05:00,762][root][INFO] - train:
[2023-11-04 21:06:31,653][root][INFO] - val:
[2023-11-04 21:06:33,676][root][INFO] - Checkpoint saved to C:\Users\GeorgeS\Documents\facultate\master\projects\data\model_weights\CIFAR-10/PreResNet/CyclicLR\2525\model_32_0.8711000084877014.pth
[2023-11-04 21:06:33,677][root][INFO] - ===> BEST Val/Accuracy PERFORMANCE: 0.87110
[2023-11-04 21:06:33,678][root][INFO] - ===> epoch: 33/300
[2023-11-04 21:06:33,678][root][INFO] - train:
[2023-11-04 21:08:06,877][root][INFO] - val:
[2023-11-04 21:08:08,920][root][INFO] - Checkpoint saved to C:\Users\GeorgeS\Documents\facultate\master\projects\data\model_weights\CIFAR-10/PreResNet/CyclicLR\2525\model_33_0.8748000264167786.pth
[2023-11-04 21:08:08,921][root][INFO] - ===> BEST Val/Accuracy PERFORMANCE: 0.87480
[2023-11-04 21:08:08,922][root][INFO] - ===> epoch: 34/300
[2023-11-04 21:08:08,922][root][INFO] - train:
[2023-11-04 21:09:40,521][root][INFO] - val:
[2023-11-04 21:09:42,501][root][INFO] - ===> epoch: 35/300
[2023-11-04 21:09:42,502][root][INFO] - train:
[2023-11-04 21:11:11,841][root][INFO] - val:
[2023-11-04 21:11:13,836][root][INFO] - ===> epoch: 36/300
[2023-11-04 21:11:13,837][root][INFO] - train:
[2023-11-04 21:12:42,458][root][INFO] - val:
[2023-11-04 21:12:44,414][root][INFO] - ===> epoch: 37/300
[2023-11-04 21:12:44,414][root][INFO] - train:
[2023-11-04 21:14:13,157][root][INFO] - val:
[2023-11-04 21:14:15,119][root][INFO] - ===> epoch: 38/300
[2023-11-04 21:14:15,120][root][INFO] - train:
[2023-11-04 21:15:44,921][root][INFO] - val:
[2023-11-04 21:15:46,913][root][INFO] - Checkpoint saved to C:\Users\GeorgeS\Documents\facultate\master\projects\data\model_weights\CIFAR-10/PreResNet/CyclicLR\2525\model_38_0.876800000667572.pth
[2023-11-04 21:15:46,914][root][INFO] - ===> BEST Val/Accuracy PERFORMANCE: 0.87680
[2023-11-04 21:15:46,914][root][INFO] - ===> epoch: 39/300
[2023-11-04 21:15:46,915][root][INFO] - train:
[2023-11-04 21:17:13,330][root][INFO] - val:
[2023-11-04 21:17:14,850][root][INFO] - Checkpoint saved to C:\Users\GeorgeS\Documents\facultate\master\projects\data\model_weights\CIFAR-10/PreResNet/CyclicLR\2525\model_39_0.8783000111579895.pth
[2023-11-04 21:17:14,851][root][INFO] - ===> BEST Val/Accuracy PERFORMANCE: 0.87830
[2023-11-04 21:17:14,852][root][INFO] - ===> epoch: 40/300
[2023-11-04 21:17:14,852][root][INFO] - train:
[2023-11-04 21:18:11,710][root][INFO] - val:
[2023-11-04 21:18:13,197][root][INFO] - Checkpoint saved to C:\Users\GeorgeS\Documents\facultate\master\projects\data\model_weights\CIFAR-10/PreResNet/CyclicLR\2525\model_40_0.pth
[2023-11-04 21:18:13,198][root][INFO] - ===> epoch: 41/300
[2023-11-04 21:18:13,198][root][INFO] - train:
[2023-11-04 21:19:07,495][root][INFO] - val:
[2023-11-04 21:19:09,033][root][INFO] - ===> epoch: 42/300
[2023-11-04 21:19:09,034][root][INFO] - train:
[2023-11-04 21:20:04,339][root][INFO] - val:
[2023-11-04 21:20:05,796][root][INFO] - ===> epoch: 43/300
[2023-11-04 21:20:05,796][root][INFO] - train:
[2023-11-04 21:20:59,430][root][INFO] - val:
[2023-11-04 21:21:01,054][root][INFO] - ===> epoch: 44/300
[2023-11-04 21:21:01,055][root][INFO] - train:
[2023-11-04 21:21:59,740][root][INFO] - val:
[2023-11-04 21:22:01,358][root][INFO] - ===> epoch: 45/300
[2023-11-04 21:22:01,359][root][INFO] - train:
[2023-11-04 21:23:02,477][root][INFO] - val:
[2023-11-04 21:23:03,944][root][INFO] - ===> epoch: 46/300
[2023-11-04 21:23:03,945][root][INFO] - train:
[2023-11-04 21:23:59,971][root][INFO] - val:
[2023-11-04 21:24:01,450][root][INFO] - ===> epoch: 47/300
[2023-11-04 21:24:01,451][root][INFO] - train:
[2023-11-04 21:24:56,185][root][INFO] - val:
[2023-11-04 21:24:57,679][root][INFO] - ===> epoch: 48/300
[2023-11-04 21:24:57,679][root][INFO] - train:
[2023-11-04 21:25:53,272][root][INFO] - val:
[2023-11-04 21:25:54,754][root][INFO] - ===> epoch: 49/300
[2023-11-04 21:25:54,754][root][INFO] - train:
[2023-11-04 21:26:56,166][root][INFO] - val:
[2023-11-04 21:26:57,835][root][INFO] - ===> epoch: 50/300
[2023-11-04 21:26:57,836][root][INFO] - train:
[2023-11-04 21:27:56,472][root][INFO] - val:
[2023-11-04 21:27:57,987][root][INFO] - Checkpoint saved to C:\Users\GeorgeS\Documents\facultate\master\projects\data\model_weights\CIFAR-10/PreResNet/CyclicLR\2525\model_50_0.pth
[2023-11-04 21:27:57,988][root][INFO] - ===> epoch: 51/300
[2023-11-04 21:27:57,988][root][INFO] - train:
[2023-11-04 21:28:54,357][root][INFO] - val:
[2023-11-04 21:28:55,911][root][INFO] - Checkpoint saved to C:\Users\GeorgeS\Documents\facultate\master\projects\data\model_weights\CIFAR-10/PreResNet/CyclicLR\2525\model_51_0.8805999755859375.pth
[2023-11-04 21:28:55,911][root][INFO] - ===> BEST Val/Accuracy PERFORMANCE: 0.88060
[2023-11-04 21:28:55,912][root][INFO] - ===> epoch: 52/300
[2023-11-04 21:28:55,913][root][INFO] - train:
[2023-11-04 21:29:54,341][root][INFO] - val:
[2023-11-04 21:29:55,941][root][INFO] - ===> epoch: 53/300
[2023-11-04 21:29:55,941][root][INFO] - train:
[2023-11-04 21:31:26,357][root][INFO] - val:
[2023-11-04 21:31:28,140][root][INFO] - ===> epoch: 54/300
[2023-11-04 21:31:28,141][root][INFO] - train:
[2023-11-04 21:32:57,231][root][INFO] - val:
[2023-11-04 21:32:58,706][root][INFO] - ===> epoch: 55/300
[2023-11-04 21:32:58,706][root][INFO] - train:
[2023-11-04 21:33:53,323][root][INFO] - val:
[2023-11-04 21:33:54,815][root][INFO] - ===> epoch: 56/300
[2023-11-04 21:33:54,816][root][INFO] - train:
[2023-11-04 21:34:50,614][root][INFO] - val:
[2023-11-04 21:34:52,131][root][INFO] - Checkpoint saved to C:\Users\GeorgeS\Documents\facultate\master\projects\data\model_weights\CIFAR-10/PreResNet/CyclicLR\2525\model_56_0.8817999958992004.pth
[2023-11-04 21:34:52,131][root][INFO] - ===> BEST Val/Accuracy PERFORMANCE: 0.88180
[2023-11-04 21:34:52,132][root][INFO] - ===> epoch: 57/300
[2023-11-04 21:34:52,132][root][INFO] - train:
[2023-11-04 21:35:46,262][root][INFO] - val:
[2023-11-04 21:35:47,732][root][INFO] - ===> epoch: 58/300
[2023-11-04 21:35:47,732][root][INFO] - train:
[2023-11-04 21:36:43,410][root][INFO] - val:
[2023-11-04 21:36:44,923][root][INFO] - ===> epoch: 59/300
[2023-11-04 21:36:44,924][root][INFO] - train:
[2023-11-04 21:37:40,126][root][INFO] - val:
[2023-11-04 21:37:41,664][root][INFO] - Checkpoint saved to C:\Users\GeorgeS\Documents\facultate\master\projects\data\model_weights\CIFAR-10/PreResNet/CyclicLR\2525\model_59_0.8823000192642212.pth
[2023-11-04 21:37:41,665][root][INFO] - ===> BEST Val/Accuracy PERFORMANCE: 0.88230
[2023-11-04 21:37:41,665][root][INFO] - ===> epoch: 60/300
[2023-11-04 21:37:41,666][root][INFO] - train:
[2023-11-04 21:38:36,188][root][INFO] - val:
[2023-11-04 21:38:37,667][root][INFO] - Checkpoint saved to C:\Users\GeorgeS\Documents\facultate\master\projects\data\model_weights\CIFAR-10/PreResNet/CyclicLR\2525\model_60_0.pth
[2023-11-04 21:38:37,668][root][INFO] - ===> epoch: 61/300
[2023-11-04 21:38:37,668][root][INFO] - train:
[2023-11-04 21:39:37,129][root][INFO] - val:
[2023-11-04 21:39:38,736][root][INFO] - ===> epoch: 62/300
[2023-11-04 21:39:38,736][root][INFO] - train:
[2023-11-04 21:40:38,471][root][INFO] - val:
[2023-11-04 21:40:40,072][root][INFO] - ===> epoch: 63/300
[2023-11-04 21:40:40,072][root][INFO] - train:
[2023-11-04 21:41:39,212][root][INFO] - val:
[2023-11-04 21:41:40,823][root][INFO] - ===> epoch: 64/300
[2023-11-04 21:41:40,823][root][INFO] - train:
[2023-11-04 21:42:40,190][root][INFO] - val:
[2023-11-04 21:42:41,825][root][INFO] - ===> epoch: 65/300
[2023-11-04 21:42:41,825][root][INFO] - train:
[2023-11-04 21:43:41,138][root][INFO] - val:
[2023-11-04 21:43:42,762][root][INFO] - ===> epoch: 66/300
[2023-11-04 21:43:42,762][root][INFO] - train:
[2023-11-04 21:44:42,699][root][INFO] - val:
[2023-11-04 21:44:44,325][root][INFO] - ===> epoch: 67/300
[2023-11-04 21:44:44,326][root][INFO] - train:
[2023-11-04 21:45:44,207][root][INFO] - val:
[2023-11-04 21:45:45,855][root][INFO] - Checkpoint saved to C:\Users\GeorgeS\Documents\facultate\master\projects\data\model_weights\CIFAR-10/PreResNet/CyclicLR\2525\model_67_0.883899986743927.pth
[2023-11-04 21:45:45,856][root][INFO] - ===> BEST Val/Accuracy PERFORMANCE: 0.88390
[2023-11-04 21:45:45,857][root][INFO] - ===> epoch: 68/300
[2023-11-04 21:45:45,857][root][INFO] - train:
[2023-11-04 21:46:45,563][root][INFO] - val:
[2023-11-04 21:46:47,160][root][INFO] - ===> epoch: 69/300
[2023-11-04 21:46:47,161][root][INFO] - train:
[2023-11-04 21:47:47,850][root][INFO] - val:
[2023-11-04 21:47:49,397][root][INFO] - ===> epoch: 70/300
[2023-11-04 21:47:49,397][root][INFO] - train:
[2023-11-04 21:48:48,224][root][INFO] - val:
[2023-11-04 21:48:49,843][root][INFO] - Checkpoint saved to C:\Users\GeorgeS\Documents\facultate\master\projects\data\model_weights\CIFAR-10/PreResNet/CyclicLR\2525\model_70_0.pth
[2023-11-04 21:48:49,845][root][INFO] - ===> epoch: 71/300
[2023-11-04 21:48:49,846][root][INFO] - train:
[2023-11-04 21:49:49,313][root][INFO] - val:
[2023-11-04 21:49:50,770][root][INFO] - ===> epoch: 72/300
[2023-11-04 21:49:50,771][root][INFO] - train:
[2023-11-04 21:50:45,612][root][INFO] - val:
[2023-11-04 21:50:47,120][root][INFO] - ===> epoch: 73/300
[2023-11-04 21:50:47,121][root][INFO] - train:
[2023-11-04 21:51:45,515][root][INFO] - val:
[2023-11-04 21:51:47,036][root][INFO] - ===> epoch: 74/300
[2023-11-04 21:51:47,037][root][INFO] - train:
[2023-11-04 21:52:50,129][root][INFO] - val:
[2023-11-04 21:52:51,754][root][INFO] - ===> epoch: 75/300
[2023-11-04 21:52:51,754][root][INFO] - train:
[2023-11-04 21:53:49,129][root][INFO] - val:
[2023-11-04 21:53:50,658][root][INFO] - Checkpoint saved to C:\Users\GeorgeS\Documents\facultate\master\projects\data\model_weights\CIFAR-10/PreResNet/CyclicLR\2525\model_75_0.8840000033378601.pth
[2023-11-04 21:53:50,658][root][INFO] - ===> BEST Val/Accuracy PERFORMANCE: 0.88400
[2023-11-04 21:53:50,659][root][INFO] - ===> epoch: 76/300
[2023-11-04 21:53:50,660][root][INFO] - train:
[2023-11-04 21:54:48,431][root][INFO] - val:
[2023-11-04 21:54:49,964][root][INFO] - ===> epoch: 77/300
[2023-11-04 21:54:49,964][root][INFO] - train:
[2023-11-04 21:55:46,972][root][INFO] - val:
[2023-11-04 21:55:48,487][root][INFO] - ===> epoch: 78/300
[2023-11-04 21:55:48,488][root][INFO] - train:
[2023-11-04 21:56:46,789][root][INFO] - val:
[2023-11-04 21:56:48,386][root][INFO] - ===> epoch: 79/300
[2023-11-04 21:56:48,386][root][INFO] - train:
[2023-11-04 21:57:51,923][root][INFO] - val:
[2023-11-04 21:57:53,440][root][INFO] - ===> epoch: 80/300
[2023-11-04 21:57:53,440][root][INFO] - train:
[2023-11-04 21:58:52,756][root][INFO] - val:
[2023-11-04 21:58:54,290][root][INFO] - Checkpoint saved to C:\Users\GeorgeS\Documents\facultate\master\projects\data\model_weights\CIFAR-10/PreResNet/CyclicLR\2525\model_80_0.pth
[2023-11-04 21:58:54,291][root][INFO] - ===> epoch: 81/300
[2023-11-04 21:58:54,291][root][INFO] - train:
[2023-11-04 21:59:51,104][root][INFO] - val:
[2023-11-04 21:59:52,634][root][INFO] - ===> epoch: 82/300
[2023-11-04 21:59:52,635][root][INFO] - train:
[2023-11-04 22:00:49,698][root][INFO] - val:
[2023-11-04 22:00:51,232][root][INFO] - ===> epoch: 83/300
[2023-11-04 22:00:51,233][root][INFO] - train:
[2023-11-04 22:01:47,333][root][INFO] - val:
[2023-11-04 22:01:48,781][root][INFO] - ===> epoch: 84/300
[2023-11-04 22:01:48,782][root][INFO] - train:
[2023-11-04 22:02:43,933][root][INFO] - val:
[2023-11-04 22:02:45,383][root][INFO] - ===> epoch: 85/300
[2023-11-04 22:02:45,384][root][INFO] - train:
[2023-11-04 22:03:40,836][root][INFO] - val:
[2023-11-04 22:03:42,617][root][INFO] - ===> epoch: 86/300
[2023-11-04 22:03:42,617][root][INFO] - train:
[2023-11-04 22:04:40,225][root][INFO] - val:
[2023-11-04 22:04:42,000][root][INFO] - ===> epoch: 87/300
[2023-11-04 22:04:42,000][root][INFO] - train:
[2023-11-04 22:05:40,989][root][INFO] - val:
[2023-11-04 22:05:42,604][root][INFO] - ===> epoch: 88/300
[2023-11-04 22:05:42,605][root][INFO] - train:
[2023-11-04 22:06:44,903][root][INFO] - val:
[2023-11-04 22:06:46,606][root][INFO] - ===> epoch: 89/300
[2023-11-04 22:06:46,607][root][INFO] - train:
[2023-11-04 22:07:54,881][root][INFO] - val:
[2023-11-04 22:07:56,580][root][INFO] - ===> epoch: 90/300
[2023-11-04 22:07:56,580][root][INFO] - train:
[2023-11-04 22:08:58,861][root][INFO] - val:
[2023-11-04 22:09:00,665][root][INFO] - Checkpoint saved to C:\Users\GeorgeS\Documents\facultate\master\projects\data\model_weights\CIFAR-10/PreResNet/CyclicLR\2525\model_90_0.pth
[2023-11-04 22:09:00,666][root][INFO] - ===> epoch: 91/300
[2023-11-04 22:09:00,666][root][INFO] - train:
[2023-11-04 22:10:06,224][root][INFO] - val:
[2023-11-04 22:10:08,074][root][INFO] - ===> epoch: 92/300
[2023-11-04 22:10:08,075][root][INFO] - train:
[2023-11-04 22:11:08,058][root][INFO] - val:
[2023-11-04 22:11:09,548][root][INFO] - ===> epoch: 93/300
[2023-11-04 22:11:09,549][root][INFO] - train:
[2023-11-04 22:12:02,589][root][INFO] - val:
[2023-11-04 22:12:04,041][root][INFO] - ===> epoch: 94/300
[2023-11-04 22:12:04,041][root][INFO] - train:
[2023-11-04 22:12:57,737][root][INFO] - val:
[2023-11-04 22:12:59,195][root][INFO] - ===> epoch: 95/300
[2023-11-04 22:12:59,196][root][INFO] - train:
[2023-11-04 22:13:52,655][root][INFO] - val:
[2023-11-04 22:13:54,111][root][INFO] - ===> epoch: 96/300
[2023-11-04 22:13:54,112][root][INFO] - train:
[2023-11-04 22:14:47,306][root][INFO] - val:
[2023-11-04 22:14:48,763][root][INFO] - ===> epoch: 97/300
[2023-11-04 22:14:48,763][root][INFO] - train:
[2023-11-04 22:15:41,658][root][INFO] - val:
[2023-11-04 22:15:43,123][root][INFO] - ===> epoch: 98/300
[2023-11-04 22:15:43,123][root][INFO] - train:
[2023-11-04 22:16:36,196][root][INFO] - val:
[2023-11-04 22:16:37,644][root][INFO] - ===> epoch: 99/300
[2023-11-04 22:16:37,644][root][INFO] - train:
[2023-11-04 22:17:34,823][root][INFO] - val:
[2023-11-04 22:17:36,300][root][INFO] - ===> epoch: 100/300
[2023-11-04 22:17:36,300][root][INFO] - train:
[2023-11-04 22:18:35,273][root][INFO] - val:
[2023-11-04 22:18:36,916][root][INFO] - Checkpoint saved to C:\Users\GeorgeS\Documents\facultate\master\projects\data\model_weights\CIFAR-10/PreResNet/CyclicLR\2525\model_100_0.pth
[2023-11-04 22:18:36,917][root][INFO] - ===> epoch: 101/300
[2023-11-04 22:18:36,917][root][INFO] - train:
[2023-11-04 22:19:35,544][root][INFO] - val:
[2023-11-04 22:19:37,088][root][INFO] - ===> epoch: 102/300
[2023-11-04 22:19:37,088][root][INFO] - train:
[2023-11-04 22:20:35,008][root][INFO] - val:
[2023-11-04 22:20:36,522][root][INFO] - ===> epoch: 103/300
[2023-11-04 22:20:36,522][root][INFO] - train:
[2023-11-04 22:21:30,268][root][INFO] - val:
[2023-11-04 22:21:31,761][root][INFO] - Checkpoint saved to C:\Users\GeorgeS\Documents\facultate\master\projects\data\model_weights\CIFAR-10/PreResNet/CyclicLR\2525\model_103_0.8860999941825867.pth
[2023-11-04 22:21:31,761][root][INFO] - ===> BEST Val/Accuracy PERFORMANCE: 0.88610
[2023-11-04 22:21:31,762][root][INFO] - ===> epoch: 104/300
[2023-11-04 22:21:31,763][root][INFO] - train:
[2023-11-04 22:22:25,174][root][INFO] - val:
[2023-11-04 22:22:26,645][root][INFO] - ===> epoch: 105/300
[2023-11-04 22:22:26,646][root][INFO] - train:
[2023-11-04 22:23:19,912][root][INFO] - val:
[2023-11-04 22:23:21,536][root][INFO] - ===> epoch: 106/300
[2023-11-04 22:23:21,536][root][INFO] - train:
[2023-11-04 22:24:14,419][root][INFO] - val:
[2023-11-04 22:24:15,864][root][INFO] - ===> epoch: 107/300
[2023-11-04 22:24:15,864][root][INFO] - train:
[2023-11-04 22:25:09,302][root][INFO] - val:
[2023-11-04 22:25:10,758][root][INFO] - ===> epoch: 108/300
[2023-11-04 22:25:10,759][root][INFO] - train:
[2023-11-04 22:26:06,671][root][INFO] - val:
[2023-11-04 22:26:08,129][root][INFO] - ===> epoch: 109/300
[2023-11-04 22:26:08,129][root][INFO] - train:
[2023-11-04 22:27:01,709][root][INFO] - val:
[2023-11-04 22:27:03,139][root][INFO] - ===> epoch: 110/300
[2023-11-04 22:27:03,140][root][INFO] - train:
[2023-11-04 22:27:55,966][root][INFO] - val:
[2023-11-04 22:27:57,460][root][INFO] - Checkpoint saved to C:\Users\GeorgeS\Documents\facultate\master\projects\data\model_weights\CIFAR-10/PreResNet/CyclicLR\2525\model_110_0.pth
[2023-11-04 22:27:57,461][root][INFO] - ===> epoch: 111/300
[2023-11-04 22:27:57,462][root][INFO] - train:
[2023-11-04 22:28:50,583][root][INFO] - val:
[2023-11-04 22:28:52,045][root][INFO] - ===> epoch: 112/300
[2023-11-04 22:28:52,046][root][INFO] - train:
[2023-11-04 22:29:46,316][root][INFO] - val:
[2023-11-04 22:29:47,770][root][INFO] - ===> epoch: 113/300
[2023-11-04 22:29:47,770][root][INFO] - train:
[2023-11-04 22:30:42,118][root][INFO] - val:
[2023-11-04 22:30:43,665][root][INFO] - ===> epoch: 114/300
[2023-11-04 22:30:43,665][root][INFO] - train:
[2023-11-04 22:31:41,756][root][INFO] - val:
[2023-11-04 22:31:43,290][root][INFO] - ===> epoch: 115/300
[2023-11-04 22:31:43,290][root][INFO] - train:
[2023-11-04 22:32:36,689][root][INFO] - val:
[2023-11-04 22:32:38,285][root][INFO] - ===> epoch: 116/300
[2023-11-04 22:32:38,285][root][INFO] - train:
[2023-11-04 22:33:35,445][root][INFO] - val:
[2023-11-04 22:33:36,928][root][INFO] - ===> epoch: 117/300
[2023-11-04 22:33:36,929][root][INFO] - train:
[2023-11-04 22:34:34,739][root][INFO] - val:
[2023-11-04 22:34:36,240][root][INFO] - ===> epoch: 118/300
[2023-11-04 22:34:36,241][root][INFO] - train:
[2023-11-04 22:35:34,012][root][INFO] - val:
[2023-11-04 22:35:35,572][root][INFO] - ===> epoch: 119/300
[2023-11-04 22:35:35,572][root][INFO] - train:
[2023-11-04 22:36:32,809][root][INFO] - val:
[2023-11-04 22:36:34,561][root][INFO] - ===> epoch: 120/300
[2023-11-04 22:36:34,562][root][INFO] - train:
[2023-11-04 22:37:30,928][root][INFO] - val:
[2023-11-04 22:37:32,444][root][INFO] - Checkpoint saved to C:\Users\GeorgeS\Documents\facultate\master\projects\data\model_weights\CIFAR-10/PreResNet/CyclicLR\2525\model_120_0.pth
[2023-11-04 22:37:32,445][root][INFO] - ===> epoch: 121/300
[2023-11-04 22:37:32,446][root][INFO] - train:
[2023-11-04 22:38:30,272][root][INFO] - val:
[2023-11-04 22:38:31,811][root][INFO] - ===> epoch: 122/300
[2023-11-04 22:38:31,812][root][INFO] - train:
[2023-11-04 22:39:29,336][root][INFO] - val:
[2023-11-04 22:39:30,855][root][INFO] - ===> epoch: 123/300
[2023-11-04 22:39:30,855][root][INFO] - train:
[2023-11-04 22:40:28,603][root][INFO] - val:
[2023-11-04 22:40:30,097][root][INFO] - ===> epoch: 124/300
[2023-11-04 22:40:30,098][root][INFO] - train:
[2023-11-04 22:41:30,192][root][INFO] - val:
[2023-11-04 22:41:31,727][root][INFO] - ===> epoch: 125/300
[2023-11-04 22:41:31,728][root][INFO] - train:
[2023-11-04 22:42:26,998][root][INFO] - val:
[2023-11-04 22:42:28,470][root][INFO] - ===> epoch: 126/300
[2023-11-04 22:42:28,470][root][INFO] - train:
[2023-11-04 22:43:22,028][root][INFO] - val:
[2023-11-04 22:43:23,478][root][INFO] - ===> epoch: 127/300
[2023-11-04 22:43:23,478][root][INFO] - train:
[2023-11-04 22:44:16,732][root][INFO] - val:
[2023-11-04 22:44:18,190][root][INFO] - ===> epoch: 128/300
[2023-11-04 22:44:18,191][root][INFO] - train:
[2023-11-04 22:45:12,512][root][INFO] - val:
[2023-11-04 22:45:13,970][root][INFO] - ===> epoch: 129/300
[2023-11-04 22:45:13,970][root][INFO] - train:
[2023-11-04 22:46:10,604][root][INFO] - val:
[2023-11-04 22:46:12,089][root][INFO] - ===> epoch: 130/300
[2023-11-04 22:46:12,089][root][INFO] - train:
[2023-11-04 22:47:05,007][root][INFO] - val:
[2023-11-04 22:47:06,512][root][INFO] - Checkpoint saved to C:\Users\GeorgeS\Documents\facultate\master\projects\data\model_weights\CIFAR-10/PreResNet/CyclicLR\2525\model_130_0.8862000107765198.pth
[2023-11-04 22:47:06,513][root][INFO] - ===> BEST Val/Accuracy PERFORMANCE: 0.88620
[2023-11-04 22:47:06,549][root][INFO] - Checkpoint saved to C:\Users\GeorgeS\Documents\facultate\master\projects\data\model_weights\CIFAR-10/PreResNet/CyclicLR\2525\model_130_0.pth
[2023-11-04 22:47:06,550][root][INFO] - ===> epoch: 131/300
[2023-11-04 22:47:06,550][root][INFO] - train:
[2023-11-04 22:47:59,696][root][INFO] - val:
[2023-11-04 22:48:01,140][root][INFO] - ===> epoch: 132/300
[2023-11-04 22:48:01,141][root][INFO] - train:
[2023-11-04 22:48:58,831][root][INFO] - val:
[2023-11-04 22:49:00,292][root][INFO] - ===> epoch: 133/300
[2023-11-04 22:49:00,293][root][INFO] - train:
[2023-11-04 22:49:53,511][root][INFO] - val:
[2023-11-04 22:49:54,970][root][INFO] - ===> epoch: 134/300
[2023-11-04 22:49:54,970][root][INFO] - train:
[2023-11-04 22:50:48,855][root][INFO] - val:
[2023-11-04 22:50:50,353][root][INFO] - Checkpoint saved to C:\Users\GeorgeS\Documents\facultate\master\projects\data\model_weights\CIFAR-10/PreResNet/CyclicLR\2525\model_134_0.8865000009536743.pth
[2023-11-04 22:50:50,354][root][INFO] - ===> BEST Val/Accuracy PERFORMANCE: 0.88650
[2023-11-04 22:50:50,354][root][INFO] - ===> epoch: 135/300
[2023-11-04 22:50:50,355][root][INFO] - train:
[2023-11-04 22:51:44,322][root][INFO] - val:
[2023-11-04 22:51:45,778][root][INFO] - ===> epoch: 136/300
[2023-11-04 22:51:45,778][root][INFO] - train:
[2023-11-04 22:52:39,883][root][INFO] - val:
[2023-11-04 22:52:41,341][root][INFO] - ===> epoch: 137/300
[2023-11-04 22:52:41,342][root][INFO] - train:
[2023-11-04 22:53:35,508][root][INFO] - val:
[2023-11-04 22:53:36,975][root][INFO] - ===> epoch: 138/300
[2023-11-04 22:53:36,976][root][INFO] - train:
[2023-11-04 22:54:30,786][root][INFO] - val:
[2023-11-04 22:54:32,254][root][INFO] - ===> epoch: 139/300
[2023-11-04 22:54:32,254][root][INFO] - train:
[2023-11-04 22:55:26,201][root][INFO] - val:
[2023-11-04 22:55:27,677][root][INFO] - ===> epoch: 140/300
[2023-11-04 22:55:27,678][root][INFO] - train:
[2023-11-04 22:56:22,091][root][INFO] - val:
[2023-11-04 22:56:23,579][root][INFO] - Checkpoint saved to C:\Users\GeorgeS\Documents\facultate\master\projects\data\model_weights\CIFAR-10/PreResNet/CyclicLR\2525\model_140_0.8867999911308289.pth
[2023-11-04 22:56:23,580][root][INFO] - ===> BEST Val/Accuracy PERFORMANCE: 0.88680
[2023-11-04 22:56:23,617][root][INFO] - Checkpoint saved to C:\Users\GeorgeS\Documents\facultate\master\projects\data\model_weights\CIFAR-10/PreResNet/CyclicLR\2525\model_140_0.pth
[2023-11-04 22:56:23,618][root][INFO] - ===> epoch: 141/300
[2023-11-04 22:56:23,618][root][INFO] - train:
[2023-11-04 22:57:17,757][root][INFO] - val:
[2023-11-04 22:57:19,209][root][INFO] - ===> epoch: 142/300
[2023-11-04 22:57:19,210][root][INFO] - train:
[2023-11-04 22:58:13,099][root][INFO] - val:
[2023-11-04 22:58:14,569][root][INFO] - ===> epoch: 143/300
[2023-11-04 22:58:14,570][root][INFO] - train:
[2023-11-04 22:59:09,142][root][INFO] - val:
[2023-11-04 22:59:10,622][root][INFO] - ===> epoch: 144/300
[2023-11-04 22:59:10,623][root][INFO] - train:
[2023-11-04 23:00:04,459][root][INFO] - val:
[2023-11-04 23:00:05,933][root][INFO] - ===> epoch: 145/300
[2023-11-04 23:00:05,934][root][INFO] - train:
[2023-11-04 23:01:03,256][root][INFO] - val:
[2023-11-04 23:01:04,782][root][INFO] - ===> epoch: 146/300
[2023-11-04 23:01:04,782][root][INFO] - train:
[2023-11-04 23:01:59,909][root][INFO] - val:
[2023-11-04 23:02:01,357][root][INFO] - ===> epoch: 147/300
[2023-11-04 23:02:01,358][root][INFO] - train:
[2023-11-04 23:02:54,597][root][INFO] - val:
[2023-11-04 23:02:56,064][root][INFO] - ===> epoch: 148/300
[2023-11-04 23:02:56,064][root][INFO] - train:
[2023-11-04 23:03:49,501][root][INFO] - val:
[2023-11-04 23:03:51,144][root][INFO] - ===> epoch: 149/300
[2023-11-04 23:03:51,144][root][INFO] - train:
[2023-11-04 23:04:44,319][root][INFO] - val:
[2023-11-04 23:04:45,999][root][INFO] - ===> epoch: 150/300
[2023-11-04 23:04:46,000][root][INFO] - train:
[2023-11-04 23:05:38,737][root][INFO] - val:
[2023-11-04 23:05:40,376][root][INFO] - Checkpoint saved to C:\Users\GeorgeS\Documents\facultate\master\projects\data\model_weights\CIFAR-10/PreResNet/CyclicLR\2525\model_150_0.pth
[2023-11-04 23:05:40,377][root][INFO] - ===> epoch: 151/300
[2023-11-04 23:05:40,377][root][INFO] - train:
[2023-11-04 23:06:33,442][root][INFO] - val:
[2023-11-04 23:06:35,052][root][INFO] - ===> epoch: 152/300
[2023-11-04 23:06:35,053][root][INFO] - train:
[2023-11-04 23:07:27,584][root][INFO] - val:
[2023-11-04 23:07:29,260][root][INFO] - Checkpoint saved to C:\Users\GeorgeS\Documents\facultate\master\projects\data\model_weights\CIFAR-10/PreResNet/CyclicLR\2525\model_152_0.8876000046730042.pth
[2023-11-04 23:07:29,261][root][INFO] - ===> BEST Val/Accuracy PERFORMANCE: 0.88760
[2023-11-04 23:07:29,261][root][INFO] - ===> epoch: 153/300
[2023-11-04 23:07:29,262][root][INFO] - train:
[2023-11-04 23:08:22,155][root][INFO] - val:
[2023-11-04 23:08:23,605][root][INFO] - ===> epoch: 154/300
[2023-11-04 23:08:23,605][root][INFO] - train:
[2023-11-04 23:09:16,390][root][INFO] - val:
[2023-11-04 23:09:18,078][root][INFO] - ===> epoch: 155/300
[2023-11-04 23:09:18,078][root][INFO] - train:
[2023-11-04 23:10:10,887][root][INFO] - val:
[2023-11-04 23:10:12,449][root][INFO] - ===> epoch: 156/300
[2023-11-04 23:10:12,450][root][INFO] - train:
[2023-11-04 23:11:05,129][root][INFO] - val:
[2023-11-04 23:11:06,593][root][INFO] - ===> epoch: 157/300
[2023-11-04 23:11:06,594][root][INFO] - train:
[2023-11-04 23:11:59,072][root][INFO] - val:
[2023-11-04 23:12:00,630][root][INFO] - ===> epoch: 158/300
[2023-11-04 23:12:00,630][root][INFO] - train:
[2023-11-04 23:12:53,236][root][INFO] - val:
[2023-11-04 23:12:54,789][root][INFO] - ===> epoch: 159/300
[2023-11-04 23:12:54,789][root][INFO] - train:
[2023-11-04 23:13:47,483][root][INFO] - val:
[2023-11-04 23:13:49,140][root][INFO] - ===> epoch: 160/300
[2023-11-04 23:13:49,140][root][INFO] - train:
[2023-11-04 23:14:41,988][root][INFO] - val:
[2023-11-04 23:14:43,488][root][INFO] - Checkpoint saved to C:\Users\GeorgeS\Documents\facultate\master\projects\data\model_weights\CIFAR-10/PreResNet/CyclicLR\2525\model_160_0.pth
[2023-11-04 23:14:43,489][root][INFO] - ===> epoch: 161/300
[2023-11-04 23:14:43,489][root][INFO] - train:
[2023-11-04 23:15:35,685][root][INFO] - val:
[2023-11-04 23:15:37,338][root][INFO] - ===> epoch: 162/300
[2023-11-04 23:15:37,338][root][INFO] - train:
[2023-11-04 23:16:30,068][root][INFO] - val:
[2023-11-04 23:16:31,692][root][INFO] - ===> epoch: 163/300
[2023-11-04 23:16:31,692][root][INFO] - train:
[2023-11-04 23:17:24,192][root][INFO] - val:
[2023-11-04 23:17:25,858][root][INFO] - ===> epoch: 164/300
[2023-11-04 23:17:25,859][root][INFO] - train:
[2023-11-04 23:18:18,437][root][INFO] - val:
[2023-11-04 23:18:20,043][root][INFO] - ===> epoch: 165/300
[2023-11-04 23:18:20,043][root][INFO] - train:
[2023-11-04 23:19:12,218][root][INFO] - val:
[2023-11-04 23:19:13,675][root][INFO] - ===> epoch: 166/300
[2023-11-04 23:19:13,675][root][INFO] - train:
[2023-11-04 23:20:06,178][root][INFO] - val:
[2023-11-04 23:20:07,642][root][INFO] - ===> epoch: 167/300
[2023-11-04 23:20:07,642][root][INFO] - train:
[2023-11-04 23:21:00,354][root][INFO] - val:
[2023-11-04 23:21:01,938][root][INFO] - ===> epoch: 168/300
[2023-11-04 23:21:01,938][root][INFO] - train:
[2023-11-04 23:21:54,426][root][INFO] - val:
[2023-11-04 23:21:56,086][root][INFO] - ===> epoch: 169/300
[2023-11-04 23:21:56,087][root][INFO] - train:
[2023-11-04 23:22:48,672][root][INFO] - val:
[2023-11-04 23:22:50,271][root][INFO] - ===> epoch: 170/300
[2023-11-04 23:22:50,271][root][INFO] - train:
[2023-11-04 23:23:42,783][root][INFO] - val:
[2023-11-04 23:23:44,476][root][INFO] - Checkpoint saved to C:\Users\GeorgeS\Documents\facultate\master\projects\data\model_weights\CIFAR-10/PreResNet/CyclicLR\2525\model_170_0.pth
[2023-11-04 23:23:44,477][root][INFO] - ===> epoch: 171/300
[2023-11-04 23:23:44,477][root][INFO] - train:
[2023-11-04 23:24:37,020][root][INFO] - val:
[2023-11-04 23:24:38,628][root][INFO] - ===> epoch: 172/300
[2023-11-04 23:24:38,629][root][INFO] - train:
[2023-11-04 23:25:31,147][root][INFO] - val:
[2023-11-04 23:25:32,605][root][INFO] - ===> epoch: 173/300
[2023-11-04 23:25:32,606][root][INFO] - train:
[2023-11-04 23:26:25,388][root][INFO] - val:
[2023-11-04 23:26:27,011][root][INFO] - ===> epoch: 174/300
[2023-11-04 23:26:27,012][root][INFO] - train:
[2023-11-04 23:27:19,489][root][INFO] - val:
[2023-11-04 23:27:21,042][root][INFO] - ===> epoch: 175/300
[2023-11-04 23:27:21,042][root][INFO] - train:
[2023-11-04 23:28:13,496][root][INFO] - val:
[2023-11-04 23:28:15,274][root][INFO] - ===> epoch: 176/300
[2023-11-04 23:28:15,275][root][INFO] - train:
[2023-11-04 23:29:07,408][root][INFO] - val:
[2023-11-04 23:29:08,861][root][INFO] - ===> epoch: 177/300
[2023-11-04 23:29:08,861][root][INFO] - train:
[2023-11-04 23:30:01,509][root][INFO] - val:
[2023-11-04 23:30:03,076][root][INFO] - ===> epoch: 178/300
[2023-11-04 23:30:03,076][root][INFO] - train:
[2023-11-04 23:30:55,560][root][INFO] - val:
[2023-11-04 23:30:57,228][root][INFO] - ===> epoch: 179/300
[2023-11-04 23:30:57,229][root][INFO] - train:
[2023-11-04 23:31:49,761][root][INFO] - val:
[2023-11-04 23:31:51,413][root][INFO] - ===> epoch: 180/300
[2023-11-04 23:31:51,413][root][INFO] - train:
[2023-11-04 23:32:43,909][root][INFO] - val:
[2023-11-04 23:32:45,608][root][INFO] - Checkpoint saved to C:\Users\GeorgeS\Documents\facultate\master\projects\data\model_weights\CIFAR-10/PreResNet/CyclicLR\2525\model_180_0.pth
[2023-11-04 23:32:45,609][root][INFO] - ===> epoch: 181/300
[2023-11-04 23:32:45,609][root][INFO] - train:
[2023-11-04 23:33:38,004][root][INFO] - val:
[2023-11-04 23:33:39,608][root][INFO] - ===> epoch: 182/300
[2023-11-04 23:33:39,608][root][INFO] - train:
[2023-11-04 23:34:32,409][root][INFO] - val:
[2023-11-04 23:34:33,966][root][INFO] - ===> epoch: 183/300
[2023-11-04 23:34:33,966][root][INFO] - train:
[2023-11-04 23:35:26,600][root][INFO] - val:
[2023-11-04 23:35:28,142][root][INFO] - ===> epoch: 184/300
[2023-11-04 23:35:28,143][root][INFO] - train:
[2023-11-04 23:36:20,717][root][INFO] - val:
[2023-11-04 23:36:22,151][root][INFO] - ===> epoch: 185/300
[2023-11-04 23:36:22,152][root][INFO] - train:
[2023-11-04 23:37:14,633][root][INFO] - val:
[2023-11-04 23:37:16,174][root][INFO] - ===> epoch: 186/300
[2023-11-04 23:37:16,175][root][INFO] - train:
[2023-11-04 23:38:08,934][root][INFO] - val:
[2023-11-04 23:38:10,528][root][INFO] - ===> epoch: 187/300
[2023-11-04 23:38:10,528][root][INFO] - train:
[2023-11-04 23:39:03,055][root][INFO] - val:
[2023-11-04 23:39:04,704][root][INFO] - ===> epoch: 188/300
[2023-11-04 23:39:04,704][root][INFO] - train:
[2023-11-04 23:39:57,181][root][INFO] - val:
[2023-11-04 23:39:58,716][root][INFO] - ===> epoch: 189/300
[2023-11-04 23:39:58,717][root][INFO] - train:
[2023-11-04 23:40:51,457][root][INFO] - val:
[2023-11-04 23:40:53,082][root][INFO] - ===> epoch: 190/300
[2023-11-04 23:40:53,083][root][INFO] - train:
[2023-11-04 23:41:45,113][root][INFO] - val:
[2023-11-04 23:41:46,776][root][INFO] - Checkpoint saved to C:\Users\GeorgeS\Documents\facultate\master\projects\data\model_weights\CIFAR-10/PreResNet/CyclicLR\2525\model_190_0.pth
[2023-11-04 23:41:46,777][root][INFO] - ===> epoch: 191/300
[2023-11-04 23:41:46,777][root][INFO] - train:
[2023-11-04 23:42:39,451][root][INFO] - val:
[2023-11-04 23:42:41,093][root][INFO] - ===> epoch: 192/300
[2023-11-04 23:42:41,093][root][INFO] - train:
[2023-11-04 23:43:33,873][root][INFO] - val:
[2023-11-04 23:43:35,452][root][INFO] - ===> epoch: 193/300
[2023-11-04 23:43:35,453][root][INFO] - train:
[2023-11-04 23:44:27,914][root][INFO] - val:
[2023-11-04 23:44:29,352][root][INFO] - ===> epoch: 194/300
[2023-11-04 23:44:29,353][root][INFO] - train:
[2023-11-04 23:45:21,501][root][INFO] - val:
[2023-11-04 23:45:23,531][root][INFO] - ===> epoch: 195/300
[2023-11-04 23:45:23,531][root][INFO] - train:
[2023-11-04 23:46:15,665][root][INFO] - val:
[2023-11-04 23:46:17,316][root][INFO] - ===> epoch: 196/300
[2023-11-04 23:46:17,316][root][INFO] - train:
[2023-11-04 23:47:09,813][root][INFO] - val:
[2023-11-04 23:47:11,346][root][INFO] - ===> epoch: 197/300
[2023-11-04 23:47:11,347][root][INFO] - train:
[2023-11-04 23:48:03,883][root][INFO] - val:
[2023-11-04 23:48:05,514][root][INFO] - ===> epoch: 198/300
[2023-11-04 23:48:05,514][root][INFO] - train:
[2023-11-04 23:48:57,965][root][INFO] - val:
[2023-11-04 23:48:59,529][root][INFO] - ===> epoch: 199/300
[2023-11-04 23:48:59,529][root][INFO] - train:
[2023-11-04 23:49:51,873][root][INFO] - val:
[2023-11-04 23:49:53,551][root][INFO] - ===> epoch: 200/300
[2023-11-04 23:49:53,552][root][INFO] - train:
[2023-11-04 23:50:45,938][root][INFO] - val:
[2023-11-04 23:50:47,620][root][INFO] - Checkpoint saved to C:\Users\GeorgeS\Documents\facultate\master\projects\data\model_weights\CIFAR-10/PreResNet/CyclicLR\2525\model_200_0.pth
[2023-11-04 23:50:47,621][root][INFO] - ===> epoch: 201/300
[2023-11-04 23:50:47,621][root][INFO] - train:
[2023-11-04 23:51:40,080][root][INFO] - val:
[2023-11-04 23:51:41,767][root][INFO] - ===> epoch: 202/300
[2023-11-04 23:51:41,767][root][INFO] - train:
[2023-11-04 23:52:34,092][root][INFO] - val:
[2023-11-04 23:52:35,768][root][INFO] - ===> epoch: 203/300
[2023-11-04 23:52:35,768][root][INFO] - train:
[2023-11-04 23:53:28,325][root][INFO] - val:
[2023-11-04 23:53:29,965][root][INFO] - ===> epoch: 204/300
[2023-11-04 23:53:29,965][root][INFO] - train:
[2023-11-04 23:54:22,248][root][INFO] - val:
[2023-11-04 23:54:23,816][root][INFO] - ===> epoch: 205/300
[2023-11-04 23:54:23,816][root][INFO] - train:
[2023-11-04 23:55:16,455][root][INFO] - val:
[2023-11-04 23:55:17,988][root][INFO] - ===> epoch: 206/300
[2023-11-04 23:55:17,988][root][INFO] - train:
[2023-11-04 23:56:10,602][root][INFO] - val:
[2023-11-04 23:56:12,185][root][INFO] - ===> epoch: 207/300
[2023-11-04 23:56:12,185][root][INFO] - train:
[2023-11-04 23:57:04,458][root][INFO] - val:
[2023-11-04 23:57:05,893][root][INFO] - ===> epoch: 208/300
[2023-11-04 23:57:05,893][root][INFO] - train:
[2023-11-04 23:57:58,494][root][INFO] - val:
[2023-11-04 23:58:00,046][root][INFO] - ===> epoch: 209/300
[2023-11-04 23:58:00,046][root][INFO] - train:
[2023-11-04 23:58:52,675][root][INFO] - val:
[2023-11-04 23:58:54,228][root][INFO] - ===> epoch: 210/300
[2023-11-04 23:58:54,229][root][INFO] - train:
[2023-11-04 23:59:46,487][root][INFO] - val:
[2023-11-04 23:59:47,970][root][INFO] - Checkpoint saved to C:\Users\GeorgeS\Documents\facultate\master\projects\data\model_weights\CIFAR-10/PreResNet/CyclicLR\2525\model_210_0.pth
[2023-11-04 23:59:47,971][root][INFO] - ===> epoch: 211/300
[2023-11-04 23:59:47,971][root][INFO] - train:
[2023-11-05 00:00:40,811][root][INFO] - val:
[2023-11-05 00:00:42,247][root][INFO] - ===> epoch: 212/300
[2023-11-05 00:00:42,247][root][INFO] - train:
[2023-11-05 00:01:34,745][root][INFO] - val:
[2023-11-05 00:01:36,202][root][INFO] - ===> epoch: 213/300
[2023-11-05 00:01:36,203][root][INFO] - train:
[2023-11-05 00:02:28,375][root][INFO] - val:
[2023-11-05 00:02:30,163][root][INFO] - ===> epoch: 214/300
[2023-11-05 00:02:30,163][root][INFO] - train:
[2023-11-05 00:03:22,454][root][INFO] - val:
[2023-11-05 00:03:24,103][root][INFO] - ===> epoch: 215/300
[2023-11-05 00:03:24,104][root][INFO] - train:
[2023-11-05 00:04:16,334][root][INFO] - val:
[2023-11-05 00:04:17,954][root][INFO] - ===> epoch: 216/300
[2023-11-05 00:04:17,955][root][INFO] - train:
[2023-11-05 00:05:10,480][root][INFO] - val:
[2023-11-05 00:05:12,133][root][INFO] - ===> epoch: 217/300
[2023-11-05 00:05:12,133][root][INFO] - train:
[2023-11-05 00:06:04,397][root][INFO] - val:
[2023-11-05 00:06:06,030][root][INFO] - Checkpoint saved to C:\Users\GeorgeS\Documents\facultate\master\projects\data\model_weights\CIFAR-10/PreResNet/CyclicLR\2525\model_217_0.891700029373169.pth
[2023-11-05 00:06:06,031][root][INFO] - ===> BEST Val/Accuracy PERFORMANCE: 0.89170
[2023-11-05 00:06:06,031][root][INFO] - ===> epoch: 218/300
[2023-11-05 00:06:06,032][root][INFO] - train:
[2023-11-05 00:06:58,829][root][INFO] - val:
[2023-11-05 00:07:00,497][root][INFO] - ===> epoch: 219/300
[2023-11-05 00:07:00,497][root][INFO] - train:
[2023-11-05 00:07:52,880][root][INFO] - val:
[2023-11-05 00:07:54,519][root][INFO] - ===> epoch: 220/300
[2023-11-05 00:07:54,520][root][INFO] - train:
[2023-11-05 00:08:46,950][root][INFO] - val:
[2023-11-05 00:08:48,427][root][INFO] - Checkpoint saved to C:\Users\GeorgeS\Documents\facultate\master\projects\data\model_weights\CIFAR-10/PreResNet/CyclicLR\2525\model_220_0.pth
[2023-11-05 00:08:48,428][root][INFO] - ===> epoch: 221/300
[2023-11-05 00:08:48,428][root][INFO] - train:
[2023-11-05 00:09:41,002][root][INFO] - val:
[2023-11-05 00:09:42,561][root][INFO] - ===> epoch: 222/300
[2023-11-05 00:09:42,561][root][INFO] - train:
[2023-11-05 00:10:35,119][root][INFO] - val:
[2023-11-05 00:10:36,745][root][INFO] - ===> epoch: 223/300
[2023-11-05 00:10:36,745][root][INFO] - train:
[2023-11-05 00:11:28,853][root][INFO] - val:
[2023-11-05 00:11:30,447][root][INFO] - ===> epoch: 224/300
[2023-11-05 00:11:30,448][root][INFO] - train:
[2023-11-05 00:12:23,047][root][INFO] - val:
[2023-11-05 00:12:24,603][root][INFO] - ===> epoch: 225/300
[2023-11-05 00:12:24,604][root][INFO] - train:
[2023-11-05 00:13:16,671][root][INFO] - val:
[2023-11-05 00:13:18,109][root][INFO] - ===> epoch: 226/300
[2023-11-05 00:13:18,110][root][INFO] - train:
[2023-11-05 00:14:10,802][root][INFO] - val:
[2023-11-05 00:14:12,443][root][INFO] - ===> epoch: 227/300
[2023-11-05 00:14:12,443][root][INFO] - train:
[2023-11-05 00:15:04,980][root][INFO] - val:
[2023-11-05 00:15:06,632][root][INFO] - ===> epoch: 228/300
[2023-11-05 00:15:06,633][root][INFO] - train:
[2023-11-05 00:15:59,091][root][INFO] - val:
[2023-11-05 00:16:00,643][root][INFO] - ===> epoch: 229/300
[2023-11-05 00:16:00,643][root][INFO] - train:
[2023-11-05 00:16:52,967][root][INFO] - val:
[2023-11-05 00:16:54,412][root][INFO] - ===> epoch: 230/300
[2023-11-05 00:16:54,412][root][INFO] - train:
[2023-11-05 00:17:46,986][root][INFO] - val:
[2023-11-05 00:17:48,471][root][INFO] - Checkpoint saved to C:\Users\GeorgeS\Documents\facultate\master\projects\data\model_weights\CIFAR-10/PreResNet/CyclicLR\2525\model_230_0.pth
[2023-11-05 00:17:48,472][root][INFO] - ===> epoch: 231/300
[2023-11-05 00:17:48,472][root][INFO] - train:
[2023-11-05 00:18:40,917][root][INFO] - val:
[2023-11-05 00:18:42,516][root][INFO] - ===> epoch: 232/300
[2023-11-05 00:18:42,517][root][INFO] - train:
[2023-11-05 00:19:35,046][root][INFO] - val:
[2023-11-05 00:19:36,689][root][INFO] - ===> epoch: 233/300
[2023-11-05 00:19:36,689][root][INFO] - train:
[2023-11-05 00:20:29,167][root][INFO] - val:
[2023-11-05 00:20:30,724][root][INFO] - ===> epoch: 234/300
[2023-11-05 00:20:30,724][root][INFO] - train:
[2023-11-05 00:21:23,251][root][INFO] - val:
[2023-11-05 00:21:24,901][root][INFO] - ===> epoch: 235/300
[2023-11-05 00:21:24,901][root][INFO] - train:
[2023-11-05 00:22:17,396][root][INFO] - val:
[2023-11-05 00:22:19,072][root][INFO] - ===> epoch: 236/300
[2023-11-05 00:22:19,072][root][INFO] - train:
[2023-11-05 00:23:11,783][root][INFO] - val:
[2023-11-05 00:23:13,238][root][INFO] - ===> epoch: 237/300
[2023-11-05 00:23:13,239][root][INFO] - train:
[2023-11-05 00:24:05,248][root][INFO] - val:
[2023-11-05 00:24:06,686][root][INFO] - ===> epoch: 238/300
[2023-11-05 00:24:06,686][root][INFO] - train:
[2023-11-05 00:24:59,202][root][INFO] - val:
[2023-11-05 00:25:00,787][root][INFO] - ===> epoch: 239/300
[2023-11-05 00:25:00,788][root][INFO] - train:
[2023-11-05 00:25:53,010][root][INFO] - val:
[2023-11-05 00:25:54,627][root][INFO] - ===> epoch: 240/300
[2023-11-05 00:25:54,627][root][INFO] - train:
[2023-11-05 00:26:47,463][root][INFO] - val:
[2023-11-05 00:26:49,180][root][INFO] - Checkpoint saved to C:\Users\GeorgeS\Documents\facultate\master\projects\data\model_weights\CIFAR-10/PreResNet/CyclicLR\2525\model_240_0.pth
[2023-11-05 00:26:49,181][root][INFO] - ===> epoch: 241/300
[2023-11-05 00:26:49,181][root][INFO] - train:
[2023-11-05 00:27:41,697][root][INFO] - val:
[2023-11-05 00:27:43,342][root][INFO] - ===> epoch: 242/300
[2023-11-05 00:27:43,343][root][INFO] - train:
[2023-11-05 00:28:35,494][root][INFO] - val:
[2023-11-05 00:28:37,171][root][INFO] - ===> epoch: 243/300
[2023-11-05 00:28:37,171][root][INFO] - train:
[2023-11-05 00:29:29,929][root][INFO] - val:
[2023-11-05 00:29:31,521][root][INFO] - ===> epoch: 244/300
[2023-11-05 00:29:31,522][root][INFO] - train:
[2023-11-05 00:30:24,009][root][INFO] - val:
[2023-11-05 00:30:25,555][root][INFO] - ===> epoch: 245/300
[2023-11-05 00:30:25,556][root][INFO] - train:
[2023-11-05 00:31:18,190][root][INFO] - val:
[2023-11-05 00:31:19,742][root][INFO] - ===> epoch: 246/300
[2023-11-05 00:31:19,743][root][INFO] - train:
[2023-11-05 00:32:12,121][root][INFO] - val:
[2023-11-05 00:32:14,095][root][INFO] - ===> epoch: 247/300
[2023-11-05 00:32:14,095][root][INFO] - train:
[2023-11-05 00:33:05,973][root][INFO] - val:
[2023-11-05 00:33:07,444][root][INFO] - ===> epoch: 248/300
[2023-11-05 00:33:07,445][root][INFO] - train:
[2023-11-05 00:33:59,827][root][INFO] - val:
[2023-11-05 00:34:01,442][root][INFO] - ===> epoch: 249/300
[2023-11-05 00:34:01,443][root][INFO] - train:
[2023-11-05 00:34:53,804][root][INFO] - val:
[2023-11-05 00:34:55,456][root][INFO] - ===> epoch: 250/300
[2023-11-05 00:34:55,456][root][INFO] - train:
[2023-11-05 00:35:47,853][root][INFO] - val:
[2023-11-05 00:35:49,500][root][INFO] - Checkpoint saved to C:\Users\GeorgeS\Documents\facultate\master\projects\data\model_weights\CIFAR-10/PreResNet/CyclicLR\2525\model_250_0.pth
[2023-11-05 00:35:49,500][root][INFO] - ===> epoch: 251/300
[2023-11-05 00:35:49,501][root][INFO] - train:
[2023-11-05 00:36:41,841][root][INFO] - val:
[2023-11-05 00:36:43,727][root][INFO] - ===> epoch: 252/300
[2023-11-05 00:36:43,727][root][INFO] - train:
[2023-11-05 00:37:36,122][root][INFO] - val:
[2023-11-05 00:37:37,671][root][INFO] - ===> epoch: 253/300
[2023-11-05 00:37:37,671][root][INFO] - train:
[2023-11-05 00:38:29,968][root][INFO] - val:
[2023-11-05 00:38:31,539][root][INFO] - ===> epoch: 254/300
[2023-11-05 00:38:31,540][root][INFO] - train:
[2023-11-05 00:39:24,180][root][INFO] - val:
[2023-11-05 00:39:25,628][root][INFO] - ===> epoch: 255/300
[2023-11-05 00:39:25,629][root][INFO] - train:
[2023-11-05 00:40:18,115][root][INFO] - val:
[2023-11-05 00:40:19,563][root][INFO] - ===> epoch: 256/300
[2023-11-05 00:40:19,564][root][INFO] - train:
[2023-11-05 00:41:12,195][root][INFO] - val:
[2023-11-05 00:41:13,752][root][INFO] - ===> epoch: 257/300
[2023-11-05 00:41:13,752][root][INFO] - train:
[2023-11-05 00:42:05,636][root][INFO] - val:
[2023-11-05 00:42:07,082][root][INFO] - ===> epoch: 258/300
[2023-11-05 00:42:07,082][root][INFO] - train:
[2023-11-05 00:42:59,918][root][INFO] - val:
[2023-11-05 00:43:01,590][root][INFO] - ===> epoch: 259/300
[2023-11-05 00:43:01,591][root][INFO] - train:
[2023-11-05 00:43:54,352][root][INFO] - val:
[2023-11-05 00:43:55,951][root][INFO] - ===> epoch: 260/300
[2023-11-05 00:43:55,952][root][INFO] - train:
[2023-11-05 00:44:48,413][root][INFO] - val:
[2023-11-05 00:44:49,889][root][INFO] - Checkpoint saved to C:\Users\GeorgeS\Documents\facultate\master\projects\data\model_weights\CIFAR-10/PreResNet/CyclicLR\2525\model_260_0.pth
[2023-11-05 00:44:49,890][root][INFO] - ===> epoch: 261/300
[2023-11-05 00:44:49,890][root][INFO] - train:
[2023-11-05 00:45:42,031][root][INFO] - val:
[2023-11-05 00:45:43,638][root][INFO] - ===> epoch: 262/300
[2023-11-05 00:45:43,639][root][INFO] - train:
[2023-11-05 00:46:36,181][root][INFO] - val:
[2023-11-05 00:46:37,835][root][INFO] - ===> epoch: 263/300
[2023-11-05 00:46:37,835][root][INFO] - train:
[2023-11-05 00:47:30,369][root][INFO] - val:
[2023-11-05 00:47:31,826][root][INFO] - ===> epoch: 264/300
[2023-11-05 00:47:31,826][root][INFO] - train:
[2023-11-05 00:48:24,535][root][INFO] - val:
[2023-11-05 00:48:26,189][root][INFO] - ===> epoch: 265/300
[2023-11-05 00:48:26,190][root][INFO] - train:
[2023-11-05 00:49:18,306][root][INFO] - val:
[2023-11-05 00:49:20,089][root][INFO] - ===> epoch: 266/300
[2023-11-05 00:49:20,089][root][INFO] - train:
[2023-11-05 00:50:12,518][root][INFO] - val:
[2023-11-05 00:50:14,180][root][INFO] - ===> epoch: 267/300
[2023-11-05 00:50:14,180][root][INFO] - train:
[2023-11-05 00:51:06,531][root][INFO] - val:
[2023-11-05 00:51:08,095][root][INFO] - ===> epoch: 268/300
[2023-11-05 00:51:08,096][root][INFO] - train:
[2023-11-05 00:52:00,870][root][INFO] - val:
[2023-11-05 00:52:02,325][root][INFO] - ===> epoch: 269/300
[2023-11-05 00:52:02,325][root][INFO] - train:
[2023-11-05 00:52:55,059][root][INFO] - val:
[2023-11-05 00:52:56,631][root][INFO] - ===> epoch: 270/300
[2023-11-05 00:52:56,631][root][INFO] - train:
[2023-11-05 00:53:49,463][root][INFO] - val:
[2023-11-05 00:53:51,168][root][INFO] - Checkpoint saved to C:\Users\GeorgeS\Documents\facultate\master\projects\data\model_weights\CIFAR-10/PreResNet/CyclicLR\2525\model_270_0.pth
[2023-11-05 00:53:51,169][root][INFO] - ===> epoch: 271/300
[2023-11-05 00:53:51,169][root][INFO] - train:
[2023-11-05 00:54:43,254][root][INFO] - val:
[2023-11-05 00:54:45,160][root][INFO] - ===> epoch: 272/300
[2023-11-05 00:54:45,161][root][INFO] - train:
[2023-11-05 00:55:37,240][root][INFO] - val:
[2023-11-05 00:55:38,847][root][INFO] - ===> epoch: 273/300
[2023-11-05 00:55:38,847][root][INFO] - train:
[2023-11-05 00:56:31,148][root][INFO] - val:
[2023-11-05 00:56:32,833][root][INFO] - ===> epoch: 274/300
[2023-11-05 00:56:32,833][root][INFO] - train:
[2023-11-05 00:57:25,401][root][INFO] - val:
[2023-11-05 00:57:27,034][root][INFO] - ===> epoch: 275/300
[2023-11-05 00:57:27,035][root][INFO] - train:
[2023-11-05 00:58:19,761][root][INFO] - val:
[2023-11-05 00:58:21,374][root][INFO] - ===> epoch: 276/300
[2023-11-05 00:58:21,374][root][INFO] - train:
[2023-11-05 00:59:14,282][root][INFO] - val:
[2023-11-05 00:59:15,912][root][INFO] - ===> epoch: 277/300
[2023-11-05 00:59:15,913][root][INFO] - train:
[2023-11-05 01:00:08,087][root][INFO] - val:
[2023-11-05 01:00:09,542][root][INFO] - ===> epoch: 278/300
[2023-11-05 01:00:09,542][root][INFO] - train:
[2023-11-05 01:01:02,022][root][INFO] - val:
[2023-11-05 01:01:03,460][root][INFO] - ===> epoch: 279/300
[2023-11-05 01:01:03,461][root][INFO] - train:
[2023-11-05 01:01:55,962][root][INFO] - val:
[2023-11-05 01:01:57,586][root][INFO] - ===> epoch: 280/300
[2023-11-05 01:01:57,587][root][INFO] - train:
[2023-11-05 01:02:50,082][root][INFO] - val:
[2023-11-05 01:02:51,648][root][INFO] - Checkpoint saved to C:\Users\GeorgeS\Documents\facultate\master\projects\data\model_weights\CIFAR-10/PreResNet/CyclicLR\2525\model_280_0.pth
[2023-11-05 01:02:51,649][root][INFO] - ===> epoch: 281/300
[2023-11-05 01:02:51,649][root][INFO] - train:
[2023-11-05 01:03:43,789][root][INFO] - val:
[2023-11-05 01:03:45,453][root][INFO] - ===> epoch: 282/300
[2023-11-05 01:03:45,454][root][INFO] - train:
[2023-11-05 01:04:37,961][root][INFO] - val:
[2023-11-05 01:04:39,655][root][INFO] - ===> epoch: 283/300
[2023-11-05 01:04:39,655][root][INFO] - train:
[2023-11-05 01:05:31,991][root][INFO] - val:
[2023-11-05 01:05:33,429][root][INFO] - ===> epoch: 284/300
[2023-11-05 01:05:33,429][root][INFO] - train:
[2023-11-05 01:06:26,097][root][INFO] - val:
[2023-11-05 01:06:27,684][root][INFO] - ===> epoch: 285/300
[2023-11-05 01:06:27,684][root][INFO] - train:
[2023-11-05 01:07:19,933][root][INFO] - val:
[2023-11-05 01:07:21,762][root][INFO] - ===> epoch: 286/300
[2023-11-05 01:07:21,763][root][INFO] - train:
[2023-11-05 01:08:14,041][root][INFO] - val:
[2023-11-05 01:08:15,710][root][INFO] - ===> epoch: 287/300
[2023-11-05 01:08:15,710][root][INFO] - train:
[2023-11-05 01:09:08,154][root][INFO] - val:
[2023-11-05 01:09:09,593][root][INFO] - ===> epoch: 288/300
[2023-11-05 01:09:09,593][root][INFO] - train:
[2023-11-05 01:10:01,894][root][INFO] - val:
[2023-11-05 01:10:03,562][root][INFO] - ===> epoch: 289/300
[2023-11-05 01:10:03,563][root][INFO] - train:
[2023-11-05 01:10:56,188][root][INFO] - val:
[2023-11-05 01:10:57,749][root][INFO] - ===> epoch: 290/300
[2023-11-05 01:10:57,749][root][INFO] - train:
[2023-11-05 01:11:50,227][root][INFO] - val:
[2023-11-05 01:11:51,795][root][INFO] - Checkpoint saved to C:\Users\GeorgeS\Documents\facultate\master\projects\data\model_weights\CIFAR-10/PreResNet/CyclicLR\2525\model_290_0.pth
[2023-11-05 01:11:51,796][root][INFO] - ===> epoch: 291/300
[2023-11-05 01:11:51,796][root][INFO] - train:
[2023-11-05 01:12:43,932][root][INFO] - val:
[2023-11-05 01:12:45,604][root][INFO] - ===> epoch: 292/300
[2023-11-05 01:12:45,605][root][INFO] - train:
[2023-11-05 01:13:38,046][root][INFO] - val:
[2023-11-05 01:13:39,635][root][INFO] - ===> epoch: 293/300
[2023-11-05 01:13:39,635][root][INFO] - train:
[2023-11-05 01:14:32,223][root][INFO] - val:
[2023-11-05 01:14:33,831][root][INFO] - ===> epoch: 294/300
[2023-11-05 01:14:33,832][root][INFO] - train:
[2023-11-05 01:15:26,546][root][INFO] - val:
[2023-11-05 01:15:28,158][root][INFO] - ===> epoch: 295/300
[2023-11-05 01:15:28,158][root][INFO] - train:
[2023-11-05 01:16:20,316][root][INFO] - val:
[2023-11-05 01:16:21,841][root][INFO] - ===> epoch: 296/300
[2023-11-05 01:16:21,842][root][INFO] - train:
[2023-11-05 01:17:14,075][root][INFO] - val:
[2023-11-05 01:17:15,702][root][INFO] - ===> epoch: 297/300
[2023-11-05 01:17:15,702][root][INFO] - train:
[2023-11-05 01:18:08,179][root][INFO] - val:
[2023-11-05 01:18:09,713][root][INFO] - ===> epoch: 298/300
[2023-11-05 01:18:09,714][root][INFO] - train:
[2023-11-05 01:19:02,414][root][INFO] - val:
[2023-11-05 01:19:04,052][root][INFO] - ===> epoch: 299/300
[2023-11-05 01:19:04,053][root][INFO] - train:
[2023-11-05 01:19:56,042][root][INFO] - val:
[2023-11-05 01:19:57,477][root][INFO] - ===> BEST Val/Accuracy PERFORMANCE: 0.89170
[2023-11-05 01:20:57,436][root][INFO] - Saved best accuracy checkpoint
