[2023-11-13 20:10:22,034][root][INFO] - Saving current code to C:\Users\GeorgeS\Documents\facultate\master\projects\Pytorch-Template\outputs\2023-11-13\20-10-21\runs\CIFAR-10/PreResNet/OneCycleBS\2525
[2023-11-13 20:10:22,202][root][INFO] - Loading train_dataset!
[2023-11-13 20:10:49,226][root][INFO] - Loading val_dataset!
[2023-11-13 20:10:55,775][root][INFO] - ===> epoch: 1/300
[2023-11-13 20:10:55,776][root][INFO] - train:
[2023-11-13 20:11:46,574][root][INFO] - val:
[2023-11-13 20:11:49,997][root][INFO] - Checkpoint saved to C:\Users\GeorgeS\Documents\facultate\master\projects\data\model_weights\CIFAR-10/PreResNet/OneCycleBS\2525\model_1_0.47429999709129333.pth
[2023-11-13 20:11:49,998][root][INFO] - ===> BEST Val/Accuracy PERFORMANCE: 0.47430
[2023-11-13 20:11:49,998][root][INFO] - ===> epoch: 2/300
[2023-11-13 20:11:49,998][root][INFO] - train:
[2023-11-13 20:12:36,067][root][INFO] - val:
[2023-11-13 20:12:37,538][root][INFO] - Checkpoint saved to C:\Users\GeorgeS\Documents\facultate\master\projects\data\model_weights\CIFAR-10/PreResNet/OneCycleBS\2525\model_2_0.5338000059127808.pth
[2023-11-13 20:12:37,538][root][INFO] - ===> BEST Val/Accuracy PERFORMANCE: 0.53380
[2023-11-13 20:12:37,539][root][INFO] - ===> epoch: 3/300
[2023-11-13 20:12:37,539][root][INFO] - train:
[2023-11-13 20:13:22,938][root][INFO] - val:
[2023-11-13 20:13:24,486][root][INFO] - Checkpoint saved to C:\Users\GeorgeS\Documents\facultate\master\projects\data\model_weights\CIFAR-10/PreResNet/OneCycleBS\2525\model_3_0.5796999931335449.pth
[2023-11-13 20:13:24,486][root][INFO] - ===> BEST Val/Accuracy PERFORMANCE: 0.57970
[2023-11-13 20:13:24,487][root][INFO] - ===> epoch: 4/300
[2023-11-13 20:13:24,487][root][INFO] - train:
[2023-11-13 20:14:10,229][root][INFO] - val:
[2023-11-13 20:14:11,680][root][INFO] - ===> epoch: 5/300
[2023-11-13 20:14:11,680][root][INFO] - train:
[2023-11-13 20:14:57,873][root][INFO] - val:
[2023-11-13 20:14:59,376][root][INFO] - Checkpoint saved to C:\Users\GeorgeS\Documents\facultate\master\projects\data\model_weights\CIFAR-10/PreResNet/OneCycleBS\2525\model_5_0.6171000003814697.pth
[2023-11-13 20:14:59,377][root][INFO] - ===> BEST Val/Accuracy PERFORMANCE: 0.61710
[2023-11-13 20:14:59,378][root][INFO] - ===> epoch: 6/300
[2023-11-13 20:14:59,379][root][INFO] - train:
[2023-11-13 20:15:44,693][root][INFO] - val:
[2023-11-13 20:15:46,159][root][INFO] - Checkpoint saved to C:\Users\GeorgeS\Documents\facultate\master\projects\data\model_weights\CIFAR-10/PreResNet/OneCycleBS\2525\model_6_0.6312000155448914.pth
[2023-11-13 20:15:46,160][root][INFO] - ===> BEST Val/Accuracy PERFORMANCE: 0.63120
[2023-11-13 20:15:46,160][root][INFO] - ===> epoch: 7/300
[2023-11-13 20:15:46,161][root][INFO] - train:
[2023-11-13 20:16:33,200][root][INFO] - val:
[2023-11-13 20:16:34,777][root][INFO] - Checkpoint saved to C:\Users\GeorgeS\Documents\facultate\master\projects\data\model_weights\CIFAR-10/PreResNet/OneCycleBS\2525\model_7_0.6740999817848206.pth
[2023-11-13 20:16:34,778][root][INFO] - ===> BEST Val/Accuracy PERFORMANCE: 0.67410
[2023-11-13 20:16:34,778][root][INFO] - ===> epoch: 8/300
[2023-11-13 20:16:34,779][root][INFO] - train:
[2023-11-13 20:17:19,844][root][INFO] - val:
[2023-11-13 20:17:21,367][root][INFO] - Checkpoint saved to C:\Users\GeorgeS\Documents\facultate\master\projects\data\model_weights\CIFAR-10/PreResNet/OneCycleBS\2525\model_8_0.6812000274658203.pth
[2023-11-13 20:17:21,367][root][INFO] - ===> BEST Val/Accuracy PERFORMANCE: 0.68120
[2023-11-13 20:17:21,368][root][INFO] - ===> epoch: 9/300
[2023-11-13 20:17:21,369][root][INFO] - train:
[2023-11-13 20:18:07,948][root][INFO] - val:
[2023-11-13 20:18:09,435][root][INFO] - Checkpoint saved to C:\Users\GeorgeS\Documents\facultate\master\projects\data\model_weights\CIFAR-10/PreResNet/OneCycleBS\2525\model_9_0.6865000128746033.pth
[2023-11-13 20:18:09,436][root][INFO] - ===> BEST Val/Accuracy PERFORMANCE: 0.68650
[2023-11-13 20:18:09,436][root][INFO] - ===> epoch: 10/300
[2023-11-13 20:18:09,437][root][INFO] - train:
[2023-11-13 20:18:54,802][root][INFO] - val:
[2023-11-13 20:18:56,380][root][INFO] - Checkpoint saved to C:\Users\GeorgeS\Documents\facultate\master\projects\data\model_weights\CIFAR-10/PreResNet/OneCycleBS\2525\model_10_0.pth
[2023-11-13 20:18:56,381][root][INFO] - ===> epoch: 11/300
[2023-11-13 20:18:56,381][root][INFO] - train:
[2023-11-13 20:19:44,537][root][INFO] - val:
[2023-11-13 20:19:46,033][root][INFO] - Checkpoint saved to C:\Users\GeorgeS\Documents\facultate\master\projects\data\model_weights\CIFAR-10/PreResNet/OneCycleBS\2525\model_11_0.7124999761581421.pth
[2023-11-13 20:19:46,034][root][INFO] - ===> BEST Val/Accuracy PERFORMANCE: 0.71250
[2023-11-13 20:19:46,034][root][INFO] - ===> epoch: 12/300
[2023-11-13 20:19:46,035][root][INFO] - train:
[2023-11-13 20:20:33,285][root][INFO] - val:
[2023-11-13 20:20:34,841][root][INFO] - ===> epoch: 13/300
[2023-11-13 20:20:34,842][root][INFO] - train:
[2023-11-13 20:21:21,131][root][INFO] - val:
[2023-11-13 20:21:22,593][root][INFO] - ===> epoch: 14/300
[2023-11-13 20:21:22,594][root][INFO] - train:
[2023-11-13 20:22:10,511][root][INFO] - val:
[2023-11-13 20:22:11,988][root][INFO] - Checkpoint saved to C:\Users\GeorgeS\Documents\facultate\master\projects\data\model_weights\CIFAR-10/PreResNet/OneCycleBS\2525\model_14_0.7258999943733215.pth
[2023-11-13 20:22:11,989][root][INFO] - ===> BEST Val/Accuracy PERFORMANCE: 0.72590
[2023-11-13 20:22:11,990][root][INFO] - ===> epoch: 15/300
[2023-11-13 20:22:11,990][root][INFO] - train:
[2023-11-13 20:22:58,159][root][INFO] - val:
[2023-11-13 20:22:59,651][root][INFO] - Checkpoint saved to C:\Users\GeorgeS\Documents\facultate\master\projects\data\model_weights\CIFAR-10/PreResNet/OneCycleBS\2525\model_15_0.7300000190734863.pth
[2023-11-13 20:22:59,652][root][INFO] - ===> BEST Val/Accuracy PERFORMANCE: 0.73000
[2023-11-13 20:22:59,652][root][INFO] - ===> epoch: 16/300
[2023-11-13 20:22:59,653][root][INFO] - train:
[2023-11-13 20:23:47,816][root][INFO] - val:
[2023-11-13 20:23:49,317][root][INFO] - Checkpoint saved to C:\Users\GeorgeS\Documents\facultate\master\projects\data\model_weights\CIFAR-10/PreResNet/OneCycleBS\2525\model_16_0.7415000200271606.pth
[2023-11-13 20:23:49,318][root][INFO] - ===> BEST Val/Accuracy PERFORMANCE: 0.74150
[2023-11-13 20:23:49,319][root][INFO] - ===> epoch: 17/300
[2023-11-13 20:23:49,319][root][INFO] - train:
[2023-11-13 20:24:35,583][root][INFO] - val:
[2023-11-13 20:24:37,063][root][INFO] - Checkpoint saved to C:\Users\GeorgeS\Documents\facultate\master\projects\data\model_weights\CIFAR-10/PreResNet/OneCycleBS\2525\model_17_0.7560999989509583.pth
[2023-11-13 20:24:37,064][root][INFO] - ===> BEST Val/Accuracy PERFORMANCE: 0.75610
[2023-11-13 20:24:37,065][root][INFO] - ===> epoch: 18/300
[2023-11-13 20:24:37,065][root][INFO] - train:
[2023-11-13 20:25:25,250][root][INFO] - val:
[2023-11-13 20:25:26,738][root][INFO] - Checkpoint saved to C:\Users\GeorgeS\Documents\facultate\master\projects\data\model_weights\CIFAR-10/PreResNet/OneCycleBS\2525\model_18_0.760699987411499.pth
[2023-11-13 20:25:26,738][root][INFO] - ===> BEST Val/Accuracy PERFORMANCE: 0.76070
[2023-11-13 20:25:26,739][root][INFO] - ===> epoch: 19/300
[2023-11-13 20:25:26,739][root][INFO] - train:
[2023-11-13 20:26:12,660][root][INFO] - val:
[2023-11-13 20:26:14,179][root][INFO] - Checkpoint saved to C:\Users\GeorgeS\Documents\facultate\master\projects\data\model_weights\CIFAR-10/PreResNet/OneCycleBS\2525\model_19_0.770799994468689.pth
[2023-11-13 20:26:14,179][root][INFO] - ===> BEST Val/Accuracy PERFORMANCE: 0.77080
[2023-11-13 20:26:14,180][root][INFO] - ===> epoch: 20/300
[2023-11-13 20:26:14,181][root][INFO] - train:
[2023-11-13 20:27:02,393][root][INFO] - val:
[2023-11-13 20:27:03,892][root][INFO] - Checkpoint saved to C:\Users\GeorgeS\Documents\facultate\master\projects\data\model_weights\CIFAR-10/PreResNet/OneCycleBS\2525\model_20_0.pth
[2023-11-13 20:27:03,893][root][INFO] - ===> epoch: 21/300
[2023-11-13 20:27:03,893][root][INFO] - train:
[2023-11-13 20:27:50,024][root][INFO] - val:
[2023-11-13 20:27:51,523][root][INFO] - Checkpoint saved to C:\Users\GeorgeS\Documents\facultate\master\projects\data\model_weights\CIFAR-10/PreResNet/OneCycleBS\2525\model_21_0.7820000052452087.pth
[2023-11-13 20:27:51,524][root][INFO] - ===> BEST Val/Accuracy PERFORMANCE: 0.78200
[2023-11-13 20:27:51,524][root][INFO] - ===> epoch: 22/300
[2023-11-13 20:27:51,525][root][INFO] - train:
[2023-11-13 20:28:40,047][root][INFO] - val:
[2023-11-13 20:28:41,594][root][INFO] - Checkpoint saved to C:\Users\GeorgeS\Documents\facultate\master\projects\data\model_weights\CIFAR-10/PreResNet/OneCycleBS\2525\model_22_0.7853000164031982.pth
[2023-11-13 20:28:41,594][root][INFO] - ===> BEST Val/Accuracy PERFORMANCE: 0.78530
[2023-11-13 20:28:41,595][root][INFO] - ===> epoch: 23/300
[2023-11-13 20:28:41,596][root][INFO] - train:
[2023-11-13 20:29:29,977][root][INFO] - val:
[2023-11-13 20:29:31,432][root][INFO] - ===> epoch: 24/300
[2023-11-13 20:29:31,432][root][INFO] - train:
[2023-11-13 20:30:17,422][root][INFO] - val:
[2023-11-13 20:30:19,131][root][INFO] - Checkpoint saved to C:\Users\GeorgeS\Documents\facultate\master\projects\data\model_weights\CIFAR-10/PreResNet/OneCycleBS\2525\model_24_0.7889999747276306.pth
[2023-11-13 20:30:19,132][root][INFO] - ===> BEST Val/Accuracy PERFORMANCE: 0.78900
[2023-11-13 20:30:19,132][root][INFO] - ===> epoch: 25/300
[2023-11-13 20:30:19,133][root][INFO] - train:
[2023-11-13 20:31:08,055][root][INFO] - val:
[2023-11-13 20:31:09,566][root][INFO] - Checkpoint saved to C:\Users\GeorgeS\Documents\facultate\master\projects\data\model_weights\CIFAR-10/PreResNet/OneCycleBS\2525\model_25_0.7983999848365784.pth
[2023-11-13 20:31:09,567][root][INFO] - ===> BEST Val/Accuracy PERFORMANCE: 0.79840
[2023-11-13 20:31:09,567][root][INFO] - ===> epoch: 26/300
[2023-11-13 20:31:09,568][root][INFO] - train:
[2023-11-13 20:31:57,201][root][INFO] - val:
[2023-11-13 20:31:58,651][root][INFO] - ===> epoch: 27/300
[2023-11-13 20:31:58,652][root][INFO] - train:
[2023-11-13 20:32:46,756][root][INFO] - val:
[2023-11-13 20:32:48,202][root][INFO] - ===> epoch: 28/300
[2023-11-13 20:32:48,202][root][INFO] - train:
[2023-11-13 20:33:34,508][root][INFO] - val:
[2023-11-13 20:33:36,010][root][INFO] - Checkpoint saved to C:\Users\GeorgeS\Documents\facultate\master\projects\data\model_weights\CIFAR-10/PreResNet/OneCycleBS\2525\model_28_0.8050000071525574.pth
[2023-11-13 20:33:36,010][root][INFO] - ===> BEST Val/Accuracy PERFORMANCE: 0.80500
[2023-11-13 20:33:36,011][root][INFO] - ===> epoch: 29/300
[2023-11-13 20:33:36,012][root][INFO] - train:
[2023-11-13 20:34:23,549][root][INFO] - val:
[2023-11-13 20:34:25,111][root][INFO] - ===> epoch: 30/300
[2023-11-13 20:34:25,111][root][INFO] - train:
[2023-11-13 20:35:13,262][root][INFO] - val:
[2023-11-13 20:35:14,744][root][INFO] - Checkpoint saved to C:\Users\GeorgeS\Documents\facultate\master\projects\data\model_weights\CIFAR-10/PreResNet/OneCycleBS\2525\model_30_0.8129000067710876.pth
[2023-11-13 20:35:14,745][root][INFO] - ===> BEST Val/Accuracy PERFORMANCE: 0.81290
[2023-11-13 20:35:14,783][root][INFO] - Checkpoint saved to C:\Users\GeorgeS\Documents\facultate\master\projects\data\model_weights\CIFAR-10/PreResNet/OneCycleBS\2525\model_30_0.pth
[2023-11-13 20:35:14,784][root][INFO] - ===> epoch: 31/300
[2023-11-13 20:35:14,784][root][INFO] - train:
[2023-11-13 20:36:02,929][root][INFO] - val:
[2023-11-13 20:36:04,376][root][INFO] - ===> epoch: 32/300
[2023-11-13 20:36:04,376][root][INFO] - train:
[2023-11-13 20:36:54,052][root][INFO] - val:
[2023-11-13 20:36:55,699][root][INFO] - Checkpoint saved to C:\Users\GeorgeS\Documents\facultate\master\projects\data\model_weights\CIFAR-10/PreResNet/OneCycleBS\2525\model_32_0.8144999742507935.pth
[2023-11-13 20:36:55,700][root][INFO] - ===> BEST Val/Accuracy PERFORMANCE: 0.81450
[2023-11-13 20:36:55,701][root][INFO] - ===> epoch: 33/300
[2023-11-13 20:36:55,702][root][INFO] - train:
[2023-11-13 20:37:48,995][root][INFO] - val:
[2023-11-13 20:37:50,600][root][INFO] - ===> epoch: 34/300
[2023-11-13 20:37:50,601][root][INFO] - train:
[2023-11-13 20:38:44,564][root][INFO] - val:
[2023-11-13 20:38:46,174][root][INFO] - ===> epoch: 35/300
[2023-11-13 20:38:46,174][root][INFO] - train:
[2023-11-13 20:39:40,276][root][INFO] - val:
[2023-11-13 20:39:41,924][root][INFO] - Checkpoint saved to C:\Users\GeorgeS\Documents\facultate\master\projects\data\model_weights\CIFAR-10/PreResNet/OneCycleBS\2525\model_35_0.8327999711036682.pth
[2023-11-13 20:39:41,925][root][INFO] - ===> BEST Val/Accuracy PERFORMANCE: 0.83280
[2023-11-13 20:39:41,926][root][INFO] - ===> epoch: 36/300
[2023-11-13 20:39:41,927][root][INFO] - train:
[2023-11-13 20:40:36,620][root][INFO] - val:
[2023-11-13 20:40:38,209][root][INFO] - ===> epoch: 37/300
[2023-11-13 20:40:38,209][root][INFO] - train:
[2023-11-13 20:41:35,643][root][INFO] - val:
[2023-11-13 20:41:37,321][root][INFO] - ===> epoch: 38/300
[2023-11-13 20:41:37,322][root][INFO] - train:
[2023-11-13 20:42:31,839][root][INFO] - val:
[2023-11-13 20:42:33,397][root][INFO] - ===> epoch: 39/300
[2023-11-13 20:42:33,397][root][INFO] - train:
[2023-11-13 20:43:23,413][root][INFO] - val:
[2023-11-13 20:43:24,850][root][INFO] - ===> epoch: 40/300
[2023-11-13 20:43:24,850][root][INFO] - train:
[2023-11-13 20:44:13,284][root][INFO] - val:
[2023-11-13 20:44:14,779][root][INFO] - Checkpoint saved to C:\Users\GeorgeS\Documents\facultate\master\projects\data\model_weights\CIFAR-10/PreResNet/OneCycleBS\2525\model_40_0.pth
[2023-11-13 20:44:14,780][root][INFO] - ===> epoch: 41/300
[2023-11-13 20:44:14,780][root][INFO] - train:
[2023-11-13 20:45:03,440][root][INFO] - val:
[2023-11-13 20:45:04,891][root][INFO] - ===> epoch: 42/300
[2023-11-13 20:45:04,892][root][INFO] - train:
[2023-11-13 20:45:53,711][root][INFO] - val:
[2023-11-13 20:45:55,164][root][INFO] - ===> epoch: 43/300
[2023-11-13 20:45:55,165][root][INFO] - train:
[2023-11-13 20:46:44,306][root][INFO] - val:
[2023-11-13 20:46:45,750][root][INFO] - ===> epoch: 44/300
[2023-11-13 20:46:45,750][root][INFO] - train:
[2023-11-13 20:47:34,732][root][INFO] - val:
[2023-11-13 20:47:36,225][root][INFO] - Checkpoint saved to C:\Users\GeorgeS\Documents\facultate\master\projects\data\model_weights\CIFAR-10/PreResNet/OneCycleBS\2525\model_44_0.8407999873161316.pth
[2023-11-13 20:47:36,226][root][INFO] - ===> BEST Val/Accuracy PERFORMANCE: 0.84080
[2023-11-13 20:47:36,226][root][INFO] - ===> epoch: 45/300
[2023-11-13 20:47:36,226][root][INFO] - train:
[2023-11-13 20:48:25,393][root][INFO] - val:
[2023-11-13 20:48:26,829][root][INFO] - ===> epoch: 46/300
[2023-11-13 20:48:26,830][root][INFO] - train:
[2023-11-13 20:49:16,069][root][INFO] - val:
[2023-11-13 20:49:17,530][root][INFO] - ===> epoch: 47/300
[2023-11-13 20:49:17,531][root][INFO] - train:
[2023-11-13 20:50:05,359][root][INFO] - val:
[2023-11-13 20:50:06,797][root][INFO] - ===> epoch: 48/300
[2023-11-13 20:50:06,797][root][INFO] - train:
[2023-11-13 20:50:56,126][root][INFO] - val:
[2023-11-13 20:50:57,736][root][INFO] - Checkpoint saved to C:\Users\GeorgeS\Documents\facultate\master\projects\data\model_weights\CIFAR-10/PreResNet/OneCycleBS\2525\model_48_0.8446999788284302.pth
[2023-11-13 20:50:57,737][root][INFO] - ===> BEST Val/Accuracy PERFORMANCE: 0.84470
[2023-11-13 20:50:57,737][root][INFO] - ===> epoch: 49/300
[2023-11-13 20:50:57,738][root][INFO] - train:
[2023-11-13 20:51:46,876][root][INFO] - val:
[2023-11-13 20:51:48,366][root][INFO] - Checkpoint saved to C:\Users\GeorgeS\Documents\facultate\master\projects\data\model_weights\CIFAR-10/PreResNet/OneCycleBS\2525\model_49_0.847599983215332.pth
[2023-11-13 20:51:48,367][root][INFO] - ===> BEST Val/Accuracy PERFORMANCE: 0.84760
[2023-11-13 20:51:48,368][root][INFO] - ===> epoch: 50/300
[2023-11-13 20:51:48,368][root][INFO] - train:
[2023-11-13 20:52:38,082][root][INFO] - val:
[2023-11-13 20:52:39,561][root][INFO] - Checkpoint saved to C:\Users\GeorgeS\Documents\facultate\master\projects\data\model_weights\CIFAR-10/PreResNet/OneCycleBS\2525\model_50_0.pth
[2023-11-13 20:52:39,562][root][INFO] - ===> epoch: 51/300
[2023-11-13 20:52:39,562][root][INFO] - train:
[2023-11-13 20:53:28,496][root][INFO] - val:
[2023-11-13 20:53:29,947][root][INFO] - ===> epoch: 52/300
[2023-11-13 20:53:29,947][root][INFO] - train:
[2023-11-13 20:54:19,106][root][INFO] - val:
[2023-11-13 20:54:20,550][root][INFO] - ===> epoch: 53/300
[2023-11-13 20:54:20,550][root][INFO] - train:
[2023-11-13 20:55:09,349][root][INFO] - val:
[2023-11-13 20:55:10,982][root][INFO] - ===> epoch: 54/300
[2023-11-13 20:55:10,982][root][INFO] - train:
[2023-11-13 20:56:00,386][root][INFO] - val:
[2023-11-13 20:56:01,841][root][INFO] - ===> epoch: 55/300
[2023-11-13 20:56:01,842][root][INFO] - train:
[2023-11-13 20:56:51,583][root][INFO] - val:
[2023-11-13 20:56:53,044][root][INFO] - ===> epoch: 56/300
[2023-11-13 20:56:53,045][root][INFO] - train:
[2023-11-13 20:57:43,177][root][INFO] - val:
[2023-11-13 20:57:44,615][root][INFO] - ===> epoch: 57/300
[2023-11-13 20:57:44,615][root][INFO] - train:
[2023-11-13 20:58:34,998][root][INFO] - val:
[2023-11-13 20:58:36,472][root][INFO] - ===> epoch: 58/300
[2023-11-13 20:58:36,472][root][INFO] - train:
[2023-11-13 20:59:27,077][root][INFO] - val:
[2023-11-13 20:59:28,569][root][INFO] - Checkpoint saved to C:\Users\GeorgeS\Documents\facultate\master\projects\data\model_weights\CIFAR-10/PreResNet/OneCycleBS\2525\model_58_0.8500000238418579.pth
[2023-11-13 20:59:28,570][root][INFO] - ===> BEST Val/Accuracy PERFORMANCE: 0.85000
[2023-11-13 20:59:28,570][root][INFO] - ===> epoch: 59/300
[2023-11-13 20:59:28,571][root][INFO] - train:
[2023-11-13 21:00:19,059][root][INFO] - val:
[2023-11-13 21:00:20,548][root][INFO] - Checkpoint saved to C:\Users\GeorgeS\Documents\facultate\master\projects\data\model_weights\CIFAR-10/PreResNet/OneCycleBS\2525\model_59_0.8529999852180481.pth
[2023-11-13 21:00:20,549][root][INFO] - ===> BEST Val/Accuracy PERFORMANCE: 0.85300
[2023-11-13 21:00:20,549][root][INFO] - ===> epoch: 60/300
[2023-11-13 21:00:20,550][root][INFO] - train:
[2023-11-13 21:01:09,940][root][INFO] - val:
[2023-11-13 21:01:11,430][root][INFO] - Checkpoint saved to C:\Users\GeorgeS\Documents\facultate\master\projects\data\model_weights\CIFAR-10/PreResNet/OneCycleBS\2525\model_60_0.pth
[2023-11-13 21:01:11,431][root][INFO] - ===> epoch: 61/300
[2023-11-13 21:01:11,431][root][INFO] - train:
[2023-11-13 21:02:02,440][root][INFO] - val:
[2023-11-13 21:02:03,888][root][INFO] - ===> epoch: 62/300
[2023-11-13 21:02:03,888][root][INFO] - train:
[2023-11-13 21:02:55,252][root][INFO] - val:
[2023-11-13 21:02:56,705][root][INFO] - ===> epoch: 63/300
[2023-11-13 21:02:56,705][root][INFO] - train:
[2023-11-13 21:03:48,306][root][INFO] - val:
[2023-11-13 21:03:49,758][root][INFO] - ===> epoch: 64/300
[2023-11-13 21:03:49,758][root][INFO] - train:
[2023-11-13 21:04:41,431][root][INFO] - val:
[2023-11-13 21:04:42,879][root][INFO] - ===> epoch: 65/300
[2023-11-13 21:04:42,879][root][INFO] - train:
[2023-11-13 21:05:33,498][root][INFO] - val:
[2023-11-13 21:05:34,944][root][INFO] - ===> epoch: 66/300
[2023-11-13 21:05:34,944][root][INFO] - train:
[2023-11-13 21:06:26,956][root][INFO] - val:
[2023-11-13 21:06:28,398][root][INFO] - ===> epoch: 67/300
[2023-11-13 21:06:28,399][root][INFO] - train:
[2023-11-13 21:07:20,999][root][INFO] - val:
[2023-11-13 21:07:22,442][root][INFO] - ===> epoch: 68/300
[2023-11-13 21:07:22,442][root][INFO] - train:
[2023-11-13 21:08:15,415][root][INFO] - val:
[2023-11-13 21:08:16,905][root][INFO] - Checkpoint saved to C:\Users\GeorgeS\Documents\facultate\master\projects\data\model_weights\CIFAR-10/PreResNet/OneCycleBS\2525\model_68_0.8632000088691711.pth
[2023-11-13 21:08:16,906][root][INFO] - ===> BEST Val/Accuracy PERFORMANCE: 0.86320
[2023-11-13 21:08:16,907][root][INFO] - ===> epoch: 69/300
[2023-11-13 21:08:16,907][root][INFO] - train:
[2023-11-13 21:09:09,017][root][INFO] - val:
[2023-11-13 21:09:10,450][root][INFO] - ===> epoch: 70/300
[2023-11-13 21:09:10,450][root][INFO] - train:
[2023-11-13 21:10:02,333][root][INFO] - val:
[2023-11-13 21:10:03,805][root][INFO] - Checkpoint saved to C:\Users\GeorgeS\Documents\facultate\master\projects\data\model_weights\CIFAR-10/PreResNet/OneCycleBS\2525\model_70_0.pth
[2023-11-13 21:10:03,806][root][INFO] - ===> epoch: 71/300
[2023-11-13 21:10:03,806][root][INFO] - train:
[2023-11-13 21:10:57,256][root][INFO] - val:
[2023-11-13 21:10:58,701][root][INFO] - ===> epoch: 72/300
[2023-11-13 21:10:58,702][root][INFO] - train:
[2023-11-13 21:11:50,989][root][INFO] - val:
[2023-11-13 21:11:52,594][root][INFO] - ===> epoch: 73/300
[2023-11-13 21:11:52,594][root][INFO] - train:
[2023-11-13 21:12:46,138][root][INFO] - val:
[2023-11-13 21:12:47,579][root][INFO] - ===> epoch: 74/300
[2023-11-13 21:12:47,580][root][INFO] - train:
[2023-11-13 21:13:40,306][root][INFO] - val:
[2023-11-13 21:13:41,791][root][INFO] - Checkpoint saved to C:\Users\GeorgeS\Documents\facultate\master\projects\data\model_weights\CIFAR-10/PreResNet/OneCycleBS\2525\model_74_0.8652999997138977.pth
[2023-11-13 21:13:41,791][root][INFO] - ===> BEST Val/Accuracy PERFORMANCE: 0.86530
[2023-11-13 21:13:41,792][root][INFO] - ===> epoch: 75/300
[2023-11-13 21:13:41,792][root][INFO] - train:
[2023-11-13 21:14:36,218][root][INFO] - val:
[2023-11-13 21:14:37,697][root][INFO] - Checkpoint saved to C:\Users\GeorgeS\Documents\facultate\master\projects\data\model_weights\CIFAR-10/PreResNet/OneCycleBS\2525\model_75_0.8668000102043152.pth
[2023-11-13 21:14:37,698][root][INFO] - ===> BEST Val/Accuracy PERFORMANCE: 0.86680
[2023-11-13 21:14:37,699][root][INFO] - ===> epoch: 76/300
[2023-11-13 21:14:37,699][root][INFO] - train:
[2023-11-13 21:15:31,278][root][INFO] - val:
[2023-11-13 21:15:32,726][root][INFO] - ===> epoch: 77/300
[2023-11-13 21:15:32,726][root][INFO] - train:
[2023-11-13 21:16:27,396][root][INFO] - val:
[2023-11-13 21:16:28,835][root][INFO] - ===> epoch: 78/300
[2023-11-13 21:16:28,835][root][INFO] - train:
[2023-11-13 21:17:22,949][root][INFO] - val:
[2023-11-13 21:17:24,399][root][INFO] - ===> epoch: 79/300
[2023-11-13 21:17:24,400][root][INFO] - train:
[2023-11-13 21:18:20,209][root][INFO] - val:
[2023-11-13 21:18:21,656][root][INFO] - ===> epoch: 80/300
[2023-11-13 21:18:21,656][root][INFO] - train:
[2023-11-13 21:19:16,805][root][INFO] - val:
[2023-11-13 21:19:18,289][root][INFO] - Checkpoint saved to C:\Users\GeorgeS\Documents\facultate\master\projects\data\model_weights\CIFAR-10/PreResNet/OneCycleBS\2525\model_80_0.pth
[2023-11-13 21:19:18,290][root][INFO] - ===> epoch: 81/300
[2023-11-13 21:19:18,290][root][INFO] - train:
[2023-11-13 21:20:13,183][root][INFO] - val:
[2023-11-13 21:20:14,638][root][INFO] - ===> epoch: 82/300
[2023-11-13 21:20:14,638][root][INFO] - train:
[2023-11-13 21:21:11,969][root][INFO] - val:
[2023-11-13 21:21:13,407][root][INFO] - ===> epoch: 83/300
[2023-11-13 21:21:13,407][root][INFO] - train:
[2023-11-13 21:22:08,789][root][INFO] - val:
[2023-11-13 21:22:10,238][root][INFO] - ===> epoch: 84/300
[2023-11-13 21:22:10,238][root][INFO] - train:
[2023-11-13 21:23:06,057][root][INFO] - val:
[2023-11-13 21:23:07,539][root][INFO] - ===> epoch: 85/300
[2023-11-13 21:23:07,540][root][INFO] - train:
[2023-11-13 21:24:02,791][root][INFO] - val:
[2023-11-13 21:24:04,376][root][INFO] - Checkpoint saved to C:\Users\GeorgeS\Documents\facultate\master\projects\data\model_weights\CIFAR-10/PreResNet/OneCycleBS\2525\model_85_0.8684999942779541.pth
[2023-11-13 21:24:04,376][root][INFO] - ===> BEST Val/Accuracy PERFORMANCE: 0.86850
[2023-11-13 21:24:04,377][root][INFO] - ===> epoch: 86/300
[2023-11-13 21:24:04,378][root][INFO] - train:
[2023-11-13 21:25:01,289][root][INFO] - val:
[2023-11-13 21:25:02,729][root][INFO] - ===> epoch: 87/300
[2023-11-13 21:25:02,729][root][INFO] - train:
[2023-11-13 21:25:58,767][root][INFO] - val:
[2023-11-13 21:26:00,208][root][INFO] - ===> epoch: 88/300
[2023-11-13 21:26:00,209][root][INFO] - train:
[2023-11-13 21:26:56,043][root][INFO] - val:
[2023-11-13 21:26:57,483][root][INFO] - ===> epoch: 89/300
[2023-11-13 21:26:57,483][root][INFO] - train:
[2023-11-13 21:27:53,422][root][INFO] - val:
[2023-11-13 21:27:54,882][root][INFO] - ===> epoch: 90/300
[2023-11-13 21:27:54,883][root][INFO] - train:
[2023-11-13 21:28:50,637][root][INFO] - val:
[2023-11-13 21:28:52,122][root][INFO] - Checkpoint saved to C:\Users\GeorgeS\Documents\facultate\master\projects\data\model_weights\CIFAR-10/PreResNet/OneCycleBS\2525\model_90_0.pth
[2023-11-13 21:28:52,123][root][INFO] - ===> epoch: 91/300
[2023-11-13 21:28:52,123][root][INFO] - train:
[2023-11-13 21:29:47,747][root][INFO] - val:
[2023-11-13 21:29:49,199][root][INFO] - ===> epoch: 92/300
[2023-11-13 21:29:49,199][root][INFO] - train:
[2023-11-13 21:30:45,481][root][INFO] - val:
[2023-11-13 21:30:46,931][root][INFO] - ===> epoch: 93/300
[2023-11-13 21:30:46,931][root][INFO] - train:
[2023-11-13 21:31:42,814][root][INFO] - val:
[2023-11-13 21:31:44,253][root][INFO] - ===> epoch: 94/300
[2023-11-13 21:31:44,254][root][INFO] - train:
[2023-11-13 21:32:40,066][root][INFO] - val:
[2023-11-13 21:32:41,517][root][INFO] - ===> epoch: 95/300
[2023-11-13 21:32:41,517][root][INFO] - train:
[2023-11-13 21:33:37,304][root][INFO] - val:
[2023-11-13 21:33:38,746][root][INFO] - ===> epoch: 96/300
[2023-11-13 21:33:38,747][root][INFO] - train:
[2023-11-13 21:34:34,315][root][INFO] - val:
[2023-11-13 21:34:35,901][root][INFO] - ===> epoch: 97/300
[2023-11-13 21:34:35,901][root][INFO] - train:
[2023-11-13 21:35:31,501][root][INFO] - val:
[2023-11-13 21:35:32,941][root][INFO] - ===> epoch: 98/300
[2023-11-13 21:35:32,941][root][INFO] - train:
[2023-11-13 21:36:28,618][root][INFO] - val:
[2023-11-13 21:36:30,082][root][INFO] - ===> epoch: 99/300
[2023-11-13 21:36:30,083][root][INFO] - train:
[2023-11-13 21:37:25,281][root][INFO] - val:
[2023-11-13 21:37:26,763][root][INFO] - Checkpoint saved to C:\Users\GeorgeS\Documents\facultate\master\projects\data\model_weights\CIFAR-10/PreResNet/OneCycleBS\2525\model_99_0.871999979019165.pth
[2023-11-13 21:37:26,764][root][INFO] - ===> BEST Val/Accuracy PERFORMANCE: 0.87200
[2023-11-13 21:37:26,765][root][INFO] - ===> epoch: 100/300
[2023-11-13 21:37:26,765][root][INFO] - train:
[2023-11-13 21:38:22,047][root][INFO] - val:
[2023-11-13 21:38:23,528][root][INFO] - Checkpoint saved to C:\Users\GeorgeS\Documents\facultate\master\projects\data\model_weights\CIFAR-10/PreResNet/OneCycleBS\2525\model_100_0.8723999857902527.pth
[2023-11-13 21:38:23,529][root][INFO] - ===> BEST Val/Accuracy PERFORMANCE: 0.87240
[2023-11-13 21:38:23,564][root][INFO] - Checkpoint saved to C:\Users\GeorgeS\Documents\facultate\master\projects\data\model_weights\CIFAR-10/PreResNet/OneCycleBS\2525\model_100_0.pth
[2023-11-13 21:38:23,565][root][INFO] - ===> epoch: 101/300
[2023-11-13 21:38:23,565][root][INFO] - train:
[2023-11-13 21:39:18,818][root][INFO] - val:
[2023-11-13 21:39:20,262][root][INFO] - ===> epoch: 102/300
[2023-11-13 21:39:20,262][root][INFO] - train:
[2023-11-13 21:40:15,311][root][INFO] - val:
[2023-11-13 21:40:16,766][root][INFO] - ===> epoch: 103/300
[2023-11-13 21:40:16,766][root][INFO] - train:
[2023-11-13 21:41:11,820][root][INFO] - val:
[2023-11-13 21:41:13,282][root][INFO] - ===> epoch: 104/300
[2023-11-13 21:41:13,283][root][INFO] - train:
[2023-11-13 21:42:08,398][root][INFO] - val:
[2023-11-13 21:42:09,846][root][INFO] - ===> epoch: 105/300
[2023-11-13 21:42:09,846][root][INFO] - train:
[2023-11-13 21:43:04,683][root][INFO] - val:
[2023-11-13 21:43:06,123][root][INFO] - ===> epoch: 106/300
[2023-11-13 21:43:06,123][root][INFO] - train:
[2023-11-13 21:44:00,632][root][INFO] - val:
[2023-11-13 21:44:02,282][root][INFO] - ===> epoch: 107/300
[2023-11-13 21:44:02,282][root][INFO] - train:
[2023-11-13 21:44:56,731][root][INFO] - val:
[2023-11-13 21:44:58,166][root][INFO] - ===> epoch: 108/300
[2023-11-13 21:44:58,167][root][INFO] - train:
[2023-11-13 21:45:52,888][root][INFO] - val:
[2023-11-13 21:45:54,325][root][INFO] - ===> epoch: 109/300
[2023-11-13 21:45:54,326][root][INFO] - train:
[2023-11-13 21:46:48,158][root][INFO] - val:
[2023-11-13 21:46:49,617][root][INFO] - ===> epoch: 110/300
[2023-11-13 21:46:49,617][root][INFO] - train:
[2023-11-13 21:47:43,526][root][INFO] - val:
[2023-11-13 21:47:45,026][root][INFO] - Checkpoint saved to C:\Users\GeorgeS\Documents\facultate\master\projects\data\model_weights\CIFAR-10/PreResNet/OneCycleBS\2525\model_110_0.8730000257492065.pth
[2023-11-13 21:47:45,026][root][INFO] - ===> BEST Val/Accuracy PERFORMANCE: 0.87300
[2023-11-13 21:47:45,065][root][INFO] - Checkpoint saved to C:\Users\GeorgeS\Documents\facultate\master\projects\data\model_weights\CIFAR-10/PreResNet/OneCycleBS\2525\model_110_0.pth
[2023-11-13 21:47:45,066][root][INFO] - ===> epoch: 111/300
[2023-11-13 21:47:45,066][root][INFO] - train:
[2023-11-13 21:48:38,895][root][INFO] - val:
[2023-11-13 21:48:40,331][root][INFO] - ===> epoch: 112/300
[2023-11-13 21:48:40,331][root][INFO] - train:
[2023-11-13 21:49:33,637][root][INFO] - val:
[2023-11-13 21:49:35,070][root][INFO] - ===> epoch: 113/300
[2023-11-13 21:49:35,070][root][INFO] - train:
[2023-11-13 21:50:28,567][root][INFO] - val:
[2023-11-13 21:50:30,061][root][INFO] - Checkpoint saved to C:\Users\GeorgeS\Documents\facultate\master\projects\data\model_weights\CIFAR-10/PreResNet/OneCycleBS\2525\model_113_0.8765000104904175.pth
[2023-11-13 21:50:30,061][root][INFO] - ===> BEST Val/Accuracy PERFORMANCE: 0.87650
[2023-11-13 21:50:30,062][root][INFO] - ===> epoch: 114/300
[2023-11-13 21:50:30,063][root][INFO] - train:
[2023-11-13 21:51:22,778][root][INFO] - val:
[2023-11-13 21:51:24,226][root][INFO] - ===> epoch: 115/300
[2023-11-13 21:51:24,226][root][INFO] - train:
[2023-11-13 21:52:16,909][root][INFO] - val:
[2023-11-13 21:52:18,342][root][INFO] - ===> epoch: 116/300
[2023-11-13 21:52:18,343][root][INFO] - train:
[2023-11-13 21:53:10,840][root][INFO] - val:
[2023-11-13 21:53:12,279][root][INFO] - ===> epoch: 117/300
[2023-11-13 21:53:12,280][root][INFO] - train:
[2023-11-13 21:54:04,569][root][INFO] - val:
[2023-11-13 21:54:06,063][root][INFO] - Checkpoint saved to C:\Users\GeorgeS\Documents\facultate\master\projects\data\model_weights\CIFAR-10/PreResNet/OneCycleBS\2525\model_117_0.8779000043869019.pth
[2023-11-13 21:54:06,063][root][INFO] - ===> BEST Val/Accuracy PERFORMANCE: 0.87790
[2023-11-13 21:54:06,064][root][INFO] - ===> epoch: 118/300
[2023-11-13 21:54:06,065][root][INFO] - train:
[2023-11-13 21:55:02,462][root][INFO] - val:
[2023-11-13 21:55:04,103][root][INFO] - Checkpoint saved to C:\Users\GeorgeS\Documents\facultate\master\projects\data\model_weights\CIFAR-10/PreResNet/OneCycleBS\2525\model_118_0.8809999823570251.pth
[2023-11-13 21:55:04,104][root][INFO] - ===> BEST Val/Accuracy PERFORMANCE: 0.88100
[2023-11-13 21:55:04,105][root][INFO] - ===> epoch: 119/300
[2023-11-13 21:55:04,105][root][INFO] - train:
[2023-11-13 21:56:02,527][root][INFO] - val:
[2023-11-13 21:56:04,136][root][INFO] - ===> epoch: 120/300
[2023-11-13 21:56:04,137][root][INFO] - train:
[2023-11-13 21:57:02,386][root][INFO] - val:
[2023-11-13 21:57:04,020][root][INFO] - Checkpoint saved to C:\Users\GeorgeS\Documents\facultate\master\projects\data\model_weights\CIFAR-10/PreResNet/OneCycleBS\2525\model_120_0.pth
[2023-11-13 21:57:04,021][root][INFO] - ===> epoch: 121/300
[2023-11-13 21:57:04,022][root][INFO] - train:
[2023-11-13 21:58:02,279][root][INFO] - val:
[2023-11-13 21:58:03,937][root][INFO] - Checkpoint saved to C:\Users\GeorgeS\Documents\facultate\master\projects\data\model_weights\CIFAR-10/PreResNet/OneCycleBS\2525\model_121_0.8852999806404114.pth
[2023-11-13 21:58:03,938][root][INFO] - ===> BEST Val/Accuracy PERFORMANCE: 0.88530
[2023-11-13 21:58:03,939][root][INFO] - ===> epoch: 122/300
[2023-11-13 21:58:03,939][root][INFO] - train:
[2023-11-13 21:59:01,843][root][INFO] - val:
[2023-11-13 21:59:03,446][root][INFO] - ===> epoch: 123/300
[2023-11-13 21:59:03,447][root][INFO] - train:
[2023-11-13 22:00:00,920][root][INFO] - val:
[2023-11-13 22:00:02,521][root][INFO] - ===> epoch: 124/300
[2023-11-13 22:00:02,522][root][INFO] - train:
[2023-11-13 22:01:00,222][root][INFO] - val:
[2023-11-13 22:01:01,835][root][INFO] - ===> epoch: 125/300
[2023-11-13 22:01:01,836][root][INFO] - train:
[2023-11-13 22:01:58,667][root][INFO] - val:
[2023-11-13 22:02:00,443][root][INFO] - ===> epoch: 126/300
[2023-11-13 22:02:00,444][root][INFO] - train:
[2023-11-13 22:03:01,119][root][INFO] - val:
[2023-11-13 22:03:02,798][root][INFO] - ===> epoch: 127/300
[2023-11-13 22:03:02,798][root][INFO] - train:
[2023-11-13 22:03:59,446][root][INFO] - val:
[2023-11-13 22:04:00,884][root][INFO] - ===> epoch: 128/300
[2023-11-13 22:04:00,884][root][INFO] - train:
[2023-11-13 22:04:51,278][root][INFO] - val:
[2023-11-13 22:04:52,715][root][INFO] - ===> epoch: 129/300
[2023-11-13 22:04:52,715][root][INFO] - train:
[2023-11-13 22:05:43,246][root][INFO] - val:
[2023-11-13 22:05:44,699][root][INFO] - ===> epoch: 130/300
[2023-11-13 22:05:44,700][root][INFO] - train:
[2023-11-13 22:06:34,511][root][INFO] - val:
[2023-11-13 22:06:36,184][root][INFO] - Checkpoint saved to C:\Users\GeorgeS\Documents\facultate\master\projects\data\model_weights\CIFAR-10/PreResNet/OneCycleBS\2525\model_130_0.8860999941825867.pth
[2023-11-13 22:06:36,184][root][INFO] - ===> BEST Val/Accuracy PERFORMANCE: 0.88610
[2023-11-13 22:06:36,219][root][INFO] - Checkpoint saved to C:\Users\GeorgeS\Documents\facultate\master\projects\data\model_weights\CIFAR-10/PreResNet/OneCycleBS\2525\model_130_0.pth
[2023-11-13 22:06:36,219][root][INFO] - ===> epoch: 131/300
[2023-11-13 22:06:36,219][root][INFO] - train:
[2023-11-13 22:07:26,086][root][INFO] - val:
[2023-11-13 22:07:27,542][root][INFO] - ===> epoch: 132/300
[2023-11-13 22:07:27,542][root][INFO] - train:
[2023-11-13 22:08:17,323][root][INFO] - val:
[2023-11-13 22:08:18,817][root][INFO] - Checkpoint saved to C:\Users\GeorgeS\Documents\facultate\master\projects\data\model_weights\CIFAR-10/PreResNet/OneCycleBS\2525\model_132_0.8919000029563904.pth
[2023-11-13 22:08:18,818][root][INFO] - ===> BEST Val/Accuracy PERFORMANCE: 0.89190
[2023-11-13 22:08:18,818][root][INFO] - ===> epoch: 133/300
[2023-11-13 22:08:18,819][root][INFO] - train:
[2023-11-13 22:09:08,305][root][INFO] - val:
[2023-11-13 22:09:09,746][root][INFO] - ===> epoch: 134/300
[2023-11-13 22:09:09,746][root][INFO] - train:
[2023-11-13 22:09:59,265][root][INFO] - val:
[2023-11-13 22:10:00,723][root][INFO] - ===> epoch: 135/300
[2023-11-13 22:10:00,724][root][INFO] - train:
[2023-11-13 22:10:49,740][root][INFO] - val:
[2023-11-13 22:10:51,327][root][INFO] - ===> epoch: 136/300
[2023-11-13 22:10:51,328][root][INFO] - train:
[2023-11-13 22:11:40,238][root][INFO] - val:
[2023-11-13 22:11:41,697][root][INFO] - ===> epoch: 137/300
[2023-11-13 22:11:41,698][root][INFO] - train:
[2023-11-13 22:12:30,255][root][INFO] - val:
[2023-11-13 22:12:31,691][root][INFO] - ===> epoch: 138/300
[2023-11-13 22:12:31,691][root][INFO] - train:
[2023-11-13 22:13:20,237][root][INFO] - val:
[2023-11-13 22:13:21,701][root][INFO] - ===> epoch: 139/300
[2023-11-13 22:13:21,701][root][INFO] - train:
[2023-11-13 22:14:09,992][root][INFO] - val:
[2023-11-13 22:14:11,434][root][INFO] - ===> epoch: 140/300
[2023-11-13 22:14:11,435][root][INFO] - train:
[2023-11-13 22:14:59,545][root][INFO] - val:
[2023-11-13 22:15:01,201][root][INFO] - Checkpoint saved to C:\Users\GeorgeS\Documents\facultate\master\projects\data\model_weights\CIFAR-10/PreResNet/OneCycleBS\2525\model_140_0.pth
[2023-11-13 22:15:01,202][root][INFO] - ===> epoch: 141/300
[2023-11-13 22:15:01,202][root][INFO] - train:
[2023-11-13 22:15:48,923][root][INFO] - val:
[2023-11-13 22:15:50,382][root][INFO] - ===> epoch: 142/300
[2023-11-13 22:15:50,382][root][INFO] - train:
[2023-11-13 22:16:38,410][root][INFO] - val:
[2023-11-13 22:16:39,864][root][INFO] - ===> epoch: 143/300
[2023-11-13 22:16:39,864][root][INFO] - train:
[2023-11-13 22:17:27,819][root][INFO] - val:
[2023-11-13 22:17:29,274][root][INFO] - ===> epoch: 144/300
[2023-11-13 22:17:29,275][root][INFO] - train:
[2023-11-13 22:18:16,943][root][INFO] - val:
[2023-11-13 22:18:18,393][root][INFO] - ===> epoch: 145/300
[2023-11-13 22:18:18,393][root][INFO] - train:
[2023-11-13 22:19:06,879][root][INFO] - val:
[2023-11-13 22:19:08,338][root][INFO] - ===> epoch: 146/300
[2023-11-13 22:19:08,339][root][INFO] - train:
[2023-11-13 22:19:56,141][root][INFO] - val:
[2023-11-13 22:19:57,589][root][INFO] - ===> epoch: 147/300
[2023-11-13 22:19:57,589][root][INFO] - train:
[2023-11-13 22:20:45,682][root][INFO] - val:
[2023-11-13 22:20:47,142][root][INFO] - ===> epoch: 148/300
[2023-11-13 22:20:47,143][root][INFO] - train:
[2023-11-13 22:21:36,013][root][INFO] - val:
[2023-11-13 22:21:37,462][root][INFO] - ===> epoch: 149/300
[2023-11-13 22:21:37,463][root][INFO] - train:
[2023-11-13 22:22:25,394][root][INFO] - val:
[2023-11-13 22:22:26,855][root][INFO] - ===> epoch: 150/300
[2023-11-13 22:22:26,855][root][INFO] - train:
[2023-11-13 22:23:14,630][root][INFO] - val:
[2023-11-13 22:23:16,121][root][INFO] - Checkpoint saved to C:\Users\GeorgeS\Documents\facultate\master\projects\data\model_weights\CIFAR-10/PreResNet/OneCycleBS\2525\model_150_0.892799973487854.pth
[2023-11-13 22:23:16,122][root][INFO] - ===> BEST Val/Accuracy PERFORMANCE: 0.89280
[2023-11-13 22:23:16,155][root][INFO] - Checkpoint saved to C:\Users\GeorgeS\Documents\facultate\master\projects\data\model_weights\CIFAR-10/PreResNet/OneCycleBS\2525\model_150_0.pth
[2023-11-13 22:23:16,155][root][INFO] - ===> epoch: 151/300
[2023-11-13 22:23:16,155][root][INFO] - train:
[2023-11-13 22:24:04,075][root][INFO] - val:
[2023-11-13 22:24:05,535][root][INFO] - ===> epoch: 152/300
[2023-11-13 22:24:05,535][root][INFO] - train:
[2023-11-13 22:24:53,229][root][INFO] - val:
[2023-11-13 22:24:54,674][root][INFO] - ===> epoch: 153/300
[2023-11-13 22:24:54,675][root][INFO] - train:
[2023-11-13 22:25:42,202][root][INFO] - val:
[2023-11-13 22:25:43,652][root][INFO] - ===> epoch: 154/300
[2023-11-13 22:25:43,653][root][INFO] - train:
[2023-11-13 22:26:30,732][root][INFO] - val:
[2023-11-13 22:26:32,345][root][INFO] - ===> epoch: 155/300
[2023-11-13 22:26:32,346][root][INFO] - train:
[2023-11-13 22:27:19,209][root][INFO] - val:
[2023-11-13 22:27:20,658][root][INFO] - ===> epoch: 156/300
[2023-11-13 22:27:20,659][root][INFO] - train:
[2023-11-13 22:28:07,583][root][INFO] - val:
[2023-11-13 22:28:09,046][root][INFO] - ===> epoch: 157/300
[2023-11-13 22:28:09,047][root][INFO] - train:
[2023-11-13 22:28:57,833][root][INFO] - val:
[2023-11-13 22:28:59,327][root][INFO] - Checkpoint saved to C:\Users\GeorgeS\Documents\facultate\master\projects\data\model_weights\CIFAR-10/PreResNet/OneCycleBS\2525\model_157_0.8952000141143799.pth
[2023-11-13 22:28:59,327][root][INFO] - ===> BEST Val/Accuracy PERFORMANCE: 0.89520
[2023-11-13 22:28:59,328][root][INFO] - ===> epoch: 158/300
[2023-11-13 22:28:59,329][root][INFO] - train:
[2023-11-13 22:29:50,155][root][INFO] - val:
[2023-11-13 22:29:51,607][root][INFO] - ===> epoch: 159/300
[2023-11-13 22:29:51,607][root][INFO] - train:
[2023-11-13 22:30:39,139][root][INFO] - val:
[2023-11-13 22:30:40,683][root][INFO] - ===> epoch: 160/300
[2023-11-13 22:30:40,683][root][INFO] - train:
[2023-11-13 22:31:27,682][root][INFO] - val:
[2023-11-13 22:31:29,158][root][INFO] - Checkpoint saved to C:\Users\GeorgeS\Documents\facultate\master\projects\data\model_weights\CIFAR-10/PreResNet/OneCycleBS\2525\model_160_0.8956000208854675.pth
[2023-11-13 22:31:29,159][root][INFO] - ===> BEST Val/Accuracy PERFORMANCE: 0.89560
[2023-11-13 22:31:29,195][root][INFO] - Checkpoint saved to C:\Users\GeorgeS\Documents\facultate\master\projects\data\model_weights\CIFAR-10/PreResNet/OneCycleBS\2525\model_160_0.pth
[2023-11-13 22:31:29,196][root][INFO] - ===> epoch: 161/300
[2023-11-13 22:31:29,196][root][INFO] - train:
[2023-11-13 22:32:16,666][root][INFO] - val:
[2023-11-13 22:32:18,122][root][INFO] - ===> epoch: 162/300
[2023-11-13 22:32:18,122][root][INFO] - train:
[2023-11-13 22:33:05,254][root][INFO] - val:
[2023-11-13 22:33:06,704][root][INFO] - ===> epoch: 163/300
[2023-11-13 22:33:06,704][root][INFO] - train:
[2023-11-13 22:33:53,772][root][INFO] - val:
[2023-11-13 22:33:55,217][root][INFO] - ===> epoch: 164/300
[2023-11-13 22:33:55,218][root][INFO] - train:
[2023-11-13 22:34:41,335][root][INFO] - val:
[2023-11-13 22:34:42,783][root][INFO] - ===> epoch: 165/300
[2023-11-13 22:34:42,783][root][INFO] - train:
[2023-11-13 22:35:28,769][root][INFO] - val:
[2023-11-13 22:35:30,215][root][INFO] - ===> epoch: 166/300
[2023-11-13 22:35:30,215][root][INFO] - train:
[2023-11-13 22:36:16,473][root][INFO] - val:
[2023-11-13 22:36:17,918][root][INFO] - ===> epoch: 167/300
[2023-11-13 22:36:17,918][root][INFO] - train:
[2023-11-13 22:37:03,865][root][INFO] - val:
[2023-11-13 22:37:05,314][root][INFO] - ===> epoch: 168/300
[2023-11-13 22:37:05,315][root][INFO] - train:
[2023-11-13 22:37:51,000][root][INFO] - val:
[2023-11-13 22:37:52,458][root][INFO] - ===> epoch: 169/300
[2023-11-13 22:37:52,459][root][INFO] - train:
[2023-11-13 22:38:38,200][root][INFO] - val:
[2023-11-13 22:38:39,664][root][INFO] - ===> epoch: 170/300
[2023-11-13 22:38:39,664][root][INFO] - train:
[2023-11-13 22:39:25,727][root][INFO] - val:
[2023-11-13 22:39:27,216][root][INFO] - Checkpoint saved to C:\Users\GeorgeS\Documents\facultate\master\projects\data\model_weights\CIFAR-10/PreResNet/OneCycleBS\2525\model_170_0.pth
[2023-11-13 22:39:27,217][root][INFO] - ===> epoch: 171/300
[2023-11-13 22:39:27,217][root][INFO] - train:
[2023-11-13 22:40:13,294][root][INFO] - val:
[2023-11-13 22:40:14,743][root][INFO] - ===> epoch: 172/300
[2023-11-13 22:40:14,743][root][INFO] - train:
[2023-11-13 22:41:01,554][root][INFO] - val:
[2023-11-13 22:41:03,242][root][INFO] - Checkpoint saved to C:\Users\GeorgeS\Documents\facultate\master\projects\data\model_weights\CIFAR-10/PreResNet/OneCycleBS\2525\model_172_0.8974000215530396.pth
[2023-11-13 22:41:03,243][root][INFO] - ===> BEST Val/Accuracy PERFORMANCE: 0.89740
[2023-11-13 22:41:03,243][root][INFO] - ===> epoch: 173/300
[2023-11-13 22:41:03,244][root][INFO] - train:
[2023-11-13 22:41:49,514][root][INFO] - val:
[2023-11-13 22:41:50,992][root][INFO] - ===> epoch: 174/300
[2023-11-13 22:41:50,993][root][INFO] - train:
[2023-11-13 22:42:37,470][root][INFO] - val:
[2023-11-13 22:42:38,940][root][INFO] - ===> epoch: 175/300
[2023-11-13 22:42:38,940][root][INFO] - train:
[2023-11-13 22:43:25,252][root][INFO] - val:
[2023-11-13 22:43:26,716][root][INFO] - ===> epoch: 176/300
[2023-11-13 22:43:26,717][root][INFO] - train:
[2023-11-13 22:44:13,076][root][INFO] - val:
[2023-11-13 22:44:14,545][root][INFO] - ===> epoch: 177/300
[2023-11-13 22:44:14,545][root][INFO] - train:
[2023-11-13 22:45:04,532][root][INFO] - val:
[2023-11-13 22:45:06,068][root][INFO] - ===> epoch: 178/300
[2023-11-13 22:45:06,069][root][INFO] - train:
[2023-11-13 22:45:54,741][root][INFO] - val:
[2023-11-13 22:45:56,249][root][INFO] - ===> epoch: 179/300
[2023-11-13 22:45:56,250][root][INFO] - train:
[2023-11-13 22:46:47,288][root][INFO] - val:
[2023-11-13 22:46:48,820][root][INFO] - ===> epoch: 180/300
[2023-11-13 22:46:48,821][root][INFO] - train:
[2023-11-13 22:47:38,074][root][INFO] - val:
[2023-11-13 22:47:39,577][root][INFO] - Checkpoint saved to C:\Users\GeorgeS\Documents\facultate\master\projects\data\model_weights\CIFAR-10/PreResNet/OneCycleBS\2525\model_180_0.pth
[2023-11-13 22:47:39,578][root][INFO] - ===> epoch: 181/300
[2023-11-13 22:47:39,578][root][INFO] - train:
[2023-11-13 22:48:28,376][root][INFO] - val:
[2023-11-13 22:48:30,090][root][INFO] - Checkpoint saved to C:\Users\GeorgeS\Documents\facultate\master\projects\data\model_weights\CIFAR-10/PreResNet/OneCycleBS\2525\model_181_0.8998000025749207.pth
[2023-11-13 22:48:30,090][root][INFO] - ===> BEST Val/Accuracy PERFORMANCE: 0.89980
[2023-11-13 22:48:30,091][root][INFO] - ===> epoch: 182/300
[2023-11-13 22:48:30,092][root][INFO] - train:
[2023-11-13 22:49:18,946][root][INFO] - val:
[2023-11-13 22:49:20,419][root][INFO] - ===> epoch: 183/300
[2023-11-13 22:49:20,420][root][INFO] - train:
[2023-11-13 22:50:08,466][root][INFO] - val:
[2023-11-13 22:50:09,925][root][INFO] - ===> epoch: 184/300
[2023-11-13 22:50:09,926][root][INFO] - train:
[2023-11-13 22:51:01,816][root][INFO] - val:
[2023-11-13 22:51:03,334][root][INFO] - ===> epoch: 185/300
[2023-11-13 22:51:03,335][root][INFO] - train:
[2023-11-13 22:51:53,821][root][INFO] - val:
[2023-11-13 22:51:55,289][root][INFO] - ===> epoch: 186/300
[2023-11-13 22:51:55,289][root][INFO] - train:
[2023-11-13 22:52:45,393][root][INFO] - val:
[2023-11-13 22:52:47,111][root][INFO] - ===> epoch: 187/300
[2023-11-13 22:52:47,112][root][INFO] - train:
[2023-11-13 22:53:37,360][root][INFO] - val:
[2023-11-13 22:53:38,905][root][INFO] - ===> epoch: 188/300
[2023-11-13 22:53:38,906][root][INFO] - train:
[2023-11-13 22:54:30,400][root][INFO] - val:
[2023-11-13 22:54:31,977][root][INFO] - ===> epoch: 189/300
[2023-11-13 22:54:31,977][root][INFO] - train:
[2023-11-13 22:55:22,987][root][INFO] - val:
[2023-11-13 22:55:24,558][root][INFO] - ===> epoch: 190/300
[2023-11-13 22:55:24,558][root][INFO] - train:
[2023-11-13 22:56:16,074][root][INFO] - val:
[2023-11-13 22:56:17,654][root][INFO] - Checkpoint saved to C:\Users\GeorgeS\Documents\facultate\master\projects\data\model_weights\CIFAR-10/PreResNet/OneCycleBS\2525\model_190_0.pth
[2023-11-13 22:56:17,655][root][INFO] - ===> epoch: 191/300
[2023-11-13 22:56:17,655][root][INFO] - train:
[2023-11-13 22:57:08,985][root][INFO] - val:
[2023-11-13 22:57:10,536][root][INFO] - ===> epoch: 192/300
[2023-11-13 22:57:10,536][root][INFO] - train:
[2023-11-13 22:58:02,441][root][INFO] - val:
[2023-11-13 22:58:04,028][root][INFO] - ===> epoch: 193/300
[2023-11-13 22:58:04,028][root][INFO] - train:
[2023-11-13 22:58:55,746][root][INFO] - val:
[2023-11-13 22:58:57,277][root][INFO] - ===> epoch: 194/300
[2023-11-13 22:58:57,277][root][INFO] - train:
[2023-11-13 22:59:48,498][root][INFO] - val:
[2023-11-13 22:59:50,038][root][INFO] - ===> epoch: 195/300
[2023-11-13 22:59:50,038][root][INFO] - train:
[2023-11-13 23:00:41,500][root][INFO] - val:
[2023-11-13 23:00:43,009][root][INFO] - ===> epoch: 196/300
[2023-11-13 23:00:43,010][root][INFO] - train:
[2023-11-13 23:01:32,055][root][INFO] - val:
[2023-11-13 23:01:33,621][root][INFO] - ===> epoch: 197/300
[2023-11-13 23:01:33,622][root][INFO] - train:
[2023-11-13 23:02:22,944][root][INFO] - val:
[2023-11-13 23:02:24,418][root][INFO] - ===> epoch: 198/300
[2023-11-13 23:02:24,418][root][INFO] - train:
[2023-11-13 23:03:13,317][root][INFO] - val:
[2023-11-13 23:03:14,806][root][INFO] - ===> epoch: 199/300
[2023-11-13 23:03:14,806][root][INFO] - train:
[2023-11-13 23:04:04,764][root][INFO] - val:
[2023-11-13 23:04:06,332][root][INFO] - ===> epoch: 200/300
[2023-11-13 23:04:06,332][root][INFO] - train:
[2023-11-13 23:04:58,470][root][INFO] - val:
[2023-11-13 23:05:00,074][root][INFO] - Checkpoint saved to C:\Users\GeorgeS\Documents\facultate\master\projects\data\model_weights\CIFAR-10/PreResNet/OneCycleBS\2525\model_200_0.pth
[2023-11-13 23:05:00,075][root][INFO] - ===> epoch: 201/300
[2023-11-13 23:05:00,075][root][INFO] - train:
[2023-11-13 23:05:52,000][root][INFO] - val:
[2023-11-13 23:05:53,575][root][INFO] - Checkpoint saved to C:\Users\GeorgeS\Documents\facultate\master\projects\data\model_weights\CIFAR-10/PreResNet/OneCycleBS\2525\model_201_0.9002000093460083.pth
[2023-11-13 23:05:53,576][root][INFO] - ===> BEST Val/Accuracy PERFORMANCE: 0.90020
[2023-11-13 23:05:53,577][root][INFO] - ===> epoch: 202/300
[2023-11-13 23:05:53,577][root][INFO] - train:
[2023-11-13 23:06:46,382][root][INFO] - val:
[2023-11-13 23:06:47,947][root][INFO] - ===> epoch: 203/300
[2023-11-13 23:06:47,948][root][INFO] - train:
[2023-11-13 23:07:38,162][root][INFO] - val:
[2023-11-13 23:07:39,676][root][INFO] - Checkpoint saved to C:\Users\GeorgeS\Documents\facultate\master\projects\data\model_weights\CIFAR-10/PreResNet/OneCycleBS\2525\model_203_0.9013000130653381.pth
[2023-11-13 23:07:39,676][root][INFO] - ===> BEST Val/Accuracy PERFORMANCE: 0.90130
[2023-11-13 23:07:39,677][root][INFO] - ===> epoch: 204/300
[2023-11-13 23:07:39,677][root][INFO] - train:
[2023-11-13 23:08:27,604][root][INFO] - val:
[2023-11-13 23:08:29,061][root][INFO] - ===> epoch: 205/300
[2023-11-13 23:08:29,062][root][INFO] - train:
[2023-11-13 23:09:16,751][root][INFO] - val:
[2023-11-13 23:09:18,366][root][INFO] - ===> epoch: 206/300
[2023-11-13 23:09:18,367][root][INFO] - train:
[2023-11-13 23:10:09,073][root][INFO] - val:
[2023-11-13 23:10:10,608][root][INFO] - ===> epoch: 207/300
[2023-11-13 23:10:10,608][root][INFO] - train:
[2023-11-13 23:11:02,573][root][INFO] - val:
[2023-11-13 23:11:04,101][root][INFO] - ===> epoch: 208/300
[2023-11-13 23:11:04,102][root][INFO] - train:
[2023-11-13 23:11:53,593][root][INFO] - val:
[2023-11-13 23:11:55,071][root][INFO] - ===> epoch: 209/300
[2023-11-13 23:11:55,072][root][INFO] - train:
[2023-11-13 23:12:44,394][root][INFO] - val:
[2023-11-13 23:12:45,875][root][INFO] - ===> epoch: 210/300
[2023-11-13 23:12:45,876][root][INFO] - train:
[2023-11-13 23:13:35,116][root][INFO] - val:
[2023-11-13 23:13:36,606][root][INFO] - Checkpoint saved to C:\Users\GeorgeS\Documents\facultate\master\projects\data\model_weights\CIFAR-10/PreResNet/OneCycleBS\2525\model_210_0.pth
[2023-11-13 23:13:36,607][root][INFO] - ===> epoch: 211/300
[2023-11-13 23:13:36,607][root][INFO] - train:
[2023-11-13 23:14:25,476][root][INFO] - val:
[2023-11-13 23:14:27,006][root][INFO] - Checkpoint saved to C:\Users\GeorgeS\Documents\facultate\master\projects\data\model_weights\CIFAR-10/PreResNet/OneCycleBS\2525\model_211_0.9031999707221985.pth
[2023-11-13 23:14:27,007][root][INFO] - ===> BEST Val/Accuracy PERFORMANCE: 0.90320
[2023-11-13 23:14:27,007][root][INFO] - ===> epoch: 212/300
[2023-11-13 23:14:27,008][root][INFO] - train:
[2023-11-13 23:15:16,210][root][INFO] - val:
[2023-11-13 23:15:17,703][root][INFO] - ===> epoch: 213/300
[2023-11-13 23:15:17,703][root][INFO] - train:
[2023-11-13 23:16:06,704][root][INFO] - val:
[2023-11-13 23:16:08,182][root][INFO] - ===> epoch: 214/300
[2023-11-13 23:16:08,183][root][INFO] - train:
[2023-11-13 23:16:57,429][root][INFO] - val:
[2023-11-13 23:16:58,931][root][INFO] - ===> epoch: 215/300
[2023-11-13 23:16:58,931][root][INFO] - train:
[2023-11-13 23:17:47,516][root][INFO] - val:
[2023-11-13 23:17:49,031][root][INFO] - ===> epoch: 216/300
[2023-11-13 23:17:49,031][root][INFO] - train:
[2023-11-13 23:18:40,063][root][INFO] - val:
[2023-11-13 23:18:41,807][root][INFO] - ===> epoch: 217/300
[2023-11-13 23:18:41,807][root][INFO] - train:
[2023-11-13 23:19:33,792][root][INFO] - val:
[2023-11-13 23:19:35,282][root][INFO] - ===> epoch: 218/300
[2023-11-13 23:19:35,283][root][INFO] - train:
[2023-11-13 23:20:25,656][root][INFO] - val:
[2023-11-13 23:20:27,117][root][INFO] - ===> epoch: 219/300
[2023-11-13 23:20:27,117][root][INFO] - train:
[2023-11-13 23:21:17,106][root][INFO] - val:
[2023-11-13 23:21:18,655][root][INFO] - ===> epoch: 220/300
[2023-11-13 23:21:18,656][root][INFO] - train:
[2023-11-13 23:22:11,537][root][INFO] - val:
[2023-11-13 23:22:13,124][root][INFO] - Checkpoint saved to C:\Users\GeorgeS\Documents\facultate\master\projects\data\model_weights\CIFAR-10/PreResNet/OneCycleBS\2525\model_220_0.pth
[2023-11-13 23:22:13,125][root][INFO] - ===> epoch: 221/300
[2023-11-13 23:22:13,125][root][INFO] - train:
[2023-11-13 23:23:04,662][root][INFO] - val:
[2023-11-13 23:23:06,233][root][INFO] - ===> epoch: 222/300
[2023-11-13 23:23:06,233][root][INFO] - train:
[2023-11-13 23:23:56,015][root][INFO] - val:
[2023-11-13 23:23:57,483][root][INFO] - ===> epoch: 223/300
[2023-11-13 23:23:57,483][root][INFO] - train:
[2023-11-13 23:24:48,054][root][INFO] - val:
[2023-11-13 23:24:49,510][root][INFO] - ===> epoch: 224/300
[2023-11-13 23:24:49,511][root][INFO] - train:
[2023-11-13 23:25:38,331][root][INFO] - val:
[2023-11-13 23:25:39,801][root][INFO] - ===> epoch: 225/300
[2023-11-13 23:25:39,801][root][INFO] - train:
[2023-11-13 23:26:27,815][root][INFO] - val:
[2023-11-13 23:26:29,424][root][INFO] - ===> epoch: 226/300
[2023-11-13 23:26:29,425][root][INFO] - train:
[2023-11-13 23:27:17,585][root][INFO] - val:
[2023-11-13 23:27:19,063][root][INFO] - ===> epoch: 227/300
[2023-11-13 23:27:19,064][root][INFO] - train:
[2023-11-13 23:28:08,669][root][INFO] - val:
[2023-11-13 23:28:10,139][root][INFO] - ===> epoch: 228/300
[2023-11-13 23:28:10,139][root][INFO] - train:
[2023-11-13 23:28:58,441][root][INFO] - val:
[2023-11-13 23:28:59,909][root][INFO] - ===> epoch: 229/300
[2023-11-13 23:28:59,910][root][INFO] - train:
[2023-11-13 23:29:48,528][root][INFO] - val:
[2023-11-13 23:29:50,009][root][INFO] - ===> epoch: 230/300
[2023-11-13 23:29:50,009][root][INFO] - train:
[2023-11-13 23:30:39,658][root][INFO] - val:
[2023-11-13 23:30:41,250][root][INFO] - Checkpoint saved to C:\Users\GeorgeS\Documents\facultate\master\projects\data\model_weights\CIFAR-10/PreResNet/OneCycleBS\2525\model_230_0.9032999873161316.pth
[2023-11-13 23:30:41,250][root][INFO] - ===> BEST Val/Accuracy PERFORMANCE: 0.90330
[2023-11-13 23:30:41,290][root][INFO] - Checkpoint saved to C:\Users\GeorgeS\Documents\facultate\master\projects\data\model_weights\CIFAR-10/PreResNet/OneCycleBS\2525\model_230_0.pth
[2023-11-13 23:30:41,291][root][INFO] - ===> epoch: 231/300
[2023-11-13 23:30:41,291][root][INFO] - train:
[2023-11-13 23:31:32,285][root][INFO] - val:
[2023-11-13 23:31:33,751][root][INFO] - ===> epoch: 232/300
[2023-11-13 23:31:33,751][root][INFO] - train:
[2023-11-13 23:32:23,586][root][INFO] - val:
[2023-11-13 23:32:25,111][root][INFO] - ===> epoch: 233/300
[2023-11-13 23:32:25,112][root][INFO] - train:
[2023-11-13 23:33:13,927][root][INFO] - val:
[2023-11-13 23:33:15,365][root][INFO] - ===> epoch: 234/300
[2023-11-13 23:33:15,366][root][INFO] - train:
[2023-11-13 23:34:04,005][root][INFO] - val:
[2023-11-13 23:34:05,469][root][INFO] - ===> epoch: 235/300
[2023-11-13 23:34:05,469][root][INFO] - train:
[2023-11-13 23:34:53,152][root][INFO] - val:
[2023-11-13 23:34:54,588][root][INFO] - ===> epoch: 236/300
[2023-11-13 23:34:54,589][root][INFO] - train:
[2023-11-13 23:35:42,091][root][INFO] - val:
[2023-11-13 23:35:43,750][root][INFO] - Checkpoint saved to C:\Users\GeorgeS\Documents\facultate\master\projects\data\model_weights\CIFAR-10/PreResNet/OneCycleBS\2525\model_236_0.9057000279426575.pth
[2023-11-13 23:35:43,751][root][INFO] - ===> BEST Val/Accuracy PERFORMANCE: 0.90570
[2023-11-13 23:35:43,751][root][INFO] - ===> epoch: 237/300
[2023-11-13 23:35:43,752][root][INFO] - train:
[2023-11-13 23:36:31,276][root][INFO] - val:
[2023-11-13 23:36:32,894][root][INFO] - ===> epoch: 238/300
[2023-11-13 23:36:32,894][root][INFO] - train:
[2023-11-13 23:37:19,774][root][INFO] - val:
[2023-11-13 23:37:21,653][root][INFO] - ===> epoch: 239/300
[2023-11-13 23:37:21,653][root][INFO] - train:
[2023-11-13 23:38:08,668][root][INFO] - val:
[2023-11-13 23:38:10,339][root][INFO] - ===> epoch: 240/300
[2023-11-13 23:38:10,339][root][INFO] - train:
[2023-11-13 23:38:57,664][root][INFO] - val:
[2023-11-13 23:38:59,238][root][INFO] - Checkpoint saved to C:\Users\GeorgeS\Documents\facultate\master\projects\data\model_weights\CIFAR-10/PreResNet/OneCycleBS\2525\model_240_0.pth
[2023-11-13 23:38:59,239][root][INFO] - ===> epoch: 241/300
[2023-11-13 23:38:59,239][root][INFO] - train:
[2023-11-13 23:39:46,477][root][INFO] - val:
[2023-11-13 23:39:47,972][root][INFO] - ===> epoch: 242/300
[2023-11-13 23:39:47,972][root][INFO] - train:
[2023-11-13 23:40:35,105][root][INFO] - val:
[2023-11-13 23:40:36,698][root][INFO] - ===> epoch: 243/300
[2023-11-13 23:40:36,698][root][INFO] - train:
[2023-11-13 23:41:23,848][root][INFO] - val:
[2023-11-13 23:41:25,588][root][INFO] - ===> epoch: 244/300
[2023-11-13 23:41:25,588][root][INFO] - train:
[2023-11-13 23:42:08,822][root][INFO] - val:
[2023-11-13 23:42:10,861][root][INFO] - ===> epoch: 245/300
[2023-11-13 23:42:10,861][root][INFO] - train:
[2023-11-13 23:42:57,696][root][INFO] - val:
[2023-11-13 23:42:59,332][root][INFO] - ===> epoch: 246/300
[2023-11-13 23:42:59,333][root][INFO] - train:
[2023-11-13 23:43:46,522][root][INFO] - val:
[2023-11-13 23:43:48,157][root][INFO] - ===> epoch: 247/300
[2023-11-13 23:43:48,157][root][INFO] - train:
[2023-11-13 23:44:35,378][root][INFO] - val:
[2023-11-13 23:44:37,012][root][INFO] - ===> epoch: 248/300
[2023-11-13 23:44:37,012][root][INFO] - train:
[2023-11-13 23:45:24,502][root][INFO] - val:
[2023-11-13 23:45:26,157][root][INFO] - ===> epoch: 249/300
[2023-11-13 23:45:26,157][root][INFO] - train:
[2023-11-13 23:46:13,564][root][INFO] - val:
[2023-11-13 23:46:15,171][root][INFO] - ===> epoch: 250/300
[2023-11-13 23:46:15,171][root][INFO] - train:
[2023-11-13 23:47:02,395][root][INFO] - val:
[2023-11-13 23:47:04,047][root][INFO] - Checkpoint saved to C:\Users\GeorgeS\Documents\facultate\master\projects\data\model_weights\CIFAR-10/PreResNet/OneCycleBS\2525\model_250_0.pth
[2023-11-13 23:47:04,048][root][INFO] - ===> epoch: 251/300
[2023-11-13 23:47:04,048][root][INFO] - train:
[2023-11-13 23:47:47,654][root][INFO] - val:
[2023-11-13 23:47:49,322][root][INFO] - ===> epoch: 252/300
[2023-11-13 23:47:49,323][root][INFO] - train:
[2023-11-13 23:48:36,027][root][INFO] - val:
[2023-11-13 23:48:37,648][root][INFO] - ===> epoch: 253/300
[2023-11-13 23:48:37,648][root][INFO] - train:
[2023-11-13 23:49:25,171][root][INFO] - val:
[2023-11-13 23:49:26,813][root][INFO] - ===> epoch: 254/300
[2023-11-13 23:49:26,813][root][INFO] - train:
[2023-11-13 23:50:14,139][root][INFO] - val:
[2023-11-13 23:50:15,801][root][INFO] - ===> epoch: 255/300
[2023-11-13 23:50:15,802][root][INFO] - train:
[2023-11-13 23:50:59,124][root][INFO] - val:
[2023-11-13 23:51:00,785][root][INFO] - ===> epoch: 256/300
[2023-11-13 23:51:00,786][root][INFO] - train:
[2023-11-13 23:51:48,498][root][INFO] - val:
[2023-11-13 23:51:50,125][root][INFO] - ===> epoch: 257/300
[2023-11-13 23:51:50,125][root][INFO] - train:
[2023-11-13 23:52:37,240][root][INFO] - val:
[2023-11-13 23:52:38,739][root][INFO] - ===> epoch: 258/300
[2023-11-13 23:52:38,739][root][INFO] - train:
[2023-11-13 23:53:26,187][root][INFO] - val:
[2023-11-13 23:53:27,804][root][INFO] - ===> epoch: 259/300
[2023-11-13 23:53:27,805][root][INFO] - train:
[2023-11-13 23:54:11,267][root][INFO] - val:
[2023-11-13 23:54:12,935][root][INFO] - ===> epoch: 260/300
[2023-11-13 23:54:12,936][root][INFO] - train:
[2023-11-13 23:54:59,834][root][INFO] - val:
[2023-11-13 23:55:01,597][root][INFO] - Checkpoint saved to C:\Users\GeorgeS\Documents\facultate\master\projects\data\model_weights\CIFAR-10/PreResNet/OneCycleBS\2525\model_260_0.pth
[2023-11-13 23:55:01,598][root][INFO] - ===> epoch: 261/300
[2023-11-13 23:55:01,598][root][INFO] - train:
[2023-11-13 23:55:48,426][root][INFO] - val:
[2023-11-13 23:55:50,090][root][INFO] - ===> epoch: 262/300
[2023-11-13 23:55:50,090][root][INFO] - train:
[2023-11-13 23:56:33,559][root][INFO] - val:
[2023-11-13 23:56:35,085][root][INFO] - ===> epoch: 263/300
[2023-11-13 23:56:35,086][root][INFO] - train:
[2023-11-13 23:57:22,188][root][INFO] - val:
[2023-11-13 23:57:23,769][root][INFO] - ===> epoch: 264/300
[2023-11-13 23:57:23,769][root][INFO] - train:
[2023-11-13 23:58:07,040][root][INFO] - val:
[2023-11-13 23:58:08,717][root][INFO] - ===> epoch: 265/300
[2023-11-13 23:58:08,717][root][INFO] - train:
[2023-11-13 23:58:56,072][root][INFO] - val:
[2023-11-13 23:58:57,715][root][INFO] - ===> epoch: 266/300
[2023-11-13 23:58:57,715][root][INFO] - train:
[2023-11-13 23:59:45,101][root][INFO] - val:
[2023-11-13 23:59:46,731][root][INFO] - ===> epoch: 267/300
[2023-11-13 23:59:46,732][root][INFO] - train:
[2023-11-14 00:00:30,019][root][INFO] - val:
[2023-11-14 00:00:31,704][root][INFO] - ===> epoch: 268/300
[2023-11-14 00:00:31,705][root][INFO] - train:
[2023-11-14 00:01:18,394][root][INFO] - val:
[2023-11-14 00:01:20,040][root][INFO] - ===> epoch: 269/300
[2023-11-14 00:01:20,040][root][INFO] - train:
[2023-11-14 00:02:02,745][root][INFO] - val:
[2023-11-14 00:02:04,371][root][INFO] - Checkpoint saved to C:\Users\GeorgeS\Documents\facultate\master\projects\data\model_weights\CIFAR-10/PreResNet/OneCycleBS\2525\model_269_0.9065999984741211.pth
[2023-11-14 00:02:04,372][root][INFO] - ===> BEST Val/Accuracy PERFORMANCE: 0.90660
[2023-11-14 00:02:04,372][root][INFO] - ===> epoch: 270/300
[2023-11-14 00:02:04,373][root][INFO] - train:
[2023-11-14 00:02:51,091][root][INFO] - val:
[2023-11-14 00:02:52,579][root][INFO] - Checkpoint saved to C:\Users\GeorgeS\Documents\facultate\master\projects\data\model_weights\CIFAR-10/PreResNet/OneCycleBS\2525\model_270_0.pth
[2023-11-14 00:02:52,580][root][INFO] - ===> epoch: 271/300
[2023-11-14 00:02:52,580][root][INFO] - train:
[2023-11-14 00:03:35,337][root][INFO] - val:
[2023-11-14 00:03:36,970][root][INFO] - ===> epoch: 272/300
[2023-11-14 00:03:36,970][root][INFO] - train:
[2023-11-14 00:04:23,704][root][INFO] - val:
[2023-11-14 00:04:25,305][root][INFO] - ===> epoch: 273/300
[2023-11-14 00:04:25,306][root][INFO] - train:
[2023-11-14 00:05:08,054][root][INFO] - val:
[2023-11-14 00:05:09,611][root][INFO] - ===> epoch: 274/300
[2023-11-14 00:05:09,611][root][INFO] - train:
[2023-11-14 00:05:56,656][root][INFO] - val:
[2023-11-14 00:05:58,299][root][INFO] - ===> epoch: 275/300
[2023-11-14 00:05:58,300][root][INFO] - train:
[2023-11-14 00:06:40,601][root][INFO] - val:
[2023-11-14 00:06:42,255][root][INFO] - ===> epoch: 276/300
[2023-11-14 00:06:42,255][root][INFO] - train:
[2023-11-14 00:07:29,113][root][INFO] - val:
[2023-11-14 00:07:30,763][root][INFO] - ===> epoch: 277/300
[2023-11-14 00:07:30,764][root][INFO] - train:
[2023-11-14 00:08:13,547][root][INFO] - val:
[2023-11-14 00:08:15,081][root][INFO] - ===> epoch: 278/300
[2023-11-14 00:08:15,081][root][INFO] - train:
[2023-11-14 00:08:57,752][root][INFO] - val:
[2023-11-14 00:08:59,399][root][INFO] - ===> epoch: 279/300
[2023-11-14 00:08:59,400][root][INFO] - train:
[2023-11-14 00:09:46,122][root][INFO] - val:
[2023-11-14 00:09:47,723][root][INFO] - ===> epoch: 280/300
[2023-11-14 00:09:47,723][root][INFO] - train:
[2023-11-14 00:10:30,217][root][INFO] - val:
[2023-11-14 00:10:31,909][root][INFO] - Checkpoint saved to C:\Users\GeorgeS\Documents\facultate\master\projects\data\model_weights\CIFAR-10/PreResNet/OneCycleBS\2525\model_280_0.pth
[2023-11-14 00:10:31,910][root][INFO] - ===> epoch: 281/300
[2023-11-14 00:10:31,910][root][INFO] - train:
[2023-11-14 00:11:18,715][root][INFO] - val:
[2023-11-14 00:11:20,372][root][INFO] - ===> epoch: 282/300
[2023-11-14 00:11:20,372][root][INFO] - train:
[2023-11-14 00:12:02,790][root][INFO] - val:
[2023-11-14 00:12:04,645][root][INFO] - ===> epoch: 283/300
[2023-11-14 00:12:04,645][root][INFO] - train:
[2023-11-14 00:12:46,872][root][INFO] - val:
[2023-11-14 00:12:48,510][root][INFO] - ===> epoch: 284/300
[2023-11-14 00:12:48,511][root][INFO] - train:
[2023-11-14 00:13:35,092][root][INFO] - val:
[2023-11-14 00:13:36,705][root][INFO] - ===> epoch: 285/300
[2023-11-14 00:13:36,705][root][INFO] - train:
[2023-11-14 00:14:19,080][root][INFO] - val:
[2023-11-14 00:14:20,666][root][INFO] - ===> epoch: 286/300
[2023-11-14 00:14:20,666][root][INFO] - train:
[2023-11-14 00:15:03,136][root][INFO] - val:
[2023-11-14 00:15:04,793][root][INFO] - ===> epoch: 287/300
[2023-11-14 00:15:04,794][root][INFO] - train:
[2023-11-14 00:15:47,155][root][INFO] - val:
[2023-11-14 00:15:48,806][root][INFO] - ===> epoch: 288/300
[2023-11-14 00:15:48,807][root][INFO] - train:
[2023-11-14 00:16:35,463][root][INFO] - val:
[2023-11-14 00:16:37,116][root][INFO] - ===> epoch: 289/300
[2023-11-14 00:16:37,116][root][INFO] - train:
[2023-11-14 00:17:19,564][root][INFO] - val:
[2023-11-14 00:17:21,062][root][INFO] - ===> epoch: 290/300
[2023-11-14 00:17:21,062][root][INFO] - train:
[2023-11-14 00:18:03,264][root][INFO] - val:
[2023-11-14 00:18:04,945][root][INFO] - Checkpoint saved to C:\Users\GeorgeS\Documents\facultate\master\projects\data\model_weights\CIFAR-10/PreResNet/OneCycleBS\2525\model_290_0.pth
[2023-11-14 00:18:04,946][root][INFO] - ===> epoch: 291/300
[2023-11-14 00:18:04,946][root][INFO] - train:
[2023-11-14 00:18:47,298][root][INFO] - val:
[2023-11-14 00:18:48,731][root][INFO] - ===> epoch: 292/300
[2023-11-14 00:18:48,732][root][INFO] - train:
[2023-11-14 00:19:31,033][root][INFO] - val:
[2023-11-14 00:19:32,699][root][INFO] - ===> epoch: 293/300
[2023-11-14 00:19:32,699][root][INFO] - train:
[2023-11-14 00:20:15,122][root][INFO] - val:
[2023-11-14 00:20:16,701][root][INFO] - ===> epoch: 294/300
[2023-11-14 00:20:16,701][root][INFO] - train:
[2023-11-14 00:21:03,425][root][INFO] - val:
[2023-11-14 00:21:05,014][root][INFO] - ===> epoch: 295/300
[2023-11-14 00:21:05,014][root][INFO] - train:
[2023-11-14 00:21:47,627][root][INFO] - val:
[2023-11-14 00:21:49,168][root][INFO] - ===> epoch: 296/300
[2023-11-14 00:21:49,169][root][INFO] - train:
[2023-11-14 00:22:31,339][root][INFO] - val:
[2023-11-14 00:22:33,360][root][INFO] - ===> epoch: 297/300
[2023-11-14 00:22:33,361][root][INFO] - train:
[2023-11-14 00:23:15,400][root][INFO] - val:
[2023-11-14 00:23:16,907][root][INFO] - ===> epoch: 298/300
[2023-11-14 00:23:16,907][root][INFO] - train:
[2023-11-14 00:23:59,247][root][INFO] - val:
[2023-11-14 00:24:00,744][root][INFO] - ===> epoch: 299/300
[2023-11-14 00:24:00,744][root][INFO] - train:
[2023-11-14 00:24:43,100][root][INFO] - val:
[2023-11-14 00:24:44,767][root][INFO] - ===> BEST Val/Accuracy PERFORMANCE: 0.90660
[2023-11-14 00:25:16,167][root][INFO] - Saved best accuracy checkpoint
