[2023-10-21 18:48:02,333][root][INFO] - Saving current code to C:\Users\GeorgeS\Documents\facultate\master\projects\Pytorch-Template\outputs\2023-10-21\18-48-02\runs\CIFAR-100/PreResNet/baseline\2525
[2023-10-21 18:48:02,482][root][INFO] - Loading train_dataset!
[2023-10-21 18:48:29,147][root][INFO] - Loading val_dataset!
[2023-10-21 18:48:35,134][root][INFO] - ===> epoch: 1/300
[2023-10-21 18:48:35,134][root][INFO] - train:
[2023-10-21 18:49:38,044][root][INFO] - val:
[2023-10-21 18:49:41,653][root][INFO] - Checkpoint saved to C:\Users\GeorgeS\Documents\facultate\master\projects\data\model_weights\CIFAR-100/PreResNet/baseline\2525\model_1_0.14900000393390656.pth
[2023-10-21 18:49:41,653][root][INFO] - ===> BEST Val/Accuracy PERFORMANCE: 0.14900
[2023-10-21 18:49:41,654][root][INFO] - ===> epoch: 2/300
[2023-10-21 18:49:41,654][root][INFO] - train:
[2023-10-21 18:50:46,697][root][INFO] - val:
[2023-10-21 18:50:48,202][root][INFO] - Checkpoint saved to C:\Users\GeorgeS\Documents\facultate\master\projects\data\model_weights\CIFAR-100/PreResNet/baseline\2525\model_2_0.20069999992847443.pth
[2023-10-21 18:50:48,202][root][INFO] - ===> BEST Val/Accuracy PERFORMANCE: 0.20070
[2023-10-21 18:50:48,203][root][INFO] - ===> epoch: 3/300
[2023-10-21 18:50:48,203][root][INFO] - train:
[2023-10-21 18:51:54,133][root][INFO] - val:
[2023-10-21 18:51:55,665][root][INFO] - Checkpoint saved to C:\Users\GeorgeS\Documents\facultate\master\projects\data\model_weights\CIFAR-100/PreResNet/baseline\2525\model_3_0.2648000121116638.pth
[2023-10-21 18:51:55,666][root][INFO] - ===> BEST Val/Accuracy PERFORMANCE: 0.26480
[2023-10-21 18:51:55,666][root][INFO] - ===> epoch: 4/300
[2023-10-21 18:51:55,667][root][INFO] - train:
[2023-10-21 18:53:01,436][root][INFO] - val:
[2023-10-21 18:53:02,982][root][INFO] - Checkpoint saved to C:\Users\GeorgeS\Documents\facultate\master\projects\data\model_weights\CIFAR-100/PreResNet/baseline\2525\model_4_0.2892000079154968.pth
[2023-10-21 18:53:02,983][root][INFO] - ===> BEST Val/Accuracy PERFORMANCE: 0.28920
[2023-10-21 18:53:02,984][root][INFO] - ===> epoch: 5/300
[2023-10-21 18:53:02,984][root][INFO] - train:
[2023-10-21 18:54:13,460][root][INFO] - val:
[2023-10-21 18:54:14,937][root][INFO] - Checkpoint saved to C:\Users\GeorgeS\Documents\facultate\master\projects\data\model_weights\CIFAR-100/PreResNet/baseline\2525\model_5_0.33570000529289246.pth
[2023-10-21 18:54:14,938][root][INFO] - ===> BEST Val/Accuracy PERFORMANCE: 0.33570
[2023-10-21 18:54:14,939][root][INFO] - ===> epoch: 6/300
[2023-10-21 18:54:14,939][root][INFO] - train:
[2023-10-21 18:55:19,913][root][INFO] - val:
[2023-10-21 18:55:21,619][root][INFO] - Checkpoint saved to C:\Users\GeorgeS\Documents\facultate\master\projects\data\model_weights\CIFAR-100/PreResNet/baseline\2525\model_6_0.35010001063346863.pth
[2023-10-21 18:55:21,620][root][INFO] - ===> BEST Val/Accuracy PERFORMANCE: 0.35010
[2023-10-21 18:55:21,620][root][INFO] - ===> epoch: 7/300
[2023-10-21 18:55:21,621][root][INFO] - train:
[2023-10-21 18:56:28,958][root][INFO] - val:
[2023-10-21 18:56:30,440][root][INFO] - Checkpoint saved to C:\Users\GeorgeS\Documents\facultate\master\projects\data\model_weights\CIFAR-100/PreResNet/baseline\2525\model_7_0.391400009393692.pth
[2023-10-21 18:56:30,441][root][INFO] - ===> BEST Val/Accuracy PERFORMANCE: 0.39140
[2023-10-21 18:56:30,441][root][INFO] - ===> epoch: 8/300
[2023-10-21 18:56:30,442][root][INFO] - train:
[2023-10-21 18:57:36,866][root][INFO] - val:
[2023-10-21 18:57:38,352][root][INFO] - Checkpoint saved to C:\Users\GeorgeS\Documents\facultate\master\projects\data\model_weights\CIFAR-100/PreResNet/baseline\2525\model_8_0.39489999413490295.pth
[2023-10-21 18:57:38,353][root][INFO] - ===> BEST Val/Accuracy PERFORMANCE: 0.39490
[2023-10-21 18:57:38,353][root][INFO] - ===> epoch: 9/300
[2023-10-21 18:57:38,353][root][INFO] - train:
[2023-10-21 18:58:47,521][root][INFO] - val:
[2023-10-21 18:58:49,013][root][INFO] - Checkpoint saved to C:\Users\GeorgeS\Documents\facultate\master\projects\data\model_weights\CIFAR-100/PreResNet/baseline\2525\model_9_0.4074000120162964.pth
[2023-10-21 18:58:49,014][root][INFO] - ===> BEST Val/Accuracy PERFORMANCE: 0.40740
[2023-10-21 18:58:49,015][root][INFO] - ===> epoch: 10/300
[2023-10-21 18:58:49,015][root][INFO] - train:
[2023-10-21 19:00:01,881][root][INFO] - val:
[2023-10-21 19:00:03,359][root][INFO] - Checkpoint saved to C:\Users\GeorgeS\Documents\facultate\master\projects\data\model_weights\CIFAR-100/PreResNet/baseline\2525\model_10_0.4415000081062317.pth
[2023-10-21 19:00:03,359][root][INFO] - ===> BEST Val/Accuracy PERFORMANCE: 0.44150
[2023-10-21 19:00:03,394][root][INFO] - Checkpoint saved to C:\Users\GeorgeS\Documents\facultate\master\projects\data\model_weights\CIFAR-100/PreResNet/baseline\2525\model_10_0.pth
[2023-10-21 19:00:03,394][root][INFO] - ===> epoch: 11/300
[2023-10-21 19:00:03,394][root][INFO] - train:
[2023-10-21 19:01:18,868][root][INFO] - val:
[2023-10-21 19:01:20,523][root][INFO] - Checkpoint saved to C:\Users\GeorgeS\Documents\facultate\master\projects\data\model_weights\CIFAR-100/PreResNet/baseline\2525\model_11_0.4496000111103058.pth
[2023-10-21 19:01:20,524][root][INFO] - ===> BEST Val/Accuracy PERFORMANCE: 0.44960
[2023-10-21 19:01:20,525][root][INFO] - ===> epoch: 12/300
[2023-10-21 19:01:20,525][root][INFO] - train:
[2023-10-21 19:02:47,702][root][INFO] - val:
[2023-10-21 19:02:49,258][root][INFO] - Checkpoint saved to C:\Users\GeorgeS\Documents\facultate\master\projects\data\model_weights\CIFAR-100/PreResNet/baseline\2525\model_12_0.4657000005245209.pth
[2023-10-21 19:02:49,259][root][INFO] - ===> BEST Val/Accuracy PERFORMANCE: 0.46570
[2023-10-21 19:02:49,260][root][INFO] - ===> epoch: 13/300
[2023-10-21 19:02:49,260][root][INFO] - train:
[2023-10-21 19:03:59,262][root][INFO] - val:
[2023-10-21 19:04:00,772][root][INFO] - Checkpoint saved to C:\Users\GeorgeS\Documents\facultate\master\projects\data\model_weights\CIFAR-100/PreResNet/baseline\2525\model_13_0.48660001158714294.pth
[2023-10-21 19:04:00,772][root][INFO] - ===> BEST Val/Accuracy PERFORMANCE: 0.48660
[2023-10-21 19:04:00,773][root][INFO] - ===> epoch: 14/300
[2023-10-21 19:04:00,774][root][INFO] - train:
[2023-10-21 19:05:11,024][root][INFO] - val:
[2023-10-21 19:05:12,481][root][INFO] - ===> epoch: 15/300
[2023-10-21 19:05:12,481][root][INFO] - train:
[2023-10-21 19:06:19,531][root][INFO] - val:
[2023-10-21 19:06:21,027][root][INFO] - Checkpoint saved to C:\Users\GeorgeS\Documents\facultate\master\projects\data\model_weights\CIFAR-100/PreResNet/baseline\2525\model_15_0.4952999949455261.pth
[2023-10-21 19:06:21,027][root][INFO] - ===> BEST Val/Accuracy PERFORMANCE: 0.49530
[2023-10-21 19:06:21,028][root][INFO] - ===> epoch: 16/300
[2023-10-21 19:06:21,028][root][INFO] - train:
[2023-10-21 19:07:33,125][root][INFO] - val:
[2023-10-21 19:07:34,649][root][INFO] - ===> epoch: 17/300
[2023-10-21 19:07:34,649][root][INFO] - train:
[2023-10-21 19:08:45,555][root][INFO] - val:
[2023-10-21 19:08:47,057][root][INFO] - Checkpoint saved to C:\Users\GeorgeS\Documents\facultate\master\projects\data\model_weights\CIFAR-100/PreResNet/baseline\2525\model_17_0.5001999735832214.pth
[2023-10-21 19:08:47,058][root][INFO] - ===> BEST Val/Accuracy PERFORMANCE: 0.50020
[2023-10-21 19:08:47,059][root][INFO] - ===> epoch: 18/300
[2023-10-21 19:08:47,059][root][INFO] - train:
[2023-10-21 19:09:55,267][root][INFO] - val:
[2023-10-21 19:09:56,805][root][INFO] - Checkpoint saved to C:\Users\GeorgeS\Documents\facultate\master\projects\data\model_weights\CIFAR-100/PreResNet/baseline\2525\model_18_0.5134999752044678.pth
[2023-10-21 19:09:56,806][root][INFO] - ===> BEST Val/Accuracy PERFORMANCE: 0.51350
[2023-10-21 19:09:56,806][root][INFO] - ===> epoch: 19/300
[2023-10-21 19:09:56,807][root][INFO] - train:
[2023-10-21 19:11:13,247][root][INFO] - val:
[2023-10-21 19:11:14,798][root][INFO] - ===> epoch: 20/300
[2023-10-21 19:11:14,799][root][INFO] - train:
[2023-10-21 19:12:27,264][root][INFO] - val:
[2023-10-21 19:12:28,936][root][INFO] - Checkpoint saved to C:\Users\GeorgeS\Documents\facultate\master\projects\data\model_weights\CIFAR-100/PreResNet/baseline\2525\model_20_0.5156000256538391.pth
[2023-10-21 19:12:28,937][root][INFO] - ===> BEST Val/Accuracy PERFORMANCE: 0.51560
[2023-10-21 19:12:28,985][root][INFO] - Checkpoint saved to C:\Users\GeorgeS\Documents\facultate\master\projects\data\model_weights\CIFAR-100/PreResNet/baseline\2525\model_20_0.pth
[2023-10-21 19:12:28,985][root][INFO] - ===> epoch: 21/300
[2023-10-21 19:12:28,986][root][INFO] - train:
[2023-10-21 19:13:48,274][root][INFO] - val:
[2023-10-21 19:13:49,825][root][INFO] - Checkpoint saved to C:\Users\GeorgeS\Documents\facultate\master\projects\data\model_weights\CIFAR-100/PreResNet/baseline\2525\model_21_0.5224000215530396.pth
[2023-10-21 19:13:49,826][root][INFO] - ===> BEST Val/Accuracy PERFORMANCE: 0.52240
[2023-10-21 19:13:49,827][root][INFO] - ===> epoch: 22/300
[2023-10-21 19:13:49,827][root][INFO] - train:
[2023-10-21 19:15:05,780][root][INFO] - val:
[2023-10-21 19:15:07,530][root][INFO] - Checkpoint saved to C:\Users\GeorgeS\Documents\facultate\master\projects\data\model_weights\CIFAR-100/PreResNet/baseline\2525\model_22_0.5285000205039978.pth
[2023-10-21 19:15:07,530][root][INFO] - ===> BEST Val/Accuracy PERFORMANCE: 0.52850
[2023-10-21 19:15:07,531][root][INFO] - ===> epoch: 23/300
[2023-10-21 19:15:07,532][root][INFO] - train:
[2023-10-21 19:16:19,419][root][INFO] - val:
[2023-10-21 19:16:20,981][root][INFO] - Checkpoint saved to C:\Users\GeorgeS\Documents\facultate\master\projects\data\model_weights\CIFAR-100/PreResNet/baseline\2525\model_23_0.5424000024795532.pth
[2023-10-21 19:16:20,982][root][INFO] - ===> BEST Val/Accuracy PERFORMANCE: 0.54240
[2023-10-21 19:16:20,983][root][INFO] - ===> epoch: 24/300
[2023-10-21 19:16:20,983][root][INFO] - train:
[2023-10-21 19:17:33,022][root][INFO] - val:
[2023-10-21 19:17:34,605][root][INFO] - Checkpoint saved to C:\Users\GeorgeS\Documents\facultate\master\projects\data\model_weights\CIFAR-100/PreResNet/baseline\2525\model_24_0.5461999773979187.pth
[2023-10-21 19:17:34,606][root][INFO] - ===> BEST Val/Accuracy PERFORMANCE: 0.54620
[2023-10-21 19:17:34,606][root][INFO] - ===> epoch: 25/300
[2023-10-21 19:17:34,607][root][INFO] - train:
[2023-10-21 19:18:46,073][root][INFO] - val:
[2023-10-21 19:18:47,592][root][INFO] - ===> epoch: 26/300
[2023-10-21 19:18:47,592][root][INFO] - train:
[2023-10-21 19:19:59,725][root][INFO] - val:
[2023-10-21 19:20:01,286][root][INFO] - Checkpoint saved to C:\Users\GeorgeS\Documents\facultate\master\projects\data\model_weights\CIFAR-100/PreResNet/baseline\2525\model_26_0.5544000267982483.pth
[2023-10-21 19:20:01,287][root][INFO] - ===> BEST Val/Accuracy PERFORMANCE: 0.55440
[2023-10-21 19:20:01,287][root][INFO] - ===> epoch: 27/300
[2023-10-21 19:20:01,288][root][INFO] - train:
[2023-10-21 19:21:13,469][root][INFO] - val:
[2023-10-21 19:21:14,984][root][INFO] - ===> epoch: 28/300
[2023-10-21 19:21:14,984][root][INFO] - train:
[2023-10-21 19:22:26,300][root][INFO] - val:
[2023-10-21 19:22:28,011][root][INFO] - ===> epoch: 29/300
[2023-10-21 19:22:28,011][root][INFO] - train:
[2023-10-21 19:23:39,658][root][INFO] - val:
[2023-10-21 19:23:41,245][root][INFO] - Checkpoint saved to C:\Users\GeorgeS\Documents\facultate\master\projects\data\model_weights\CIFAR-100/PreResNet/baseline\2525\model_29_0.5658000111579895.pth
[2023-10-21 19:23:41,246][root][INFO] - ===> BEST Val/Accuracy PERFORMANCE: 0.56580
[2023-10-21 19:23:41,246][root][INFO] - ===> epoch: 30/300
[2023-10-21 19:23:41,247][root][INFO] - train:
[2023-10-21 19:24:53,246][root][INFO] - val:
[2023-10-21 19:24:54,853][root][INFO] - Checkpoint saved to C:\Users\GeorgeS\Documents\facultate\master\projects\data\model_weights\CIFAR-100/PreResNet/baseline\2525\model_30_0.pth
[2023-10-21 19:24:54,854][root][INFO] - ===> epoch: 31/300
[2023-10-21 19:24:54,855][root][INFO] - train:
[2023-10-21 19:25:59,551][root][INFO] - val:
[2023-10-21 19:26:01,118][root][INFO] - Checkpoint saved to C:\Users\GeorgeS\Documents\facultate\master\projects\data\model_weights\CIFAR-100/PreResNet/baseline\2525\model_31_0.5823000073432922.pth
[2023-10-21 19:26:01,119][root][INFO] - ===> BEST Val/Accuracy PERFORMANCE: 0.58230
[2023-10-21 19:26:01,120][root][INFO] - ===> epoch: 32/300
[2023-10-21 19:26:01,120][root][INFO] - train:
[2023-10-21 19:27:05,099][root][INFO] - val:
[2023-10-21 19:27:06,610][root][INFO] - ===> epoch: 33/300
[2023-10-21 19:27:06,610][root][INFO] - train:
[2023-10-21 19:28:09,904][root][INFO] - val:
[2023-10-21 19:28:11,434][root][INFO] - ===> epoch: 34/300
[2023-10-21 19:28:11,434][root][INFO] - train:
[2023-10-21 19:29:14,561][root][INFO] - val:
[2023-10-21 19:29:16,120][root][INFO] - Checkpoint saved to C:\Users\GeorgeS\Documents\facultate\master\projects\data\model_weights\CIFAR-100/PreResNet/baseline\2525\model_34_0.5963000059127808.pth
[2023-10-21 19:29:16,121][root][INFO] - ===> BEST Val/Accuracy PERFORMANCE: 0.59630
[2023-10-21 19:29:16,122][root][INFO] - ===> epoch: 35/300
[2023-10-21 19:29:16,122][root][INFO] - train:
[2023-10-21 19:30:19,397][root][INFO] - val:
[2023-10-21 19:30:20,920][root][INFO] - ===> epoch: 36/300
[2023-10-21 19:30:20,920][root][INFO] - train:
[2023-10-21 19:31:26,538][root][INFO] - val:
[2023-10-21 19:31:28,101][root][INFO] - ===> epoch: 37/300
[2023-10-21 19:31:28,102][root][INFO] - train:
[2023-10-21 19:32:35,610][root][INFO] - val:
[2023-10-21 19:32:37,130][root][INFO] - ===> epoch: 38/300
[2023-10-21 19:32:37,131][root][INFO] - train:
[2023-10-21 19:33:41,138][root][INFO] - val:
[2023-10-21 19:33:42,700][root][INFO] - ===> epoch: 39/300
[2023-10-21 19:33:42,701][root][INFO] - train:
[2023-10-21 19:34:46,838][root][INFO] - val:
[2023-10-21 19:34:48,357][root][INFO] - ===> epoch: 40/300
[2023-10-21 19:34:48,358][root][INFO] - train:
[2023-10-21 19:35:52,081][root][INFO] - val:
[2023-10-21 19:35:53,682][root][INFO] - Checkpoint saved to C:\Users\GeorgeS\Documents\facultate\master\projects\data\model_weights\CIFAR-100/PreResNet/baseline\2525\model_40_0.pth
[2023-10-21 19:35:53,683][root][INFO] - ===> epoch: 41/300
[2023-10-21 19:35:53,683][root][INFO] - train:
[2023-10-21 19:36:57,684][root][INFO] - val:
[2023-10-21 19:36:59,333][root][INFO] - Checkpoint saved to C:\Users\GeorgeS\Documents\facultate\master\projects\data\model_weights\CIFAR-100/PreResNet/baseline\2525\model_41_0.6028000116348267.pth
[2023-10-21 19:36:59,333][root][INFO] - ===> BEST Val/Accuracy PERFORMANCE: 0.60280
[2023-10-21 19:36:59,334][root][INFO] - ===> epoch: 42/300
[2023-10-21 19:36:59,334][root][INFO] - train:
[2023-10-21 19:38:02,845][root][INFO] - val:
[2023-10-21 19:38:04,372][root][INFO] - ===> epoch: 43/300
[2023-10-21 19:38:04,372][root][INFO] - train:
[2023-10-21 19:39:11,310][root][INFO] - val:
[2023-10-21 19:39:12,836][root][INFO] - ===> epoch: 44/300
[2023-10-21 19:39:12,837][root][INFO] - train:
[2023-10-21 19:40:18,859][root][INFO] - val:
[2023-10-21 19:40:20,556][root][INFO] - ===> epoch: 45/300
[2023-10-21 19:40:20,556][root][INFO] - train:
[2023-10-21 19:41:26,082][root][INFO] - val:
[2023-10-21 19:41:27,670][root][INFO] - Checkpoint saved to C:\Users\GeorgeS\Documents\facultate\master\projects\data\model_weights\CIFAR-100/PreResNet/baseline\2525\model_45_0.60589998960495.pth
[2023-10-21 19:41:27,671][root][INFO] - ===> BEST Val/Accuracy PERFORMANCE: 0.60590
[2023-10-21 19:41:27,671][root][INFO] - ===> epoch: 46/300
[2023-10-21 19:41:27,672][root][INFO] - train:
[2023-10-21 19:42:31,991][root][INFO] - val:
[2023-10-21 19:42:33,499][root][INFO] - ===> epoch: 47/300
[2023-10-21 19:42:33,499][root][INFO] - train:
[2023-10-21 19:43:37,703][root][INFO] - val:
[2023-10-21 19:43:39,218][root][INFO] - ===> epoch: 48/300
[2023-10-21 19:43:39,218][root][INFO] - train:
[2023-10-21 19:44:43,552][root][INFO] - val:
[2023-10-21 19:44:45,099][root][INFO] - ===> epoch: 49/300
[2023-10-21 19:44:45,099][root][INFO] - train:
[2023-10-21 19:45:50,225][root][INFO] - val:
[2023-10-21 19:45:51,827][root][INFO] - Checkpoint saved to C:\Users\GeorgeS\Documents\facultate\master\projects\data\model_weights\CIFAR-100/PreResNet/baseline\2525\model_49_0.6071000099182129.pth
[2023-10-21 19:45:51,828][root][INFO] - ===> BEST Val/Accuracy PERFORMANCE: 0.60710
[2023-10-21 19:45:51,829][root][INFO] - ===> epoch: 50/300
[2023-10-21 19:45:51,829][root][INFO] - train:
[2023-10-21 19:46:57,335][root][INFO] - val:
[2023-10-21 19:46:58,905][root][INFO] - Checkpoint saved to C:\Users\GeorgeS\Documents\facultate\master\projects\data\model_weights\CIFAR-100/PreResNet/baseline\2525\model_50_0.pth
[2023-10-21 19:46:58,906][root][INFO] - ===> epoch: 51/300
[2023-10-21 19:46:58,906][root][INFO] - train:
[2023-10-21 19:48:04,671][root][INFO] - val:
[2023-10-21 19:48:06,237][root][INFO] - Checkpoint saved to C:\Users\GeorgeS\Documents\facultate\master\projects\data\model_weights\CIFAR-100/PreResNet/baseline\2525\model_51_0.6126999855041504.pth
[2023-10-21 19:48:06,238][root][INFO] - ===> BEST Val/Accuracy PERFORMANCE: 0.61270
[2023-10-21 19:48:06,239][root][INFO] - ===> epoch: 52/300
[2023-10-21 19:48:06,239][root][INFO] - train:
[2023-10-21 19:49:12,272][root][INFO] - val:
[2023-10-21 19:49:13,803][root][INFO] - ===> epoch: 53/300
[2023-10-21 19:49:13,804][root][INFO] - train:
[2023-10-21 19:50:18,260][root][INFO] - val:
[2023-10-21 19:50:19,814][root][INFO] - ===> epoch: 54/300
[2023-10-21 19:50:19,814][root][INFO] - train:
[2023-10-21 19:51:24,442][root][INFO] - val:
[2023-10-21 19:51:26,008][root][INFO] - ===> epoch: 55/300
[2023-10-21 19:51:26,008][root][INFO] - train:
[2023-10-21 19:52:29,869][root][INFO] - val:
[2023-10-21 19:52:31,345][root][INFO] - ===> epoch: 56/300
[2023-10-21 19:52:31,346][root][INFO] - train:
[2023-10-21 19:53:33,040][root][INFO] - val:
[2023-10-21 19:53:34,546][root][INFO] - ===> epoch: 57/300
[2023-10-21 19:53:34,546][root][INFO] - train:
[2023-10-21 19:54:36,288][root][INFO] - val:
[2023-10-21 19:54:37,787][root][INFO] - ===> epoch: 58/300
[2023-10-21 19:54:37,788][root][INFO] - train:
[2023-10-21 19:55:41,562][root][INFO] - val:
[2023-10-21 19:55:43,170][root][INFO] - Checkpoint saved to C:\Users\GeorgeS\Documents\facultate\master\projects\data\model_weights\CIFAR-100/PreResNet/baseline\2525\model_58_0.6202999949455261.pth
[2023-10-21 19:55:43,171][root][INFO] - ===> BEST Val/Accuracy PERFORMANCE: 0.62030
[2023-10-21 19:55:43,172][root][INFO] - ===> epoch: 59/300
[2023-10-21 19:55:43,172][root][INFO] - train:
[2023-10-21 19:56:49,163][root][INFO] - val:
[2023-10-21 19:56:50,703][root][INFO] - ===> epoch: 60/300
[2023-10-21 19:56:50,704][root][INFO] - train:
[2023-10-21 19:57:56,457][root][INFO] - val:
[2023-10-21 19:57:58,137][root][INFO] - Checkpoint saved to C:\Users\GeorgeS\Documents\facultate\master\projects\data\model_weights\CIFAR-100/PreResNet/baseline\2525\model_60_0.pth
[2023-10-21 19:57:58,138][root][INFO] - ===> epoch: 61/300
[2023-10-21 19:57:58,139][root][INFO] - train:
[2023-10-21 19:58:59,350][root][INFO] - val:
[2023-10-21 19:59:00,952][root][INFO] - Checkpoint saved to C:\Users\GeorgeS\Documents\facultate\master\projects\data\model_weights\CIFAR-100/PreResNet/baseline\2525\model_61_0.6305000185966492.pth
[2023-10-21 19:59:00,953][root][INFO] - ===> BEST Val/Accuracy PERFORMANCE: 0.63050
[2023-10-21 19:59:00,953][root][INFO] - ===> epoch: 62/300
[2023-10-21 19:59:00,954][root][INFO] - train:
[2023-10-21 20:00:00,867][root][INFO] - val:
[2023-10-21 20:00:02,607][root][INFO] - ===> epoch: 63/300
[2023-10-21 20:00:02,607][root][INFO] - train:
[2023-10-21 20:01:02,346][root][INFO] - val:
[2023-10-21 20:01:04,015][root][INFO] - ===> epoch: 64/300
[2023-10-21 20:01:04,015][root][INFO] - train:
[2023-10-21 20:02:04,044][root][INFO] - val:
[2023-10-21 20:02:05,592][root][INFO] - Checkpoint saved to C:\Users\GeorgeS\Documents\facultate\master\projects\data\model_weights\CIFAR-100/PreResNet/baseline\2525\model_64_0.6341999769210815.pth
[2023-10-21 20:02:05,593][root][INFO] - ===> BEST Val/Accuracy PERFORMANCE: 0.63420
[2023-10-21 20:02:05,593][root][INFO] - ===> epoch: 65/300
[2023-10-21 20:02:05,594][root][INFO] - train:
[2023-10-21 20:03:01,739][root][INFO] - val:
[2023-10-21 20:03:03,299][root][INFO] - ===> epoch: 66/300
[2023-10-21 20:03:03,300][root][INFO] - train:
[2023-10-21 20:04:01,431][root][INFO] - val:
[2023-10-21 20:04:02,924][root][INFO] - ===> epoch: 67/300
[2023-10-21 20:04:02,924][root][INFO] - train:
[2023-10-21 20:05:00,304][root][INFO] - val:
[2023-10-21 20:05:01,833][root][INFO] - ===> epoch: 68/300
[2023-10-21 20:05:01,833][root][INFO] - train:
[2023-10-21 20:05:59,190][root][INFO] - val:
[2023-10-21 20:06:00,654][root][INFO] - ===> epoch: 69/300
[2023-10-21 20:06:00,655][root][INFO] - train:
[2023-10-21 20:06:58,971][root][INFO] - val:
[2023-10-21 20:07:00,457][root][INFO] - ===> epoch: 70/300
[2023-10-21 20:07:00,458][root][INFO] - train:
[2023-10-21 20:07:56,425][root][INFO] - val:
[2023-10-21 20:07:57,930][root][INFO] - Checkpoint saved to C:\Users\GeorgeS\Documents\facultate\master\projects\data\model_weights\CIFAR-100/PreResNet/baseline\2525\model_70_0.pth
[2023-10-21 20:07:57,931][root][INFO] - ===> epoch: 71/300
[2023-10-21 20:07:57,931][root][INFO] - train:
[2023-10-21 20:08:53,215][root][INFO] - val:
[2023-10-21 20:08:54,847][root][INFO] - ===> epoch: 72/300
[2023-10-21 20:08:54,847][root][INFO] - train:
[2023-10-21 20:09:49,612][root][INFO] - val:
[2023-10-21 20:09:51,260][root][INFO] - ===> epoch: 73/300
[2023-10-21 20:09:51,260][root][INFO] - train:
[2023-10-21 20:10:46,356][root][INFO] - val:
[2023-10-21 20:10:47,837][root][INFO] - ===> epoch: 74/300
[2023-10-21 20:10:47,837][root][INFO] - train:
[2023-10-21 20:11:47,557][root][INFO] - val:
[2023-10-21 20:11:49,022][root][INFO] - ===> epoch: 75/300
[2023-10-21 20:11:49,023][root][INFO] - train:
[2023-10-21 20:12:45,075][root][INFO] - val:
[2023-10-21 20:12:46,581][root][INFO] - ===> epoch: 76/300
[2023-10-21 20:12:46,582][root][INFO] - train:
[2023-10-21 20:13:42,300][root][INFO] - val:
[2023-10-21 20:13:43,778][root][INFO] - ===> epoch: 77/300
[2023-10-21 20:13:43,779][root][INFO] - train:
[2023-10-21 20:14:39,960][root][INFO] - val:
[2023-10-21 20:14:41,661][root][INFO] - Checkpoint saved to C:\Users\GeorgeS\Documents\facultate\master\projects\data\model_weights\CIFAR-100/PreResNet/baseline\2525\model_77_0.6345999836921692.pth
[2023-10-21 20:14:41,662][root][INFO] - ===> BEST Val/Accuracy PERFORMANCE: 0.63460
[2023-10-21 20:14:41,662][root][INFO] - ===> epoch: 78/300
[2023-10-21 20:14:41,663][root][INFO] - train:
[2023-10-21 20:15:37,665][root][INFO] - val:
[2023-10-21 20:15:39,141][root][INFO] - ===> epoch: 79/300
[2023-10-21 20:15:39,141][root][INFO] - train:
[2023-10-21 20:16:34,694][root][INFO] - val:
[2023-10-21 20:16:36,160][root][INFO] - ===> epoch: 80/300
[2023-10-21 20:16:36,160][root][INFO] - train:
[2023-10-21 20:17:31,979][root][INFO] - val:
[2023-10-21 20:17:33,505][root][INFO] - Checkpoint saved to C:\Users\GeorgeS\Documents\facultate\master\projects\data\model_weights\CIFAR-100/PreResNet/baseline\2525\model_80_0.pth
[2023-10-21 20:17:33,506][root][INFO] - ===> epoch: 81/300
[2023-10-21 20:17:33,506][root][INFO] - train:
[2023-10-21 20:18:29,409][root][INFO] - val:
[2023-10-21 20:18:30,884][root][INFO] - ===> epoch: 82/300
[2023-10-21 20:18:30,884][root][INFO] - train:
[2023-10-21 20:19:26,748][root][INFO] - val:
[2023-10-21 20:19:28,224][root][INFO] - ===> epoch: 83/300
[2023-10-21 20:19:28,225][root][INFO] - train:
[2023-10-21 20:20:23,743][root][INFO] - val:
[2023-10-21 20:20:25,260][root][INFO] - Checkpoint saved to C:\Users\GeorgeS\Documents\facultate\master\projects\data\model_weights\CIFAR-100/PreResNet/baseline\2525\model_83_0.6448000073432922.pth
[2023-10-21 20:20:25,260][root][INFO] - ===> BEST Val/Accuracy PERFORMANCE: 0.64480
[2023-10-21 20:20:25,261][root][INFO] - ===> epoch: 84/300
[2023-10-21 20:20:25,261][root][INFO] - train:
[2023-10-21 20:21:22,272][root][INFO] - val:
[2023-10-21 20:21:23,779][root][INFO] - ===> epoch: 85/300
[2023-10-21 20:21:23,779][root][INFO] - train:
[2023-10-21 20:22:19,671][root][INFO] - val:
[2023-10-21 20:22:21,145][root][INFO] - ===> epoch: 86/300
[2023-10-21 20:22:21,146][root][INFO] - train:
[2023-10-21 20:23:16,766][root][INFO] - val:
[2023-10-21 20:23:18,250][root][INFO] - ===> epoch: 87/300
[2023-10-21 20:23:18,250][root][INFO] - train:
[2023-10-21 20:24:13,674][root][INFO] - val:
[2023-10-21 20:24:15,141][root][INFO] - ===> epoch: 88/300
[2023-10-21 20:24:15,141][root][INFO] - train:
[2023-10-21 20:25:10,336][root][INFO] - val:
[2023-10-21 20:25:11,798][root][INFO] - ===> epoch: 89/300
[2023-10-21 20:25:11,798][root][INFO] - train:
[2023-10-21 20:26:07,252][root][INFO] - val:
[2023-10-21 20:26:08,738][root][INFO] - ===> epoch: 90/300
[2023-10-21 20:26:08,738][root][INFO] - train:
[2023-10-21 20:27:04,364][root][INFO] - val:
[2023-10-21 20:27:05,865][root][INFO] - Checkpoint saved to C:\Users\GeorgeS\Documents\facultate\master\projects\data\model_weights\CIFAR-100/PreResNet/baseline\2525\model_90_0.pth
[2023-10-21 20:27:05,866][root][INFO] - ===> epoch: 91/300
[2023-10-21 20:27:05,866][root][INFO] - train:
[2023-10-21 20:27:59,007][root][INFO] - val:
[2023-10-21 20:28:00,547][root][INFO] - Checkpoint saved to C:\Users\GeorgeS\Documents\facultate\master\projects\data\model_weights\CIFAR-100/PreResNet/baseline\2525\model_91_0.6593999862670898.pth
[2023-10-21 20:28:00,547][root][INFO] - ===> BEST Val/Accuracy PERFORMANCE: 0.65940
[2023-10-21 20:28:00,548][root][INFO] - ===> epoch: 92/300
[2023-10-21 20:28:00,548][root][INFO] - train:
[2023-10-21 20:28:52,521][root][INFO] - val:
[2023-10-21 20:28:54,000][root][INFO] - ===> epoch: 93/300
[2023-10-21 20:28:54,001][root][INFO] - train:
[2023-10-21 20:29:46,081][root][INFO] - val:
[2023-10-21 20:29:47,554][root][INFO] - ===> epoch: 94/300
[2023-10-21 20:29:47,555][root][INFO] - train:
[2023-10-21 20:30:39,695][root][INFO] - val:
[2023-10-21 20:30:41,180][root][INFO] - ===> epoch: 95/300
[2023-10-21 20:30:41,180][root][INFO] - train:
[2023-10-21 20:31:33,735][root][INFO] - val:
[2023-10-21 20:31:35,225][root][INFO] - ===> epoch: 96/300
[2023-10-21 20:31:35,226][root][INFO] - train:
[2023-10-21 20:32:26,853][root][INFO] - val:
[2023-10-21 20:32:28,337][root][INFO] - ===> epoch: 97/300
[2023-10-21 20:32:28,338][root][INFO] - train:
[2023-10-21 20:33:20,193][root][INFO] - val:
[2023-10-21 20:33:21,699][root][INFO] - ===> epoch: 98/300
[2023-10-21 20:33:21,700][root][INFO] - train:
[2023-10-21 20:34:13,808][root][INFO] - val:
[2023-10-21 20:34:15,298][root][INFO] - ===> epoch: 99/300
[2023-10-21 20:34:15,299][root][INFO] - train:
[2023-10-21 20:35:07,146][root][INFO] - val:
[2023-10-21 20:35:08,623][root][INFO] - ===> epoch: 100/300
[2023-10-21 20:35:08,623][root][INFO] - train:
[2023-10-21 20:36:00,182][root][INFO] - val:
[2023-10-21 20:36:01,869][root][INFO] - Checkpoint saved to C:\Users\GeorgeS\Documents\facultate\master\projects\data\model_weights\CIFAR-100/PreResNet/baseline\2525\model_100_0.pth
[2023-10-21 20:36:01,870][root][INFO] - ===> epoch: 101/300
[2023-10-21 20:36:01,870][root][INFO] - train:
[2023-10-21 20:36:53,809][root][INFO] - val:
[2023-10-21 20:36:55,289][root][INFO] - ===> epoch: 102/300
[2023-10-21 20:36:55,289][root][INFO] - train:
[2023-10-21 20:37:47,397][root][INFO] - val:
[2023-10-21 20:37:48,861][root][INFO] - ===> epoch: 103/300
[2023-10-21 20:37:48,861][root][INFO] - train:
[2023-10-21 20:38:40,475][root][INFO] - val:
[2023-10-21 20:38:41,941][root][INFO] - ===> epoch: 104/300
[2023-10-21 20:38:41,941][root][INFO] - train:
[2023-10-21 20:39:33,865][root][INFO] - val:
[2023-10-21 20:39:35,356][root][INFO] - ===> epoch: 105/300
[2023-10-21 20:39:35,356][root][INFO] - train:
[2023-10-21 20:40:27,494][root][INFO] - val:
[2023-10-21 20:40:28,972][root][INFO] - ===> epoch: 106/300
[2023-10-21 20:40:28,973][root][INFO] - train:
[2023-10-21 20:41:20,745][root][INFO] - val:
[2023-10-21 20:41:22,235][root][INFO] - ===> epoch: 107/300
[2023-10-21 20:41:22,236][root][INFO] - train:
[2023-10-21 20:42:14,331][root][INFO] - val:
[2023-10-21 20:42:15,865][root][INFO] - ===> epoch: 108/300
[2023-10-21 20:42:15,866][root][INFO] - train:
[2023-10-21 20:43:07,406][root][INFO] - val:
[2023-10-21 20:43:08,873][root][INFO] - ===> epoch: 109/300
[2023-10-21 20:43:08,874][root][INFO] - train:
[2023-10-21 20:44:00,229][root][INFO] - val:
[2023-10-21 20:44:01,685][root][INFO] - ===> epoch: 110/300
[2023-10-21 20:44:01,685][root][INFO] - train:
[2023-10-21 20:44:53,143][root][INFO] - val:
[2023-10-21 20:44:54,643][root][INFO] - Checkpoint saved to C:\Users\GeorgeS\Documents\facultate\master\projects\data\model_weights\CIFAR-100/PreResNet/baseline\2525\model_110_0.pth
[2023-10-21 20:44:54,644][root][INFO] - ===> epoch: 111/300
[2023-10-21 20:44:54,644][root][INFO] - train:
[2023-10-21 20:45:45,834][root][INFO] - val:
[2023-10-21 20:45:47,324][root][INFO] - ===> epoch: 112/300
[2023-10-21 20:45:47,325][root][INFO] - train:
[2023-10-21 20:46:39,144][root][INFO] - val:
[2023-10-21 20:46:40,605][root][INFO] - ===> epoch: 113/300
[2023-10-21 20:46:40,606][root][INFO] - train:
[2023-10-21 20:47:32,351][root][INFO] - val:
[2023-10-21 20:47:33,851][root][INFO] - ===> epoch: 114/300
[2023-10-21 20:47:33,852][root][INFO] - train:
[2023-10-21 20:48:25,058][root][INFO] - val:
[2023-10-21 20:48:26,670][root][INFO] - ===> epoch: 115/300
[2023-10-21 20:48:26,670][root][INFO] - train:
[2023-10-21 20:49:18,269][root][INFO] - val:
[2023-10-21 20:49:19,732][root][INFO] - ===> epoch: 116/300
[2023-10-21 20:49:19,733][root][INFO] - train:
[2023-10-21 20:50:13,833][root][INFO] - val:
[2023-10-21 20:50:15,299][root][INFO] - ===> epoch: 117/300
[2023-10-21 20:50:15,300][root][INFO] - train:
[2023-10-21 20:51:08,246][root][INFO] - val:
[2023-10-21 20:51:09,723][root][INFO] - ===> epoch: 118/300
[2023-10-21 20:51:09,723][root][INFO] - train:
[2023-10-21 20:52:02,059][root][INFO] - val:
[2023-10-21 20:52:03,546][root][INFO] - ===> epoch: 119/300
[2023-10-21 20:52:03,547][root][INFO] - train:
[2023-10-21 20:52:57,454][root][INFO] - val:
[2023-10-21 20:52:58,923][root][INFO] - ===> epoch: 120/300
[2023-10-21 20:52:58,924][root][INFO] - train:
[2023-10-21 20:53:50,606][root][INFO] - val:
[2023-10-21 20:53:52,116][root][INFO] - Checkpoint saved to C:\Users\GeorgeS\Documents\facultate\master\projects\data\model_weights\CIFAR-100/PreResNet/baseline\2525\model_120_0.pth
[2023-10-21 20:53:52,117][root][INFO] - ===> epoch: 121/300
[2023-10-21 20:53:52,118][root][INFO] - train:
[2023-10-21 20:54:43,850][root][INFO] - val:
[2023-10-21 20:54:45,337][root][INFO] - ===> epoch: 122/300
[2023-10-21 20:54:45,337][root][INFO] - train:
[2023-10-21 20:55:35,007][root][INFO] - val:
[2023-10-21 20:55:36,503][root][INFO] - Checkpoint saved to C:\Users\GeorgeS\Documents\facultate\master\projects\data\model_weights\CIFAR-100/PreResNet/baseline\2525\model_122_0.659500002861023.pth
[2023-10-21 20:55:36,504][root][INFO] - ===> BEST Val/Accuracy PERFORMANCE: 0.65950
[2023-10-21 20:55:36,505][root][INFO] - ===> epoch: 123/300
[2023-10-21 20:55:36,505][root][INFO] - train:
[2023-10-21 20:56:25,384][root][INFO] - val:
[2023-10-21 20:56:26,884][root][INFO] - ===> epoch: 124/300
[2023-10-21 20:56:26,885][root][INFO] - train:
[2023-10-21 20:57:17,604][root][INFO] - val:
[2023-10-21 20:57:19,079][root][INFO] - ===> epoch: 125/300
[2023-10-21 20:57:19,079][root][INFO] - train:
[2023-10-21 20:58:09,734][root][INFO] - val:
[2023-10-21 20:58:11,371][root][INFO] - Checkpoint saved to C:\Users\GeorgeS\Documents\facultate\master\projects\data\model_weights\CIFAR-100/PreResNet/baseline\2525\model_125_0.6665999889373779.pth
[2023-10-21 20:58:11,372][root][INFO] - ===> BEST Val/Accuracy PERFORMANCE: 0.66660
[2023-10-21 20:58:11,372][root][INFO] - ===> epoch: 126/300
[2023-10-21 20:58:11,373][root][INFO] - train:
[2023-10-21 20:59:01,900][root][INFO] - val:
[2023-10-21 20:59:03,386][root][INFO] - ===> epoch: 127/300
[2023-10-21 20:59:03,386][root][INFO] - train:
[2023-10-21 20:59:53,029][root][INFO] - val:
[2023-10-21 20:59:54,571][root][INFO] - ===> epoch: 128/300
[2023-10-21 20:59:54,572][root][INFO] - train:
[2023-10-21 20:59:58,437][root][INFO] - ===> BEST Val/Accuracy PERFORMANCE: 0.66660
[2023-10-21 20:59:58,683][root][INFO] - Saved best accuracy checkpoint
