[2023-10-24 18:52:59,955][root][INFO] - Saving current code to C:\Users\GeorgeS\Documents\facultate\master\projects\Pytorch-Template\outputs\2023-10-24\18-52-59\runs\CIFAR-10/PreResNet/CosineAnnealingBS\2525
[2023-10-24 18:53:00,130][root][INFO] - Loading train_dataset!
[2023-10-24 18:53:29,091][root][INFO] - Loading val_dataset!
[2023-10-24 18:53:35,660][root][INFO] - ===> epoch: 1/300
[2023-10-24 18:53:35,660][root][INFO] - train:
[2023-10-24 18:54:28,098][root][INFO] - val:
[2023-10-24 18:54:31,689][root][INFO] - Checkpoint saved to C:\Users\GeorgeS\Documents\facultate\master\projects\data\model_weights\CIFAR-10/PreResNet/CosineAnnealingBS\2525\model_1_0.4733000099658966.pth
[2023-10-24 18:54:31,690][root][INFO] - ===> BEST Val/Accuracy PERFORMANCE: 0.47330
[2023-10-24 18:54:31,690][root][INFO] - ===> epoch: 2/300
[2023-10-24 18:54:31,690][root][INFO] - train:
[2023-10-24 18:55:22,717][root][INFO] - val:
[2023-10-24 18:55:24,282][root][INFO] - Checkpoint saved to C:\Users\GeorgeS\Documents\facultate\master\projects\data\model_weights\CIFAR-10/PreResNet/CosineAnnealingBS\2525\model_2_0.5437999963760376.pth
[2023-10-24 18:55:24,282][root][INFO] - ===> BEST Val/Accuracy PERFORMANCE: 0.54380
[2023-10-24 18:55:24,284][root][INFO] - ===> epoch: 3/300
[2023-10-24 18:55:24,284][root][INFO] - train:
[2023-10-24 18:56:16,150][root][INFO] - val:
[2023-10-24 18:56:17,640][root][INFO] - Checkpoint saved to C:\Users\GeorgeS\Documents\facultate\master\projects\data\model_weights\CIFAR-10/PreResNet/CosineAnnealingBS\2525\model_3_0.6146000027656555.pth
[2023-10-24 18:56:17,641][root][INFO] - ===> BEST Val/Accuracy PERFORMANCE: 0.61460
[2023-10-24 18:56:17,642][root][INFO] - ===> epoch: 4/300
[2023-10-24 18:56:17,642][root][INFO] - train:
[2023-10-24 18:57:11,494][root][INFO] - val:
[2023-10-24 18:57:13,024][root][INFO] - Checkpoint saved to C:\Users\GeorgeS\Documents\facultate\master\projects\data\model_weights\CIFAR-10/PreResNet/CosineAnnealingBS\2525\model_4_0.6183000206947327.pth
[2023-10-24 18:57:13,025][root][INFO] - ===> BEST Val/Accuracy PERFORMANCE: 0.61830
[2023-10-24 18:57:13,026][root][INFO] - ===> epoch: 5/300
[2023-10-24 18:57:13,026][root][INFO] - train:
[2023-10-24 18:58:07,913][root][INFO] - val:
[2023-10-24 18:58:09,582][root][INFO] - Checkpoint saved to C:\Users\GeorgeS\Documents\facultate\master\projects\data\model_weights\CIFAR-10/PreResNet/CosineAnnealingBS\2525\model_5_0.6744999885559082.pth
[2023-10-24 18:58:09,582][root][INFO] - ===> BEST Val/Accuracy PERFORMANCE: 0.67450
[2023-10-24 18:58:09,583][root][INFO] - ===> epoch: 6/300
[2023-10-24 18:58:09,584][root][INFO] - train:
[2023-10-24 18:59:04,516][root][INFO] - val:
[2023-10-24 18:59:06,135][root][INFO] - ===> epoch: 7/300
[2023-10-24 18:59:06,136][root][INFO] - train:
[2023-10-24 18:59:58,005][root][INFO] - val:
[2023-10-24 18:59:59,473][root][INFO] - Checkpoint saved to C:\Users\GeorgeS\Documents\facultate\master\projects\data\model_weights\CIFAR-10/PreResNet/CosineAnnealingBS\2525\model_7_0.7110000252723694.pth
[2023-10-24 18:59:59,473][root][INFO] - ===> BEST Val/Accuracy PERFORMANCE: 0.71100
[2023-10-24 18:59:59,474][root][INFO] - ===> epoch: 8/300
[2023-10-24 18:59:59,474][root][INFO] - train:
[2023-10-24 19:00:50,798][root][INFO] - val:
[2023-10-24 19:00:52,239][root][INFO] - ===> epoch: 9/300
[2023-10-24 19:00:52,239][root][INFO] - train:
[2023-10-24 19:01:43,282][root][INFO] - val:
[2023-10-24 19:01:44,714][root][INFO] - ===> epoch: 10/300
[2023-10-24 19:01:44,714][root][INFO] - train:
[2023-10-24 19:02:35,843][root][INFO] - val:
[2023-10-24 19:02:37,347][root][INFO] - Checkpoint saved to C:\Users\GeorgeS\Documents\facultate\master\projects\data\model_weights\CIFAR-10/PreResNet/CosineAnnealingBS\2525\model_10_0.7468000054359436.pth
[2023-10-24 19:02:37,348][root][INFO] - ===> BEST Val/Accuracy PERFORMANCE: 0.74680
[2023-10-24 19:02:37,378][root][INFO] - Checkpoint saved to C:\Users\GeorgeS\Documents\facultate\master\projects\data\model_weights\CIFAR-10/PreResNet/CosineAnnealingBS\2525\model_10_0.pth
[2023-10-24 19:02:37,379][root][INFO] - ===> epoch: 11/300
[2023-10-24 19:02:37,379][root][INFO] - train:
[2023-10-24 19:03:28,171][root][INFO] - val:
[2023-10-24 19:03:29,665][root][INFO] - Checkpoint saved to C:\Users\GeorgeS\Documents\facultate\master\projects\data\model_weights\CIFAR-10/PreResNet/CosineAnnealingBS\2525\model_11_0.7591999769210815.pth
[2023-10-24 19:03:29,666][root][INFO] - ===> BEST Val/Accuracy PERFORMANCE: 0.75920
[2023-10-24 19:03:29,667][root][INFO] - ===> epoch: 12/300
[2023-10-24 19:03:29,667][root][INFO] - train:
[2023-10-24 19:04:20,587][root][INFO] - val:
[2023-10-24 19:04:22,038][root][INFO] - ===> epoch: 13/300
[2023-10-24 19:04:22,038][root][INFO] - train:
[2023-10-24 19:05:15,560][root][INFO] - val:
[2023-10-24 19:05:17,033][root][INFO] - ===> epoch: 14/300
[2023-10-24 19:05:17,034][root][INFO] - train:
[2023-10-24 19:06:10,788][root][INFO] - val:
[2023-10-24 19:06:12,250][root][INFO] - ===> epoch: 15/300
[2023-10-24 19:06:12,250][root][INFO] - train:
[2023-10-24 19:07:03,722][root][INFO] - val:
[2023-10-24 19:07:05,214][root][INFO] - Checkpoint saved to C:\Users\GeorgeS\Documents\facultate\master\projects\data\model_weights\CIFAR-10/PreResNet/CosineAnnealingBS\2525\model_15_0.7849000096321106.pth
[2023-10-24 19:07:05,215][root][INFO] - ===> BEST Val/Accuracy PERFORMANCE: 0.78490
[2023-10-24 19:07:05,215][root][INFO] - ===> epoch: 16/300
[2023-10-24 19:07:05,216][root][INFO] - train:
[2023-10-24 19:07:56,292][root][INFO] - val:
[2023-10-24 19:07:57,791][root][INFO] - Checkpoint saved to C:\Users\GeorgeS\Documents\facultate\master\projects\data\model_weights\CIFAR-10/PreResNet/CosineAnnealingBS\2525\model_16_0.7996000051498413.pth
[2023-10-24 19:07:57,792][root][INFO] - ===> BEST Val/Accuracy PERFORMANCE: 0.79960
[2023-10-24 19:07:57,792][root][INFO] - ===> epoch: 17/300
[2023-10-24 19:07:57,793][root][INFO] - train:
[2023-10-24 19:08:49,517][root][INFO] - val:
[2023-10-24 19:08:50,978][root][INFO] - ===> epoch: 18/300
[2023-10-24 19:08:50,978][root][INFO] - train:
[2023-10-24 19:09:45,571][root][INFO] - val:
[2023-10-24 19:09:47,140][root][INFO] - ===> epoch: 19/300
[2023-10-24 19:09:47,140][root][INFO] - train:
[2023-10-24 19:10:39,823][root][INFO] - val:
[2023-10-24 19:10:41,260][root][INFO] - ===> epoch: 20/300
[2023-10-24 19:10:41,260][root][INFO] - train:
[2023-10-24 19:11:36,439][root][INFO] - val:
[2023-10-24 19:11:38,083][root][INFO] - Checkpoint saved to C:\Users\GeorgeS\Documents\facultate\master\projects\data\model_weights\CIFAR-10/PreResNet/CosineAnnealingBS\2525\model_20_0.809499979019165.pth
[2023-10-24 19:11:38,084][root][INFO] - ===> BEST Val/Accuracy PERFORMANCE: 0.80950
[2023-10-24 19:11:38,121][root][INFO] - Checkpoint saved to C:\Users\GeorgeS\Documents\facultate\master\projects\data\model_weights\CIFAR-10/PreResNet/CosineAnnealingBS\2525\model_20_0.pth
[2023-10-24 19:11:38,122][root][INFO] - ===> epoch: 21/300
[2023-10-24 19:11:38,122][root][INFO] - train:
[2023-10-24 19:12:35,276][root][INFO] - val:
[2023-10-24 19:12:36,929][root][INFO] - Checkpoint saved to C:\Users\GeorgeS\Documents\facultate\master\projects\data\model_weights\CIFAR-10/PreResNet/CosineAnnealingBS\2525\model_21_0.817300021648407.pth
[2023-10-24 19:12:36,930][root][INFO] - ===> BEST Val/Accuracy PERFORMANCE: 0.81730
[2023-10-24 19:12:36,931][root][INFO] - ===> epoch: 22/300
[2023-10-24 19:12:36,931][root][INFO] - train:
[2023-10-24 19:13:33,735][root][INFO] - val:
[2023-10-24 19:13:35,371][root][INFO] - Checkpoint saved to C:\Users\GeorgeS\Documents\facultate\master\projects\data\model_weights\CIFAR-10/PreResNet/CosineAnnealingBS\2525\model_22_0.8198999762535095.pth
[2023-10-24 19:13:35,372][root][INFO] - ===> BEST Val/Accuracy PERFORMANCE: 0.81990
[2023-10-24 19:13:35,373][root][INFO] - ===> epoch: 23/300
[2023-10-24 19:13:35,373][root][INFO] - train:
[2023-10-24 19:14:32,397][root][INFO] - val:
[2023-10-24 19:14:33,981][root][INFO] - ===> epoch: 24/300
[2023-10-24 19:14:33,981][root][INFO] - train:
[2023-10-24 19:15:31,667][root][INFO] - val:
[2023-10-24 19:15:33,342][root][INFO] - Checkpoint saved to C:\Users\GeorgeS\Documents\facultate\master\projects\data\model_weights\CIFAR-10/PreResNet/CosineAnnealingBS\2525\model_24_0.8234999775886536.pth
[2023-10-24 19:15:33,343][root][INFO] - ===> BEST Val/Accuracy PERFORMANCE: 0.82350
[2023-10-24 19:15:33,344][root][INFO] - ===> epoch: 25/300
[2023-10-24 19:15:33,344][root][INFO] - train:
[2023-10-24 19:16:30,295][root][INFO] - val:
[2023-10-24 19:16:31,903][root][INFO] - ===> epoch: 26/300
[2023-10-24 19:16:31,904][root][INFO] - train:
[2023-10-24 19:17:28,555][root][INFO] - val:
[2023-10-24 19:17:30,002][root][INFO] - ===> epoch: 27/300
[2023-10-24 19:17:30,002][root][INFO] - train:
[2023-10-24 19:18:21,260][root][INFO] - val:
[2023-10-24 19:18:22,713][root][INFO] - ===> epoch: 28/300
[2023-10-24 19:18:22,714][root][INFO] - train:
[2023-10-24 19:19:14,023][root][INFO] - val:
[2023-10-24 19:19:15,528][root][INFO] - Checkpoint saved to C:\Users\GeorgeS\Documents\facultate\master\projects\data\model_weights\CIFAR-10/PreResNet/CosineAnnealingBS\2525\model_28_0.824999988079071.pth
[2023-10-24 19:19:15,529][root][INFO] - ===> BEST Val/Accuracy PERFORMANCE: 0.82500
[2023-10-24 19:19:15,529][root][INFO] - ===> epoch: 29/300
[2023-10-24 19:19:15,530][root][INFO] - train:
[2023-10-24 19:20:06,767][root][INFO] - val:
[2023-10-24 19:20:08,272][root][INFO] - Checkpoint saved to C:\Users\GeorgeS\Documents\facultate\master\projects\data\model_weights\CIFAR-10/PreResNet/CosineAnnealingBS\2525\model_29_0.8317999839782715.pth
[2023-10-24 19:20:08,273][root][INFO] - ===> BEST Val/Accuracy PERFORMANCE: 0.83180
[2023-10-24 19:20:08,274][root][INFO] - ===> epoch: 30/300
[2023-10-24 19:20:08,274][root][INFO] - train:
[2023-10-24 19:20:59,526][root][INFO] - val:
[2023-10-24 19:21:01,028][root][INFO] - Checkpoint saved to C:\Users\GeorgeS\Documents\facultate\master\projects\data\model_weights\CIFAR-10/PreResNet/CosineAnnealingBS\2525\model_30_0.8392000198364258.pth
[2023-10-24 19:21:01,029][root][INFO] - ===> BEST Val/Accuracy PERFORMANCE: 0.83920
[2023-10-24 19:21:01,067][root][INFO] - Checkpoint saved to C:\Users\GeorgeS\Documents\facultate\master\projects\data\model_weights\CIFAR-10/PreResNet/CosineAnnealingBS\2525\model_30_0.pth
[2023-10-24 19:21:01,068][root][INFO] - ===> epoch: 31/300
[2023-10-24 19:21:01,068][root][INFO] - train:
[2023-10-24 19:21:52,308][root][INFO] - val:
[2023-10-24 19:21:53,759][root][INFO] - ===> epoch: 32/300
[2023-10-24 19:21:53,759][root][INFO] - train:
[2023-10-24 19:22:44,901][root][INFO] - val:
[2023-10-24 19:22:46,342][root][INFO] - ===> epoch: 33/300
[2023-10-24 19:22:46,343][root][INFO] - train:
[2023-10-24 19:23:39,447][root][INFO] - val:
[2023-10-24 19:23:41,057][root][INFO] - ===> epoch: 34/300
[2023-10-24 19:23:41,058][root][INFO] - train:
[2023-10-24 19:24:32,564][root][INFO] - val:
[2023-10-24 19:24:34,047][root][INFO] - Checkpoint saved to C:\Users\GeorgeS\Documents\facultate\master\projects\data\model_weights\CIFAR-10/PreResNet/CosineAnnealingBS\2525\model_34_0.8424999713897705.pth
[2023-10-24 19:24:34,048][root][INFO] - ===> BEST Val/Accuracy PERFORMANCE: 0.84250
[2023-10-24 19:24:34,049][root][INFO] - ===> epoch: 35/300
[2023-10-24 19:24:34,049][root][INFO] - train:
[2023-10-24 19:25:25,489][root][INFO] - val:
[2023-10-24 19:25:26,920][root][INFO] - ===> epoch: 36/300
[2023-10-24 19:25:26,920][root][INFO] - train:
[2023-10-24 19:26:18,396][root][INFO] - val:
[2023-10-24 19:26:19,900][root][INFO] - Checkpoint saved to C:\Users\GeorgeS\Documents\facultate\master\projects\data\model_weights\CIFAR-10/PreResNet/CosineAnnealingBS\2525\model_36_0.8503000140190125.pth
[2023-10-24 19:26:19,900][root][INFO] - ===> BEST Val/Accuracy PERFORMANCE: 0.85030
[2023-10-24 19:26:19,901][root][INFO] - ===> epoch: 37/300
[2023-10-24 19:26:19,901][root][INFO] - train:
[2023-10-24 19:27:11,339][root][INFO] - val:
[2023-10-24 19:27:12,798][root][INFO] - ===> epoch: 38/300
[2023-10-24 19:27:12,799][root][INFO] - train:
[2023-10-24 19:28:03,666][root][INFO] - val:
[2023-10-24 19:28:05,121][root][INFO] - ===> epoch: 39/300
[2023-10-24 19:28:05,121][root][INFO] - train:
[2023-10-24 19:28:55,961][root][INFO] - val:
[2023-10-24 19:28:57,436][root][INFO] - Checkpoint saved to C:\Users\GeorgeS\Documents\facultate\master\projects\data\model_weights\CIFAR-10/PreResNet/CosineAnnealingBS\2525\model_39_0.8579999804496765.pth
[2023-10-24 19:28:57,437][root][INFO] - ===> BEST Val/Accuracy PERFORMANCE: 0.85800
[2023-10-24 19:28:57,437][root][INFO] - ===> epoch: 40/300
[2023-10-24 19:28:57,438][root][INFO] - train:
[2023-10-24 19:29:49,055][root][INFO] - val:
[2023-10-24 19:29:50,577][root][INFO] - Checkpoint saved to C:\Users\GeorgeS\Documents\facultate\master\projects\data\model_weights\CIFAR-10/PreResNet/CosineAnnealingBS\2525\model_40_0.pth
[2023-10-24 19:29:50,578][root][INFO] - ===> epoch: 41/300
[2023-10-24 19:29:50,578][root][INFO] - train:
[2023-10-24 19:30:42,461][root][INFO] - val:
[2023-10-24 19:30:43,988][root][INFO] - Checkpoint saved to C:\Users\GeorgeS\Documents\facultate\master\projects\data\model_weights\CIFAR-10/PreResNet/CosineAnnealingBS\2525\model_41_0.8615000247955322.pth
[2023-10-24 19:30:43,989][root][INFO] - ===> BEST Val/Accuracy PERFORMANCE: 0.86150
[2023-10-24 19:30:43,989][root][INFO] - ===> epoch: 42/300
[2023-10-24 19:30:43,990][root][INFO] - train:
[2023-10-24 19:31:34,628][root][INFO] - val:
[2023-10-24 19:31:36,070][root][INFO] - ===> epoch: 43/300
[2023-10-24 19:31:36,071][root][INFO] - train:
[2023-10-24 19:32:25,899][root][INFO] - val:
[2023-10-24 19:32:27,347][root][INFO] - ===> epoch: 44/300
[2023-10-24 19:32:27,347][root][INFO] - train:
[2023-10-24 19:33:17,245][root][INFO] - val:
[2023-10-24 19:33:18,692][root][INFO] - ===> epoch: 45/300
[2023-10-24 19:33:18,693][root][INFO] - train:
[2023-10-24 19:34:09,390][root][INFO] - val:
[2023-10-24 19:34:10,879][root][INFO] - ===> epoch: 46/300
[2023-10-24 19:34:10,880][root][INFO] - train:
[2023-10-24 19:35:01,761][root][INFO] - val:
[2023-10-24 19:35:03,232][root][INFO] - ===> epoch: 47/300
[2023-10-24 19:35:03,232][root][INFO] - train:
[2023-10-24 19:35:53,497][root][INFO] - val:
[2023-10-24 19:35:54,988][root][INFO] - ===> epoch: 48/300
[2023-10-24 19:35:54,988][root][INFO] - train:
[2023-10-24 19:36:45,028][root][INFO] - val:
[2023-10-24 19:36:46,470][root][INFO] - ===> epoch: 49/300
[2023-10-24 19:36:46,471][root][INFO] - train:
[2023-10-24 19:37:37,710][root][INFO] - val:
[2023-10-24 19:37:39,162][root][INFO] - ===> epoch: 50/300
[2023-10-24 19:37:39,163][root][INFO] - train:
[2023-10-24 19:38:29,918][root][INFO] - val:
[2023-10-24 19:38:31,396][root][INFO] - Checkpoint saved to C:\Users\GeorgeS\Documents\facultate\master\projects\data\model_weights\CIFAR-10/PreResNet/CosineAnnealingBS\2525\model_50_0.8669000267982483.pth
[2023-10-24 19:38:31,397][root][INFO] - ===> BEST Val/Accuracy PERFORMANCE: 0.86690
[2023-10-24 19:38:31,430][root][INFO] - Checkpoint saved to C:\Users\GeorgeS\Documents\facultate\master\projects\data\model_weights\CIFAR-10/PreResNet/CosineAnnealingBS\2525\model_50_0.pth
[2023-10-24 19:38:31,431][root][INFO] - ===> epoch: 51/300
[2023-10-24 19:38:31,431][root][INFO] - train:
[2023-10-24 19:39:21,541][root][INFO] - val:
[2023-10-24 19:39:22,992][root][INFO] - ===> epoch: 52/300
[2023-10-24 19:39:22,993][root][INFO] - train:
[2023-10-24 19:40:13,713][root][INFO] - val:
[2023-10-24 19:40:15,208][root][INFO] - ===> epoch: 53/300
[2023-10-24 19:40:15,209][root][INFO] - train:
[2023-10-24 19:41:07,752][root][INFO] - val:
[2023-10-24 19:41:09,320][root][INFO] - ===> epoch: 54/300
[2023-10-24 19:41:09,321][root][INFO] - train:
[2023-10-24 19:42:02,007][root][INFO] - val:
[2023-10-24 19:42:03,494][root][INFO] - ===> epoch: 55/300
[2023-10-24 19:42:03,495][root][INFO] - train:
[2023-10-24 19:42:56,687][root][INFO] - val:
[2023-10-24 19:42:58,217][root][INFO] - Checkpoint saved to C:\Users\GeorgeS\Documents\facultate\master\projects\data\model_weights\CIFAR-10/PreResNet/CosineAnnealingBS\2525\model_55_0.8712999820709229.pth
[2023-10-24 19:42:58,218][root][INFO] - ===> BEST Val/Accuracy PERFORMANCE: 0.87130
[2023-10-24 19:42:58,219][root][INFO] - ===> epoch: 56/300
[2023-10-24 19:42:58,220][root][INFO] - train:
[2023-10-24 19:43:53,431][root][INFO] - val:
[2023-10-24 19:43:54,987][root][INFO] - Checkpoint saved to C:\Users\GeorgeS\Documents\facultate\master\projects\data\model_weights\CIFAR-10/PreResNet/CosineAnnealingBS\2525\model_56_0.8754000067710876.pth
[2023-10-24 19:43:54,988][root][INFO] - ===> BEST Val/Accuracy PERFORMANCE: 0.87540
[2023-10-24 19:43:54,989][root][INFO] - ===> epoch: 57/300
[2023-10-24 19:43:54,990][root][INFO] - train:
[2023-10-24 19:44:46,408][root][INFO] - val:
[2023-10-24 19:44:47,923][root][INFO] - ===> epoch: 58/300
[2023-10-24 19:44:47,923][root][INFO] - train:
[2023-10-24 19:45:39,676][root][INFO] - val:
[2023-10-24 19:45:41,223][root][INFO] - ===> epoch: 59/300
[2023-10-24 19:45:41,223][root][INFO] - train:
[2023-10-24 19:46:33,920][root][INFO] - val:
[2023-10-24 19:46:35,447][root][INFO] - ===> epoch: 60/300
[2023-10-24 19:46:35,447][root][INFO] - train:
[2023-10-24 19:47:26,548][root][INFO] - val:
[2023-10-24 19:47:28,244][root][INFO] - Checkpoint saved to C:\Users\GeorgeS\Documents\facultate\master\projects\data\model_weights\CIFAR-10/PreResNet/CosineAnnealingBS\2525\model_60_0.pth
[2023-10-24 19:47:28,245][root][INFO] - ===> epoch: 61/300
[2023-10-24 19:47:28,245][root][INFO] - train:
[2023-10-24 19:48:19,745][root][INFO] - val:
[2023-10-24 19:48:21,283][root][INFO] - ===> epoch: 62/300
[2023-10-24 19:48:21,283][root][INFO] - train:
[2023-10-24 19:49:13,572][root][INFO] - val:
[2023-10-24 19:49:15,174][root][INFO] - Checkpoint saved to C:\Users\GeorgeS\Documents\facultate\master\projects\data\model_weights\CIFAR-10/PreResNet/CosineAnnealingBS\2525\model_62_0.8784999847412109.pth
[2023-10-24 19:49:15,175][root][INFO] - ===> BEST Val/Accuracy PERFORMANCE: 0.87850
[2023-10-24 19:49:15,176][root][INFO] - ===> epoch: 63/300
[2023-10-24 19:49:15,176][root][INFO] - train:
[2023-10-24 19:50:05,864][root][INFO] - val:
[2023-10-24 19:50:07,341][root][INFO] - ===> epoch: 64/300
[2023-10-24 19:50:07,341][root][INFO] - train:
[2023-10-24 19:50:57,993][root][INFO] - val:
[2023-10-24 19:50:59,506][root][INFO] - ===> epoch: 65/300
[2023-10-24 19:50:59,506][root][INFO] - train:
[2023-10-24 19:51:51,257][root][INFO] - val:
[2023-10-24 19:51:52,760][root][INFO] - ===> epoch: 66/300
[2023-10-24 19:51:52,761][root][INFO] - train:
[2023-10-24 19:52:43,720][root][INFO] - val:
[2023-10-24 19:52:45,220][root][INFO] - ===> epoch: 67/300
[2023-10-24 19:52:45,220][root][INFO] - train:
[2023-10-24 19:53:35,630][root][INFO] - val:
[2023-10-24 19:53:37,137][root][INFO] - ===> epoch: 68/300
[2023-10-24 19:53:37,137][root][INFO] - train:
[2023-10-24 19:54:28,490][root][INFO] - val:
[2023-10-24 19:54:29,975][root][INFO] - ===> epoch: 69/300
[2023-10-24 19:54:29,976][root][INFO] - train:
[2023-10-24 19:55:19,492][root][INFO] - val:
[2023-10-24 19:55:21,169][root][INFO] - ===> epoch: 70/300
[2023-10-24 19:55:21,170][root][INFO] - train:
[2023-10-24 19:56:11,328][root][INFO] - val:
[2023-10-24 19:56:12,879][root][INFO] - Checkpoint saved to C:\Users\GeorgeS\Documents\facultate\master\projects\data\model_weights\CIFAR-10/PreResNet/CosineAnnealingBS\2525\model_70_0.8827999830245972.pth
[2023-10-24 19:56:12,880][root][INFO] - ===> BEST Val/Accuracy PERFORMANCE: 0.88280
[2023-10-24 19:56:12,918][root][INFO] - Checkpoint saved to C:\Users\GeorgeS\Documents\facultate\master\projects\data\model_weights\CIFAR-10/PreResNet/CosineAnnealingBS\2525\model_70_0.pth
[2023-10-24 19:56:12,919][root][INFO] - ===> epoch: 71/300
[2023-10-24 19:56:12,920][root][INFO] - train:
[2023-10-24 19:57:02,115][root][INFO] - val:
[2023-10-24 19:57:03,679][root][INFO] - ===> epoch: 72/300
[2023-10-24 19:57:03,679][root][INFO] - train:
[2023-10-24 19:57:54,507][root][INFO] - val:
[2023-10-24 19:57:56,013][root][INFO] - ===> epoch: 73/300
[2023-10-24 19:57:56,014][root][INFO] - train:
[2023-10-24 19:58:45,704][root][INFO] - val:
[2023-10-24 19:58:47,162][root][INFO] - ===> epoch: 74/300
[2023-10-24 19:58:47,163][root][INFO] - train:
[2023-10-24 19:59:36,773][root][INFO] - val:
[2023-10-24 19:59:38,257][root][INFO] - ===> epoch: 75/300
[2023-10-24 19:59:38,258][root][INFO] - train:
[2023-10-24 20:00:26,665][root][INFO] - val:
[2023-10-24 20:00:28,152][root][INFO] - ===> epoch: 76/300
[2023-10-24 20:00:28,153][root][INFO] - train:
[2023-10-24 20:01:16,837][root][INFO] - val:
[2023-10-24 20:01:18,329][root][INFO] - ===> epoch: 77/300
[2023-10-24 20:01:18,330][root][INFO] - train:
[2023-10-24 20:02:08,417][root][INFO] - val:
[2023-10-24 20:02:09,893][root][INFO] - ===> epoch: 78/300
[2023-10-24 20:02:09,893][root][INFO] - train:
[2023-10-24 20:02:58,961][root][INFO] - val:
[2023-10-24 20:03:00,425][root][INFO] - ===> epoch: 79/300
[2023-10-24 20:03:00,426][root][INFO] - train:
[2023-10-24 20:03:50,735][root][INFO] - val:
[2023-10-24 20:03:52,269][root][INFO] - ===> epoch: 80/300
[2023-10-24 20:03:52,270][root][INFO] - train:
[2023-10-24 20:04:41,587][root][INFO] - val:
[2023-10-24 20:04:43,165][root][INFO] - Checkpoint saved to C:\Users\GeorgeS\Documents\facultate\master\projects\data\model_weights\CIFAR-10/PreResNet/CosineAnnealingBS\2525\model_80_0.pth
[2023-10-24 20:04:43,166][root][INFO] - ===> epoch: 81/300
[2023-10-24 20:04:43,167][root][INFO] - train:
[2023-10-24 20:05:32,547][root][INFO] - val:
[2023-10-24 20:05:33,994][root][INFO] - ===> epoch: 82/300
[2023-10-24 20:05:33,995][root][INFO] - train:
[2023-10-24 20:06:22,588][root][INFO] - val:
[2023-10-24 20:06:24,065][root][INFO] - ===> epoch: 83/300
[2023-10-24 20:06:24,066][root][INFO] - train:
[2023-10-24 20:07:12,013][root][INFO] - val:
[2023-10-24 20:07:13,481][root][INFO] - ===> epoch: 84/300
[2023-10-24 20:07:13,481][root][INFO] - train:
[2023-10-24 20:08:02,144][root][INFO] - val:
[2023-10-24 20:08:03,588][root][INFO] - ===> epoch: 85/300
[2023-10-24 20:08:03,589][root][INFO] - train:
[2023-10-24 20:08:52,026][root][INFO] - val:
[2023-10-24 20:08:53,503][root][INFO] - ===> epoch: 86/300
[2023-10-24 20:08:53,504][root][INFO] - train:
[2023-10-24 20:09:42,296][root][INFO] - val:
[2023-10-24 20:09:43,757][root][INFO] - ===> epoch: 87/300
[2023-10-24 20:09:43,758][root][INFO] - train:
[2023-10-24 20:10:32,525][root][INFO] - val:
[2023-10-24 20:10:33,982][root][INFO] - ===> epoch: 88/300
[2023-10-24 20:10:33,983][root][INFO] - train:
[2023-10-24 20:11:22,481][root][INFO] - val:
[2023-10-24 20:11:23,936][root][INFO] - ===> epoch: 89/300
[2023-10-24 20:11:23,936][root][INFO] - train:
[2023-10-24 20:12:12,736][root][INFO] - val:
[2023-10-24 20:12:14,241][root][INFO] - Checkpoint saved to C:\Users\GeorgeS\Documents\facultate\master\projects\data\model_weights\CIFAR-10/PreResNet/CosineAnnealingBS\2525\model_89_0.8858000040054321.pth
[2023-10-24 20:12:14,242][root][INFO] - ===> BEST Val/Accuracy PERFORMANCE: 0.88580
[2023-10-24 20:12:14,243][root][INFO] - ===> epoch: 90/300
[2023-10-24 20:12:14,243][root][INFO] - train:
[2023-10-24 20:13:05,148][root][INFO] - val:
[2023-10-24 20:13:06,708][root][INFO] - Checkpoint saved to C:\Users\GeorgeS\Documents\facultate\master\projects\data\model_weights\CIFAR-10/PreResNet/CosineAnnealingBS\2525\model_90_0.pth
[2023-10-24 20:13:06,709][root][INFO] - ===> epoch: 91/300
[2023-10-24 20:13:06,710][root][INFO] - train:
[2023-10-24 20:13:56,185][root][INFO] - val:
[2023-10-24 20:13:57,651][root][INFO] - ===> epoch: 92/300
[2023-10-24 20:13:57,651][root][INFO] - train:
[2023-10-24 20:14:47,627][root][INFO] - val:
[2023-10-24 20:14:49,380][root][INFO] - ===> epoch: 93/300
[2023-10-24 20:14:49,380][root][INFO] - train:
[2023-10-24 20:15:38,579][root][INFO] - val:
[2023-10-24 20:15:40,038][root][INFO] - ===> epoch: 94/300
[2023-10-24 20:15:40,039][root][INFO] - train:
[2023-10-24 20:16:28,687][root][INFO] - val:
[2023-10-24 20:16:30,175][root][INFO] - ===> epoch: 95/300
[2023-10-24 20:16:30,175][root][INFO] - train:
[2023-10-24 20:17:21,562][root][INFO] - val:
[2023-10-24 20:17:23,020][root][INFO] - ===> epoch: 96/300
[2023-10-24 20:17:23,021][root][INFO] - train:
[2023-10-24 20:18:12,320][root][INFO] - val:
[2023-10-24 20:18:13,793][root][INFO] - ===> epoch: 97/300
[2023-10-24 20:18:13,794][root][INFO] - train:
[2023-10-24 20:19:02,784][root][INFO] - val:
[2023-10-24 20:19:04,425][root][INFO] - ===> epoch: 98/300
[2023-10-24 20:19:04,425][root][INFO] - train:
[2023-10-24 20:19:53,006][root][INFO] - val:
[2023-10-24 20:19:54,478][root][INFO] - ===> epoch: 99/300
[2023-10-24 20:19:54,478][root][INFO] - train:
[2023-10-24 20:20:43,475][root][INFO] - val:
[2023-10-24 20:20:44,922][root][INFO] - ===> epoch: 100/300
[2023-10-24 20:20:44,922][root][INFO] - train:
[2023-10-24 20:21:33,161][root][INFO] - val:
[2023-10-24 20:21:34,667][root][INFO] - Checkpoint saved to C:\Users\GeorgeS\Documents\facultate\master\projects\data\model_weights\CIFAR-10/PreResNet/CosineAnnealingBS\2525\model_100_0.pth
[2023-10-24 20:21:34,668][root][INFO] - ===> epoch: 101/300
[2023-10-24 20:21:34,668][root][INFO] - train:
[2023-10-24 20:22:22,951][root][INFO] - val:
[2023-10-24 20:22:24,417][root][INFO] - ===> epoch: 102/300
[2023-10-24 20:22:24,417][root][INFO] - train:
[2023-10-24 20:23:13,538][root][INFO] - val:
[2023-10-24 20:23:15,012][root][INFO] - ===> epoch: 103/300
[2023-10-24 20:23:15,013][root][INFO] - train:
[2023-10-24 20:24:03,672][root][INFO] - val:
[2023-10-24 20:24:05,129][root][INFO] - ===> epoch: 104/300
[2023-10-24 20:24:05,129][root][INFO] - train:
[2023-10-24 20:24:52,764][root][INFO] - val:
[2023-10-24 20:24:54,356][root][INFO] - ===> epoch: 105/300
[2023-10-24 20:24:54,357][root][INFO] - train:
[2023-10-24 20:25:41,938][root][INFO] - val:
[2023-10-24 20:25:43,531][root][INFO] - ===> epoch: 106/300
[2023-10-24 20:25:43,531][root][INFO] - train:
[2023-10-24 20:26:30,740][root][INFO] - val:
[2023-10-24 20:26:32,583][root][INFO] - ===> epoch: 107/300
[2023-10-24 20:26:32,583][root][INFO] - train:
[2023-10-24 20:27:19,776][root][INFO] - val:
[2023-10-24 20:27:21,375][root][INFO] - Checkpoint saved to C:\Users\GeorgeS\Documents\facultate\master\projects\data\model_weights\CIFAR-10/PreResNet/CosineAnnealingBS\2525\model_107_0.8866999745368958.pth
[2023-10-24 20:27:21,376][root][INFO] - ===> BEST Val/Accuracy PERFORMANCE: 0.88670
[2023-10-24 20:27:21,377][root][INFO] - ===> epoch: 108/300
[2023-10-24 20:27:21,377][root][INFO] - train:
[2023-10-24 20:28:08,655][root][INFO] - val:
[2023-10-24 20:28:10,321][root][INFO] - ===> epoch: 109/300
[2023-10-24 20:28:10,321][root][INFO] - train:
[2023-10-24 20:28:57,982][root][INFO] - val:
[2023-10-24 20:28:59,677][root][INFO] - ===> epoch: 110/300
[2023-10-24 20:28:59,677][root][INFO] - train:
[2023-10-24 20:29:47,119][root][INFO] - val:
[2023-10-24 20:29:48,667][root][INFO] - Checkpoint saved to C:\Users\GeorgeS\Documents\facultate\master\projects\data\model_weights\CIFAR-10/PreResNet/CosineAnnealingBS\2525\model_110_0.8884999752044678.pth
[2023-10-24 20:29:48,667][root][INFO] - ===> BEST Val/Accuracy PERFORMANCE: 0.88850
[2023-10-24 20:29:48,706][root][INFO] - Checkpoint saved to C:\Users\GeorgeS\Documents\facultate\master\projects\data\model_weights\CIFAR-10/PreResNet/CosineAnnealingBS\2525\model_110_0.pth
[2023-10-24 20:29:48,707][root][INFO] - ===> epoch: 111/300
[2023-10-24 20:29:48,707][root][INFO] - train:
[2023-10-24 20:30:36,431][root][INFO] - val:
[2023-10-24 20:30:37,937][root][INFO] - ===> epoch: 112/300
[2023-10-24 20:30:37,937][root][INFO] - train:
[2023-10-24 20:31:27,847][root][INFO] - val:
[2023-10-24 20:31:29,496][root][INFO] - ===> epoch: 113/300
[2023-10-24 20:31:29,496][root][INFO] - train:
[2023-10-24 20:32:18,722][root][INFO] - val:
[2023-10-24 20:32:20,207][root][INFO] - ===> epoch: 114/300
[2023-10-24 20:32:20,207][root][INFO] - train:
[2023-10-24 20:33:08,324][root][INFO] - val:
[2023-10-24 20:33:09,774][root][INFO] - ===> epoch: 115/300
[2023-10-24 20:33:09,775][root][INFO] - train:
[2023-10-24 20:33:59,888][root][INFO] - val:
[2023-10-24 20:34:01,535][root][INFO] - Checkpoint saved to C:\Users\GeorgeS\Documents\facultate\master\projects\data\model_weights\CIFAR-10/PreResNet/CosineAnnealingBS\2525\model_115_0.8898000121116638.pth
[2023-10-24 20:34:01,535][root][INFO] - ===> BEST Val/Accuracy PERFORMANCE: 0.88980
[2023-10-24 20:34:01,537][root][INFO] - ===> epoch: 116/300
[2023-10-24 20:34:01,537][root][INFO] - train:
[2023-10-24 20:34:53,362][root][INFO] - val:
[2023-10-24 20:34:54,941][root][INFO] - ===> epoch: 117/300
[2023-10-24 20:34:54,941][root][INFO] - train:
[2023-10-24 20:35:47,111][root][INFO] - val:
[2023-10-24 20:35:48,677][root][INFO] - ===> epoch: 118/300
[2023-10-24 20:35:48,678][root][INFO] - train:
[2023-10-24 20:36:40,699][root][INFO] - val:
[2023-10-24 20:36:42,313][root][INFO] - ===> epoch: 119/300
[2023-10-24 20:36:42,314][root][INFO] - train:
[2023-10-24 20:37:34,243][root][INFO] - val:
[2023-10-24 20:37:35,806][root][INFO] - ===> epoch: 120/300
[2023-10-24 20:37:35,806][root][INFO] - train:
[2023-10-24 20:38:27,732][root][INFO] - val:
[2023-10-24 20:38:29,350][root][INFO] - Checkpoint saved to C:\Users\GeorgeS\Documents\facultate\master\projects\data\model_weights\CIFAR-10/PreResNet/CosineAnnealingBS\2525\model_120_0.pth
[2023-10-24 20:38:29,351][root][INFO] - ===> epoch: 121/300
[2023-10-24 20:38:29,351][root][INFO] - train:
[2023-10-24 20:39:21,434][root][INFO] - val:
[2023-10-24 20:39:22,989][root][INFO] - ===> epoch: 122/300
[2023-10-24 20:39:22,989][root][INFO] - train:
[2023-10-24 20:40:15,210][root][INFO] - val:
[2023-10-24 20:40:16,793][root][INFO] - ===> epoch: 123/300
[2023-10-24 20:40:16,794][root][INFO] - train:
[2023-10-24 20:41:08,661][root][INFO] - val:
[2023-10-24 20:41:10,254][root][INFO] - ===> epoch: 124/300
[2023-10-24 20:41:10,255][root][INFO] - train:
[2023-10-24 20:42:02,159][root][INFO] - val:
[2023-10-24 20:42:03,755][root][INFO] - ===> epoch: 125/300
[2023-10-24 20:42:03,756][root][INFO] - train:
[2023-10-24 20:42:55,809][root][INFO] - val:
[2023-10-24 20:42:57,387][root][INFO] - ===> epoch: 126/300
[2023-10-24 20:42:57,388][root][INFO] - train:
[2023-10-24 20:43:49,766][root][INFO] - val:
[2023-10-24 20:43:51,342][root][INFO] - ===> epoch: 127/300
[2023-10-24 20:43:51,343][root][INFO] - train:
[2023-10-24 20:44:43,368][root][INFO] - val:
[2023-10-24 20:44:45,188][root][INFO] - Checkpoint saved to C:\Users\GeorgeS\Documents\facultate\master\projects\data\model_weights\CIFAR-10/PreResNet/CosineAnnealingBS\2525\model_127_0.8902999758720398.pth
[2023-10-24 20:44:45,188][root][INFO] - ===> BEST Val/Accuracy PERFORMANCE: 0.89030
[2023-10-24 20:44:45,189][root][INFO] - ===> epoch: 128/300
[2023-10-24 20:44:45,190][root][INFO] - train:
[2023-10-24 20:45:37,580][root][INFO] - val:
[2023-10-24 20:45:39,123][root][INFO] - ===> epoch: 129/300
[2023-10-24 20:45:39,123][root][INFO] - train:
[2023-10-24 20:46:31,082][root][INFO] - val:
[2023-10-24 20:46:32,644][root][INFO] - ===> epoch: 130/300
[2023-10-24 20:46:32,645][root][INFO] - train:
[2023-10-24 20:47:24,826][root][INFO] - val:
[2023-10-24 20:47:26,459][root][INFO] - Checkpoint saved to C:\Users\GeorgeS\Documents\facultate\master\projects\data\model_weights\CIFAR-10/PreResNet/CosineAnnealingBS\2525\model_130_0.pth
[2023-10-24 20:47:26,460][root][INFO] - ===> epoch: 131/300
[2023-10-24 20:47:26,461][root][INFO] - train:
[2023-10-24 20:48:17,973][root][INFO] - val:
[2023-10-24 20:48:19,680][root][INFO] - ===> epoch: 132/300
[2023-10-24 20:48:19,680][root][INFO] - train:
[2023-10-24 20:49:11,225][root][INFO] - val:
[2023-10-24 20:49:12,816][root][INFO] - ===> epoch: 133/300
[2023-10-24 20:49:12,816][root][INFO] - train:
[2023-10-24 20:50:05,442][root][INFO] - val:
[2023-10-24 20:50:07,000][root][INFO] - ===> epoch: 134/300
[2023-10-24 20:50:07,000][root][INFO] - train:
[2023-10-24 20:50:59,083][root][INFO] - val:
[2023-10-24 20:51:00,666][root][INFO] - ===> epoch: 135/300
[2023-10-24 20:51:00,666][root][INFO] - train:
[2023-10-24 20:51:53,821][root][INFO] - val:
[2023-10-24 20:51:55,400][root][INFO] - ===> epoch: 136/300
[2023-10-24 20:51:55,400][root][INFO] - train:
[2023-10-24 20:52:48,328][root][INFO] - val:
[2023-10-24 20:52:49,898][root][INFO] - ===> epoch: 137/300
[2023-10-24 20:52:49,899][root][INFO] - train:
[2023-10-24 20:53:42,674][root][INFO] - val:
[2023-10-24 20:53:44,250][root][INFO] - ===> epoch: 138/300
[2023-10-24 20:53:44,251][root][INFO] - train:
[2023-10-24 20:54:36,439][root][INFO] - val:
[2023-10-24 20:54:38,008][root][INFO] - ===> epoch: 139/300
[2023-10-24 20:54:38,009][root][INFO] - train:
[2023-10-24 20:55:31,288][root][INFO] - val:
[2023-10-24 20:55:32,884][root][INFO] - ===> epoch: 140/300
[2023-10-24 20:55:32,884][root][INFO] - train:
[2023-10-24 20:56:25,755][root][INFO] - val:
[2023-10-24 20:56:27,384][root][INFO] - Checkpoint saved to C:\Users\GeorgeS\Documents\facultate\master\projects\data\model_weights\CIFAR-10/PreResNet/CosineAnnealingBS\2525\model_140_0.pth
[2023-10-24 20:56:27,385][root][INFO] - ===> epoch: 141/300
[2023-10-24 20:56:27,385][root][INFO] - train:
[2023-10-24 20:57:20,527][root][INFO] - val:
[2023-10-24 20:57:22,136][root][INFO] - ===> epoch: 142/300
[2023-10-24 20:57:22,137][root][INFO] - train:
[2023-10-24 20:58:15,408][root][INFO] - val:
[2023-10-24 20:58:17,014][root][INFO] - ===> epoch: 143/300
[2023-10-24 20:58:17,014][root][INFO] - train:
[2023-10-24 20:59:09,782][root][INFO] - val:
[2023-10-24 20:59:11,593][root][INFO] - ===> epoch: 144/300
[2023-10-24 20:59:11,594][root][INFO] - train:
[2023-10-24 21:00:03,942][root][INFO] - val:
[2023-10-24 21:00:05,688][root][INFO] - ===> epoch: 145/300
[2023-10-24 21:00:05,689][root][INFO] - train:
[2023-10-24 21:00:58,955][root][INFO] - val:
[2023-10-24 21:01:00,542][root][INFO] - ===> epoch: 146/300
[2023-10-24 21:01:00,542][root][INFO] - train:
[2023-10-24 21:01:53,691][root][INFO] - val:
[2023-10-24 21:01:55,337][root][INFO] - Checkpoint saved to C:\Users\GeorgeS\Documents\facultate\master\projects\data\model_weights\CIFAR-10/PreResNet/CosineAnnealingBS\2525\model_146_0.8924999833106995.pth
[2023-10-24 21:01:55,338][root][INFO] - ===> BEST Val/Accuracy PERFORMANCE: 0.89250
[2023-10-24 21:01:55,338][root][INFO] - ===> epoch: 147/300
[2023-10-24 21:01:55,339][root][INFO] - train:
[2023-10-24 21:02:48,199][root][INFO] - val:
[2023-10-24 21:02:49,761][root][INFO] - ===> epoch: 148/300
[2023-10-24 21:02:49,761][root][INFO] - train:
[2023-10-24 21:03:42,371][root][INFO] - val:
[2023-10-24 21:03:43,967][root][INFO] - ===> epoch: 149/300
[2023-10-24 21:03:43,967][root][INFO] - train:
[2023-10-24 21:04:36,384][root][INFO] - val:
[2023-10-24 21:04:37,973][root][INFO] - ===> epoch: 150/300
[2023-10-24 21:04:37,973][root][INFO] - train:
[2023-10-24 21:05:30,494][root][INFO] - val:
[2023-10-24 21:05:32,111][root][INFO] - Checkpoint saved to C:\Users\GeorgeS\Documents\facultate\master\projects\data\model_weights\CIFAR-10/PreResNet/CosineAnnealingBS\2525\model_150_0.pth
[2023-10-24 21:05:32,112][root][INFO] - ===> epoch: 151/300
[2023-10-24 21:05:32,113][root][INFO] - train:
[2023-10-24 21:06:24,456][root][INFO] - val:
[2023-10-24 21:06:26,061][root][INFO] - ===> epoch: 152/300
[2023-10-24 21:06:26,062][root][INFO] - train:
[2023-10-24 21:07:18,414][root][INFO] - val:
[2023-10-24 21:07:19,990][root][INFO] - ===> epoch: 153/300
[2023-10-24 21:07:19,991][root][INFO] - train:
[2023-10-24 21:08:12,563][root][INFO] - val:
[2023-10-24 21:08:14,196][root][INFO] - Checkpoint saved to C:\Users\GeorgeS\Documents\facultate\master\projects\data\model_weights\CIFAR-10/PreResNet/CosineAnnealingBS\2525\model_153_0.8934000134468079.pth
[2023-10-24 21:08:14,197][root][INFO] - ===> BEST Val/Accuracy PERFORMANCE: 0.89340
[2023-10-24 21:08:14,198][root][INFO] - ===> epoch: 154/300
[2023-10-24 21:08:14,199][root][INFO] - train:
[2023-10-24 21:09:08,850][root][INFO] - val:
[2023-10-24 21:09:10,549][root][INFO] - ===> epoch: 155/300
[2023-10-24 21:09:10,549][root][INFO] - train:
[2023-10-24 21:10:05,959][root][INFO] - val:
[2023-10-24 21:10:07,637][root][INFO] - ===> epoch: 156/300
[2023-10-24 21:10:07,638][root][INFO] - train:
[2023-10-24 21:10:59,996][root][INFO] - val:
[2023-10-24 21:11:01,578][root][INFO] - ===> epoch: 157/300
[2023-10-24 21:11:01,578][root][INFO] - train:
[2023-10-24 21:11:53,351][root][INFO] - val:
[2023-10-24 21:11:54,913][root][INFO] - ===> epoch: 158/300
[2023-10-24 21:11:54,913][root][INFO] - train:
[2023-10-24 21:12:46,511][root][INFO] - val:
[2023-10-24 21:12:48,098][root][INFO] - ===> epoch: 159/300
[2023-10-24 21:12:48,099][root][INFO] - train:
[2023-10-24 21:13:40,015][root][INFO] - val:
[2023-10-24 21:13:41,598][root][INFO] - ===> epoch: 160/300
[2023-10-24 21:13:41,598][root][INFO] - train:
[2023-10-24 21:14:33,635][root][INFO] - val:
[2023-10-24 21:14:35,216][root][INFO] - Checkpoint saved to C:\Users\GeorgeS\Documents\facultate\master\projects\data\model_weights\CIFAR-10/PreResNet/CosineAnnealingBS\2525\model_160_0.pth
[2023-10-24 21:14:35,217][root][INFO] - ===> epoch: 161/300
[2023-10-24 21:14:35,217][root][INFO] - train:
[2023-10-24 21:15:27,143][root][INFO] - val:
[2023-10-24 21:15:28,725][root][INFO] - ===> epoch: 162/300
[2023-10-24 21:15:28,725][root][INFO] - train:
[2023-10-24 21:16:21,958][root][INFO] - val:
[2023-10-24 21:16:23,578][root][INFO] - Checkpoint saved to C:\Users\GeorgeS\Documents\facultate\master\projects\data\model_weights\CIFAR-10/PreResNet/CosineAnnealingBS\2525\model_162_0.8938999772071838.pth
[2023-10-24 21:16:23,579][root][INFO] - ===> BEST Val/Accuracy PERFORMANCE: 0.89390
[2023-10-24 21:16:23,580][root][INFO] - ===> epoch: 163/300
[2023-10-24 21:16:23,580][root][INFO] - train:
[2023-10-24 21:17:16,595][root][INFO] - val:
[2023-10-24 21:17:18,177][root][INFO] - ===> epoch: 164/300
[2023-10-24 21:17:18,178][root][INFO] - train:
[2023-10-24 21:18:10,861][root][INFO] - val:
[2023-10-24 21:18:12,446][root][INFO] - ===> epoch: 165/300
[2023-10-24 21:18:12,446][root][INFO] - train:
[2023-10-24 21:19:05,118][root][INFO] - val:
[2023-10-24 21:19:06,706][root][INFO] - ===> epoch: 166/300
[2023-10-24 21:19:06,706][root][INFO] - train:
[2023-10-24 21:19:59,403][root][INFO] - val:
[2023-10-24 21:20:01,026][root][INFO] - ===> epoch: 167/300
[2023-10-24 21:20:01,027][root][INFO] - train:
[2023-10-24 21:20:54,281][root][INFO] - val:
[2023-10-24 21:20:55,868][root][INFO] - ===> epoch: 168/300
[2023-10-24 21:20:55,869][root][INFO] - train:
[2023-10-24 21:21:48,701][root][INFO] - val:
[2023-10-24 21:21:50,283][root][INFO] - ===> epoch: 169/300
[2023-10-24 21:21:50,283][root][INFO] - train:
[2023-10-24 21:22:43,316][root][INFO] - val:
[2023-10-24 21:22:44,965][root][INFO] - Checkpoint saved to C:\Users\GeorgeS\Documents\facultate\master\projects\data\model_weights\CIFAR-10/PreResNet/CosineAnnealingBS\2525\model_169_0.8952000141143799.pth
[2023-10-24 21:22:44,966][root][INFO] - ===> BEST Val/Accuracy PERFORMANCE: 0.89520
[2023-10-24 21:22:44,967][root][INFO] - ===> epoch: 170/300
[2023-10-24 21:22:44,967][root][INFO] - train:
[2023-10-24 21:23:37,894][root][INFO] - val:
[2023-10-24 21:23:39,503][root][INFO] - Checkpoint saved to C:\Users\GeorgeS\Documents\facultate\master\projects\data\model_weights\CIFAR-10/PreResNet/CosineAnnealingBS\2525\model_170_0.pth
[2023-10-24 21:23:39,504][root][INFO] - ===> epoch: 171/300
[2023-10-24 21:23:39,505][root][INFO] - train:
[2023-10-24 21:24:33,035][root][INFO] - val:
[2023-10-24 21:24:34,631][root][INFO] - ===> epoch: 172/300
[2023-10-24 21:24:34,632][root][INFO] - train:
[2023-10-24 21:25:27,754][root][INFO] - val:
[2023-10-24 21:25:29,358][root][INFO] - ===> epoch: 173/300
[2023-10-24 21:25:29,358][root][INFO] - train:
[2023-10-24 21:26:22,312][root][INFO] - val:
[2023-10-24 21:26:23,899][root][INFO] - ===> epoch: 174/300
[2023-10-24 21:26:23,899][root][INFO] - train:
[2023-10-24 21:27:16,826][root][INFO] - val:
[2023-10-24 21:27:18,420][root][INFO] - ===> epoch: 175/300
[2023-10-24 21:27:18,420][root][INFO] - train:
[2023-10-24 21:28:11,153][root][INFO] - val:
[2023-10-24 21:28:12,852][root][INFO] - ===> epoch: 176/300
[2023-10-24 21:28:12,853][root][INFO] - train:
[2023-10-24 21:29:05,312][root][INFO] - val:
[2023-10-24 21:29:06,902][root][INFO] - ===> epoch: 177/300
[2023-10-24 21:29:06,903][root][INFO] - train:
[2023-10-24 21:30:00,195][root][INFO] - val:
[2023-10-24 21:30:01,823][root][INFO] - ===> epoch: 178/300
[2023-10-24 21:30:01,823][root][INFO] - train:
[2023-10-24 21:30:55,094][root][INFO] - val:
[2023-10-24 21:30:56,671][root][INFO] - ===> epoch: 179/300
[2023-10-24 21:30:56,672][root][INFO] - train:
[2023-10-24 21:31:49,299][root][INFO] - val:
[2023-10-24 21:31:50,895][root][INFO] - ===> epoch: 180/300
[2023-10-24 21:31:50,896][root][INFO] - train:
[2023-10-24 21:32:43,422][root][INFO] - val:
[2023-10-24 21:32:45,072][root][INFO] - Checkpoint saved to C:\Users\GeorgeS\Documents\facultate\master\projects\data\model_weights\CIFAR-10/PreResNet/CosineAnnealingBS\2525\model_180_0.pth
[2023-10-24 21:32:45,073][root][INFO] - ===> epoch: 181/300
[2023-10-24 21:32:45,073][root][INFO] - train:
[2023-10-24 21:33:37,610][root][INFO] - val:
[2023-10-24 21:33:39,299][root][INFO] - ===> epoch: 182/300
[2023-10-24 21:33:39,300][root][INFO] - train:
[2023-10-24 21:34:30,054][root][INFO] - val:
[2023-10-24 21:34:31,562][root][INFO] - ===> epoch: 183/300
[2023-10-24 21:34:31,562][root][INFO] - train:
[2023-10-24 21:35:22,938][root][INFO] - val:
[2023-10-24 21:35:24,456][root][INFO] - ===> epoch: 184/300
[2023-10-24 21:35:24,457][root][INFO] - train:
[2023-10-24 21:36:15,522][root][INFO] - val:
[2023-10-24 21:36:17,069][root][INFO] - ===> epoch: 185/300
[2023-10-24 21:36:17,069][root][INFO] - train:
[2023-10-24 21:37:08,729][root][INFO] - val:
[2023-10-24 21:37:10,344][root][INFO] - ===> epoch: 186/300
[2023-10-24 21:37:10,345][root][INFO] - train:
[2023-10-24 21:38:03,729][root][INFO] - val:
[2023-10-24 21:38:05,334][root][INFO] - ===> epoch: 187/300
[2023-10-24 21:38:05,335][root][INFO] - train:
[2023-10-24 21:38:58,243][root][INFO] - val:
[2023-10-24 21:38:59,831][root][INFO] - ===> epoch: 188/300
[2023-10-24 21:38:59,832][root][INFO] - train:
[2023-10-24 21:39:52,778][root][INFO] - val:
[2023-10-24 21:39:54,328][root][INFO] - ===> epoch: 189/300
[2023-10-24 21:39:54,329][root][INFO] - train:
[2023-10-24 21:40:45,268][root][INFO] - val:
[2023-10-24 21:40:46,764][root][INFO] - ===> epoch: 190/300
[2023-10-24 21:40:46,765][root][INFO] - train:
[2023-10-24 21:41:37,985][root][INFO] - val:
[2023-10-24 21:41:39,535][root][INFO] - Checkpoint saved to C:\Users\GeorgeS\Documents\facultate\master\projects\data\model_weights\CIFAR-10/PreResNet/CosineAnnealingBS\2525\model_190_0.pth
[2023-10-24 21:41:39,536][root][INFO] - ===> epoch: 191/300
[2023-10-24 21:41:39,537][root][INFO] - train:
[2023-10-24 21:42:30,388][root][INFO] - val:
[2023-10-24 21:42:31,906][root][INFO] - ===> epoch: 192/300
[2023-10-24 21:42:31,906][root][INFO] - train:
[2023-10-24 21:43:22,552][root][INFO] - val:
[2023-10-24 21:43:24,065][root][INFO] - ===> epoch: 193/300
[2023-10-24 21:43:24,066][root][INFO] - train:
[2023-10-24 21:44:14,939][root][INFO] - val:
[2023-10-24 21:44:16,510][root][INFO] - ===> epoch: 194/300
[2023-10-24 21:44:16,511][root][INFO] - train:
[2023-10-24 21:45:07,368][root][INFO] - val:
[2023-10-24 21:45:08,888][root][INFO] - ===> epoch: 195/300
[2023-10-24 21:45:08,888][root][INFO] - train:
[2023-10-24 21:46:00,536][root][INFO] - val:
[2023-10-24 21:46:02,097][root][INFO] - ===> epoch: 196/300
[2023-10-24 21:46:02,098][root][INFO] - train:
[2023-10-24 21:46:54,063][root][INFO] - val:
[2023-10-24 21:46:55,650][root][INFO] - ===> epoch: 197/300
[2023-10-24 21:46:55,651][root][INFO] - train:
[2023-10-24 21:47:47,872][root][INFO] - val:
[2023-10-24 21:47:49,423][root][INFO] - ===> epoch: 198/300
[2023-10-24 21:47:49,424][root][INFO] - train:
[2023-10-24 21:48:40,275][root][INFO] - val:
[2023-10-24 21:48:41,816][root][INFO] - ===> epoch: 199/300
[2023-10-24 21:48:41,817][root][INFO] - train:
[2023-10-24 21:49:32,220][root][INFO] - val:
[2023-10-24 21:49:33,733][root][INFO] - ===> epoch: 200/300
[2023-10-24 21:49:33,733][root][INFO] - train:
[2023-10-24 21:50:23,963][root][INFO] - val:
[2023-10-24 21:50:25,539][root][INFO] - Checkpoint saved to C:\Users\GeorgeS\Documents\facultate\master\projects\data\model_weights\CIFAR-10/PreResNet/CosineAnnealingBS\2525\model_200_0.pth
[2023-10-24 21:50:25,540][root][INFO] - ===> epoch: 201/300
[2023-10-24 21:50:25,540][root][INFO] - train:
[2023-10-24 21:51:16,903][root][INFO] - val:
[2023-10-24 21:51:18,463][root][INFO] - ===> epoch: 202/300
[2023-10-24 21:51:18,464][root][INFO] - train:
[2023-10-24 21:52:09,528][root][INFO] - val:
[2023-10-24 21:52:11,056][root][INFO] - ===> epoch: 203/300
[2023-10-24 21:52:11,056][root][INFO] - train:
[2023-10-24 21:53:01,836][root][INFO] - val:
[2023-10-24 21:53:03,363][root][INFO] - ===> epoch: 204/300
[2023-10-24 21:53:03,364][root][INFO] - train:
[2023-10-24 21:53:53,734][root][INFO] - val:
[2023-10-24 21:53:55,260][root][INFO] - ===> epoch: 205/300
[2023-10-24 21:53:55,261][root][INFO] - train:
[2023-10-24 21:54:45,705][root][INFO] - val:
[2023-10-24 21:54:47,217][root][INFO] - ===> epoch: 206/300
[2023-10-24 21:54:47,217][root][INFO] - train:
[2023-10-24 21:55:37,373][root][INFO] - val:
[2023-10-24 21:55:38,886][root][INFO] - ===> epoch: 207/300
[2023-10-24 21:55:38,887][root][INFO] - train:
[2023-10-24 21:56:29,631][root][INFO] - val:
[2023-10-24 21:56:31,336][root][INFO] - ===> epoch: 208/300
[2023-10-24 21:56:31,337][root][INFO] - train:
[2023-10-24 21:57:23,062][root][INFO] - val:
[2023-10-24 21:57:24,578][root][INFO] - ===> epoch: 209/300
[2023-10-24 21:57:24,578][root][INFO] - train:
[2023-10-24 21:58:15,167][root][INFO] - val:
[2023-10-24 21:58:16,705][root][INFO] - ===> epoch: 210/300
[2023-10-24 21:58:16,705][root][INFO] - train:
[2023-10-24 21:59:07,010][root][INFO] - val:
[2023-10-24 21:59:08,562][root][INFO] - Checkpoint saved to C:\Users\GeorgeS\Documents\facultate\master\projects\data\model_weights\CIFAR-10/PreResNet/CosineAnnealingBS\2525\model_210_0.8956999778747559.pth
[2023-10-24 21:59:08,563][root][INFO] - ===> BEST Val/Accuracy PERFORMANCE: 0.89570
[2023-10-24 21:59:08,604][root][INFO] - Checkpoint saved to C:\Users\GeorgeS\Documents\facultate\master\projects\data\model_weights\CIFAR-10/PreResNet/CosineAnnealingBS\2525\model_210_0.pth
[2023-10-24 21:59:08,605][root][INFO] - ===> epoch: 211/300
[2023-10-24 21:59:08,605][root][INFO] - train:
[2023-10-24 21:59:58,804][root][INFO] - val:
[2023-10-24 22:00:00,546][root][INFO] - ===> epoch: 212/300
[2023-10-24 22:00:00,554][root][INFO] - train:
[2023-10-24 22:00:51,457][root][INFO] - val:
[2023-10-24 22:00:52,962][root][INFO] - ===> epoch: 213/300
[2023-10-24 22:00:52,962][root][INFO] - train:
[2023-10-24 22:01:44,245][root][INFO] - val:
[2023-10-24 22:01:45,756][root][INFO] - ===> epoch: 214/300
[2023-10-24 22:01:45,757][root][INFO] - train:
[2023-10-24 22:02:35,961][root][INFO] - val:
[2023-10-24 22:02:37,482][root][INFO] - ===> epoch: 215/300
[2023-10-24 22:02:37,482][root][INFO] - train:
[2023-10-24 22:03:28,798][root][INFO] - val:
[2023-10-24 22:03:30,371][root][INFO] - ===> epoch: 216/300
[2023-10-24 22:03:30,371][root][INFO] - train:
[2023-10-24 22:04:20,470][root][INFO] - val:
[2023-10-24 22:04:21,985][root][INFO] - ===> epoch: 217/300
[2023-10-24 22:04:21,985][root][INFO] - train:
[2023-10-24 22:05:11,716][root][INFO] - val:
[2023-10-24 22:05:13,238][root][INFO] - ===> epoch: 218/300
[2023-10-24 22:05:13,238][root][INFO] - train:
[2023-10-24 22:06:03,003][root][INFO] - val:
[2023-10-24 22:06:04,520][root][INFO] - ===> epoch: 219/300
[2023-10-24 22:06:04,520][root][INFO] - train:
[2023-10-24 22:06:54,322][root][INFO] - val:
[2023-10-24 22:06:55,843][root][INFO] - ===> epoch: 220/300
[2023-10-24 22:06:55,843][root][INFO] - train:
[2023-10-24 22:07:45,814][root][INFO] - val:
[2023-10-24 22:07:47,385][root][INFO] - Checkpoint saved to C:\Users\GeorgeS\Documents\facultate\master\projects\data\model_weights\CIFAR-10/PreResNet/CosineAnnealingBS\2525\model_220_0.pth
[2023-10-24 22:07:47,386][root][INFO] - ===> epoch: 221/300
[2023-10-24 22:07:47,387][root][INFO] - train:
[2023-10-24 22:08:37,807][root][INFO] - val:
[2023-10-24 22:08:39,315][root][INFO] - ===> epoch: 222/300
[2023-10-24 22:08:39,315][root][INFO] - train:
[2023-10-24 22:09:28,976][root][INFO] - val:
[2023-10-24 22:09:30,662][root][INFO] - ===> epoch: 223/300
[2023-10-24 22:09:30,663][root][INFO] - train:
[2023-10-24 22:10:21,626][root][INFO] - val:
[2023-10-24 22:10:23,149][root][INFO] - ===> epoch: 224/300
[2023-10-24 22:10:23,150][root][INFO] - train:
[2023-10-24 22:11:14,051][root][INFO] - val:
[2023-10-24 22:11:15,623][root][INFO] - ===> epoch: 225/300
[2023-10-24 22:11:15,624][root][INFO] - train:
[2023-10-24 22:12:05,755][root][INFO] - val:
[2023-10-24 22:12:07,271][root][INFO] - ===> epoch: 226/300
[2023-10-24 22:12:07,272][root][INFO] - train:
[2023-10-24 22:12:57,471][root][INFO] - val:
[2023-10-24 22:12:58,994][root][INFO] - ===> epoch: 227/300
[2023-10-24 22:12:58,995][root][INFO] - train:
[2023-10-24 22:13:48,997][root][INFO] - val:
[2023-10-24 22:13:50,508][root][INFO] - ===> epoch: 228/300
[2023-10-24 22:13:50,509][root][INFO] - train:
[2023-10-24 22:14:40,648][root][INFO] - val:
[2023-10-24 22:14:42,168][root][INFO] - ===> epoch: 229/300
[2023-10-24 22:14:42,169][root][INFO] - train:
[2023-10-24 22:15:31,980][root][INFO] - val:
[2023-10-24 22:15:33,488][root][INFO] - ===> epoch: 230/300
[2023-10-24 22:15:33,489][root][INFO] - train:
[2023-10-24 22:16:23,200][root][INFO] - val:
[2023-10-24 22:16:24,777][root][INFO] - Checkpoint saved to C:\Users\GeorgeS\Documents\facultate\master\projects\data\model_weights\CIFAR-10/PreResNet/CosineAnnealingBS\2525\model_230_0.pth
[2023-10-24 22:16:24,778][root][INFO] - ===> epoch: 231/300
[2023-10-24 22:16:24,778][root][INFO] - train:
[2023-10-24 22:17:14,616][root][INFO] - val:
[2023-10-24 22:17:16,275][root][INFO] - ===> epoch: 232/300
[2023-10-24 22:17:16,276][root][INFO] - train:
[2023-10-24 22:18:06,035][root][INFO] - val:
[2023-10-24 22:18:07,611][root][INFO] - Checkpoint saved to C:\Users\GeorgeS\Documents\facultate\master\projects\data\model_weights\CIFAR-10/PreResNet/CosineAnnealingBS\2525\model_232_0.8971999883651733.pth
[2023-10-24 22:18:07,612][root][INFO] - ===> BEST Val/Accuracy PERFORMANCE: 0.89720
[2023-10-24 22:18:07,613][root][INFO] - ===> epoch: 233/300
[2023-10-24 22:18:07,613][root][INFO] - train:
[2023-10-24 22:18:57,340][root][INFO] - val:
[2023-10-24 22:18:58,862][root][INFO] - ===> epoch: 234/300
[2023-10-24 22:18:58,863][root][INFO] - train:
[2023-10-24 22:19:48,472][root][INFO] - val:
[2023-10-24 22:19:49,990][root][INFO] - ===> epoch: 235/300
[2023-10-24 22:19:49,991][root][INFO] - train:
[2023-10-24 22:20:39,592][root][INFO] - val:
[2023-10-24 22:20:41,171][root][INFO] - ===> epoch: 236/300
[2023-10-24 22:20:41,171][root][INFO] - train:
[2023-10-24 22:21:31,043][root][INFO] - val:
[2023-10-24 22:21:32,753][root][INFO] - ===> epoch: 237/300
[2023-10-24 22:21:32,753][root][INFO] - train:
[2023-10-24 22:22:22,687][root][INFO] - val:
[2023-10-24 22:22:24,195][root][INFO] - ===> epoch: 238/300
[2023-10-24 22:22:24,196][root][INFO] - train:
[2023-10-24 22:23:13,478][root][INFO] - val:
[2023-10-24 22:23:15,005][root][INFO] - ===> epoch: 239/300
[2023-10-24 22:23:15,005][root][INFO] - train:
[2023-10-24 22:24:04,444][root][INFO] - val:
[2023-10-24 22:24:05,938][root][INFO] - ===> epoch: 240/300
[2023-10-24 22:24:05,938][root][INFO] - train:
[2023-10-24 22:24:55,518][root][INFO] - val:
[2023-10-24 22:24:57,067][root][INFO] - Checkpoint saved to C:\Users\GeorgeS\Documents\facultate\master\projects\data\model_weights\CIFAR-10/PreResNet/CosineAnnealingBS\2525\model_240_0.pth
[2023-10-24 22:24:57,068][root][INFO] - ===> epoch: 241/300
[2023-10-24 22:24:57,068][root][INFO] - train:
[2023-10-24 22:25:46,341][root][INFO] - val:
[2023-10-24 22:25:48,031][root][INFO] - ===> epoch: 242/300
[2023-10-24 22:25:48,031][root][INFO] - train:
[2023-10-24 22:26:37,412][root][INFO] - val:
[2023-10-24 22:26:38,915][root][INFO] - ===> epoch: 243/300
[2023-10-24 22:26:38,916][root][INFO] - train:
[2023-10-24 22:27:29,303][root][INFO] - val:
[2023-10-24 22:27:30,840][root][INFO] - ===> epoch: 244/300
[2023-10-24 22:27:30,840][root][INFO] - train:
[2023-10-24 22:28:20,000][root][INFO] - val:
[2023-10-24 22:28:21,523][root][INFO] - ===> epoch: 245/300
[2023-10-24 22:28:21,523][root][INFO] - train:
[2023-10-24 22:29:10,517][root][INFO] - val:
[2023-10-24 22:29:12,211][root][INFO] - ===> epoch: 246/300
[2023-10-24 22:29:12,212][root][INFO] - train:
[2023-10-24 22:30:01,390][root][INFO] - val:
[2023-10-24 22:30:02,909][root][INFO] - ===> epoch: 247/300
[2023-10-24 22:30:02,910][root][INFO] - train:
[2023-10-24 22:30:52,343][root][INFO] - val:
[2023-10-24 22:30:53,865][root][INFO] - ===> epoch: 248/300
[2023-10-24 22:30:53,866][root][INFO] - train:
[2023-10-24 22:31:43,517][root][INFO] - val:
[2023-10-24 22:31:45,051][root][INFO] - ===> epoch: 249/300
[2023-10-24 22:31:45,052][root][INFO] - train:
[2023-10-24 22:32:34,620][root][INFO] - val:
[2023-10-24 22:32:36,202][root][INFO] - ===> epoch: 250/300
[2023-10-24 22:32:36,202][root][INFO] - train:
[2023-10-24 22:33:26,331][root][INFO] - val:
[2023-10-24 22:33:28,002][root][INFO] - Checkpoint saved to C:\Users\GeorgeS\Documents\facultate\master\projects\data\model_weights\CIFAR-10/PreResNet/CosineAnnealingBS\2525\model_250_0.pth
[2023-10-24 22:33:28,003][root][INFO] - ===> epoch: 251/300
[2023-10-24 22:33:28,003][root][INFO] - train:
[2023-10-24 22:34:17,662][root][INFO] - val:
[2023-10-24 22:34:19,170][root][INFO] - ===> epoch: 252/300
[2023-10-24 22:34:19,171][root][INFO] - train:
[2023-10-24 22:35:08,287][root][INFO] - val:
[2023-10-24 22:35:09,804][root][INFO] - ===> epoch: 253/300
[2023-10-24 22:35:09,804][root][INFO] - train:
[2023-10-24 22:35:58,916][root][INFO] - val:
[2023-10-24 22:36:00,446][root][INFO] - ===> epoch: 254/300
[2023-10-24 22:36:00,446][root][INFO] - train:
[2023-10-24 22:36:49,320][root][INFO] - val:
[2023-10-24 22:36:50,830][root][INFO] - ===> epoch: 255/300
[2023-10-24 22:36:50,831][root][INFO] - train:
[2023-10-24 22:37:39,606][root][INFO] - val:
[2023-10-24 22:37:41,272][root][INFO] - ===> epoch: 256/300
[2023-10-24 22:37:41,273][root][INFO] - train:
[2023-10-24 22:38:30,174][root][INFO] - val:
[2023-10-24 22:38:31,737][root][INFO] - ===> epoch: 257/300
[2023-10-24 22:38:31,740][root][INFO] - train:
[2023-10-24 22:39:19,951][root][INFO] - val:
[2023-10-24 22:39:21,428][root][INFO] - ===> epoch: 258/300
[2023-10-24 22:39:21,429][root][INFO] - train:
[2023-10-24 22:40:09,232][root][INFO] - val:
[2023-10-24 22:40:10,707][root][INFO] - ===> epoch: 259/300
[2023-10-24 22:40:10,708][root][INFO] - train:
[2023-10-24 22:40:58,459][root][INFO] - val:
[2023-10-24 22:40:59,943][root][INFO] - ===> epoch: 260/300
[2023-10-24 22:40:59,944][root][INFO] - train:
[2023-10-24 22:41:47,804][root][INFO] - val:
[2023-10-24 22:41:49,334][root][INFO] - Checkpoint saved to C:\Users\GeorgeS\Documents\facultate\master\projects\data\model_weights\CIFAR-10/PreResNet/CosineAnnealingBS\2525\model_260_0.pth
[2023-10-24 22:41:49,335][root][INFO] - ===> epoch: 261/300
[2023-10-24 22:41:49,336][root][INFO] - train:
[2023-10-24 22:42:37,433][root][INFO] - val:
[2023-10-24 22:42:38,914][root][INFO] - ===> epoch: 262/300
[2023-10-24 22:42:38,914][root][INFO] - train:
[2023-10-24 22:43:26,601][root][INFO] - val:
[2023-10-24 22:43:28,082][root][INFO] - ===> epoch: 263/300
[2023-10-24 22:43:28,082][root][INFO] - train:
[2023-10-24 22:44:15,703][root][INFO] - val:
[2023-10-24 22:44:17,170][root][INFO] - ===> epoch: 264/300
[2023-10-24 22:44:17,170][root][INFO] - train:
[2023-10-24 22:45:04,689][root][INFO] - val:
[2023-10-24 22:45:06,162][root][INFO] - ===> epoch: 265/300
[2023-10-24 22:45:06,163][root][INFO] - train:
[2023-10-24 22:45:53,693][root][INFO] - val:
[2023-10-24 22:45:55,169][root][INFO] - ===> epoch: 266/300
[2023-10-24 22:45:55,170][root][INFO] - train:
[2023-10-24 22:46:42,798][root][INFO] - val:
[2023-10-24 22:46:44,270][root][INFO] - ===> epoch: 267/300
[2023-10-24 22:46:44,271][root][INFO] - train:
[2023-10-24 22:47:32,677][root][INFO] - val:
[2023-10-24 22:47:34,259][root][INFO] - ===> epoch: 268/300
[2023-10-24 22:47:34,259][root][INFO] - train:
[2023-10-24 22:48:22,524][root][INFO] - val:
[2023-10-24 22:48:24,153][root][INFO] - ===> epoch: 269/300
[2023-10-24 22:48:24,154][root][INFO] - train:
[2023-10-24 22:49:12,244][root][INFO] - val:
[2023-10-24 22:49:13,819][root][INFO] - ===> epoch: 270/300
[2023-10-24 22:49:13,819][root][INFO] - train:
[2023-10-24 22:50:01,876][root][INFO] - val:
[2023-10-24 22:50:03,433][root][INFO] - Checkpoint saved to C:\Users\GeorgeS\Documents\facultate\master\projects\data\model_weights\CIFAR-10/PreResNet/CosineAnnealingBS\2525\model_270_0.pth
[2023-10-24 22:50:03,434][root][INFO] - ===> epoch: 271/300
[2023-10-24 22:50:03,434][root][INFO] - train:
[2023-10-24 22:50:51,311][root][INFO] - val:
[2023-10-24 22:50:52,784][root][INFO] - ===> epoch: 272/300
[2023-10-24 22:50:52,784][root][INFO] - train:
[2023-10-24 22:51:40,614][root][INFO] - val:
[2023-10-24 22:51:42,130][root][INFO] - ===> epoch: 273/300
[2023-10-24 22:51:42,130][root][INFO] - train:
[2023-10-24 22:52:31,086][root][INFO] - val:
[2023-10-24 22:52:32,634][root][INFO] - ===> epoch: 274/300
[2023-10-24 22:52:32,635][root][INFO] - train:
[2023-10-24 22:53:20,576][root][INFO] - val:
[2023-10-24 22:53:22,072][root][INFO] - ===> epoch: 275/300
[2023-10-24 22:53:22,072][root][INFO] - train:
[2023-10-24 22:54:10,331][root][INFO] - val:
[2023-10-24 22:54:11,835][root][INFO] - ===> epoch: 276/300
[2023-10-24 22:54:11,836][root][INFO] - train:
[2023-10-24 22:54:59,512][root][INFO] - val:
[2023-10-24 22:55:00,999][root][INFO] - ===> epoch: 277/300
[2023-10-24 22:55:01,000][root][INFO] - train:
[2023-10-24 22:55:48,449][root][INFO] - val:
[2023-10-24 22:55:50,090][root][INFO] - ===> epoch: 278/300
[2023-10-24 22:55:50,090][root][INFO] - train:
[2023-10-24 22:56:30,174][root][INFO] - val:
[2023-10-24 22:56:31,782][root][INFO] - ===> epoch: 279/300
[2023-10-24 22:56:31,783][root][INFO] - train:
[2023-10-24 22:57:18,896][root][INFO] - val:
[2023-10-24 22:57:20,524][root][INFO] - ===> epoch: 280/300
[2023-10-24 22:57:20,525][root][INFO] - train:
[2023-10-24 22:58:00,276][root][INFO] - val:
[2023-10-24 22:58:01,908][root][INFO] - Checkpoint saved to C:\Users\GeorgeS\Documents\facultate\master\projects\data\model_weights\CIFAR-10/PreResNet/CosineAnnealingBS\2525\model_280_0.pth
[2023-10-24 22:58:01,909][root][INFO] - ===> epoch: 281/300
[2023-10-24 22:58:01,910][root][INFO] - train:
[2023-10-24 22:58:41,786][root][INFO] - val:
[2023-10-24 22:58:43,250][root][INFO] - ===> epoch: 282/300
[2023-10-24 22:58:43,250][root][INFO] - train:
[2023-10-24 22:59:23,201][root][INFO] - val:
[2023-10-24 22:59:24,679][root][INFO] - ===> epoch: 283/300
[2023-10-24 22:59:24,680][root][INFO] - train:
[2023-10-24 23:00:12,015][root][INFO] - val:
[2023-10-24 23:00:13,480][root][INFO] - ===> epoch: 284/300
[2023-10-24 23:00:13,480][root][INFO] - train:
[2023-10-24 23:00:53,709][root][INFO] - val:
[2023-10-24 23:00:55,174][root][INFO] - ===> epoch: 285/300
[2023-10-24 23:00:55,175][root][INFO] - train:
[2023-10-24 23:01:35,090][root][INFO] - val:
[2023-10-24 23:01:36,584][root][INFO] - ===> epoch: 286/300
[2023-10-24 23:01:36,585][root][INFO] - train:
[2023-10-24 23:02:16,527][root][INFO] - val:
[2023-10-24 23:02:17,998][root][INFO] - ===> epoch: 287/300
[2023-10-24 23:02:17,999][root][INFO] - train:
[2023-10-24 23:03:05,282][root][INFO] - val:
[2023-10-24 23:03:06,746][root][INFO] - ===> epoch: 288/300
[2023-10-24 23:03:06,747][root][INFO] - train:
[2023-10-24 23:03:46,592][root][INFO] - val:
[2023-10-24 23:03:48,069][root][INFO] - ===> epoch: 289/300
[2023-10-24 23:03:48,069][root][INFO] - train:
[2023-10-24 23:04:28,039][root][INFO] - val:
[2023-10-24 23:04:29,662][root][INFO] - ===> epoch: 290/300
[2023-10-24 23:04:29,662][root][INFO] - train:
[2023-10-24 23:05:09,351][root][INFO] - val:
[2023-10-24 23:05:10,979][root][INFO] - Checkpoint saved to C:\Users\GeorgeS\Documents\facultate\master\projects\data\model_weights\CIFAR-10/PreResNet/CosineAnnealingBS\2525\model_290_0.pth
[2023-10-24 23:05:10,980][root][INFO] - ===> epoch: 291/300
[2023-10-24 23:05:10,981][root][INFO] - train:
[2023-10-24 23:05:58,216][root][INFO] - val:
[2023-10-24 23:05:59,675][root][INFO] - ===> epoch: 292/300
[2023-10-24 23:05:59,675][root][INFO] - train:
[2023-10-24 23:06:39,610][root][INFO] - val:
[2023-10-24 23:06:41,090][root][INFO] - ===> epoch: 293/300
[2023-10-24 23:06:41,091][root][INFO] - train:
[2023-10-24 23:07:20,983][root][INFO] - val:
[2023-10-24 23:07:22,440][root][INFO] - ===> epoch: 294/300
[2023-10-24 23:07:22,440][root][INFO] - train:
[2023-10-24 23:08:02,500][root][INFO] - val:
[2023-10-24 23:08:03,963][root][INFO] - ===> epoch: 295/300
[2023-10-24 23:08:03,964][root][INFO] - train:
[2023-10-24 23:08:51,320][root][INFO] - val:
[2023-10-24 23:08:52,785][root][INFO] - ===> epoch: 296/300
[2023-10-24 23:08:52,786][root][INFO] - train:
[2023-10-24 23:09:32,468][root][INFO] - val:
[2023-10-24 23:09:33,952][root][INFO] - ===> epoch: 297/300
[2023-10-24 23:09:33,953][root][INFO] - train:
[2023-10-24 23:10:13,786][root][INFO] - val:
[2023-10-24 23:10:15,265][root][INFO] - ===> epoch: 298/300
[2023-10-24 23:10:15,266][root][INFO] - train:
[2023-10-24 23:10:54,828][root][INFO] - val:
[2023-10-24 23:10:56,434][root][INFO] - ===> epoch: 299/300
[2023-10-24 23:10:56,435][root][INFO] - train:
[2023-10-24 23:11:43,698][root][INFO] - val:
[2023-10-24 23:11:45,278][root][INFO] - ===> BEST Val/Accuracy PERFORMANCE: 0.89720
[2023-10-24 23:11:45,726][root][INFO] - Saved best accuracy checkpoint
