[2023-10-16 03:40:01,687][root][INFO] - Saving current code to C:\Users\GeorgeS\Documents\facultate\master\projects\Pytorch-Template\outputs\2023-10-16\03-40-01\runs\CIFAR-10/PreResNet/baseline\2525
[2023-10-16 03:40:01,839][root][INFO] - Loading train_dataset!
[2023-10-16 03:40:50,409][root][INFO] - Loading val_dataset!
[2023-10-16 03:41:01,209][root][INFO] - ===> epoch: 1/300
[2023-10-16 03:41:01,209][root][INFO] - train:
[2023-10-16 03:42:30,151][root][INFO] - val:
[2023-10-16 03:42:35,035][root][INFO] - Checkpoint saved to C:\Users\GeorgeS\Documents\facultate\master\projects\data\model_weights\CIFAR-10/PreResNet/baseline\2525\model_1_0.45969998836517334.pth
[2023-10-16 03:42:35,036][root][INFO] - ===> BEST Val/Accuracy PERFORMANCE: 0.45970
[2023-10-16 03:42:35,036][root][INFO] - ===> epoch: 2/300
[2023-10-16 03:42:35,036][root][INFO] - train:
[2023-10-16 03:44:00,483][root][INFO] - val:
[2023-10-16 03:44:02,439][root][INFO] - Checkpoint saved to C:\Users\GeorgeS\Documents\facultate\master\projects\data\model_weights\CIFAR-10/PreResNet/baseline\2525\model_2_0.5622000098228455.pth
[2023-10-16 03:44:02,439][root][INFO] - ===> BEST Val/Accuracy PERFORMANCE: 0.56220
[2023-10-16 03:44:02,440][root][INFO] - ===> epoch: 3/300
[2023-10-16 03:44:02,441][root][INFO] - train:
[2023-10-16 03:45:28,448][root][INFO] - val:
[2023-10-16 03:45:30,399][root][INFO] - Checkpoint saved to C:\Users\GeorgeS\Documents\facultate\master\projects\data\model_weights\CIFAR-10/PreResNet/baseline\2525\model_3_0.6255000233650208.pth
[2023-10-16 03:45:30,399][root][INFO] - ===> BEST Val/Accuracy PERFORMANCE: 0.62550
[2023-10-16 03:45:30,401][root][INFO] - ===> epoch: 4/300
[2023-10-16 03:45:30,401][root][INFO] - train:
[2023-10-16 03:46:56,410][root][INFO] - val:
[2023-10-16 03:46:58,381][root][INFO] - Checkpoint saved to C:\Users\GeorgeS\Documents\facultate\master\projects\data\model_weights\CIFAR-10/PreResNet/baseline\2525\model_4_0.6294000148773193.pth
[2023-10-16 03:46:58,382][root][INFO] - ===> BEST Val/Accuracy PERFORMANCE: 0.62940
[2023-10-16 03:46:58,382][root][INFO] - ===> epoch: 5/300
[2023-10-16 03:46:58,383][root][INFO] - train:
[2023-10-16 03:48:25,015][root][INFO] - val:
[2023-10-16 03:48:26,998][root][INFO] - Checkpoint saved to C:\Users\GeorgeS\Documents\facultate\master\projects\data\model_weights\CIFAR-10/PreResNet/baseline\2525\model_5_0.6599000096321106.pth
[2023-10-16 03:48:26,998][root][INFO] - ===> BEST Val/Accuracy PERFORMANCE: 0.65990
[2023-10-16 03:48:26,999][root][INFO] - ===> epoch: 6/300
[2023-10-16 03:48:27,000][root][INFO] - train:
[2023-10-16 03:49:53,243][root][INFO] - val:
[2023-10-16 03:49:55,378][root][INFO] - ===> epoch: 7/300
[2023-10-16 03:49:55,379][root][INFO] - train:
[2023-10-16 03:51:21,148][root][INFO] - val:
[2023-10-16 03:51:23,131][root][INFO] - Checkpoint saved to C:\Users\GeorgeS\Documents\facultate\master\projects\data\model_weights\CIFAR-10/PreResNet/baseline\2525\model_7_0.7024999856948853.pth
[2023-10-16 03:51:23,132][root][INFO] - ===> BEST Val/Accuracy PERFORMANCE: 0.70250
[2023-10-16 03:51:23,133][root][INFO] - ===> epoch: 8/300
[2023-10-16 03:51:23,134][root][INFO] - train:
[2023-10-16 03:52:49,204][root][INFO] - val:
[2023-10-16 03:52:51,138][root][INFO] - ===> epoch: 9/300
[2023-10-16 03:52:51,138][root][INFO] - train:
[2023-10-16 03:54:17,728][root][INFO] - val:
[2023-10-16 03:54:19,708][root][INFO] - Checkpoint saved to C:\Users\GeorgeS\Documents\facultate\master\projects\data\model_weights\CIFAR-10/PreResNet/baseline\2525\model_9_0.725600004196167.pth
[2023-10-16 03:54:19,709][root][INFO] - ===> BEST Val/Accuracy PERFORMANCE: 0.72560
[2023-10-16 03:54:19,710][root][INFO] - ===> epoch: 10/300
[2023-10-16 03:54:19,711][root][INFO] - train:
[2023-10-16 03:55:45,600][root][INFO] - val:
[2023-10-16 03:55:47,589][root][INFO] - Checkpoint saved to C:\Users\GeorgeS\Documents\facultate\master\projects\data\model_weights\CIFAR-10/PreResNet/baseline\2525\model_10_0.7559000253677368.pth
[2023-10-16 03:55:47,589][root][INFO] - ===> BEST Val/Accuracy PERFORMANCE: 0.75590
[2023-10-16 03:55:47,642][root][INFO] - Checkpoint saved to C:\Users\GeorgeS\Documents\facultate\master\projects\data\model_weights\CIFAR-10/PreResNet/baseline\2525\model_10_0.pth
[2023-10-16 03:55:47,643][root][INFO] - ===> epoch: 11/300
[2023-10-16 03:55:47,644][root][INFO] - train:
[2023-10-16 03:57:12,587][root][INFO] - val:
[2023-10-16 03:57:14,528][root][INFO] - ===> epoch: 12/300
[2023-10-16 03:57:14,529][root][INFO] - train:
[2023-10-16 03:58:40,305][root][INFO] - val:
[2023-10-16 03:58:42,169][root][INFO] - ===> epoch: 13/300
[2023-10-16 03:58:42,169][root][INFO] - train:
[2023-10-16 04:00:08,426][root][INFO] - val:
[2023-10-16 04:00:10,358][root][INFO] - ===> epoch: 14/300
[2023-10-16 04:00:10,359][root][INFO] - train:
[2023-10-16 04:01:37,001][root][INFO] - val:
[2023-10-16 04:01:38,964][root][INFO] - Checkpoint saved to C:\Users\GeorgeS\Documents\facultate\master\projects\data\model_weights\CIFAR-10/PreResNet/baseline\2525\model_14_0.7748000025749207.pth
[2023-10-16 04:01:38,964][root][INFO] - ===> BEST Val/Accuracy PERFORMANCE: 0.77480
[2023-10-16 04:01:38,965][root][INFO] - ===> epoch: 15/300
[2023-10-16 04:01:38,966][root][INFO] - train:
[2023-10-16 04:03:05,338][root][INFO] - val:
[2023-10-16 04:03:07,337][root][INFO] - Checkpoint saved to C:\Users\GeorgeS\Documents\facultate\master\projects\data\model_weights\CIFAR-10/PreResNet/baseline\2525\model_15_0.7915999889373779.pth
[2023-10-16 04:03:07,338][root][INFO] - ===> BEST Val/Accuracy PERFORMANCE: 0.79160
[2023-10-16 04:03:07,339][root][INFO] - ===> epoch: 16/300
[2023-10-16 04:03:07,339][root][INFO] - train:
[2023-10-16 04:04:33,021][root][INFO] - val:
[2023-10-16 04:04:35,015][root][INFO] - Checkpoint saved to C:\Users\GeorgeS\Documents\facultate\master\projects\data\model_weights\CIFAR-10/PreResNet/baseline\2525\model_16_0.8015999794006348.pth
[2023-10-16 04:04:35,016][root][INFO] - ===> BEST Val/Accuracy PERFORMANCE: 0.80160
[2023-10-16 04:04:35,017][root][INFO] - ===> epoch: 17/300
[2023-10-16 04:04:35,017][root][INFO] - train:
[2023-10-16 04:06:01,156][root][INFO] - val:
[2023-10-16 04:06:03,088][root][INFO] - ===> epoch: 18/300
[2023-10-16 04:06:03,088][root][INFO] - train:
[2023-10-16 04:07:28,946][root][INFO] - val:
[2023-10-16 04:07:30,757][root][INFO] - ===> epoch: 19/300
[2023-10-16 04:07:30,758][root][INFO] - train:
[2023-10-16 04:08:56,698][root][INFO] - val:
[2023-10-16 04:08:58,635][root][INFO] - ===> epoch: 20/300
[2023-10-16 04:08:58,635][root][INFO] - train:
[2023-10-16 04:10:24,411][root][INFO] - val:
[2023-10-16 04:10:26,608][root][INFO] - Checkpoint saved to C:\Users\GeorgeS\Documents\facultate\master\projects\data\model_weights\CIFAR-10/PreResNet/baseline\2525\model_20_0.8112999796867371.pth
[2023-10-16 04:10:26,609][root][INFO] - ===> BEST Val/Accuracy PERFORMANCE: 0.81130
[2023-10-16 04:10:26,660][root][INFO] - Checkpoint saved to C:\Users\GeorgeS\Documents\facultate\master\projects\data\model_weights\CIFAR-10/PreResNet/baseline\2525\model_20_0.pth
[2023-10-16 04:10:26,661][root][INFO] - ===> epoch: 21/300
[2023-10-16 04:10:26,662][root][INFO] - train:
[2023-10-16 04:11:52,309][root][INFO] - val:
[2023-10-16 04:11:54,302][root][INFO] - Checkpoint saved to C:\Users\GeorgeS\Documents\facultate\master\projects\data\model_weights\CIFAR-10/PreResNet/baseline\2525\model_21_0.8205999732017517.pth
[2023-10-16 04:11:54,302][root][INFO] - ===> BEST Val/Accuracy PERFORMANCE: 0.82060
[2023-10-16 04:11:54,303][root][INFO] - ===> epoch: 22/300
[2023-10-16 04:11:54,304][root][INFO] - train:
[2023-10-16 04:13:20,152][root][INFO] - val:
[2023-10-16 04:13:22,142][root][INFO] - Checkpoint saved to C:\Users\GeorgeS\Documents\facultate\master\projects\data\model_weights\CIFAR-10/PreResNet/baseline\2525\model_22_0.8226000070571899.pth
[2023-10-16 04:13:22,143][root][INFO] - ===> BEST Val/Accuracy PERFORMANCE: 0.82260
[2023-10-16 04:13:22,144][root][INFO] - ===> epoch: 23/300
[2023-10-16 04:13:22,144][root][INFO] - train:
[2023-10-16 04:14:47,695][root][INFO] - val:
[2023-10-16 04:14:49,621][root][INFO] - ===> epoch: 24/300
[2023-10-16 04:14:49,622][root][INFO] - train:
[2023-10-16 04:16:15,656][root][INFO] - val:
[2023-10-16 04:16:17,589][root][INFO] - ===> epoch: 25/300
[2023-10-16 04:16:17,590][root][INFO] - train:
[2023-10-16 04:17:43,778][root][INFO] - val:
[2023-10-16 04:17:45,925][root][INFO] - Checkpoint saved to C:\Users\GeorgeS\Documents\facultate\master\projects\data\model_weights\CIFAR-10/PreResNet/baseline\2525\model_25_0.8282999992370605.pth
[2023-10-16 04:17:45,925][root][INFO] - ===> BEST Val/Accuracy PERFORMANCE: 0.82830
[2023-10-16 04:17:45,926][root][INFO] - ===> epoch: 26/300
[2023-10-16 04:17:45,927][root][INFO] - train:
[2023-10-16 04:19:11,877][root][INFO] - val:
[2023-10-16 04:19:13,802][root][INFO] - Checkpoint saved to C:\Users\GeorgeS\Documents\facultate\master\projects\data\model_weights\CIFAR-10/PreResNet/baseline\2525\model_26_0.8313000202178955.pth
[2023-10-16 04:19:13,802][root][INFO] - ===> BEST Val/Accuracy PERFORMANCE: 0.83130
[2023-10-16 04:19:13,803][root][INFO] - ===> epoch: 27/300
[2023-10-16 04:19:13,804][root][INFO] - train:
[2023-10-16 04:20:39,730][root][INFO] - val:
[2023-10-16 04:20:41,637][root][INFO] - ===> epoch: 28/300
[2023-10-16 04:20:41,637][root][INFO] - train:
[2023-10-16 04:22:07,788][root][INFO] - val:
[2023-10-16 04:22:09,782][root][INFO] - Checkpoint saved to C:\Users\GeorgeS\Documents\facultate\master\projects\data\model_weights\CIFAR-10/PreResNet/baseline\2525\model_28_0.8320000171661377.pth
[2023-10-16 04:22:09,783][root][INFO] - ===> BEST Val/Accuracy PERFORMANCE: 0.83200
[2023-10-16 04:22:09,784][root][INFO] - ===> epoch: 29/300
[2023-10-16 04:22:09,784][root][INFO] - train:
[2023-10-16 04:23:35,526][root][INFO] - val:
[2023-10-16 04:23:37,511][root][INFO] - Checkpoint saved to C:\Users\GeorgeS\Documents\facultate\master\projects\data\model_weights\CIFAR-10/PreResNet/baseline\2525\model_29_0.8364999890327454.pth
[2023-10-16 04:23:37,511][root][INFO] - ===> BEST Val/Accuracy PERFORMANCE: 0.83650
[2023-10-16 04:23:37,512][root][INFO] - ===> epoch: 30/300
[2023-10-16 04:23:37,513][root][INFO] - train:
[2023-10-16 04:25:03,366][root][INFO] - val:
[2023-10-16 04:25:05,352][root][INFO] - Checkpoint saved to C:\Users\GeorgeS\Documents\facultate\master\projects\data\model_weights\CIFAR-10/PreResNet/baseline\2525\model_30_0.8388000130653381.pth
[2023-10-16 04:25:05,353][root][INFO] - ===> BEST Val/Accuracy PERFORMANCE: 0.83880
[2023-10-16 04:25:05,406][root][INFO] - Checkpoint saved to C:\Users\GeorgeS\Documents\facultate\master\projects\data\model_weights\CIFAR-10/PreResNet/baseline\2525\model_30_0.pth
[2023-10-16 04:25:05,408][root][INFO] - ===> epoch: 31/300
[2023-10-16 04:25:05,408][root][INFO] - train:
[2023-10-16 04:26:21,585][root][INFO] - val:
[2023-10-16 04:26:23,586][root][INFO] - Checkpoint saved to C:\Users\GeorgeS\Documents\facultate\master\projects\data\model_weights\CIFAR-10/PreResNet/baseline\2525\model_31_0.8533999919891357.pth
[2023-10-16 04:26:23,587][root][INFO] - ===> BEST Val/Accuracy PERFORMANCE: 0.85340
[2023-10-16 04:26:23,588][root][INFO] - ===> epoch: 32/300
[2023-10-16 04:26:23,588][root][INFO] - train:
[2023-10-16 04:27:36,828][root][INFO] - val:
[2023-10-16 04:27:38,806][root][INFO] - Checkpoint saved to C:\Users\GeorgeS\Documents\facultate\master\projects\data\model_weights\CIFAR-10/PreResNet/baseline\2525\model_32_0.8590999841690063.pth
[2023-10-16 04:27:38,806][root][INFO] - ===> BEST Val/Accuracy PERFORMANCE: 0.85910
[2023-10-16 04:27:38,807][root][INFO] - ===> epoch: 33/300
[2023-10-16 04:27:38,808][root][INFO] - train:
[2023-10-16 04:28:52,135][root][INFO] - val:
[2023-10-16 04:28:54,116][root][INFO] - Checkpoint saved to C:\Users\GeorgeS\Documents\facultate\master\projects\data\model_weights\CIFAR-10/PreResNet/baseline\2525\model_33_0.862500011920929.pth
[2023-10-16 04:28:54,117][root][INFO] - ===> BEST Val/Accuracy PERFORMANCE: 0.86250
[2023-10-16 04:28:54,118][root][INFO] - ===> epoch: 34/300
[2023-10-16 04:28:54,118][root][INFO] - train:
[2023-10-16 04:30:07,331][root][INFO] - val:
[2023-10-16 04:30:09,262][root][INFO] - ===> epoch: 35/300
[2023-10-16 04:30:09,263][root][INFO] - train:
[2023-10-16 04:31:22,650][root][INFO] - val:
[2023-10-16 04:31:24,570][root][INFO] - ===> epoch: 36/300
[2023-10-16 04:31:24,571][root][INFO] - train:
[2023-10-16 04:32:37,359][root][INFO] - val:
[2023-10-16 04:32:39,276][root][INFO] - ===> epoch: 37/300
[2023-10-16 04:32:39,276][root][INFO] - train:
[2023-10-16 04:33:52,596][root][INFO] - val:
[2023-10-16 04:33:54,528][root][INFO] - ===> epoch: 38/300
[2023-10-16 04:33:54,528][root][INFO] - train:
[2023-10-16 04:35:08,037][root][INFO] - val:
[2023-10-16 04:35:09,962][root][INFO] - ===> epoch: 39/300
[2023-10-16 04:35:09,963][root][INFO] - train:
[2023-10-16 04:36:22,986][root][INFO] - val:
[2023-10-16 04:36:24,907][root][INFO] - ===> epoch: 40/300
[2023-10-16 04:36:24,907][root][INFO] - train:
[2023-10-16 04:37:38,165][root][INFO] - val:
[2023-10-16 04:37:40,165][root][INFO] - Checkpoint saved to C:\Users\GeorgeS\Documents\facultate\master\projects\data\model_weights\CIFAR-10/PreResNet/baseline\2525\model_40_0.pth
[2023-10-16 04:37:40,166][root][INFO] - ===> epoch: 41/300
[2023-10-16 04:37:40,167][root][INFO] - train:
[2023-10-16 04:38:53,471][root][INFO] - val:
[2023-10-16 04:38:55,391][root][INFO] - ===> epoch: 42/300
[2023-10-16 04:38:55,392][root][INFO] - train:
[2023-10-16 04:40:08,124][root][INFO] - val:
[2023-10-16 04:40:10,104][root][INFO] - Checkpoint saved to C:\Users\GeorgeS\Documents\facultate\master\projects\data\model_weights\CIFAR-10/PreResNet/baseline\2525\model_42_0.8650000095367432.pth
[2023-10-16 04:40:10,104][root][INFO] - ===> BEST Val/Accuracy PERFORMANCE: 0.86500
[2023-10-16 04:40:10,105][root][INFO] - ===> epoch: 43/300
[2023-10-16 04:40:10,106][root][INFO] - train:
[2023-10-16 04:41:23,323][root][INFO] - val:
[2023-10-16 04:41:25,231][root][INFO] - ===> epoch: 44/300
[2023-10-16 04:41:25,231][root][INFO] - train:
[2023-10-16 04:42:38,717][root][INFO] - val:
[2023-10-16 04:42:40,645][root][INFO] - ===> epoch: 45/300
[2023-10-16 04:42:40,646][root][INFO] - train:
[2023-10-16 04:43:54,070][root][INFO] - val:
[2023-10-16 04:43:55,999][root][INFO] - ===> epoch: 46/300
[2023-10-16 04:43:56,000][root][INFO] - train:
[2023-10-16 04:45:09,458][root][INFO] - val:
[2023-10-16 04:45:11,354][root][INFO] - ===> epoch: 47/300
[2023-10-16 04:45:11,354][root][INFO] - train:
[2023-10-16 04:46:24,318][root][INFO] - val:
[2023-10-16 04:46:26,231][root][INFO] - ===> epoch: 48/300
[2023-10-16 04:46:26,232][root][INFO] - train:
[2023-10-16 04:47:39,007][root][INFO] - val:
[2023-10-16 04:47:40,937][root][INFO] - ===> epoch: 49/300
[2023-10-16 04:47:40,937][root][INFO] - train:
[2023-10-16 04:48:54,332][root][INFO] - val:
[2023-10-16 04:48:56,271][root][INFO] - ===> epoch: 50/300
[2023-10-16 04:48:56,271][root][INFO] - train:
[2023-10-16 04:50:09,681][root][INFO] - val:
[2023-10-16 04:50:11,679][root][INFO] - Checkpoint saved to C:\Users\GeorgeS\Documents\facultate\master\projects\data\model_weights\CIFAR-10/PreResNet/baseline\2525\model_50_0.pth
[2023-10-16 04:50:11,680][root][INFO] - ===> epoch: 51/300
[2023-10-16 04:50:11,681][root][INFO] - train:
[2023-10-16 04:51:24,882][root][INFO] - val:
[2023-10-16 04:51:27,111][root][INFO] - Checkpoint saved to C:\Users\GeorgeS\Documents\facultate\master\projects\data\model_weights\CIFAR-10/PreResNet/baseline\2525\model_51_0.8659999966621399.pth
[2023-10-16 04:51:27,111][root][INFO] - ===> BEST Val/Accuracy PERFORMANCE: 0.86600
[2023-10-16 04:51:27,112][root][INFO] - ===> epoch: 52/300
[2023-10-16 04:51:27,113][root][INFO] - train:
[2023-10-16 04:52:40,225][root][INFO] - val:
[2023-10-16 04:52:42,131][root][INFO] - ===> epoch: 53/300
[2023-10-16 04:52:42,132][root][INFO] - train:
[2023-10-16 04:53:55,361][root][INFO] - val:
[2023-10-16 04:53:57,356][root][INFO] - Checkpoint saved to C:\Users\GeorgeS\Documents\facultate\master\projects\data\model_weights\CIFAR-10/PreResNet/baseline\2525\model_53_0.8712999820709229.pth
[2023-10-16 04:53:57,357][root][INFO] - ===> BEST Val/Accuracy PERFORMANCE: 0.87130
[2023-10-16 04:53:57,358][root][INFO] - ===> epoch: 54/300
[2023-10-16 04:53:57,358][root][INFO] - train:
[2023-10-16 04:55:10,219][root][INFO] - val:
[2023-10-16 04:55:12,148][root][INFO] - ===> epoch: 55/300
[2023-10-16 04:55:12,149][root][INFO] - train:
[2023-10-16 04:56:25,507][root][INFO] - val:
[2023-10-16 04:56:27,409][root][INFO] - ===> epoch: 56/300
[2023-10-16 04:56:27,410][root][INFO] - train:
[2023-10-16 04:57:40,698][root][INFO] - val:
[2023-10-16 04:57:42,591][root][INFO] - ===> epoch: 57/300
[2023-10-16 04:57:42,591][root][INFO] - train:
[2023-10-16 04:58:55,662][root][INFO] - val:
[2023-10-16 04:58:57,586][root][INFO] - ===> epoch: 58/300
[2023-10-16 04:58:57,587][root][INFO] - train:
[2023-10-16 05:00:10,990][root][INFO] - val:
[2023-10-16 05:00:12,991][root][INFO] - Checkpoint saved to C:\Users\GeorgeS\Documents\facultate\master\projects\data\model_weights\CIFAR-10/PreResNet/baseline\2525\model_58_0.871399998664856.pth
[2023-10-16 05:00:12,992][root][INFO] - ===> BEST Val/Accuracy PERFORMANCE: 0.87140
[2023-10-16 05:00:12,993][root][INFO] - ===> epoch: 59/300
[2023-10-16 05:00:12,993][root][INFO] - train:
[2023-10-16 05:01:26,387][root][INFO] - val:
[2023-10-16 05:01:28,302][root][INFO] - ===> epoch: 60/300
[2023-10-16 05:01:28,303][root][INFO] - train:
[2023-10-16 05:02:41,211][root][INFO] - val:
[2023-10-16 05:02:43,205][root][INFO] - Checkpoint saved to C:\Users\GeorgeS\Documents\facultate\master\projects\data\model_weights\CIFAR-10/PreResNet/baseline\2525\model_60_0.pth
[2023-10-16 05:02:43,206][root][INFO] - ===> epoch: 61/300
[2023-10-16 05:02:43,206][root][INFO] - train:
[2023-10-16 05:03:52,555][root][INFO] - val:
[2023-10-16 05:03:54,547][root][INFO] - Checkpoint saved to C:\Users\GeorgeS\Documents\facultate\master\projects\data\model_weights\CIFAR-10/PreResNet/baseline\2525\model_61_0.881600022315979.pth
[2023-10-16 05:03:54,547][root][INFO] - ===> BEST Val/Accuracy PERFORMANCE: 0.88160
[2023-10-16 05:03:54,548][root][INFO] - ===> epoch: 62/300
[2023-10-16 05:03:54,549][root][INFO] - train:
[2023-10-16 05:04:59,935][root][INFO] - val:
[2023-10-16 05:05:01,876][root][INFO] - ===> epoch: 63/300
[2023-10-16 05:05:01,877][root][INFO] - train:
[2023-10-16 05:06:06,971][root][INFO] - val:
[2023-10-16 05:06:08,965][root][INFO] - Checkpoint saved to C:\Users\GeorgeS\Documents\facultate\master\projects\data\model_weights\CIFAR-10/PreResNet/baseline\2525\model_63_0.8826000094413757.pth
[2023-10-16 05:06:08,966][root][INFO] - ===> BEST Val/Accuracy PERFORMANCE: 0.88260
[2023-10-16 05:06:08,967][root][INFO] - ===> epoch: 64/300
[2023-10-16 05:06:08,967][root][INFO] - train:
[2023-10-16 05:07:14,564][root][INFO] - val:
[2023-10-16 05:07:16,500][root][INFO] - Checkpoint saved to C:\Users\GeorgeS\Documents\facultate\master\projects\data\model_weights\CIFAR-10/PreResNet/baseline\2525\model_64_0.8848999738693237.pth
[2023-10-16 05:07:16,501][root][INFO] - ===> BEST Val/Accuracy PERFORMANCE: 0.88490
[2023-10-16 05:07:16,502][root][INFO] - ===> epoch: 65/300
[2023-10-16 05:07:16,503][root][INFO] - train:
[2023-10-16 05:08:21,890][root][INFO] - val:
[2023-10-16 05:08:23,793][root][INFO] - ===> epoch: 66/300
[2023-10-16 05:08:23,794][root][INFO] - train:
[2023-10-16 05:09:28,676][root][INFO] - val:
[2023-10-16 05:09:31,151][root][INFO] - Checkpoint saved to C:\Users\GeorgeS\Documents\facultate\master\projects\data\model_weights\CIFAR-10/PreResNet/baseline\2525\model_66_0.8859000205993652.pth
[2023-10-16 05:09:31,152][root][INFO] - ===> BEST Val/Accuracy PERFORMANCE: 0.88590
[2023-10-16 05:09:31,153][root][INFO] - ===> epoch: 67/300
[2023-10-16 05:09:31,153][root][INFO] - train:
[2023-10-16 05:10:35,864][root][INFO] - val:
[2023-10-16 05:10:37,790][root][INFO] - ===> epoch: 68/300
[2023-10-16 05:10:37,791][root][INFO] - train:
[2023-10-16 05:11:43,157][root][INFO] - val:
[2023-10-16 05:11:45,162][root][INFO] - ===> epoch: 69/300
[2023-10-16 05:11:45,163][root][INFO] - train:
[2023-10-16 05:12:50,695][root][INFO] - val:
[2023-10-16 05:12:52,678][root][INFO] - Checkpoint saved to C:\Users\GeorgeS\Documents\facultate\master\projects\data\model_weights\CIFAR-10/PreResNet/baseline\2525\model_69_0.8867999911308289.pth
[2023-10-16 05:12:52,679][root][INFO] - ===> BEST Val/Accuracy PERFORMANCE: 0.88680
[2023-10-16 05:12:52,680][root][INFO] - ===> epoch: 70/300
[2023-10-16 05:12:52,680][root][INFO] - train:
[2023-10-16 05:13:57,840][root][INFO] - val:
[2023-10-16 05:13:59,814][root][INFO] - Checkpoint saved to C:\Users\GeorgeS\Documents\facultate\master\projects\data\model_weights\CIFAR-10/PreResNet/baseline\2525\model_70_0.pth
[2023-10-16 05:13:59,815][root][INFO] - ===> epoch: 71/300
[2023-10-16 05:13:59,815][root][INFO] - train:
[2023-10-16 05:15:05,132][root][INFO] - val:
[2023-10-16 05:15:07,290][root][INFO] - ===> epoch: 72/300
[2023-10-16 05:15:07,291][root][INFO] - train:
[2023-10-16 05:16:12,338][root][INFO] - val:
[2023-10-16 05:16:14,253][root][INFO] - ===> epoch: 73/300
[2023-10-16 05:16:14,253][root][INFO] - train:
[2023-10-16 05:17:19,237][root][INFO] - val:
[2023-10-16 05:17:21,153][root][INFO] - ===> epoch: 74/300
[2023-10-16 05:17:21,153][root][INFO] - train:
[2023-10-16 05:18:26,556][root][INFO] - val:
[2023-10-16 05:18:28,465][root][INFO] - ===> epoch: 75/300
[2023-10-16 05:18:28,466][root][INFO] - train:
[2023-10-16 05:19:33,868][root][INFO] - val:
[2023-10-16 05:19:35,782][root][INFO] - ===> epoch: 76/300
[2023-10-16 05:19:35,783][root][INFO] - train:
[2023-10-16 05:20:41,133][root][INFO] - val:
[2023-10-16 05:20:43,028][root][INFO] - ===> epoch: 77/300
[2023-10-16 05:20:43,029][root][INFO] - train:
[2023-10-16 05:21:48,531][root][INFO] - val:
[2023-10-16 05:21:50,460][root][INFO] - ===> epoch: 78/300
[2023-10-16 05:21:50,460][root][INFO] - train:
[2023-10-16 05:22:55,868][root][INFO] - val:
[2023-10-16 05:22:57,790][root][INFO] - ===> epoch: 79/300
[2023-10-16 05:22:57,791][root][INFO] - train:
[2023-10-16 05:24:02,809][root][INFO] - val:
[2023-10-16 05:24:04,683][root][INFO] - ===> epoch: 80/300
[2023-10-16 05:24:04,684][root][INFO] - train:
[2023-10-16 05:25:10,126][root][INFO] - val:
[2023-10-16 05:25:12,087][root][INFO] - Checkpoint saved to C:\Users\GeorgeS\Documents\facultate\master\projects\data\model_weights\CIFAR-10/PreResNet/baseline\2525\model_80_0.pth
[2023-10-16 05:25:12,088][root][INFO] - ===> epoch: 81/300
[2023-10-16 05:25:12,089][root][INFO] - train:
[2023-10-16 05:26:17,166][root][INFO] - val:
[2023-10-16 05:26:19,077][root][INFO] - ===> epoch: 82/300
[2023-10-16 05:26:19,077][root][INFO] - train:
[2023-10-16 05:27:23,976][root][INFO] - val:
[2023-10-16 05:27:25,915][root][INFO] - ===> epoch: 83/300
[2023-10-16 05:27:25,916][root][INFO] - train:
[2023-10-16 05:28:31,382][root][INFO] - val:
[2023-10-16 05:28:33,301][root][INFO] - ===> epoch: 84/300
[2023-10-16 05:28:33,302][root][INFO] - train:
[2023-10-16 05:29:38,955][root][INFO] - val:
[2023-10-16 05:29:40,864][root][INFO] - ===> epoch: 85/300
[2023-10-16 05:29:40,864][root][INFO] - train:
[2023-10-16 05:30:45,647][root][INFO] - val:
[2023-10-16 05:30:47,584][root][INFO] - ===> epoch: 86/300
[2023-10-16 05:30:47,584][root][INFO] - train:
[2023-10-16 05:31:33,381][root][INFO] - val:
[2023-10-16 05:31:34,942][root][INFO] - ===> epoch: 87/300
[2023-10-16 05:31:34,943][root][INFO] - train:
[2023-10-16 05:32:19,412][root][INFO] - val:
[2023-10-16 05:32:21,074][root][INFO] - ===> epoch: 88/300
[2023-10-16 05:32:21,075][root][INFO] - train:
[2023-10-16 05:33:05,367][root][INFO] - val:
[2023-10-16 05:33:06,917][root][INFO] - ===> epoch: 89/300
[2023-10-16 05:33:06,918][root][INFO] - train:
[2023-10-16 05:33:51,288][root][INFO] - val:
[2023-10-16 05:33:52,889][root][INFO] - ===> epoch: 90/300
[2023-10-16 05:33:52,889][root][INFO] - train:
[2023-10-16 05:34:37,135][root][INFO] - val:
[2023-10-16 05:34:38,677][root][INFO] - Checkpoint saved to C:\Users\GeorgeS\Documents\facultate\master\projects\data\model_weights\CIFAR-10/PreResNet/baseline\2525\model_90_0.pth
[2023-10-16 05:34:38,678][root][INFO] - ===> epoch: 91/300
[2023-10-16 05:34:38,678][root][INFO] - train:
[2023-10-16 05:35:26,197][root][INFO] - val:
[2023-10-16 05:35:28,316][root][INFO] - Checkpoint saved to C:\Users\GeorgeS\Documents\facultate\master\projects\data\model_weights\CIFAR-10/PreResNet/baseline\2525\model_91_0.8906999826431274.pth
[2023-10-16 05:35:28,316][root][INFO] - ===> BEST Val/Accuracy PERFORMANCE: 0.89070
[2023-10-16 05:35:28,317][root][INFO] - ===> epoch: 92/300
[2023-10-16 05:35:28,318][root][INFO] - train:
[2023-10-16 05:36:10,859][root][INFO] - val:
[2023-10-16 05:36:12,789][root][INFO] - Checkpoint saved to C:\Users\GeorgeS\Documents\facultate\master\projects\data\model_weights\CIFAR-10/PreResNet/baseline\2525\model_92_0.8939999938011169.pth
[2023-10-16 05:36:12,789][root][INFO] - ===> BEST Val/Accuracy PERFORMANCE: 0.89400
[2023-10-16 05:36:12,790][root][INFO] - ===> epoch: 93/300
[2023-10-16 05:36:12,790][root][INFO] - train:
[2023-10-16 05:36:55,464][root][INFO] - val:
[2023-10-16 05:36:57,027][root][INFO] - ===> epoch: 94/300
[2023-10-16 05:36:57,028][root][INFO] - train:
[2023-10-16 05:37:39,889][root][INFO] - val:
[2023-10-16 05:37:41,509][root][INFO] - ===> epoch: 95/300
[2023-10-16 05:37:41,509][root][INFO] - train:
[2023-10-16 05:38:24,219][root][INFO] - val:
[2023-10-16 05:38:25,837][root][INFO] - ===> epoch: 96/300
[2023-10-16 05:38:25,837][root][INFO] - train:
[2023-10-16 05:39:08,696][root][INFO] - val:
[2023-10-16 05:39:10,317][root][INFO] - ===> epoch: 97/300
[2023-10-16 05:39:10,318][root][INFO] - train:
[2023-10-16 05:39:53,088][root][INFO] - val:
[2023-10-16 05:39:54,639][root][INFO] - ===> epoch: 98/300
[2023-10-16 05:39:54,640][root][INFO] - train:
[2023-10-16 05:40:37,281][root][INFO] - val:
[2023-10-16 05:40:39,084][root][INFO] - ===> epoch: 99/300
[2023-10-16 05:40:39,084][root][INFO] - train:
[2023-10-16 05:41:21,763][root][INFO] - val:
[2023-10-16 05:41:23,423][root][INFO] - ===> epoch: 100/300
[2023-10-16 05:41:23,423][root][INFO] - train:
[2023-10-16 05:42:06,118][root][INFO] - val:
[2023-10-16 05:42:07,791][root][INFO] - Checkpoint saved to C:\Users\GeorgeS\Documents\facultate\master\projects\data\model_weights\CIFAR-10/PreResNet/baseline\2525\model_100_0.pth
[2023-10-16 05:42:07,792][root][INFO] - ===> epoch: 101/300
[2023-10-16 05:42:07,792][root][INFO] - train:
[2023-10-16 05:42:50,520][root][INFO] - val:
[2023-10-16 05:42:52,072][root][INFO] - ===> epoch: 102/300
[2023-10-16 05:42:52,072][root][INFO] - train:
[2023-10-16 05:43:34,782][root][INFO] - val:
[2023-10-16 05:43:36,388][root][INFO] - ===> epoch: 103/300
[2023-10-16 05:43:36,389][root][INFO] - train:
[2023-10-16 05:44:19,211][root][INFO] - val:
[2023-10-16 05:44:20,871][root][INFO] - ===> epoch: 104/300
[2023-10-16 05:44:20,872][root][INFO] - train:
[2023-10-16 05:45:03,408][root][INFO] - val:
[2023-10-16 05:45:05,018][root][INFO] - ===> epoch: 105/300
[2023-10-16 05:45:05,019][root][INFO] - train:
[2023-10-16 05:45:47,736][root][INFO] - val:
[2023-10-16 05:45:49,339][root][INFO] - ===> epoch: 106/300
[2023-10-16 05:45:49,339][root][INFO] - train:
[2023-10-16 05:46:32,014][root][INFO] - val:
[2023-10-16 05:46:33,650][root][INFO] - ===> epoch: 107/300
[2023-10-16 05:46:33,650][root][INFO] - train:
[2023-10-16 05:47:16,544][root][INFO] - val:
[2023-10-16 05:47:18,197][root][INFO] - ===> epoch: 108/300
[2023-10-16 05:47:18,198][root][INFO] - train:
[2023-10-16 05:48:00,589][root][INFO] - val:
[2023-10-16 05:48:02,480][root][INFO] - ===> epoch: 109/300
[2023-10-16 05:48:02,480][root][INFO] - train:
[2023-10-16 05:48:44,744][root][INFO] - val:
[2023-10-16 05:48:46,273][root][INFO] - ===> epoch: 110/300
[2023-10-16 05:48:46,273][root][INFO] - train:
[2023-10-16 05:49:28,774][root][INFO] - val:
[2023-10-16 05:49:30,457][root][INFO] - Checkpoint saved to C:\Users\GeorgeS\Documents\facultate\master\projects\data\model_weights\CIFAR-10/PreResNet/baseline\2525\model_110_0.pth
[2023-10-16 05:49:30,458][root][INFO] - ===> epoch: 111/300
[2023-10-16 05:49:30,458][root][INFO] - train:
[2023-10-16 05:50:13,330][root][INFO] - val:
[2023-10-16 05:50:14,937][root][INFO] - ===> epoch: 112/300
[2023-10-16 05:50:14,938][root][INFO] - train:
[2023-10-16 05:50:57,501][root][INFO] - val:
[2023-10-16 05:50:58,950][root][INFO] - ===> epoch: 113/300
[2023-10-16 05:50:58,950][root][INFO] - train:
[2023-10-16 05:51:41,724][root][INFO] - val:
[2023-10-16 05:51:43,387][root][INFO] - ===> epoch: 114/300
[2023-10-16 05:51:43,388][root][INFO] - train:
[2023-10-16 05:52:25,786][root][INFO] - val:
[2023-10-16 05:52:27,582][root][INFO] - ===> epoch: 115/300
[2023-10-16 05:52:27,582][root][INFO] - train:
[2023-10-16 05:53:09,929][root][INFO] - val:
[2023-10-16 05:53:11,437][root][INFO] - ===> epoch: 116/300
[2023-10-16 05:53:11,438][root][INFO] - train:
[2023-10-16 05:53:54,226][root][INFO] - val:
[2023-10-16 05:53:55,840][root][INFO] - ===> epoch: 117/300
[2023-10-16 05:53:55,841][root][INFO] - train:
[2023-10-16 05:54:38,263][root][INFO] - val:
[2023-10-16 05:54:39,771][root][INFO] - ===> epoch: 118/300
[2023-10-16 05:54:39,772][root][INFO] - train:
[2023-10-16 05:55:22,422][root][INFO] - val:
[2023-10-16 05:55:23,919][root][INFO] - ===> epoch: 119/300
[2023-10-16 05:55:23,919][root][INFO] - train:
[2023-10-16 05:56:06,640][root][INFO] - val:
[2023-10-16 05:56:08,288][root][INFO] - ===> epoch: 120/300
[2023-10-16 05:56:08,288][root][INFO] - train:
[2023-10-16 05:56:50,776][root][INFO] - val:
[2023-10-16 05:56:52,672][root][INFO] - Checkpoint saved to C:\Users\GeorgeS\Documents\facultate\master\projects\data\model_weights\CIFAR-10/PreResNet/baseline\2525\model_120_0.pth
[2023-10-16 05:56:52,672][root][INFO] - ===> epoch: 121/300
[2023-10-16 05:56:52,673][root][INFO] - train:
[2023-10-16 05:57:40,228][root][INFO] - val:
[2023-10-16 05:57:41,919][root][INFO] - ===> epoch: 122/300
[2023-10-16 05:57:41,920][root][INFO] - train:
[2023-10-16 05:58:20,275][root][INFO] - val:
[2023-10-16 05:58:21,912][root][INFO] - ===> epoch: 123/300
[2023-10-16 05:58:21,913][root][INFO] - train:
[2023-10-16 05:59:00,385][root][INFO] - val:
[2023-10-16 05:59:01,859][root][INFO] - Checkpoint saved to C:\Users\GeorgeS\Documents\facultate\master\projects\data\model_weights\CIFAR-10/PreResNet/baseline\2525\model_123_0.8955000042915344.pth
[2023-10-16 05:59:01,860][root][INFO] - ===> BEST Val/Accuracy PERFORMANCE: 0.89550
[2023-10-16 05:59:01,860][root][INFO] - ===> epoch: 124/300
[2023-10-16 05:59:01,861][root][INFO] - train:
[2023-10-16 05:59:40,396][root][INFO] - val:
[2023-10-16 05:59:42,045][root][INFO] - ===> epoch: 125/300
[2023-10-16 05:59:42,045][root][INFO] - train:
[2023-10-16 06:00:20,555][root][INFO] - val:
[2023-10-16 06:00:22,171][root][INFO] - ===> epoch: 126/300
[2023-10-16 06:00:22,171][root][INFO] - train:
[2023-10-16 06:01:00,717][root][INFO] - val:
[2023-10-16 06:01:02,331][root][INFO] - ===> epoch: 127/300
[2023-10-16 06:01:02,331][root][INFO] - train:
[2023-10-16 06:01:41,066][root][INFO] - val:
[2023-10-16 06:01:42,636][root][INFO] - ===> epoch: 128/300
[2023-10-16 06:01:42,637][root][INFO] - train:
[2023-10-16 06:02:21,273][root][INFO] - val:
[2023-10-16 06:02:22,936][root][INFO] - ===> epoch: 129/300
[2023-10-16 06:02:22,936][root][INFO] - train:
[2023-10-16 06:03:01,191][root][INFO] - val:
[2023-10-16 06:03:03,094][root][INFO] - ===> epoch: 130/300
[2023-10-16 06:03:03,094][root][INFO] - train:
[2023-10-16 06:03:41,363][root][INFO] - val:
[2023-10-16 06:03:43,480][root][INFO] - Checkpoint saved to C:\Users\GeorgeS\Documents\facultate\master\projects\data\model_weights\CIFAR-10/PreResNet/baseline\2525\model_130_0.pth
[2023-10-16 06:03:43,480][root][INFO] - ===> epoch: 131/300
[2023-10-16 06:03:43,481][root][INFO] - train:
[2023-10-16 06:04:21,866][root][INFO] - val:
[2023-10-16 06:04:23,523][root][INFO] - ===> epoch: 132/300
[2023-10-16 06:04:23,524][root][INFO] - train:
[2023-10-16 06:05:02,121][root][INFO] - val:
[2023-10-16 06:05:03,672][root][INFO] - ===> epoch: 133/300
[2023-10-16 06:05:03,672][root][INFO] - train:
[2023-10-16 06:05:42,226][root][INFO] - val:
[2023-10-16 06:05:43,804][root][INFO] - ===> epoch: 134/300
[2023-10-16 06:05:43,805][root][INFO] - train:
[2023-10-16 06:06:22,561][root][INFO] - val:
[2023-10-16 06:06:24,056][root][INFO] - ===> epoch: 135/300
[2023-10-16 06:06:24,056][root][INFO] - train:
[2023-10-16 06:07:02,519][root][INFO] - val:
[2023-10-16 06:07:04,082][root][INFO] - ===> epoch: 136/300
[2023-10-16 06:07:04,082][root][INFO] - train:
[2023-10-16 06:07:42,876][root][INFO] - val:
[2023-10-16 06:07:44,548][root][INFO] - ===> epoch: 137/300
[2023-10-16 06:07:44,549][root][INFO] - train:
[2023-10-16 06:08:23,119][root][INFO] - val:
[2023-10-16 06:08:24,720][root][INFO] - ===> epoch: 138/300
[2023-10-16 06:08:24,721][root][INFO] - train:
[2023-10-16 06:09:02,965][root][INFO] - val:
[2023-10-16 06:09:04,644][root][INFO] - ===> epoch: 139/300
[2023-10-16 06:09:04,645][root][INFO] - train:
[2023-10-16 06:09:42,890][root][INFO] - val:
[2023-10-16 06:09:44,475][root][INFO] - ===> epoch: 140/300
[2023-10-16 06:09:44,475][root][INFO] - train:
[2023-10-16 06:10:23,045][root][INFO] - val:
[2023-10-16 06:10:24,584][root][INFO] - Checkpoint saved to C:\Users\GeorgeS\Documents\facultate\master\projects\data\model_weights\CIFAR-10/PreResNet/baseline\2525\model_140_0.pth
[2023-10-16 06:10:24,585][root][INFO] - ===> epoch: 141/300
[2023-10-16 06:10:24,585][root][INFO] - train:
[2023-10-16 06:11:03,132][root][INFO] - val:
[2023-10-16 06:11:04,741][root][INFO] - ===> epoch: 142/300
[2023-10-16 06:11:04,741][root][INFO] - train:
[2023-10-16 06:11:43,280][root][INFO] - val:
[2023-10-16 06:11:44,878][root][INFO] - ===> epoch: 143/300
[2023-10-16 06:11:44,879][root][INFO] - train:
[2023-10-16 06:12:23,706][root][INFO] - val:
[2023-10-16 06:12:25,366][root][INFO] - ===> epoch: 144/300
[2023-10-16 06:12:25,366][root][INFO] - train:
[2023-10-16 06:13:03,930][root][INFO] - val:
[2023-10-16 06:13:05,515][root][INFO] - ===> epoch: 145/300
[2023-10-16 06:13:05,515][root][INFO] - train:
[2023-10-16 06:13:44,109][root][INFO] - val:
[2023-10-16 06:13:45,607][root][INFO] - ===> epoch: 146/300
[2023-10-16 06:13:45,607][root][INFO] - train:
[2023-10-16 06:14:23,985][root][INFO] - val:
[2023-10-16 06:14:25,959][root][INFO] - ===> epoch: 147/300
[2023-10-16 06:14:25,960][root][INFO] - train:
[2023-10-16 06:15:04,074][root][INFO] - val:
[2023-10-16 06:15:06,015][root][INFO] - ===> epoch: 148/300
[2023-10-16 06:15:06,016][root][INFO] - train:
[2023-10-16 06:15:44,127][root][INFO] - val:
[2023-10-16 06:15:45,730][root][INFO] - ===> epoch: 149/300
[2023-10-16 06:15:45,731][root][INFO] - train:
[2023-10-16 06:16:24,448][root][INFO] - val:
[2023-10-16 06:16:26,034][root][INFO] - ===> epoch: 150/300
[2023-10-16 06:16:26,035][root][INFO] - train:
[2023-10-16 06:17:04,527][root][INFO] - val:
[2023-10-16 06:17:06,207][root][INFO] - Checkpoint saved to C:\Users\GeorgeS\Documents\facultate\master\projects\data\model_weights\CIFAR-10/PreResNet/baseline\2525\model_150_0.pth
[2023-10-16 06:17:06,208][root][INFO] - ===> epoch: 151/300
[2023-10-16 06:17:06,208][root][INFO] - train:
[2023-10-16 06:17:57,600][root][INFO] - val:
[2023-10-16 06:17:59,243][root][INFO] - ===> epoch: 152/300
[2023-10-16 06:17:59,243][root][INFO] - train:
[2023-10-16 06:18:38,283][root][INFO] - val:
[2023-10-16 06:18:39,916][root][INFO] - ===> epoch: 153/300
[2023-10-16 06:18:39,916][root][INFO] - train:
[2023-10-16 06:19:18,887][root][INFO] - val:
[2023-10-16 06:19:20,377][root][INFO] - ===> epoch: 154/300
[2023-10-16 06:19:20,377][root][INFO] - train:
[2023-10-16 06:19:59,001][root][INFO] - val:
[2023-10-16 06:20:00,576][root][INFO] - ===> epoch: 155/300
[2023-10-16 06:20:00,577][root][INFO] - train:
[2023-10-16 06:20:39,492][root][INFO] - val:
[2023-10-16 06:20:41,083][root][INFO] - ===> epoch: 156/300
[2023-10-16 06:20:41,083][root][INFO] - train:
[2023-10-16 06:21:20,440][root][INFO] - val:
[2023-10-16 06:21:22,087][root][INFO] - ===> epoch: 157/300
[2023-10-16 06:21:22,088][root][INFO] - train:
[2023-10-16 06:22:00,824][root][INFO] - val:
[2023-10-16 06:22:02,417][root][INFO] - ===> epoch: 158/300
[2023-10-16 06:22:02,417][root][INFO] - train:
[2023-10-16 06:22:41,336][root][INFO] - val:
[2023-10-16 06:22:42,940][root][INFO] - ===> epoch: 159/300
[2023-10-16 06:22:42,941][root][INFO] - train:
[2023-10-16 06:23:21,826][root][INFO] - val:
[2023-10-16 06:23:23,436][root][INFO] - ===> epoch: 160/300
[2023-10-16 06:23:23,437][root][INFO] - train:
[2023-10-16 06:24:01,998][root][INFO] - val:
[2023-10-16 06:24:03,621][root][INFO] - Checkpoint saved to C:\Users\GeorgeS\Documents\facultate\master\projects\data\model_weights\CIFAR-10/PreResNet/baseline\2525\model_160_0.pth
[2023-10-16 06:24:03,622][root][INFO] - ===> epoch: 161/300
[2023-10-16 06:24:03,623][root][INFO] - train:
[2023-10-16 06:24:43,528][root][INFO] - val:
[2023-10-16 06:24:45,445][root][INFO] - ===> epoch: 162/300
[2023-10-16 06:24:45,445][root][INFO] - train:
[2023-10-16 06:25:24,250][root][INFO] - val:
[2023-10-16 06:25:25,795][root][INFO] - ===> epoch: 163/300
[2023-10-16 06:25:25,796][root][INFO] - train:
[2023-10-16 06:26:04,793][root][INFO] - val:
[2023-10-16 06:26:06,469][root][INFO] - ===> epoch: 164/300
[2023-10-16 06:26:06,469][root][INFO] - train:
[2023-10-16 06:26:45,029][root][INFO] - val:
[2023-10-16 06:26:46,646][root][INFO] - ===> epoch: 165/300
[2023-10-16 06:26:46,646][root][INFO] - train:
[2023-10-16 06:27:25,430][root][INFO] - val:
[2023-10-16 06:27:26,971][root][INFO] - ===> epoch: 166/300
[2023-10-16 06:27:26,972][root][INFO] - train:
[2023-10-16 06:28:05,642][root][INFO] - val:
[2023-10-16 06:28:07,291][root][INFO] - ===> epoch: 167/300
[2023-10-16 06:28:07,292][root][INFO] - train:
[2023-10-16 06:28:45,869][root][INFO] - val:
[2023-10-16 06:28:47,744][root][INFO] - ===> epoch: 168/300
[2023-10-16 06:28:47,744][root][INFO] - train:
[2023-10-16 06:29:26,520][root][INFO] - val:
[2023-10-16 06:29:28,122][root][INFO] - ===> epoch: 169/300
[2023-10-16 06:29:28,122][root][INFO] - train:
[2023-10-16 06:30:07,048][root][INFO] - val:
[2023-10-16 06:30:08,549][root][INFO] - ===> epoch: 170/300
[2023-10-16 06:30:08,550][root][INFO] - train:
[2023-10-16 06:30:47,670][root][INFO] - val:
[2023-10-16 06:30:49,139][root][INFO] - Checkpoint saved to C:\Users\GeorgeS\Documents\facultate\master\projects\data\model_weights\CIFAR-10/PreResNet/baseline\2525\model_170_0.pth
[2023-10-16 06:30:49,139][root][INFO] - ===> epoch: 171/300
[2023-10-16 06:30:49,139][root][INFO] - train:
[2023-10-16 06:31:28,822][root][INFO] - val:
[2023-10-16 06:31:30,463][root][INFO] - ===> epoch: 172/300
[2023-10-16 06:31:30,463][root][INFO] - train:
[2023-10-16 06:32:09,388][root][INFO] - val:
[2023-10-16 06:32:10,991][root][INFO] - ===> epoch: 173/300
[2023-10-16 06:32:10,991][root][INFO] - train:
[2023-10-16 06:32:49,864][root][INFO] - val:
[2023-10-16 06:32:51,870][root][INFO] - ===> epoch: 174/300
[2023-10-16 06:32:51,871][root][INFO] - train:
[2023-10-16 06:33:31,040][root][INFO] - val:
[2023-10-16 06:33:32,657][root][INFO] - ===> epoch: 175/300
[2023-10-16 06:33:32,658][root][INFO] - train:
[2023-10-16 06:34:11,773][root][INFO] - val:
[2023-10-16 06:34:13,272][root][INFO] - ===> epoch: 176/300
[2023-10-16 06:34:13,273][root][INFO] - train:
[2023-10-16 06:34:51,602][root][INFO] - val:
[2023-10-16 06:34:53,151][root][INFO] - ===> epoch: 177/300
[2023-10-16 06:34:53,151][root][INFO] - train:
[2023-10-16 06:35:31,965][root][INFO] - val:
[2023-10-16 06:35:33,620][root][INFO] - ===> epoch: 178/300
[2023-10-16 06:35:33,621][root][INFO] - train:
[2023-10-16 06:36:12,209][root][INFO] - val:
[2023-10-16 06:36:13,805][root][INFO] - ===> epoch: 179/300
[2023-10-16 06:36:13,806][root][INFO] - train:
[2023-10-16 06:36:52,852][root][INFO] - val:
[2023-10-16 06:36:54,464][root][INFO] - ===> epoch: 180/300
[2023-10-16 06:36:54,464][root][INFO] - train:
[2023-10-16 06:37:33,673][root][INFO] - val:
[2023-10-16 06:37:35,694][root][INFO] - Checkpoint saved to C:\Users\GeorgeS\Documents\facultate\master\projects\data\model_weights\CIFAR-10/PreResNet/baseline\2525\model_180_0.pth
[2023-10-16 06:37:35,694][root][INFO] - ===> epoch: 181/300
[2023-10-16 06:37:35,695][root][INFO] - train:
[2023-10-16 06:38:14,414][root][INFO] - val:
[2023-10-16 06:38:15,900][root][INFO] - ===> epoch: 182/300
[2023-10-16 06:38:15,901][root][INFO] - train:
[2023-10-16 06:38:55,361][root][INFO] - val:
[2023-10-16 06:38:56,966][root][INFO] - ===> epoch: 183/300
[2023-10-16 06:38:56,966][root][INFO] - train:
[2023-10-16 06:39:36,014][root][INFO] - val:
[2023-10-16 06:39:37,617][root][INFO] - ===> epoch: 184/300
[2023-10-16 06:39:37,617][root][INFO] - train:
[2023-10-16 06:40:16,708][root][INFO] - val:
[2023-10-16 06:40:18,224][root][INFO] - ===> epoch: 185/300
[2023-10-16 06:40:18,224][root][INFO] - train:
[2023-10-16 06:40:57,483][root][INFO] - val:
[2023-10-16 06:40:59,133][root][INFO] - ===> epoch: 186/300
[2023-10-16 06:40:59,133][root][INFO] - train:
[2023-10-16 06:41:37,869][root][INFO] - val:
[2023-10-16 06:41:39,844][root][INFO] - ===> epoch: 187/300
[2023-10-16 06:41:39,845][root][INFO] - train:
[2023-10-16 06:42:19,055][root][INFO] - val:
[2023-10-16 06:42:20,652][root][INFO] - ===> epoch: 188/300
[2023-10-16 06:42:20,653][root][INFO] - train:
[2023-10-16 06:42:59,200][root][INFO] - val:
[2023-10-16 06:43:00,834][root][INFO] - ===> epoch: 189/300
[2023-10-16 06:43:00,834][root][INFO] - train:
[2023-10-16 06:43:40,397][root][INFO] - val:
[2023-10-16 06:43:42,021][root][INFO] - ===> epoch: 190/300
[2023-10-16 06:43:42,021][root][INFO] - train:
[2023-10-16 06:44:21,369][root][INFO] - val:
[2023-10-16 06:44:23,044][root][INFO] - Checkpoint saved to C:\Users\GeorgeS\Documents\facultate\master\projects\data\model_weights\CIFAR-10/PreResNet/baseline\2525\model_190_0.pth
[2023-10-16 06:44:23,045][root][INFO] - ===> epoch: 191/300
[2023-10-16 06:44:23,045][root][INFO] - train:
[2023-10-16 06:45:02,352][root][INFO] - val:
[2023-10-16 06:45:03,790][root][INFO] - ===> epoch: 192/300
[2023-10-16 06:45:03,790][root][INFO] - train:
[2023-10-16 06:45:42,938][root][INFO] - val:
[2023-10-16 06:45:44,434][root][INFO] - ===> epoch: 193/300
[2023-10-16 06:45:44,435][root][INFO] - train:
[2023-10-16 06:46:23,756][root][INFO] - val:
[2023-10-16 06:46:25,363][root][INFO] - ===> epoch: 194/300
[2023-10-16 06:46:25,364][root][INFO] - train:
[2023-10-16 06:47:03,938][root][INFO] - val:
[2023-10-16 06:47:05,536][root][INFO] - ===> epoch: 195/300
[2023-10-16 06:47:05,537][root][INFO] - train:
[2023-10-16 06:47:44,383][root][INFO] - val:
[2023-10-16 06:47:46,025][root][INFO] - ===> epoch: 196/300
[2023-10-16 06:47:46,025][root][INFO] - train:
[2023-10-16 06:48:24,742][root][INFO] - val:
[2023-10-16 06:48:26,354][root][INFO] - ===> epoch: 197/300
[2023-10-16 06:48:26,354][root][INFO] - train:
[2023-10-16 06:49:05,760][root][INFO] - val:
[2023-10-16 06:49:07,357][root][INFO] - ===> epoch: 198/300
[2023-10-16 06:49:07,357][root][INFO] - train:
[2023-10-16 06:49:46,133][root][INFO] - val:
[2023-10-16 06:49:47,689][root][INFO] - ===> epoch: 199/300
[2023-10-16 06:49:47,690][root][INFO] - train:
[2023-10-16 06:50:26,712][root][INFO] - val:
[2023-10-16 06:50:28,475][root][INFO] - ===> epoch: 200/300
[2023-10-16 06:50:28,475][root][INFO] - train:
[2023-10-16 06:51:06,713][root][INFO] - val:
[2023-10-16 06:51:08,370][root][INFO] - Checkpoint saved to C:\Users\GeorgeS\Documents\facultate\master\projects\data\model_weights\CIFAR-10/PreResNet/baseline\2525\model_200_0.pth
[2023-10-16 06:51:08,371][root][INFO] - ===> epoch: 201/300
[2023-10-16 06:51:08,371][root][INFO] - train:
[2023-10-16 06:51:47,991][root][INFO] - val:
[2023-10-16 06:51:49,561][root][INFO] - ===> epoch: 202/300
[2023-10-16 06:51:49,562][root][INFO] - train:
[2023-10-16 06:52:28,698][root][INFO] - val:
[2023-10-16 06:52:30,216][root][INFO] - ===> epoch: 203/300
[2023-10-16 06:52:30,217][root][INFO] - train:
[2023-10-16 06:53:10,576][root][INFO] - val:
[2023-10-16 06:53:12,056][root][INFO] - ===> epoch: 204/300
[2023-10-16 06:53:12,057][root][INFO] - train:
[2023-10-16 06:53:51,975][root][INFO] - val:
[2023-10-16 06:53:53,640][root][INFO] - ===> epoch: 205/300
[2023-10-16 06:53:53,640][root][INFO] - train:
[2023-10-16 06:54:38,965][root][INFO] - val:
[2023-10-16 06:54:40,890][root][INFO] - ===> epoch: 206/300
[2023-10-16 06:54:40,890][root][INFO] - train:
[2023-10-16 06:55:42,800][root][INFO] - val:
[2023-10-16 06:55:44,749][root][INFO] - ===> epoch: 207/300
[2023-10-16 06:55:44,749][root][INFO] - train:
[2023-10-16 06:56:45,771][root][INFO] - val:
[2023-10-16 06:56:47,702][root][INFO] - ===> epoch: 208/300
[2023-10-16 06:56:47,702][root][INFO] - train:
[2023-10-16 06:57:47,684][root][INFO] - val:
[2023-10-16 06:57:49,625][root][INFO] - ===> epoch: 209/300
[2023-10-16 06:57:49,625][root][INFO] - train:
[2023-10-16 06:58:50,323][root][INFO] - val:
[2023-10-16 06:58:52,235][root][INFO] - ===> epoch: 210/300
[2023-10-16 06:58:52,235][root][INFO] - train:
[2023-10-16 06:59:53,668][root][INFO] - val:
[2023-10-16 06:59:55,646][root][INFO] - Checkpoint saved to C:\Users\GeorgeS\Documents\facultate\master\projects\data\model_weights\CIFAR-10/PreResNet/baseline\2525\model_210_0.pth
[2023-10-16 06:59:55,647][root][INFO] - ===> epoch: 211/300
[2023-10-16 06:59:55,648][root][INFO] - train:
[2023-10-16 07:00:56,120][root][INFO] - val:
[2023-10-16 07:00:58,250][root][INFO] - ===> epoch: 212/300
[2023-10-16 07:00:58,250][root][INFO] - train:
[2023-10-16 07:01:59,338][root][INFO] - val:
[2023-10-16 07:02:01,543][root][INFO] - ===> epoch: 213/300
[2023-10-16 07:02:01,546][root][INFO] - train:
[2023-10-16 07:03:02,871][root][INFO] - val:
[2023-10-16 07:03:04,795][root][INFO] - ===> epoch: 214/300
[2023-10-16 07:03:04,796][root][INFO] - train:
[2023-10-16 07:04:07,844][root][INFO] - val:
[2023-10-16 07:04:09,787][root][INFO] - ===> epoch: 215/300
[2023-10-16 07:04:09,788][root][INFO] - train:
[2023-10-16 07:05:09,961][root][INFO] - val:
[2023-10-16 07:05:12,000][root][INFO] - ===> epoch: 216/300
[2023-10-16 07:05:12,001][root][INFO] - train:
[2023-10-16 07:06:12,020][root][INFO] - val:
[2023-10-16 07:06:13,954][root][INFO] - ===> epoch: 217/300
[2023-10-16 07:06:13,955][root][INFO] - train:
[2023-10-16 07:07:14,179][root][INFO] - val:
[2023-10-16 07:07:16,269][root][INFO] - ===> epoch: 218/300
[2023-10-16 07:07:16,270][root][INFO] - train:
[2023-10-16 07:08:17,267][root][INFO] - val:
[2023-10-16 07:08:19,352][root][INFO] - ===> epoch: 219/300
[2023-10-16 07:08:19,352][root][INFO] - train:
[2023-10-16 07:09:19,289][root][INFO] - val:
[2023-10-16 07:09:21,214][root][INFO] - ===> epoch: 220/300
[2023-10-16 07:09:21,215][root][INFO] - train:
[2023-10-16 07:10:21,539][root][INFO] - val:
[2023-10-16 07:10:23,518][root][INFO] - Checkpoint saved to C:\Users\GeorgeS\Documents\facultate\master\projects\data\model_weights\CIFAR-10/PreResNet/baseline\2525\model_220_0.pth
[2023-10-16 07:10:23,519][root][INFO] - ===> epoch: 221/300
[2023-10-16 07:10:23,520][root][INFO] - train:
[2023-10-16 07:11:25,229][root][INFO] - val:
[2023-10-16 07:11:27,127][root][INFO] - ===> epoch: 222/300
[2023-10-16 07:11:27,128][root][INFO] - train:
[2023-10-16 07:12:26,257][root][INFO] - val:
[2023-10-16 07:12:28,187][root][INFO] - ===> epoch: 223/300
[2023-10-16 07:12:28,187][root][INFO] - train:
[2023-10-16 07:13:29,712][root][INFO] - val:
[2023-10-16 07:13:31,808][root][INFO] - ===> epoch: 224/300
[2023-10-16 07:13:31,808][root][INFO] - train:
[2023-10-16 07:14:32,390][root][INFO] - val:
[2023-10-16 07:14:34,327][root][INFO] - ===> epoch: 225/300
[2023-10-16 07:14:34,328][root][INFO] - train:
[2023-10-16 07:15:34,286][root][INFO] - val:
[2023-10-16 07:15:36,217][root][INFO] - ===> epoch: 226/300
[2023-10-16 07:15:36,218][root][INFO] - train:
[2023-10-16 07:16:36,691][root][INFO] - val:
[2023-10-16 07:16:38,629][root][INFO] - ===> epoch: 227/300
[2023-10-16 07:16:38,630][root][INFO] - train:
[2023-10-16 07:17:39,871][root][INFO] - val:
[2023-10-16 07:17:41,770][root][INFO] - ===> epoch: 228/300
[2023-10-16 07:17:41,770][root][INFO] - train:
[2023-10-16 07:18:42,213][root][INFO] - val:
[2023-10-16 07:18:44,138][root][INFO] - ===> epoch: 229/300
[2023-10-16 07:18:44,138][root][INFO] - train:
[2023-10-16 07:19:44,769][root][INFO] - val:
[2023-10-16 07:19:46,697][root][INFO] - ===> epoch: 230/300
[2023-10-16 07:19:46,698][root][INFO] - train:
[2023-10-16 07:20:47,041][root][INFO] - val:
[2023-10-16 07:20:48,995][root][INFO] - Checkpoint saved to C:\Users\GeorgeS\Documents\facultate\master\projects\data\model_weights\CIFAR-10/PreResNet/baseline\2525\model_230_0.pth
[2023-10-16 07:20:48,996][root][INFO] - ===> epoch: 231/300
[2023-10-16 07:20:48,996][root][INFO] - train:
[2023-10-16 07:21:51,013][root][INFO] - val:
[2023-10-16 07:21:52,944][root][INFO] - ===> epoch: 232/300
[2023-10-16 07:21:52,945][root][INFO] - train:
[2023-10-16 07:22:54,226][root][INFO] - val:
[2023-10-16 07:22:56,167][root][INFO] - ===> epoch: 233/300
[2023-10-16 07:22:56,168][root][INFO] - train:
[2023-10-16 07:23:56,923][root][INFO] - val:
[2023-10-16 07:23:58,851][root][INFO] - ===> epoch: 234/300
[2023-10-16 07:23:58,852][root][INFO] - train:
[2023-10-16 07:24:58,930][root][INFO] - val:
[2023-10-16 07:25:00,847][root][INFO] - ===> epoch: 235/300
[2023-10-16 07:25:00,848][root][INFO] - train:
[2023-10-16 07:26:02,654][root][INFO] - val:
[2023-10-16 07:26:04,592][root][INFO] - ===> epoch: 236/300
[2023-10-16 07:26:04,592][root][INFO] - train:
[2023-10-16 07:27:05,035][root][INFO] - val:
[2023-10-16 07:27:06,943][root][INFO] - ===> epoch: 237/300
[2023-10-16 07:27:06,944][root][INFO] - train:
[2023-10-16 07:28:09,061][root][INFO] - val:
[2023-10-16 07:28:10,933][root][INFO] - ===> epoch: 238/300
[2023-10-16 07:28:10,933][root][INFO] - train:
[2023-10-16 07:29:13,215][root][INFO] - val:
[2023-10-16 07:29:15,137][root][INFO] - ===> epoch: 239/300
[2023-10-16 07:29:15,138][root][INFO] - train:
[2023-10-16 07:30:15,995][root][INFO] - val:
[2023-10-16 07:30:17,930][root][INFO] - ===> epoch: 240/300
[2023-10-16 07:30:17,931][root][INFO] - train:
[2023-10-16 07:31:19,263][root][INFO] - val:
[2023-10-16 07:31:21,243][root][INFO] - Checkpoint saved to C:\Users\GeorgeS\Documents\facultate\master\projects\data\model_weights\CIFAR-10/PreResNet/baseline\2525\model_240_0.pth
[2023-10-16 07:31:21,244][root][INFO] - ===> epoch: 241/300
[2023-10-16 07:31:21,244][root][INFO] - train:
[2023-10-16 07:32:20,096][root][INFO] - val:
[2023-10-16 07:32:22,032][root][INFO] - ===> epoch: 242/300
[2023-10-16 07:32:22,033][root][INFO] - train:
[2023-10-16 07:33:22,606][root][INFO] - val:
[2023-10-16 07:33:24,697][root][INFO] - ===> epoch: 243/300
[2023-10-16 07:33:24,698][root][INFO] - train:
[2023-10-16 07:34:25,021][root][INFO] - val:
[2023-10-16 07:34:26,930][root][INFO] - ===> epoch: 244/300
[2023-10-16 07:34:26,931][root][INFO] - train:
[2023-10-16 07:35:25,957][root][INFO] - val:
[2023-10-16 07:35:27,901][root][INFO] - ===> epoch: 245/300
[2023-10-16 07:35:27,902][root][INFO] - train:
[2023-10-16 07:36:28,892][root][INFO] - val:
[2023-10-16 07:36:31,018][root][INFO] - ===> epoch: 246/300
[2023-10-16 07:36:31,019][root][INFO] - train:
[2023-10-16 07:37:30,882][root][INFO] - val:
[2023-10-16 07:37:32,836][root][INFO] - Checkpoint saved to C:\Users\GeorgeS\Documents\facultate\master\projects\data\model_weights\CIFAR-10/PreResNet/baseline\2525\model_246_0.8959000110626221.pth
[2023-10-16 07:37:32,837][root][INFO] - ===> BEST Val/Accuracy PERFORMANCE: 0.89590
[2023-10-16 07:37:32,838][root][INFO] - ===> epoch: 247/300
[2023-10-16 07:37:32,838][root][INFO] - train:
[2023-10-16 07:38:34,202][root][INFO] - val:
[2023-10-16 07:38:36,138][root][INFO] - ===> epoch: 248/300
[2023-10-16 07:38:36,138][root][INFO] - train:
[2023-10-16 07:39:36,252][root][INFO] - val:
[2023-10-16 07:39:38,179][root][INFO] - ===> epoch: 249/300
[2023-10-16 07:39:38,179][root][INFO] - train:
[2023-10-16 07:40:38,029][root][INFO] - val:
[2023-10-16 07:40:39,889][root][INFO] - ===> epoch: 250/300
[2023-10-16 07:40:39,890][root][INFO] - train:
[2023-10-16 07:41:42,008][root][INFO] - val:
[2023-10-16 07:41:44,015][root][INFO] - Checkpoint saved to C:\Users\GeorgeS\Documents\facultate\master\projects\data\model_weights\CIFAR-10/PreResNet/baseline\2525\model_250_0.pth
[2023-10-16 07:41:44,016][root][INFO] - ===> epoch: 251/300
[2023-10-16 07:41:44,017][root][INFO] - train:
[2023-10-16 07:42:45,411][root][INFO] - val:
[2023-10-16 07:42:47,290][root][INFO] - ===> epoch: 252/300
[2023-10-16 07:42:47,291][root][INFO] - train:
[2023-10-16 07:43:47,868][root][INFO] - val:
[2023-10-16 07:43:49,804][root][INFO] - ===> epoch: 253/300
[2023-10-16 07:43:49,804][root][INFO] - train:
[2023-10-16 07:44:51,011][root][INFO] - val:
[2023-10-16 07:44:52,926][root][INFO] - ===> epoch: 254/300
[2023-10-16 07:44:52,927][root][INFO] - train:
[2023-10-16 07:45:54,908][root][INFO] - val:
[2023-10-16 07:45:56,818][root][INFO] - ===> epoch: 255/300
[2023-10-16 07:45:56,818][root][INFO] - train:
[2023-10-16 07:46:56,646][root][INFO] - val:
[2023-10-16 07:46:58,563][root][INFO] - ===> epoch: 256/300
[2023-10-16 07:46:58,563][root][INFO] - train:
[2023-10-16 07:47:58,963][root][INFO] - val:
[2023-10-16 07:48:00,855][root][INFO] - ===> epoch: 257/300
[2023-10-16 07:48:00,856][root][INFO] - train:
[2023-10-16 07:49:02,655][root][INFO] - val:
[2023-10-16 07:49:04,588][root][INFO] - ===> epoch: 258/300
[2023-10-16 07:49:04,588][root][INFO] - train:
[2023-10-16 07:50:06,038][root][INFO] - val:
[2023-10-16 07:50:07,973][root][INFO] - ===> epoch: 259/300
[2023-10-16 07:50:07,973][root][INFO] - train:
[2023-10-16 07:51:08,663][root][INFO] - val:
[2023-10-16 07:51:10,578][root][INFO] - ===> epoch: 260/300
[2023-10-16 07:51:10,579][root][INFO] - train:
[2023-10-16 07:52:09,724][root][INFO] - val:
[2023-10-16 07:52:11,706][root][INFO] - Checkpoint saved to C:\Users\GeorgeS\Documents\facultate\master\projects\data\model_weights\CIFAR-10/PreResNet/baseline\2525\model_260_0.pth
[2023-10-16 07:52:11,707][root][INFO] - ===> epoch: 261/300
[2023-10-16 07:52:11,707][root][INFO] - train:
[2023-10-16 07:53:12,590][root][INFO] - val:
[2023-10-16 07:53:14,501][root][INFO] - ===> epoch: 262/300
[2023-10-16 07:53:14,501][root][INFO] - train:
[2023-10-16 07:54:14,028][root][INFO] - val:
[2023-10-16 07:54:15,932][root][INFO] - ===> epoch: 263/300
[2023-10-16 07:54:15,933][root][INFO] - train:
[2023-10-16 07:55:17,300][root][INFO] - val:
[2023-10-16 07:55:19,234][root][INFO] - ===> epoch: 264/300
[2023-10-16 07:55:19,234][root][INFO] - train:
[2023-10-16 07:56:20,166][root][INFO] - val:
[2023-10-16 07:56:22,079][root][INFO] - ===> epoch: 265/300
[2023-10-16 07:56:22,080][root][INFO] - train:
[2023-10-16 07:57:21,490][root][INFO] - val:
[2023-10-16 07:57:23,421][root][INFO] - ===> epoch: 266/300
[2023-10-16 07:57:23,422][root][INFO] - train:
[2023-10-16 07:58:25,244][root][INFO] - val:
[2023-10-16 07:58:27,159][root][INFO] - ===> epoch: 267/300
[2023-10-16 07:58:27,159][root][INFO] - train:
[2023-10-16 07:59:28,291][root][INFO] - val:
[2023-10-16 07:59:30,167][root][INFO] - ===> epoch: 268/300
[2023-10-16 07:59:30,167][root][INFO] - train:
[2023-10-16 08:00:29,262][root][INFO] - val:
[2023-10-16 08:00:31,191][root][INFO] - ===> epoch: 269/300
[2023-10-16 08:00:31,191][root][INFO] - train:
[2023-10-16 08:01:32,504][root][INFO] - val:
[2023-10-16 08:01:34,441][root][INFO] - ===> epoch: 270/300
[2023-10-16 08:01:34,442][root][INFO] - train:
[2023-10-16 08:02:34,760][root][INFO] - val:
[2023-10-16 08:02:36,747][root][INFO] - Checkpoint saved to C:\Users\GeorgeS\Documents\facultate\master\projects\data\model_weights\CIFAR-10/PreResNet/baseline\2525\model_270_0.pth
[2023-10-16 08:02:36,748][root][INFO] - ===> epoch: 271/300
[2023-10-16 08:02:36,748][root][INFO] - train:
[2023-10-16 08:03:37,418][root][INFO] - val:
[2023-10-16 08:03:39,350][root][INFO] - ===> epoch: 272/300
[2023-10-16 08:03:39,351][root][INFO] - train:
[2023-10-16 08:04:40,191][root][INFO] - val:
[2023-10-16 08:04:42,083][root][INFO] - ===> epoch: 273/300
[2023-10-16 08:04:42,084][root][INFO] - train:
[2023-10-16 08:05:43,597][root][INFO] - val:
[2023-10-16 08:05:45,691][root][INFO] - ===> epoch: 274/300
[2023-10-16 08:05:45,691][root][INFO] - train:
[2023-10-16 08:06:46,449][root][INFO] - val:
[2023-10-16 08:06:48,388][root][INFO] - ===> epoch: 275/300
[2023-10-16 08:06:48,389][root][INFO] - train:
[2023-10-16 08:07:50,246][root][INFO] - val:
[2023-10-16 08:07:52,072][root][INFO] - ===> epoch: 276/300
[2023-10-16 08:07:52,073][root][INFO] - train:
[2023-10-16 08:08:52,925][root][INFO] - val:
[2023-10-16 08:08:54,791][root][INFO] - ===> epoch: 277/300
[2023-10-16 08:08:54,791][root][INFO] - train:
[2023-10-16 08:09:54,482][root][INFO] - val:
[2023-10-16 08:09:56,541][root][INFO] - ===> epoch: 278/300
[2023-10-16 08:09:56,542][root][INFO] - train:
[2023-10-16 08:10:56,621][root][INFO] - val:
[2023-10-16 08:10:58,557][root][INFO] - ===> epoch: 279/300
[2023-10-16 08:10:58,558][root][INFO] - train:
[2023-10-16 08:12:00,270][root][INFO] - val:
[2023-10-16 08:12:02,153][root][INFO] - ===> epoch: 280/300
[2023-10-16 08:12:02,153][root][INFO] - train:
[2023-10-16 08:13:02,824][root][INFO] - val:
[2023-10-16 08:13:04,785][root][INFO] - Checkpoint saved to C:\Users\GeorgeS\Documents\facultate\master\projects\data\model_weights\CIFAR-10/PreResNet/baseline\2525\model_280_0.pth
[2023-10-16 08:13:04,786][root][INFO] - ===> epoch: 281/300
[2023-10-16 08:13:04,787][root][INFO] - train:
[2023-10-16 08:14:05,156][root][INFO] - val:
[2023-10-16 08:14:07,074][root][INFO] - ===> epoch: 282/300
[2023-10-16 08:14:07,074][root][INFO] - train:
[2023-10-16 08:15:04,978][root][INFO] - val:
[2023-10-16 08:15:06,978][root][INFO] - ===> epoch: 283/300
[2023-10-16 08:15:06,979][root][INFO] - train:
[2023-10-16 08:16:05,819][root][INFO] - val:
[2023-10-16 08:16:07,806][root][INFO] - ===> epoch: 284/300
[2023-10-16 08:16:07,806][root][INFO] - train:
[2023-10-16 08:17:06,625][root][INFO] - val:
[2023-10-16 08:17:08,624][root][INFO] - ===> epoch: 285/300
[2023-10-16 08:17:08,624][root][INFO] - train:
[2023-10-16 08:18:08,981][root][INFO] - val:
[2023-10-16 08:18:10,968][root][INFO] - ===> epoch: 286/300
[2023-10-16 08:18:10,968][root][INFO] - train:
[2023-10-16 08:19:10,634][root][INFO] - val:
[2023-10-16 08:19:12,611][root][INFO] - ===> epoch: 287/300
[2023-10-16 08:19:12,611][root][INFO] - train:
[2023-10-16 08:20:10,437][root][INFO] - val:
[2023-10-16 08:20:12,427][root][INFO] - ===> epoch: 288/300
[2023-10-16 08:20:12,428][root][INFO] - train:
[2023-10-16 08:21:11,959][root][INFO] - val:
[2023-10-16 08:21:14,153][root][INFO] - ===> epoch: 289/300
[2023-10-16 08:21:14,154][root][INFO] - train:
[2023-10-16 08:22:13,281][root][INFO] - val:
[2023-10-16 08:22:15,268][root][INFO] - ===> epoch: 290/300
[2023-10-16 08:22:15,269][root][INFO] - train:
[2023-10-16 08:23:14,367][root][INFO] - val:
[2023-10-16 08:23:16,402][root][INFO] - Checkpoint saved to C:\Users\GeorgeS\Documents\facultate\master\projects\data\model_weights\CIFAR-10/PreResNet/baseline\2525\model_290_0.pth
[2023-10-16 08:23:16,403][root][INFO] - ===> epoch: 291/300
[2023-10-16 08:23:16,404][root][INFO] - train:
[2023-10-16 08:24:15,377][root][INFO] - val:
[2023-10-16 08:24:17,345][root][INFO] - ===> epoch: 292/300
[2023-10-16 08:24:17,345][root][INFO] - train:
[2023-10-16 08:25:16,462][root][INFO] - val:
[2023-10-16 08:25:18,452][root][INFO] - ===> epoch: 293/300
[2023-10-16 08:25:18,453][root][INFO] - train:
[2023-10-16 08:26:18,605][root][INFO] - val:
[2023-10-16 08:26:20,582][root][INFO] - ===> epoch: 294/300
[2023-10-16 08:26:20,583][root][INFO] - train:
[2023-10-16 08:27:20,542][root][INFO] - val:
[2023-10-16 08:27:22,544][root][INFO] - ===> epoch: 295/300
[2023-10-16 08:27:22,545][root][INFO] - train:
[2023-10-16 08:28:20,557][root][INFO] - val:
[2023-10-16 08:28:22,705][root][INFO] - ===> epoch: 296/300
[2023-10-16 08:28:22,705][root][INFO] - train:
[2023-10-16 08:29:21,554][root][INFO] - val:
[2023-10-16 08:29:23,692][root][INFO] - ===> epoch: 297/300
[2023-10-16 08:29:23,692][root][INFO] - train:
[2023-10-16 08:30:22,471][root][INFO] - val:
[2023-10-16 08:30:24,621][root][INFO] - ===> epoch: 298/300
[2023-10-16 08:30:24,622][root][INFO] - train:
[2023-10-16 08:31:23,569][root][INFO] - val:
[2023-10-16 08:31:25,555][root][INFO] - ===> epoch: 299/300
[2023-10-16 08:31:25,556][root][INFO] - train:
[2023-10-16 08:32:24,431][root][INFO] - val:
[2023-10-16 08:32:26,425][root][INFO] - ===> BEST Val/Accuracy PERFORMANCE: 0.89590
[2023-10-16 08:32:27,144][root][INFO] - Saved best accuracy checkpoint
